[2025-03-24T21:47:08.559+0800] {processor.py:186} INFO - Started process (PID=62227) to work on /Users/dionneleow/IS3107/IS3107-group11/backend/venv/lib/python3.12/site-packages/airflow/example_dags/plugins/event_listener.py
[2025-03-24T21:47:08.560+0800] {processor.py:914} INFO - Processing file /Users/dionneleow/IS3107/IS3107-group11/backend/venv/lib/python3.12/site-packages/airflow/example_dags/plugins/event_listener.py for tasks to queue
[2025-03-24T21:47:08.561+0800] {logging_mixin.py:190} INFO - [2025-03-24T21:47:08.561+0800] {dagbag.py:588} INFO - Filling up the DagBag from /Users/dionneleow/IS3107/IS3107-group11/backend/venv/lib/python3.12/site-packages/airflow/example_dags/plugins/event_listener.py
[2025-03-24T21:47:08.561+0800] {processor.py:927} WARNING - No viable dags retrieved from /Users/dionneleow/IS3107/IS3107-group11/backend/venv/lib/python3.12/site-packages/airflow/example_dags/plugins/event_listener.py
[2025-03-24T21:47:08.590+0800] {processor.py:208} INFO - Processing /Users/dionneleow/IS3107/IS3107-group11/backend/venv/lib/python3.12/site-packages/airflow/example_dags/plugins/event_listener.py took 0.032 seconds
[2025-03-24T21:48:18.196+0800] {processor.py:186} INFO - Started process (PID=62783) to work on /Users/dionneleow/IS3107/IS3107-group11/backend/venv/lib/python3.12/site-packages/airflow/example_dags/plugins/event_listener.py
[2025-03-24T21:48:18.198+0800] {processor.py:914} INFO - Processing file /Users/dionneleow/IS3107/IS3107-group11/backend/venv/lib/python3.12/site-packages/airflow/example_dags/plugins/event_listener.py for tasks to queue
[2025-03-24T21:48:18.198+0800] {logging_mixin.py:190} INFO - [2025-03-24T21:48:18.198+0800] {dagbag.py:588} INFO - Filling up the DagBag from /Users/dionneleow/IS3107/IS3107-group11/backend/venv/lib/python3.12/site-packages/airflow/example_dags/plugins/event_listener.py
[2025-03-24T21:48:18.199+0800] {processor.py:927} WARNING - No viable dags retrieved from /Users/dionneleow/IS3107/IS3107-group11/backend/venv/lib/python3.12/site-packages/airflow/example_dags/plugins/event_listener.py
[2025-03-24T21:48:18.249+0800] {processor.py:208} INFO - Processing /Users/dionneleow/IS3107/IS3107-group11/backend/venv/lib/python3.12/site-packages/airflow/example_dags/plugins/event_listener.py took 0.054 seconds
[2025-03-24T21:50:08.774+0800] {processor.py:186} INFO - Started process (PID=63588) to work on /Users/dionneleow/IS3107/IS3107-group11/backend/venv/lib/python3.12/site-packages/airflow/example_dags/plugins/event_listener.py
[2025-03-24T21:50:08.775+0800] {processor.py:914} INFO - Processing file /Users/dionneleow/IS3107/IS3107-group11/backend/venv/lib/python3.12/site-packages/airflow/example_dags/plugins/event_listener.py for tasks to queue
[2025-03-24T21:50:08.775+0800] {logging_mixin.py:190} INFO - [2025-03-24T21:50:08.775+0800] {dagbag.py:588} INFO - Filling up the DagBag from /Users/dionneleow/IS3107/IS3107-group11/backend/venv/lib/python3.12/site-packages/airflow/example_dags/plugins/event_listener.py
[2025-03-24T21:50:08.776+0800] {processor.py:927} WARNING - No viable dags retrieved from /Users/dionneleow/IS3107/IS3107-group11/backend/venv/lib/python3.12/site-packages/airflow/example_dags/plugins/event_listener.py
[2025-03-24T21:50:08.806+0800] {processor.py:208} INFO - Processing /Users/dionneleow/IS3107/IS3107-group11/backend/venv/lib/python3.12/site-packages/airflow/example_dags/plugins/event_listener.py took 0.033 seconds
[2025-03-24T21:51:26.207+0800] {processor.py:186} INFO - Started process (PID=64168) to work on /Users/dionneleow/IS3107/IS3107-group11/backend/venv/lib/python3.12/site-packages/airflow/example_dags/plugins/event_listener.py
[2025-03-24T21:51:26.208+0800] {processor.py:914} INFO - Processing file /Users/dionneleow/IS3107/IS3107-group11/backend/venv/lib/python3.12/site-packages/airflow/example_dags/plugins/event_listener.py for tasks to queue
[2025-03-24T21:51:26.208+0800] {logging_mixin.py:190} INFO - [2025-03-24T21:51:26.208+0800] {dagbag.py:588} INFO - Filling up the DagBag from /Users/dionneleow/IS3107/IS3107-group11/backend/venv/lib/python3.12/site-packages/airflow/example_dags/plugins/event_listener.py
[2025-03-24T21:51:26.209+0800] {processor.py:927} WARNING - No viable dags retrieved from /Users/dionneleow/IS3107/IS3107-group11/backend/venv/lib/python3.12/site-packages/airflow/example_dags/plugins/event_listener.py
[2025-03-24T21:51:26.239+0800] {processor.py:208} INFO - Processing /Users/dionneleow/IS3107/IS3107-group11/backend/venv/lib/python3.12/site-packages/airflow/example_dags/plugins/event_listener.py took 0.033 seconds
[2025-03-24T21:52:35.765+0800] {processor.py:186} INFO - Started process (PID=64574) to work on /Users/dionneleow/IS3107/IS3107-group11/backend/venv/lib/python3.12/site-packages/airflow/example_dags/plugins/event_listener.py
[2025-03-24T21:52:35.765+0800] {processor.py:914} INFO - Processing file /Users/dionneleow/IS3107/IS3107-group11/backend/venv/lib/python3.12/site-packages/airflow/example_dags/plugins/event_listener.py for tasks to queue
[2025-03-24T21:52:35.766+0800] {logging_mixin.py:190} INFO - [2025-03-24T21:52:35.766+0800] {dagbag.py:588} INFO - Filling up the DagBag from /Users/dionneleow/IS3107/IS3107-group11/backend/venv/lib/python3.12/site-packages/airflow/example_dags/plugins/event_listener.py
[2025-03-24T21:52:35.766+0800] {processor.py:927} WARNING - No viable dags retrieved from /Users/dionneleow/IS3107/IS3107-group11/backend/venv/lib/python3.12/site-packages/airflow/example_dags/plugins/event_listener.py
[2025-03-24T21:52:35.795+0800] {processor.py:208} INFO - Processing /Users/dionneleow/IS3107/IS3107-group11/backend/venv/lib/python3.12/site-packages/airflow/example_dags/plugins/event_listener.py took 0.032 seconds
[2025-03-24T21:53:43.106+0800] {processor.py:186} INFO - Started process (PID=64984) to work on /Users/dionneleow/IS3107/IS3107-group11/backend/venv/lib/python3.12/site-packages/airflow/example_dags/plugins/event_listener.py
[2025-03-24T21:53:43.107+0800] {processor.py:914} INFO - Processing file /Users/dionneleow/IS3107/IS3107-group11/backend/venv/lib/python3.12/site-packages/airflow/example_dags/plugins/event_listener.py for tasks to queue
[2025-03-24T21:53:43.108+0800] {logging_mixin.py:190} INFO - [2025-03-24T21:53:43.108+0800] {dagbag.py:588} INFO - Filling up the DagBag from /Users/dionneleow/IS3107/IS3107-group11/backend/venv/lib/python3.12/site-packages/airflow/example_dags/plugins/event_listener.py
[2025-03-24T21:53:43.108+0800] {processor.py:927} WARNING - No viable dags retrieved from /Users/dionneleow/IS3107/IS3107-group11/backend/venv/lib/python3.12/site-packages/airflow/example_dags/plugins/event_listener.py
[2025-03-24T21:53:43.142+0800] {processor.py:208} INFO - Processing /Users/dionneleow/IS3107/IS3107-group11/backend/venv/lib/python3.12/site-packages/airflow/example_dags/plugins/event_listener.py took 0.037 seconds
[2025-03-24T21:54:51.214+0800] {processor.py:186} INFO - Started process (PID=65399) to work on /Users/dionneleow/IS3107/IS3107-group11/backend/venv/lib/python3.12/site-packages/airflow/example_dags/plugins/event_listener.py
[2025-03-24T21:54:51.215+0800] {processor.py:914} INFO - Processing file /Users/dionneleow/IS3107/IS3107-group11/backend/venv/lib/python3.12/site-packages/airflow/example_dags/plugins/event_listener.py for tasks to queue
[2025-03-24T21:54:51.215+0800] {logging_mixin.py:190} INFO - [2025-03-24T21:54:51.215+0800] {dagbag.py:588} INFO - Filling up the DagBag from /Users/dionneleow/IS3107/IS3107-group11/backend/venv/lib/python3.12/site-packages/airflow/example_dags/plugins/event_listener.py
[2025-03-24T21:54:51.216+0800] {processor.py:927} WARNING - No viable dags retrieved from /Users/dionneleow/IS3107/IS3107-group11/backend/venv/lib/python3.12/site-packages/airflow/example_dags/plugins/event_listener.py
[2025-03-24T21:54:51.254+0800] {processor.py:208} INFO - Processing /Users/dionneleow/IS3107/IS3107-group11/backend/venv/lib/python3.12/site-packages/airflow/example_dags/plugins/event_listener.py took 0.040 seconds
[2025-03-24T21:56:00.835+0800] {processor.py:186} INFO - Started process (PID=65854) to work on /Users/dionneleow/IS3107/IS3107-group11/backend/venv/lib/python3.12/site-packages/airflow/example_dags/plugins/event_listener.py
[2025-03-24T21:56:00.835+0800] {processor.py:914} INFO - Processing file /Users/dionneleow/IS3107/IS3107-group11/backend/venv/lib/python3.12/site-packages/airflow/example_dags/plugins/event_listener.py for tasks to queue
[2025-03-24T21:56:00.836+0800] {logging_mixin.py:190} INFO - [2025-03-24T21:56:00.836+0800] {dagbag.py:588} INFO - Filling up the DagBag from /Users/dionneleow/IS3107/IS3107-group11/backend/venv/lib/python3.12/site-packages/airflow/example_dags/plugins/event_listener.py
[2025-03-24T21:56:00.836+0800] {processor.py:927} WARNING - No viable dags retrieved from /Users/dionneleow/IS3107/IS3107-group11/backend/venv/lib/python3.12/site-packages/airflow/example_dags/plugins/event_listener.py
[2025-03-24T21:56:00.864+0800] {processor.py:208} INFO - Processing /Users/dionneleow/IS3107/IS3107-group11/backend/venv/lib/python3.12/site-packages/airflow/example_dags/plugins/event_listener.py took 0.031 seconds
[2025-03-24T21:57:09.725+0800] {processor.py:186} INFO - Started process (PID=66295) to work on /Users/dionneleow/IS3107/IS3107-group11/backend/venv/lib/python3.12/site-packages/airflow/example_dags/plugins/event_listener.py
[2025-03-24T21:57:09.726+0800] {processor.py:914} INFO - Processing file /Users/dionneleow/IS3107/IS3107-group11/backend/venv/lib/python3.12/site-packages/airflow/example_dags/plugins/event_listener.py for tasks to queue
[2025-03-24T21:57:09.726+0800] {logging_mixin.py:190} INFO - [2025-03-24T21:57:09.726+0800] {dagbag.py:588} INFO - Filling up the DagBag from /Users/dionneleow/IS3107/IS3107-group11/backend/venv/lib/python3.12/site-packages/airflow/example_dags/plugins/event_listener.py
[2025-03-24T21:57:09.727+0800] {processor.py:927} WARNING - No viable dags retrieved from /Users/dionneleow/IS3107/IS3107-group11/backend/venv/lib/python3.12/site-packages/airflow/example_dags/plugins/event_listener.py
[2025-03-24T21:57:09.756+0800] {processor.py:208} INFO - Processing /Users/dionneleow/IS3107/IS3107-group11/backend/venv/lib/python3.12/site-packages/airflow/example_dags/plugins/event_listener.py took 0.033 seconds
