[2025-03-24T21:47:06.613+0800] {processor.py:186} INFO - Started process (PID=62206) to work on /Users/dionneleow/IS3107/IS3107-group11/backend/venv/lib/python3.12/site-packages/airflow/example_dags/plugins/listener_plugin.py
[2025-03-24T21:47:06.614+0800] {processor.py:914} INFO - Processing file /Users/dionneleow/IS3107/IS3107-group11/backend/venv/lib/python3.12/site-packages/airflow/example_dags/plugins/listener_plugin.py for tasks to queue
[2025-03-24T21:47:06.614+0800] {logging_mixin.py:190} INFO - [2025-03-24T21:47:06.614+0800] {dagbag.py:588} INFO - Filling up the DagBag from /Users/dionneleow/IS3107/IS3107-group11/backend/venv/lib/python3.12/site-packages/airflow/example_dags/plugins/listener_plugin.py
[2025-03-24T21:47:06.615+0800] {processor.py:927} WARNING - No viable dags retrieved from /Users/dionneleow/IS3107/IS3107-group11/backend/venv/lib/python3.12/site-packages/airflow/example_dags/plugins/listener_plugin.py
[2025-03-24T21:47:06.646+0800] {processor.py:208} INFO - Processing /Users/dionneleow/IS3107/IS3107-group11/backend/venv/lib/python3.12/site-packages/airflow/example_dags/plugins/listener_plugin.py took 0.035 seconds
[2025-03-24T21:48:15.930+0800] {processor.py:186} INFO - Started process (PID=62769) to work on /Users/dionneleow/IS3107/IS3107-group11/backend/venv/lib/python3.12/site-packages/airflow/example_dags/plugins/listener_plugin.py
[2025-03-24T21:48:15.935+0800] {processor.py:914} INFO - Processing file /Users/dionneleow/IS3107/IS3107-group11/backend/venv/lib/python3.12/site-packages/airflow/example_dags/plugins/listener_plugin.py for tasks to queue
[2025-03-24T21:48:15.936+0800] {logging_mixin.py:190} INFO - [2025-03-24T21:48:15.936+0800] {dagbag.py:588} INFO - Filling up the DagBag from /Users/dionneleow/IS3107/IS3107-group11/backend/venv/lib/python3.12/site-packages/airflow/example_dags/plugins/listener_plugin.py
[2025-03-24T21:48:15.938+0800] {processor.py:927} WARNING - No viable dags retrieved from /Users/dionneleow/IS3107/IS3107-group11/backend/venv/lib/python3.12/site-packages/airflow/example_dags/plugins/listener_plugin.py
[2025-03-24T21:48:15.997+0800] {processor.py:208} INFO - Processing /Users/dionneleow/IS3107/IS3107-group11/backend/venv/lib/python3.12/site-packages/airflow/example_dags/plugins/listener_plugin.py took 0.073 seconds
[2025-03-24T21:50:07.627+0800] {processor.py:186} INFO - Started process (PID=63580) to work on /Users/dionneleow/IS3107/IS3107-group11/backend/venv/lib/python3.12/site-packages/airflow/example_dags/plugins/listener_plugin.py
[2025-03-24T21:50:07.628+0800] {processor.py:914} INFO - Processing file /Users/dionneleow/IS3107/IS3107-group11/backend/venv/lib/python3.12/site-packages/airflow/example_dags/plugins/listener_plugin.py for tasks to queue
[2025-03-24T21:50:07.628+0800] {logging_mixin.py:190} INFO - [2025-03-24T21:50:07.628+0800] {dagbag.py:588} INFO - Filling up the DagBag from /Users/dionneleow/IS3107/IS3107-group11/backend/venv/lib/python3.12/site-packages/airflow/example_dags/plugins/listener_plugin.py
[2025-03-24T21:50:07.629+0800] {processor.py:927} WARNING - No viable dags retrieved from /Users/dionneleow/IS3107/IS3107-group11/backend/venv/lib/python3.12/site-packages/airflow/example_dags/plugins/listener_plugin.py
[2025-03-24T21:50:07.660+0800] {processor.py:208} INFO - Processing /Users/dionneleow/IS3107/IS3107-group11/backend/venv/lib/python3.12/site-packages/airflow/example_dags/plugins/listener_plugin.py took 0.034 seconds
[2025-03-24T21:51:24.360+0800] {processor.py:186} INFO - Started process (PID=64158) to work on /Users/dionneleow/IS3107/IS3107-group11/backend/venv/lib/python3.12/site-packages/airflow/example_dags/plugins/listener_plugin.py
[2025-03-24T21:51:24.361+0800] {processor.py:914} INFO - Processing file /Users/dionneleow/IS3107/IS3107-group11/backend/venv/lib/python3.12/site-packages/airflow/example_dags/plugins/listener_plugin.py for tasks to queue
[2025-03-24T21:51:24.362+0800] {logging_mixin.py:190} INFO - [2025-03-24T21:51:24.362+0800] {dagbag.py:588} INFO - Filling up the DagBag from /Users/dionneleow/IS3107/IS3107-group11/backend/venv/lib/python3.12/site-packages/airflow/example_dags/plugins/listener_plugin.py
[2025-03-24T21:51:24.362+0800] {processor.py:927} WARNING - No viable dags retrieved from /Users/dionneleow/IS3107/IS3107-group11/backend/venv/lib/python3.12/site-packages/airflow/example_dags/plugins/listener_plugin.py
[2025-03-24T21:51:24.391+0800] {processor.py:208} INFO - Processing /Users/dionneleow/IS3107/IS3107-group11/backend/venv/lib/python3.12/site-packages/airflow/example_dags/plugins/listener_plugin.py took 0.033 seconds
[2025-03-24T21:52:34.646+0800] {processor.py:186} INFO - Started process (PID=64565) to work on /Users/dionneleow/IS3107/IS3107-group11/backend/venv/lib/python3.12/site-packages/airflow/example_dags/plugins/listener_plugin.py
[2025-03-24T21:52:34.647+0800] {processor.py:914} INFO - Processing file /Users/dionneleow/IS3107/IS3107-group11/backend/venv/lib/python3.12/site-packages/airflow/example_dags/plugins/listener_plugin.py for tasks to queue
[2025-03-24T21:52:34.647+0800] {logging_mixin.py:190} INFO - [2025-03-24T21:52:34.647+0800] {dagbag.py:588} INFO - Filling up the DagBag from /Users/dionneleow/IS3107/IS3107-group11/backend/venv/lib/python3.12/site-packages/airflow/example_dags/plugins/listener_plugin.py
[2025-03-24T21:52:34.648+0800] {processor.py:927} WARNING - No viable dags retrieved from /Users/dionneleow/IS3107/IS3107-group11/backend/venv/lib/python3.12/site-packages/airflow/example_dags/plugins/listener_plugin.py
[2025-03-24T21:52:34.681+0800] {processor.py:208} INFO - Processing /Users/dionneleow/IS3107/IS3107-group11/backend/venv/lib/python3.12/site-packages/airflow/example_dags/plugins/listener_plugin.py took 0.037 seconds
[2025-03-24T21:53:41.240+0800] {processor.py:186} INFO - Started process (PID=64971) to work on /Users/dionneleow/IS3107/IS3107-group11/backend/venv/lib/python3.12/site-packages/airflow/example_dags/plugins/listener_plugin.py
[2025-03-24T21:53:41.241+0800] {processor.py:914} INFO - Processing file /Users/dionneleow/IS3107/IS3107-group11/backend/venv/lib/python3.12/site-packages/airflow/example_dags/plugins/listener_plugin.py for tasks to queue
[2025-03-24T21:53:41.241+0800] {logging_mixin.py:190} INFO - [2025-03-24T21:53:41.241+0800] {dagbag.py:588} INFO - Filling up the DagBag from /Users/dionneleow/IS3107/IS3107-group11/backend/venv/lib/python3.12/site-packages/airflow/example_dags/plugins/listener_plugin.py
[2025-03-24T21:53:41.242+0800] {processor.py:927} WARNING - No viable dags retrieved from /Users/dionneleow/IS3107/IS3107-group11/backend/venv/lib/python3.12/site-packages/airflow/example_dags/plugins/listener_plugin.py
[2025-03-24T21:53:41.273+0800] {processor.py:208} INFO - Processing /Users/dionneleow/IS3107/IS3107-group11/backend/venv/lib/python3.12/site-packages/airflow/example_dags/plugins/listener_plugin.py took 0.034 seconds
[2025-03-24T21:54:49.252+0800] {processor.py:186} INFO - Started process (PID=65388) to work on /Users/dionneleow/IS3107/IS3107-group11/backend/venv/lib/python3.12/site-packages/airflow/example_dags/plugins/listener_plugin.py
[2025-03-24T21:54:49.253+0800] {processor.py:914} INFO - Processing file /Users/dionneleow/IS3107/IS3107-group11/backend/venv/lib/python3.12/site-packages/airflow/example_dags/plugins/listener_plugin.py for tasks to queue
[2025-03-24T21:54:49.253+0800] {logging_mixin.py:190} INFO - [2025-03-24T21:54:49.253+0800] {dagbag.py:588} INFO - Filling up the DagBag from /Users/dionneleow/IS3107/IS3107-group11/backend/venv/lib/python3.12/site-packages/airflow/example_dags/plugins/listener_plugin.py
[2025-03-24T21:54:49.254+0800] {processor.py:927} WARNING - No viable dags retrieved from /Users/dionneleow/IS3107/IS3107-group11/backend/venv/lib/python3.12/site-packages/airflow/example_dags/plugins/listener_plugin.py
[2025-03-24T21:54:49.288+0800] {processor.py:208} INFO - Processing /Users/dionneleow/IS3107/IS3107-group11/backend/venv/lib/python3.12/site-packages/airflow/example_dags/plugins/listener_plugin.py took 0.037 seconds
[2025-03-24T21:55:59.042+0800] {processor.py:186} INFO - Started process (PID=65845) to work on /Users/dionneleow/IS3107/IS3107-group11/backend/venv/lib/python3.12/site-packages/airflow/example_dags/plugins/listener_plugin.py
[2025-03-24T21:55:59.043+0800] {processor.py:914} INFO - Processing file /Users/dionneleow/IS3107/IS3107-group11/backend/venv/lib/python3.12/site-packages/airflow/example_dags/plugins/listener_plugin.py for tasks to queue
[2025-03-24T21:55:59.044+0800] {logging_mixin.py:190} INFO - [2025-03-24T21:55:59.044+0800] {dagbag.py:588} INFO - Filling up the DagBag from /Users/dionneleow/IS3107/IS3107-group11/backend/venv/lib/python3.12/site-packages/airflow/example_dags/plugins/listener_plugin.py
[2025-03-24T21:55:59.044+0800] {processor.py:927} WARNING - No viable dags retrieved from /Users/dionneleow/IS3107/IS3107-group11/backend/venv/lib/python3.12/site-packages/airflow/example_dags/plugins/listener_plugin.py
[2025-03-24T21:55:59.072+0800] {processor.py:208} INFO - Processing /Users/dionneleow/IS3107/IS3107-group11/backend/venv/lib/python3.12/site-packages/airflow/example_dags/plugins/listener_plugin.py took 0.031 seconds
[2025-03-24T21:57:08.884+0800] {processor.py:186} INFO - Started process (PID=66286) to work on /Users/dionneleow/IS3107/IS3107-group11/backend/venv/lib/python3.12/site-packages/airflow/example_dags/plugins/listener_plugin.py
[2025-03-24T21:57:08.885+0800] {processor.py:914} INFO - Processing file /Users/dionneleow/IS3107/IS3107-group11/backend/venv/lib/python3.12/site-packages/airflow/example_dags/plugins/listener_plugin.py for tasks to queue
[2025-03-24T21:57:08.885+0800] {logging_mixin.py:190} INFO - [2025-03-24T21:57:08.885+0800] {dagbag.py:588} INFO - Filling up the DagBag from /Users/dionneleow/IS3107/IS3107-group11/backend/venv/lib/python3.12/site-packages/airflow/example_dags/plugins/listener_plugin.py
[2025-03-24T21:57:08.886+0800] {processor.py:927} WARNING - No viable dags retrieved from /Users/dionneleow/IS3107/IS3107-group11/backend/venv/lib/python3.12/site-packages/airflow/example_dags/plugins/listener_plugin.py
[2025-03-24T21:57:08.914+0800] {processor.py:208} INFO - Processing /Users/dionneleow/IS3107/IS3107-group11/backend/venv/lib/python3.12/site-packages/airflow/example_dags/plugins/listener_plugin.py took 0.031 seconds
[2025-03-24T21:58:17.163+0800] {processor.py:186} INFO - Started process (PID=66756) to work on /Users/dionneleow/IS3107/IS3107-group11/backend/venv/lib/python3.12/site-packages/airflow/example_dags/plugins/listener_plugin.py
[2025-03-24T21:58:17.163+0800] {processor.py:914} INFO - Processing file /Users/dionneleow/IS3107/IS3107-group11/backend/venv/lib/python3.12/site-packages/airflow/example_dags/plugins/listener_plugin.py for tasks to queue
[2025-03-24T21:58:17.164+0800] {logging_mixin.py:190} INFO - [2025-03-24T21:58:17.163+0800] {dagbag.py:588} INFO - Filling up the DagBag from /Users/dionneleow/IS3107/IS3107-group11/backend/venv/lib/python3.12/site-packages/airflow/example_dags/plugins/listener_plugin.py
[2025-03-24T21:58:17.164+0800] {processor.py:927} WARNING - No viable dags retrieved from /Users/dionneleow/IS3107/IS3107-group11/backend/venv/lib/python3.12/site-packages/airflow/example_dags/plugins/listener_plugin.py
[2025-03-24T21:58:17.192+0800] {processor.py:208} INFO - Processing /Users/dionneleow/IS3107/IS3107-group11/backend/venv/lib/python3.12/site-packages/airflow/example_dags/plugins/listener_plugin.py took 0.031 seconds
[2025-03-24T21:59:24.589+0800] {processor.py:186} INFO - Started process (PID=67087) to work on /Users/dionneleow/IS3107/IS3107-group11/backend/venv/lib/python3.12/site-packages/airflow/example_dags/plugins/listener_plugin.py
[2025-03-24T21:59:24.590+0800] {processor.py:914} INFO - Processing file /Users/dionneleow/IS3107/IS3107-group11/backend/venv/lib/python3.12/site-packages/airflow/example_dags/plugins/listener_plugin.py for tasks to queue
[2025-03-24T21:59:24.591+0800] {logging_mixin.py:190} INFO - [2025-03-24T21:59:24.590+0800] {dagbag.py:588} INFO - Filling up the DagBag from /Users/dionneleow/IS3107/IS3107-group11/backend/venv/lib/python3.12/site-packages/airflow/example_dags/plugins/listener_plugin.py
[2025-03-24T21:59:24.592+0800] {processor.py:927} WARNING - No viable dags retrieved from /Users/dionneleow/IS3107/IS3107-group11/backend/venv/lib/python3.12/site-packages/airflow/example_dags/plugins/listener_plugin.py
[2025-03-24T21:59:24.620+0800] {processor.py:208} INFO - Processing /Users/dionneleow/IS3107/IS3107-group11/backend/venv/lib/python3.12/site-packages/airflow/example_dags/plugins/listener_plugin.py took 0.033 seconds
[2025-03-24T22:00:25.100+0800] {processor.py:186} INFO - Started process (PID=67433) to work on /Users/dionneleow/IS3107/IS3107-group11/backend/venv/lib/python3.12/site-packages/airflow/example_dags/plugins/listener_plugin.py
[2025-03-24T22:00:25.101+0800] {processor.py:914} INFO - Processing file /Users/dionneleow/IS3107/IS3107-group11/backend/venv/lib/python3.12/site-packages/airflow/example_dags/plugins/listener_plugin.py for tasks to queue
[2025-03-24T22:00:25.102+0800] {logging_mixin.py:190} INFO - [2025-03-24T22:00:25.101+0800] {dagbag.py:588} INFO - Filling up the DagBag from /Users/dionneleow/IS3107/IS3107-group11/backend/venv/lib/python3.12/site-packages/airflow/example_dags/plugins/listener_plugin.py
[2025-03-24T22:00:25.103+0800] {processor.py:927} WARNING - No viable dags retrieved from /Users/dionneleow/IS3107/IS3107-group11/backend/venv/lib/python3.12/site-packages/airflow/example_dags/plugins/listener_plugin.py
[2025-03-24T22:00:25.134+0800] {processor.py:208} INFO - Processing /Users/dionneleow/IS3107/IS3107-group11/backend/venv/lib/python3.12/site-packages/airflow/example_dags/plugins/listener_plugin.py took 0.035 seconds
[2025-03-24T22:01:29.125+0800] {processor.py:186} INFO - Started process (PID=67820) to work on /Users/dionneleow/IS3107/IS3107-group11/backend/venv/lib/python3.12/site-packages/airflow/example_dags/plugins/listener_plugin.py
[2025-03-24T22:01:29.126+0800] {processor.py:914} INFO - Processing file /Users/dionneleow/IS3107/IS3107-group11/backend/venv/lib/python3.12/site-packages/airflow/example_dags/plugins/listener_plugin.py for tasks to queue
[2025-03-24T22:01:29.126+0800] {logging_mixin.py:190} INFO - [2025-03-24T22:01:29.126+0800] {dagbag.py:588} INFO - Filling up the DagBag from /Users/dionneleow/IS3107/IS3107-group11/backend/venv/lib/python3.12/site-packages/airflow/example_dags/plugins/listener_plugin.py
[2025-03-24T22:01:29.127+0800] {processor.py:927} WARNING - No viable dags retrieved from /Users/dionneleow/IS3107/IS3107-group11/backend/venv/lib/python3.12/site-packages/airflow/example_dags/plugins/listener_plugin.py
[2025-03-24T22:01:29.155+0800] {processor.py:208} INFO - Processing /Users/dionneleow/IS3107/IS3107-group11/backend/venv/lib/python3.12/site-packages/airflow/example_dags/plugins/listener_plugin.py took 0.031 seconds
[2025-03-24T22:02:33.812+0800] {processor.py:186} INFO - Started process (PID=68197) to work on /Users/dionneleow/IS3107/IS3107-group11/backend/venv/lib/python3.12/site-packages/airflow/example_dags/plugins/listener_plugin.py
[2025-03-24T22:02:33.812+0800] {processor.py:914} INFO - Processing file /Users/dionneleow/IS3107/IS3107-group11/backend/venv/lib/python3.12/site-packages/airflow/example_dags/plugins/listener_plugin.py for tasks to queue
[2025-03-24T22:02:33.812+0800] {logging_mixin.py:190} INFO - [2025-03-24T22:02:33.812+0800] {dagbag.py:588} INFO - Filling up the DagBag from /Users/dionneleow/IS3107/IS3107-group11/backend/venv/lib/python3.12/site-packages/airflow/example_dags/plugins/listener_plugin.py
[2025-03-24T22:02:33.814+0800] {processor.py:927} WARNING - No viable dags retrieved from /Users/dionneleow/IS3107/IS3107-group11/backend/venv/lib/python3.12/site-packages/airflow/example_dags/plugins/listener_plugin.py
[2025-03-24T22:02:33.844+0800] {processor.py:208} INFO - Processing /Users/dionneleow/IS3107/IS3107-group11/backend/venv/lib/python3.12/site-packages/airflow/example_dags/plugins/listener_plugin.py took 0.034 seconds
[2025-03-24T22:03:42.631+0800] {processor.py:186} INFO - Started process (PID=68642) to work on /Users/dionneleow/IS3107/IS3107-group11/backend/venv/lib/python3.12/site-packages/airflow/example_dags/plugins/listener_plugin.py
[2025-03-24T22:03:42.632+0800] {processor.py:914} INFO - Processing file /Users/dionneleow/IS3107/IS3107-group11/backend/venv/lib/python3.12/site-packages/airflow/example_dags/plugins/listener_plugin.py for tasks to queue
[2025-03-24T22:03:42.633+0800] {logging_mixin.py:190} INFO - [2025-03-24T22:03:42.632+0800] {dagbag.py:588} INFO - Filling up the DagBag from /Users/dionneleow/IS3107/IS3107-group11/backend/venv/lib/python3.12/site-packages/airflow/example_dags/plugins/listener_plugin.py
[2025-03-24T22:03:42.634+0800] {processor.py:927} WARNING - No viable dags retrieved from /Users/dionneleow/IS3107/IS3107-group11/backend/venv/lib/python3.12/site-packages/airflow/example_dags/plugins/listener_plugin.py
[2025-03-24T22:03:42.662+0800] {processor.py:208} INFO - Processing /Users/dionneleow/IS3107/IS3107-group11/backend/venv/lib/python3.12/site-packages/airflow/example_dags/plugins/listener_plugin.py took 0.032 seconds
[2025-03-24T22:04:51.572+0800] {processor.py:186} INFO - Started process (PID=69023) to work on /Users/dionneleow/IS3107/IS3107-group11/backend/venv/lib/python3.12/site-packages/airflow/example_dags/plugins/listener_plugin.py
[2025-03-24T22:04:51.573+0800] {processor.py:914} INFO - Processing file /Users/dionneleow/IS3107/IS3107-group11/backend/venv/lib/python3.12/site-packages/airflow/example_dags/plugins/listener_plugin.py for tasks to queue
[2025-03-24T22:04:51.573+0800] {logging_mixin.py:190} INFO - [2025-03-24T22:04:51.573+0800] {dagbag.py:588} INFO - Filling up the DagBag from /Users/dionneleow/IS3107/IS3107-group11/backend/venv/lib/python3.12/site-packages/airflow/example_dags/plugins/listener_plugin.py
[2025-03-24T22:04:51.574+0800] {processor.py:927} WARNING - No viable dags retrieved from /Users/dionneleow/IS3107/IS3107-group11/backend/venv/lib/python3.12/site-packages/airflow/example_dags/plugins/listener_plugin.py
[2025-03-24T22:04:51.603+0800] {processor.py:208} INFO - Processing /Users/dionneleow/IS3107/IS3107-group11/backend/venv/lib/python3.12/site-packages/airflow/example_dags/plugins/listener_plugin.py took 0.032 seconds
[2025-03-24T22:05:59.493+0800] {processor.py:186} INFO - Started process (PID=69350) to work on /Users/dionneleow/IS3107/IS3107-group11/backend/venv/lib/python3.12/site-packages/airflow/example_dags/plugins/listener_plugin.py
[2025-03-24T22:05:59.494+0800] {processor.py:914} INFO - Processing file /Users/dionneleow/IS3107/IS3107-group11/backend/venv/lib/python3.12/site-packages/airflow/example_dags/plugins/listener_plugin.py for tasks to queue
[2025-03-24T22:05:59.494+0800] {logging_mixin.py:190} INFO - [2025-03-24T22:05:59.494+0800] {dagbag.py:588} INFO - Filling up the DagBag from /Users/dionneleow/IS3107/IS3107-group11/backend/venv/lib/python3.12/site-packages/airflow/example_dags/plugins/listener_plugin.py
[2025-03-24T22:05:59.496+0800] {processor.py:927} WARNING - No viable dags retrieved from /Users/dionneleow/IS3107/IS3107-group11/backend/venv/lib/python3.12/site-packages/airflow/example_dags/plugins/listener_plugin.py
[2025-03-24T22:05:59.523+0800] {processor.py:208} INFO - Processing /Users/dionneleow/IS3107/IS3107-group11/backend/venv/lib/python3.12/site-packages/airflow/example_dags/plugins/listener_plugin.py took 0.032 seconds
[2025-03-24T22:07:08.561+0800] {processor.py:186} INFO - Started process (PID=69732) to work on /Users/dionneleow/IS3107/IS3107-group11/backend/venv/lib/python3.12/site-packages/airflow/example_dags/plugins/listener_plugin.py
[2025-03-24T22:07:08.562+0800] {processor.py:914} INFO - Processing file /Users/dionneleow/IS3107/IS3107-group11/backend/venv/lib/python3.12/site-packages/airflow/example_dags/plugins/listener_plugin.py for tasks to queue
[2025-03-24T22:07:08.562+0800] {logging_mixin.py:190} INFO - [2025-03-24T22:07:08.562+0800] {dagbag.py:588} INFO - Filling up the DagBag from /Users/dionneleow/IS3107/IS3107-group11/backend/venv/lib/python3.12/site-packages/airflow/example_dags/plugins/listener_plugin.py
[2025-03-24T22:07:08.564+0800] {processor.py:927} WARNING - No viable dags retrieved from /Users/dionneleow/IS3107/IS3107-group11/backend/venv/lib/python3.12/site-packages/airflow/example_dags/plugins/listener_plugin.py
[2025-03-24T22:07:08.591+0800] {processor.py:208} INFO - Processing /Users/dionneleow/IS3107/IS3107-group11/backend/venv/lib/python3.12/site-packages/airflow/example_dags/plugins/listener_plugin.py took 0.032 seconds
[2025-03-24T22:08:20.822+0800] {processor.py:186} INFO - Started process (PID=70135) to work on /Users/dionneleow/IS3107/IS3107-group11/backend/venv/lib/python3.12/site-packages/airflow/example_dags/plugins/listener_plugin.py
[2025-03-24T22:08:20.823+0800] {processor.py:914} INFO - Processing file /Users/dionneleow/IS3107/IS3107-group11/backend/venv/lib/python3.12/site-packages/airflow/example_dags/plugins/listener_plugin.py for tasks to queue
[2025-03-24T22:08:20.823+0800] {logging_mixin.py:190} INFO - [2025-03-24T22:08:20.823+0800] {dagbag.py:588} INFO - Filling up the DagBag from /Users/dionneleow/IS3107/IS3107-group11/backend/venv/lib/python3.12/site-packages/airflow/example_dags/plugins/listener_plugin.py
[2025-03-24T22:08:20.824+0800] {processor.py:927} WARNING - No viable dags retrieved from /Users/dionneleow/IS3107/IS3107-group11/backend/venv/lib/python3.12/site-packages/airflow/example_dags/plugins/listener_plugin.py
[2025-03-24T22:08:20.852+0800] {processor.py:208} INFO - Processing /Users/dionneleow/IS3107/IS3107-group11/backend/venv/lib/python3.12/site-packages/airflow/example_dags/plugins/listener_plugin.py took 0.031 seconds
[2025-03-24T22:09:33.226+0800] {processor.py:186} INFO - Started process (PID=70513) to work on /Users/dionneleow/IS3107/IS3107-group11/backend/venv/lib/python3.12/site-packages/airflow/example_dags/plugins/listener_plugin.py
[2025-03-24T22:09:33.227+0800] {processor.py:914} INFO - Processing file /Users/dionneleow/IS3107/IS3107-group11/backend/venv/lib/python3.12/site-packages/airflow/example_dags/plugins/listener_plugin.py for tasks to queue
[2025-03-24T22:09:33.228+0800] {logging_mixin.py:190} INFO - [2025-03-24T22:09:33.227+0800] {dagbag.py:588} INFO - Filling up the DagBag from /Users/dionneleow/IS3107/IS3107-group11/backend/venv/lib/python3.12/site-packages/airflow/example_dags/plugins/listener_plugin.py
[2025-03-24T22:09:33.229+0800] {processor.py:927} WARNING - No viable dags retrieved from /Users/dionneleow/IS3107/IS3107-group11/backend/venv/lib/python3.12/site-packages/airflow/example_dags/plugins/listener_plugin.py
[2025-03-24T22:09:33.258+0800] {processor.py:208} INFO - Processing /Users/dionneleow/IS3107/IS3107-group11/backend/venv/lib/python3.12/site-packages/airflow/example_dags/plugins/listener_plugin.py took 0.033 seconds
