[2025-03-24T21:47:04.711+0800] {processor.py:186} INFO - Started process (PID=62183) to work on /Users/dionneleow/IS3107/IS3107-group11/backend/venv/lib/python3.12/site-packages/airflow/example_dags/plugins/workday.py
[2025-03-24T21:47:04.715+0800] {processor.py:914} INFO - Processing file /Users/dionneleow/IS3107/IS3107-group11/backend/venv/lib/python3.12/site-packages/airflow/example_dags/plugins/workday.py for tasks to queue
[2025-03-24T21:47:04.716+0800] {logging_mixin.py:190} INFO - [2025-03-24T21:47:04.715+0800] {dagbag.py:588} INFO - Filling up the DagBag from /Users/dionneleow/IS3107/IS3107-group11/backend/venv/lib/python3.12/site-packages/airflow/example_dags/plugins/workday.py
[2025-03-24T21:47:04.717+0800] {logging_mixin.py:190} INFO - [2025-03-24T21:47:04.717+0800] {workday.py:41} WARNING - Could not import pandas. Holidays will not be considered.
[2025-03-24T21:47:04.717+0800] {processor.py:927} WARNING - No viable dags retrieved from /Users/dionneleow/IS3107/IS3107-group11/backend/venv/lib/python3.12/site-packages/airflow/example_dags/plugins/workday.py
[2025-03-24T21:47:04.748+0800] {processor.py:208} INFO - Processing /Users/dionneleow/IS3107/IS3107-group11/backend/venv/lib/python3.12/site-packages/airflow/example_dags/plugins/workday.py took 0.041 seconds
[2025-03-24T21:48:14.177+0800] {processor.py:186} INFO - Started process (PID=62759) to work on /Users/dionneleow/IS3107/IS3107-group11/backend/venv/lib/python3.12/site-packages/airflow/example_dags/plugins/workday.py
[2025-03-24T21:48:14.177+0800] {processor.py:914} INFO - Processing file /Users/dionneleow/IS3107/IS3107-group11/backend/venv/lib/python3.12/site-packages/airflow/example_dags/plugins/workday.py for tasks to queue
[2025-03-24T21:48:14.178+0800] {logging_mixin.py:190} INFO - [2025-03-24T21:48:14.178+0800] {dagbag.py:588} INFO - Filling up the DagBag from /Users/dionneleow/IS3107/IS3107-group11/backend/venv/lib/python3.12/site-packages/airflow/example_dags/plugins/workday.py
[2025-03-24T21:48:14.178+0800] {logging_mixin.py:190} INFO - [2025-03-24T21:48:14.178+0800] {workday.py:41} WARNING - Could not import pandas. Holidays will not be considered.
[2025-03-24T21:48:14.178+0800] {processor.py:927} WARNING - No viable dags retrieved from /Users/dionneleow/IS3107/IS3107-group11/backend/venv/lib/python3.12/site-packages/airflow/example_dags/plugins/workday.py
[2025-03-24T21:48:14.215+0800] {processor.py:208} INFO - Processing /Users/dionneleow/IS3107/IS3107-group11/backend/venv/lib/python3.12/site-packages/airflow/example_dags/plugins/workday.py took 0.040 seconds
[2025-03-24T21:50:05.718+0800] {processor.py:186} INFO - Started process (PID=63552) to work on /Users/dionneleow/IS3107/IS3107-group11/backend/venv/lib/python3.12/site-packages/airflow/example_dags/plugins/workday.py
[2025-03-24T21:50:05.719+0800] {processor.py:914} INFO - Processing file /Users/dionneleow/IS3107/IS3107-group11/backend/venv/lib/python3.12/site-packages/airflow/example_dags/plugins/workday.py for tasks to queue
[2025-03-24T21:50:05.719+0800] {logging_mixin.py:190} INFO - [2025-03-24T21:50:05.719+0800] {dagbag.py:588} INFO - Filling up the DagBag from /Users/dionneleow/IS3107/IS3107-group11/backend/venv/lib/python3.12/site-packages/airflow/example_dags/plugins/workday.py
[2025-03-24T21:50:05.719+0800] {logging_mixin.py:190} INFO - [2025-03-24T21:50:05.719+0800] {workday.py:41} WARNING - Could not import pandas. Holidays will not be considered.
[2025-03-24T21:50:05.720+0800] {processor.py:927} WARNING - No viable dags retrieved from /Users/dionneleow/IS3107/IS3107-group11/backend/venv/lib/python3.12/site-packages/airflow/example_dags/plugins/workday.py
[2025-03-24T21:50:05.754+0800] {processor.py:208} INFO - Processing /Users/dionneleow/IS3107/IS3107-group11/backend/venv/lib/python3.12/site-packages/airflow/example_dags/plugins/workday.py took 0.037 seconds
[2025-03-24T21:51:22.478+0800] {processor.py:186} INFO - Started process (PID=64147) to work on /Users/dionneleow/IS3107/IS3107-group11/backend/venv/lib/python3.12/site-packages/airflow/example_dags/plugins/workday.py
[2025-03-24T21:51:22.478+0800] {processor.py:914} INFO - Processing file /Users/dionneleow/IS3107/IS3107-group11/backend/venv/lib/python3.12/site-packages/airflow/example_dags/plugins/workday.py for tasks to queue
[2025-03-24T21:51:22.479+0800] {logging_mixin.py:190} INFO - [2025-03-24T21:51:22.479+0800] {dagbag.py:588} INFO - Filling up the DagBag from /Users/dionneleow/IS3107/IS3107-group11/backend/venv/lib/python3.12/site-packages/airflow/example_dags/plugins/workday.py
[2025-03-24T21:51:22.479+0800] {logging_mixin.py:190} INFO - [2025-03-24T21:51:22.479+0800] {workday.py:41} WARNING - Could not import pandas. Holidays will not be considered.
[2025-03-24T21:51:22.480+0800] {processor.py:927} WARNING - No viable dags retrieved from /Users/dionneleow/IS3107/IS3107-group11/backend/venv/lib/python3.12/site-packages/airflow/example_dags/plugins/workday.py
[2025-03-24T21:51:22.512+0800] {processor.py:208} INFO - Processing /Users/dionneleow/IS3107/IS3107-group11/backend/venv/lib/python3.12/site-packages/airflow/example_dags/plugins/workday.py took 0.036 seconds
[2025-03-24T21:52:32.628+0800] {processor.py:186} INFO - Started process (PID=64556) to work on /Users/dionneleow/IS3107/IS3107-group11/backend/venv/lib/python3.12/site-packages/airflow/example_dags/plugins/workday.py
[2025-03-24T21:52:32.629+0800] {processor.py:914} INFO - Processing file /Users/dionneleow/IS3107/IS3107-group11/backend/venv/lib/python3.12/site-packages/airflow/example_dags/plugins/workday.py for tasks to queue
[2025-03-24T21:52:32.629+0800] {logging_mixin.py:190} INFO - [2025-03-24T21:52:32.629+0800] {dagbag.py:588} INFO - Filling up the DagBag from /Users/dionneleow/IS3107/IS3107-group11/backend/venv/lib/python3.12/site-packages/airflow/example_dags/plugins/workday.py
[2025-03-24T21:52:32.630+0800] {logging_mixin.py:190} INFO - [2025-03-24T21:52:32.630+0800] {workday.py:41} WARNING - Could not import pandas. Holidays will not be considered.
[2025-03-24T21:52:32.630+0800] {processor.py:927} WARNING - No viable dags retrieved from /Users/dionneleow/IS3107/IS3107-group11/backend/venv/lib/python3.12/site-packages/airflow/example_dags/plugins/workday.py
[2025-03-24T21:52:32.667+0800] {processor.py:208} INFO - Processing /Users/dionneleow/IS3107/IS3107-group11/backend/venv/lib/python3.12/site-packages/airflow/example_dags/plugins/workday.py took 0.040 seconds
[2025-03-24T21:53:39.859+0800] {processor.py:186} INFO - Started process (PID=64963) to work on /Users/dionneleow/IS3107/IS3107-group11/backend/venv/lib/python3.12/site-packages/airflow/example_dags/plugins/workday.py
[2025-03-24T21:53:39.859+0800] {processor.py:914} INFO - Processing file /Users/dionneleow/IS3107/IS3107-group11/backend/venv/lib/python3.12/site-packages/airflow/example_dags/plugins/workday.py for tasks to queue
[2025-03-24T21:53:39.860+0800] {logging_mixin.py:190} INFO - [2025-03-24T21:53:39.860+0800] {dagbag.py:588} INFO - Filling up the DagBag from /Users/dionneleow/IS3107/IS3107-group11/backend/venv/lib/python3.12/site-packages/airflow/example_dags/plugins/workday.py
[2025-03-24T21:53:39.860+0800] {logging_mixin.py:190} INFO - [2025-03-24T21:53:39.860+0800] {workday.py:41} WARNING - Could not import pandas. Holidays will not be considered.
[2025-03-24T21:53:39.860+0800] {processor.py:927} WARNING - No viable dags retrieved from /Users/dionneleow/IS3107/IS3107-group11/backend/venv/lib/python3.12/site-packages/airflow/example_dags/plugins/workday.py
[2025-03-24T21:53:39.892+0800] {processor.py:208} INFO - Processing /Users/dionneleow/IS3107/IS3107-group11/backend/venv/lib/python3.12/site-packages/airflow/example_dags/plugins/workday.py took 0.035 seconds
[2025-03-24T21:54:47.351+0800] {processor.py:186} INFO - Started process (PID=65377) to work on /Users/dionneleow/IS3107/IS3107-group11/backend/venv/lib/python3.12/site-packages/airflow/example_dags/plugins/workday.py
[2025-03-24T21:54:47.351+0800] {processor.py:914} INFO - Processing file /Users/dionneleow/IS3107/IS3107-group11/backend/venv/lib/python3.12/site-packages/airflow/example_dags/plugins/workday.py for tasks to queue
[2025-03-24T21:54:47.352+0800] {logging_mixin.py:190} INFO - [2025-03-24T21:54:47.351+0800] {dagbag.py:588} INFO - Filling up the DagBag from /Users/dionneleow/IS3107/IS3107-group11/backend/venv/lib/python3.12/site-packages/airflow/example_dags/plugins/workday.py
[2025-03-24T21:54:47.352+0800] {logging_mixin.py:190} INFO - [2025-03-24T21:54:47.352+0800] {workday.py:41} WARNING - Could not import pandas. Holidays will not be considered.
[2025-03-24T21:54:47.352+0800] {processor.py:927} WARNING - No viable dags retrieved from /Users/dionneleow/IS3107/IS3107-group11/backend/venv/lib/python3.12/site-packages/airflow/example_dags/plugins/workday.py
[2025-03-24T21:54:47.386+0800] {processor.py:208} INFO - Processing /Users/dionneleow/IS3107/IS3107-group11/backend/venv/lib/python3.12/site-packages/airflow/example_dags/plugins/workday.py took 0.036 seconds
[2025-03-24T21:55:57.242+0800] {processor.py:186} INFO - Started process (PID=65836) to work on /Users/dionneleow/IS3107/IS3107-group11/backend/venv/lib/python3.12/site-packages/airflow/example_dags/plugins/workday.py
[2025-03-24T21:55:57.243+0800] {processor.py:914} INFO - Processing file /Users/dionneleow/IS3107/IS3107-group11/backend/venv/lib/python3.12/site-packages/airflow/example_dags/plugins/workday.py for tasks to queue
[2025-03-24T21:55:57.243+0800] {logging_mixin.py:190} INFO - [2025-03-24T21:55:57.243+0800] {dagbag.py:588} INFO - Filling up the DagBag from /Users/dionneleow/IS3107/IS3107-group11/backend/venv/lib/python3.12/site-packages/airflow/example_dags/plugins/workday.py
[2025-03-24T21:55:57.244+0800] {logging_mixin.py:190} INFO - [2025-03-24T21:55:57.244+0800] {workday.py:41} WARNING - Could not import pandas. Holidays will not be considered.
[2025-03-24T21:55:57.244+0800] {processor.py:927} WARNING - No viable dags retrieved from /Users/dionneleow/IS3107/IS3107-group11/backend/venv/lib/python3.12/site-packages/airflow/example_dags/plugins/workday.py
[2025-03-24T21:55:57.279+0800] {processor.py:208} INFO - Processing /Users/dionneleow/IS3107/IS3107-group11/backend/venv/lib/python3.12/site-packages/airflow/example_dags/plugins/workday.py took 0.038 seconds
[2025-03-24T21:57:07.077+0800] {processor.py:186} INFO - Started process (PID=66274) to work on /Users/dionneleow/IS3107/IS3107-group11/backend/venv/lib/python3.12/site-packages/airflow/example_dags/plugins/workday.py
[2025-03-24T21:57:07.077+0800] {processor.py:914} INFO - Processing file /Users/dionneleow/IS3107/IS3107-group11/backend/venv/lib/python3.12/site-packages/airflow/example_dags/plugins/workday.py for tasks to queue
[2025-03-24T21:57:07.078+0800] {logging_mixin.py:190} INFO - [2025-03-24T21:57:07.078+0800] {dagbag.py:588} INFO - Filling up the DagBag from /Users/dionneleow/IS3107/IS3107-group11/backend/venv/lib/python3.12/site-packages/airflow/example_dags/plugins/workday.py
[2025-03-24T21:57:07.078+0800] {logging_mixin.py:190} INFO - [2025-03-24T21:57:07.078+0800] {workday.py:41} WARNING - Could not import pandas. Holidays will not be considered.
[2025-03-24T21:57:07.079+0800] {processor.py:927} WARNING - No viable dags retrieved from /Users/dionneleow/IS3107/IS3107-group11/backend/venv/lib/python3.12/site-packages/airflow/example_dags/plugins/workday.py
[2025-03-24T21:57:07.109+0800] {processor.py:208} INFO - Processing /Users/dionneleow/IS3107/IS3107-group11/backend/venv/lib/python3.12/site-packages/airflow/example_dags/plugins/workday.py took 0.033 seconds
[2025-03-24T21:58:15.999+0800] {processor.py:186} INFO - Started process (PID=66743) to work on /Users/dionneleow/IS3107/IS3107-group11/backend/venv/lib/python3.12/site-packages/airflow/example_dags/plugins/workday.py
[2025-03-24T21:58:16.000+0800] {processor.py:914} INFO - Processing file /Users/dionneleow/IS3107/IS3107-group11/backend/venv/lib/python3.12/site-packages/airflow/example_dags/plugins/workday.py for tasks to queue
[2025-03-24T21:58:16.000+0800] {logging_mixin.py:190} INFO - [2025-03-24T21:58:16.000+0800] {dagbag.py:588} INFO - Filling up the DagBag from /Users/dionneleow/IS3107/IS3107-group11/backend/venv/lib/python3.12/site-packages/airflow/example_dags/plugins/workday.py
[2025-03-24T21:58:16.001+0800] {logging_mixin.py:190} INFO - [2025-03-24T21:58:16.001+0800] {workday.py:41} WARNING - Could not import pandas. Holidays will not be considered.
[2025-03-24T21:58:16.001+0800] {processor.py:927} WARNING - No viable dags retrieved from /Users/dionneleow/IS3107/IS3107-group11/backend/venv/lib/python3.12/site-packages/airflow/example_dags/plugins/workday.py
[2025-03-24T21:58:16.029+0800] {processor.py:208} INFO - Processing /Users/dionneleow/IS3107/IS3107-group11/backend/venv/lib/python3.12/site-packages/airflow/example_dags/plugins/workday.py took 0.031 seconds
[2025-03-24T21:59:23.250+0800] {processor.py:186} INFO - Started process (PID=67078) to work on /Users/dionneleow/IS3107/IS3107-group11/backend/venv/lib/python3.12/site-packages/airflow/example_dags/plugins/workday.py
[2025-03-24T21:59:23.251+0800] {processor.py:914} INFO - Processing file /Users/dionneleow/IS3107/IS3107-group11/backend/venv/lib/python3.12/site-packages/airflow/example_dags/plugins/workday.py for tasks to queue
[2025-03-24T21:59:23.252+0800] {logging_mixin.py:190} INFO - [2025-03-24T21:59:23.252+0800] {dagbag.py:588} INFO - Filling up the DagBag from /Users/dionneleow/IS3107/IS3107-group11/backend/venv/lib/python3.12/site-packages/airflow/example_dags/plugins/workday.py
[2025-03-24T21:59:23.253+0800] {logging_mixin.py:190} INFO - [2025-03-24T21:59:23.252+0800] {workday.py:41} WARNING - Could not import pandas. Holidays will not be considered.
[2025-03-24T21:59:23.253+0800] {processor.py:927} WARNING - No viable dags retrieved from /Users/dionneleow/IS3107/IS3107-group11/backend/venv/lib/python3.12/site-packages/airflow/example_dags/plugins/workday.py
[2025-03-24T21:59:23.282+0800] {processor.py:208} INFO - Processing /Users/dionneleow/IS3107/IS3107-group11/backend/venv/lib/python3.12/site-packages/airflow/example_dags/plugins/workday.py took 0.033 seconds
[2025-03-24T22:00:23.276+0800] {processor.py:186} INFO - Started process (PID=67424) to work on /Users/dionneleow/IS3107/IS3107-group11/backend/venv/lib/python3.12/site-packages/airflow/example_dags/plugins/workday.py
[2025-03-24T22:00:23.277+0800] {processor.py:914} INFO - Processing file /Users/dionneleow/IS3107/IS3107-group11/backend/venv/lib/python3.12/site-packages/airflow/example_dags/plugins/workday.py for tasks to queue
[2025-03-24T22:00:23.277+0800] {logging_mixin.py:190} INFO - [2025-03-24T22:00:23.277+0800] {dagbag.py:588} INFO - Filling up the DagBag from /Users/dionneleow/IS3107/IS3107-group11/backend/venv/lib/python3.12/site-packages/airflow/example_dags/plugins/workday.py
[2025-03-24T22:00:23.278+0800] {logging_mixin.py:190} INFO - [2025-03-24T22:00:23.278+0800] {workday.py:41} WARNING - Could not import pandas. Holidays will not be considered.
[2025-03-24T22:00:23.278+0800] {processor.py:927} WARNING - No viable dags retrieved from /Users/dionneleow/IS3107/IS3107-group11/backend/venv/lib/python3.12/site-packages/airflow/example_dags/plugins/workday.py
[2025-03-24T22:00:23.306+0800] {processor.py:208} INFO - Processing /Users/dionneleow/IS3107/IS3107-group11/backend/venv/lib/python3.12/site-packages/airflow/example_dags/plugins/workday.py took 0.031 seconds
[2025-03-24T22:01:27.351+0800] {processor.py:186} INFO - Started process (PID=67811) to work on /Users/dionneleow/IS3107/IS3107-group11/backend/venv/lib/python3.12/site-packages/airflow/example_dags/plugins/workday.py
[2025-03-24T22:01:27.352+0800] {processor.py:914} INFO - Processing file /Users/dionneleow/IS3107/IS3107-group11/backend/venv/lib/python3.12/site-packages/airflow/example_dags/plugins/workday.py for tasks to queue
[2025-03-24T22:01:27.353+0800] {logging_mixin.py:190} INFO - [2025-03-24T22:01:27.353+0800] {dagbag.py:588} INFO - Filling up the DagBag from /Users/dionneleow/IS3107/IS3107-group11/backend/venv/lib/python3.12/site-packages/airflow/example_dags/plugins/workday.py
[2025-03-24T22:01:27.354+0800] {logging_mixin.py:190} INFO - [2025-03-24T22:01:27.354+0800] {workday.py:41} WARNING - Could not import pandas. Holidays will not be considered.
[2025-03-24T22:01:27.354+0800] {processor.py:927} WARNING - No viable dags retrieved from /Users/dionneleow/IS3107/IS3107-group11/backend/venv/lib/python3.12/site-packages/airflow/example_dags/plugins/workday.py
[2025-03-24T22:01:27.382+0800] {processor.py:208} INFO - Processing /Users/dionneleow/IS3107/IS3107-group11/backend/venv/lib/python3.12/site-packages/airflow/example_dags/plugins/workday.py took 0.033 seconds
[2025-03-24T22:02:32.065+0800] {processor.py:186} INFO - Started process (PID=68188) to work on /Users/dionneleow/IS3107/IS3107-group11/backend/venv/lib/python3.12/site-packages/airflow/example_dags/plugins/workday.py
[2025-03-24T22:02:32.066+0800] {processor.py:914} INFO - Processing file /Users/dionneleow/IS3107/IS3107-group11/backend/venv/lib/python3.12/site-packages/airflow/example_dags/plugins/workday.py for tasks to queue
[2025-03-24T22:02:32.066+0800] {logging_mixin.py:190} INFO - [2025-03-24T22:02:32.066+0800] {dagbag.py:588} INFO - Filling up the DagBag from /Users/dionneleow/IS3107/IS3107-group11/backend/venv/lib/python3.12/site-packages/airflow/example_dags/plugins/workday.py
[2025-03-24T22:02:32.067+0800] {logging_mixin.py:190} INFO - [2025-03-24T22:02:32.066+0800] {workday.py:41} WARNING - Could not import pandas. Holidays will not be considered.
[2025-03-24T22:02:32.067+0800] {processor.py:927} WARNING - No viable dags retrieved from /Users/dionneleow/IS3107/IS3107-group11/backend/venv/lib/python3.12/site-packages/airflow/example_dags/plugins/workday.py
[2025-03-24T22:02:32.095+0800] {processor.py:208} INFO - Processing /Users/dionneleow/IS3107/IS3107-group11/backend/venv/lib/python3.12/site-packages/airflow/example_dags/plugins/workday.py took 0.031 seconds
[2025-03-24T22:03:41.899+0800] {processor.py:186} INFO - Started process (PID=68631) to work on /Users/dionneleow/IS3107/IS3107-group11/backend/venv/lib/python3.12/site-packages/airflow/example_dags/plugins/workday.py
[2025-03-24T22:03:41.900+0800] {processor.py:914} INFO - Processing file /Users/dionneleow/IS3107/IS3107-group11/backend/venv/lib/python3.12/site-packages/airflow/example_dags/plugins/workday.py for tasks to queue
[2025-03-24T22:03:41.900+0800] {logging_mixin.py:190} INFO - [2025-03-24T22:03:41.900+0800] {dagbag.py:588} INFO - Filling up the DagBag from /Users/dionneleow/IS3107/IS3107-group11/backend/venv/lib/python3.12/site-packages/airflow/example_dags/plugins/workday.py
[2025-03-24T22:03:41.901+0800] {logging_mixin.py:190} INFO - [2025-03-24T22:03:41.901+0800] {workday.py:41} WARNING - Could not import pandas. Holidays will not be considered.
[2025-03-24T22:03:41.901+0800] {processor.py:927} WARNING - No viable dags retrieved from /Users/dionneleow/IS3107/IS3107-group11/backend/venv/lib/python3.12/site-packages/airflow/example_dags/plugins/workday.py
[2025-03-24T22:03:41.929+0800] {processor.py:208} INFO - Processing /Users/dionneleow/IS3107/IS3107-group11/backend/venv/lib/python3.12/site-packages/airflow/example_dags/plugins/workday.py took 0.031 seconds
[2025-03-24T22:04:49.797+0800] {processor.py:186} INFO - Started process (PID=69014) to work on /Users/dionneleow/IS3107/IS3107-group11/backend/venv/lib/python3.12/site-packages/airflow/example_dags/plugins/workday.py
[2025-03-24T22:04:49.798+0800] {processor.py:914} INFO - Processing file /Users/dionneleow/IS3107/IS3107-group11/backend/venv/lib/python3.12/site-packages/airflow/example_dags/plugins/workday.py for tasks to queue
[2025-03-24T22:04:49.798+0800] {logging_mixin.py:190} INFO - [2025-03-24T22:04:49.798+0800] {dagbag.py:588} INFO - Filling up the DagBag from /Users/dionneleow/IS3107/IS3107-group11/backend/venv/lib/python3.12/site-packages/airflow/example_dags/plugins/workday.py
[2025-03-24T22:04:49.799+0800] {logging_mixin.py:190} INFO - [2025-03-24T22:04:49.799+0800] {workday.py:41} WARNING - Could not import pandas. Holidays will not be considered.
[2025-03-24T22:04:49.799+0800] {processor.py:927} WARNING - No viable dags retrieved from /Users/dionneleow/IS3107/IS3107-group11/backend/venv/lib/python3.12/site-packages/airflow/example_dags/plugins/workday.py
[2025-03-24T22:04:49.826+0800] {processor.py:208} INFO - Processing /Users/dionneleow/IS3107/IS3107-group11/backend/venv/lib/python3.12/site-packages/airflow/example_dags/plugins/workday.py took 0.031 seconds
[2025-03-24T22:05:57.681+0800] {processor.py:186} INFO - Started process (PID=69341) to work on /Users/dionneleow/IS3107/IS3107-group11/backend/venv/lib/python3.12/site-packages/airflow/example_dags/plugins/workday.py
[2025-03-24T22:05:57.682+0800] {processor.py:914} INFO - Processing file /Users/dionneleow/IS3107/IS3107-group11/backend/venv/lib/python3.12/site-packages/airflow/example_dags/plugins/workday.py for tasks to queue
[2025-03-24T22:05:57.682+0800] {logging_mixin.py:190} INFO - [2025-03-24T22:05:57.682+0800] {dagbag.py:588} INFO - Filling up the DagBag from /Users/dionneleow/IS3107/IS3107-group11/backend/venv/lib/python3.12/site-packages/airflow/example_dags/plugins/workday.py
[2025-03-24T22:05:57.683+0800] {logging_mixin.py:190} INFO - [2025-03-24T22:05:57.683+0800] {workday.py:41} WARNING - Could not import pandas. Holidays will not be considered.
[2025-03-24T22:05:57.683+0800] {processor.py:927} WARNING - No viable dags retrieved from /Users/dionneleow/IS3107/IS3107-group11/backend/venv/lib/python3.12/site-packages/airflow/example_dags/plugins/workday.py
[2025-03-24T22:05:57.711+0800] {processor.py:208} INFO - Processing /Users/dionneleow/IS3107/IS3107-group11/backend/venv/lib/python3.12/site-packages/airflow/example_dags/plugins/workday.py took 0.031 seconds
[2025-03-24T22:07:06.798+0800] {processor.py:186} INFO - Started process (PID=69723) to work on /Users/dionneleow/IS3107/IS3107-group11/backend/venv/lib/python3.12/site-packages/airflow/example_dags/plugins/workday.py
[2025-03-24T22:07:06.799+0800] {processor.py:914} INFO - Processing file /Users/dionneleow/IS3107/IS3107-group11/backend/venv/lib/python3.12/site-packages/airflow/example_dags/plugins/workday.py for tasks to queue
[2025-03-24T22:07:06.799+0800] {logging_mixin.py:190} INFO - [2025-03-24T22:07:06.799+0800] {dagbag.py:588} INFO - Filling up the DagBag from /Users/dionneleow/IS3107/IS3107-group11/backend/venv/lib/python3.12/site-packages/airflow/example_dags/plugins/workday.py
[2025-03-24T22:07:06.800+0800] {logging_mixin.py:190} INFO - [2025-03-24T22:07:06.800+0800] {workday.py:41} WARNING - Could not import pandas. Holidays will not be considered.
[2025-03-24T22:07:06.800+0800] {processor.py:927} WARNING - No viable dags retrieved from /Users/dionneleow/IS3107/IS3107-group11/backend/venv/lib/python3.12/site-packages/airflow/example_dags/plugins/workday.py
[2025-03-24T22:07:06.831+0800] {processor.py:208} INFO - Processing /Users/dionneleow/IS3107/IS3107-group11/backend/venv/lib/python3.12/site-packages/airflow/example_dags/plugins/workday.py took 0.034 seconds
[2025-03-24T22:08:19.058+0800] {processor.py:186} INFO - Started process (PID=70126) to work on /Users/dionneleow/IS3107/IS3107-group11/backend/venv/lib/python3.12/site-packages/airflow/example_dags/plugins/workday.py
[2025-03-24T22:08:19.058+0800] {processor.py:914} INFO - Processing file /Users/dionneleow/IS3107/IS3107-group11/backend/venv/lib/python3.12/site-packages/airflow/example_dags/plugins/workday.py for tasks to queue
[2025-03-24T22:08:19.059+0800] {logging_mixin.py:190} INFO - [2025-03-24T22:08:19.059+0800] {dagbag.py:588} INFO - Filling up the DagBag from /Users/dionneleow/IS3107/IS3107-group11/backend/venv/lib/python3.12/site-packages/airflow/example_dags/plugins/workday.py
[2025-03-24T22:08:19.059+0800] {logging_mixin.py:190} INFO - [2025-03-24T22:08:19.059+0800] {workday.py:41} WARNING - Could not import pandas. Holidays will not be considered.
[2025-03-24T22:08:19.059+0800] {processor.py:927} WARNING - No viable dags retrieved from /Users/dionneleow/IS3107/IS3107-group11/backend/venv/lib/python3.12/site-packages/airflow/example_dags/plugins/workday.py
[2025-03-24T22:08:19.088+0800] {processor.py:208} INFO - Processing /Users/dionneleow/IS3107/IS3107-group11/backend/venv/lib/python3.12/site-packages/airflow/example_dags/plugins/workday.py took 0.032 seconds
[2025-03-24T22:09:31.472+0800] {processor.py:186} INFO - Started process (PID=70504) to work on /Users/dionneleow/IS3107/IS3107-group11/backend/venv/lib/python3.12/site-packages/airflow/example_dags/plugins/workday.py
[2025-03-24T22:09:31.475+0800] {processor.py:914} INFO - Processing file /Users/dionneleow/IS3107/IS3107-group11/backend/venv/lib/python3.12/site-packages/airflow/example_dags/plugins/workday.py for tasks to queue
[2025-03-24T22:09:31.475+0800] {logging_mixin.py:190} INFO - [2025-03-24T22:09:31.475+0800] {dagbag.py:588} INFO - Filling up the DagBag from /Users/dionneleow/IS3107/IS3107-group11/backend/venv/lib/python3.12/site-packages/airflow/example_dags/plugins/workday.py
[2025-03-24T22:09:31.476+0800] {logging_mixin.py:190} INFO - [2025-03-24T22:09:31.476+0800] {workday.py:41} WARNING - Could not import pandas. Holidays will not be considered.
[2025-03-24T22:09:31.476+0800] {processor.py:927} WARNING - No viable dags retrieved from /Users/dionneleow/IS3107/IS3107-group11/backend/venv/lib/python3.12/site-packages/airflow/example_dags/plugins/workday.py
[2025-03-24T22:09:31.504+0800] {processor.py:208} INFO - Processing /Users/dionneleow/IS3107/IS3107-group11/backend/venv/lib/python3.12/site-packages/airflow/example_dags/plugins/workday.py took 0.032 seconds
