[2025-03-24T21:49:01.216+0800] {processor.py:186} INFO - Started process (PID=63097) to work on /Users/dionneleow/IS3107/IS3107-group11/backend/venv/lib/python3.12/site-packages/airflow/example_dags/example_setup_teardown.py
[2025-03-24T21:49:01.217+0800] {processor.py:914} INFO - Processing file /Users/dionneleow/IS3107/IS3107-group11/backend/venv/lib/python3.12/site-packages/airflow/example_dags/example_setup_teardown.py for tasks to queue
[2025-03-24T21:49:01.217+0800] {logging_mixin.py:190} INFO - [2025-03-24T21:49:01.217+0800] {dagbag.py:588} INFO - Filling up the DagBag from /Users/dionneleow/IS3107/IS3107-group11/backend/venv/lib/python3.12/site-packages/airflow/example_dags/example_setup_teardown.py
[2025-03-24T21:49:01.222+0800] {processor.py:925} INFO - DAG(s) 'example_setup_teardown' retrieved from /Users/dionneleow/IS3107/IS3107-group11/backend/venv/lib/python3.12/site-packages/airflow/example_dags/example_setup_teardown.py
[2025-03-24T21:49:01.362+0800] {logging_mixin.py:190} INFO - [2025-03-24T21:49:01.362+0800] {override.py:1912} INFO - Created Permission View: can delete on DAG:example_setup_teardown
[2025-03-24T21:49:01.365+0800] {logging_mixin.py:190} INFO - [2025-03-24T21:49:01.365+0800] {override.py:1912} INFO - Created Permission View: can edit on DAG:example_setup_teardown
[2025-03-24T21:49:01.367+0800] {logging_mixin.py:190} INFO - [2025-03-24T21:49:01.367+0800] {override.py:1912} INFO - Created Permission View: can read on DAG:example_setup_teardown
[2025-03-24T21:49:01.370+0800] {logging_mixin.py:190} INFO - [2025-03-24T21:49:01.370+0800] {override.py:1912} INFO - Created Permission View: menu access on DAG Run:example_setup_teardown
[2025-03-24T21:49:01.372+0800] {logging_mixin.py:190} INFO - [2025-03-24T21:49:01.372+0800] {override.py:1912} INFO - Created Permission View: can delete on DAG Run:example_setup_teardown
[2025-03-24T21:49:01.373+0800] {logging_mixin.py:190} INFO - [2025-03-24T21:49:01.373+0800] {override.py:1912} INFO - Created Permission View: can create on DAG Run:example_setup_teardown
[2025-03-24T21:49:01.375+0800] {logging_mixin.py:190} INFO - [2025-03-24T21:49:01.375+0800] {override.py:1912} INFO - Created Permission View: can read on DAG Run:example_setup_teardown
[2025-03-24T21:49:01.375+0800] {logging_mixin.py:190} INFO - [2025-03-24T21:49:01.375+0800] {dag.py:3239} INFO - Sync 1 DAGs
[2025-03-24T21:49:01.380+0800] {logging_mixin.py:190} INFO - [2025-03-24T21:49:01.380+0800] {dag.py:3262} INFO - Creating ORM DAG for example_setup_teardown
[2025-03-24T21:49:01.381+0800] {logging_mixin.py:190} INFO - [2025-03-24T21:49:01.381+0800] {dag.py:4180} INFO - Setting next_dagrun for example_setup_teardown to None, run_after=None
[2025-03-24T21:49:01.387+0800] {processor.py:208} INFO - Processing /Users/dionneleow/IS3107/IS3107-group11/backend/venv/lib/python3.12/site-packages/airflow/example_dags/example_setup_teardown.py took 0.172 seconds
[2025-03-24T21:50:51.509+0800] {processor.py:186} INFO - Started process (PID=63938) to work on /Users/dionneleow/IS3107/IS3107-group11/backend/venv/lib/python3.12/site-packages/airflow/example_dags/example_setup_teardown.py
[2025-03-24T21:50:51.510+0800] {processor.py:914} INFO - Processing file /Users/dionneleow/IS3107/IS3107-group11/backend/venv/lib/python3.12/site-packages/airflow/example_dags/example_setup_teardown.py for tasks to queue
[2025-03-24T21:50:51.511+0800] {logging_mixin.py:190} INFO - [2025-03-24T21:50:51.511+0800] {dagbag.py:588} INFO - Filling up the DagBag from /Users/dionneleow/IS3107/IS3107-group11/backend/venv/lib/python3.12/site-packages/airflow/example_dags/example_setup_teardown.py
[2025-03-24T21:50:51.514+0800] {processor.py:925} INFO - DAG(s) 'example_setup_teardown' retrieved from /Users/dionneleow/IS3107/IS3107-group11/backend/venv/lib/python3.12/site-packages/airflow/example_dags/example_setup_teardown.py
[2025-03-24T21:50:51.547+0800] {logging_mixin.py:190} INFO - [2025-03-24T21:50:51.547+0800] {dag.py:3239} INFO - Sync 1 DAGs
[2025-03-24T21:50:51.552+0800] {logging_mixin.py:190} INFO - [2025-03-24T21:50:51.552+0800] {dag.py:4180} INFO - Setting next_dagrun for example_setup_teardown to None, run_after=None
[2025-03-24T21:50:51.563+0800] {processor.py:208} INFO - Processing /Users/dionneleow/IS3107/IS3107-group11/backend/venv/lib/python3.12/site-packages/airflow/example_dags/example_setup_teardown.py took 0.054 seconds
[2025-03-24T21:53:09.334+0800] {processor.py:186} INFO - Started process (PID=64783) to work on /Users/dionneleow/IS3107/IS3107-group11/backend/venv/lib/python3.12/site-packages/airflow/example_dags/example_setup_teardown.py
[2025-03-24T21:53:09.334+0800] {processor.py:914} INFO - Processing file /Users/dionneleow/IS3107/IS3107-group11/backend/venv/lib/python3.12/site-packages/airflow/example_dags/example_setup_teardown.py for tasks to queue
[2025-03-24T21:53:09.335+0800] {logging_mixin.py:190} INFO - [2025-03-24T21:53:09.335+0800] {dagbag.py:588} INFO - Filling up the DagBag from /Users/dionneleow/IS3107/IS3107-group11/backend/venv/lib/python3.12/site-packages/airflow/example_dags/example_setup_teardown.py
[2025-03-24T21:53:09.338+0800] {processor.py:925} INFO - DAG(s) 'example_setup_teardown' retrieved from /Users/dionneleow/IS3107/IS3107-group11/backend/venv/lib/python3.12/site-packages/airflow/example_dags/example_setup_teardown.py
[2025-03-24T21:53:09.373+0800] {logging_mixin.py:190} INFO - [2025-03-24T21:53:09.373+0800] {dag.py:3239} INFO - Sync 1 DAGs
[2025-03-24T21:53:09.380+0800] {logging_mixin.py:190} INFO - [2025-03-24T21:53:09.380+0800] {dag.py:4180} INFO - Setting next_dagrun for example_setup_teardown to None, run_after=None
[2025-03-24T21:53:09.388+0800] {processor.py:208} INFO - Processing /Users/dionneleow/IS3107/IS3107-group11/backend/venv/lib/python3.12/site-packages/airflow/example_dags/example_setup_teardown.py took 0.056 seconds
[2025-03-24T21:55:25.995+0800] {processor.py:186} INFO - Started process (PID=65641) to work on /Users/dionneleow/IS3107/IS3107-group11/backend/venv/lib/python3.12/site-packages/airflow/example_dags/example_setup_teardown.py
[2025-03-24T21:55:25.996+0800] {processor.py:914} INFO - Processing file /Users/dionneleow/IS3107/IS3107-group11/backend/venv/lib/python3.12/site-packages/airflow/example_dags/example_setup_teardown.py for tasks to queue
[2025-03-24T21:55:25.996+0800] {logging_mixin.py:190} INFO - [2025-03-24T21:55:25.996+0800] {dagbag.py:588} INFO - Filling up the DagBag from /Users/dionneleow/IS3107/IS3107-group11/backend/venv/lib/python3.12/site-packages/airflow/example_dags/example_setup_teardown.py
[2025-03-24T21:55:25.999+0800] {processor.py:925} INFO - DAG(s) 'example_setup_teardown' retrieved from /Users/dionneleow/IS3107/IS3107-group11/backend/venv/lib/python3.12/site-packages/airflow/example_dags/example_setup_teardown.py
[2025-03-24T21:55:26.032+0800] {logging_mixin.py:190} INFO - [2025-03-24T21:55:26.031+0800] {dag.py:3239} INFO - Sync 1 DAGs
[2025-03-24T21:55:26.035+0800] {logging_mixin.py:190} INFO - [2025-03-24T21:55:26.035+0800] {dag.py:4180} INFO - Setting next_dagrun for example_setup_teardown to None, run_after=None
[2025-03-24T21:55:26.042+0800] {processor.py:208} INFO - Processing /Users/dionneleow/IS3107/IS3107-group11/backend/venv/lib/python3.12/site-packages/airflow/example_dags/example_setup_teardown.py took 0.048 seconds
[2025-03-24T21:57:43.493+0800] {processor.py:186} INFO - Started process (PID=66545) to work on /Users/dionneleow/IS3107/IS3107-group11/backend/venv/lib/python3.12/site-packages/airflow/example_dags/example_setup_teardown.py
[2025-03-24T21:57:43.493+0800] {processor.py:914} INFO - Processing file /Users/dionneleow/IS3107/IS3107-group11/backend/venv/lib/python3.12/site-packages/airflow/example_dags/example_setup_teardown.py for tasks to queue
[2025-03-24T21:57:43.494+0800] {logging_mixin.py:190} INFO - [2025-03-24T21:57:43.494+0800] {dagbag.py:588} INFO - Filling up the DagBag from /Users/dionneleow/IS3107/IS3107-group11/backend/venv/lib/python3.12/site-packages/airflow/example_dags/example_setup_teardown.py
[2025-03-24T21:57:43.498+0800] {processor.py:925} INFO - DAG(s) 'example_setup_teardown' retrieved from /Users/dionneleow/IS3107/IS3107-group11/backend/venv/lib/python3.12/site-packages/airflow/example_dags/example_setup_teardown.py
[2025-03-24T21:57:43.530+0800] {logging_mixin.py:190} INFO - [2025-03-24T21:57:43.530+0800] {dag.py:3239} INFO - Sync 1 DAGs
[2025-03-24T21:57:43.536+0800] {logging_mixin.py:190} INFO - [2025-03-24T21:57:43.536+0800] {dag.py:4180} INFO - Setting next_dagrun for example_setup_teardown to None, run_after=None
[2025-03-24T21:57:43.544+0800] {processor.py:208} INFO - Processing /Users/dionneleow/IS3107/IS3107-group11/backend/venv/lib/python3.12/site-packages/airflow/example_dags/example_setup_teardown.py took 0.052 seconds
[2025-03-24T21:59:54.667+0800] {processor.py:186} INFO - Started process (PID=67243) to work on /Users/dionneleow/IS3107/IS3107-group11/backend/venv/lib/python3.12/site-packages/airflow/example_dags/example_setup_teardown.py
[2025-03-24T21:59:54.667+0800] {processor.py:914} INFO - Processing file /Users/dionneleow/IS3107/IS3107-group11/backend/venv/lib/python3.12/site-packages/airflow/example_dags/example_setup_teardown.py for tasks to queue
[2025-03-24T21:59:54.668+0800] {logging_mixin.py:190} INFO - [2025-03-24T21:59:54.668+0800] {dagbag.py:588} INFO - Filling up the DagBag from /Users/dionneleow/IS3107/IS3107-group11/backend/venv/lib/python3.12/site-packages/airflow/example_dags/example_setup_teardown.py
[2025-03-24T21:59:54.671+0800] {processor.py:925} INFO - DAG(s) 'example_setup_teardown' retrieved from /Users/dionneleow/IS3107/IS3107-group11/backend/venv/lib/python3.12/site-packages/airflow/example_dags/example_setup_teardown.py
[2025-03-24T21:59:54.705+0800] {logging_mixin.py:190} INFO - [2025-03-24T21:59:54.704+0800] {dag.py:3239} INFO - Sync 1 DAGs
[2025-03-24T21:59:54.708+0800] {logging_mixin.py:190} INFO - [2025-03-24T21:59:54.708+0800] {dag.py:4180} INFO - Setting next_dagrun for example_setup_teardown to None, run_after=None
[2025-03-24T21:59:54.715+0800] {processor.py:208} INFO - Processing /Users/dionneleow/IS3107/IS3107-group11/backend/venv/lib/python3.12/site-packages/airflow/example_dags/example_setup_teardown.py took 0.050 seconds
[2025-03-24T22:02:02.104+0800] {processor.py:186} INFO - Started process (PID=68012) to work on /Users/dionneleow/IS3107/IS3107-group11/backend/venv/lib/python3.12/site-packages/airflow/example_dags/example_setup_teardown.py
[2025-03-24T22:02:02.106+0800] {processor.py:914} INFO - Processing file /Users/dionneleow/IS3107/IS3107-group11/backend/venv/lib/python3.12/site-packages/airflow/example_dags/example_setup_teardown.py for tasks to queue
[2025-03-24T22:02:02.107+0800] {logging_mixin.py:190} INFO - [2025-03-24T22:02:02.107+0800] {dagbag.py:588} INFO - Filling up the DagBag from /Users/dionneleow/IS3107/IS3107-group11/backend/venv/lib/python3.12/site-packages/airflow/example_dags/example_setup_teardown.py
[2025-03-24T22:02:02.111+0800] {processor.py:925} INFO - DAG(s) 'example_setup_teardown' retrieved from /Users/dionneleow/IS3107/IS3107-group11/backend/venv/lib/python3.12/site-packages/airflow/example_dags/example_setup_teardown.py
[2025-03-24T22:02:02.145+0800] {logging_mixin.py:190} INFO - [2025-03-24T22:02:02.145+0800] {dag.py:3239} INFO - Sync 1 DAGs
[2025-03-24T22:02:02.149+0800] {logging_mixin.py:190} INFO - [2025-03-24T22:02:02.149+0800] {dag.py:4180} INFO - Setting next_dagrun for example_setup_teardown to None, run_after=None
[2025-03-24T22:02:02.160+0800] {processor.py:208} INFO - Processing /Users/dionneleow/IS3107/IS3107-group11/backend/venv/lib/python3.12/site-packages/airflow/example_dags/example_setup_teardown.py took 0.057 seconds
[2025-03-24T22:04:16.557+0800] {processor.py:186} INFO - Started process (PID=68845) to work on /Users/dionneleow/IS3107/IS3107-group11/backend/venv/lib/python3.12/site-packages/airflow/example_dags/example_setup_teardown.py
[2025-03-24T22:04:16.558+0800] {processor.py:914} INFO - Processing file /Users/dionneleow/IS3107/IS3107-group11/backend/venv/lib/python3.12/site-packages/airflow/example_dags/example_setup_teardown.py for tasks to queue
[2025-03-24T22:04:16.558+0800] {logging_mixin.py:190} INFO - [2025-03-24T22:04:16.558+0800] {dagbag.py:588} INFO - Filling up the DagBag from /Users/dionneleow/IS3107/IS3107-group11/backend/venv/lib/python3.12/site-packages/airflow/example_dags/example_setup_teardown.py
[2025-03-24T22:04:16.561+0800] {processor.py:925} INFO - DAG(s) 'example_setup_teardown' retrieved from /Users/dionneleow/IS3107/IS3107-group11/backend/venv/lib/python3.12/site-packages/airflow/example_dags/example_setup_teardown.py
[2025-03-24T22:04:16.592+0800] {logging_mixin.py:190} INFO - [2025-03-24T22:04:16.592+0800] {dag.py:3239} INFO - Sync 1 DAGs
[2025-03-24T22:04:16.595+0800] {logging_mixin.py:190} INFO - [2025-03-24T22:04:16.595+0800] {dag.py:4180} INFO - Setting next_dagrun for example_setup_teardown to None, run_after=None
[2025-03-24T22:04:16.601+0800] {processor.py:208} INFO - Processing /Users/dionneleow/IS3107/IS3107-group11/backend/venv/lib/python3.12/site-packages/airflow/example_dags/example_setup_teardown.py took 0.046 seconds
[2025-03-24T22:06:34.803+0800] {processor.py:186} INFO - Started process (PID=69541) to work on /Users/dionneleow/IS3107/IS3107-group11/backend/venv/lib/python3.12/site-packages/airflow/example_dags/example_setup_teardown.py
[2025-03-24T22:06:34.804+0800] {processor.py:914} INFO - Processing file /Users/dionneleow/IS3107/IS3107-group11/backend/venv/lib/python3.12/site-packages/airflow/example_dags/example_setup_teardown.py for tasks to queue
[2025-03-24T22:06:34.805+0800] {logging_mixin.py:190} INFO - [2025-03-24T22:06:34.805+0800] {dagbag.py:588} INFO - Filling up the DagBag from /Users/dionneleow/IS3107/IS3107-group11/backend/venv/lib/python3.12/site-packages/airflow/example_dags/example_setup_teardown.py
[2025-03-24T22:06:34.812+0800] {processor.py:925} INFO - DAG(s) 'example_setup_teardown' retrieved from /Users/dionneleow/IS3107/IS3107-group11/backend/venv/lib/python3.12/site-packages/airflow/example_dags/example_setup_teardown.py
[2025-03-24T22:06:34.849+0800] {logging_mixin.py:190} INFO - [2025-03-24T22:06:34.849+0800] {dag.py:3239} INFO - Sync 1 DAGs
[2025-03-24T22:06:34.854+0800] {logging_mixin.py:190} INFO - [2025-03-24T22:06:34.854+0800] {dag.py:4180} INFO - Setting next_dagrun for example_setup_teardown to None, run_after=None
[2025-03-24T22:06:34.863+0800] {processor.py:208} INFO - Processing /Users/dionneleow/IS3107/IS3107-group11/backend/venv/lib/python3.12/site-packages/airflow/example_dags/example_setup_teardown.py took 0.061 seconds
[2025-03-24T22:08:57.413+0800] {processor.py:186} INFO - Started process (PID=70324) to work on /Users/dionneleow/IS3107/IS3107-group11/backend/venv/lib/python3.12/site-packages/airflow/example_dags/example_setup_teardown.py
[2025-03-24T22:08:57.414+0800] {processor.py:914} INFO - Processing file /Users/dionneleow/IS3107/IS3107-group11/backend/venv/lib/python3.12/site-packages/airflow/example_dags/example_setup_teardown.py for tasks to queue
[2025-03-24T22:08:57.414+0800] {logging_mixin.py:190} INFO - [2025-03-24T22:08:57.414+0800] {dagbag.py:588} INFO - Filling up the DagBag from /Users/dionneleow/IS3107/IS3107-group11/backend/venv/lib/python3.12/site-packages/airflow/example_dags/example_setup_teardown.py
[2025-03-24T22:08:57.417+0800] {processor.py:925} INFO - DAG(s) 'example_setup_teardown' retrieved from /Users/dionneleow/IS3107/IS3107-group11/backend/venv/lib/python3.12/site-packages/airflow/example_dags/example_setup_teardown.py
[2025-03-24T22:08:57.448+0800] {logging_mixin.py:190} INFO - [2025-03-24T22:08:57.448+0800] {dag.py:3239} INFO - Sync 1 DAGs
[2025-03-24T22:08:57.451+0800] {logging_mixin.py:190} INFO - [2025-03-24T22:08:57.451+0800] {dag.py:4180} INFO - Setting next_dagrun for example_setup_teardown to None, run_after=None
[2025-03-24T22:08:57.458+0800] {processor.py:208} INFO - Processing /Users/dionneleow/IS3107/IS3107-group11/backend/venv/lib/python3.12/site-packages/airflow/example_dags/example_setup_teardown.py took 0.046 seconds
