[2025-03-24T21:50:02.736+0800] {processor.py:186} INFO - Started process (PID=63533) to work on /Users/dionneleow/IS3107/IS3107-group11/backend/venv/lib/python3.12/site-packages/airflow/example_dags/example_bash_decorator.py
[2025-03-24T21:50:02.737+0800] {processor.py:914} INFO - Processing file /Users/dionneleow/IS3107/IS3107-group11/backend/venv/lib/python3.12/site-packages/airflow/example_dags/example_bash_decorator.py for tasks to queue
[2025-03-24T21:50:02.738+0800] {logging_mixin.py:190} INFO - [2025-03-24T21:50:02.738+0800] {dagbag.py:588} INFO - Filling up the DagBag from /Users/dionneleow/IS3107/IS3107-group11/backend/venv/lib/python3.12/site-packages/airflow/example_dags/example_bash_decorator.py
[2025-03-24T21:50:02.757+0800] {processor.py:925} INFO - DAG(s) 'example_bash_decorator' retrieved from /Users/dionneleow/IS3107/IS3107-group11/backend/venv/lib/python3.12/site-packages/airflow/example_dags/example_bash_decorator.py
[2025-03-24T21:50:02.856+0800] {logging_mixin.py:190} INFO - [2025-03-24T21:50:02.856+0800] {override.py:1912} INFO - Created Permission View: can delete on DAG:example_bash_decorator
[2025-03-24T21:50:02.859+0800] {logging_mixin.py:190} INFO - [2025-03-24T21:50:02.859+0800] {override.py:1912} INFO - Created Permission View: can read on DAG:example_bash_decorator
[2025-03-24T21:50:02.861+0800] {logging_mixin.py:190} INFO - [2025-03-24T21:50:02.861+0800] {override.py:1912} INFO - Created Permission View: can edit on DAG:example_bash_decorator
[2025-03-24T21:50:02.863+0800] {logging_mixin.py:190} INFO - [2025-03-24T21:50:02.863+0800] {override.py:1912} INFO - Created Permission View: can delete on DAG Run:example_bash_decorator
[2025-03-24T21:50:02.865+0800] {logging_mixin.py:190} INFO - [2025-03-24T21:50:02.865+0800] {override.py:1912} INFO - Created Permission View: can read on DAG Run:example_bash_decorator
[2025-03-24T21:50:02.867+0800] {logging_mixin.py:190} INFO - [2025-03-24T21:50:02.867+0800] {override.py:1912} INFO - Created Permission View: menu access on DAG Run:example_bash_decorator
[2025-03-24T21:50:02.869+0800] {logging_mixin.py:190} INFO - [2025-03-24T21:50:02.869+0800] {override.py:1912} INFO - Created Permission View: can create on DAG Run:example_bash_decorator
[2025-03-24T21:50:02.869+0800] {logging_mixin.py:190} INFO - [2025-03-24T21:50:02.869+0800] {dag.py:3239} INFO - Sync 1 DAGs
[2025-03-24T21:50:02.872+0800] {logging_mixin.py:190} INFO - [2025-03-24T21:50:02.872+0800] {dag.py:3262} INFO - Creating ORM DAG for example_bash_decorator
[2025-03-24T21:50:02.873+0800] {logging_mixin.py:190} INFO - [2025-03-24T21:50:02.873+0800] {dag.py:4180} INFO - Setting next_dagrun for example_bash_decorator to None, run_after=None
[2025-03-24T21:50:02.878+0800] {processor.py:208} INFO - Processing /Users/dionneleow/IS3107/IS3107-group11/backend/venv/lib/python3.12/site-packages/airflow/example_dags/example_bash_decorator.py took 0.144 seconds
[2025-03-24T21:52:29.237+0800] {processor.py:186} INFO - Started process (PID=64536) to work on /Users/dionneleow/IS3107/IS3107-group11/backend/venv/lib/python3.12/site-packages/airflow/example_dags/example_bash_decorator.py
[2025-03-24T21:52:29.237+0800] {processor.py:914} INFO - Processing file /Users/dionneleow/IS3107/IS3107-group11/backend/venv/lib/python3.12/site-packages/airflow/example_dags/example_bash_decorator.py for tasks to queue
[2025-03-24T21:52:29.237+0800] {logging_mixin.py:190} INFO - [2025-03-24T21:52:29.237+0800] {dagbag.py:588} INFO - Filling up the DagBag from /Users/dionneleow/IS3107/IS3107-group11/backend/venv/lib/python3.12/site-packages/airflow/example_dags/example_bash_decorator.py
[2025-03-24T21:52:29.256+0800] {processor.py:925} INFO - DAG(s) 'example_bash_decorator' retrieved from /Users/dionneleow/IS3107/IS3107-group11/backend/venv/lib/python3.12/site-packages/airflow/example_dags/example_bash_decorator.py
[2025-03-24T21:52:29.348+0800] {logging_mixin.py:190} INFO - [2025-03-24T21:52:29.348+0800] {dag.py:3239} INFO - Sync 1 DAGs
[2025-03-24T21:52:29.352+0800] {logging_mixin.py:190} INFO - [2025-03-24T21:52:29.352+0800] {dag.py:4180} INFO - Setting next_dagrun for example_bash_decorator to None, run_after=None
[2025-03-24T21:52:29.361+0800] {processor.py:208} INFO - Processing /Users/dionneleow/IS3107/IS3107-group11/backend/venv/lib/python3.12/site-packages/airflow/example_dags/example_bash_decorator.py took 0.127 seconds
[2025-03-24T21:54:43.624+0800] {processor.py:186} INFO - Started process (PID=65358) to work on /Users/dionneleow/IS3107/IS3107-group11/backend/venv/lib/python3.12/site-packages/airflow/example_dags/example_bash_decorator.py
[2025-03-24T21:54:43.625+0800] {processor.py:914} INFO - Processing file /Users/dionneleow/IS3107/IS3107-group11/backend/venv/lib/python3.12/site-packages/airflow/example_dags/example_bash_decorator.py for tasks to queue
[2025-03-24T21:54:43.625+0800] {logging_mixin.py:190} INFO - [2025-03-24T21:54:43.625+0800] {dagbag.py:588} INFO - Filling up the DagBag from /Users/dionneleow/IS3107/IS3107-group11/backend/venv/lib/python3.12/site-packages/airflow/example_dags/example_bash_decorator.py
[2025-03-24T21:54:43.640+0800] {processor.py:925} INFO - DAG(s) 'example_bash_decorator' retrieved from /Users/dionneleow/IS3107/IS3107-group11/backend/venv/lib/python3.12/site-packages/airflow/example_dags/example_bash_decorator.py
[2025-03-24T21:54:43.735+0800] {logging_mixin.py:190} INFO - [2025-03-24T21:54:43.735+0800] {dag.py:3239} INFO - Sync 1 DAGs
[2025-03-24T21:54:43.739+0800] {logging_mixin.py:190} INFO - [2025-03-24T21:54:43.739+0800] {dag.py:4180} INFO - Setting next_dagrun for example_bash_decorator to None, run_after=None
[2025-03-24T21:54:43.746+0800] {processor.py:208} INFO - Processing /Users/dionneleow/IS3107/IS3107-group11/backend/venv/lib/python3.12/site-packages/airflow/example_dags/example_bash_decorator.py took 0.123 seconds
[2025-03-24T21:57:03.786+0800] {processor.py:186} INFO - Started process (PID=66232) to work on /Users/dionneleow/IS3107/IS3107-group11/backend/venv/lib/python3.12/site-packages/airflow/example_dags/example_bash_decorator.py
[2025-03-24T21:57:03.787+0800] {processor.py:914} INFO - Processing file /Users/dionneleow/IS3107/IS3107-group11/backend/venv/lib/python3.12/site-packages/airflow/example_dags/example_bash_decorator.py for tasks to queue
[2025-03-24T21:57:03.787+0800] {logging_mixin.py:190} INFO - [2025-03-24T21:57:03.787+0800] {dagbag.py:588} INFO - Filling up the DagBag from /Users/dionneleow/IS3107/IS3107-group11/backend/venv/lib/python3.12/site-packages/airflow/example_dags/example_bash_decorator.py
[2025-03-24T21:57:03.804+0800] {processor.py:925} INFO - DAG(s) 'example_bash_decorator' retrieved from /Users/dionneleow/IS3107/IS3107-group11/backend/venv/lib/python3.12/site-packages/airflow/example_dags/example_bash_decorator.py
[2025-03-24T21:57:03.915+0800] {logging_mixin.py:190} INFO - [2025-03-24T21:57:03.915+0800] {dag.py:3239} INFO - Sync 1 DAGs
[2025-03-24T21:57:03.920+0800] {logging_mixin.py:190} INFO - [2025-03-24T21:57:03.920+0800] {dag.py:4180} INFO - Setting next_dagrun for example_bash_decorator to None, run_after=None
[2025-03-24T21:57:03.935+0800] {processor.py:208} INFO - Processing /Users/dionneleow/IS3107/IS3107-group11/backend/venv/lib/python3.12/site-packages/airflow/example_dags/example_bash_decorator.py took 0.150 seconds
[2025-03-24T21:59:19.554+0800] {processor.py:186} INFO - Started process (PID=67067) to work on /Users/dionneleow/IS3107/IS3107-group11/backend/venv/lib/python3.12/site-packages/airflow/example_dags/example_bash_decorator.py
[2025-03-24T21:59:19.554+0800] {processor.py:914} INFO - Processing file /Users/dionneleow/IS3107/IS3107-group11/backend/venv/lib/python3.12/site-packages/airflow/example_dags/example_bash_decorator.py for tasks to queue
[2025-03-24T21:59:19.555+0800] {logging_mixin.py:190} INFO - [2025-03-24T21:59:19.555+0800] {dagbag.py:588} INFO - Filling up the DagBag from /Users/dionneleow/IS3107/IS3107-group11/backend/venv/lib/python3.12/site-packages/airflow/example_dags/example_bash_decorator.py
[2025-03-24T21:59:19.574+0800] {processor.py:925} INFO - DAG(s) 'example_bash_decorator' retrieved from /Users/dionneleow/IS3107/IS3107-group11/backend/venv/lib/python3.12/site-packages/airflow/example_dags/example_bash_decorator.py
[2025-03-24T21:59:19.682+0800] {logging_mixin.py:190} INFO - [2025-03-24T21:59:19.681+0800] {dag.py:3239} INFO - Sync 1 DAGs
[2025-03-24T21:59:19.685+0800] {logging_mixin.py:190} INFO - [2025-03-24T21:59:19.685+0800] {dag.py:4180} INFO - Setting next_dagrun for example_bash_decorator to None, run_after=None
[2025-03-24T21:59:19.692+0800] {processor.py:208} INFO - Processing /Users/dionneleow/IS3107/IS3107-group11/backend/venv/lib/python3.12/site-packages/airflow/example_dags/example_bash_decorator.py took 0.139 seconds
[2025-03-24T22:01:24.720+0800] {processor.py:186} INFO - Started process (PID=67800) to work on /Users/dionneleow/IS3107/IS3107-group11/backend/venv/lib/python3.12/site-packages/airflow/example_dags/example_bash_decorator.py
[2025-03-24T22:01:24.720+0800] {processor.py:914} INFO - Processing file /Users/dionneleow/IS3107/IS3107-group11/backend/venv/lib/python3.12/site-packages/airflow/example_dags/example_bash_decorator.py for tasks to queue
[2025-03-24T22:01:24.721+0800] {logging_mixin.py:190} INFO - [2025-03-24T22:01:24.721+0800] {dagbag.py:588} INFO - Filling up the DagBag from /Users/dionneleow/IS3107/IS3107-group11/backend/venv/lib/python3.12/site-packages/airflow/example_dags/example_bash_decorator.py
[2025-03-24T22:01:24.738+0800] {processor.py:925} INFO - DAG(s) 'example_bash_decorator' retrieved from /Users/dionneleow/IS3107/IS3107-group11/backend/venv/lib/python3.12/site-packages/airflow/example_dags/example_bash_decorator.py
[2025-03-24T22:01:24.822+0800] {logging_mixin.py:190} INFO - [2025-03-24T22:01:24.822+0800] {dag.py:3239} INFO - Sync 1 DAGs
[2025-03-24T22:01:24.825+0800] {logging_mixin.py:190} INFO - [2025-03-24T22:01:24.825+0800] {dag.py:4180} INFO - Setting next_dagrun for example_bash_decorator to None, run_after=None
[2025-03-24T22:01:24.832+0800] {processor.py:208} INFO - Processing /Users/dionneleow/IS3107/IS3107-group11/backend/venv/lib/python3.12/site-packages/airflow/example_dags/example_bash_decorator.py took 0.114 seconds
[2025-03-24T22:03:38.697+0800] {processor.py:186} INFO - Started process (PID=68618) to work on /Users/dionneleow/IS3107/IS3107-group11/backend/venv/lib/python3.12/site-packages/airflow/example_dags/example_bash_decorator.py
[2025-03-24T22:03:38.697+0800] {processor.py:914} INFO - Processing file /Users/dionneleow/IS3107/IS3107-group11/backend/venv/lib/python3.12/site-packages/airflow/example_dags/example_bash_decorator.py for tasks to queue
[2025-03-24T22:03:38.698+0800] {logging_mixin.py:190} INFO - [2025-03-24T22:03:38.698+0800] {dagbag.py:588} INFO - Filling up the DagBag from /Users/dionneleow/IS3107/IS3107-group11/backend/venv/lib/python3.12/site-packages/airflow/example_dags/example_bash_decorator.py
[2025-03-24T22:03:38.714+0800] {processor.py:925} INFO - DAG(s) 'example_bash_decorator' retrieved from /Users/dionneleow/IS3107/IS3107-group11/backend/venv/lib/python3.12/site-packages/airflow/example_dags/example_bash_decorator.py
[2025-03-24T22:03:38.796+0800] {logging_mixin.py:190} INFO - [2025-03-24T22:03:38.796+0800] {dag.py:3239} INFO - Sync 1 DAGs
[2025-03-24T22:03:38.800+0800] {logging_mixin.py:190} INFO - [2025-03-24T22:03:38.799+0800] {dag.py:4180} INFO - Setting next_dagrun for example_bash_decorator to None, run_after=None
[2025-03-24T22:03:38.806+0800] {processor.py:208} INFO - Processing /Users/dionneleow/IS3107/IS3107-group11/backend/venv/lib/python3.12/site-packages/airflow/example_dags/example_bash_decorator.py took 0.110 seconds
[2025-03-24T22:05:52.719+0800] {processor.py:186} INFO - Started process (PID=69318) to work on /Users/dionneleow/IS3107/IS3107-group11/backend/venv/lib/python3.12/site-packages/airflow/example_dags/example_bash_decorator.py
[2025-03-24T22:05:52.720+0800] {processor.py:914} INFO - Processing file /Users/dionneleow/IS3107/IS3107-group11/backend/venv/lib/python3.12/site-packages/airflow/example_dags/example_bash_decorator.py for tasks to queue
[2025-03-24T22:05:52.721+0800] {logging_mixin.py:190} INFO - [2025-03-24T22:05:52.720+0800] {dagbag.py:588} INFO - Filling up the DagBag from /Users/dionneleow/IS3107/IS3107-group11/backend/venv/lib/python3.12/site-packages/airflow/example_dags/example_bash_decorator.py
[2025-03-24T22:05:52.738+0800] {processor.py:925} INFO - DAG(s) 'example_bash_decorator' retrieved from /Users/dionneleow/IS3107/IS3107-group11/backend/venv/lib/python3.12/site-packages/airflow/example_dags/example_bash_decorator.py
[2025-03-24T22:05:52.823+0800] {logging_mixin.py:190} INFO - [2025-03-24T22:05:52.823+0800] {dag.py:3239} INFO - Sync 1 DAGs
[2025-03-24T22:05:52.826+0800] {logging_mixin.py:190} INFO - [2025-03-24T22:05:52.826+0800] {dag.py:4180} INFO - Setting next_dagrun for example_bash_decorator to None, run_after=None
[2025-03-24T22:05:52.832+0800] {processor.py:208} INFO - Processing /Users/dionneleow/IS3107/IS3107-group11/backend/venv/lib/python3.12/site-packages/airflow/example_dags/example_bash_decorator.py took 0.115 seconds
[2025-03-24T22:08:14.330+0800] {processor.py:186} INFO - Started process (PID=70100) to work on /Users/dionneleow/IS3107/IS3107-group11/backend/venv/lib/python3.12/site-packages/airflow/example_dags/example_bash_decorator.py
[2025-03-24T22:08:14.333+0800] {processor.py:914} INFO - Processing file /Users/dionneleow/IS3107/IS3107-group11/backend/venv/lib/python3.12/site-packages/airflow/example_dags/example_bash_decorator.py for tasks to queue
[2025-03-24T22:08:14.333+0800] {logging_mixin.py:190} INFO - [2025-03-24T22:08:14.333+0800] {dagbag.py:588} INFO - Filling up the DagBag from /Users/dionneleow/IS3107/IS3107-group11/backend/venv/lib/python3.12/site-packages/airflow/example_dags/example_bash_decorator.py
[2025-03-24T22:08:14.350+0800] {processor.py:925} INFO - DAG(s) 'example_bash_decorator' retrieved from /Users/dionneleow/IS3107/IS3107-group11/backend/venv/lib/python3.12/site-packages/airflow/example_dags/example_bash_decorator.py
[2025-03-24T22:08:14.436+0800] {logging_mixin.py:190} INFO - [2025-03-24T22:08:14.436+0800] {dag.py:3239} INFO - Sync 1 DAGs
[2025-03-24T22:08:14.439+0800] {logging_mixin.py:190} INFO - [2025-03-24T22:08:14.439+0800] {dag.py:4180} INFO - Setting next_dagrun for example_bash_decorator to None, run_after=None
[2025-03-24T22:08:14.446+0800] {processor.py:208} INFO - Processing /Users/dionneleow/IS3107/IS3107-group11/backend/venv/lib/python3.12/site-packages/airflow/example_dags/example_bash_decorator.py took 0.117 seconds
