[2025-03-24T21:49:40.443+0800] {processor.py:186} INFO - Started process (PID=63405) to work on /Users/dionneleow/IS3107/IS3107-group11/backend/venv/lib/python3.12/site-packages/airflow/example_dags/example_dataset_alias_with_no_taskflow.py
[2025-03-24T21:49:40.445+0800] {processor.py:914} INFO - Processing file /Users/dionneleow/IS3107/IS3107-group11/backend/venv/lib/python3.12/site-packages/airflow/example_dags/example_dataset_alias_with_no_taskflow.py for tasks to queue
[2025-03-24T21:49:40.445+0800] {logging_mixin.py:190} INFO - [2025-03-24T21:49:40.445+0800] {dagbag.py:588} INFO - Filling up the DagBag from /Users/dionneleow/IS3107/IS3107-group11/backend/venv/lib/python3.12/site-packages/airflow/example_dags/example_dataset_alias_with_no_taskflow.py
[2025-03-24T21:49:40.503+0800] {processor.py:925} INFO - DAG(s) 'dataset_alias_example_alias_producer_with_no_taskflow', 'dataset_s3_bucket_producer_with_no_taskflow', 'dataset_s3_bucket_consumer_with_no_taskflow', 'dataset_alias_example_alias_consumer_with_no_taskflow' retrieved from /Users/dionneleow/IS3107/IS3107-group11/backend/venv/lib/python3.12/site-packages/airflow/example_dags/example_dataset_alias_with_no_taskflow.py
[2025-03-24T21:49:40.584+0800] {logging_mixin.py:190} INFO - [2025-03-24T21:49:40.584+0800] {override.py:1912} INFO - Created Permission View: can edit on DAG:dataset_alias_example_alias_producer_with_no_taskflow
[2025-03-24T21:49:40.588+0800] {logging_mixin.py:190} INFO - [2025-03-24T21:49:40.587+0800] {override.py:1912} INFO - Created Permission View: can read on DAG:dataset_alias_example_alias_producer_with_no_taskflow
[2025-03-24T21:49:40.590+0800] {logging_mixin.py:190} INFO - [2025-03-24T21:49:40.590+0800] {override.py:1912} INFO - Created Permission View: can delete on DAG:dataset_alias_example_alias_producer_with_no_taskflow
[2025-03-24T21:49:40.593+0800] {logging_mixin.py:190} INFO - [2025-03-24T21:49:40.592+0800] {override.py:1912} INFO - Created Permission View: menu access on DAG Run:dataset_alias_example_alias_producer_with_no_taskflow
[2025-03-24T21:49:40.594+0800] {logging_mixin.py:190} INFO - [2025-03-24T21:49:40.594+0800] {override.py:1912} INFO - Created Permission View: can create on DAG Run:dataset_alias_example_alias_producer_with_no_taskflow
[2025-03-24T21:49:40.597+0800] {logging_mixin.py:190} INFO - [2025-03-24T21:49:40.597+0800] {override.py:1912} INFO - Created Permission View: can read on DAG Run:dataset_alias_example_alias_producer_with_no_taskflow
[2025-03-24T21:49:40.599+0800] {logging_mixin.py:190} INFO - [2025-03-24T21:49:40.598+0800] {override.py:1912} INFO - Created Permission View: can delete on DAG Run:dataset_alias_example_alias_producer_with_no_taskflow
[2025-03-24T21:49:40.603+0800] {logging_mixin.py:190} INFO - [2025-03-24T21:49:40.603+0800] {override.py:1912} INFO - Created Permission View: can edit on DAG:dataset_s3_bucket_producer_with_no_taskflow
[2025-03-24T21:49:40.605+0800] {logging_mixin.py:190} INFO - [2025-03-24T21:49:40.604+0800] {override.py:1912} INFO - Created Permission View: can read on DAG:dataset_s3_bucket_producer_with_no_taskflow
[2025-03-24T21:49:40.606+0800] {logging_mixin.py:190} INFO - [2025-03-24T21:49:40.606+0800] {override.py:1912} INFO - Created Permission View: can delete on DAG:dataset_s3_bucket_producer_with_no_taskflow
[2025-03-24T21:49:40.609+0800] {logging_mixin.py:190} INFO - [2025-03-24T21:49:40.609+0800] {override.py:1912} INFO - Created Permission View: menu access on DAG Run:dataset_s3_bucket_producer_with_no_taskflow
[2025-03-24T21:49:40.611+0800] {logging_mixin.py:190} INFO - [2025-03-24T21:49:40.611+0800] {override.py:1912} INFO - Created Permission View: can create on DAG Run:dataset_s3_bucket_producer_with_no_taskflow
[2025-03-24T21:49:40.613+0800] {logging_mixin.py:190} INFO - [2025-03-24T21:49:40.613+0800] {override.py:1912} INFO - Created Permission View: can read on DAG Run:dataset_s3_bucket_producer_with_no_taskflow
[2025-03-24T21:49:40.615+0800] {logging_mixin.py:190} INFO - [2025-03-24T21:49:40.615+0800] {override.py:1912} INFO - Created Permission View: can delete on DAG Run:dataset_s3_bucket_producer_with_no_taskflow
[2025-03-24T21:49:40.619+0800] {logging_mixin.py:190} INFO - [2025-03-24T21:49:40.619+0800] {override.py:1912} INFO - Created Permission View: can edit on DAG:dataset_s3_bucket_consumer_with_no_taskflow
[2025-03-24T21:49:40.621+0800] {logging_mixin.py:190} INFO - [2025-03-24T21:49:40.621+0800] {override.py:1912} INFO - Created Permission View: can read on DAG:dataset_s3_bucket_consumer_with_no_taskflow
[2025-03-24T21:49:40.622+0800] {logging_mixin.py:190} INFO - [2025-03-24T21:49:40.622+0800] {override.py:1912} INFO - Created Permission View: can delete on DAG:dataset_s3_bucket_consumer_with_no_taskflow
[2025-03-24T21:49:40.625+0800] {logging_mixin.py:190} INFO - [2025-03-24T21:49:40.625+0800] {override.py:1912} INFO - Created Permission View: menu access on DAG Run:dataset_s3_bucket_consumer_with_no_taskflow
[2025-03-24T21:49:40.627+0800] {logging_mixin.py:190} INFO - [2025-03-24T21:49:40.627+0800] {override.py:1912} INFO - Created Permission View: can create on DAG Run:dataset_s3_bucket_consumer_with_no_taskflow
[2025-03-24T21:49:40.629+0800] {logging_mixin.py:190} INFO - [2025-03-24T21:49:40.629+0800] {override.py:1912} INFO - Created Permission View: can read on DAG Run:dataset_s3_bucket_consumer_with_no_taskflow
[2025-03-24T21:49:40.630+0800] {logging_mixin.py:190} INFO - [2025-03-24T21:49:40.630+0800] {override.py:1912} INFO - Created Permission View: can delete on DAG Run:dataset_s3_bucket_consumer_with_no_taskflow
[2025-03-24T21:49:40.634+0800] {logging_mixin.py:190} INFO - [2025-03-24T21:49:40.634+0800] {override.py:1912} INFO - Created Permission View: can edit on DAG:dataset_alias_example_alias_consumer_with_no_taskflow
[2025-03-24T21:49:40.637+0800] {logging_mixin.py:190} INFO - [2025-03-24T21:49:40.636+0800] {override.py:1912} INFO - Created Permission View: can read on DAG:dataset_alias_example_alias_consumer_with_no_taskflow
[2025-03-24T21:49:40.638+0800] {logging_mixin.py:190} INFO - [2025-03-24T21:49:40.638+0800] {override.py:1912} INFO - Created Permission View: can delete on DAG:dataset_alias_example_alias_consumer_with_no_taskflow
[2025-03-24T21:49:40.644+0800] {logging_mixin.py:190} INFO - [2025-03-24T21:49:40.644+0800] {override.py:1912} INFO - Created Permission View: menu access on DAG Run:dataset_alias_example_alias_consumer_with_no_taskflow
[2025-03-24T21:49:40.646+0800] {logging_mixin.py:190} INFO - [2025-03-24T21:49:40.646+0800] {override.py:1912} INFO - Created Permission View: can create on DAG Run:dataset_alias_example_alias_consumer_with_no_taskflow
[2025-03-24T21:49:40.648+0800] {logging_mixin.py:190} INFO - [2025-03-24T21:49:40.648+0800] {override.py:1912} INFO - Created Permission View: can read on DAG Run:dataset_alias_example_alias_consumer_with_no_taskflow
[2025-03-24T21:49:40.650+0800] {logging_mixin.py:190} INFO - [2025-03-24T21:49:40.650+0800] {override.py:1912} INFO - Created Permission View: can delete on DAG Run:dataset_alias_example_alias_consumer_with_no_taskflow
[2025-03-24T21:49:40.650+0800] {logging_mixin.py:190} INFO - [2025-03-24T21:49:40.650+0800] {dag.py:3239} INFO - Sync 4 DAGs
[2025-03-24T21:49:40.654+0800] {logging_mixin.py:190} INFO - [2025-03-24T21:49:40.654+0800] {dag.py:3262} INFO - Creating ORM DAG for dataset_alias_example_alias_consumer_with_no_taskflow
[2025-03-24T21:49:40.654+0800] {logging_mixin.py:190} INFO - [2025-03-24T21:49:40.654+0800] {dag.py:3262} INFO - Creating ORM DAG for dataset_s3_bucket_consumer_with_no_taskflow
[2025-03-24T21:49:40.654+0800] {logging_mixin.py:190} INFO - [2025-03-24T21:49:40.654+0800] {dag.py:3262} INFO - Creating ORM DAG for dataset_alias_example_alias_producer_with_no_taskflow
[2025-03-24T21:49:40.654+0800] {logging_mixin.py:190} INFO - [2025-03-24T21:49:40.654+0800] {dag.py:3262} INFO - Creating ORM DAG for dataset_s3_bucket_producer_with_no_taskflow
[2025-03-24T21:49:40.657+0800] {logging_mixin.py:190} INFO - [2025-03-24T21:49:40.657+0800] {dag.py:4180} INFO - Setting next_dagrun for dataset_alias_example_alias_consumer_with_no_taskflow to None, run_after=None
[2025-03-24T21:49:40.657+0800] {logging_mixin.py:190} INFO - [2025-03-24T21:49:40.657+0800] {dag.py:4180} INFO - Setting next_dagrun for dataset_alias_example_alias_producer_with_no_taskflow to None, run_after=None
[2025-03-24T21:49:40.657+0800] {logging_mixin.py:190} INFO - [2025-03-24T21:49:40.657+0800] {dag.py:4180} INFO - Setting next_dagrun for dataset_s3_bucket_consumer_with_no_taskflow to None, run_after=None
[2025-03-24T21:49:40.658+0800] {logging_mixin.py:190} INFO - [2025-03-24T21:49:40.658+0800] {dag.py:4180} INFO - Setting next_dagrun for dataset_s3_bucket_producer_with_no_taskflow to None, run_after=None
[2025-03-24T21:49:40.664+0800] {logging_mixin.py:190} INFO - [2025-03-24T21:49:40.664+0800] {workday.py:41} WARNING - Could not import pandas. Holidays will not be considered.
[2025-03-24T21:49:40.671+0800] {processor.py:208} INFO - Processing /Users/dionneleow/IS3107/IS3107-group11/backend/venv/lib/python3.12/site-packages/airflow/example_dags/example_dataset_alias_with_no_taskflow.py took 0.230 seconds
[2025-03-24T21:52:10.460+0800] {processor.py:186} INFO - Started process (PID=64416) to work on /Users/dionneleow/IS3107/IS3107-group11/backend/venv/lib/python3.12/site-packages/airflow/example_dags/example_dataset_alias_with_no_taskflow.py
[2025-03-24T21:52:10.460+0800] {processor.py:914} INFO - Processing file /Users/dionneleow/IS3107/IS3107-group11/backend/venv/lib/python3.12/site-packages/airflow/example_dags/example_dataset_alias_with_no_taskflow.py for tasks to queue
[2025-03-24T21:52:10.461+0800] {logging_mixin.py:190} INFO - [2025-03-24T21:52:10.461+0800] {dagbag.py:588} INFO - Filling up the DagBag from /Users/dionneleow/IS3107/IS3107-group11/backend/venv/lib/python3.12/site-packages/airflow/example_dags/example_dataset_alias_with_no_taskflow.py
[2025-03-24T21:52:10.514+0800] {processor.py:925} INFO - DAG(s) 'dataset_s3_bucket_producer_with_no_taskflow', 'dataset_s3_bucket_consumer_with_no_taskflow', 'dataset_alias_example_alias_consumer_with_no_taskflow', 'dataset_alias_example_alias_producer_with_no_taskflow' retrieved from /Users/dionneleow/IS3107/IS3107-group11/backend/venv/lib/python3.12/site-packages/airflow/example_dags/example_dataset_alias_with_no_taskflow.py
[2025-03-24T21:52:10.547+0800] {logging_mixin.py:190} INFO - [2025-03-24T21:52:10.547+0800] {dag.py:3239} INFO - Sync 4 DAGs
[2025-03-24T21:52:10.553+0800] {logging_mixin.py:190} INFO - [2025-03-24T21:52:10.553+0800] {dag.py:4180} INFO - Setting next_dagrun for dataset_alias_example_alias_consumer_with_no_taskflow to None, run_after=None
[2025-03-24T21:52:10.554+0800] {logging_mixin.py:190} INFO - [2025-03-24T21:52:10.554+0800] {dag.py:4180} INFO - Setting next_dagrun for dataset_alias_example_alias_producer_with_no_taskflow to None, run_after=None
[2025-03-24T21:52:10.554+0800] {logging_mixin.py:190} INFO - [2025-03-24T21:52:10.554+0800] {dag.py:4180} INFO - Setting next_dagrun for dataset_s3_bucket_consumer_with_no_taskflow to None, run_after=None
[2025-03-24T21:52:10.554+0800] {logging_mixin.py:190} INFO - [2025-03-24T21:52:10.554+0800] {dag.py:4180} INFO - Setting next_dagrun for dataset_s3_bucket_producer_with_no_taskflow to None, run_after=None
[2025-03-24T21:52:10.561+0800] {processor.py:208} INFO - Processing /Users/dionneleow/IS3107/IS3107-group11/backend/venv/lib/python3.12/site-packages/airflow/example_dags/example_dataset_alias_with_no_taskflow.py took 0.103 seconds
[2025-03-24T21:54:24.214+0800] {processor.py:186} INFO - Started process (PID=65235) to work on /Users/dionneleow/IS3107/IS3107-group11/backend/venv/lib/python3.12/site-packages/airflow/example_dags/example_dataset_alias_with_no_taskflow.py
[2025-03-24T21:54:24.214+0800] {processor.py:914} INFO - Processing file /Users/dionneleow/IS3107/IS3107-group11/backend/venv/lib/python3.12/site-packages/airflow/example_dags/example_dataset_alias_with_no_taskflow.py for tasks to queue
[2025-03-24T21:54:24.215+0800] {logging_mixin.py:190} INFO - [2025-03-24T21:54:24.215+0800] {dagbag.py:588} INFO - Filling up the DagBag from /Users/dionneleow/IS3107/IS3107-group11/backend/venv/lib/python3.12/site-packages/airflow/example_dags/example_dataset_alias_with_no_taskflow.py
[2025-03-24T21:54:24.270+0800] {processor.py:925} INFO - DAG(s) 'dataset_alias_example_alias_producer_with_no_taskflow', 'dataset_alias_example_alias_consumer_with_no_taskflow', 'dataset_s3_bucket_consumer_with_no_taskflow', 'dataset_s3_bucket_producer_with_no_taskflow' retrieved from /Users/dionneleow/IS3107/IS3107-group11/backend/venv/lib/python3.12/site-packages/airflow/example_dags/example_dataset_alias_with_no_taskflow.py
[2025-03-24T21:54:24.305+0800] {logging_mixin.py:190} INFO - [2025-03-24T21:54:24.305+0800] {dag.py:3239} INFO - Sync 4 DAGs
[2025-03-24T21:54:24.311+0800] {logging_mixin.py:190} INFO - [2025-03-24T21:54:24.311+0800] {dag.py:4180} INFO - Setting next_dagrun for dataset_alias_example_alias_consumer_with_no_taskflow to None, run_after=None
[2025-03-24T21:54:24.312+0800] {logging_mixin.py:190} INFO - [2025-03-24T21:54:24.312+0800] {dag.py:4180} INFO - Setting next_dagrun for dataset_alias_example_alias_producer_with_no_taskflow to None, run_after=None
[2025-03-24T21:54:24.312+0800] {logging_mixin.py:190} INFO - [2025-03-24T21:54:24.312+0800] {dag.py:4180} INFO - Setting next_dagrun for dataset_s3_bucket_consumer_with_no_taskflow to None, run_after=None
[2025-03-24T21:54:24.312+0800] {logging_mixin.py:190} INFO - [2025-03-24T21:54:24.312+0800] {dag.py:4180} INFO - Setting next_dagrun for dataset_s3_bucket_producer_with_no_taskflow to None, run_after=None
[2025-03-24T21:54:24.319+0800] {processor.py:208} INFO - Processing /Users/dionneleow/IS3107/IS3107-group11/backend/venv/lib/python3.12/site-packages/airflow/example_dags/example_dataset_alias_with_no_taskflow.py took 0.107 seconds
[2025-03-24T21:56:45.153+0800] {processor.py:186} INFO - Started process (PID=66123) to work on /Users/dionneleow/IS3107/IS3107-group11/backend/venv/lib/python3.12/site-packages/airflow/example_dags/example_dataset_alias_with_no_taskflow.py
[2025-03-24T21:56:45.154+0800] {processor.py:914} INFO - Processing file /Users/dionneleow/IS3107/IS3107-group11/backend/venv/lib/python3.12/site-packages/airflow/example_dags/example_dataset_alias_with_no_taskflow.py for tasks to queue
[2025-03-24T21:56:45.154+0800] {logging_mixin.py:190} INFO - [2025-03-24T21:56:45.154+0800] {dagbag.py:588} INFO - Filling up the DagBag from /Users/dionneleow/IS3107/IS3107-group11/backend/venv/lib/python3.12/site-packages/airflow/example_dags/example_dataset_alias_with_no_taskflow.py
[2025-03-24T21:56:45.203+0800] {processor.py:925} INFO - DAG(s) 'dataset_alias_example_alias_consumer_with_no_taskflow', 'dataset_alias_example_alias_producer_with_no_taskflow', 'dataset_s3_bucket_consumer_with_no_taskflow', 'dataset_s3_bucket_producer_with_no_taskflow' retrieved from /Users/dionneleow/IS3107/IS3107-group11/backend/venv/lib/python3.12/site-packages/airflow/example_dags/example_dataset_alias_with_no_taskflow.py
[2025-03-24T21:56:45.238+0800] {logging_mixin.py:190} INFO - [2025-03-24T21:56:45.238+0800] {dag.py:3239} INFO - Sync 4 DAGs
[2025-03-24T21:56:45.244+0800] {logging_mixin.py:190} INFO - [2025-03-24T21:56:45.244+0800] {dag.py:4180} INFO - Setting next_dagrun for dataset_alias_example_alias_consumer_with_no_taskflow to None, run_after=None
[2025-03-24T21:56:45.244+0800] {logging_mixin.py:190} INFO - [2025-03-24T21:56:45.244+0800] {dag.py:4180} INFO - Setting next_dagrun for dataset_alias_example_alias_producer_with_no_taskflow to None, run_after=None
[2025-03-24T21:56:45.245+0800] {logging_mixin.py:190} INFO - [2025-03-24T21:56:45.245+0800] {dag.py:4180} INFO - Setting next_dagrun for dataset_s3_bucket_consumer_with_no_taskflow to None, run_after=None
[2025-03-24T21:56:45.245+0800] {logging_mixin.py:190} INFO - [2025-03-24T21:56:45.245+0800] {dag.py:4180} INFO - Setting next_dagrun for dataset_s3_bucket_producer_with_no_taskflow to None, run_after=None
[2025-03-24T21:56:45.252+0800] {processor.py:208} INFO - Processing /Users/dionneleow/IS3107/IS3107-group11/backend/venv/lib/python3.12/site-packages/airflow/example_dags/example_dataset_alias_with_no_taskflow.py took 0.101 seconds
[2025-03-24T21:59:03.196+0800] {processor.py:186} INFO - Started process (PID=66976) to work on /Users/dionneleow/IS3107/IS3107-group11/backend/venv/lib/python3.12/site-packages/airflow/example_dags/example_dataset_alias_with_no_taskflow.py
[2025-03-24T21:59:03.196+0800] {processor.py:914} INFO - Processing file /Users/dionneleow/IS3107/IS3107-group11/backend/venv/lib/python3.12/site-packages/airflow/example_dags/example_dataset_alias_with_no_taskflow.py for tasks to queue
[2025-03-24T21:59:03.197+0800] {logging_mixin.py:190} INFO - [2025-03-24T21:59:03.197+0800] {dagbag.py:588} INFO - Filling up the DagBag from /Users/dionneleow/IS3107/IS3107-group11/backend/venv/lib/python3.12/site-packages/airflow/example_dags/example_dataset_alias_with_no_taskflow.py
[2025-03-24T21:59:03.245+0800] {processor.py:925} INFO - DAG(s) 'dataset_s3_bucket_consumer_with_no_taskflow', 'dataset_alias_example_alias_consumer_with_no_taskflow', 'dataset_s3_bucket_producer_with_no_taskflow', 'dataset_alias_example_alias_producer_with_no_taskflow' retrieved from /Users/dionneleow/IS3107/IS3107-group11/backend/venv/lib/python3.12/site-packages/airflow/example_dags/example_dataset_alias_with_no_taskflow.py
[2025-03-24T21:59:03.276+0800] {logging_mixin.py:190} INFO - [2025-03-24T21:59:03.276+0800] {dag.py:3239} INFO - Sync 4 DAGs
[2025-03-24T21:59:03.282+0800] {logging_mixin.py:190} INFO - [2025-03-24T21:59:03.282+0800] {dag.py:4180} INFO - Setting next_dagrun for dataset_alias_example_alias_consumer_with_no_taskflow to None, run_after=None
[2025-03-24T21:59:03.284+0800] {logging_mixin.py:190} INFO - [2025-03-24T21:59:03.283+0800] {dag.py:4180} INFO - Setting next_dagrun for dataset_alias_example_alias_producer_with_no_taskflow to None, run_after=None
[2025-03-24T21:59:03.284+0800] {logging_mixin.py:190} INFO - [2025-03-24T21:59:03.284+0800] {dag.py:4180} INFO - Setting next_dagrun for dataset_s3_bucket_consumer_with_no_taskflow to None, run_after=None
[2025-03-24T21:59:03.284+0800] {logging_mixin.py:190} INFO - [2025-03-24T21:59:03.284+0800] {dag.py:4180} INFO - Setting next_dagrun for dataset_s3_bucket_producer_with_no_taskflow to None, run_after=None
[2025-03-24T21:59:03.292+0800] {processor.py:208} INFO - Processing /Users/dionneleow/IS3107/IS3107-group11/backend/venv/lib/python3.12/site-packages/airflow/example_dags/example_dataset_alias_with_no_taskflow.py took 0.097 seconds
[2025-03-24T22:01:06.874+0800] {processor.py:186} INFO - Started process (PID=67694) to work on /Users/dionneleow/IS3107/IS3107-group11/backend/venv/lib/python3.12/site-packages/airflow/example_dags/example_dataset_alias_with_no_taskflow.py
[2025-03-24T22:01:06.875+0800] {processor.py:914} INFO - Processing file /Users/dionneleow/IS3107/IS3107-group11/backend/venv/lib/python3.12/site-packages/airflow/example_dags/example_dataset_alias_with_no_taskflow.py for tasks to queue
[2025-03-24T22:01:06.875+0800] {logging_mixin.py:190} INFO - [2025-03-24T22:01:06.875+0800] {dagbag.py:588} INFO - Filling up the DagBag from /Users/dionneleow/IS3107/IS3107-group11/backend/venv/lib/python3.12/site-packages/airflow/example_dags/example_dataset_alias_with_no_taskflow.py
[2025-03-24T22:01:06.926+0800] {processor.py:925} INFO - DAG(s) 'dataset_s3_bucket_consumer_with_no_taskflow', 'dataset_alias_example_alias_consumer_with_no_taskflow', 'dataset_s3_bucket_producer_with_no_taskflow', 'dataset_alias_example_alias_producer_with_no_taskflow' retrieved from /Users/dionneleow/IS3107/IS3107-group11/backend/venv/lib/python3.12/site-packages/airflow/example_dags/example_dataset_alias_with_no_taskflow.py
[2025-03-24T22:01:06.961+0800] {logging_mixin.py:190} INFO - [2025-03-24T22:01:06.960+0800] {dag.py:3239} INFO - Sync 4 DAGs
[2025-03-24T22:01:06.967+0800] {logging_mixin.py:190} INFO - [2025-03-24T22:01:06.967+0800] {dag.py:4180} INFO - Setting next_dagrun for dataset_alias_example_alias_consumer_with_no_taskflow to None, run_after=None
[2025-03-24T22:01:06.967+0800] {logging_mixin.py:190} INFO - [2025-03-24T22:01:06.967+0800] {dag.py:4180} INFO - Setting next_dagrun for dataset_alias_example_alias_producer_with_no_taskflow to None, run_after=None
[2025-03-24T22:01:06.968+0800] {logging_mixin.py:190} INFO - [2025-03-24T22:01:06.968+0800] {dag.py:4180} INFO - Setting next_dagrun for dataset_s3_bucket_consumer_with_no_taskflow to None, run_after=None
[2025-03-24T22:01:06.968+0800] {logging_mixin.py:190} INFO - [2025-03-24T22:01:06.968+0800] {dag.py:4180} INFO - Setting next_dagrun for dataset_s3_bucket_producer_with_no_taskflow to None, run_after=None
[2025-03-24T22:01:06.975+0800] {processor.py:208} INFO - Processing /Users/dionneleow/IS3107/IS3107-group11/backend/venv/lib/python3.12/site-packages/airflow/example_dags/example_dataset_alias_with_no_taskflow.py took 0.102 seconds
[2025-03-24T22:03:20.191+0800] {processor.py:186} INFO - Started process (PID=68517) to work on /Users/dionneleow/IS3107/IS3107-group11/backend/venv/lib/python3.12/site-packages/airflow/example_dags/example_dataset_alias_with_no_taskflow.py
[2025-03-24T22:03:20.192+0800] {processor.py:914} INFO - Processing file /Users/dionneleow/IS3107/IS3107-group11/backend/venv/lib/python3.12/site-packages/airflow/example_dags/example_dataset_alias_with_no_taskflow.py for tasks to queue
[2025-03-24T22:03:20.192+0800] {logging_mixin.py:190} INFO - [2025-03-24T22:03:20.192+0800] {dagbag.py:588} INFO - Filling up the DagBag from /Users/dionneleow/IS3107/IS3107-group11/backend/venv/lib/python3.12/site-packages/airflow/example_dags/example_dataset_alias_with_no_taskflow.py
[2025-03-24T22:03:20.238+0800] {processor.py:925} INFO - DAG(s) 'dataset_s3_bucket_consumer_with_no_taskflow', 'dataset_alias_example_alias_producer_with_no_taskflow', 'dataset_s3_bucket_producer_with_no_taskflow', 'dataset_alias_example_alias_consumer_with_no_taskflow' retrieved from /Users/dionneleow/IS3107/IS3107-group11/backend/venv/lib/python3.12/site-packages/airflow/example_dags/example_dataset_alias_with_no_taskflow.py
[2025-03-24T22:03:20.270+0800] {logging_mixin.py:190} INFO - [2025-03-24T22:03:20.270+0800] {dag.py:3239} INFO - Sync 4 DAGs
[2025-03-24T22:03:20.276+0800] {logging_mixin.py:190} INFO - [2025-03-24T22:03:20.276+0800] {dag.py:4180} INFO - Setting next_dagrun for dataset_alias_example_alias_consumer_with_no_taskflow to None, run_after=None
[2025-03-24T22:03:20.277+0800] {logging_mixin.py:190} INFO - [2025-03-24T22:03:20.277+0800] {dag.py:4180} INFO - Setting next_dagrun for dataset_alias_example_alias_producer_with_no_taskflow to None, run_after=None
[2025-03-24T22:03:20.277+0800] {logging_mixin.py:190} INFO - [2025-03-24T22:03:20.277+0800] {dag.py:4180} INFO - Setting next_dagrun for dataset_s3_bucket_consumer_with_no_taskflow to None, run_after=None
[2025-03-24T22:03:20.278+0800] {logging_mixin.py:190} INFO - [2025-03-24T22:03:20.277+0800] {dag.py:4180} INFO - Setting next_dagrun for dataset_s3_bucket_producer_with_no_taskflow to None, run_after=None
[2025-03-24T22:03:20.284+0800] {processor.py:208} INFO - Processing /Users/dionneleow/IS3107/IS3107-group11/backend/venv/lib/python3.12/site-packages/airflow/example_dags/example_dataset_alias_with_no_taskflow.py took 0.094 seconds
[2025-03-24T22:05:32.965+0800] {processor.py:186} INFO - Started process (PID=69226) to work on /Users/dionneleow/IS3107/IS3107-group11/backend/venv/lib/python3.12/site-packages/airflow/example_dags/example_dataset_alias_with_no_taskflow.py
[2025-03-24T22:05:32.966+0800] {processor.py:914} INFO - Processing file /Users/dionneleow/IS3107/IS3107-group11/backend/venv/lib/python3.12/site-packages/airflow/example_dags/example_dataset_alias_with_no_taskflow.py for tasks to queue
[2025-03-24T22:05:32.966+0800] {logging_mixin.py:190} INFO - [2025-03-24T22:05:32.966+0800] {dagbag.py:588} INFO - Filling up the DagBag from /Users/dionneleow/IS3107/IS3107-group11/backend/venv/lib/python3.12/site-packages/airflow/example_dags/example_dataset_alias_with_no_taskflow.py
[2025-03-24T22:05:33.014+0800] {processor.py:925} INFO - DAG(s) 'dataset_alias_example_alias_consumer_with_no_taskflow', 'dataset_s3_bucket_consumer_with_no_taskflow', 'dataset_s3_bucket_producer_with_no_taskflow', 'dataset_alias_example_alias_producer_with_no_taskflow' retrieved from /Users/dionneleow/IS3107/IS3107-group11/backend/venv/lib/python3.12/site-packages/airflow/example_dags/example_dataset_alias_with_no_taskflow.py
[2025-03-24T22:05:33.047+0800] {logging_mixin.py:190} INFO - [2025-03-24T22:05:33.047+0800] {dag.py:3239} INFO - Sync 4 DAGs
[2025-03-24T22:05:33.052+0800] {logging_mixin.py:190} INFO - [2025-03-24T22:05:33.052+0800] {dag.py:4180} INFO - Setting next_dagrun for dataset_alias_example_alias_consumer_with_no_taskflow to None, run_after=None
[2025-03-24T22:05:33.054+0800] {logging_mixin.py:190} INFO - [2025-03-24T22:05:33.054+0800] {dag.py:4180} INFO - Setting next_dagrun for dataset_alias_example_alias_producer_with_no_taskflow to None, run_after=None
[2025-03-24T22:05:33.054+0800] {logging_mixin.py:190} INFO - [2025-03-24T22:05:33.054+0800] {dag.py:4180} INFO - Setting next_dagrun for dataset_s3_bucket_consumer_with_no_taskflow to None, run_after=None
[2025-03-24T22:05:33.055+0800] {logging_mixin.py:190} INFO - [2025-03-24T22:05:33.055+0800] {dag.py:4180} INFO - Setting next_dagrun for dataset_s3_bucket_producer_with_no_taskflow to None, run_after=None
[2025-03-24T22:05:33.061+0800] {processor.py:208} INFO - Processing /Users/dionneleow/IS3107/IS3107-group11/backend/venv/lib/python3.12/site-packages/airflow/example_dags/example_dataset_alias_with_no_taskflow.py took 0.097 seconds
[2025-03-24T22:07:54.140+0800] {processor.py:186} INFO - Started process (PID=69986) to work on /Users/dionneleow/IS3107/IS3107-group11/backend/venv/lib/python3.12/site-packages/airflow/example_dags/example_dataset_alias_with_no_taskflow.py
[2025-03-24T22:07:54.141+0800] {processor.py:914} INFO - Processing file /Users/dionneleow/IS3107/IS3107-group11/backend/venv/lib/python3.12/site-packages/airflow/example_dags/example_dataset_alias_with_no_taskflow.py for tasks to queue
[2025-03-24T22:07:54.141+0800] {logging_mixin.py:190} INFO - [2025-03-24T22:07:54.141+0800] {dagbag.py:588} INFO - Filling up the DagBag from /Users/dionneleow/IS3107/IS3107-group11/backend/venv/lib/python3.12/site-packages/airflow/example_dags/example_dataset_alias_with_no_taskflow.py
[2025-03-24T22:07:54.190+0800] {processor.py:925} INFO - DAG(s) 'dataset_s3_bucket_producer_with_no_taskflow', 'dataset_alias_example_alias_consumer_with_no_taskflow', 'dataset_alias_example_alias_producer_with_no_taskflow', 'dataset_s3_bucket_consumer_with_no_taskflow' retrieved from /Users/dionneleow/IS3107/IS3107-group11/backend/venv/lib/python3.12/site-packages/airflow/example_dags/example_dataset_alias_with_no_taskflow.py
[2025-03-24T22:07:54.224+0800] {logging_mixin.py:190} INFO - [2025-03-24T22:07:54.223+0800] {dag.py:3239} INFO - Sync 4 DAGs
[2025-03-24T22:07:54.229+0800] {logging_mixin.py:190} INFO - [2025-03-24T22:07:54.229+0800] {dag.py:4180} INFO - Setting next_dagrun for dataset_alias_example_alias_consumer_with_no_taskflow to None, run_after=None
[2025-03-24T22:07:54.230+0800] {logging_mixin.py:190} INFO - [2025-03-24T22:07:54.230+0800] {dag.py:4180} INFO - Setting next_dagrun for dataset_alias_example_alias_producer_with_no_taskflow to None, run_after=None
[2025-03-24T22:07:54.230+0800] {logging_mixin.py:190} INFO - [2025-03-24T22:07:54.230+0800] {dag.py:4180} INFO - Setting next_dagrun for dataset_s3_bucket_consumer_with_no_taskflow to None, run_after=None
[2025-03-24T22:07:54.231+0800] {logging_mixin.py:190} INFO - [2025-03-24T22:07:54.231+0800] {dag.py:4180} INFO - Setting next_dagrun for dataset_s3_bucket_producer_with_no_taskflow to None, run_after=None
[2025-03-24T22:07:54.238+0800] {processor.py:208} INFO - Processing /Users/dionneleow/IS3107/IS3107-group11/backend/venv/lib/python3.12/site-packages/airflow/example_dags/example_dataset_alias_with_no_taskflow.py took 0.098 seconds
