[2025-03-24T21:49:37.958+0800] {processor.py:186} INFO - Started process (PID=63389) to work on /Users/dionneleow/IS3107/IS3107-group11/backend/venv/lib/python3.12/site-packages/airflow/example_dags/example_datasets.py
[2025-03-24T21:49:37.959+0800] {processor.py:914} INFO - Processing file /Users/dionneleow/IS3107/IS3107-group11/backend/venv/lib/python3.12/site-packages/airflow/example_dags/example_datasets.py for tasks to queue
[2025-03-24T21:49:37.959+0800] {logging_mixin.py:190} INFO - [2025-03-24T21:49:37.959+0800] {dagbag.py:588} INFO - Filling up the DagBag from /Users/dionneleow/IS3107/IS3107-group11/backend/venv/lib/python3.12/site-packages/airflow/example_dags/example_datasets.py
[2025-03-24T21:49:37.983+0800] {processor.py:925} INFO - DAG(s) 'consume_1_or_2_with_dataset_expressions', 'dataset_produces_1', 'dataset_consumes_1_never_scheduled', 'consume_1_or_both_2_and_3_with_dataset_expressions', 'dataset_consumes_1', 'dataset_consumes_1_and_2', 'dataset_produces_2', 'consume_1_and_2_with_dataset_expressions', 'conditional_dataset_and_time_based_timetable', 'dataset_consumes_unknown_never_scheduled' retrieved from /Users/dionneleow/IS3107/IS3107-group11/backend/venv/lib/python3.12/site-packages/airflow/example_dags/example_datasets.py
[2025-03-24T21:49:38.074+0800] {logging_mixin.py:190} INFO - [2025-03-24T21:49:38.074+0800] {override.py:1912} INFO - Created Permission View: can read on DAG:consume_1_or_2_with_dataset_expressions
[2025-03-24T21:49:38.077+0800] {logging_mixin.py:190} INFO - [2025-03-24T21:49:38.077+0800] {override.py:1912} INFO - Created Permission View: can delete on DAG:consume_1_or_2_with_dataset_expressions
[2025-03-24T21:49:38.079+0800] {logging_mixin.py:190} INFO - [2025-03-24T21:49:38.079+0800] {override.py:1912} INFO - Created Permission View: can edit on DAG:consume_1_or_2_with_dataset_expressions
[2025-03-24T21:49:38.082+0800] {logging_mixin.py:190} INFO - [2025-03-24T21:49:38.082+0800] {override.py:1912} INFO - Created Permission View: can read on DAG Run:consume_1_or_2_with_dataset_expressions
[2025-03-24T21:49:38.084+0800] {logging_mixin.py:190} INFO - [2025-03-24T21:49:38.083+0800] {override.py:1912} INFO - Created Permission View: can delete on DAG Run:consume_1_or_2_with_dataset_expressions
[2025-03-24T21:49:38.085+0800] {logging_mixin.py:190} INFO - [2025-03-24T21:49:38.085+0800] {override.py:1912} INFO - Created Permission View: can create on DAG Run:consume_1_or_2_with_dataset_expressions
[2025-03-24T21:49:38.087+0800] {logging_mixin.py:190} INFO - [2025-03-24T21:49:38.087+0800] {override.py:1912} INFO - Created Permission View: menu access on DAG Run:consume_1_or_2_with_dataset_expressions
[2025-03-24T21:49:38.091+0800] {logging_mixin.py:190} INFO - [2025-03-24T21:49:38.091+0800] {override.py:1912} INFO - Created Permission View: can read on DAG:dataset_produces_1
[2025-03-24T21:49:38.093+0800] {logging_mixin.py:190} INFO - [2025-03-24T21:49:38.093+0800] {override.py:1912} INFO - Created Permission View: can delete on DAG:dataset_produces_1
[2025-03-24T21:49:38.095+0800] {logging_mixin.py:190} INFO - [2025-03-24T21:49:38.094+0800] {override.py:1912} INFO - Created Permission View: can edit on DAG:dataset_produces_1
[2025-03-24T21:49:38.097+0800] {logging_mixin.py:190} INFO - [2025-03-24T21:49:38.097+0800] {override.py:1912} INFO - Created Permission View: can read on DAG Run:dataset_produces_1
[2025-03-24T21:49:38.099+0800] {logging_mixin.py:190} INFO - [2025-03-24T21:49:38.098+0800] {override.py:1912} INFO - Created Permission View: can delete on DAG Run:dataset_produces_1
[2025-03-24T21:49:38.100+0800] {logging_mixin.py:190} INFO - [2025-03-24T21:49:38.100+0800] {override.py:1912} INFO - Created Permission View: can create on DAG Run:dataset_produces_1
[2025-03-24T21:49:38.102+0800] {logging_mixin.py:190} INFO - [2025-03-24T21:49:38.102+0800] {override.py:1912} INFO - Created Permission View: menu access on DAG Run:dataset_produces_1
[2025-03-24T21:49:38.106+0800] {logging_mixin.py:190} INFO - [2025-03-24T21:49:38.106+0800] {override.py:1912} INFO - Created Permission View: can read on DAG:dataset_consumes_1_never_scheduled
[2025-03-24T21:49:38.107+0800] {logging_mixin.py:190} INFO - [2025-03-24T21:49:38.107+0800] {override.py:1912} INFO - Created Permission View: can delete on DAG:dataset_consumes_1_never_scheduled
[2025-03-24T21:49:38.109+0800] {logging_mixin.py:190} INFO - [2025-03-24T21:49:38.109+0800] {override.py:1912} INFO - Created Permission View: can edit on DAG:dataset_consumes_1_never_scheduled
[2025-03-24T21:49:38.112+0800] {logging_mixin.py:190} INFO - [2025-03-24T21:49:38.112+0800] {override.py:1912} INFO - Created Permission View: can read on DAG Run:dataset_consumes_1_never_scheduled
[2025-03-24T21:49:38.113+0800] {logging_mixin.py:190} INFO - [2025-03-24T21:49:38.113+0800] {override.py:1912} INFO - Created Permission View: can delete on DAG Run:dataset_consumes_1_never_scheduled
[2025-03-24T21:49:38.115+0800] {logging_mixin.py:190} INFO - [2025-03-24T21:49:38.115+0800] {override.py:1912} INFO - Created Permission View: can create on DAG Run:dataset_consumes_1_never_scheduled
[2025-03-24T21:49:38.117+0800] {logging_mixin.py:190} INFO - [2025-03-24T21:49:38.117+0800] {override.py:1912} INFO - Created Permission View: menu access on DAG Run:dataset_consumes_1_never_scheduled
[2025-03-24T21:49:38.120+0800] {logging_mixin.py:190} INFO - [2025-03-24T21:49:38.120+0800] {override.py:1912} INFO - Created Permission View: can read on DAG:consume_1_or_both_2_and_3_with_dataset_expressions
[2025-03-24T21:49:38.122+0800] {logging_mixin.py:190} INFO - [2025-03-24T21:49:38.122+0800] {override.py:1912} INFO - Created Permission View: can delete on DAG:consume_1_or_both_2_and_3_with_dataset_expressions
[2025-03-24T21:49:38.124+0800] {logging_mixin.py:190} INFO - [2025-03-24T21:49:38.124+0800] {override.py:1912} INFO - Created Permission View: can edit on DAG:consume_1_or_both_2_and_3_with_dataset_expressions
[2025-03-24T21:49:38.126+0800] {logging_mixin.py:190} INFO - [2025-03-24T21:49:38.126+0800] {override.py:1912} INFO - Created Permission View: can read on DAG Run:consume_1_or_both_2_and_3_with_dataset_expressions
[2025-03-24T21:49:38.128+0800] {logging_mixin.py:190} INFO - [2025-03-24T21:49:38.128+0800] {override.py:1912} INFO - Created Permission View: can delete on DAG Run:consume_1_or_both_2_and_3_with_dataset_expressions
[2025-03-24T21:49:38.130+0800] {logging_mixin.py:190} INFO - [2025-03-24T21:49:38.130+0800] {override.py:1912} INFO - Created Permission View: can create on DAG Run:consume_1_or_both_2_and_3_with_dataset_expressions
[2025-03-24T21:49:38.131+0800] {logging_mixin.py:190} INFO - [2025-03-24T21:49:38.131+0800] {override.py:1912} INFO - Created Permission View: menu access on DAG Run:consume_1_or_both_2_and_3_with_dataset_expressions
[2025-03-24T21:49:38.135+0800] {logging_mixin.py:190} INFO - [2025-03-24T21:49:38.135+0800] {override.py:1912} INFO - Created Permission View: can read on DAG:dataset_consumes_1
[2025-03-24T21:49:38.137+0800] {logging_mixin.py:190} INFO - [2025-03-24T21:49:38.137+0800] {override.py:1912} INFO - Created Permission View: can delete on DAG:dataset_consumes_1
[2025-03-24T21:49:38.139+0800] {logging_mixin.py:190} INFO - [2025-03-24T21:49:38.139+0800] {override.py:1912} INFO - Created Permission View: can edit on DAG:dataset_consumes_1
[2025-03-24T21:49:38.141+0800] {logging_mixin.py:190} INFO - [2025-03-24T21:49:38.141+0800] {override.py:1912} INFO - Created Permission View: can read on DAG Run:dataset_consumes_1
[2025-03-24T21:49:38.143+0800] {logging_mixin.py:190} INFO - [2025-03-24T21:49:38.143+0800] {override.py:1912} INFO - Created Permission View: can delete on DAG Run:dataset_consumes_1
[2025-03-24T21:49:38.145+0800] {logging_mixin.py:190} INFO - [2025-03-24T21:49:38.145+0800] {override.py:1912} INFO - Created Permission View: can create on DAG Run:dataset_consumes_1
[2025-03-24T21:49:38.146+0800] {logging_mixin.py:190} INFO - [2025-03-24T21:49:38.146+0800] {override.py:1912} INFO - Created Permission View: menu access on DAG Run:dataset_consumes_1
[2025-03-24T21:49:38.150+0800] {logging_mixin.py:190} INFO - [2025-03-24T21:49:38.150+0800] {override.py:1912} INFO - Created Permission View: can read on DAG:dataset_consumes_1_and_2
[2025-03-24T21:49:38.152+0800] {logging_mixin.py:190} INFO - [2025-03-24T21:49:38.152+0800] {override.py:1912} INFO - Created Permission View: can delete on DAG:dataset_consumes_1_and_2
[2025-03-24T21:49:38.153+0800] {logging_mixin.py:190} INFO - [2025-03-24T21:49:38.153+0800] {override.py:1912} INFO - Created Permission View: can edit on DAG:dataset_consumes_1_and_2
[2025-03-24T21:49:38.156+0800] {logging_mixin.py:190} INFO - [2025-03-24T21:49:38.155+0800] {override.py:1912} INFO - Created Permission View: can read on DAG Run:dataset_consumes_1_and_2
[2025-03-24T21:49:38.157+0800] {logging_mixin.py:190} INFO - [2025-03-24T21:49:38.157+0800] {override.py:1912} INFO - Created Permission View: can delete on DAG Run:dataset_consumes_1_and_2
[2025-03-24T21:49:38.159+0800] {logging_mixin.py:190} INFO - [2025-03-24T21:49:38.159+0800] {override.py:1912} INFO - Created Permission View: can create on DAG Run:dataset_consumes_1_and_2
[2025-03-24T21:49:38.161+0800] {logging_mixin.py:190} INFO - [2025-03-24T21:49:38.161+0800] {override.py:1912} INFO - Created Permission View: menu access on DAG Run:dataset_consumes_1_and_2
[2025-03-24T21:49:38.164+0800] {logging_mixin.py:190} INFO - [2025-03-24T21:49:38.164+0800] {override.py:1912} INFO - Created Permission View: can read on DAG:dataset_produces_2
[2025-03-24T21:49:38.166+0800] {logging_mixin.py:190} INFO - [2025-03-24T21:49:38.166+0800] {override.py:1912} INFO - Created Permission View: can delete on DAG:dataset_produces_2
[2025-03-24T21:49:38.168+0800] {logging_mixin.py:190} INFO - [2025-03-24T21:49:38.168+0800] {override.py:1912} INFO - Created Permission View: can edit on DAG:dataset_produces_2
[2025-03-24T21:49:38.170+0800] {logging_mixin.py:190} INFO - [2025-03-24T21:49:38.170+0800] {override.py:1912} INFO - Created Permission View: can read on DAG Run:dataset_produces_2
[2025-03-24T21:49:38.172+0800] {logging_mixin.py:190} INFO - [2025-03-24T21:49:38.172+0800] {override.py:1912} INFO - Created Permission View: can delete on DAG Run:dataset_produces_2
[2025-03-24T21:49:38.173+0800] {logging_mixin.py:190} INFO - [2025-03-24T21:49:38.173+0800] {override.py:1912} INFO - Created Permission View: can create on DAG Run:dataset_produces_2
[2025-03-24T21:49:38.175+0800] {logging_mixin.py:190} INFO - [2025-03-24T21:49:38.175+0800] {override.py:1912} INFO - Created Permission View: menu access on DAG Run:dataset_produces_2
[2025-03-24T21:49:38.179+0800] {logging_mixin.py:190} INFO - [2025-03-24T21:49:38.179+0800] {override.py:1912} INFO - Created Permission View: can read on DAG:consume_1_and_2_with_dataset_expressions
[2025-03-24T21:49:38.180+0800] {logging_mixin.py:190} INFO - [2025-03-24T21:49:38.180+0800] {override.py:1912} INFO - Created Permission View: can delete on DAG:consume_1_and_2_with_dataset_expressions
[2025-03-24T21:49:38.182+0800] {logging_mixin.py:190} INFO - [2025-03-24T21:49:38.182+0800] {override.py:1912} INFO - Created Permission View: can edit on DAG:consume_1_and_2_with_dataset_expressions
[2025-03-24T21:49:38.184+0800] {logging_mixin.py:190} INFO - [2025-03-24T21:49:38.184+0800] {override.py:1912} INFO - Created Permission View: can read on DAG Run:consume_1_and_2_with_dataset_expressions
[2025-03-24T21:49:38.186+0800] {logging_mixin.py:190} INFO - [2025-03-24T21:49:38.186+0800] {override.py:1912} INFO - Created Permission View: can delete on DAG Run:consume_1_and_2_with_dataset_expressions
[2025-03-24T21:49:38.188+0800] {logging_mixin.py:190} INFO - [2025-03-24T21:49:38.188+0800] {override.py:1912} INFO - Created Permission View: can create on DAG Run:consume_1_and_2_with_dataset_expressions
[2025-03-24T21:49:38.190+0800] {logging_mixin.py:190} INFO - [2025-03-24T21:49:38.189+0800] {override.py:1912} INFO - Created Permission View: menu access on DAG Run:consume_1_and_2_with_dataset_expressions
[2025-03-24T21:49:38.193+0800] {logging_mixin.py:190} INFO - [2025-03-24T21:49:38.193+0800] {override.py:1912} INFO - Created Permission View: can read on DAG:conditional_dataset_and_time_based_timetable
[2025-03-24T21:49:38.195+0800] {logging_mixin.py:190} INFO - [2025-03-24T21:49:38.195+0800] {override.py:1912} INFO - Created Permission View: can delete on DAG:conditional_dataset_and_time_based_timetable
[2025-03-24T21:49:38.196+0800] {logging_mixin.py:190} INFO - [2025-03-24T21:49:38.196+0800] {override.py:1912} INFO - Created Permission View: can edit on DAG:conditional_dataset_and_time_based_timetable
[2025-03-24T21:49:38.199+0800] {logging_mixin.py:190} INFO - [2025-03-24T21:49:38.199+0800] {override.py:1912} INFO - Created Permission View: can read on DAG Run:conditional_dataset_and_time_based_timetable
[2025-03-24T21:49:38.200+0800] {logging_mixin.py:190} INFO - [2025-03-24T21:49:38.200+0800] {override.py:1912} INFO - Created Permission View: can delete on DAG Run:conditional_dataset_and_time_based_timetable
[2025-03-24T21:49:38.202+0800] {logging_mixin.py:190} INFO - [2025-03-24T21:49:38.202+0800] {override.py:1912} INFO - Created Permission View: can create on DAG Run:conditional_dataset_and_time_based_timetable
[2025-03-24T21:49:38.204+0800] {logging_mixin.py:190} INFO - [2025-03-24T21:49:38.204+0800] {override.py:1912} INFO - Created Permission View: menu access on DAG Run:conditional_dataset_and_time_based_timetable
[2025-03-24T21:49:38.207+0800] {logging_mixin.py:190} INFO - [2025-03-24T21:49:38.207+0800] {override.py:1912} INFO - Created Permission View: can read on DAG:dataset_consumes_unknown_never_scheduled
[2025-03-24T21:49:38.209+0800] {logging_mixin.py:190} INFO - [2025-03-24T21:49:38.209+0800] {override.py:1912} INFO - Created Permission View: can delete on DAG:dataset_consumes_unknown_never_scheduled
[2025-03-24T21:49:38.211+0800] {logging_mixin.py:190} INFO - [2025-03-24T21:49:38.211+0800] {override.py:1912} INFO - Created Permission View: can edit on DAG:dataset_consumes_unknown_never_scheduled
[2025-03-24T21:49:38.213+0800] {logging_mixin.py:190} INFO - [2025-03-24T21:49:38.213+0800] {override.py:1912} INFO - Created Permission View: can read on DAG Run:dataset_consumes_unknown_never_scheduled
[2025-03-24T21:49:38.215+0800] {logging_mixin.py:190} INFO - [2025-03-24T21:49:38.215+0800] {override.py:1912} INFO - Created Permission View: can delete on DAG Run:dataset_consumes_unknown_never_scheduled
[2025-03-24T21:49:38.216+0800] {logging_mixin.py:190} INFO - [2025-03-24T21:49:38.216+0800] {override.py:1912} INFO - Created Permission View: can create on DAG Run:dataset_consumes_unknown_never_scheduled
[2025-03-24T21:49:38.218+0800] {logging_mixin.py:190} INFO - [2025-03-24T21:49:38.218+0800] {override.py:1912} INFO - Created Permission View: menu access on DAG Run:dataset_consumes_unknown_never_scheduled
[2025-03-24T21:49:38.218+0800] {logging_mixin.py:190} INFO - [2025-03-24T21:49:38.218+0800] {dag.py:3239} INFO - Sync 10 DAGs
[2025-03-24T21:49:38.222+0800] {logging_mixin.py:190} INFO - [2025-03-24T21:49:38.222+0800] {dag.py:3262} INFO - Creating ORM DAG for consume_1_or_2_with_dataset_expressions
[2025-03-24T21:49:38.222+0800] {logging_mixin.py:190} INFO - [2025-03-24T21:49:38.222+0800] {dag.py:3262} INFO - Creating ORM DAG for consume_1_and_2_with_dataset_expressions
[2025-03-24T21:49:38.222+0800] {logging_mixin.py:190} INFO - [2025-03-24T21:49:38.222+0800] {dag.py:3262} INFO - Creating ORM DAG for dataset_consumes_unknown_never_scheduled
[2025-03-24T21:49:38.222+0800] {logging_mixin.py:190} INFO - [2025-03-24T21:49:38.222+0800] {dag.py:3262} INFO - Creating ORM DAG for consume_1_or_both_2_and_3_with_dataset_expressions
[2025-03-24T21:49:38.223+0800] {logging_mixin.py:190} INFO - [2025-03-24T21:49:38.223+0800] {dag.py:3262} INFO - Creating ORM DAG for dataset_consumes_1_and_2
[2025-03-24T21:49:38.223+0800] {logging_mixin.py:190} INFO - [2025-03-24T21:49:38.223+0800] {dag.py:3262} INFO - Creating ORM DAG for conditional_dataset_and_time_based_timetable
[2025-03-24T21:49:38.223+0800] {logging_mixin.py:190} INFO - [2025-03-24T21:49:38.223+0800] {dag.py:3262} INFO - Creating ORM DAG for dataset_produces_2
[2025-03-24T21:49:38.223+0800] {logging_mixin.py:190} INFO - [2025-03-24T21:49:38.223+0800] {dag.py:3262} INFO - Creating ORM DAG for dataset_produces_1
[2025-03-24T21:49:38.223+0800] {logging_mixin.py:190} INFO - [2025-03-24T21:49:38.223+0800] {dag.py:3262} INFO - Creating ORM DAG for dataset_consumes_1_never_scheduled
[2025-03-24T21:49:38.223+0800] {logging_mixin.py:190} INFO - [2025-03-24T21:49:38.223+0800] {dag.py:3262} INFO - Creating ORM DAG for dataset_consumes_1
[2025-03-24T21:49:38.226+0800] {logging_mixin.py:190} INFO - [2025-03-24T21:49:38.226+0800] {dag.py:4180} INFO - Setting next_dagrun for conditional_dataset_and_time_based_timetable to 2025-03-19 01:00:00+00:00, run_after=2025-03-19 01:00:00+00:00
[2025-03-24T21:49:38.226+0800] {logging_mixin.py:190} INFO - [2025-03-24T21:49:38.226+0800] {dag.py:4180} INFO - Setting next_dagrun for consume_1_and_2_with_dataset_expressions to None, run_after=None
[2025-03-24T21:49:38.226+0800] {logging_mixin.py:190} INFO - [2025-03-24T21:49:38.226+0800] {dag.py:4180} INFO - Setting next_dagrun for consume_1_or_2_with_dataset_expressions to None, run_after=None
[2025-03-24T21:49:38.226+0800] {logging_mixin.py:190} INFO - [2025-03-24T21:49:38.226+0800] {dag.py:4180} INFO - Setting next_dagrun for consume_1_or_both_2_and_3_with_dataset_expressions to None, run_after=None
[2025-03-24T21:49:38.226+0800] {logging_mixin.py:190} INFO - [2025-03-24T21:49:38.226+0800] {dag.py:4180} INFO - Setting next_dagrun for dataset_consumes_1 to None, run_after=None
[2025-03-24T21:49:38.227+0800] {logging_mixin.py:190} INFO - [2025-03-24T21:49:38.227+0800] {dag.py:4180} INFO - Setting next_dagrun for dataset_consumes_1_and_2 to None, run_after=None
[2025-03-24T21:49:38.227+0800] {logging_mixin.py:190} INFO - [2025-03-24T21:49:38.227+0800] {dag.py:4180} INFO - Setting next_dagrun for dataset_consumes_1_never_scheduled to None, run_after=None
[2025-03-24T21:49:38.227+0800] {logging_mixin.py:190} INFO - [2025-03-24T21:49:38.227+0800] {dag.py:4180} INFO - Setting next_dagrun for dataset_consumes_unknown_never_scheduled to None, run_after=None
[2025-03-24T21:49:38.227+0800] {logging_mixin.py:190} INFO - [2025-03-24T21:49:38.227+0800] {dag.py:4180} INFO - Setting next_dagrun for dataset_produces_1 to 2025-03-23 00:00:00+00:00, run_after=2025-03-24 00:00:00+00:00
[2025-03-24T21:49:38.228+0800] {logging_mixin.py:190} INFO - [2025-03-24T21:49:38.227+0800] {dag.py:4180} INFO - Setting next_dagrun for dataset_produces_2 to None, run_after=None
[2025-03-24T21:49:38.234+0800] {logging_mixin.py:190} INFO - [2025-03-24T21:49:38.234+0800] {workday.py:41} WARNING - Could not import pandas. Holidays will not be considered.
[2025-03-24T21:49:38.242+0800] {processor.py:208} INFO - Processing /Users/dionneleow/IS3107/IS3107-group11/backend/venv/lib/python3.12/site-packages/airflow/example_dags/example_datasets.py took 0.285 seconds
[2025-03-24T21:52:08.555+0800] {processor.py:186} INFO - Started process (PID=64404) to work on /Users/dionneleow/IS3107/IS3107-group11/backend/venv/lib/python3.12/site-packages/airflow/example_dags/example_datasets.py
[2025-03-24T21:52:08.556+0800] {processor.py:914} INFO - Processing file /Users/dionneleow/IS3107/IS3107-group11/backend/venv/lib/python3.12/site-packages/airflow/example_dags/example_datasets.py for tasks to queue
[2025-03-24T21:52:08.556+0800] {logging_mixin.py:190} INFO - [2025-03-24T21:52:08.556+0800] {dagbag.py:588} INFO - Filling up the DagBag from /Users/dionneleow/IS3107/IS3107-group11/backend/venv/lib/python3.12/site-packages/airflow/example_dags/example_datasets.py
[2025-03-24T21:52:08.575+0800] {processor.py:925} INFO - DAG(s) 'dataset_produces_2', 'dataset_consumes_1', 'conditional_dataset_and_time_based_timetable', 'dataset_consumes_1_and_2', 'dataset_consumes_unknown_never_scheduled', 'dataset_consumes_1_never_scheduled', 'consume_1_and_2_with_dataset_expressions', 'consume_1_or_both_2_and_3_with_dataset_expressions', 'dataset_produces_1', 'consume_1_or_2_with_dataset_expressions' retrieved from /Users/dionneleow/IS3107/IS3107-group11/backend/venv/lib/python3.12/site-packages/airflow/example_dags/example_datasets.py
[2025-03-24T21:52:08.613+0800] {logging_mixin.py:190} INFO - [2025-03-24T21:52:08.613+0800] {dag.py:3239} INFO - Sync 10 DAGs
[2025-03-24T21:52:08.646+0800] {logging_mixin.py:190} INFO - [2025-03-24T21:52:08.646+0800] {dag.py:4180} INFO - Setting next_dagrun for conditional_dataset_and_time_based_timetable to 2025-03-19 01:00:00+00:00, run_after=2025-03-19 01:00:00+00:00
[2025-03-24T21:52:08.647+0800] {logging_mixin.py:190} INFO - [2025-03-24T21:52:08.647+0800] {dag.py:4180} INFO - Setting next_dagrun for consume_1_and_2_with_dataset_expressions to None, run_after=None
[2025-03-24T21:52:08.647+0800] {logging_mixin.py:190} INFO - [2025-03-24T21:52:08.647+0800] {dag.py:4180} INFO - Setting next_dagrun for consume_1_or_2_with_dataset_expressions to None, run_after=None
[2025-03-24T21:52:08.647+0800] {logging_mixin.py:190} INFO - [2025-03-24T21:52:08.647+0800] {dag.py:4180} INFO - Setting next_dagrun for consume_1_or_both_2_and_3_with_dataset_expressions to None, run_after=None
[2025-03-24T21:52:08.648+0800] {logging_mixin.py:190} INFO - [2025-03-24T21:52:08.648+0800] {dag.py:4180} INFO - Setting next_dagrun for dataset_consumes_1 to None, run_after=None
[2025-03-24T21:52:08.648+0800] {logging_mixin.py:190} INFO - [2025-03-24T21:52:08.648+0800] {dag.py:4180} INFO - Setting next_dagrun for dataset_consumes_1_and_2 to None, run_after=None
[2025-03-24T21:52:08.648+0800] {logging_mixin.py:190} INFO - [2025-03-24T21:52:08.648+0800] {dag.py:4180} INFO - Setting next_dagrun for dataset_consumes_1_never_scheduled to None, run_after=None
[2025-03-24T21:52:08.648+0800] {logging_mixin.py:190} INFO - [2025-03-24T21:52:08.648+0800] {dag.py:4180} INFO - Setting next_dagrun for dataset_consumes_unknown_never_scheduled to None, run_after=None
[2025-03-24T21:52:08.649+0800] {logging_mixin.py:190} INFO - [2025-03-24T21:52:08.649+0800] {dag.py:4180} INFO - Setting next_dagrun for dataset_produces_1 to 2025-03-23 00:00:00+00:00, run_after=2025-03-24 00:00:00+00:00
[2025-03-24T21:52:08.649+0800] {logging_mixin.py:190} INFO - [2025-03-24T21:52:08.649+0800] {dag.py:4180} INFO - Setting next_dagrun for dataset_produces_2 to None, run_after=None
[2025-03-24T21:52:08.659+0800] {processor.py:208} INFO - Processing /Users/dionneleow/IS3107/IS3107-group11/backend/venv/lib/python3.12/site-packages/airflow/example_dags/example_datasets.py took 0.106 seconds
[2025-03-24T21:54:22.332+0800] {processor.py:186} INFO - Started process (PID=65226) to work on /Users/dionneleow/IS3107/IS3107-group11/backend/venv/lib/python3.12/site-packages/airflow/example_dags/example_datasets.py
[2025-03-24T21:54:22.333+0800] {processor.py:914} INFO - Processing file /Users/dionneleow/IS3107/IS3107-group11/backend/venv/lib/python3.12/site-packages/airflow/example_dags/example_datasets.py for tasks to queue
[2025-03-24T21:54:22.333+0800] {logging_mixin.py:190} INFO - [2025-03-24T21:54:22.333+0800] {dagbag.py:588} INFO - Filling up the DagBag from /Users/dionneleow/IS3107/IS3107-group11/backend/venv/lib/python3.12/site-packages/airflow/example_dags/example_datasets.py
[2025-03-24T21:54:22.352+0800] {processor.py:925} INFO - DAG(s) 'dataset_produces_2', 'dataset_consumes_1_never_scheduled', 'dataset_consumes_1_and_2', 'consume_1_and_2_with_dataset_expressions', 'dataset_consumes_unknown_never_scheduled', 'dataset_produces_1', 'dataset_consumes_1', 'consume_1_or_2_with_dataset_expressions', 'consume_1_or_both_2_and_3_with_dataset_expressions', 'conditional_dataset_and_time_based_timetable' retrieved from /Users/dionneleow/IS3107/IS3107-group11/backend/venv/lib/python3.12/site-packages/airflow/example_dags/example_datasets.py
[2025-03-24T21:54:22.388+0800] {logging_mixin.py:190} INFO - [2025-03-24T21:54:22.388+0800] {dag.py:3239} INFO - Sync 10 DAGs
[2025-03-24T21:54:22.419+0800] {logging_mixin.py:190} INFO - [2025-03-24T21:54:22.419+0800] {dag.py:4180} INFO - Setting next_dagrun for conditional_dataset_and_time_based_timetable to 2025-03-19 01:00:00+00:00, run_after=2025-03-19 01:00:00+00:00
[2025-03-24T21:54:22.422+0800] {logging_mixin.py:190} INFO - [2025-03-24T21:54:22.422+0800] {dag.py:4180} INFO - Setting next_dagrun for consume_1_and_2_with_dataset_expressions to None, run_after=None
[2025-03-24T21:54:22.422+0800] {logging_mixin.py:190} INFO - [2025-03-24T21:54:22.422+0800] {dag.py:4180} INFO - Setting next_dagrun for consume_1_or_2_with_dataset_expressions to None, run_after=None
[2025-03-24T21:54:22.422+0800] {logging_mixin.py:190} INFO - [2025-03-24T21:54:22.422+0800] {dag.py:4180} INFO - Setting next_dagrun for consume_1_or_both_2_and_3_with_dataset_expressions to None, run_after=None
[2025-03-24T21:54:22.423+0800] {logging_mixin.py:190} INFO - [2025-03-24T21:54:22.423+0800] {dag.py:4180} INFO - Setting next_dagrun for dataset_consumes_1 to None, run_after=None
[2025-03-24T21:54:22.423+0800] {logging_mixin.py:190} INFO - [2025-03-24T21:54:22.423+0800] {dag.py:4180} INFO - Setting next_dagrun for dataset_consumes_1_and_2 to None, run_after=None
[2025-03-24T21:54:22.423+0800] {logging_mixin.py:190} INFO - [2025-03-24T21:54:22.423+0800] {dag.py:4180} INFO - Setting next_dagrun for dataset_consumes_1_never_scheduled to None, run_after=None
[2025-03-24T21:54:22.423+0800] {logging_mixin.py:190} INFO - [2025-03-24T21:54:22.423+0800] {dag.py:4180} INFO - Setting next_dagrun for dataset_consumes_unknown_never_scheduled to None, run_after=None
[2025-03-24T21:54:22.424+0800] {logging_mixin.py:190} INFO - [2025-03-24T21:54:22.424+0800] {dag.py:4180} INFO - Setting next_dagrun for dataset_produces_1 to 2025-03-23 00:00:00+00:00, run_after=2025-03-24 00:00:00+00:00
[2025-03-24T21:54:22.424+0800] {logging_mixin.py:190} INFO - [2025-03-24T21:54:22.424+0800] {dag.py:4180} INFO - Setting next_dagrun for dataset_produces_2 to None, run_after=None
[2025-03-24T21:54:22.433+0800] {processor.py:208} INFO - Processing /Users/dionneleow/IS3107/IS3107-group11/backend/venv/lib/python3.12/site-packages/airflow/example_dags/example_datasets.py took 0.102 seconds
[2025-03-24T21:56:43.285+0800] {processor.py:186} INFO - Started process (PID=66111) to work on /Users/dionneleow/IS3107/IS3107-group11/backend/venv/lib/python3.12/site-packages/airflow/example_dags/example_datasets.py
[2025-03-24T21:56:43.287+0800] {processor.py:914} INFO - Processing file /Users/dionneleow/IS3107/IS3107-group11/backend/venv/lib/python3.12/site-packages/airflow/example_dags/example_datasets.py for tasks to queue
[2025-03-24T21:56:43.287+0800] {logging_mixin.py:190} INFO - [2025-03-24T21:56:43.287+0800] {dagbag.py:588} INFO - Filling up the DagBag from /Users/dionneleow/IS3107/IS3107-group11/backend/venv/lib/python3.12/site-packages/airflow/example_dags/example_datasets.py
[2025-03-24T21:56:43.307+0800] {processor.py:925} INFO - DAG(s) 'dataset_consumes_1_and_2', 'dataset_produces_2', 'consume_1_and_2_with_dataset_expressions', 'dataset_consumes_1_never_scheduled', 'dataset_consumes_1', 'dataset_produces_1', 'consume_1_or_both_2_and_3_with_dataset_expressions', 'conditional_dataset_and_time_based_timetable', 'consume_1_or_2_with_dataset_expressions', 'dataset_consumes_unknown_never_scheduled' retrieved from /Users/dionneleow/IS3107/IS3107-group11/backend/venv/lib/python3.12/site-packages/airflow/example_dags/example_datasets.py
[2025-03-24T21:56:43.345+0800] {logging_mixin.py:190} INFO - [2025-03-24T21:56:43.345+0800] {dag.py:3239} INFO - Sync 10 DAGs
[2025-03-24T21:56:43.382+0800] {logging_mixin.py:190} INFO - [2025-03-24T21:56:43.382+0800] {dag.py:4180} INFO - Setting next_dagrun for conditional_dataset_and_time_based_timetable to 2025-03-19 01:00:00+00:00, run_after=2025-03-19 01:00:00+00:00
[2025-03-24T21:56:43.383+0800] {logging_mixin.py:190} INFO - [2025-03-24T21:56:43.383+0800] {dag.py:4180} INFO - Setting next_dagrun for consume_1_and_2_with_dataset_expressions to None, run_after=None
[2025-03-24T21:56:43.384+0800] {logging_mixin.py:190} INFO - [2025-03-24T21:56:43.384+0800] {dag.py:4180} INFO - Setting next_dagrun for consume_1_or_2_with_dataset_expressions to None, run_after=None
[2025-03-24T21:56:43.384+0800] {logging_mixin.py:190} INFO - [2025-03-24T21:56:43.384+0800] {dag.py:4180} INFO - Setting next_dagrun for consume_1_or_both_2_and_3_with_dataset_expressions to None, run_after=None
[2025-03-24T21:56:43.384+0800] {logging_mixin.py:190} INFO - [2025-03-24T21:56:43.384+0800] {dag.py:4180} INFO - Setting next_dagrun for dataset_consumes_1 to None, run_after=None
[2025-03-24T21:56:43.385+0800] {logging_mixin.py:190} INFO - [2025-03-24T21:56:43.384+0800] {dag.py:4180} INFO - Setting next_dagrun for dataset_consumes_1_and_2 to None, run_after=None
[2025-03-24T21:56:43.385+0800] {logging_mixin.py:190} INFO - [2025-03-24T21:56:43.385+0800] {dag.py:4180} INFO - Setting next_dagrun for dataset_consumes_1_never_scheduled to None, run_after=None
[2025-03-24T21:56:43.385+0800] {logging_mixin.py:190} INFO - [2025-03-24T21:56:43.385+0800] {dag.py:4180} INFO - Setting next_dagrun for dataset_consumes_unknown_never_scheduled to None, run_after=None
[2025-03-24T21:56:43.386+0800] {logging_mixin.py:190} INFO - [2025-03-24T21:56:43.386+0800] {dag.py:4180} INFO - Setting next_dagrun for dataset_produces_1 to 2025-03-23 00:00:00+00:00, run_after=2025-03-24 00:00:00+00:00
[2025-03-24T21:56:43.386+0800] {logging_mixin.py:190} INFO - [2025-03-24T21:56:43.386+0800] {dag.py:4180} INFO - Setting next_dagrun for dataset_produces_2 to None, run_after=None
[2025-03-24T21:56:43.394+0800] {processor.py:208} INFO - Processing /Users/dionneleow/IS3107/IS3107-group11/backend/venv/lib/python3.12/site-packages/airflow/example_dags/example_datasets.py took 0.111 seconds
[2025-03-24T21:59:01.325+0800] {processor.py:186} INFO - Started process (PID=66967) to work on /Users/dionneleow/IS3107/IS3107-group11/backend/venv/lib/python3.12/site-packages/airflow/example_dags/example_datasets.py
[2025-03-24T21:59:01.326+0800] {processor.py:914} INFO - Processing file /Users/dionneleow/IS3107/IS3107-group11/backend/venv/lib/python3.12/site-packages/airflow/example_dags/example_datasets.py for tasks to queue
[2025-03-24T21:59:01.326+0800] {logging_mixin.py:190} INFO - [2025-03-24T21:59:01.326+0800] {dagbag.py:588} INFO - Filling up the DagBag from /Users/dionneleow/IS3107/IS3107-group11/backend/venv/lib/python3.12/site-packages/airflow/example_dags/example_datasets.py
[2025-03-24T21:59:01.355+0800] {processor.py:925} INFO - DAG(s) 'dataset_consumes_unknown_never_scheduled', 'dataset_consumes_1_and_2', 'dataset_consumes_1', 'dataset_produces_1', 'consume_1_or_both_2_and_3_with_dataset_expressions', 'consume_1_and_2_with_dataset_expressions', 'dataset_consumes_1_never_scheduled', 'conditional_dataset_and_time_based_timetable', 'consume_1_or_2_with_dataset_expressions', 'dataset_produces_2' retrieved from /Users/dionneleow/IS3107/IS3107-group11/backend/venv/lib/python3.12/site-packages/airflow/example_dags/example_datasets.py
[2025-03-24T21:59:01.393+0800] {logging_mixin.py:190} INFO - [2025-03-24T21:59:01.393+0800] {dag.py:3239} INFO - Sync 10 DAGs
[2025-03-24T21:59:01.425+0800] {logging_mixin.py:190} INFO - [2025-03-24T21:59:01.425+0800] {dag.py:4180} INFO - Setting next_dagrun for conditional_dataset_and_time_based_timetable to 2025-03-19 01:00:00+00:00, run_after=2025-03-19 01:00:00+00:00
[2025-03-24T21:59:01.427+0800] {logging_mixin.py:190} INFO - [2025-03-24T21:59:01.426+0800] {dag.py:4180} INFO - Setting next_dagrun for consume_1_and_2_with_dataset_expressions to None, run_after=None
[2025-03-24T21:59:01.427+0800] {logging_mixin.py:190} INFO - [2025-03-24T21:59:01.427+0800] {dag.py:4180} INFO - Setting next_dagrun for consume_1_or_2_with_dataset_expressions to None, run_after=None
[2025-03-24T21:59:01.427+0800] {logging_mixin.py:190} INFO - [2025-03-24T21:59:01.427+0800] {dag.py:4180} INFO - Setting next_dagrun for consume_1_or_both_2_and_3_with_dataset_expressions to None, run_after=None
[2025-03-24T21:59:01.427+0800] {logging_mixin.py:190} INFO - [2025-03-24T21:59:01.427+0800] {dag.py:4180} INFO - Setting next_dagrun for dataset_consumes_1 to None, run_after=None
[2025-03-24T21:59:01.428+0800] {logging_mixin.py:190} INFO - [2025-03-24T21:59:01.428+0800] {dag.py:4180} INFO - Setting next_dagrun for dataset_consumes_1_and_2 to None, run_after=None
[2025-03-24T21:59:01.428+0800] {logging_mixin.py:190} INFO - [2025-03-24T21:59:01.428+0800] {dag.py:4180} INFO - Setting next_dagrun for dataset_consumes_1_never_scheduled to None, run_after=None
[2025-03-24T21:59:01.428+0800] {logging_mixin.py:190} INFO - [2025-03-24T21:59:01.428+0800] {dag.py:4180} INFO - Setting next_dagrun for dataset_consumes_unknown_never_scheduled to None, run_after=None
[2025-03-24T21:59:01.429+0800] {logging_mixin.py:190} INFO - [2025-03-24T21:59:01.429+0800] {dag.py:4180} INFO - Setting next_dagrun for dataset_produces_1 to 2025-03-23 00:00:00+00:00, run_after=2025-03-24 00:00:00+00:00
[2025-03-24T21:59:01.429+0800] {logging_mixin.py:190} INFO - [2025-03-24T21:59:01.429+0800] {dag.py:4180} INFO - Setting next_dagrun for dataset_produces_2 to None, run_after=None
[2025-03-24T21:59:01.439+0800] {processor.py:208} INFO - Processing /Users/dionneleow/IS3107/IS3107-group11/backend/venv/lib/python3.12/site-packages/airflow/example_dags/example_datasets.py took 0.115 seconds
[2025-03-24T22:01:04.974+0800] {processor.py:186} INFO - Started process (PID=67678) to work on /Users/dionneleow/IS3107/IS3107-group11/backend/venv/lib/python3.12/site-packages/airflow/example_dags/example_datasets.py
[2025-03-24T22:01:04.974+0800] {processor.py:914} INFO - Processing file /Users/dionneleow/IS3107/IS3107-group11/backend/venv/lib/python3.12/site-packages/airflow/example_dags/example_datasets.py for tasks to queue
[2025-03-24T22:01:04.975+0800] {logging_mixin.py:190} INFO - [2025-03-24T22:01:04.975+0800] {dagbag.py:588} INFO - Filling up the DagBag from /Users/dionneleow/IS3107/IS3107-group11/backend/venv/lib/python3.12/site-packages/airflow/example_dags/example_datasets.py
[2025-03-24T22:01:05.003+0800] {processor.py:925} INFO - DAG(s) 'dataset_consumes_1', 'dataset_produces_1', 'dataset_consumes_unknown_never_scheduled', 'dataset_consumes_1_and_2', 'conditional_dataset_and_time_based_timetable', 'consume_1_or_both_2_and_3_with_dataset_expressions', 'dataset_consumes_1_never_scheduled', 'dataset_produces_2', 'consume_1_and_2_with_dataset_expressions', 'consume_1_or_2_with_dataset_expressions' retrieved from /Users/dionneleow/IS3107/IS3107-group11/backend/venv/lib/python3.12/site-packages/airflow/example_dags/example_datasets.py
[2025-03-24T22:01:05.040+0800] {logging_mixin.py:190} INFO - [2025-03-24T22:01:05.040+0800] {dag.py:3239} INFO - Sync 10 DAGs
[2025-03-24T22:01:05.072+0800] {logging_mixin.py:190} INFO - [2025-03-24T22:01:05.071+0800] {dag.py:4180} INFO - Setting next_dagrun for conditional_dataset_and_time_based_timetable to 2025-03-19 01:00:00+00:00, run_after=2025-03-19 01:00:00+00:00
[2025-03-24T22:01:05.073+0800] {logging_mixin.py:190} INFO - [2025-03-24T22:01:05.073+0800] {dag.py:4180} INFO - Setting next_dagrun for consume_1_and_2_with_dataset_expressions to None, run_after=None
[2025-03-24T22:01:05.073+0800] {logging_mixin.py:190} INFO - [2025-03-24T22:01:05.073+0800] {dag.py:4180} INFO - Setting next_dagrun for consume_1_or_2_with_dataset_expressions to None, run_after=None
[2025-03-24T22:01:05.073+0800] {logging_mixin.py:190} INFO - [2025-03-24T22:01:05.073+0800] {dag.py:4180} INFO - Setting next_dagrun for consume_1_or_both_2_and_3_with_dataset_expressions to None, run_after=None
[2025-03-24T22:01:05.073+0800] {logging_mixin.py:190} INFO - [2025-03-24T22:01:05.073+0800] {dag.py:4180} INFO - Setting next_dagrun for dataset_consumes_1 to None, run_after=None
[2025-03-24T22:01:05.074+0800] {logging_mixin.py:190} INFO - [2025-03-24T22:01:05.074+0800] {dag.py:4180} INFO - Setting next_dagrun for dataset_consumes_1_and_2 to None, run_after=None
[2025-03-24T22:01:05.074+0800] {logging_mixin.py:190} INFO - [2025-03-24T22:01:05.074+0800] {dag.py:4180} INFO - Setting next_dagrun for dataset_consumes_1_never_scheduled to None, run_after=None
[2025-03-24T22:01:05.074+0800] {logging_mixin.py:190} INFO - [2025-03-24T22:01:05.074+0800] {dag.py:4180} INFO - Setting next_dagrun for dataset_consumes_unknown_never_scheduled to None, run_after=None
[2025-03-24T22:01:05.075+0800] {logging_mixin.py:190} INFO - [2025-03-24T22:01:05.075+0800] {dag.py:4180} INFO - Setting next_dagrun for dataset_produces_1 to 2025-03-23 00:00:00+00:00, run_after=2025-03-24 00:00:00+00:00
[2025-03-24T22:01:05.075+0800] {logging_mixin.py:190} INFO - [2025-03-24T22:01:05.075+0800] {dag.py:4180} INFO - Setting next_dagrun for dataset_produces_2 to None, run_after=None
[2025-03-24T22:01:05.084+0800] {processor.py:208} INFO - Processing /Users/dionneleow/IS3107/IS3107-group11/backend/venv/lib/python3.12/site-packages/airflow/example_dags/example_datasets.py took 0.111 seconds
[2025-03-24T22:03:18.334+0800] {processor.py:186} INFO - Started process (PID=68508) to work on /Users/dionneleow/IS3107/IS3107-group11/backend/venv/lib/python3.12/site-packages/airflow/example_dags/example_datasets.py
[2025-03-24T22:03:18.334+0800] {processor.py:914} INFO - Processing file /Users/dionneleow/IS3107/IS3107-group11/backend/venv/lib/python3.12/site-packages/airflow/example_dags/example_datasets.py for tasks to queue
[2025-03-24T22:03:18.335+0800] {logging_mixin.py:190} INFO - [2025-03-24T22:03:18.335+0800] {dagbag.py:588} INFO - Filling up the DagBag from /Users/dionneleow/IS3107/IS3107-group11/backend/venv/lib/python3.12/site-packages/airflow/example_dags/example_datasets.py
[2025-03-24T22:03:18.364+0800] {processor.py:925} INFO - DAG(s) 'consume_1_and_2_with_dataset_expressions', 'dataset_produces_1', 'dataset_produces_2', 'dataset_consumes_1', 'conditional_dataset_and_time_based_timetable', 'dataset_consumes_unknown_never_scheduled', 'dataset_consumes_1_never_scheduled', 'consume_1_or_2_with_dataset_expressions', 'consume_1_or_both_2_and_3_with_dataset_expressions', 'dataset_consumes_1_and_2' retrieved from /Users/dionneleow/IS3107/IS3107-group11/backend/venv/lib/python3.12/site-packages/airflow/example_dags/example_datasets.py
[2025-03-24T22:03:18.401+0800] {logging_mixin.py:190} INFO - [2025-03-24T22:03:18.401+0800] {dag.py:3239} INFO - Sync 10 DAGs
[2025-03-24T22:03:18.432+0800] {logging_mixin.py:190} INFO - [2025-03-24T22:03:18.432+0800] {dag.py:4180} INFO - Setting next_dagrun for conditional_dataset_and_time_based_timetable to 2025-03-19 01:00:00+00:00, run_after=2025-03-19 01:00:00+00:00
[2025-03-24T22:03:18.433+0800] {logging_mixin.py:190} INFO - [2025-03-24T22:03:18.433+0800] {dag.py:4180} INFO - Setting next_dagrun for consume_1_and_2_with_dataset_expressions to None, run_after=None
[2025-03-24T22:03:18.434+0800] {logging_mixin.py:190} INFO - [2025-03-24T22:03:18.434+0800] {dag.py:4180} INFO - Setting next_dagrun for consume_1_or_2_with_dataset_expressions to None, run_after=None
[2025-03-24T22:03:18.434+0800] {logging_mixin.py:190} INFO - [2025-03-24T22:03:18.434+0800] {dag.py:4180} INFO - Setting next_dagrun for consume_1_or_both_2_and_3_with_dataset_expressions to None, run_after=None
[2025-03-24T22:03:18.434+0800] {logging_mixin.py:190} INFO - [2025-03-24T22:03:18.434+0800] {dag.py:4180} INFO - Setting next_dagrun for dataset_consumes_1 to None, run_after=None
[2025-03-24T22:03:18.435+0800] {logging_mixin.py:190} INFO - [2025-03-24T22:03:18.434+0800] {dag.py:4180} INFO - Setting next_dagrun for dataset_consumes_1_and_2 to None, run_after=None
[2025-03-24T22:03:18.435+0800] {logging_mixin.py:190} INFO - [2025-03-24T22:03:18.435+0800] {dag.py:4180} INFO - Setting next_dagrun for dataset_consumes_1_never_scheduled to None, run_after=None
[2025-03-24T22:03:18.435+0800] {logging_mixin.py:190} INFO - [2025-03-24T22:03:18.435+0800] {dag.py:4180} INFO - Setting next_dagrun for dataset_consumes_unknown_never_scheduled to None, run_after=None
[2025-03-24T22:03:18.436+0800] {logging_mixin.py:190} INFO - [2025-03-24T22:03:18.436+0800] {dag.py:4180} INFO - Setting next_dagrun for dataset_produces_1 to 2025-03-23 00:00:00+00:00, run_after=2025-03-24 00:00:00+00:00
[2025-03-24T22:03:18.436+0800] {logging_mixin.py:190} INFO - [2025-03-24T22:03:18.436+0800] {dag.py:4180} INFO - Setting next_dagrun for dataset_produces_2 to None, run_after=None
[2025-03-24T22:03:18.446+0800] {processor.py:208} INFO - Processing /Users/dionneleow/IS3107/IS3107-group11/backend/venv/lib/python3.12/site-packages/airflow/example_dags/example_datasets.py took 0.113 seconds
[2025-03-24T22:05:31.094+0800] {processor.py:186} INFO - Started process (PID=69217) to work on /Users/dionneleow/IS3107/IS3107-group11/backend/venv/lib/python3.12/site-packages/airflow/example_dags/example_datasets.py
[2025-03-24T22:05:31.096+0800] {processor.py:914} INFO - Processing file /Users/dionneleow/IS3107/IS3107-group11/backend/venv/lib/python3.12/site-packages/airflow/example_dags/example_datasets.py for tasks to queue
[2025-03-24T22:05:31.096+0800] {logging_mixin.py:190} INFO - [2025-03-24T22:05:31.096+0800] {dagbag.py:588} INFO - Filling up the DagBag from /Users/dionneleow/IS3107/IS3107-group11/backend/venv/lib/python3.12/site-packages/airflow/example_dags/example_datasets.py
[2025-03-24T22:05:31.125+0800] {processor.py:925} INFO - DAG(s) 'dataset_produces_1', 'dataset_consumes_1_and_2', 'consume_1_or_2_with_dataset_expressions', 'dataset_consumes_unknown_never_scheduled', 'consume_1_and_2_with_dataset_expressions', 'dataset_consumes_1', 'dataset_produces_2', 'dataset_consumes_1_never_scheduled', 'conditional_dataset_and_time_based_timetable', 'consume_1_or_both_2_and_3_with_dataset_expressions' retrieved from /Users/dionneleow/IS3107/IS3107-group11/backend/venv/lib/python3.12/site-packages/airflow/example_dags/example_datasets.py
[2025-03-24T22:05:31.164+0800] {logging_mixin.py:190} INFO - [2025-03-24T22:05:31.164+0800] {dag.py:3239} INFO - Sync 10 DAGs
[2025-03-24T22:05:31.195+0800] {logging_mixin.py:190} INFO - [2025-03-24T22:05:31.195+0800] {dag.py:4180} INFO - Setting next_dagrun for conditional_dataset_and_time_based_timetable to 2025-03-19 01:00:00+00:00, run_after=2025-03-19 01:00:00+00:00
[2025-03-24T22:05:31.196+0800] {logging_mixin.py:190} INFO - [2025-03-24T22:05:31.196+0800] {dag.py:4180} INFO - Setting next_dagrun for consume_1_and_2_with_dataset_expressions to None, run_after=None
[2025-03-24T22:05:31.197+0800] {logging_mixin.py:190} INFO - [2025-03-24T22:05:31.196+0800] {dag.py:4180} INFO - Setting next_dagrun for consume_1_or_2_with_dataset_expressions to None, run_after=None
[2025-03-24T22:05:31.197+0800] {logging_mixin.py:190} INFO - [2025-03-24T22:05:31.197+0800] {dag.py:4180} INFO - Setting next_dagrun for consume_1_or_both_2_and_3_with_dataset_expressions to None, run_after=None
[2025-03-24T22:05:31.197+0800] {logging_mixin.py:190} INFO - [2025-03-24T22:05:31.197+0800] {dag.py:4180} INFO - Setting next_dagrun for dataset_consumes_1 to None, run_after=None
[2025-03-24T22:05:31.197+0800] {logging_mixin.py:190} INFO - [2025-03-24T22:05:31.197+0800] {dag.py:4180} INFO - Setting next_dagrun for dataset_consumes_1_and_2 to None, run_after=None
[2025-03-24T22:05:31.198+0800] {logging_mixin.py:190} INFO - [2025-03-24T22:05:31.198+0800] {dag.py:4180} INFO - Setting next_dagrun for dataset_consumes_1_never_scheduled to None, run_after=None
[2025-03-24T22:05:31.198+0800] {logging_mixin.py:190} INFO - [2025-03-24T22:05:31.198+0800] {dag.py:4180} INFO - Setting next_dagrun for dataset_consumes_unknown_never_scheduled to None, run_after=None
[2025-03-24T22:05:31.198+0800] {logging_mixin.py:190} INFO - [2025-03-24T22:05:31.198+0800] {dag.py:4180} INFO - Setting next_dagrun for dataset_produces_1 to 2025-03-23 00:00:00+00:00, run_after=2025-03-24 00:00:00+00:00
[2025-03-24T22:05:31.199+0800] {logging_mixin.py:190} INFO - [2025-03-24T22:05:31.199+0800] {dag.py:4180} INFO - Setting next_dagrun for dataset_produces_2 to None, run_after=None
[2025-03-24T22:05:31.209+0800] {processor.py:208} INFO - Processing /Users/dionneleow/IS3107/IS3107-group11/backend/venv/lib/python3.12/site-packages/airflow/example_dags/example_datasets.py took 0.116 seconds
[2025-03-24T22:07:52.291+0800] {processor.py:186} INFO - Started process (PID=69977) to work on /Users/dionneleow/IS3107/IS3107-group11/backend/venv/lib/python3.12/site-packages/airflow/example_dags/example_datasets.py
[2025-03-24T22:07:52.293+0800] {processor.py:914} INFO - Processing file /Users/dionneleow/IS3107/IS3107-group11/backend/venv/lib/python3.12/site-packages/airflow/example_dags/example_datasets.py for tasks to queue
[2025-03-24T22:07:52.293+0800] {logging_mixin.py:190} INFO - [2025-03-24T22:07:52.293+0800] {dagbag.py:588} INFO - Filling up the DagBag from /Users/dionneleow/IS3107/IS3107-group11/backend/venv/lib/python3.12/site-packages/airflow/example_dags/example_datasets.py
[2025-03-24T22:07:52.319+0800] {processor.py:925} INFO - DAG(s) 'dataset_consumes_1_and_2', 'dataset_consumes_1', 'dataset_consumes_unknown_never_scheduled', 'consume_1_or_both_2_and_3_with_dataset_expressions', 'consume_1_and_2_with_dataset_expressions', 'consume_1_or_2_with_dataset_expressions', 'dataset_produces_1', 'conditional_dataset_and_time_based_timetable', 'dataset_consumes_1_never_scheduled', 'dataset_produces_2' retrieved from /Users/dionneleow/IS3107/IS3107-group11/backend/venv/lib/python3.12/site-packages/airflow/example_dags/example_datasets.py
[2025-03-24T22:07:52.356+0800] {logging_mixin.py:190} INFO - [2025-03-24T22:07:52.356+0800] {dag.py:3239} INFO - Sync 10 DAGs
[2025-03-24T22:07:52.387+0800] {logging_mixin.py:190} INFO - [2025-03-24T22:07:52.387+0800] {dag.py:4180} INFO - Setting next_dagrun for conditional_dataset_and_time_based_timetable to 2025-03-19 01:00:00+00:00, run_after=2025-03-19 01:00:00+00:00
[2025-03-24T22:07:52.388+0800] {logging_mixin.py:190} INFO - [2025-03-24T22:07:52.388+0800] {dag.py:4180} INFO - Setting next_dagrun for consume_1_and_2_with_dataset_expressions to None, run_after=None
[2025-03-24T22:07:52.389+0800] {logging_mixin.py:190} INFO - [2025-03-24T22:07:52.388+0800] {dag.py:4180} INFO - Setting next_dagrun for consume_1_or_2_with_dataset_expressions to None, run_after=None
[2025-03-24T22:07:52.389+0800] {logging_mixin.py:190} INFO - [2025-03-24T22:07:52.389+0800] {dag.py:4180} INFO - Setting next_dagrun for consume_1_or_both_2_and_3_with_dataset_expressions to None, run_after=None
[2025-03-24T22:07:52.389+0800] {logging_mixin.py:190} INFO - [2025-03-24T22:07:52.389+0800] {dag.py:4180} INFO - Setting next_dagrun for dataset_consumes_1 to None, run_after=None
[2025-03-24T22:07:52.389+0800] {logging_mixin.py:190} INFO - [2025-03-24T22:07:52.389+0800] {dag.py:4180} INFO - Setting next_dagrun for dataset_consumes_1_and_2 to None, run_after=None
[2025-03-24T22:07:52.390+0800] {logging_mixin.py:190} INFO - [2025-03-24T22:07:52.389+0800] {dag.py:4180} INFO - Setting next_dagrun for dataset_consumes_1_never_scheduled to None, run_after=None
[2025-03-24T22:07:52.390+0800] {logging_mixin.py:190} INFO - [2025-03-24T22:07:52.390+0800] {dag.py:4180} INFO - Setting next_dagrun for dataset_consumes_unknown_never_scheduled to None, run_after=None
[2025-03-24T22:07:52.390+0800] {logging_mixin.py:190} INFO - [2025-03-24T22:07:52.390+0800] {dag.py:4180} INFO - Setting next_dagrun for dataset_produces_1 to 2025-03-23 00:00:00+00:00, run_after=2025-03-24 00:00:00+00:00
[2025-03-24T22:07:52.391+0800] {logging_mixin.py:190} INFO - [2025-03-24T22:07:52.391+0800] {dag.py:4180} INFO - Setting next_dagrun for dataset_produces_2 to None, run_after=None
[2025-03-24T22:07:52.399+0800] {processor.py:208} INFO - Processing /Users/dionneleow/IS3107/IS3107-group11/backend/venv/lib/python3.12/site-packages/airflow/example_dags/example_datasets.py took 0.109 seconds
[2025-03-24T22:10:17.117+0800] {processor.py:186} INFO - Started process (PID=70804) to work on /Users/dionneleow/IS3107/IS3107-group11/backend/venv/lib/python3.12/site-packages/airflow/example_dags/example_datasets.py
[2025-03-24T22:10:17.118+0800] {processor.py:914} INFO - Processing file /Users/dionneleow/IS3107/IS3107-group11/backend/venv/lib/python3.12/site-packages/airflow/example_dags/example_datasets.py for tasks to queue
[2025-03-24T22:10:17.119+0800] {logging_mixin.py:190} INFO - [2025-03-24T22:10:17.119+0800] {dagbag.py:588} INFO - Filling up the DagBag from /Users/dionneleow/IS3107/IS3107-group11/backend/venv/lib/python3.12/site-packages/airflow/example_dags/example_datasets.py
[2025-03-24T22:10:17.145+0800] {processor.py:925} INFO - DAG(s) 'dataset_consumes_1_and_2', 'conditional_dataset_and_time_based_timetable', 'dataset_consumes_1_never_scheduled', 'dataset_consumes_unknown_never_scheduled', 'dataset_produces_2', 'dataset_produces_1', 'consume_1_and_2_with_dataset_expressions', 'consume_1_or_both_2_and_3_with_dataset_expressions', 'dataset_consumes_1', 'consume_1_or_2_with_dataset_expressions' retrieved from /Users/dionneleow/IS3107/IS3107-group11/backend/venv/lib/python3.12/site-packages/airflow/example_dags/example_datasets.py
[2025-03-24T22:10:17.181+0800] {logging_mixin.py:190} INFO - [2025-03-24T22:10:17.181+0800] {dag.py:3239} INFO - Sync 10 DAGs
[2025-03-24T22:10:17.211+0800] {logging_mixin.py:190} INFO - [2025-03-24T22:10:17.211+0800] {dag.py:4180} INFO - Setting next_dagrun for conditional_dataset_and_time_based_timetable to 2025-03-19 01:00:00+00:00, run_after=2025-03-19 01:00:00+00:00
[2025-03-24T22:10:17.212+0800] {logging_mixin.py:190} INFO - [2025-03-24T22:10:17.212+0800] {dag.py:4180} INFO - Setting next_dagrun for consume_1_and_2_with_dataset_expressions to None, run_after=None
[2025-03-24T22:10:17.213+0800] {logging_mixin.py:190} INFO - [2025-03-24T22:10:17.213+0800] {dag.py:4180} INFO - Setting next_dagrun for consume_1_or_2_with_dataset_expressions to None, run_after=None
[2025-03-24T22:10:17.213+0800] {logging_mixin.py:190} INFO - [2025-03-24T22:10:17.213+0800] {dag.py:4180} INFO - Setting next_dagrun for consume_1_or_both_2_and_3_with_dataset_expressions to None, run_after=None
[2025-03-24T22:10:17.213+0800] {logging_mixin.py:190} INFO - [2025-03-24T22:10:17.213+0800] {dag.py:4180} INFO - Setting next_dagrun for dataset_consumes_1 to None, run_after=None
[2025-03-24T22:10:17.214+0800] {logging_mixin.py:190} INFO - [2025-03-24T22:10:17.213+0800] {dag.py:4180} INFO - Setting next_dagrun for dataset_consumes_1_and_2 to None, run_after=None
[2025-03-24T22:10:17.214+0800] {logging_mixin.py:190} INFO - [2025-03-24T22:10:17.214+0800] {dag.py:4180} INFO - Setting next_dagrun for dataset_consumes_1_never_scheduled to None, run_after=None
[2025-03-24T22:10:17.214+0800] {logging_mixin.py:190} INFO - [2025-03-24T22:10:17.214+0800] {dag.py:4180} INFO - Setting next_dagrun for dataset_consumes_unknown_never_scheduled to None, run_after=None
[2025-03-24T22:10:17.215+0800] {logging_mixin.py:190} INFO - [2025-03-24T22:10:17.215+0800] {dag.py:4180} INFO - Setting next_dagrun for dataset_produces_1 to 2025-03-23 00:00:00+00:00, run_after=2025-03-24 00:00:00+00:00
[2025-03-24T22:10:17.215+0800] {logging_mixin.py:190} INFO - [2025-03-24T22:10:17.215+0800] {dag.py:4180} INFO - Setting next_dagrun for dataset_produces_2 to None, run_after=None
[2025-03-24T22:10:17.224+0800] {processor.py:208} INFO - Processing /Users/dionneleow/IS3107/IS3107-group11/backend/venv/lib/python3.12/site-packages/airflow/example_dags/example_datasets.py took 0.108 seconds
[2025-03-24T22:12:31.475+0800] {processor.py:186} INFO - Started process (PID=71487) to work on /Users/dionneleow/IS3107/IS3107-group11/backend/venv/lib/python3.12/site-packages/airflow/example_dags/example_datasets.py
[2025-03-24T22:12:31.477+0800] {processor.py:914} INFO - Processing file /Users/dionneleow/IS3107/IS3107-group11/backend/venv/lib/python3.12/site-packages/airflow/example_dags/example_datasets.py for tasks to queue
[2025-03-24T22:12:31.477+0800] {logging_mixin.py:190} INFO - [2025-03-24T22:12:31.477+0800] {dagbag.py:588} INFO - Filling up the DagBag from /Users/dionneleow/IS3107/IS3107-group11/backend/venv/lib/python3.12/site-packages/airflow/example_dags/example_datasets.py
[2025-03-24T22:12:31.528+0800] {processor.py:925} INFO - DAG(s) 'dataset_consumes_1_and_2', 'dataset_consumes_unknown_never_scheduled', 'dataset_produces_1', 'dataset_produces_2', 'consume_1_or_2_with_dataset_expressions', 'consume_1_or_both_2_and_3_with_dataset_expressions', 'dataset_consumes_1', 'consume_1_and_2_with_dataset_expressions', 'dataset_consumes_1_never_scheduled', 'conditional_dataset_and_time_based_timetable' retrieved from /Users/dionneleow/IS3107/IS3107-group11/backend/venv/lib/python3.12/site-packages/airflow/example_dags/example_datasets.py
[2025-03-24T22:12:31.565+0800] {logging_mixin.py:190} INFO - [2025-03-24T22:12:31.565+0800] {dag.py:3239} INFO - Sync 10 DAGs
[2025-03-24T22:12:31.596+0800] {logging_mixin.py:190} INFO - [2025-03-24T22:12:31.596+0800] {dag.py:4180} INFO - Setting next_dagrun for conditional_dataset_and_time_based_timetable to 2025-03-19 01:00:00+00:00, run_after=2025-03-19 01:00:00+00:00
[2025-03-24T22:12:31.599+0800] {logging_mixin.py:190} INFO - [2025-03-24T22:12:31.598+0800] {dag.py:4180} INFO - Setting next_dagrun for consume_1_and_2_with_dataset_expressions to None, run_after=None
[2025-03-24T22:12:31.599+0800] {logging_mixin.py:190} INFO - [2025-03-24T22:12:31.599+0800] {dag.py:4180} INFO - Setting next_dagrun for consume_1_or_2_with_dataset_expressions to None, run_after=None
[2025-03-24T22:12:31.599+0800] {logging_mixin.py:190} INFO - [2025-03-24T22:12:31.599+0800] {dag.py:4180} INFO - Setting next_dagrun for consume_1_or_both_2_and_3_with_dataset_expressions to None, run_after=None
[2025-03-24T22:12:31.599+0800] {logging_mixin.py:190} INFO - [2025-03-24T22:12:31.599+0800] {dag.py:4180} INFO - Setting next_dagrun for dataset_consumes_1 to None, run_after=None
[2025-03-24T22:12:31.600+0800] {logging_mixin.py:190} INFO - [2025-03-24T22:12:31.600+0800] {dag.py:4180} INFO - Setting next_dagrun for dataset_consumes_1_and_2 to None, run_after=None
[2025-03-24T22:12:31.600+0800] {logging_mixin.py:190} INFO - [2025-03-24T22:12:31.600+0800] {dag.py:4180} INFO - Setting next_dagrun for dataset_consumes_1_never_scheduled to None, run_after=None
[2025-03-24T22:12:31.600+0800] {logging_mixin.py:190} INFO - [2025-03-24T22:12:31.600+0800] {dag.py:4180} INFO - Setting next_dagrun for dataset_consumes_unknown_never_scheduled to None, run_after=None
[2025-03-24T22:12:31.601+0800] {logging_mixin.py:190} INFO - [2025-03-24T22:12:31.601+0800] {dag.py:4180} INFO - Setting next_dagrun for dataset_produces_1 to 2025-03-23 00:00:00+00:00, run_after=2025-03-24 00:00:00+00:00
[2025-03-24T22:12:31.601+0800] {logging_mixin.py:190} INFO - [2025-03-24T22:12:31.601+0800] {dag.py:4180} INFO - Setting next_dagrun for dataset_produces_2 to None, run_after=None
[2025-03-24T22:12:31.611+0800] {processor.py:208} INFO - Processing /Users/dionneleow/IS3107/IS3107-group11/backend/venv/lib/python3.12/site-packages/airflow/example_dags/example_datasets.py took 0.137 seconds
[2025-03-24T22:14:53.185+0800] {processor.py:186} INFO - Started process (PID=72333) to work on /Users/dionneleow/IS3107/IS3107-group11/backend/venv/lib/python3.12/site-packages/airflow/example_dags/example_datasets.py
[2025-03-24T22:14:53.186+0800] {processor.py:914} INFO - Processing file /Users/dionneleow/IS3107/IS3107-group11/backend/venv/lib/python3.12/site-packages/airflow/example_dags/example_datasets.py for tasks to queue
[2025-03-24T22:14:53.187+0800] {logging_mixin.py:190} INFO - [2025-03-24T22:14:53.186+0800] {dagbag.py:588} INFO - Filling up the DagBag from /Users/dionneleow/IS3107/IS3107-group11/backend/venv/lib/python3.12/site-packages/airflow/example_dags/example_datasets.py
[2025-03-24T22:14:53.218+0800] {processor.py:925} INFO - DAG(s) 'consume_1_or_both_2_and_3_with_dataset_expressions', 'consume_1_and_2_with_dataset_expressions', 'dataset_consumes_unknown_never_scheduled', 'dataset_consumes_1_and_2', 'dataset_consumes_1_never_scheduled', 'dataset_produces_1', 'consume_1_or_2_with_dataset_expressions', 'dataset_produces_2', 'dataset_consumes_1', 'conditional_dataset_and_time_based_timetable' retrieved from /Users/dionneleow/IS3107/IS3107-group11/backend/venv/lib/python3.12/site-packages/airflow/example_dags/example_datasets.py
[2025-03-24T22:14:53.257+0800] {logging_mixin.py:190} INFO - [2025-03-24T22:14:53.257+0800] {dag.py:3239} INFO - Sync 10 DAGs
[2025-03-24T22:14:53.289+0800] {logging_mixin.py:190} INFO - [2025-03-24T22:14:53.289+0800] {dag.py:4180} INFO - Setting next_dagrun for conditional_dataset_and_time_based_timetable to 2025-03-19 01:00:00+00:00, run_after=2025-03-19 01:00:00+00:00
[2025-03-24T22:14:53.291+0800] {logging_mixin.py:190} INFO - [2025-03-24T22:14:53.291+0800] {dag.py:4180} INFO - Setting next_dagrun for consume_1_and_2_with_dataset_expressions to None, run_after=None
[2025-03-24T22:14:53.292+0800] {logging_mixin.py:190} INFO - [2025-03-24T22:14:53.292+0800] {dag.py:4180} INFO - Setting next_dagrun for consume_1_or_2_with_dataset_expressions to None, run_after=None
[2025-03-24T22:14:53.292+0800] {logging_mixin.py:190} INFO - [2025-03-24T22:14:53.292+0800] {dag.py:4180} INFO - Setting next_dagrun for consume_1_or_both_2_and_3_with_dataset_expressions to None, run_after=None
[2025-03-24T22:14:53.292+0800] {logging_mixin.py:190} INFO - [2025-03-24T22:14:53.292+0800] {dag.py:4180} INFO - Setting next_dagrun for dataset_consumes_1 to None, run_after=None
[2025-03-24T22:14:53.292+0800] {logging_mixin.py:190} INFO - [2025-03-24T22:14:53.292+0800] {dag.py:4180} INFO - Setting next_dagrun for dataset_consumes_1_and_2 to None, run_after=None
[2025-03-24T22:14:53.293+0800] {logging_mixin.py:190} INFO - [2025-03-24T22:14:53.293+0800] {dag.py:4180} INFO - Setting next_dagrun for dataset_consumes_1_never_scheduled to None, run_after=None
[2025-03-24T22:14:53.293+0800] {logging_mixin.py:190} INFO - [2025-03-24T22:14:53.293+0800] {dag.py:4180} INFO - Setting next_dagrun for dataset_consumes_unknown_never_scheduled to None, run_after=None
[2025-03-24T22:14:53.294+0800] {logging_mixin.py:190} INFO - [2025-03-24T22:14:53.294+0800] {dag.py:4180} INFO - Setting next_dagrun for dataset_produces_1 to 2025-03-23 00:00:00+00:00, run_after=2025-03-24 00:00:00+00:00
[2025-03-24T22:14:53.294+0800] {logging_mixin.py:190} INFO - [2025-03-24T22:14:53.294+0800] {dag.py:4180} INFO - Setting next_dagrun for dataset_produces_2 to None, run_after=None
[2025-03-24T22:14:53.304+0800] {processor.py:208} INFO - Processing /Users/dionneleow/IS3107/IS3107-group11/backend/venv/lib/python3.12/site-packages/airflow/example_dags/example_datasets.py took 0.119 seconds
[2025-03-24T22:17:14.906+0800] {processor.py:186} INFO - Started process (PID=73212) to work on /Users/dionneleow/IS3107/IS3107-group11/backend/venv/lib/python3.12/site-packages/airflow/example_dags/example_datasets.py
[2025-03-24T22:17:14.907+0800] {processor.py:914} INFO - Processing file /Users/dionneleow/IS3107/IS3107-group11/backend/venv/lib/python3.12/site-packages/airflow/example_dags/example_datasets.py for tasks to queue
[2025-03-24T22:17:14.907+0800] {logging_mixin.py:190} INFO - [2025-03-24T22:17:14.907+0800] {dagbag.py:588} INFO - Filling up the DagBag from /Users/dionneleow/IS3107/IS3107-group11/backend/venv/lib/python3.12/site-packages/airflow/example_dags/example_datasets.py
[2025-03-24T22:17:14.934+0800] {processor.py:925} INFO - DAG(s) 'dataset_consumes_1_and_2', 'dataset_produces_1', 'dataset_consumes_1', 'consume_1_and_2_with_dataset_expressions', 'consume_1_or_2_with_dataset_expressions', 'conditional_dataset_and_time_based_timetable', 'dataset_consumes_1_never_scheduled', 'dataset_produces_2', 'consume_1_or_both_2_and_3_with_dataset_expressions', 'dataset_consumes_unknown_never_scheduled' retrieved from /Users/dionneleow/IS3107/IS3107-group11/backend/venv/lib/python3.12/site-packages/airflow/example_dags/example_datasets.py
[2025-03-24T22:17:14.972+0800] {logging_mixin.py:190} INFO - [2025-03-24T22:17:14.972+0800] {dag.py:3239} INFO - Sync 10 DAGs
[2025-03-24T22:17:15.004+0800] {logging_mixin.py:190} INFO - [2025-03-24T22:17:15.004+0800] {dag.py:4180} INFO - Setting next_dagrun for conditional_dataset_and_time_based_timetable to 2025-03-19 01:00:00+00:00, run_after=2025-03-19 01:00:00+00:00
[2025-03-24T22:17:15.005+0800] {logging_mixin.py:190} INFO - [2025-03-24T22:17:15.005+0800] {dag.py:4180} INFO - Setting next_dagrun for consume_1_and_2_with_dataset_expressions to None, run_after=None
[2025-03-24T22:17:15.006+0800] {logging_mixin.py:190} INFO - [2025-03-24T22:17:15.006+0800] {dag.py:4180} INFO - Setting next_dagrun for consume_1_or_2_with_dataset_expressions to None, run_after=None
[2025-03-24T22:17:15.006+0800] {logging_mixin.py:190} INFO - [2025-03-24T22:17:15.006+0800] {dag.py:4180} INFO - Setting next_dagrun for consume_1_or_both_2_and_3_with_dataset_expressions to None, run_after=None
[2025-03-24T22:17:15.006+0800] {logging_mixin.py:190} INFO - [2025-03-24T22:17:15.006+0800] {dag.py:4180} INFO - Setting next_dagrun for dataset_consumes_1 to None, run_after=None
[2025-03-24T22:17:15.011+0800] {logging_mixin.py:190} INFO - [2025-03-24T22:17:15.011+0800] {dag.py:4180} INFO - Setting next_dagrun for dataset_consumes_1_and_2 to None, run_after=None
[2025-03-24T22:17:15.012+0800] {logging_mixin.py:190} INFO - [2025-03-24T22:17:15.012+0800] {dag.py:4180} INFO - Setting next_dagrun for dataset_consumes_1_never_scheduled to None, run_after=None
[2025-03-24T22:17:15.012+0800] {logging_mixin.py:190} INFO - [2025-03-24T22:17:15.012+0800] {dag.py:4180} INFO - Setting next_dagrun for dataset_consumes_unknown_never_scheduled to None, run_after=None
[2025-03-24T22:17:15.012+0800] {logging_mixin.py:190} INFO - [2025-03-24T22:17:15.012+0800] {dag.py:4180} INFO - Setting next_dagrun for dataset_produces_1 to 2025-03-23 00:00:00+00:00, run_after=2025-03-24 00:00:00+00:00
[2025-03-24T22:17:15.013+0800] {logging_mixin.py:190} INFO - [2025-03-24T22:17:15.013+0800] {dag.py:4180} INFO - Setting next_dagrun for dataset_produces_2 to None, run_after=None
[2025-03-24T22:17:15.025+0800] {processor.py:208} INFO - Processing /Users/dionneleow/IS3107/IS3107-group11/backend/venv/lib/python3.12/site-packages/airflow/example_dags/example_datasets.py took 0.121 seconds
[2025-03-24T22:19:39.957+0800] {processor.py:186} INFO - Started process (PID=73989) to work on /Users/dionneleow/IS3107/IS3107-group11/backend/venv/lib/python3.12/site-packages/airflow/example_dags/example_datasets.py
[2025-03-24T22:19:39.963+0800] {processor.py:914} INFO - Processing file /Users/dionneleow/IS3107/IS3107-group11/backend/venv/lib/python3.12/site-packages/airflow/example_dags/example_datasets.py for tasks to queue
[2025-03-24T22:19:39.964+0800] {logging_mixin.py:190} INFO - [2025-03-24T22:19:39.964+0800] {dagbag.py:588} INFO - Filling up the DagBag from /Users/dionneleow/IS3107/IS3107-group11/backend/venv/lib/python3.12/site-packages/airflow/example_dags/example_datasets.py
[2025-03-24T22:19:39.994+0800] {processor.py:925} INFO - DAG(s) 'consume_1_or_2_with_dataset_expressions', 'consume_1_or_both_2_and_3_with_dataset_expressions', 'dataset_consumes_unknown_never_scheduled', 'dataset_consumes_1_never_scheduled', 'dataset_consumes_1_and_2', 'dataset_produces_1', 'conditional_dataset_and_time_based_timetable', 'consume_1_and_2_with_dataset_expressions', 'dataset_produces_2', 'dataset_consumes_1' retrieved from /Users/dionneleow/IS3107/IS3107-group11/backend/venv/lib/python3.12/site-packages/airflow/example_dags/example_datasets.py
[2025-03-24T22:19:40.034+0800] {logging_mixin.py:190} INFO - [2025-03-24T22:19:40.034+0800] {dag.py:3239} INFO - Sync 10 DAGs
[2025-03-24T22:19:40.067+0800] {logging_mixin.py:190} INFO - [2025-03-24T22:19:40.067+0800] {dag.py:4180} INFO - Setting next_dagrun for conditional_dataset_and_time_based_timetable to 2025-03-19 01:00:00+00:00, run_after=2025-03-19 01:00:00+00:00
[2025-03-24T22:19:40.068+0800] {logging_mixin.py:190} INFO - [2025-03-24T22:19:40.068+0800] {dag.py:4180} INFO - Setting next_dagrun for consume_1_and_2_with_dataset_expressions to None, run_after=None
[2025-03-24T22:19:40.068+0800] {logging_mixin.py:190} INFO - [2025-03-24T22:19:40.068+0800] {dag.py:4180} INFO - Setting next_dagrun for consume_1_or_2_with_dataset_expressions to None, run_after=None
[2025-03-24T22:19:40.069+0800] {logging_mixin.py:190} INFO - [2025-03-24T22:19:40.069+0800] {dag.py:4180} INFO - Setting next_dagrun for consume_1_or_both_2_and_3_with_dataset_expressions to None, run_after=None
[2025-03-24T22:19:40.069+0800] {logging_mixin.py:190} INFO - [2025-03-24T22:19:40.069+0800] {dag.py:4180} INFO - Setting next_dagrun for dataset_consumes_1 to None, run_after=None
[2025-03-24T22:19:40.069+0800] {logging_mixin.py:190} INFO - [2025-03-24T22:19:40.069+0800] {dag.py:4180} INFO - Setting next_dagrun for dataset_consumes_1_and_2 to None, run_after=None
[2025-03-24T22:19:40.069+0800] {logging_mixin.py:190} INFO - [2025-03-24T22:19:40.069+0800] {dag.py:4180} INFO - Setting next_dagrun for dataset_consumes_1_never_scheduled to None, run_after=None
[2025-03-24T22:19:40.070+0800] {logging_mixin.py:190} INFO - [2025-03-24T22:19:40.070+0800] {dag.py:4180} INFO - Setting next_dagrun for dataset_consumes_unknown_never_scheduled to None, run_after=None
[2025-03-24T22:19:40.070+0800] {logging_mixin.py:190} INFO - [2025-03-24T22:19:40.070+0800] {dag.py:4180} INFO - Setting next_dagrun for dataset_produces_1 to 2025-03-23 00:00:00+00:00, run_after=2025-03-24 00:00:00+00:00
[2025-03-24T22:19:40.071+0800] {logging_mixin.py:190} INFO - [2025-03-24T22:19:40.070+0800] {dag.py:4180} INFO - Setting next_dagrun for dataset_produces_2 to None, run_after=None
[2025-03-24T22:19:40.079+0800] {processor.py:208} INFO - Processing /Users/dionneleow/IS3107/IS3107-group11/backend/venv/lib/python3.12/site-packages/airflow/example_dags/example_datasets.py took 0.124 seconds
