[2025-03-24T21:49:54.779+0800] {processor.py:186} INFO - Started process (PID=63491) to work on /Users/dionneleow/IS3107/IS3107-group11/backend/venv/lib/python3.12/site-packages/airflow/example_dags/example_branch_labels.py
[2025-03-24T21:49:54.779+0800] {processor.py:914} INFO - Processing file /Users/dionneleow/IS3107/IS3107-group11/backend/venv/lib/python3.12/site-packages/airflow/example_dags/example_branch_labels.py for tasks to queue
[2025-03-24T21:49:54.779+0800] {logging_mixin.py:190} INFO - [2025-03-24T21:49:54.779+0800] {dagbag.py:588} INFO - Filling up the DagBag from /Users/dionneleow/IS3107/IS3107-group11/backend/venv/lib/python3.12/site-packages/airflow/example_dags/example_branch_labels.py
[2025-03-24T21:49:54.782+0800] {processor.py:925} INFO - DAG(s) 'example_branch_labels' retrieved from /Users/dionneleow/IS3107/IS3107-group11/backend/venv/lib/python3.12/site-packages/airflow/example_dags/example_branch_labels.py
[2025-03-24T21:49:54.871+0800] {logging_mixin.py:190} INFO - [2025-03-24T21:49:54.871+0800] {override.py:1912} INFO - Created Permission View: can delete on DAG:example_branch_labels
[2025-03-24T21:49:54.874+0800] {logging_mixin.py:190} INFO - [2025-03-24T21:49:54.874+0800] {override.py:1912} INFO - Created Permission View: can read on DAG:example_branch_labels
[2025-03-24T21:49:54.877+0800] {logging_mixin.py:190} INFO - [2025-03-24T21:49:54.877+0800] {override.py:1912} INFO - Created Permission View: can edit on DAG:example_branch_labels
[2025-03-24T21:49:54.879+0800] {logging_mixin.py:190} INFO - [2025-03-24T21:49:54.879+0800] {override.py:1912} INFO - Created Permission View: can delete on DAG Run:example_branch_labels
[2025-03-24T21:49:54.881+0800] {logging_mixin.py:190} INFO - [2025-03-24T21:49:54.881+0800] {override.py:1912} INFO - Created Permission View: menu access on DAG Run:example_branch_labels
[2025-03-24T21:49:54.883+0800] {logging_mixin.py:190} INFO - [2025-03-24T21:49:54.883+0800] {override.py:1912} INFO - Created Permission View: can read on DAG Run:example_branch_labels
[2025-03-24T21:49:54.885+0800] {logging_mixin.py:190} INFO - [2025-03-24T21:49:54.885+0800] {override.py:1912} INFO - Created Permission View: can create on DAG Run:example_branch_labels
[2025-03-24T21:49:54.885+0800] {logging_mixin.py:190} INFO - [2025-03-24T21:49:54.885+0800] {dag.py:3239} INFO - Sync 1 DAGs
[2025-03-24T21:49:54.889+0800] {logging_mixin.py:190} INFO - [2025-03-24T21:49:54.889+0800] {dag.py:3262} INFO - Creating ORM DAG for example_branch_labels
[2025-03-24T21:49:54.892+0800] {logging_mixin.py:190} INFO - [2025-03-24T21:49:54.892+0800] {dag.py:4180} INFO - Setting next_dagrun for example_branch_labels to 2025-03-23 00:00:00+00:00, run_after=2025-03-24 00:00:00+00:00
[2025-03-24T21:49:54.897+0800] {processor.py:208} INFO - Processing /Users/dionneleow/IS3107/IS3107-group11/backend/venv/lib/python3.12/site-packages/airflow/example_dags/example_branch_labels.py took 0.120 seconds
[2025-03-24T21:52:21.530+0800] {processor.py:186} INFO - Started process (PID=64483) to work on /Users/dionneleow/IS3107/IS3107-group11/backend/venv/lib/python3.12/site-packages/airflow/example_dags/example_branch_labels.py
[2025-03-24T21:52:21.531+0800] {processor.py:914} INFO - Processing file /Users/dionneleow/IS3107/IS3107-group11/backend/venv/lib/python3.12/site-packages/airflow/example_dags/example_branch_labels.py for tasks to queue
[2025-03-24T21:52:21.532+0800] {logging_mixin.py:190} INFO - [2025-03-24T21:52:21.531+0800] {dagbag.py:588} INFO - Filling up the DagBag from /Users/dionneleow/IS3107/IS3107-group11/backend/venv/lib/python3.12/site-packages/airflow/example_dags/example_branch_labels.py
[2025-03-24T21:52:21.535+0800] {processor.py:925} INFO - DAG(s) 'example_branch_labels' retrieved from /Users/dionneleow/IS3107/IS3107-group11/backend/venv/lib/python3.12/site-packages/airflow/example_dags/example_branch_labels.py
[2025-03-24T21:52:21.570+0800] {logging_mixin.py:190} INFO - [2025-03-24T21:52:21.570+0800] {dag.py:3239} INFO - Sync 1 DAGs
[2025-03-24T21:52:21.576+0800] {logging_mixin.py:190} INFO - [2025-03-24T21:52:21.576+0800] {dag.py:4180} INFO - Setting next_dagrun for example_branch_labels to 2025-03-23 00:00:00+00:00, run_after=2025-03-24 00:00:00+00:00
[2025-03-24T21:52:21.614+0800] {processor.py:208} INFO - Processing /Users/dionneleow/IS3107/IS3107-group11/backend/venv/lib/python3.12/site-packages/airflow/example_dags/example_branch_labels.py took 0.085 seconds
[2025-03-24T21:54:37.111+0800] {processor.py:186} INFO - Started process (PID=65304) to work on /Users/dionneleow/IS3107/IS3107-group11/backend/venv/lib/python3.12/site-packages/airflow/example_dags/example_branch_labels.py
[2025-03-24T21:54:37.112+0800] {processor.py:914} INFO - Processing file /Users/dionneleow/IS3107/IS3107-group11/backend/venv/lib/python3.12/site-packages/airflow/example_dags/example_branch_labels.py for tasks to queue
[2025-03-24T21:54:37.112+0800] {logging_mixin.py:190} INFO - [2025-03-24T21:54:37.112+0800] {dagbag.py:588} INFO - Filling up the DagBag from /Users/dionneleow/IS3107/IS3107-group11/backend/venv/lib/python3.12/site-packages/airflow/example_dags/example_branch_labels.py
[2025-03-24T21:54:37.115+0800] {processor.py:925} INFO - DAG(s) 'example_branch_labels' retrieved from /Users/dionneleow/IS3107/IS3107-group11/backend/venv/lib/python3.12/site-packages/airflow/example_dags/example_branch_labels.py
[2025-03-24T21:54:37.149+0800] {logging_mixin.py:190} INFO - [2025-03-24T21:54:37.149+0800] {dag.py:3239} INFO - Sync 1 DAGs
[2025-03-24T21:54:37.155+0800] {logging_mixin.py:190} INFO - [2025-03-24T21:54:37.155+0800] {dag.py:4180} INFO - Setting next_dagrun for example_branch_labels to 2025-03-23 00:00:00+00:00, run_after=2025-03-24 00:00:00+00:00
[2025-03-24T21:54:37.186+0800] {processor.py:208} INFO - Processing /Users/dionneleow/IS3107/IS3107-group11/backend/venv/lib/python3.12/site-packages/airflow/example_dags/example_branch_labels.py took 0.076 seconds
[2025-03-24T21:56:56.174+0800] {processor.py:186} INFO - Started process (PID=66187) to work on /Users/dionneleow/IS3107/IS3107-group11/backend/venv/lib/python3.12/site-packages/airflow/example_dags/example_branch_labels.py
[2025-03-24T21:56:56.174+0800] {processor.py:914} INFO - Processing file /Users/dionneleow/IS3107/IS3107-group11/backend/venv/lib/python3.12/site-packages/airflow/example_dags/example_branch_labels.py for tasks to queue
[2025-03-24T21:56:56.175+0800] {logging_mixin.py:190} INFO - [2025-03-24T21:56:56.175+0800] {dagbag.py:588} INFO - Filling up the DagBag from /Users/dionneleow/IS3107/IS3107-group11/backend/venv/lib/python3.12/site-packages/airflow/example_dags/example_branch_labels.py
[2025-03-24T21:56:56.178+0800] {processor.py:925} INFO - DAG(s) 'example_branch_labels' retrieved from /Users/dionneleow/IS3107/IS3107-group11/backend/venv/lib/python3.12/site-packages/airflow/example_dags/example_branch_labels.py
[2025-03-24T21:56:56.213+0800] {logging_mixin.py:190} INFO - [2025-03-24T21:56:56.213+0800] {dag.py:3239} INFO - Sync 1 DAGs
[2025-03-24T21:56:56.219+0800] {logging_mixin.py:190} INFO - [2025-03-24T21:56:56.219+0800] {dag.py:4180} INFO - Setting next_dagrun for example_branch_labels to 2025-03-23 00:00:00+00:00, run_after=2025-03-24 00:00:00+00:00
[2025-03-24T21:56:56.250+0800] {processor.py:208} INFO - Processing /Users/dionneleow/IS3107/IS3107-group11/backend/venv/lib/python3.12/site-packages/airflow/example_dags/example_branch_labels.py took 0.077 seconds
