[2025-03-24T21:47:41.336+0800] {processor.py:186} INFO - Started process (PID=62515) to work on /Users/dionneleow/IS3107/IS3107-group11/backend/venv/lib/python3.12/site-packages/airflow/example_dags/example_task_group.py
[2025-03-24T21:47:41.339+0800] {processor.py:914} INFO - Processing file /Users/dionneleow/IS3107/IS3107-group11/backend/venv/lib/python3.12/site-packages/airflow/example_dags/example_task_group.py for tasks to queue
[2025-03-24T21:47:41.339+0800] {logging_mixin.py:190} INFO - [2025-03-24T21:47:41.339+0800] {dagbag.py:588} INFO - Filling up the DagBag from /Users/dionneleow/IS3107/IS3107-group11/backend/venv/lib/python3.12/site-packages/airflow/example_dags/example_task_group.py
[2025-03-24T21:47:41.343+0800] {processor.py:925} INFO - DAG(s) 'example_task_group' retrieved from /Users/dionneleow/IS3107/IS3107-group11/backend/venv/lib/python3.12/site-packages/airflow/example_dags/example_task_group.py
[2025-03-24T21:47:41.443+0800] {logging_mixin.py:190} INFO - [2025-03-24T21:47:41.443+0800] {override.py:1912} INFO - Created Permission View: can read on DAG:example_task_group
[2025-03-24T21:47:41.446+0800] {logging_mixin.py:190} INFO - [2025-03-24T21:47:41.446+0800] {override.py:1912} INFO - Created Permission View: can delete on DAG:example_task_group
[2025-03-24T21:47:41.448+0800] {logging_mixin.py:190} INFO - [2025-03-24T21:47:41.448+0800] {override.py:1912} INFO - Created Permission View: can edit on DAG:example_task_group
[2025-03-24T21:47:41.451+0800] {logging_mixin.py:190} INFO - [2025-03-24T21:47:41.451+0800] {override.py:1912} INFO - Created Permission View: menu access on DAG Run:example_task_group
[2025-03-24T21:47:41.453+0800] {logging_mixin.py:190} INFO - [2025-03-24T21:47:41.453+0800] {override.py:1912} INFO - Created Permission View: can read on DAG Run:example_task_group
[2025-03-24T21:47:41.455+0800] {logging_mixin.py:190} INFO - [2025-03-24T21:47:41.455+0800] {override.py:1912} INFO - Created Permission View: can delete on DAG Run:example_task_group
[2025-03-24T21:47:41.457+0800] {logging_mixin.py:190} INFO - [2025-03-24T21:47:41.457+0800] {override.py:1912} INFO - Created Permission View: can create on DAG Run:example_task_group
[2025-03-24T21:47:41.457+0800] {logging_mixin.py:190} INFO - [2025-03-24T21:47:41.457+0800] {dag.py:3239} INFO - Sync 1 DAGs
[2025-03-24T21:47:41.461+0800] {logging_mixin.py:190} INFO - [2025-03-24T21:47:41.461+0800] {dag.py:3262} INFO - Creating ORM DAG for example_task_group
[2025-03-24T21:47:41.461+0800] {logging_mixin.py:190} INFO - [2025-03-24T21:47:41.461+0800] {dag.py:4180} INFO - Setting next_dagrun for example_task_group to None, run_after=None
[2025-03-24T21:47:41.468+0800] {processor.py:208} INFO - Processing /Users/dionneleow/IS3107/IS3107-group11/backend/venv/lib/python3.12/site-packages/airflow/example_dags/example_task_group.py took 0.134 seconds
[2025-03-24T21:48:47.866+0800] {processor.py:186} INFO - Started process (PID=63014) to work on /Users/dionneleow/IS3107/IS3107-group11/backend/venv/lib/python3.12/site-packages/airflow/example_dags/example_task_group.py
[2025-03-24T21:48:47.867+0800] {processor.py:914} INFO - Processing file /Users/dionneleow/IS3107/IS3107-group11/backend/venv/lib/python3.12/site-packages/airflow/example_dags/example_task_group.py for tasks to queue
[2025-03-24T21:48:47.868+0800] {logging_mixin.py:190} INFO - [2025-03-24T21:48:47.868+0800] {dagbag.py:588} INFO - Filling up the DagBag from /Users/dionneleow/IS3107/IS3107-group11/backend/venv/lib/python3.12/site-packages/airflow/example_dags/example_task_group.py
[2025-03-24T21:48:47.871+0800] {processor.py:925} INFO - DAG(s) 'example_task_group' retrieved from /Users/dionneleow/IS3107/IS3107-group11/backend/venv/lib/python3.12/site-packages/airflow/example_dags/example_task_group.py
[2025-03-24T21:48:47.909+0800] {logging_mixin.py:190} INFO - [2025-03-24T21:48:47.909+0800] {dag.py:3239} INFO - Sync 1 DAGs
[2025-03-24T21:48:47.913+0800] {logging_mixin.py:190} INFO - [2025-03-24T21:48:47.913+0800] {dag.py:4180} INFO - Setting next_dagrun for example_task_group to None, run_after=None
[2025-03-24T21:48:47.920+0800] {processor.py:208} INFO - Processing /Users/dionneleow/IS3107/IS3107-group11/backend/venv/lib/python3.12/site-packages/airflow/example_dags/example_task_group.py took 0.055 seconds
[2025-03-24T21:50:37.659+0800] {processor.py:186} INFO - Started process (PID=63834) to work on /Users/dionneleow/IS3107/IS3107-group11/backend/venv/lib/python3.12/site-packages/airflow/example_dags/example_task_group.py
[2025-03-24T21:50:37.661+0800] {processor.py:914} INFO - Processing file /Users/dionneleow/IS3107/IS3107-group11/backend/venv/lib/python3.12/site-packages/airflow/example_dags/example_task_group.py for tasks to queue
[2025-03-24T21:50:37.661+0800] {logging_mixin.py:190} INFO - [2025-03-24T21:50:37.661+0800] {dagbag.py:588} INFO - Filling up the DagBag from /Users/dionneleow/IS3107/IS3107-group11/backend/venv/lib/python3.12/site-packages/airflow/example_dags/example_task_group.py
[2025-03-24T21:50:37.665+0800] {processor.py:925} INFO - DAG(s) 'example_task_group' retrieved from /Users/dionneleow/IS3107/IS3107-group11/backend/venv/lib/python3.12/site-packages/airflow/example_dags/example_task_group.py
[2025-03-24T21:50:37.701+0800] {logging_mixin.py:190} INFO - [2025-03-24T21:50:37.701+0800] {dag.py:3239} INFO - Sync 1 DAGs
[2025-03-24T21:50:37.705+0800] {logging_mixin.py:190} INFO - [2025-03-24T21:50:37.705+0800] {dag.py:4180} INFO - Setting next_dagrun for example_task_group to None, run_after=None
[2025-03-24T21:50:37.712+0800] {processor.py:208} INFO - Processing /Users/dionneleow/IS3107/IS3107-group11/backend/venv/lib/python3.12/site-packages/airflow/example_dags/example_task_group.py took 0.054 seconds
[2025-03-24T21:51:53.105+0800] {processor.py:186} INFO - Started process (PID=64318) to work on /Users/dionneleow/IS3107/IS3107-group11/backend/venv/lib/python3.12/site-packages/airflow/example_dags/example_task_group.py
[2025-03-24T21:51:53.106+0800] {processor.py:914} INFO - Processing file /Users/dionneleow/IS3107/IS3107-group11/backend/venv/lib/python3.12/site-packages/airflow/example_dags/example_task_group.py for tasks to queue
[2025-03-24T21:51:53.106+0800] {logging_mixin.py:190} INFO - [2025-03-24T21:51:53.106+0800] {dagbag.py:588} INFO - Filling up the DagBag from /Users/dionneleow/IS3107/IS3107-group11/backend/venv/lib/python3.12/site-packages/airflow/example_dags/example_task_group.py
[2025-03-24T21:51:53.110+0800] {processor.py:925} INFO - DAG(s) 'example_task_group' retrieved from /Users/dionneleow/IS3107/IS3107-group11/backend/venv/lib/python3.12/site-packages/airflow/example_dags/example_task_group.py
[2025-03-24T21:51:53.147+0800] {logging_mixin.py:190} INFO - [2025-03-24T21:51:53.147+0800] {dag.py:3239} INFO - Sync 1 DAGs
[2025-03-24T21:51:53.152+0800] {logging_mixin.py:190} INFO - [2025-03-24T21:51:53.152+0800] {dag.py:4180} INFO - Setting next_dagrun for example_task_group to None, run_after=None
[2025-03-24T21:51:53.162+0800] {processor.py:208} INFO - Processing /Users/dionneleow/IS3107/IS3107-group11/backend/venv/lib/python3.12/site-packages/airflow/example_dags/example_task_group.py took 0.058 seconds
[2025-03-24T21:53:03.475+0800] {processor.py:186} INFO - Started process (PID=64741) to work on /Users/dionneleow/IS3107/IS3107-group11/backend/venv/lib/python3.12/site-packages/airflow/example_dags/example_task_group.py
[2025-03-24T21:53:03.476+0800] {processor.py:914} INFO - Processing file /Users/dionneleow/IS3107/IS3107-group11/backend/venv/lib/python3.12/site-packages/airflow/example_dags/example_task_group.py for tasks to queue
[2025-03-24T21:53:03.477+0800] {logging_mixin.py:190} INFO - [2025-03-24T21:53:03.476+0800] {dagbag.py:588} INFO - Filling up the DagBag from /Users/dionneleow/IS3107/IS3107-group11/backend/venv/lib/python3.12/site-packages/airflow/example_dags/example_task_group.py
[2025-03-24T21:53:03.480+0800] {processor.py:925} INFO - DAG(s) 'example_task_group' retrieved from /Users/dionneleow/IS3107/IS3107-group11/backend/venv/lib/python3.12/site-packages/airflow/example_dags/example_task_group.py
[2025-03-24T21:53:03.512+0800] {logging_mixin.py:190} INFO - [2025-03-24T21:53:03.512+0800] {dag.py:3239} INFO - Sync 1 DAGs
[2025-03-24T21:53:03.518+0800] {logging_mixin.py:190} INFO - [2025-03-24T21:53:03.518+0800] {dag.py:4180} INFO - Setting next_dagrun for example_task_group to None, run_after=None
[2025-03-24T21:53:03.528+0800] {processor.py:208} INFO - Processing /Users/dionneleow/IS3107/IS3107-group11/backend/venv/lib/python3.12/site-packages/airflow/example_dags/example_task_group.py took 0.054 seconds
[2025-03-24T21:54:10.842+0800] {processor.py:186} INFO - Started process (PID=65153) to work on /Users/dionneleow/IS3107/IS3107-group11/backend/venv/lib/python3.12/site-packages/airflow/example_dags/example_task_group.py
[2025-03-24T21:54:10.842+0800] {processor.py:914} INFO - Processing file /Users/dionneleow/IS3107/IS3107-group11/backend/venv/lib/python3.12/site-packages/airflow/example_dags/example_task_group.py for tasks to queue
[2025-03-24T21:54:10.843+0800] {logging_mixin.py:190} INFO - [2025-03-24T21:54:10.843+0800] {dagbag.py:588} INFO - Filling up the DagBag from /Users/dionneleow/IS3107/IS3107-group11/backend/venv/lib/python3.12/site-packages/airflow/example_dags/example_task_group.py
[2025-03-24T21:54:10.846+0800] {processor.py:925} INFO - DAG(s) 'example_task_group' retrieved from /Users/dionneleow/IS3107/IS3107-group11/backend/venv/lib/python3.12/site-packages/airflow/example_dags/example_task_group.py
[2025-03-24T21:54:10.879+0800] {logging_mixin.py:190} INFO - [2025-03-24T21:54:10.879+0800] {dag.py:3239} INFO - Sync 1 DAGs
[2025-03-24T21:54:10.883+0800] {logging_mixin.py:190} INFO - [2025-03-24T21:54:10.883+0800] {dag.py:4180} INFO - Setting next_dagrun for example_task_group to None, run_after=None
[2025-03-24T21:54:10.892+0800] {processor.py:208} INFO - Processing /Users/dionneleow/IS3107/IS3107-group11/backend/venv/lib/python3.12/site-packages/airflow/example_dags/example_task_group.py took 0.051 seconds
[2025-03-24T21:55:16.419+0800] {processor.py:186} INFO - Started process (PID=65579) to work on /Users/dionneleow/IS3107/IS3107-group11/backend/venv/lib/python3.12/site-packages/airflow/example_dags/example_task_group.py
[2025-03-24T21:55:16.420+0800] {processor.py:914} INFO - Processing file /Users/dionneleow/IS3107/IS3107-group11/backend/venv/lib/python3.12/site-packages/airflow/example_dags/example_task_group.py for tasks to queue
[2025-03-24T21:55:16.420+0800] {logging_mixin.py:190} INFO - [2025-03-24T21:55:16.420+0800] {dagbag.py:588} INFO - Filling up the DagBag from /Users/dionneleow/IS3107/IS3107-group11/backend/venv/lib/python3.12/site-packages/airflow/example_dags/example_task_group.py
[2025-03-24T21:55:16.423+0800] {processor.py:925} INFO - DAG(s) 'example_task_group' retrieved from /Users/dionneleow/IS3107/IS3107-group11/backend/venv/lib/python3.12/site-packages/airflow/example_dags/example_task_group.py
[2025-03-24T21:55:16.455+0800] {logging_mixin.py:190} INFO - [2025-03-24T21:55:16.454+0800] {dag.py:3239} INFO - Sync 1 DAGs
[2025-03-24T21:55:16.458+0800] {logging_mixin.py:190} INFO - [2025-03-24T21:55:16.458+0800] {dag.py:4180} INFO - Setting next_dagrun for example_task_group to None, run_after=None
[2025-03-24T21:55:16.465+0800] {processor.py:208} INFO - Processing /Users/dionneleow/IS3107/IS3107-group11/backend/venv/lib/python3.12/site-packages/airflow/example_dags/example_task_group.py took 0.047 seconds
[2025-03-24T21:56:27.911+0800] {processor.py:186} INFO - Started process (PID=66018) to work on /Users/dionneleow/IS3107/IS3107-group11/backend/venv/lib/python3.12/site-packages/airflow/example_dags/example_task_group.py
[2025-03-24T21:56:27.912+0800] {processor.py:914} INFO - Processing file /Users/dionneleow/IS3107/IS3107-group11/backend/venv/lib/python3.12/site-packages/airflow/example_dags/example_task_group.py for tasks to queue
[2025-03-24T21:56:27.913+0800] {logging_mixin.py:190} INFO - [2025-03-24T21:56:27.913+0800] {dagbag.py:588} INFO - Filling up the DagBag from /Users/dionneleow/IS3107/IS3107-group11/backend/venv/lib/python3.12/site-packages/airflow/example_dags/example_task_group.py
[2025-03-24T21:56:27.916+0800] {processor.py:925} INFO - DAG(s) 'example_task_group' retrieved from /Users/dionneleow/IS3107/IS3107-group11/backend/venv/lib/python3.12/site-packages/airflow/example_dags/example_task_group.py
[2025-03-24T21:56:27.947+0800] {logging_mixin.py:190} INFO - [2025-03-24T21:56:27.947+0800] {dag.py:3239} INFO - Sync 1 DAGs
[2025-03-24T21:56:27.951+0800] {logging_mixin.py:190} INFO - [2025-03-24T21:56:27.951+0800] {dag.py:4180} INFO - Setting next_dagrun for example_task_group to None, run_after=None
[2025-03-24T21:56:27.957+0800] {processor.py:208} INFO - Processing /Users/dionneleow/IS3107/IS3107-group11/backend/venv/lib/python3.12/site-packages/airflow/example_dags/example_task_group.py took 0.047 seconds
