[2025-03-24T21:50:00.687+0800] {processor.py:186} INFO - Started process (PID=63517) to work on /Users/dionneleow/IS3107/IS3107-group11/backend/venv/lib/python3.12/site-packages/airflow/example_dags/example_bash_operator.py
[2025-03-24T21:50:00.689+0800] {processor.py:914} INFO - Processing file /Users/dionneleow/IS3107/IS3107-group11/backend/venv/lib/python3.12/site-packages/airflow/example_dags/example_bash_operator.py for tasks to queue
[2025-03-24T21:50:00.689+0800] {logging_mixin.py:190} INFO - [2025-03-24T21:50:00.689+0800] {dagbag.py:588} INFO - Filling up the DagBag from /Users/dionneleow/IS3107/IS3107-group11/backend/venv/lib/python3.12/site-packages/airflow/example_dags/example_bash_operator.py
[2025-03-24T21:50:00.697+0800] {processor.py:925} INFO - DAG(s) 'example_bash_operator' retrieved from /Users/dionneleow/IS3107/IS3107-group11/backend/venv/lib/python3.12/site-packages/airflow/example_dags/example_bash_operator.py
[2025-03-24T21:50:00.796+0800] {logging_mixin.py:190} INFO - [2025-03-24T21:50:00.796+0800] {override.py:1912} INFO - Created Permission View: can read on DAG:example_bash_operator
[2025-03-24T21:50:00.799+0800] {logging_mixin.py:190} INFO - [2025-03-24T21:50:00.799+0800] {override.py:1912} INFO - Created Permission View: can delete on DAG:example_bash_operator
[2025-03-24T21:50:00.802+0800] {logging_mixin.py:190} INFO - [2025-03-24T21:50:00.802+0800] {override.py:1912} INFO - Created Permission View: can edit on DAG:example_bash_operator
[2025-03-24T21:50:00.804+0800] {logging_mixin.py:190} INFO - [2025-03-24T21:50:00.804+0800] {override.py:1912} INFO - Created Permission View: menu access on DAG Run:example_bash_operator
[2025-03-24T21:50:00.806+0800] {logging_mixin.py:190} INFO - [2025-03-24T21:50:00.806+0800] {override.py:1912} INFO - Created Permission View: can read on DAG Run:example_bash_operator
[2025-03-24T21:50:00.808+0800] {logging_mixin.py:190} INFO - [2025-03-24T21:50:00.808+0800] {override.py:1912} INFO - Created Permission View: can create on DAG Run:example_bash_operator
[2025-03-24T21:50:00.810+0800] {logging_mixin.py:190} INFO - [2025-03-24T21:50:00.809+0800] {override.py:1912} INFO - Created Permission View: can delete on DAG Run:example_bash_operator
[2025-03-24T21:50:00.810+0800] {logging_mixin.py:190} INFO - [2025-03-24T21:50:00.810+0800] {dag.py:3239} INFO - Sync 1 DAGs
[2025-03-24T21:50:00.817+0800] {logging_mixin.py:190} INFO - [2025-03-24T21:50:00.817+0800] {dag.py:3262} INFO - Creating ORM DAG for example_bash_operator
[2025-03-24T21:50:00.821+0800] {logging_mixin.py:190} INFO - [2025-03-24T21:50:00.821+0800] {dag.py:4180} INFO - Setting next_dagrun for example_bash_operator to 2025-03-23 00:00:00+00:00, run_after=2025-03-24 00:00:00+00:00
[2025-03-24T21:50:00.830+0800] {processor.py:208} INFO - Processing /Users/dionneleow/IS3107/IS3107-group11/backend/venv/lib/python3.12/site-packages/airflow/example_dags/example_bash_operator.py took 0.145 seconds
[2025-03-24T21:52:27.009+0800] {processor.py:186} INFO - Started process (PID=64516) to work on /Users/dionneleow/IS3107/IS3107-group11/backend/venv/lib/python3.12/site-packages/airflow/example_dags/example_bash_operator.py
[2025-03-24T21:52:27.011+0800] {processor.py:914} INFO - Processing file /Users/dionneleow/IS3107/IS3107-group11/backend/venv/lib/python3.12/site-packages/airflow/example_dags/example_bash_operator.py for tasks to queue
[2025-03-24T21:52:27.012+0800] {logging_mixin.py:190} INFO - [2025-03-24T21:52:27.012+0800] {dagbag.py:588} INFO - Filling up the DagBag from /Users/dionneleow/IS3107/IS3107-group11/backend/venv/lib/python3.12/site-packages/airflow/example_dags/example_bash_operator.py
[2025-03-24T21:52:27.022+0800] {processor.py:925} INFO - DAG(s) 'example_bash_operator' retrieved from /Users/dionneleow/IS3107/IS3107-group11/backend/venv/lib/python3.12/site-packages/airflow/example_dags/example_bash_operator.py
[2025-03-24T21:52:27.065+0800] {logging_mixin.py:190} INFO - [2025-03-24T21:52:27.065+0800] {dag.py:3239} INFO - Sync 1 DAGs
[2025-03-24T21:52:27.080+0800] {logging_mixin.py:190} INFO - [2025-03-24T21:52:27.080+0800] {dag.py:4180} INFO - Setting next_dagrun for example_bash_operator to 2025-03-23 00:00:00+00:00, run_after=2025-03-24 00:00:00+00:00
[2025-03-24T21:52:27.132+0800] {processor.py:208} INFO - Processing /Users/dionneleow/IS3107/IS3107-group11/backend/venv/lib/python3.12/site-packages/airflow/example_dags/example_bash_operator.py took 0.124 seconds
[2025-03-24T21:54:41.795+0800] {processor.py:186} INFO - Started process (PID=65346) to work on /Users/dionneleow/IS3107/IS3107-group11/backend/venv/lib/python3.12/site-packages/airflow/example_dags/example_bash_operator.py
[2025-03-24T21:54:41.797+0800] {processor.py:914} INFO - Processing file /Users/dionneleow/IS3107/IS3107-group11/backend/venv/lib/python3.12/site-packages/airflow/example_dags/example_bash_operator.py for tasks to queue
[2025-03-24T21:54:41.797+0800] {logging_mixin.py:190} INFO - [2025-03-24T21:54:41.797+0800] {dagbag.py:588} INFO - Filling up the DagBag from /Users/dionneleow/IS3107/IS3107-group11/backend/venv/lib/python3.12/site-packages/airflow/example_dags/example_bash_operator.py
[2025-03-24T21:54:41.802+0800] {processor.py:925} INFO - DAG(s) 'example_bash_operator' retrieved from /Users/dionneleow/IS3107/IS3107-group11/backend/venv/lib/python3.12/site-packages/airflow/example_dags/example_bash_operator.py
[2025-03-24T21:54:41.840+0800] {logging_mixin.py:190} INFO - [2025-03-24T21:54:41.840+0800] {dag.py:3239} INFO - Sync 1 DAGs
[2025-03-24T21:54:41.846+0800] {logging_mixin.py:190} INFO - [2025-03-24T21:54:41.846+0800] {dag.py:4180} INFO - Setting next_dagrun for example_bash_operator to 2025-03-23 00:00:00+00:00, run_after=2025-03-24 00:00:00+00:00
[2025-03-24T21:54:41.876+0800] {processor.py:208} INFO - Processing /Users/dionneleow/IS3107/IS3107-group11/backend/venv/lib/python3.12/site-packages/airflow/example_dags/example_bash_operator.py took 0.082 seconds
[2025-03-24T21:57:01.926+0800] {processor.py:186} INFO - Started process (PID=66223) to work on /Users/dionneleow/IS3107/IS3107-group11/backend/venv/lib/python3.12/site-packages/airflow/example_dags/example_bash_operator.py
[2025-03-24T21:57:01.928+0800] {processor.py:914} INFO - Processing file /Users/dionneleow/IS3107/IS3107-group11/backend/venv/lib/python3.12/site-packages/airflow/example_dags/example_bash_operator.py for tasks to queue
[2025-03-24T21:57:01.928+0800] {logging_mixin.py:190} INFO - [2025-03-24T21:57:01.928+0800] {dagbag.py:588} INFO - Filling up the DagBag from /Users/dionneleow/IS3107/IS3107-group11/backend/venv/lib/python3.12/site-packages/airflow/example_dags/example_bash_operator.py
[2025-03-24T21:57:01.933+0800] {processor.py:925} INFO - DAG(s) 'example_bash_operator' retrieved from /Users/dionneleow/IS3107/IS3107-group11/backend/venv/lib/python3.12/site-packages/airflow/example_dags/example_bash_operator.py
[2025-03-24T21:57:01.974+0800] {logging_mixin.py:190} INFO - [2025-03-24T21:57:01.974+0800] {dag.py:3239} INFO - Sync 1 DAGs
[2025-03-24T21:57:01.980+0800] {logging_mixin.py:190} INFO - [2025-03-24T21:57:01.980+0800] {dag.py:4180} INFO - Setting next_dagrun for example_bash_operator to 2025-03-23 00:00:00+00:00, run_after=2025-03-24 00:00:00+00:00
[2025-03-24T21:57:02.017+0800] {processor.py:208} INFO - Processing /Users/dionneleow/IS3107/IS3107-group11/backend/venv/lib/python3.12/site-packages/airflow/example_dags/example_bash_operator.py took 0.092 seconds
[2025-03-24T21:59:18.758+0800] {processor.py:186} INFO - Started process (PID=67058) to work on /Users/dionneleow/IS3107/IS3107-group11/backend/venv/lib/python3.12/site-packages/airflow/example_dags/example_bash_operator.py
[2025-03-24T21:59:18.759+0800] {processor.py:914} INFO - Processing file /Users/dionneleow/IS3107/IS3107-group11/backend/venv/lib/python3.12/site-packages/airflow/example_dags/example_bash_operator.py for tasks to queue
[2025-03-24T21:59:18.759+0800] {logging_mixin.py:190} INFO - [2025-03-24T21:59:18.759+0800] {dagbag.py:588} INFO - Filling up the DagBag from /Users/dionneleow/IS3107/IS3107-group11/backend/venv/lib/python3.12/site-packages/airflow/example_dags/example_bash_operator.py
[2025-03-24T21:59:18.763+0800] {processor.py:925} INFO - DAG(s) 'example_bash_operator' retrieved from /Users/dionneleow/IS3107/IS3107-group11/backend/venv/lib/python3.12/site-packages/airflow/example_dags/example_bash_operator.py
[2025-03-24T21:59:18.799+0800] {logging_mixin.py:190} INFO - [2025-03-24T21:59:18.799+0800] {dag.py:3239} INFO - Sync 1 DAGs
[2025-03-24T21:59:18.806+0800] {logging_mixin.py:190} INFO - [2025-03-24T21:59:18.806+0800] {dag.py:4180} INFO - Setting next_dagrun for example_bash_operator to 2025-03-23 00:00:00+00:00, run_after=2025-03-24 00:00:00+00:00
[2025-03-24T21:59:18.836+0800] {processor.py:208} INFO - Processing /Users/dionneleow/IS3107/IS3107-group11/backend/venv/lib/python3.12/site-packages/airflow/example_dags/example_bash_operator.py took 0.079 seconds
[2025-03-24T22:01:22.889+0800] {processor.py:186} INFO - Started process (PID=67791) to work on /Users/dionneleow/IS3107/IS3107-group11/backend/venv/lib/python3.12/site-packages/airflow/example_dags/example_bash_operator.py
[2025-03-24T22:01:22.889+0800] {processor.py:914} INFO - Processing file /Users/dionneleow/IS3107/IS3107-group11/backend/venv/lib/python3.12/site-packages/airflow/example_dags/example_bash_operator.py for tasks to queue
[2025-03-24T22:01:22.890+0800] {logging_mixin.py:190} INFO - [2025-03-24T22:01:22.890+0800] {dagbag.py:588} INFO - Filling up the DagBag from /Users/dionneleow/IS3107/IS3107-group11/backend/venv/lib/python3.12/site-packages/airflow/example_dags/example_bash_operator.py
[2025-03-24T22:01:22.894+0800] {processor.py:925} INFO - DAG(s) 'example_bash_operator' retrieved from /Users/dionneleow/IS3107/IS3107-group11/backend/venv/lib/python3.12/site-packages/airflow/example_dags/example_bash_operator.py
[2025-03-24T22:01:22.927+0800] {logging_mixin.py:190} INFO - [2025-03-24T22:01:22.927+0800] {dag.py:3239} INFO - Sync 1 DAGs
[2025-03-24T22:01:22.933+0800] {logging_mixin.py:190} INFO - [2025-03-24T22:01:22.933+0800] {dag.py:4180} INFO - Setting next_dagrun for example_bash_operator to 2025-03-23 00:00:00+00:00, run_after=2025-03-24 00:00:00+00:00
[2025-03-24T22:01:22.965+0800] {processor.py:208} INFO - Processing /Users/dionneleow/IS3107/IS3107-group11/backend/venv/lib/python3.12/site-packages/airflow/example_dags/example_bash_operator.py took 0.078 seconds
[2025-03-24T22:03:36.861+0800] {processor.py:186} INFO - Started process (PID=68609) to work on /Users/dionneleow/IS3107/IS3107-group11/backend/venv/lib/python3.12/site-packages/airflow/example_dags/example_bash_operator.py
[2025-03-24T22:03:36.862+0800] {processor.py:914} INFO - Processing file /Users/dionneleow/IS3107/IS3107-group11/backend/venv/lib/python3.12/site-packages/airflow/example_dags/example_bash_operator.py for tasks to queue
[2025-03-24T22:03:36.862+0800] {logging_mixin.py:190} INFO - [2025-03-24T22:03:36.862+0800] {dagbag.py:588} INFO - Filling up the DagBag from /Users/dionneleow/IS3107/IS3107-group11/backend/venv/lib/python3.12/site-packages/airflow/example_dags/example_bash_operator.py
[2025-03-24T22:03:36.867+0800] {processor.py:925} INFO - DAG(s) 'example_bash_operator' retrieved from /Users/dionneleow/IS3107/IS3107-group11/backend/venv/lib/python3.12/site-packages/airflow/example_dags/example_bash_operator.py
[2025-03-24T22:03:36.900+0800] {logging_mixin.py:190} INFO - [2025-03-24T22:03:36.899+0800] {dag.py:3239} INFO - Sync 1 DAGs
[2025-03-24T22:03:36.905+0800] {logging_mixin.py:190} INFO - [2025-03-24T22:03:36.905+0800] {dag.py:4180} INFO - Setting next_dagrun for example_bash_operator to 2025-03-23 00:00:00+00:00, run_after=2025-03-24 00:00:00+00:00
[2025-03-24T22:03:36.935+0800] {processor.py:208} INFO - Processing /Users/dionneleow/IS3107/IS3107-group11/backend/venv/lib/python3.12/site-packages/airflow/example_dags/example_bash_operator.py took 0.076 seconds
[2025-03-24T22:05:50.766+0800] {processor.py:186} INFO - Started process (PID=69309) to work on /Users/dionneleow/IS3107/IS3107-group11/backend/venv/lib/python3.12/site-packages/airflow/example_dags/example_bash_operator.py
[2025-03-24T22:05:50.767+0800] {processor.py:914} INFO - Processing file /Users/dionneleow/IS3107/IS3107-group11/backend/venv/lib/python3.12/site-packages/airflow/example_dags/example_bash_operator.py for tasks to queue
[2025-03-24T22:05:50.767+0800] {logging_mixin.py:190} INFO - [2025-03-24T22:05:50.767+0800] {dagbag.py:588} INFO - Filling up the DagBag from /Users/dionneleow/IS3107/IS3107-group11/backend/venv/lib/python3.12/site-packages/airflow/example_dags/example_bash_operator.py
[2025-03-24T22:05:50.772+0800] {processor.py:925} INFO - DAG(s) 'example_bash_operator' retrieved from /Users/dionneleow/IS3107/IS3107-group11/backend/venv/lib/python3.12/site-packages/airflow/example_dags/example_bash_operator.py
[2025-03-24T22:05:50.808+0800] {logging_mixin.py:190} INFO - [2025-03-24T22:05:50.808+0800] {dag.py:3239} INFO - Sync 1 DAGs
[2025-03-24T22:05:50.814+0800] {logging_mixin.py:190} INFO - [2025-03-24T22:05:50.814+0800] {dag.py:4180} INFO - Setting next_dagrun for example_bash_operator to 2025-03-23 00:00:00+00:00, run_after=2025-03-24 00:00:00+00:00
[2025-03-24T22:05:50.844+0800] {processor.py:208} INFO - Processing /Users/dionneleow/IS3107/IS3107-group11/backend/venv/lib/python3.12/site-packages/airflow/example_dags/example_bash_operator.py took 0.080 seconds
[2025-03-24T22:08:12.462+0800] {processor.py:186} INFO - Started process (PID=70084) to work on /Users/dionneleow/IS3107/IS3107-group11/backend/venv/lib/python3.12/site-packages/airflow/example_dags/example_bash_operator.py
[2025-03-24T22:08:12.462+0800] {processor.py:914} INFO - Processing file /Users/dionneleow/IS3107/IS3107-group11/backend/venv/lib/python3.12/site-packages/airflow/example_dags/example_bash_operator.py for tasks to queue
[2025-03-24T22:08:12.463+0800] {logging_mixin.py:190} INFO - [2025-03-24T22:08:12.463+0800] {dagbag.py:588} INFO - Filling up the DagBag from /Users/dionneleow/IS3107/IS3107-group11/backend/venv/lib/python3.12/site-packages/airflow/example_dags/example_bash_operator.py
[2025-03-24T22:08:12.467+0800] {processor.py:925} INFO - DAG(s) 'example_bash_operator' retrieved from /Users/dionneleow/IS3107/IS3107-group11/backend/venv/lib/python3.12/site-packages/airflow/example_dags/example_bash_operator.py
[2025-03-24T22:08:12.503+0800] {logging_mixin.py:190} INFO - [2025-03-24T22:08:12.502+0800] {dag.py:3239} INFO - Sync 1 DAGs
[2025-03-24T22:08:12.510+0800] {logging_mixin.py:190} INFO - [2025-03-24T22:08:12.510+0800] {dag.py:4180} INFO - Setting next_dagrun for example_bash_operator to 2025-03-23 00:00:00+00:00, run_after=2025-03-24 00:00:00+00:00
[2025-03-24T22:08:12.546+0800] {processor.py:208} INFO - Processing /Users/dionneleow/IS3107/IS3107-group11/backend/venv/lib/python3.12/site-packages/airflow/example_dags/example_bash_operator.py took 0.085 seconds
