[2025-03-24T21:49:24.075+0800] {processor.py:186} INFO - Started process (PID=63310) to work on /Users/dionneleow/IS3107/IS3107-group11/backend/venv/lib/python3.12/site-packages/airflow/example_dags/example_latest_only.py
[2025-03-24T21:49:24.076+0800] {processor.py:914} INFO - Processing file /Users/dionneleow/IS3107/IS3107-group11/backend/venv/lib/python3.12/site-packages/airflow/example_dags/example_latest_only.py for tasks to queue
[2025-03-24T21:49:24.076+0800] {logging_mixin.py:190} INFO - [2025-03-24T21:49:24.076+0800] {dagbag.py:588} INFO - Filling up the DagBag from /Users/dionneleow/IS3107/IS3107-group11/backend/venv/lib/python3.12/site-packages/airflow/example_dags/example_latest_only.py
[2025-03-24T21:49:24.079+0800] {processor.py:925} INFO - DAG(s) 'latest_only' retrieved from /Users/dionneleow/IS3107/IS3107-group11/backend/venv/lib/python3.12/site-packages/airflow/example_dags/example_latest_only.py
[2025-03-24T21:49:24.173+0800] {logging_mixin.py:190} INFO - [2025-03-24T21:49:24.172+0800] {override.py:1912} INFO - Created Permission View: can edit on DAG:latest_only
[2025-03-24T21:49:24.177+0800] {logging_mixin.py:190} INFO - [2025-03-24T21:49:24.177+0800] {override.py:1912} INFO - Created Permission View: can delete on DAG:latest_only
[2025-03-24T21:49:24.179+0800] {logging_mixin.py:190} INFO - [2025-03-24T21:49:24.179+0800] {override.py:1912} INFO - Created Permission View: can read on DAG:latest_only
[2025-03-24T21:49:24.185+0800] {logging_mixin.py:190} INFO - [2025-03-24T21:49:24.185+0800] {override.py:1912} INFO - Created Permission View: menu access on DAG Run:latest_only
[2025-03-24T21:49:24.187+0800] {logging_mixin.py:190} INFO - [2025-03-24T21:49:24.187+0800] {override.py:1912} INFO - Created Permission View: can delete on DAG Run:latest_only
[2025-03-24T21:49:24.189+0800] {logging_mixin.py:190} INFO - [2025-03-24T21:49:24.189+0800] {override.py:1912} INFO - Created Permission View: can create on DAG Run:latest_only
[2025-03-24T21:49:24.191+0800] {logging_mixin.py:190} INFO - [2025-03-24T21:49:24.191+0800] {override.py:1912} INFO - Created Permission View: can read on DAG Run:latest_only
[2025-03-24T21:49:24.191+0800] {logging_mixin.py:190} INFO - [2025-03-24T21:49:24.191+0800] {dag.py:3239} INFO - Sync 1 DAGs
[2025-03-24T21:49:24.195+0800] {logging_mixin.py:190} INFO - [2025-03-24T21:49:24.195+0800] {dag.py:3262} INFO - Creating ORM DAG for latest_only
[2025-03-24T21:49:24.199+0800] {logging_mixin.py:190} INFO - [2025-03-24T21:49:24.198+0800] {dag.py:4180} INFO - Setting next_dagrun for latest_only to 2025-03-24 08:00:00+00:00, run_after=2025-03-24 12:00:00+00:00
[2025-03-24T21:49:24.207+0800] {processor.py:208} INFO - Processing /Users/dionneleow/IS3107/IS3107-group11/backend/venv/lib/python3.12/site-packages/airflow/example_dags/example_latest_only.py took 0.133 seconds
[2025-03-24T21:51:12.980+0800] {processor.py:186} INFO - Started process (PID=64087) to work on /Users/dionneleow/IS3107/IS3107-group11/backend/venv/lib/python3.12/site-packages/airflow/example_dags/example_latest_only.py
[2025-03-24T21:51:12.980+0800] {processor.py:914} INFO - Processing file /Users/dionneleow/IS3107/IS3107-group11/backend/venv/lib/python3.12/site-packages/airflow/example_dags/example_latest_only.py for tasks to queue
[2025-03-24T21:51:12.981+0800] {logging_mixin.py:190} INFO - [2025-03-24T21:51:12.981+0800] {dagbag.py:588} INFO - Filling up the DagBag from /Users/dionneleow/IS3107/IS3107-group11/backend/venv/lib/python3.12/site-packages/airflow/example_dags/example_latest_only.py
[2025-03-24T21:51:12.983+0800] {processor.py:925} INFO - DAG(s) 'latest_only' retrieved from /Users/dionneleow/IS3107/IS3107-group11/backend/venv/lib/python3.12/site-packages/airflow/example_dags/example_latest_only.py
[2025-03-24T21:51:13.017+0800] {logging_mixin.py:190} INFO - [2025-03-24T21:51:13.017+0800] {dag.py:3239} INFO - Sync 1 DAGs
[2025-03-24T21:51:13.023+0800] {logging_mixin.py:190} INFO - [2025-03-24T21:51:13.023+0800] {dag.py:4180} INFO - Setting next_dagrun for latest_only to 2025-03-24 08:00:00+00:00, run_after=2025-03-24 12:00:00+00:00
[2025-03-24T21:51:13.055+0800] {processor.py:208} INFO - Processing /Users/dionneleow/IS3107/IS3107-group11/backend/venv/lib/python3.12/site-packages/airflow/example_dags/example_latest_only.py took 0.077 seconds
[2025-03-24T21:53:29.374+0800] {processor.py:186} INFO - Started process (PID=64890) to work on /Users/dionneleow/IS3107/IS3107-group11/backend/venv/lib/python3.12/site-packages/airflow/example_dags/example_latest_only.py
[2025-03-24T21:53:29.374+0800] {processor.py:914} INFO - Processing file /Users/dionneleow/IS3107/IS3107-group11/backend/venv/lib/python3.12/site-packages/airflow/example_dags/example_latest_only.py for tasks to queue
[2025-03-24T21:53:29.375+0800] {logging_mixin.py:190} INFO - [2025-03-24T21:53:29.375+0800] {dagbag.py:588} INFO - Filling up the DagBag from /Users/dionneleow/IS3107/IS3107-group11/backend/venv/lib/python3.12/site-packages/airflow/example_dags/example_latest_only.py
[2025-03-24T21:53:29.377+0800] {processor.py:925} INFO - DAG(s) 'latest_only' retrieved from /Users/dionneleow/IS3107/IS3107-group11/backend/venv/lib/python3.12/site-packages/airflow/example_dags/example_latest_only.py
[2025-03-24T21:53:29.414+0800] {logging_mixin.py:190} INFO - [2025-03-24T21:53:29.414+0800] {dag.py:3239} INFO - Sync 1 DAGs
[2025-03-24T21:53:29.420+0800] {logging_mixin.py:190} INFO - [2025-03-24T21:53:29.420+0800] {dag.py:4180} INFO - Setting next_dagrun for latest_only to 2025-03-24 08:00:00+00:00, run_after=2025-03-24 12:00:00+00:00
[2025-03-24T21:53:29.454+0800] {processor.py:208} INFO - Processing /Users/dionneleow/IS3107/IS3107-group11/backend/venv/lib/python3.12/site-packages/airflow/example_dags/example_latest_only.py took 0.081 seconds
[2025-03-24T21:55:46.679+0800] {processor.py:186} INFO - Started process (PID=65769) to work on /Users/dionneleow/IS3107/IS3107-group11/backend/venv/lib/python3.12/site-packages/airflow/example_dags/example_latest_only.py
[2025-03-24T21:55:46.680+0800] {processor.py:914} INFO - Processing file /Users/dionneleow/IS3107/IS3107-group11/backend/venv/lib/python3.12/site-packages/airflow/example_dags/example_latest_only.py for tasks to queue
[2025-03-24T21:55:46.680+0800] {logging_mixin.py:190} INFO - [2025-03-24T21:55:46.680+0800] {dagbag.py:588} INFO - Filling up the DagBag from /Users/dionneleow/IS3107/IS3107-group11/backend/venv/lib/python3.12/site-packages/airflow/example_dags/example_latest_only.py
[2025-03-24T21:55:46.683+0800] {processor.py:925} INFO - DAG(s) 'latest_only' retrieved from /Users/dionneleow/IS3107/IS3107-group11/backend/venv/lib/python3.12/site-packages/airflow/example_dags/example_latest_only.py
[2025-03-24T21:55:46.716+0800] {logging_mixin.py:190} INFO - [2025-03-24T21:55:46.716+0800] {dag.py:3239} INFO - Sync 1 DAGs
[2025-03-24T21:55:46.722+0800] {logging_mixin.py:190} INFO - [2025-03-24T21:55:46.722+0800] {dag.py:4180} INFO - Setting next_dagrun for latest_only to 2025-03-24 08:00:00+00:00, run_after=2025-03-24 12:00:00+00:00
[2025-03-24T21:55:46.764+0800] {processor.py:208} INFO - Processing /Users/dionneleow/IS3107/IS3107-group11/backend/venv/lib/python3.12/site-packages/airflow/example_dags/example_latest_only.py took 0.086 seconds
