[2025-03-24T21:49:56.791+0800] {processor.py:186} INFO - Started process (PID=63504) to work on /Users/dionneleow/IS3107/IS3107-group11/backend/venv/lib/python3.12/site-packages/airflow/example_dags/example_branch_day_of_week_operator.py
[2025-03-24T21:49:56.792+0800] {processor.py:914} INFO - Processing file /Users/dionneleow/IS3107/IS3107-group11/backend/venv/lib/python3.12/site-packages/airflow/example_dags/example_branch_day_of_week_operator.py for tasks to queue
[2025-03-24T21:49:56.792+0800] {logging_mixin.py:190} INFO - [2025-03-24T21:49:56.792+0800] {dagbag.py:588} INFO - Filling up the DagBag from /Users/dionneleow/IS3107/IS3107-group11/backend/venv/lib/python3.12/site-packages/airflow/example_dags/example_branch_day_of_week_operator.py
[2025-03-24T21:49:56.796+0800] {processor.py:925} INFO - DAG(s) 'example_weekday_branch_operator' retrieved from /Users/dionneleow/IS3107/IS3107-group11/backend/venv/lib/python3.12/site-packages/airflow/example_dags/example_branch_day_of_week_operator.py
[2025-03-24T21:49:56.890+0800] {logging_mixin.py:190} INFO - [2025-03-24T21:49:56.890+0800] {override.py:1912} INFO - Created Permission View: can read on DAG:example_weekday_branch_operator
[2025-03-24T21:49:56.908+0800] {logging_mixin.py:190} INFO - [2025-03-24T21:49:56.908+0800] {override.py:1912} INFO - Created Permission View: can edit on DAG:example_weekday_branch_operator
[2025-03-24T21:49:56.912+0800] {logging_mixin.py:190} INFO - [2025-03-24T21:49:56.912+0800] {override.py:1912} INFO - Created Permission View: can delete on DAG:example_weekday_branch_operator
[2025-03-24T21:49:56.920+0800] {logging_mixin.py:190} INFO - [2025-03-24T21:49:56.920+0800] {override.py:1912} INFO - Created Permission View: can read on DAG Run:example_weekday_branch_operator
[2025-03-24T21:49:56.925+0800] {logging_mixin.py:190} INFO - [2025-03-24T21:49:56.925+0800] {override.py:1912} INFO - Created Permission View: menu access on DAG Run:example_weekday_branch_operator
[2025-03-24T21:49:56.927+0800] {logging_mixin.py:190} INFO - [2025-03-24T21:49:56.927+0800] {override.py:1912} INFO - Created Permission View: can delete on DAG Run:example_weekday_branch_operator
[2025-03-24T21:49:56.929+0800] {logging_mixin.py:190} INFO - [2025-03-24T21:49:56.929+0800] {override.py:1912} INFO - Created Permission View: can create on DAG Run:example_weekday_branch_operator
[2025-03-24T21:49:56.929+0800] {logging_mixin.py:190} INFO - [2025-03-24T21:49:56.929+0800] {dag.py:3239} INFO - Sync 1 DAGs
[2025-03-24T21:49:56.933+0800] {logging_mixin.py:190} INFO - [2025-03-24T21:49:56.933+0800] {dag.py:3262} INFO - Creating ORM DAG for example_weekday_branch_operator
[2025-03-24T21:49:56.936+0800] {logging_mixin.py:190} INFO - [2025-03-24T21:49:56.936+0800] {dag.py:4180} INFO - Setting next_dagrun for example_weekday_branch_operator to 2025-03-23 00:00:00+00:00, run_after=2025-03-24 00:00:00+00:00
[2025-03-24T21:49:56.944+0800] {processor.py:208} INFO - Processing /Users/dionneleow/IS3107/IS3107-group11/backend/venv/lib/python3.12/site-packages/airflow/example_dags/example_branch_day_of_week_operator.py took 0.155 seconds
[2025-03-24T21:52:22.947+0800] {processor.py:186} INFO - Started process (PID=64496) to work on /Users/dionneleow/IS3107/IS3107-group11/backend/venv/lib/python3.12/site-packages/airflow/example_dags/example_branch_day_of_week_operator.py
[2025-03-24T21:52:22.948+0800] {processor.py:914} INFO - Processing file /Users/dionneleow/IS3107/IS3107-group11/backend/venv/lib/python3.12/site-packages/airflow/example_dags/example_branch_day_of_week_operator.py for tasks to queue
[2025-03-24T21:52:22.949+0800] {logging_mixin.py:190} INFO - [2025-03-24T21:52:22.948+0800] {dagbag.py:588} INFO - Filling up the DagBag from /Users/dionneleow/IS3107/IS3107-group11/backend/venv/lib/python3.12/site-packages/airflow/example_dags/example_branch_day_of_week_operator.py
[2025-03-24T21:52:22.952+0800] {processor.py:925} INFO - DAG(s) 'example_weekday_branch_operator' retrieved from /Users/dionneleow/IS3107/IS3107-group11/backend/venv/lib/python3.12/site-packages/airflow/example_dags/example_branch_day_of_week_operator.py
[2025-03-24T21:52:22.987+0800] {logging_mixin.py:190} INFO - [2025-03-24T21:52:22.987+0800] {dag.py:3239} INFO - Sync 1 DAGs
[2025-03-24T21:52:22.993+0800] {logging_mixin.py:190} INFO - [2025-03-24T21:52:22.993+0800] {dag.py:4180} INFO - Setting next_dagrun for example_weekday_branch_operator to 2025-03-23 00:00:00+00:00, run_after=2025-03-24 00:00:00+00:00
[2025-03-24T21:52:23.026+0800] {processor.py:208} INFO - Processing /Users/dionneleow/IS3107/IS3107-group11/backend/venv/lib/python3.12/site-packages/airflow/example_dags/example_branch_day_of_week_operator.py took 0.079 seconds
[2025-03-24T21:54:38.964+0800] {processor.py:186} INFO - Started process (PID=65320) to work on /Users/dionneleow/IS3107/IS3107-group11/backend/venv/lib/python3.12/site-packages/airflow/example_dags/example_branch_day_of_week_operator.py
[2025-03-24T21:54:38.965+0800] {processor.py:914} INFO - Processing file /Users/dionneleow/IS3107/IS3107-group11/backend/venv/lib/python3.12/site-packages/airflow/example_dags/example_branch_day_of_week_operator.py for tasks to queue
[2025-03-24T21:54:38.966+0800] {logging_mixin.py:190} INFO - [2025-03-24T21:54:38.966+0800] {dagbag.py:588} INFO - Filling up the DagBag from /Users/dionneleow/IS3107/IS3107-group11/backend/venv/lib/python3.12/site-packages/airflow/example_dags/example_branch_day_of_week_operator.py
[2025-03-24T21:54:38.969+0800] {processor.py:925} INFO - DAG(s) 'example_weekday_branch_operator' retrieved from /Users/dionneleow/IS3107/IS3107-group11/backend/venv/lib/python3.12/site-packages/airflow/example_dags/example_branch_day_of_week_operator.py
[2025-03-24T21:54:39.003+0800] {logging_mixin.py:190} INFO - [2025-03-24T21:54:39.003+0800] {dag.py:3239} INFO - Sync 1 DAGs
[2025-03-24T21:54:39.010+0800] {logging_mixin.py:190} INFO - [2025-03-24T21:54:39.010+0800] {dag.py:4180} INFO - Setting next_dagrun for example_weekday_branch_operator to 2025-03-23 00:00:00+00:00, run_after=2025-03-24 00:00:00+00:00
[2025-03-24T21:54:39.044+0800] {processor.py:208} INFO - Processing /Users/dionneleow/IS3107/IS3107-group11/backend/venv/lib/python3.12/site-packages/airflow/example_dags/example_branch_day_of_week_operator.py took 0.081 seconds
[2025-03-24T21:56:58.138+0800] {processor.py:186} INFO - Started process (PID=66197) to work on /Users/dionneleow/IS3107/IS3107-group11/backend/venv/lib/python3.12/site-packages/airflow/example_dags/example_branch_day_of_week_operator.py
[2025-03-24T21:56:58.139+0800] {processor.py:914} INFO - Processing file /Users/dionneleow/IS3107/IS3107-group11/backend/venv/lib/python3.12/site-packages/airflow/example_dags/example_branch_day_of_week_operator.py for tasks to queue
[2025-03-24T21:56:58.140+0800] {logging_mixin.py:190} INFO - [2025-03-24T21:56:58.139+0800] {dagbag.py:588} INFO - Filling up the DagBag from /Users/dionneleow/IS3107/IS3107-group11/backend/venv/lib/python3.12/site-packages/airflow/example_dags/example_branch_day_of_week_operator.py
[2025-03-24T21:56:58.143+0800] {processor.py:925} INFO - DAG(s) 'example_weekday_branch_operator' retrieved from /Users/dionneleow/IS3107/IS3107-group11/backend/venv/lib/python3.12/site-packages/airflow/example_dags/example_branch_day_of_week_operator.py
[2025-03-24T21:56:58.175+0800] {logging_mixin.py:190} INFO - [2025-03-24T21:56:58.174+0800] {dag.py:3239} INFO - Sync 1 DAGs
[2025-03-24T21:56:58.181+0800] {logging_mixin.py:190} INFO - [2025-03-24T21:56:58.181+0800] {dag.py:4180} INFO - Setting next_dagrun for example_weekday_branch_operator to 2025-03-23 00:00:00+00:00, run_after=2025-03-24 00:00:00+00:00
[2025-03-24T21:56:58.214+0800] {processor.py:208} INFO - Processing /Users/dionneleow/IS3107/IS3107-group11/backend/venv/lib/python3.12/site-packages/airflow/example_dags/example_branch_day_of_week_operator.py took 0.077 seconds
[2025-03-24T21:59:15.889+0800] {processor.py:186} INFO - Started process (PID=67046) to work on /Users/dionneleow/IS3107/IS3107-group11/backend/venv/lib/python3.12/site-packages/airflow/example_dags/example_branch_day_of_week_operator.py
[2025-03-24T21:59:15.890+0800] {processor.py:914} INFO - Processing file /Users/dionneleow/IS3107/IS3107-group11/backend/venv/lib/python3.12/site-packages/airflow/example_dags/example_branch_day_of_week_operator.py for tasks to queue
[2025-03-24T21:59:15.890+0800] {logging_mixin.py:190} INFO - [2025-03-24T21:59:15.890+0800] {dagbag.py:588} INFO - Filling up the DagBag from /Users/dionneleow/IS3107/IS3107-group11/backend/venv/lib/python3.12/site-packages/airflow/example_dags/example_branch_day_of_week_operator.py
[2025-03-24T21:59:15.895+0800] {processor.py:925} INFO - DAG(s) 'example_weekday_branch_operator' retrieved from /Users/dionneleow/IS3107/IS3107-group11/backend/venv/lib/python3.12/site-packages/airflow/example_dags/example_branch_day_of_week_operator.py
[2025-03-24T21:59:15.925+0800] {logging_mixin.py:190} INFO - [2025-03-24T21:59:15.925+0800] {dag.py:3239} INFO - Sync 1 DAGs
[2025-03-24T21:59:15.931+0800] {logging_mixin.py:190} INFO - [2025-03-24T21:59:15.931+0800] {dag.py:4180} INFO - Setting next_dagrun for example_weekday_branch_operator to 2025-03-23 00:00:00+00:00, run_after=2025-03-24 00:00:00+00:00
[2025-03-24T21:59:15.963+0800] {processor.py:208} INFO - Processing /Users/dionneleow/IS3107/IS3107-group11/backend/venv/lib/python3.12/site-packages/airflow/example_dags/example_branch_day_of_week_operator.py took 0.075 seconds
[2025-03-24T22:01:20.520+0800] {processor.py:186} INFO - Started process (PID=67768) to work on /Users/dionneleow/IS3107/IS3107-group11/backend/venv/lib/python3.12/site-packages/airflow/example_dags/example_branch_day_of_week_operator.py
[2025-03-24T22:01:20.521+0800] {processor.py:914} INFO - Processing file /Users/dionneleow/IS3107/IS3107-group11/backend/venv/lib/python3.12/site-packages/airflow/example_dags/example_branch_day_of_week_operator.py for tasks to queue
[2025-03-24T22:01:20.521+0800] {logging_mixin.py:190} INFO - [2025-03-24T22:01:20.521+0800] {dagbag.py:588} INFO - Filling up the DagBag from /Users/dionneleow/IS3107/IS3107-group11/backend/venv/lib/python3.12/site-packages/airflow/example_dags/example_branch_day_of_week_operator.py
[2025-03-24T22:01:20.525+0800] {processor.py:925} INFO - DAG(s) 'example_weekday_branch_operator' retrieved from /Users/dionneleow/IS3107/IS3107-group11/backend/venv/lib/python3.12/site-packages/airflow/example_dags/example_branch_day_of_week_operator.py
[2025-03-24T22:01:20.556+0800] {logging_mixin.py:190} INFO - [2025-03-24T22:01:20.556+0800] {dag.py:3239} INFO - Sync 1 DAGs
[2025-03-24T22:01:20.562+0800] {logging_mixin.py:190} INFO - [2025-03-24T22:01:20.562+0800] {dag.py:4180} INFO - Setting next_dagrun for example_weekday_branch_operator to 2025-03-23 00:00:00+00:00, run_after=2025-03-24 00:00:00+00:00
[2025-03-24T22:01:20.591+0800] {processor.py:208} INFO - Processing /Users/dionneleow/IS3107/IS3107-group11/backend/venv/lib/python3.12/site-packages/airflow/example_dags/example_branch_day_of_week_operator.py took 0.073 seconds
[2025-03-24T22:03:34.778+0800] {processor.py:186} INFO - Started process (PID=68594) to work on /Users/dionneleow/IS3107/IS3107-group11/backend/venv/lib/python3.12/site-packages/airflow/example_dags/example_branch_day_of_week_operator.py
[2025-03-24T22:03:34.779+0800] {processor.py:914} INFO - Processing file /Users/dionneleow/IS3107/IS3107-group11/backend/venv/lib/python3.12/site-packages/airflow/example_dags/example_branch_day_of_week_operator.py for tasks to queue
[2025-03-24T22:03:34.779+0800] {logging_mixin.py:190} INFO - [2025-03-24T22:03:34.779+0800] {dagbag.py:588} INFO - Filling up the DagBag from /Users/dionneleow/IS3107/IS3107-group11/backend/venv/lib/python3.12/site-packages/airflow/example_dags/example_branch_day_of_week_operator.py
[2025-03-24T22:03:34.783+0800] {processor.py:925} INFO - DAG(s) 'example_weekday_branch_operator' retrieved from /Users/dionneleow/IS3107/IS3107-group11/backend/venv/lib/python3.12/site-packages/airflow/example_dags/example_branch_day_of_week_operator.py
[2025-03-24T22:03:34.814+0800] {logging_mixin.py:190} INFO - [2025-03-24T22:03:34.814+0800] {dag.py:3239} INFO - Sync 1 DAGs
[2025-03-24T22:03:34.820+0800] {logging_mixin.py:190} INFO - [2025-03-24T22:03:34.819+0800] {dag.py:4180} INFO - Setting next_dagrun for example_weekday_branch_operator to 2025-03-23 00:00:00+00:00, run_after=2025-03-24 00:00:00+00:00
[2025-03-24T22:03:34.851+0800] {processor.py:208} INFO - Processing /Users/dionneleow/IS3107/IS3107-group11/backend/venv/lib/python3.12/site-packages/airflow/example_dags/example_branch_day_of_week_operator.py took 0.074 seconds
[2025-03-24T22:05:47.337+0800] {processor.py:186} INFO - Started process (PID=69291) to work on /Users/dionneleow/IS3107/IS3107-group11/backend/venv/lib/python3.12/site-packages/airflow/example_dags/example_branch_day_of_week_operator.py
[2025-03-24T22:05:47.338+0800] {processor.py:914} INFO - Processing file /Users/dionneleow/IS3107/IS3107-group11/backend/venv/lib/python3.12/site-packages/airflow/example_dags/example_branch_day_of_week_operator.py for tasks to queue
[2025-03-24T22:05:47.338+0800] {logging_mixin.py:190} INFO - [2025-03-24T22:05:47.338+0800] {dagbag.py:588} INFO - Filling up the DagBag from /Users/dionneleow/IS3107/IS3107-group11/backend/venv/lib/python3.12/site-packages/airflow/example_dags/example_branch_day_of_week_operator.py
[2025-03-24T22:05:47.342+0800] {processor.py:925} INFO - DAG(s) 'example_weekday_branch_operator' retrieved from /Users/dionneleow/IS3107/IS3107-group11/backend/venv/lib/python3.12/site-packages/airflow/example_dags/example_branch_day_of_week_operator.py
[2025-03-24T22:05:47.373+0800] {logging_mixin.py:190} INFO - [2025-03-24T22:05:47.373+0800] {dag.py:3239} INFO - Sync 1 DAGs
[2025-03-24T22:05:47.379+0800] {logging_mixin.py:190} INFO - [2025-03-24T22:05:47.379+0800] {dag.py:4180} INFO - Setting next_dagrun for example_weekday_branch_operator to 2025-03-23 00:00:00+00:00, run_after=2025-03-24 00:00:00+00:00
[2025-03-24T22:05:47.411+0800] {processor.py:208} INFO - Processing /Users/dionneleow/IS3107/IS3107-group11/backend/venv/lib/python3.12/site-packages/airflow/example_dags/example_branch_day_of_week_operator.py took 0.075 seconds
[2025-03-24T22:08:08.795+0800] {processor.py:186} INFO - Started process (PID=70066) to work on /Users/dionneleow/IS3107/IS3107-group11/backend/venv/lib/python3.12/site-packages/airflow/example_dags/example_branch_day_of_week_operator.py
[2025-03-24T22:08:08.797+0800] {processor.py:914} INFO - Processing file /Users/dionneleow/IS3107/IS3107-group11/backend/venv/lib/python3.12/site-packages/airflow/example_dags/example_branch_day_of_week_operator.py for tasks to queue
[2025-03-24T22:08:08.797+0800] {logging_mixin.py:190} INFO - [2025-03-24T22:08:08.797+0800] {dagbag.py:588} INFO - Filling up the DagBag from /Users/dionneleow/IS3107/IS3107-group11/backend/venv/lib/python3.12/site-packages/airflow/example_dags/example_branch_day_of_week_operator.py
[2025-03-24T22:08:08.801+0800] {processor.py:925} INFO - DAG(s) 'example_weekday_branch_operator' retrieved from /Users/dionneleow/IS3107/IS3107-group11/backend/venv/lib/python3.12/site-packages/airflow/example_dags/example_branch_day_of_week_operator.py
[2025-03-24T22:08:08.832+0800] {logging_mixin.py:190} INFO - [2025-03-24T22:08:08.832+0800] {dag.py:3239} INFO - Sync 1 DAGs
[2025-03-24T22:08:08.838+0800] {logging_mixin.py:190} INFO - [2025-03-24T22:08:08.838+0800] {dag.py:4180} INFO - Setting next_dagrun for example_weekday_branch_operator to 2025-03-23 00:00:00+00:00, run_after=2025-03-24 00:00:00+00:00
[2025-03-24T22:08:08.868+0800] {processor.py:208} INFO - Processing /Users/dionneleow/IS3107/IS3107-group11/backend/venv/lib/python3.12/site-packages/airflow/example_dags/example_branch_day_of_week_operator.py took 0.074 seconds
