[2025-03-24T21:48:01.678+0800] {processor.py:186} INFO - Started process (PID=62620) to work on /Users/dionneleow/IS3107/IS3107-group11/backend/venv/lib/python3.12/site-packages/airflow/example_dags/example_short_circuit_decorator.py
[2025-03-24T21:48:01.680+0800] {processor.py:914} INFO - Processing file /Users/dionneleow/IS3107/IS3107-group11/backend/venv/lib/python3.12/site-packages/airflow/example_dags/example_short_circuit_decorator.py for tasks to queue
[2025-03-24T21:48:01.680+0800] {logging_mixin.py:190} INFO - [2025-03-24T21:48:01.680+0800] {dagbag.py:588} INFO - Filling up the DagBag from /Users/dionneleow/IS3107/IS3107-group11/backend/venv/lib/python3.12/site-packages/airflow/example_dags/example_short_circuit_decorator.py
[2025-03-24T21:48:01.702+0800] {processor.py:925} INFO - DAG(s) 'example_short_circuit_decorator' retrieved from /Users/dionneleow/IS3107/IS3107-group11/backend/venv/lib/python3.12/site-packages/airflow/example_dags/example_short_circuit_decorator.py
[2025-03-24T21:48:01.804+0800] {logging_mixin.py:190} INFO - [2025-03-24T21:48:01.804+0800] {override.py:1912} INFO - Created Permission View: can delete on DAG:example_short_circuit_decorator
[2025-03-24T21:48:01.807+0800] {logging_mixin.py:190} INFO - [2025-03-24T21:48:01.807+0800] {override.py:1912} INFO - Created Permission View: can read on DAG:example_short_circuit_decorator
[2025-03-24T21:48:01.809+0800] {logging_mixin.py:190} INFO - [2025-03-24T21:48:01.809+0800] {override.py:1912} INFO - Created Permission View: can edit on DAG:example_short_circuit_decorator
[2025-03-24T21:48:01.812+0800] {logging_mixin.py:190} INFO - [2025-03-24T21:48:01.812+0800] {override.py:1912} INFO - Created Permission View: can delete on DAG Run:example_short_circuit_decorator
[2025-03-24T21:48:01.814+0800] {logging_mixin.py:190} INFO - [2025-03-24T21:48:01.814+0800] {override.py:1912} INFO - Created Permission View: can read on DAG Run:example_short_circuit_decorator
[2025-03-24T21:48:01.816+0800] {logging_mixin.py:190} INFO - [2025-03-24T21:48:01.816+0800] {override.py:1912} INFO - Created Permission View: menu access on DAG Run:example_short_circuit_decorator
[2025-03-24T21:48:01.818+0800] {logging_mixin.py:190} INFO - [2025-03-24T21:48:01.818+0800] {override.py:1912} INFO - Created Permission View: can create on DAG Run:example_short_circuit_decorator
[2025-03-24T21:48:01.818+0800] {logging_mixin.py:190} INFO - [2025-03-24T21:48:01.818+0800] {dag.py:3239} INFO - Sync 1 DAGs
[2025-03-24T21:48:01.822+0800] {logging_mixin.py:190} INFO - [2025-03-24T21:48:01.822+0800] {dag.py:3262} INFO - Creating ORM DAG for example_short_circuit_decorator
[2025-03-24T21:48:01.822+0800] {logging_mixin.py:190} INFO - [2025-03-24T21:48:01.822+0800] {dag.py:4180} INFO - Setting next_dagrun for example_short_circuit_decorator to None, run_after=None
[2025-03-24T21:48:01.829+0800] {processor.py:208} INFO - Processing /Users/dionneleow/IS3107/IS3107-group11/backend/venv/lib/python3.12/site-packages/airflow/example_dags/example_short_circuit_decorator.py took 0.153 seconds
[2025-03-24T21:48:56.815+0800] {processor.py:186} INFO - Started process (PID=63070) to work on /Users/dionneleow/IS3107/IS3107-group11/backend/venv/lib/python3.12/site-packages/airflow/example_dags/example_short_circuit_decorator.py
[2025-03-24T21:48:56.816+0800] {processor.py:914} INFO - Processing file /Users/dionneleow/IS3107/IS3107-group11/backend/venv/lib/python3.12/site-packages/airflow/example_dags/example_short_circuit_decorator.py for tasks to queue
[2025-03-24T21:48:56.818+0800] {logging_mixin.py:190} INFO - [2025-03-24T21:48:56.817+0800] {dagbag.py:588} INFO - Filling up the DagBag from /Users/dionneleow/IS3107/IS3107-group11/backend/venv/lib/python3.12/site-packages/airflow/example_dags/example_short_circuit_decorator.py
[2025-03-24T21:48:56.841+0800] {processor.py:925} INFO - DAG(s) 'example_short_circuit_decorator' retrieved from /Users/dionneleow/IS3107/IS3107-group11/backend/venv/lib/python3.12/site-packages/airflow/example_dags/example_short_circuit_decorator.py
[2025-03-24T21:48:56.903+0800] {logging_mixin.py:190} INFO - [2025-03-24T21:48:56.903+0800] {dag.py:3239} INFO - Sync 1 DAGs
[2025-03-24T21:48:56.908+0800] {logging_mixin.py:190} INFO - [2025-03-24T21:48:56.908+0800] {dag.py:4180} INFO - Setting next_dagrun for example_short_circuit_decorator to None, run_after=None
[2025-03-24T21:48:56.915+0800] {processor.py:208} INFO - Processing /Users/dionneleow/IS3107/IS3107-group11/backend/venv/lib/python3.12/site-packages/airflow/example_dags/example_short_circuit_decorator.py took 0.102 seconds
[2025-03-24T21:50:47.777+0800] {processor.py:186} INFO - Started process (PID=63901) to work on /Users/dionneleow/IS3107/IS3107-group11/backend/venv/lib/python3.12/site-packages/airflow/example_dags/example_short_circuit_decorator.py
[2025-03-24T21:50:47.778+0800] {processor.py:914} INFO - Processing file /Users/dionneleow/IS3107/IS3107-group11/backend/venv/lib/python3.12/site-packages/airflow/example_dags/example_short_circuit_decorator.py for tasks to queue
[2025-03-24T21:50:47.778+0800] {logging_mixin.py:190} INFO - [2025-03-24T21:50:47.778+0800] {dagbag.py:588} INFO - Filling up the DagBag from /Users/dionneleow/IS3107/IS3107-group11/backend/venv/lib/python3.12/site-packages/airflow/example_dags/example_short_circuit_decorator.py
[2025-03-24T21:50:47.794+0800] {processor.py:925} INFO - DAG(s) 'example_short_circuit_decorator' retrieved from /Users/dionneleow/IS3107/IS3107-group11/backend/venv/lib/python3.12/site-packages/airflow/example_dags/example_short_circuit_decorator.py
[2025-03-24T21:50:47.854+0800] {logging_mixin.py:190} INFO - [2025-03-24T21:50:47.854+0800] {dag.py:3239} INFO - Sync 1 DAGs
[2025-03-24T21:50:47.858+0800] {logging_mixin.py:190} INFO - [2025-03-24T21:50:47.858+0800] {dag.py:4180} INFO - Setting next_dagrun for example_short_circuit_decorator to None, run_after=None
[2025-03-24T21:50:47.864+0800] {processor.py:208} INFO - Processing /Users/dionneleow/IS3107/IS3107-group11/backend/venv/lib/python3.12/site-packages/airflow/example_dags/example_short_circuit_decorator.py took 0.088 seconds
[2025-03-24T21:52:02.599+0800] {processor.py:186} INFO - Started process (PID=64372) to work on /Users/dionneleow/IS3107/IS3107-group11/backend/venv/lib/python3.12/site-packages/airflow/example_dags/example_short_circuit_decorator.py
[2025-03-24T21:52:02.600+0800] {processor.py:914} INFO - Processing file /Users/dionneleow/IS3107/IS3107-group11/backend/venv/lib/python3.12/site-packages/airflow/example_dags/example_short_circuit_decorator.py for tasks to queue
[2025-03-24T21:52:02.600+0800] {logging_mixin.py:190} INFO - [2025-03-24T21:52:02.600+0800] {dagbag.py:588} INFO - Filling up the DagBag from /Users/dionneleow/IS3107/IS3107-group11/backend/venv/lib/python3.12/site-packages/airflow/example_dags/example_short_circuit_decorator.py
[2025-03-24T21:52:02.614+0800] {processor.py:925} INFO - DAG(s) 'example_short_circuit_decorator' retrieved from /Users/dionneleow/IS3107/IS3107-group11/backend/venv/lib/python3.12/site-packages/airflow/example_dags/example_short_circuit_decorator.py
[2025-03-24T21:52:02.673+0800] {logging_mixin.py:190} INFO - [2025-03-24T21:52:02.673+0800] {dag.py:3239} INFO - Sync 1 DAGs
[2025-03-24T21:52:02.677+0800] {logging_mixin.py:190} INFO - [2025-03-24T21:52:02.676+0800] {dag.py:4180} INFO - Setting next_dagrun for example_short_circuit_decorator to None, run_after=None
[2025-03-24T21:52:02.684+0800] {processor.py:208} INFO - Processing /Users/dionneleow/IS3107/IS3107-group11/backend/venv/lib/python3.12/site-packages/airflow/example_dags/example_short_circuit_decorator.py took 0.085 seconds
[2025-03-24T21:54:15.532+0800] {processor.py:186} INFO - Started process (PID=65189) to work on /Users/dionneleow/IS3107/IS3107-group11/backend/venv/lib/python3.12/site-packages/airflow/example_dags/example_short_circuit_decorator.py
[2025-03-24T21:54:15.532+0800] {processor.py:914} INFO - Processing file /Users/dionneleow/IS3107/IS3107-group11/backend/venv/lib/python3.12/site-packages/airflow/example_dags/example_short_circuit_decorator.py for tasks to queue
[2025-03-24T21:54:15.533+0800] {logging_mixin.py:190} INFO - [2025-03-24T21:54:15.533+0800] {dagbag.py:588} INFO - Filling up the DagBag from /Users/dionneleow/IS3107/IS3107-group11/backend/venv/lib/python3.12/site-packages/airflow/example_dags/example_short_circuit_decorator.py
[2025-03-24T21:54:15.546+0800] {processor.py:925} INFO - DAG(s) 'example_short_circuit_decorator' retrieved from /Users/dionneleow/IS3107/IS3107-group11/backend/venv/lib/python3.12/site-packages/airflow/example_dags/example_short_circuit_decorator.py
[2025-03-24T21:54:15.602+0800] {logging_mixin.py:190} INFO - [2025-03-24T21:54:15.602+0800] {dag.py:3239} INFO - Sync 1 DAGs
[2025-03-24T21:54:15.606+0800] {logging_mixin.py:190} INFO - [2025-03-24T21:54:15.606+0800] {dag.py:4180} INFO - Setting next_dagrun for example_short_circuit_decorator to None, run_after=None
[2025-03-24T21:54:15.612+0800] {processor.py:208} INFO - Processing /Users/dionneleow/IS3107/IS3107-group11/backend/venv/lib/python3.12/site-packages/airflow/example_dags/example_short_circuit_decorator.py took 0.082 seconds
[2025-03-24T21:56:35.593+0800] {processor.py:186} INFO - Started process (PID=66062) to work on /Users/dionneleow/IS3107/IS3107-group11/backend/venv/lib/python3.12/site-packages/airflow/example_dags/example_short_circuit_decorator.py
[2025-03-24T21:56:35.594+0800] {processor.py:914} INFO - Processing file /Users/dionneleow/IS3107/IS3107-group11/backend/venv/lib/python3.12/site-packages/airflow/example_dags/example_short_circuit_decorator.py for tasks to queue
[2025-03-24T21:56:35.594+0800] {logging_mixin.py:190} INFO - [2025-03-24T21:56:35.594+0800] {dagbag.py:588} INFO - Filling up the DagBag from /Users/dionneleow/IS3107/IS3107-group11/backend/venv/lib/python3.12/site-packages/airflow/example_dags/example_short_circuit_decorator.py
[2025-03-24T21:56:35.608+0800] {processor.py:925} INFO - DAG(s) 'example_short_circuit_decorator' retrieved from /Users/dionneleow/IS3107/IS3107-group11/backend/venv/lib/python3.12/site-packages/airflow/example_dags/example_short_circuit_decorator.py
[2025-03-24T21:56:35.665+0800] {logging_mixin.py:190} INFO - [2025-03-24T21:56:35.665+0800] {dag.py:3239} INFO - Sync 1 DAGs
[2025-03-24T21:56:35.669+0800] {logging_mixin.py:190} INFO - [2025-03-24T21:56:35.669+0800] {dag.py:4180} INFO - Setting next_dagrun for example_short_circuit_decorator to None, run_after=None
[2025-03-24T21:56:35.677+0800] {processor.py:208} INFO - Processing /Users/dionneleow/IS3107/IS3107-group11/backend/venv/lib/python3.12/site-packages/airflow/example_dags/example_short_circuit_decorator.py took 0.085 seconds
[2025-03-24T21:58:54.049+0800] {processor.py:186} INFO - Started process (PID=66931) to work on /Users/dionneleow/IS3107/IS3107-group11/backend/venv/lib/python3.12/site-packages/airflow/example_dags/example_short_circuit_decorator.py
[2025-03-24T21:58:54.050+0800] {processor.py:914} INFO - Processing file /Users/dionneleow/IS3107/IS3107-group11/backend/venv/lib/python3.12/site-packages/airflow/example_dags/example_short_circuit_decorator.py for tasks to queue
[2025-03-24T21:58:54.051+0800] {logging_mixin.py:190} INFO - [2025-03-24T21:58:54.051+0800] {dagbag.py:588} INFO - Filling up the DagBag from /Users/dionneleow/IS3107/IS3107-group11/backend/venv/lib/python3.12/site-packages/airflow/example_dags/example_short_circuit_decorator.py
[2025-03-24T21:58:54.065+0800] {processor.py:925} INFO - DAG(s) 'example_short_circuit_decorator' retrieved from /Users/dionneleow/IS3107/IS3107-group11/backend/venv/lib/python3.12/site-packages/airflow/example_dags/example_short_circuit_decorator.py
[2025-03-24T21:58:54.119+0800] {logging_mixin.py:190} INFO - [2025-03-24T21:58:54.119+0800] {dag.py:3239} INFO - Sync 1 DAGs
[2025-03-24T21:58:54.123+0800] {logging_mixin.py:190} INFO - [2025-03-24T21:58:54.122+0800] {dag.py:4180} INFO - Setting next_dagrun for example_short_circuit_decorator to None, run_after=None
[2025-03-24T21:58:54.128+0800] {processor.py:208} INFO - Processing /Users/dionneleow/IS3107/IS3107-group11/backend/venv/lib/python3.12/site-packages/airflow/example_dags/example_short_circuit_decorator.py took 0.081 seconds
[2025-03-24T22:00:57.962+0800] {processor.py:186} INFO - Started process (PID=67625) to work on /Users/dionneleow/IS3107/IS3107-group11/backend/venv/lib/python3.12/site-packages/airflow/example_dags/example_short_circuit_decorator.py
[2025-03-24T22:00:57.963+0800] {processor.py:914} INFO - Processing file /Users/dionneleow/IS3107/IS3107-group11/backend/venv/lib/python3.12/site-packages/airflow/example_dags/example_short_circuit_decorator.py for tasks to queue
[2025-03-24T22:00:57.964+0800] {logging_mixin.py:190} INFO - [2025-03-24T22:00:57.964+0800] {dagbag.py:588} INFO - Filling up the DagBag from /Users/dionneleow/IS3107/IS3107-group11/backend/venv/lib/python3.12/site-packages/airflow/example_dags/example_short_circuit_decorator.py
[2025-03-24T22:00:57.982+0800] {processor.py:925} INFO - DAG(s) 'example_short_circuit_decorator' retrieved from /Users/dionneleow/IS3107/IS3107-group11/backend/venv/lib/python3.12/site-packages/airflow/example_dags/example_short_circuit_decorator.py
[2025-03-24T22:00:58.042+0800] {logging_mixin.py:190} INFO - [2025-03-24T22:00:58.041+0800] {dag.py:3239} INFO - Sync 1 DAGs
[2025-03-24T22:00:58.045+0800] {logging_mixin.py:190} INFO - [2025-03-24T22:00:58.045+0800] {dag.py:4180} INFO - Setting next_dagrun for example_short_circuit_decorator to None, run_after=None
[2025-03-24T22:00:58.052+0800] {processor.py:208} INFO - Processing /Users/dionneleow/IS3107/IS3107-group11/backend/venv/lib/python3.12/site-packages/airflow/example_dags/example_short_circuit_decorator.py took 0.090 seconds
[2025-03-24T22:03:10.066+0800] {processor.py:186} INFO - Started process (PID=68449) to work on /Users/dionneleow/IS3107/IS3107-group11/backend/venv/lib/python3.12/site-packages/airflow/example_dags/example_short_circuit_decorator.py
[2025-03-24T22:03:10.067+0800] {processor.py:914} INFO - Processing file /Users/dionneleow/IS3107/IS3107-group11/backend/venv/lib/python3.12/site-packages/airflow/example_dags/example_short_circuit_decorator.py for tasks to queue
[2025-03-24T22:03:10.067+0800] {logging_mixin.py:190} INFO - [2025-03-24T22:03:10.067+0800] {dagbag.py:588} INFO - Filling up the DagBag from /Users/dionneleow/IS3107/IS3107-group11/backend/venv/lib/python3.12/site-packages/airflow/example_dags/example_short_circuit_decorator.py
[2025-03-24T22:03:10.081+0800] {processor.py:925} INFO - DAG(s) 'example_short_circuit_decorator' retrieved from /Users/dionneleow/IS3107/IS3107-group11/backend/venv/lib/python3.12/site-packages/airflow/example_dags/example_short_circuit_decorator.py
[2025-03-24T22:03:10.147+0800] {logging_mixin.py:190} INFO - [2025-03-24T22:03:10.147+0800] {dag.py:3239} INFO - Sync 1 DAGs
[2025-03-24T22:03:10.150+0800] {logging_mixin.py:190} INFO - [2025-03-24T22:03:10.150+0800] {dag.py:4180} INFO - Setting next_dagrun for example_short_circuit_decorator to None, run_after=None
[2025-03-24T22:03:10.157+0800] {processor.py:208} INFO - Processing /Users/dionneleow/IS3107/IS3107-group11/backend/venv/lib/python3.12/site-packages/airflow/example_dags/example_short_circuit_decorator.py took 0.092 seconds
[2025-03-24T22:05:24.771+0800] {processor.py:186} INFO - Started process (PID=69188) to work on /Users/dionneleow/IS3107/IS3107-group11/backend/venv/lib/python3.12/site-packages/airflow/example_dags/example_short_circuit_decorator.py
[2025-03-24T22:05:24.772+0800] {processor.py:914} INFO - Processing file /Users/dionneleow/IS3107/IS3107-group11/backend/venv/lib/python3.12/site-packages/airflow/example_dags/example_short_circuit_decorator.py for tasks to queue
[2025-03-24T22:05:24.773+0800] {logging_mixin.py:190} INFO - [2025-03-24T22:05:24.772+0800] {dagbag.py:588} INFO - Filling up the DagBag from /Users/dionneleow/IS3107/IS3107-group11/backend/venv/lib/python3.12/site-packages/airflow/example_dags/example_short_circuit_decorator.py
[2025-03-24T22:05:24.787+0800] {processor.py:925} INFO - DAG(s) 'example_short_circuit_decorator' retrieved from /Users/dionneleow/IS3107/IS3107-group11/backend/venv/lib/python3.12/site-packages/airflow/example_dags/example_short_circuit_decorator.py
[2025-03-24T22:05:24.842+0800] {logging_mixin.py:190} INFO - [2025-03-24T22:05:24.842+0800] {dag.py:3239} INFO - Sync 1 DAGs
[2025-03-24T22:05:24.845+0800] {logging_mixin.py:190} INFO - [2025-03-24T22:05:24.845+0800] {dag.py:4180} INFO - Setting next_dagrun for example_short_circuit_decorator to None, run_after=None
[2025-03-24T22:05:24.851+0800] {processor.py:208} INFO - Processing /Users/dionneleow/IS3107/IS3107-group11/backend/venv/lib/python3.12/site-packages/airflow/example_dags/example_short_circuit_decorator.py took 0.081 seconds
[2025-03-24T22:07:46.440+0800] {processor.py:186} INFO - Started process (PID=69940) to work on /Users/dionneleow/IS3107/IS3107-group11/backend/venv/lib/python3.12/site-packages/airflow/example_dags/example_short_circuit_decorator.py
[2025-03-24T22:07:46.440+0800] {processor.py:914} INFO - Processing file /Users/dionneleow/IS3107/IS3107-group11/backend/venv/lib/python3.12/site-packages/airflow/example_dags/example_short_circuit_decorator.py for tasks to queue
[2025-03-24T22:07:46.441+0800] {logging_mixin.py:190} INFO - [2025-03-24T22:07:46.441+0800] {dagbag.py:588} INFO - Filling up the DagBag from /Users/dionneleow/IS3107/IS3107-group11/backend/venv/lib/python3.12/site-packages/airflow/example_dags/example_short_circuit_decorator.py
[2025-03-24T22:07:46.456+0800] {processor.py:925} INFO - DAG(s) 'example_short_circuit_decorator' retrieved from /Users/dionneleow/IS3107/IS3107-group11/backend/venv/lib/python3.12/site-packages/airflow/example_dags/example_short_circuit_decorator.py
[2025-03-24T22:07:46.516+0800] {logging_mixin.py:190} INFO - [2025-03-24T22:07:46.516+0800] {dag.py:3239} INFO - Sync 1 DAGs
[2025-03-24T22:07:46.519+0800] {logging_mixin.py:190} INFO - [2025-03-24T22:07:46.519+0800] {dag.py:4180} INFO - Setting next_dagrun for example_short_circuit_decorator to None, run_after=None
[2025-03-24T22:07:46.526+0800] {processor.py:208} INFO - Processing /Users/dionneleow/IS3107/IS3107-group11/backend/venv/lib/python3.12/site-packages/airflow/example_dags/example_short_circuit_decorator.py took 0.087 seconds
