[2025-03-24T21:49:52.833+0800] {processor.py:186} INFO - Started process (PID=63482) to work on /Users/dionneleow/IS3107/IS3107-group11/backend/venv/lib/python3.12/site-packages/airflow/example_dags/example_branch_operator.py
[2025-03-24T21:49:52.834+0800] {processor.py:914} INFO - Processing file /Users/dionneleow/IS3107/IS3107-group11/backend/venv/lib/python3.12/site-packages/airflow/example_dags/example_branch_operator.py for tasks to queue
[2025-03-24T21:49:52.834+0800] {logging_mixin.py:190} INFO - [2025-03-24T21:49:52.834+0800] {dagbag.py:588} INFO - Filling up the DagBag from /Users/dionneleow/IS3107/IS3107-group11/backend/venv/lib/python3.12/site-packages/airflow/example_dags/example_branch_operator.py
[2025-03-24T21:49:52.848+0800] {processor.py:925} INFO - DAG(s) 'example_branch_operator' retrieved from /Users/dionneleow/IS3107/IS3107-group11/backend/venv/lib/python3.12/site-packages/airflow/example_dags/example_branch_operator.py
[2025-03-24T21:49:52.941+0800] {logging_mixin.py:190} INFO - [2025-03-24T21:49:52.941+0800] {override.py:1912} INFO - Created Permission View: can delete on DAG:example_branch_operator
[2025-03-24T21:49:52.944+0800] {logging_mixin.py:190} INFO - [2025-03-24T21:49:52.944+0800] {override.py:1912} INFO - Created Permission View: can read on DAG:example_branch_operator
[2025-03-24T21:49:52.946+0800] {logging_mixin.py:190} INFO - [2025-03-24T21:49:52.946+0800] {override.py:1912} INFO - Created Permission View: can edit on DAG:example_branch_operator
[2025-03-24T21:49:52.948+0800] {logging_mixin.py:190} INFO - [2025-03-24T21:49:52.948+0800] {override.py:1912} INFO - Created Permission View: can delete on DAG Run:example_branch_operator
[2025-03-24T21:49:52.950+0800] {logging_mixin.py:190} INFO - [2025-03-24T21:49:52.950+0800] {override.py:1912} INFO - Created Permission View: can read on DAG Run:example_branch_operator
[2025-03-24T21:49:52.952+0800] {logging_mixin.py:190} INFO - [2025-03-24T21:49:52.952+0800] {override.py:1912} INFO - Created Permission View: can create on DAG Run:example_branch_operator
[2025-03-24T21:49:52.954+0800] {logging_mixin.py:190} INFO - [2025-03-24T21:49:52.954+0800] {override.py:1912} INFO - Created Permission View: menu access on DAG Run:example_branch_operator
[2025-03-24T21:49:52.954+0800] {logging_mixin.py:190} INFO - [2025-03-24T21:49:52.954+0800] {dag.py:3239} INFO - Sync 1 DAGs
[2025-03-24T21:49:52.958+0800] {logging_mixin.py:190} INFO - [2025-03-24T21:49:52.958+0800] {dag.py:3262} INFO - Creating ORM DAG for example_branch_operator
[2025-03-24T21:49:52.961+0800] {logging_mixin.py:190} INFO - [2025-03-24T21:49:52.961+0800] {dag.py:4180} INFO - Setting next_dagrun for example_branch_operator to 2025-03-23 00:00:00+00:00, run_after=2025-03-24 00:00:00+00:00
[2025-03-24T21:49:52.967+0800] {processor.py:208} INFO - Processing /Users/dionneleow/IS3107/IS3107-group11/backend/venv/lib/python3.12/site-packages/airflow/example_dags/example_branch_operator.py took 0.136 seconds
[2025-03-24T21:52:19.535+0800] {processor.py:186} INFO - Started process (PID=64473) to work on /Users/dionneleow/IS3107/IS3107-group11/backend/venv/lib/python3.12/site-packages/airflow/example_dags/example_branch_operator.py
[2025-03-24T21:52:19.536+0800] {processor.py:914} INFO - Processing file /Users/dionneleow/IS3107/IS3107-group11/backend/venv/lib/python3.12/site-packages/airflow/example_dags/example_branch_operator.py for tasks to queue
[2025-03-24T21:52:19.537+0800] {logging_mixin.py:190} INFO - [2025-03-24T21:52:19.537+0800] {dagbag.py:588} INFO - Filling up the DagBag from /Users/dionneleow/IS3107/IS3107-group11/backend/venv/lib/python3.12/site-packages/airflow/example_dags/example_branch_operator.py
[2025-03-24T21:52:19.554+0800] {processor.py:925} INFO - DAG(s) 'example_branch_operator' retrieved from /Users/dionneleow/IS3107/IS3107-group11/backend/venv/lib/python3.12/site-packages/airflow/example_dags/example_branch_operator.py
[2025-03-24T21:52:19.696+0800] {logging_mixin.py:190} INFO - [2025-03-24T21:52:19.695+0800] {dag.py:3239} INFO - Sync 1 DAGs
[2025-03-24T21:52:19.701+0800] {logging_mixin.py:190} INFO - [2025-03-24T21:52:19.701+0800] {dag.py:4180} INFO - Setting next_dagrun for example_branch_operator to 2025-03-23 00:00:00+00:00, run_after=2025-03-24 00:00:00+00:00
[2025-03-24T21:52:19.709+0800] {processor.py:208} INFO - Processing /Users/dionneleow/IS3107/IS3107-group11/backend/venv/lib/python3.12/site-packages/airflow/example_dags/example_branch_operator.py took 0.175 seconds
[2025-03-24T21:54:35.127+0800] {processor.py:186} INFO - Started process (PID=65290) to work on /Users/dionneleow/IS3107/IS3107-group11/backend/venv/lib/python3.12/site-packages/airflow/example_dags/example_branch_operator.py
[2025-03-24T21:54:35.127+0800] {processor.py:914} INFO - Processing file /Users/dionneleow/IS3107/IS3107-group11/backend/venv/lib/python3.12/site-packages/airflow/example_dags/example_branch_operator.py for tasks to queue
[2025-03-24T21:54:35.128+0800] {logging_mixin.py:190} INFO - [2025-03-24T21:54:35.128+0800] {dagbag.py:588} INFO - Filling up the DagBag from /Users/dionneleow/IS3107/IS3107-group11/backend/venv/lib/python3.12/site-packages/airflow/example_dags/example_branch_operator.py
[2025-03-24T21:54:35.140+0800] {processor.py:925} INFO - DAG(s) 'example_branch_operator' retrieved from /Users/dionneleow/IS3107/IS3107-group11/backend/venv/lib/python3.12/site-packages/airflow/example_dags/example_branch_operator.py
[2025-03-24T21:54:35.237+0800] {logging_mixin.py:190} INFO - [2025-03-24T21:54:35.236+0800] {dag.py:3239} INFO - Sync 1 DAGs
[2025-03-24T21:54:35.243+0800] {logging_mixin.py:190} INFO - [2025-03-24T21:54:35.243+0800] {dag.py:4180} INFO - Setting next_dagrun for example_branch_operator to 2025-03-23 00:00:00+00:00, run_after=2025-03-24 00:00:00+00:00
[2025-03-24T21:54:35.250+0800] {processor.py:208} INFO - Processing /Users/dionneleow/IS3107/IS3107-group11/backend/venv/lib/python3.12/site-packages/airflow/example_dags/example_branch_operator.py took 0.125 seconds
[2025-03-24T21:56:54.240+0800] {processor.py:186} INFO - Started process (PID=66176) to work on /Users/dionneleow/IS3107/IS3107-group11/backend/venv/lib/python3.12/site-packages/airflow/example_dags/example_branch_operator.py
[2025-03-24T21:56:54.241+0800] {processor.py:914} INFO - Processing file /Users/dionneleow/IS3107/IS3107-group11/backend/venv/lib/python3.12/site-packages/airflow/example_dags/example_branch_operator.py for tasks to queue
[2025-03-24T21:56:54.242+0800] {logging_mixin.py:190} INFO - [2025-03-24T21:56:54.241+0800] {dagbag.py:588} INFO - Filling up the DagBag from /Users/dionneleow/IS3107/IS3107-group11/backend/venv/lib/python3.12/site-packages/airflow/example_dags/example_branch_operator.py
[2025-03-24T21:56:54.254+0800] {processor.py:925} INFO - DAG(s) 'example_branch_operator' retrieved from /Users/dionneleow/IS3107/IS3107-group11/backend/venv/lib/python3.12/site-packages/airflow/example_dags/example_branch_operator.py
[2025-03-24T21:56:54.356+0800] {logging_mixin.py:190} INFO - [2025-03-24T21:56:54.356+0800] {dag.py:3239} INFO - Sync 1 DAGs
[2025-03-24T21:56:54.363+0800] {logging_mixin.py:190} INFO - [2025-03-24T21:56:54.362+0800] {dag.py:4180} INFO - Setting next_dagrun for example_branch_operator to 2025-03-23 00:00:00+00:00, run_after=2025-03-24 00:00:00+00:00
[2025-03-24T21:56:54.370+0800] {processor.py:208} INFO - Processing /Users/dionneleow/IS3107/IS3107-group11/backend/venv/lib/python3.12/site-packages/airflow/example_dags/example_branch_operator.py took 0.132 seconds
[2025-03-24T21:59:12.896+0800] {processor.py:186} INFO - Started process (PID=67024) to work on /Users/dionneleow/IS3107/IS3107-group11/backend/venv/lib/python3.12/site-packages/airflow/example_dags/example_branch_operator.py
[2025-03-24T21:59:12.896+0800] {processor.py:914} INFO - Processing file /Users/dionneleow/IS3107/IS3107-group11/backend/venv/lib/python3.12/site-packages/airflow/example_dags/example_branch_operator.py for tasks to queue
[2025-03-24T21:59:12.897+0800] {logging_mixin.py:190} INFO - [2025-03-24T21:59:12.897+0800] {dagbag.py:588} INFO - Filling up the DagBag from /Users/dionneleow/IS3107/IS3107-group11/backend/venv/lib/python3.12/site-packages/airflow/example_dags/example_branch_operator.py
[2025-03-24T21:59:12.909+0800] {processor.py:925} INFO - DAG(s) 'example_branch_operator' retrieved from /Users/dionneleow/IS3107/IS3107-group11/backend/venv/lib/python3.12/site-packages/airflow/example_dags/example_branch_operator.py
[2025-03-24T21:59:12.994+0800] {logging_mixin.py:190} INFO - [2025-03-24T21:59:12.994+0800] {dag.py:3239} INFO - Sync 1 DAGs
[2025-03-24T21:59:13.001+0800] {logging_mixin.py:190} INFO - [2025-03-24T21:59:13.001+0800] {dag.py:4180} INFO - Setting next_dagrun for example_branch_operator to 2025-03-23 00:00:00+00:00, run_after=2025-03-24 00:00:00+00:00
[2025-03-24T21:59:13.009+0800] {processor.py:208} INFO - Processing /Users/dionneleow/IS3107/IS3107-group11/backend/venv/lib/python3.12/site-packages/airflow/example_dags/example_branch_operator.py took 0.114 seconds
[2025-03-24T22:01:17.604+0800] {processor.py:186} INFO - Started process (PID=67757) to work on /Users/dionneleow/IS3107/IS3107-group11/backend/venv/lib/python3.12/site-packages/airflow/example_dags/example_branch_operator.py
[2025-03-24T22:01:17.605+0800] {processor.py:914} INFO - Processing file /Users/dionneleow/IS3107/IS3107-group11/backend/venv/lib/python3.12/site-packages/airflow/example_dags/example_branch_operator.py for tasks to queue
[2025-03-24T22:01:17.605+0800] {logging_mixin.py:190} INFO - [2025-03-24T22:01:17.605+0800] {dagbag.py:588} INFO - Filling up the DagBag from /Users/dionneleow/IS3107/IS3107-group11/backend/venv/lib/python3.12/site-packages/airflow/example_dags/example_branch_operator.py
[2025-03-24T22:01:17.617+0800] {processor.py:925} INFO - DAG(s) 'example_branch_operator' retrieved from /Users/dionneleow/IS3107/IS3107-group11/backend/venv/lib/python3.12/site-packages/airflow/example_dags/example_branch_operator.py
[2025-03-24T22:01:17.712+0800] {logging_mixin.py:190} INFO - [2025-03-24T22:01:17.712+0800] {dag.py:3239} INFO - Sync 1 DAGs
[2025-03-24T22:01:17.719+0800] {logging_mixin.py:190} INFO - [2025-03-24T22:01:17.719+0800] {dag.py:4180} INFO - Setting next_dagrun for example_branch_operator to 2025-03-23 00:00:00+00:00, run_after=2025-03-24 00:00:00+00:00
[2025-03-24T22:01:17.726+0800] {processor.py:208} INFO - Processing /Users/dionneleow/IS3107/IS3107-group11/backend/venv/lib/python3.12/site-packages/airflow/example_dags/example_branch_operator.py took 0.124 seconds
[2025-03-24T22:03:31.021+0800] {processor.py:186} INFO - Started process (PID=68572) to work on /Users/dionneleow/IS3107/IS3107-group11/backend/venv/lib/python3.12/site-packages/airflow/example_dags/example_branch_operator.py
[2025-03-24T22:03:31.021+0800] {processor.py:914} INFO - Processing file /Users/dionneleow/IS3107/IS3107-group11/backend/venv/lib/python3.12/site-packages/airflow/example_dags/example_branch_operator.py for tasks to queue
[2025-03-24T22:03:31.022+0800] {logging_mixin.py:190} INFO - [2025-03-24T22:03:31.021+0800] {dagbag.py:588} INFO - Filling up the DagBag from /Users/dionneleow/IS3107/IS3107-group11/backend/venv/lib/python3.12/site-packages/airflow/example_dags/example_branch_operator.py
[2025-03-24T22:03:31.033+0800] {processor.py:925} INFO - DAG(s) 'example_branch_operator' retrieved from /Users/dionneleow/IS3107/IS3107-group11/backend/venv/lib/python3.12/site-packages/airflow/example_dags/example_branch_operator.py
[2025-03-24T22:03:31.125+0800] {logging_mixin.py:190} INFO - [2025-03-24T22:03:31.125+0800] {dag.py:3239} INFO - Sync 1 DAGs
[2025-03-24T22:03:31.131+0800] {logging_mixin.py:190} INFO - [2025-03-24T22:03:31.131+0800] {dag.py:4180} INFO - Setting next_dagrun for example_branch_operator to 2025-03-23 00:00:00+00:00, run_after=2025-03-24 00:00:00+00:00
[2025-03-24T22:03:31.137+0800] {processor.py:208} INFO - Processing /Users/dionneleow/IS3107/IS3107-group11/backend/venv/lib/python3.12/site-packages/airflow/example_dags/example_branch_operator.py took 0.118 seconds
[2025-03-24T22:05:43.672+0800] {processor.py:186} INFO - Started process (PID=69273) to work on /Users/dionneleow/IS3107/IS3107-group11/backend/venv/lib/python3.12/site-packages/airflow/example_dags/example_branch_operator.py
[2025-03-24T22:05:43.674+0800] {processor.py:914} INFO - Processing file /Users/dionneleow/IS3107/IS3107-group11/backend/venv/lib/python3.12/site-packages/airflow/example_dags/example_branch_operator.py for tasks to queue
[2025-03-24T22:05:43.674+0800] {logging_mixin.py:190} INFO - [2025-03-24T22:05:43.674+0800] {dagbag.py:588} INFO - Filling up the DagBag from /Users/dionneleow/IS3107/IS3107-group11/backend/venv/lib/python3.12/site-packages/airflow/example_dags/example_branch_operator.py
[2025-03-24T22:05:43.686+0800] {processor.py:925} INFO - DAG(s) 'example_branch_operator' retrieved from /Users/dionneleow/IS3107/IS3107-group11/backend/venv/lib/python3.12/site-packages/airflow/example_dags/example_branch_operator.py
[2025-03-24T22:05:43.774+0800] {logging_mixin.py:190} INFO - [2025-03-24T22:05:43.774+0800] {dag.py:3239} INFO - Sync 1 DAGs
[2025-03-24T22:05:43.780+0800] {logging_mixin.py:190} INFO - [2025-03-24T22:05:43.779+0800] {dag.py:4180} INFO - Setting next_dagrun for example_branch_operator to 2025-03-23 00:00:00+00:00, run_after=2025-03-24 00:00:00+00:00
[2025-03-24T22:05:43.786+0800] {processor.py:208} INFO - Processing /Users/dionneleow/IS3107/IS3107-group11/backend/venv/lib/python3.12/site-packages/airflow/example_dags/example_branch_operator.py took 0.116 seconds
[2025-03-24T22:08:05.293+0800] {processor.py:186} INFO - Started process (PID=70044) to work on /Users/dionneleow/IS3107/IS3107-group11/backend/venv/lib/python3.12/site-packages/airflow/example_dags/example_branch_operator.py
[2025-03-24T22:08:05.294+0800] {processor.py:914} INFO - Processing file /Users/dionneleow/IS3107/IS3107-group11/backend/venv/lib/python3.12/site-packages/airflow/example_dags/example_branch_operator.py for tasks to queue
[2025-03-24T22:08:05.294+0800] {logging_mixin.py:190} INFO - [2025-03-24T22:08:05.294+0800] {dagbag.py:588} INFO - Filling up the DagBag from /Users/dionneleow/IS3107/IS3107-group11/backend/venv/lib/python3.12/site-packages/airflow/example_dags/example_branch_operator.py
[2025-03-24T22:08:05.306+0800] {processor.py:925} INFO - DAG(s) 'example_branch_operator' retrieved from /Users/dionneleow/IS3107/IS3107-group11/backend/venv/lib/python3.12/site-packages/airflow/example_dags/example_branch_operator.py
[2025-03-24T22:08:05.403+0800] {logging_mixin.py:190} INFO - [2025-03-24T22:08:05.402+0800] {dag.py:3239} INFO - Sync 1 DAGs
[2025-03-24T22:08:05.408+0800] {logging_mixin.py:190} INFO - [2025-03-24T22:08:05.408+0800] {dag.py:4180} INFO - Setting next_dagrun for example_branch_operator to 2025-03-23 00:00:00+00:00, run_after=2025-03-24 00:00:00+00:00
[2025-03-24T22:08:05.415+0800] {processor.py:208} INFO - Processing /Users/dionneleow/IS3107/IS3107-group11/backend/venv/lib/python3.12/site-packages/airflow/example_dags/example_branch_operator.py took 0.123 seconds
