[2025-03-24T21:49:50.815+0800] {processor.py:186} INFO - Started process (PID=63473) to work on /Users/dionneleow/IS3107/IS3107-group11/backend/venv/lib/python3.12/site-packages/airflow/example_dags/example_branch_operator_decorator.py
[2025-03-24T21:49:50.815+0800] {processor.py:914} INFO - Processing file /Users/dionneleow/IS3107/IS3107-group11/backend/venv/lib/python3.12/site-packages/airflow/example_dags/example_branch_operator_decorator.py for tasks to queue
[2025-03-24T21:49:50.815+0800] {logging_mixin.py:190} INFO - [2025-03-24T21:49:50.815+0800] {dagbag.py:588} INFO - Filling up the DagBag from /Users/dionneleow/IS3107/IS3107-group11/backend/venv/lib/python3.12/site-packages/airflow/example_dags/example_branch_operator_decorator.py
[2025-03-24T21:49:50.833+0800] {processor.py:925} INFO - DAG(s) 'example_branch_python_operator_decorator' retrieved from /Users/dionneleow/IS3107/IS3107-group11/backend/venv/lib/python3.12/site-packages/airflow/example_dags/example_branch_operator_decorator.py
[2025-03-24T21:49:50.927+0800] {logging_mixin.py:190} INFO - [2025-03-24T21:49:50.927+0800] {override.py:1912} INFO - Created Permission View: can edit on DAG:example_branch_python_operator_decorator
[2025-03-24T21:49:50.930+0800] {logging_mixin.py:190} INFO - [2025-03-24T21:49:50.930+0800] {override.py:1912} INFO - Created Permission View: can delete on DAG:example_branch_python_operator_decorator
[2025-03-24T21:49:50.932+0800] {logging_mixin.py:190} INFO - [2025-03-24T21:49:50.932+0800] {override.py:1912} INFO - Created Permission View: can read on DAG:example_branch_python_operator_decorator
[2025-03-24T21:49:50.934+0800] {logging_mixin.py:190} INFO - [2025-03-24T21:49:50.934+0800] {override.py:1912} INFO - Created Permission View: menu access on DAG Run:example_branch_python_operator_decorator
[2025-03-24T21:49:50.936+0800] {logging_mixin.py:190} INFO - [2025-03-24T21:49:50.936+0800] {override.py:1912} INFO - Created Permission View: can delete on DAG Run:example_branch_python_operator_decorator
[2025-03-24T21:49:50.938+0800] {logging_mixin.py:190} INFO - [2025-03-24T21:49:50.938+0800] {override.py:1912} INFO - Created Permission View: can create on DAG Run:example_branch_python_operator_decorator
[2025-03-24T21:49:50.940+0800] {logging_mixin.py:190} INFO - [2025-03-24T21:49:50.940+0800] {override.py:1912} INFO - Created Permission View: can read on DAG Run:example_branch_python_operator_decorator
[2025-03-24T21:49:50.940+0800] {logging_mixin.py:190} INFO - [2025-03-24T21:49:50.940+0800] {dag.py:3239} INFO - Sync 1 DAGs
[2025-03-24T21:49:50.943+0800] {logging_mixin.py:190} INFO - [2025-03-24T21:49:50.943+0800] {dag.py:3262} INFO - Creating ORM DAG for example_branch_python_operator_decorator
[2025-03-24T21:49:50.947+0800] {logging_mixin.py:190} INFO - [2025-03-24T21:49:50.947+0800] {dag.py:4180} INFO - Setting next_dagrun for example_branch_python_operator_decorator to 2025-03-23 00:00:00+00:00, run_after=2025-03-24 00:00:00+00:00
[2025-03-24T21:49:50.954+0800] {processor.py:208} INFO - Processing /Users/dionneleow/IS3107/IS3107-group11/backend/venv/lib/python3.12/site-packages/airflow/example_dags/example_branch_operator_decorator.py took 0.141 seconds
[2025-03-24T21:52:18.568+0800] {processor.py:186} INFO - Started process (PID=64464) to work on /Users/dionneleow/IS3107/IS3107-group11/backend/venv/lib/python3.12/site-packages/airflow/example_dags/example_branch_operator_decorator.py
[2025-03-24T21:52:18.568+0800] {processor.py:914} INFO - Processing file /Users/dionneleow/IS3107/IS3107-group11/backend/venv/lib/python3.12/site-packages/airflow/example_dags/example_branch_operator_decorator.py for tasks to queue
[2025-03-24T21:52:18.569+0800] {logging_mixin.py:190} INFO - [2025-03-24T21:52:18.569+0800] {dagbag.py:588} INFO - Filling up the DagBag from /Users/dionneleow/IS3107/IS3107-group11/backend/venv/lib/python3.12/site-packages/airflow/example_dags/example_branch_operator_decorator.py
[2025-03-24T21:52:18.600+0800] {processor.py:925} INFO - DAG(s) 'example_branch_python_operator_decorator' retrieved from /Users/dionneleow/IS3107/IS3107-group11/backend/venv/lib/python3.12/site-packages/airflow/example_dags/example_branch_operator_decorator.py
[2025-03-24T21:52:18.711+0800] {logging_mixin.py:190} INFO - [2025-03-24T21:52:18.711+0800] {dag.py:3239} INFO - Sync 1 DAGs
[2025-03-24T21:52:18.717+0800] {logging_mixin.py:190} INFO - [2025-03-24T21:52:18.717+0800] {dag.py:4180} INFO - Setting next_dagrun for example_branch_python_operator_decorator to 2025-03-23 00:00:00+00:00, run_after=2025-03-24 00:00:00+00:00
[2025-03-24T21:52:18.724+0800] {processor.py:208} INFO - Processing /Users/dionneleow/IS3107/IS3107-group11/backend/venv/lib/python3.12/site-packages/airflow/example_dags/example_branch_operator_decorator.py took 0.158 seconds
[2025-03-24T21:54:33.915+0800] {processor.py:186} INFO - Started process (PID=65288) to work on /Users/dionneleow/IS3107/IS3107-group11/backend/venv/lib/python3.12/site-packages/airflow/example_dags/example_branch_operator_decorator.py
[2025-03-24T21:54:33.915+0800] {processor.py:914} INFO - Processing file /Users/dionneleow/IS3107/IS3107-group11/backend/venv/lib/python3.12/site-packages/airflow/example_dags/example_branch_operator_decorator.py for tasks to queue
[2025-03-24T21:54:33.916+0800] {logging_mixin.py:190} INFO - [2025-03-24T21:54:33.916+0800] {dagbag.py:588} INFO - Filling up the DagBag from /Users/dionneleow/IS3107/IS3107-group11/backend/venv/lib/python3.12/site-packages/airflow/example_dags/example_branch_operator_decorator.py
[2025-03-24T21:54:33.936+0800] {processor.py:925} INFO - DAG(s) 'example_branch_python_operator_decorator' retrieved from /Users/dionneleow/IS3107/IS3107-group11/backend/venv/lib/python3.12/site-packages/airflow/example_dags/example_branch_operator_decorator.py
[2025-03-24T21:54:34.056+0800] {logging_mixin.py:190} INFO - [2025-03-24T21:54:34.055+0800] {dag.py:3239} INFO - Sync 1 DAGs
[2025-03-24T21:54:34.061+0800] {logging_mixin.py:190} INFO - [2025-03-24T21:54:34.061+0800] {dag.py:4180} INFO - Setting next_dagrun for example_branch_python_operator_decorator to 2025-03-23 00:00:00+00:00, run_after=2025-03-24 00:00:00+00:00
[2025-03-24T21:54:34.068+0800] {processor.py:208} INFO - Processing /Users/dionneleow/IS3107/IS3107-group11/backend/venv/lib/python3.12/site-packages/airflow/example_dags/example_branch_operator_decorator.py took 0.154 seconds
[2025-03-24T21:56:52.863+0800] {processor.py:186} INFO - Started process (PID=66163) to work on /Users/dionneleow/IS3107/IS3107-group11/backend/venv/lib/python3.12/site-packages/airflow/example_dags/example_branch_operator_decorator.py
[2025-03-24T21:56:52.864+0800] {processor.py:914} INFO - Processing file /Users/dionneleow/IS3107/IS3107-group11/backend/venv/lib/python3.12/site-packages/airflow/example_dags/example_branch_operator_decorator.py for tasks to queue
[2025-03-24T21:56:52.864+0800] {logging_mixin.py:190} INFO - [2025-03-24T21:56:52.864+0800] {dagbag.py:588} INFO - Filling up the DagBag from /Users/dionneleow/IS3107/IS3107-group11/backend/venv/lib/python3.12/site-packages/airflow/example_dags/example_branch_operator_decorator.py
[2025-03-24T21:56:52.881+0800] {processor.py:925} INFO - DAG(s) 'example_branch_python_operator_decorator' retrieved from /Users/dionneleow/IS3107/IS3107-group11/backend/venv/lib/python3.12/site-packages/airflow/example_dags/example_branch_operator_decorator.py
[2025-03-24T21:56:52.992+0800] {logging_mixin.py:190} INFO - [2025-03-24T21:56:52.992+0800] {dag.py:3239} INFO - Sync 1 DAGs
[2025-03-24T21:56:52.997+0800] {logging_mixin.py:190} INFO - [2025-03-24T21:56:52.997+0800] {dag.py:4180} INFO - Setting next_dagrun for example_branch_python_operator_decorator to 2025-03-23 00:00:00+00:00, run_after=2025-03-24 00:00:00+00:00
[2025-03-24T21:56:53.004+0800] {processor.py:208} INFO - Processing /Users/dionneleow/IS3107/IS3107-group11/backend/venv/lib/python3.12/site-packages/airflow/example_dags/example_branch_operator_decorator.py took 0.142 seconds
[2025-03-24T21:59:11.691+0800] {processor.py:186} INFO - Started process (PID=67016) to work on /Users/dionneleow/IS3107/IS3107-group11/backend/venv/lib/python3.12/site-packages/airflow/example_dags/example_branch_operator_decorator.py
[2025-03-24T21:59:11.692+0800] {processor.py:914} INFO - Processing file /Users/dionneleow/IS3107/IS3107-group11/backend/venv/lib/python3.12/site-packages/airflow/example_dags/example_branch_operator_decorator.py for tasks to queue
[2025-03-24T21:59:11.693+0800] {logging_mixin.py:190} INFO - [2025-03-24T21:59:11.693+0800] {dagbag.py:588} INFO - Filling up the DagBag from /Users/dionneleow/IS3107/IS3107-group11/backend/venv/lib/python3.12/site-packages/airflow/example_dags/example_branch_operator_decorator.py
[2025-03-24T21:59:11.710+0800] {processor.py:925} INFO - DAG(s) 'example_branch_python_operator_decorator' retrieved from /Users/dionneleow/IS3107/IS3107-group11/backend/venv/lib/python3.12/site-packages/airflow/example_dags/example_branch_operator_decorator.py
[2025-03-24T21:59:11.796+0800] {logging_mixin.py:190} INFO - [2025-03-24T21:59:11.796+0800] {dag.py:3239} INFO - Sync 1 DAGs
[2025-03-24T21:59:11.802+0800] {logging_mixin.py:190} INFO - [2025-03-24T21:59:11.802+0800] {dag.py:4180} INFO - Setting next_dagrun for example_branch_python_operator_decorator to 2025-03-23 00:00:00+00:00, run_after=2025-03-24 00:00:00+00:00
[2025-03-24T21:59:11.808+0800] {processor.py:208} INFO - Processing /Users/dionneleow/IS3107/IS3107-group11/backend/venv/lib/python3.12/site-packages/airflow/example_dags/example_branch_operator_decorator.py took 0.118 seconds
[2025-03-24T22:01:15.694+0800] {processor.py:186} INFO - Started process (PID=67744) to work on /Users/dionneleow/IS3107/IS3107-group11/backend/venv/lib/python3.12/site-packages/airflow/example_dags/example_branch_operator_decorator.py
[2025-03-24T22:01:15.695+0800] {processor.py:914} INFO - Processing file /Users/dionneleow/IS3107/IS3107-group11/backend/venv/lib/python3.12/site-packages/airflow/example_dags/example_branch_operator_decorator.py for tasks to queue
[2025-03-24T22:01:15.696+0800] {logging_mixin.py:190} INFO - [2025-03-24T22:01:15.696+0800] {dagbag.py:588} INFO - Filling up the DagBag from /Users/dionneleow/IS3107/IS3107-group11/backend/venv/lib/python3.12/site-packages/airflow/example_dags/example_branch_operator_decorator.py
[2025-03-24T22:01:15.713+0800] {processor.py:925} INFO - DAG(s) 'example_branch_python_operator_decorator' retrieved from /Users/dionneleow/IS3107/IS3107-group11/backend/venv/lib/python3.12/site-packages/airflow/example_dags/example_branch_operator_decorator.py
[2025-03-24T22:01:15.803+0800] {logging_mixin.py:190} INFO - [2025-03-24T22:01:15.803+0800] {dag.py:3239} INFO - Sync 1 DAGs
[2025-03-24T22:01:15.811+0800] {logging_mixin.py:190} INFO - [2025-03-24T22:01:15.811+0800] {dag.py:4180} INFO - Setting next_dagrun for example_branch_python_operator_decorator to 2025-03-23 00:00:00+00:00, run_after=2025-03-24 00:00:00+00:00
[2025-03-24T22:01:15.821+0800] {processor.py:208} INFO - Processing /Users/dionneleow/IS3107/IS3107-group11/backend/venv/lib/python3.12/site-packages/airflow/example_dags/example_branch_operator_decorator.py took 0.128 seconds
[2025-03-24T22:03:29.167+0800] {processor.py:186} INFO - Started process (PID=68563) to work on /Users/dionneleow/IS3107/IS3107-group11/backend/venv/lib/python3.12/site-packages/airflow/example_dags/example_branch_operator_decorator.py
[2025-03-24T22:03:29.168+0800] {processor.py:914} INFO - Processing file /Users/dionneleow/IS3107/IS3107-group11/backend/venv/lib/python3.12/site-packages/airflow/example_dags/example_branch_operator_decorator.py for tasks to queue
[2025-03-24T22:03:29.169+0800] {logging_mixin.py:190} INFO - [2025-03-24T22:03:29.169+0800] {dagbag.py:588} INFO - Filling up the DagBag from /Users/dionneleow/IS3107/IS3107-group11/backend/venv/lib/python3.12/site-packages/airflow/example_dags/example_branch_operator_decorator.py
[2025-03-24T22:03:29.185+0800] {processor.py:925} INFO - DAG(s) 'example_branch_python_operator_decorator' retrieved from /Users/dionneleow/IS3107/IS3107-group11/backend/venv/lib/python3.12/site-packages/airflow/example_dags/example_branch_operator_decorator.py
[2025-03-24T22:03:29.268+0800] {logging_mixin.py:190} INFO - [2025-03-24T22:03:29.268+0800] {dag.py:3239} INFO - Sync 1 DAGs
[2025-03-24T22:03:29.274+0800] {logging_mixin.py:190} INFO - [2025-03-24T22:03:29.274+0800] {dag.py:4180} INFO - Setting next_dagrun for example_branch_python_operator_decorator to 2025-03-23 00:00:00+00:00, run_after=2025-03-24 00:00:00+00:00
[2025-03-24T22:03:29.282+0800] {processor.py:208} INFO - Processing /Users/dionneleow/IS3107/IS3107-group11/backend/venv/lib/python3.12/site-packages/airflow/example_dags/example_branch_operator_decorator.py took 0.116 seconds
[2025-03-24T22:05:41.779+0800] {processor.py:186} INFO - Started process (PID=69264) to work on /Users/dionneleow/IS3107/IS3107-group11/backend/venv/lib/python3.12/site-packages/airflow/example_dags/example_branch_operator_decorator.py
[2025-03-24T22:05:41.780+0800] {processor.py:914} INFO - Processing file /Users/dionneleow/IS3107/IS3107-group11/backend/venv/lib/python3.12/site-packages/airflow/example_dags/example_branch_operator_decorator.py for tasks to queue
[2025-03-24T22:05:41.781+0800] {logging_mixin.py:190} INFO - [2025-03-24T22:05:41.781+0800] {dagbag.py:588} INFO - Filling up the DagBag from /Users/dionneleow/IS3107/IS3107-group11/backend/venv/lib/python3.12/site-packages/airflow/example_dags/example_branch_operator_decorator.py
[2025-03-24T22:05:41.797+0800] {processor.py:925} INFO - DAG(s) 'example_branch_python_operator_decorator' retrieved from /Users/dionneleow/IS3107/IS3107-group11/backend/venv/lib/python3.12/site-packages/airflow/example_dags/example_branch_operator_decorator.py
[2025-03-24T22:05:41.904+0800] {logging_mixin.py:190} INFO - [2025-03-24T22:05:41.904+0800] {dag.py:3239} INFO - Sync 1 DAGs
[2025-03-24T22:05:41.909+0800] {logging_mixin.py:190} INFO - [2025-03-24T22:05:41.909+0800] {dag.py:4180} INFO - Setting next_dagrun for example_branch_python_operator_decorator to 2025-03-23 00:00:00+00:00, run_after=2025-03-24 00:00:00+00:00
[2025-03-24T22:05:41.916+0800] {processor.py:208} INFO - Processing /Users/dionneleow/IS3107/IS3107-group11/backend/venv/lib/python3.12/site-packages/airflow/example_dags/example_branch_operator_decorator.py took 0.138 seconds
[2025-03-24T22:08:03.401+0800] {processor.py:186} INFO - Started process (PID=70034) to work on /Users/dionneleow/IS3107/IS3107-group11/backend/venv/lib/python3.12/site-packages/airflow/example_dags/example_branch_operator_decorator.py
[2025-03-24T22:08:03.402+0800] {processor.py:914} INFO - Processing file /Users/dionneleow/IS3107/IS3107-group11/backend/venv/lib/python3.12/site-packages/airflow/example_dags/example_branch_operator_decorator.py for tasks to queue
[2025-03-24T22:08:03.403+0800] {logging_mixin.py:190} INFO - [2025-03-24T22:08:03.402+0800] {dagbag.py:588} INFO - Filling up the DagBag from /Users/dionneleow/IS3107/IS3107-group11/backend/venv/lib/python3.12/site-packages/airflow/example_dags/example_branch_operator_decorator.py
[2025-03-24T22:08:03.419+0800] {processor.py:925} INFO - DAG(s) 'example_branch_python_operator_decorator' retrieved from /Users/dionneleow/IS3107/IS3107-group11/backend/venv/lib/python3.12/site-packages/airflow/example_dags/example_branch_operator_decorator.py
[2025-03-24T22:08:03.526+0800] {logging_mixin.py:190} INFO - [2025-03-24T22:08:03.526+0800] {dag.py:3239} INFO - Sync 1 DAGs
[2025-03-24T22:08:03.532+0800] {logging_mixin.py:190} INFO - [2025-03-24T22:08:03.532+0800] {dag.py:4180} INFO - Setting next_dagrun for example_branch_python_operator_decorator to 2025-03-23 00:00:00+00:00, run_after=2025-03-24 00:00:00+00:00
[2025-03-24T22:08:03.539+0800] {processor.py:208} INFO - Processing /Users/dionneleow/IS3107/IS3107-group11/backend/venv/lib/python3.12/site-packages/airflow/example_dags/example_branch_operator_decorator.py took 0.139 seconds
[2025-03-24T22:10:25.881+0800] {processor.py:186} INFO - Started process (PID=70875) to work on /Users/dionneleow/IS3107/IS3107-group11/backend/venv/lib/python3.12/site-packages/airflow/example_dags/example_branch_operator_decorator.py
[2025-03-24T22:10:25.881+0800] {processor.py:914} INFO - Processing file /Users/dionneleow/IS3107/IS3107-group11/backend/venv/lib/python3.12/site-packages/airflow/example_dags/example_branch_operator_decorator.py for tasks to queue
[2025-03-24T22:10:25.882+0800] {logging_mixin.py:190} INFO - [2025-03-24T22:10:25.882+0800] {dagbag.py:588} INFO - Filling up the DagBag from /Users/dionneleow/IS3107/IS3107-group11/backend/venv/lib/python3.12/site-packages/airflow/example_dags/example_branch_operator_decorator.py
[2025-03-24T22:10:25.898+0800] {processor.py:925} INFO - DAG(s) 'example_branch_python_operator_decorator' retrieved from /Users/dionneleow/IS3107/IS3107-group11/backend/venv/lib/python3.12/site-packages/airflow/example_dags/example_branch_operator_decorator.py
[2025-03-24T22:10:25.983+0800] {logging_mixin.py:190} INFO - [2025-03-24T22:10:25.983+0800] {dag.py:3239} INFO - Sync 1 DAGs
[2025-03-24T22:10:25.989+0800] {logging_mixin.py:190} INFO - [2025-03-24T22:10:25.989+0800] {dag.py:4180} INFO - Setting next_dagrun for example_branch_python_operator_decorator to 2025-03-23 00:00:00+00:00, run_after=2025-03-24 00:00:00+00:00
[2025-03-24T22:10:25.996+0800] {processor.py:208} INFO - Processing /Users/dionneleow/IS3107/IS3107-group11/backend/venv/lib/python3.12/site-packages/airflow/example_dags/example_branch_operator_decorator.py took 0.117 seconds
[2025-03-24T22:12:42.336+0800] {processor.py:186} INFO - Started process (PID=71534) to work on /Users/dionneleow/IS3107/IS3107-group11/backend/venv/lib/python3.12/site-packages/airflow/example_dags/example_branch_operator_decorator.py
[2025-03-24T22:12:42.337+0800] {processor.py:914} INFO - Processing file /Users/dionneleow/IS3107/IS3107-group11/backend/venv/lib/python3.12/site-packages/airflow/example_dags/example_branch_operator_decorator.py for tasks to queue
[2025-03-24T22:12:42.338+0800] {logging_mixin.py:190} INFO - [2025-03-24T22:12:42.338+0800] {dagbag.py:588} INFO - Filling up the DagBag from /Users/dionneleow/IS3107/IS3107-group11/backend/venv/lib/python3.12/site-packages/airflow/example_dags/example_branch_operator_decorator.py
[2025-03-24T22:12:42.354+0800] {processor.py:925} INFO - DAG(s) 'example_branch_python_operator_decorator' retrieved from /Users/dionneleow/IS3107/IS3107-group11/backend/venv/lib/python3.12/site-packages/airflow/example_dags/example_branch_operator_decorator.py
[2025-03-24T22:12:42.438+0800] {logging_mixin.py:190} INFO - [2025-03-24T22:12:42.438+0800] {dag.py:3239} INFO - Sync 1 DAGs
[2025-03-24T22:12:42.443+0800] {logging_mixin.py:190} INFO - [2025-03-24T22:12:42.443+0800] {dag.py:4180} INFO - Setting next_dagrun for example_branch_python_operator_decorator to 2025-03-23 00:00:00+00:00, run_after=2025-03-24 00:00:00+00:00
[2025-03-24T22:12:42.451+0800] {processor.py:208} INFO - Processing /Users/dionneleow/IS3107/IS3107-group11/backend/venv/lib/python3.12/site-packages/airflow/example_dags/example_branch_operator_decorator.py took 0.115 seconds
[2025-03-24T22:15:02.813+0800] {processor.py:186} INFO - Started process (PID=72377) to work on /Users/dionneleow/IS3107/IS3107-group11/backend/venv/lib/python3.12/site-packages/airflow/example_dags/example_branch_operator_decorator.py
[2025-03-24T22:15:02.814+0800] {processor.py:914} INFO - Processing file /Users/dionneleow/IS3107/IS3107-group11/backend/venv/lib/python3.12/site-packages/airflow/example_dags/example_branch_operator_decorator.py for tasks to queue
[2025-03-24T22:15:02.815+0800] {logging_mixin.py:190} INFO - [2025-03-24T22:15:02.815+0800] {dagbag.py:588} INFO - Filling up the DagBag from /Users/dionneleow/IS3107/IS3107-group11/backend/venv/lib/python3.12/site-packages/airflow/example_dags/example_branch_operator_decorator.py
[2025-03-24T22:15:02.832+0800] {processor.py:925} INFO - DAG(s) 'example_branch_python_operator_decorator' retrieved from /Users/dionneleow/IS3107/IS3107-group11/backend/venv/lib/python3.12/site-packages/airflow/example_dags/example_branch_operator_decorator.py
[2025-03-24T22:15:02.920+0800] {logging_mixin.py:190} INFO - [2025-03-24T22:15:02.920+0800] {dag.py:3239} INFO - Sync 1 DAGs
[2025-03-24T22:15:02.927+0800] {logging_mixin.py:190} INFO - [2025-03-24T22:15:02.926+0800] {dag.py:4180} INFO - Setting next_dagrun for example_branch_python_operator_decorator to 2025-03-23 00:00:00+00:00, run_after=2025-03-24 00:00:00+00:00
[2025-03-24T22:15:02.935+0800] {processor.py:208} INFO - Processing /Users/dionneleow/IS3107/IS3107-group11/backend/venv/lib/python3.12/site-packages/airflow/example_dags/example_branch_operator_decorator.py took 0.124 seconds
[2025-03-24T22:17:26.880+0800] {processor.py:186} INFO - Started process (PID=73268) to work on /Users/dionneleow/IS3107/IS3107-group11/backend/venv/lib/python3.12/site-packages/airflow/example_dags/example_branch_operator_decorator.py
[2025-03-24T22:17:26.881+0800] {processor.py:914} INFO - Processing file /Users/dionneleow/IS3107/IS3107-group11/backend/venv/lib/python3.12/site-packages/airflow/example_dags/example_branch_operator_decorator.py for tasks to queue
[2025-03-24T22:17:26.882+0800] {logging_mixin.py:190} INFO - [2025-03-24T22:17:26.882+0800] {dagbag.py:588} INFO - Filling up the DagBag from /Users/dionneleow/IS3107/IS3107-group11/backend/venv/lib/python3.12/site-packages/airflow/example_dags/example_branch_operator_decorator.py
[2025-03-24T22:17:26.902+0800] {processor.py:925} INFO - DAG(s) 'example_branch_python_operator_decorator' retrieved from /Users/dionneleow/IS3107/IS3107-group11/backend/venv/lib/python3.12/site-packages/airflow/example_dags/example_branch_operator_decorator.py
[2025-03-24T22:17:27.048+0800] {logging_mixin.py:190} INFO - [2025-03-24T22:17:27.048+0800] {dag.py:3239} INFO - Sync 1 DAGs
[2025-03-24T22:17:27.058+0800] {logging_mixin.py:190} INFO - [2025-03-24T22:17:27.058+0800] {dag.py:4180} INFO - Setting next_dagrun for example_branch_python_operator_decorator to 2025-03-23 00:00:00+00:00, run_after=2025-03-24 00:00:00+00:00
[2025-03-24T22:17:27.070+0800] {processor.py:208} INFO - Processing /Users/dionneleow/IS3107/IS3107-group11/backend/venv/lib/python3.12/site-packages/airflow/example_dags/example_branch_operator_decorator.py took 0.191 seconds
[2025-03-24T22:19:49.593+0800] {processor.py:186} INFO - Started process (PID=74044) to work on /Users/dionneleow/IS3107/IS3107-group11/backend/venv/lib/python3.12/site-packages/airflow/example_dags/example_branch_operator_decorator.py
[2025-03-24T22:19:49.594+0800] {processor.py:914} INFO - Processing file /Users/dionneleow/IS3107/IS3107-group11/backend/venv/lib/python3.12/site-packages/airflow/example_dags/example_branch_operator_decorator.py for tasks to queue
[2025-03-24T22:19:49.594+0800] {logging_mixin.py:190} INFO - [2025-03-24T22:19:49.594+0800] {dagbag.py:588} INFO - Filling up the DagBag from /Users/dionneleow/IS3107/IS3107-group11/backend/venv/lib/python3.12/site-packages/airflow/example_dags/example_branch_operator_decorator.py
[2025-03-24T22:19:49.611+0800] {processor.py:925} INFO - DAG(s) 'example_branch_python_operator_decorator' retrieved from /Users/dionneleow/IS3107/IS3107-group11/backend/venv/lib/python3.12/site-packages/airflow/example_dags/example_branch_operator_decorator.py
[2025-03-24T22:19:49.702+0800] {logging_mixin.py:190} INFO - [2025-03-24T22:19:49.702+0800] {dag.py:3239} INFO - Sync 1 DAGs
[2025-03-24T22:19:49.708+0800] {logging_mixin.py:190} INFO - [2025-03-24T22:19:49.708+0800] {dag.py:4180} INFO - Setting next_dagrun for example_branch_python_operator_decorator to 2025-03-23 00:00:00+00:00, run_after=2025-03-24 00:00:00+00:00
[2025-03-24T22:19:49.715+0800] {processor.py:208} INFO - Processing /Users/dionneleow/IS3107/IS3107-group11/backend/venv/lib/python3.12/site-packages/airflow/example_dags/example_branch_operator_decorator.py took 0.123 seconds
