[2025-03-24T21:47:33.386+0800] {processor.py:186} INFO - Started process (PID=62453) to work on /Users/dionneleow/IS3107/IS3107-group11/backend/venv/lib/python3.12/site-packages/airflow/example_dags/example_trigger_controller_dag.py
[2025-03-24T21:47:33.387+0800] {processor.py:914} INFO - Processing file /Users/dionneleow/IS3107/IS3107-group11/backend/venv/lib/python3.12/site-packages/airflow/example_dags/example_trigger_controller_dag.py for tasks to queue
[2025-03-24T21:47:33.388+0800] {logging_mixin.py:190} INFO - [2025-03-24T21:47:33.387+0800] {dagbag.py:588} INFO - Filling up the DagBag from /Users/dionneleow/IS3107/IS3107-group11/backend/venv/lib/python3.12/site-packages/airflow/example_dags/example_trigger_controller_dag.py
[2025-03-24T21:47:33.395+0800] {processor.py:925} INFO - DAG(s) 'example_trigger_controller_dag' retrieved from /Users/dionneleow/IS3107/IS3107-group11/backend/venv/lib/python3.12/site-packages/airflow/example_dags/example_trigger_controller_dag.py
[2025-03-24T21:47:33.492+0800] {logging_mixin.py:190} INFO - [2025-03-24T21:47:33.491+0800] {override.py:1912} INFO - Created Permission View: can edit on DAG:example_trigger_controller_dag
[2025-03-24T21:47:33.495+0800] {logging_mixin.py:190} INFO - [2025-03-24T21:47:33.495+0800] {override.py:1912} INFO - Created Permission View: can delete on DAG:example_trigger_controller_dag
[2025-03-24T21:47:33.497+0800] {logging_mixin.py:190} INFO - [2025-03-24T21:47:33.496+0800] {override.py:1912} INFO - Created Permission View: can read on DAG:example_trigger_controller_dag
[2025-03-24T21:47:33.499+0800] {logging_mixin.py:190} INFO - [2025-03-24T21:47:33.499+0800] {override.py:1912} INFO - Created Permission View: can create on DAG Run:example_trigger_controller_dag
[2025-03-24T21:47:33.501+0800] {logging_mixin.py:190} INFO - [2025-03-24T21:47:33.501+0800] {override.py:1912} INFO - Created Permission View: menu access on DAG Run:example_trigger_controller_dag
[2025-03-24T21:47:33.503+0800] {logging_mixin.py:190} INFO - [2025-03-24T21:47:33.503+0800] {override.py:1912} INFO - Created Permission View: can delete on DAG Run:example_trigger_controller_dag
[2025-03-24T21:47:33.505+0800] {logging_mixin.py:190} INFO - [2025-03-24T21:47:33.505+0800] {override.py:1912} INFO - Created Permission View: can read on DAG Run:example_trigger_controller_dag
[2025-03-24T21:47:33.505+0800] {logging_mixin.py:190} INFO - [2025-03-24T21:47:33.505+0800] {dag.py:3239} INFO - Sync 1 DAGs
[2025-03-24T21:47:33.509+0800] {logging_mixin.py:190} INFO - [2025-03-24T21:47:33.509+0800] {dag.py:3262} INFO - Creating ORM DAG for example_trigger_controller_dag
[2025-03-24T21:47:33.512+0800] {logging_mixin.py:190} INFO - [2025-03-24T21:47:33.512+0800] {dag.py:4180} INFO - Setting next_dagrun for example_trigger_controller_dag to 2021-01-01 00:00:00+00:00, run_after=2021-01-01 00:00:00+00:00
[2025-03-24T21:47:33.517+0800] {processor.py:208} INFO - Processing /Users/dionneleow/IS3107/IS3107-group11/backend/venv/lib/python3.12/site-packages/airflow/example_dags/example_trigger_controller_dag.py took 0.134 seconds
[2025-03-24T21:48:41.796+0800] {processor.py:186} INFO - Started process (PID=62959) to work on /Users/dionneleow/IS3107/IS3107-group11/backend/venv/lib/python3.12/site-packages/airflow/example_dags/example_trigger_controller_dag.py
[2025-03-24T21:48:41.796+0800] {processor.py:914} INFO - Processing file /Users/dionneleow/IS3107/IS3107-group11/backend/venv/lib/python3.12/site-packages/airflow/example_dags/example_trigger_controller_dag.py for tasks to queue
[2025-03-24T21:48:41.797+0800] {logging_mixin.py:190} INFO - [2025-03-24T21:48:41.797+0800] {dagbag.py:588} INFO - Filling up the DagBag from /Users/dionneleow/IS3107/IS3107-group11/backend/venv/lib/python3.12/site-packages/airflow/example_dags/example_trigger_controller_dag.py
[2025-03-24T21:48:41.810+0800] {processor.py:925} INFO - DAG(s) 'example_trigger_controller_dag' retrieved from /Users/dionneleow/IS3107/IS3107-group11/backend/venv/lib/python3.12/site-packages/airflow/example_dags/example_trigger_controller_dag.py
[2025-03-24T21:48:41.858+0800] {logging_mixin.py:190} INFO - [2025-03-24T21:48:41.858+0800] {dag.py:3239} INFO - Sync 1 DAGs
[2025-03-24T21:48:41.864+0800] {logging_mixin.py:190} INFO - [2025-03-24T21:48:41.864+0800] {dag.py:4180} INFO - Setting next_dagrun for example_trigger_controller_dag to 2021-01-01 00:00:00+00:00, run_after=2021-01-01 00:00:00+00:00
[2025-03-24T21:48:41.897+0800] {processor.py:208} INFO - Processing /Users/dionneleow/IS3107/IS3107-group11/backend/venv/lib/python3.12/site-packages/airflow/example_dags/example_trigger_controller_dag.py took 0.102 seconds
[2025-03-24T21:50:32.171+0800] {processor.py:186} INFO - Started process (PID=63779) to work on /Users/dionneleow/IS3107/IS3107-group11/backend/venv/lib/python3.12/site-packages/airflow/example_dags/example_trigger_controller_dag.py
[2025-03-24T21:50:32.172+0800] {processor.py:914} INFO - Processing file /Users/dionneleow/IS3107/IS3107-group11/backend/venv/lib/python3.12/site-packages/airflow/example_dags/example_trigger_controller_dag.py for tasks to queue
[2025-03-24T21:50:32.173+0800] {logging_mixin.py:190} INFO - [2025-03-24T21:50:32.173+0800] {dagbag.py:588} INFO - Filling up the DagBag from /Users/dionneleow/IS3107/IS3107-group11/backend/venv/lib/python3.12/site-packages/airflow/example_dags/example_trigger_controller_dag.py
[2025-03-24T21:50:32.177+0800] {processor.py:925} INFO - DAG(s) 'example_trigger_controller_dag' retrieved from /Users/dionneleow/IS3107/IS3107-group11/backend/venv/lib/python3.12/site-packages/airflow/example_dags/example_trigger_controller_dag.py
[2025-03-24T21:50:32.211+0800] {logging_mixin.py:190} INFO - [2025-03-24T21:50:32.211+0800] {dag.py:3239} INFO - Sync 1 DAGs
[2025-03-24T21:50:32.219+0800] {logging_mixin.py:190} INFO - [2025-03-24T21:50:32.219+0800] {dag.py:4180} INFO - Setting next_dagrun for example_trigger_controller_dag to 2021-01-01 00:00:00+00:00, run_after=2021-01-01 00:00:00+00:00
[2025-03-24T21:50:32.264+0800] {processor.py:208} INFO - Processing /Users/dionneleow/IS3107/IS3107-group11/backend/venv/lib/python3.12/site-packages/airflow/example_dags/example_trigger_controller_dag.py took 0.094 seconds
[2025-03-24T21:51:47.267+0800] {processor.py:186} INFO - Started process (PID=64287) to work on /Users/dionneleow/IS3107/IS3107-group11/backend/venv/lib/python3.12/site-packages/airflow/example_dags/example_trigger_controller_dag.py
[2025-03-24T21:51:47.267+0800] {processor.py:914} INFO - Processing file /Users/dionneleow/IS3107/IS3107-group11/backend/venv/lib/python3.12/site-packages/airflow/example_dags/example_trigger_controller_dag.py for tasks to queue
[2025-03-24T21:51:47.268+0800] {logging_mixin.py:190} INFO - [2025-03-24T21:51:47.268+0800] {dagbag.py:588} INFO - Filling up the DagBag from /Users/dionneleow/IS3107/IS3107-group11/backend/venv/lib/python3.12/site-packages/airflow/example_dags/example_trigger_controller_dag.py
[2025-03-24T21:51:47.273+0800] {processor.py:925} INFO - DAG(s) 'example_trigger_controller_dag' retrieved from /Users/dionneleow/IS3107/IS3107-group11/backend/venv/lib/python3.12/site-packages/airflow/example_dags/example_trigger_controller_dag.py
[2025-03-24T21:51:47.303+0800] {logging_mixin.py:190} INFO - [2025-03-24T21:51:47.303+0800] {dag.py:3239} INFO - Sync 1 DAGs
[2025-03-24T21:51:47.311+0800] {logging_mixin.py:190} INFO - [2025-03-24T21:51:47.311+0800] {dag.py:4180} INFO - Setting next_dagrun for example_trigger_controller_dag to 2021-01-01 00:00:00+00:00, run_after=2021-01-01 00:00:00+00:00
[2025-03-24T21:51:47.346+0800] {processor.py:208} INFO - Processing /Users/dionneleow/IS3107/IS3107-group11/backend/venv/lib/python3.12/site-packages/airflow/example_dags/example_trigger_controller_dag.py took 0.081 seconds
[2025-03-24T21:52:57.400+0800] {processor.py:186} INFO - Started process (PID=64705) to work on /Users/dionneleow/IS3107/IS3107-group11/backend/venv/lib/python3.12/site-packages/airflow/example_dags/example_trigger_controller_dag.py
[2025-03-24T21:52:57.401+0800] {processor.py:914} INFO - Processing file /Users/dionneleow/IS3107/IS3107-group11/backend/venv/lib/python3.12/site-packages/airflow/example_dags/example_trigger_controller_dag.py for tasks to queue
[2025-03-24T21:52:57.401+0800] {logging_mixin.py:190} INFO - [2025-03-24T21:52:57.401+0800] {dagbag.py:588} INFO - Filling up the DagBag from /Users/dionneleow/IS3107/IS3107-group11/backend/venv/lib/python3.12/site-packages/airflow/example_dags/example_trigger_controller_dag.py
[2025-03-24T21:52:57.405+0800] {processor.py:925} INFO - DAG(s) 'example_trigger_controller_dag' retrieved from /Users/dionneleow/IS3107/IS3107-group11/backend/venv/lib/python3.12/site-packages/airflow/example_dags/example_trigger_controller_dag.py
[2025-03-24T21:52:57.446+0800] {logging_mixin.py:190} INFO - [2025-03-24T21:52:57.446+0800] {dag.py:3239} INFO - Sync 1 DAGs
[2025-03-24T21:52:57.488+0800] {logging_mixin.py:190} INFO - [2025-03-24T21:52:57.488+0800] {dag.py:4180} INFO - Setting next_dagrun for example_trigger_controller_dag to 2021-01-01 00:00:00+00:00, run_after=2021-01-01 00:00:00+00:00
[2025-03-24T21:52:57.530+0800] {processor.py:208} INFO - Processing /Users/dionneleow/IS3107/IS3107-group11/backend/venv/lib/python3.12/site-packages/airflow/example_dags/example_trigger_controller_dag.py took 0.131 seconds
[2025-03-24T21:54:05.173+0800] {processor.py:186} INFO - Started process (PID=65120) to work on /Users/dionneleow/IS3107/IS3107-group11/backend/venv/lib/python3.12/site-packages/airflow/example_dags/example_trigger_controller_dag.py
[2025-03-24T21:54:05.174+0800] {processor.py:914} INFO - Processing file /Users/dionneleow/IS3107/IS3107-group11/backend/venv/lib/python3.12/site-packages/airflow/example_dags/example_trigger_controller_dag.py for tasks to queue
[2025-03-24T21:54:05.174+0800] {logging_mixin.py:190} INFO - [2025-03-24T21:54:05.174+0800] {dagbag.py:588} INFO - Filling up the DagBag from /Users/dionneleow/IS3107/IS3107-group11/backend/venv/lib/python3.12/site-packages/airflow/example_dags/example_trigger_controller_dag.py
[2025-03-24T21:54:05.178+0800] {processor.py:925} INFO - DAG(s) 'example_trigger_controller_dag' retrieved from /Users/dionneleow/IS3107/IS3107-group11/backend/venv/lib/python3.12/site-packages/airflow/example_dags/example_trigger_controller_dag.py
[2025-03-24T21:54:05.244+0800] {logging_mixin.py:190} INFO - [2025-03-24T21:54:05.243+0800] {dag.py:3239} INFO - Sync 1 DAGs
[2025-03-24T21:54:05.252+0800] {logging_mixin.py:190} INFO - [2025-03-24T21:54:05.252+0800] {dag.py:4180} INFO - Setting next_dagrun for example_trigger_controller_dag to 2021-01-01 00:00:00+00:00, run_after=2021-01-01 00:00:00+00:00
[2025-03-24T21:54:05.284+0800] {processor.py:208} INFO - Processing /Users/dionneleow/IS3107/IS3107-group11/backend/venv/lib/python3.12/site-packages/airflow/example_dags/example_trigger_controller_dag.py took 0.112 seconds
[2025-03-24T21:55:11.098+0800] {processor.py:186} INFO - Started process (PID=65544) to work on /Users/dionneleow/IS3107/IS3107-group11/backend/venv/lib/python3.12/site-packages/airflow/example_dags/example_trigger_controller_dag.py
[2025-03-24T21:55:11.099+0800] {processor.py:914} INFO - Processing file /Users/dionneleow/IS3107/IS3107-group11/backend/venv/lib/python3.12/site-packages/airflow/example_dags/example_trigger_controller_dag.py for tasks to queue
[2025-03-24T21:55:11.099+0800] {logging_mixin.py:190} INFO - [2025-03-24T21:55:11.099+0800] {dagbag.py:588} INFO - Filling up the DagBag from /Users/dionneleow/IS3107/IS3107-group11/backend/venv/lib/python3.12/site-packages/airflow/example_dags/example_trigger_controller_dag.py
[2025-03-24T21:55:11.103+0800] {processor.py:925} INFO - DAG(s) 'example_trigger_controller_dag' retrieved from /Users/dionneleow/IS3107/IS3107-group11/backend/venv/lib/python3.12/site-packages/airflow/example_dags/example_trigger_controller_dag.py
[2025-03-24T21:55:11.132+0800] {logging_mixin.py:190} INFO - [2025-03-24T21:55:11.131+0800] {dag.py:3239} INFO - Sync 1 DAGs
[2025-03-24T21:55:11.137+0800] {logging_mixin.py:190} INFO - [2025-03-24T21:55:11.137+0800] {dag.py:4180} INFO - Setting next_dagrun for example_trigger_controller_dag to 2021-01-01 00:00:00+00:00, run_after=2021-01-01 00:00:00+00:00
[2025-03-24T21:55:11.166+0800] {processor.py:208} INFO - Processing /Users/dionneleow/IS3107/IS3107-group11/backend/venv/lib/python3.12/site-packages/airflow/example_dags/example_trigger_controller_dag.py took 0.069 seconds
[2025-03-24T21:56:22.226+0800] {processor.py:186} INFO - Started process (PID=65982) to work on /Users/dionneleow/IS3107/IS3107-group11/backend/venv/lib/python3.12/site-packages/airflow/example_dags/example_trigger_controller_dag.py
[2025-03-24T21:56:22.227+0800] {processor.py:914} INFO - Processing file /Users/dionneleow/IS3107/IS3107-group11/backend/venv/lib/python3.12/site-packages/airflow/example_dags/example_trigger_controller_dag.py for tasks to queue
[2025-03-24T21:56:22.228+0800] {logging_mixin.py:190} INFO - [2025-03-24T21:56:22.228+0800] {dagbag.py:588} INFO - Filling up the DagBag from /Users/dionneleow/IS3107/IS3107-group11/backend/venv/lib/python3.12/site-packages/airflow/example_dags/example_trigger_controller_dag.py
[2025-03-24T21:56:22.234+0800] {processor.py:925} INFO - DAG(s) 'example_trigger_controller_dag' retrieved from /Users/dionneleow/IS3107/IS3107-group11/backend/venv/lib/python3.12/site-packages/airflow/example_dags/example_trigger_controller_dag.py
[2025-03-24T21:56:22.309+0800] {logging_mixin.py:190} INFO - [2025-03-24T21:56:22.308+0800] {dag.py:3239} INFO - Sync 1 DAGs
[2025-03-24T21:56:22.315+0800] {logging_mixin.py:190} INFO - [2025-03-24T21:56:22.314+0800] {dag.py:4180} INFO - Setting next_dagrun for example_trigger_controller_dag to 2021-01-01 00:00:00+00:00, run_after=2021-01-01 00:00:00+00:00
[2025-03-24T21:56:22.353+0800] {processor.py:208} INFO - Processing /Users/dionneleow/IS3107/IS3107-group11/backend/venv/lib/python3.12/site-packages/airflow/example_dags/example_trigger_controller_dag.py took 0.130 seconds
[2025-03-24T21:57:30.335+0800] {processor.py:186} INFO - Started process (PID=66471) to work on /Users/dionneleow/IS3107/IS3107-group11/backend/venv/lib/python3.12/site-packages/airflow/example_dags/example_trigger_controller_dag.py
[2025-03-24T21:57:30.337+0800] {processor.py:914} INFO - Processing file /Users/dionneleow/IS3107/IS3107-group11/backend/venv/lib/python3.12/site-packages/airflow/example_dags/example_trigger_controller_dag.py for tasks to queue
[2025-03-24T21:57:30.341+0800] {logging_mixin.py:190} INFO - [2025-03-24T21:57:30.340+0800] {dagbag.py:588} INFO - Filling up the DagBag from /Users/dionneleow/IS3107/IS3107-group11/backend/venv/lib/python3.12/site-packages/airflow/example_dags/example_trigger_controller_dag.py
[2025-03-24T21:57:30.345+0800] {processor.py:925} INFO - DAG(s) 'example_trigger_controller_dag' retrieved from /Users/dionneleow/IS3107/IS3107-group11/backend/venv/lib/python3.12/site-packages/airflow/example_dags/example_trigger_controller_dag.py
[2025-03-24T21:57:30.376+0800] {logging_mixin.py:190} INFO - [2025-03-24T21:57:30.376+0800] {dag.py:3239} INFO - Sync 1 DAGs
[2025-03-24T21:57:30.381+0800] {logging_mixin.py:190} INFO - [2025-03-24T21:57:30.381+0800] {dag.py:4180} INFO - Setting next_dagrun for example_trigger_controller_dag to 2021-01-01 00:00:00+00:00, run_after=2021-01-01 00:00:00+00:00
[2025-03-24T21:57:30.411+0800] {processor.py:208} INFO - Processing /Users/dionneleow/IS3107/IS3107-group11/backend/venv/lib/python3.12/site-packages/airflow/example_dags/example_trigger_controller_dag.py took 0.078 seconds
[2025-03-24T21:58:40.048+0800] {processor.py:186} INFO - Started process (PID=66865) to work on /Users/dionneleow/IS3107/IS3107-group11/backend/venv/lib/python3.12/site-packages/airflow/example_dags/example_trigger_controller_dag.py
[2025-03-24T21:58:40.049+0800] {processor.py:914} INFO - Processing file /Users/dionneleow/IS3107/IS3107-group11/backend/venv/lib/python3.12/site-packages/airflow/example_dags/example_trigger_controller_dag.py for tasks to queue
[2025-03-24T21:58:40.049+0800] {logging_mixin.py:190} INFO - [2025-03-24T21:58:40.049+0800] {dagbag.py:588} INFO - Filling up the DagBag from /Users/dionneleow/IS3107/IS3107-group11/backend/venv/lib/python3.12/site-packages/airflow/example_dags/example_trigger_controller_dag.py
[2025-03-24T21:58:40.053+0800] {processor.py:925} INFO - DAG(s) 'example_trigger_controller_dag' retrieved from /Users/dionneleow/IS3107/IS3107-group11/backend/venv/lib/python3.12/site-packages/airflow/example_dags/example_trigger_controller_dag.py
[2025-03-24T21:58:40.082+0800] {logging_mixin.py:190} INFO - [2025-03-24T21:58:40.082+0800] {dag.py:3239} INFO - Sync 1 DAGs
[2025-03-24T21:58:40.088+0800] {logging_mixin.py:190} INFO - [2025-03-24T21:58:40.088+0800] {dag.py:4180} INFO - Setting next_dagrun for example_trigger_controller_dag to 2021-01-01 00:00:00+00:00, run_after=2021-01-01 00:00:00+00:00
[2025-03-24T21:58:40.119+0800] {processor.py:208} INFO - Processing /Users/dionneleow/IS3107/IS3107-group11/backend/venv/lib/python3.12/site-packages/airflow/example_dags/example_trigger_controller_dag.py took 0.072 seconds
[2025-03-24T21:59:45.106+0800] {processor.py:186} INFO - Started process (PID=67196) to work on /Users/dionneleow/IS3107/IS3107-group11/backend/venv/lib/python3.12/site-packages/airflow/example_dags/example_trigger_controller_dag.py
[2025-03-24T21:59:45.107+0800] {processor.py:914} INFO - Processing file /Users/dionneleow/IS3107/IS3107-group11/backend/venv/lib/python3.12/site-packages/airflow/example_dags/example_trigger_controller_dag.py for tasks to queue
[2025-03-24T21:59:45.107+0800] {logging_mixin.py:190} INFO - [2025-03-24T21:59:45.107+0800] {dagbag.py:588} INFO - Filling up the DagBag from /Users/dionneleow/IS3107/IS3107-group11/backend/venv/lib/python3.12/site-packages/airflow/example_dags/example_trigger_controller_dag.py
[2025-03-24T21:59:45.111+0800] {processor.py:925} INFO - DAG(s) 'example_trigger_controller_dag' retrieved from /Users/dionneleow/IS3107/IS3107-group11/backend/venv/lib/python3.12/site-packages/airflow/example_dags/example_trigger_controller_dag.py
[2025-03-24T21:59:45.140+0800] {logging_mixin.py:190} INFO - [2025-03-24T21:59:45.140+0800] {dag.py:3239} INFO - Sync 1 DAGs
[2025-03-24T21:59:45.145+0800] {logging_mixin.py:190} INFO - [2025-03-24T21:59:45.145+0800] {dag.py:4180} INFO - Setting next_dagrun for example_trigger_controller_dag to 2021-01-01 00:00:00+00:00, run_after=2021-01-01 00:00:00+00:00
[2025-03-24T21:59:45.174+0800] {processor.py:208} INFO - Processing /Users/dionneleow/IS3107/IS3107-group11/backend/venv/lib/python3.12/site-packages/airflow/example_dags/example_trigger_controller_dag.py took 0.069 seconds
[2025-03-24T22:00:48.127+0800] {processor.py:186} INFO - Started process (PID=67563) to work on /Users/dionneleow/IS3107/IS3107-group11/backend/venv/lib/python3.12/site-packages/airflow/example_dags/example_trigger_controller_dag.py
[2025-03-24T22:00:48.127+0800] {processor.py:914} INFO - Processing file /Users/dionneleow/IS3107/IS3107-group11/backend/venv/lib/python3.12/site-packages/airflow/example_dags/example_trigger_controller_dag.py for tasks to queue
[2025-03-24T22:00:48.128+0800] {logging_mixin.py:190} INFO - [2025-03-24T22:00:48.128+0800] {dagbag.py:588} INFO - Filling up the DagBag from /Users/dionneleow/IS3107/IS3107-group11/backend/venv/lib/python3.12/site-packages/airflow/example_dags/example_trigger_controller_dag.py
[2025-03-24T22:00:48.132+0800] {processor.py:925} INFO - DAG(s) 'example_trigger_controller_dag' retrieved from /Users/dionneleow/IS3107/IS3107-group11/backend/venv/lib/python3.12/site-packages/airflow/example_dags/example_trigger_controller_dag.py
[2025-03-24T22:00:48.161+0800] {logging_mixin.py:190} INFO - [2025-03-24T22:00:48.161+0800] {dag.py:3239} INFO - Sync 1 DAGs
[2025-03-24T22:00:48.167+0800] {logging_mixin.py:190} INFO - [2025-03-24T22:00:48.167+0800] {dag.py:4180} INFO - Setting next_dagrun for example_trigger_controller_dag to 2021-01-01 00:00:00+00:00, run_after=2021-01-01 00:00:00+00:00
[2025-03-24T22:00:48.196+0800] {processor.py:208} INFO - Processing /Users/dionneleow/IS3107/IS3107-group11/backend/venv/lib/python3.12/site-packages/airflow/example_dags/example_trigger_controller_dag.py took 0.071 seconds
[2025-03-24T22:01:49.801+0800] {processor.py:186} INFO - Started process (PID=67921) to work on /Users/dionneleow/IS3107/IS3107-group11/backend/venv/lib/python3.12/site-packages/airflow/example_dags/example_trigger_controller_dag.py
[2025-03-24T22:01:49.802+0800] {processor.py:914} INFO - Processing file /Users/dionneleow/IS3107/IS3107-group11/backend/venv/lib/python3.12/site-packages/airflow/example_dags/example_trigger_controller_dag.py for tasks to queue
[2025-03-24T22:01:49.803+0800] {logging_mixin.py:190} INFO - [2025-03-24T22:01:49.802+0800] {dagbag.py:588} INFO - Filling up the DagBag from /Users/dionneleow/IS3107/IS3107-group11/backend/venv/lib/python3.12/site-packages/airflow/example_dags/example_trigger_controller_dag.py
[2025-03-24T22:01:49.807+0800] {processor.py:925} INFO - DAG(s) 'example_trigger_controller_dag' retrieved from /Users/dionneleow/IS3107/IS3107-group11/backend/venv/lib/python3.12/site-packages/airflow/example_dags/example_trigger_controller_dag.py
[2025-03-24T22:01:49.839+0800] {logging_mixin.py:190} INFO - [2025-03-24T22:01:49.839+0800] {dag.py:3239} INFO - Sync 1 DAGs
[2025-03-24T22:01:49.844+0800] {logging_mixin.py:190} INFO - [2025-03-24T22:01:49.844+0800] {dag.py:4180} INFO - Setting next_dagrun for example_trigger_controller_dag to 2021-01-01 00:00:00+00:00, run_after=2021-01-01 00:00:00+00:00
[2025-03-24T22:01:49.876+0800] {processor.py:208} INFO - Processing /Users/dionneleow/IS3107/IS3107-group11/backend/venv/lib/python3.12/site-packages/airflow/example_dags/example_trigger_controller_dag.py took 0.077 seconds
[2025-03-24T22:02:57.597+0800] {processor.py:186} INFO - Started process (PID=68341) to work on /Users/dionneleow/IS3107/IS3107-group11/backend/venv/lib/python3.12/site-packages/airflow/example_dags/example_trigger_controller_dag.py
[2025-03-24T22:02:57.599+0800] {processor.py:914} INFO - Processing file /Users/dionneleow/IS3107/IS3107-group11/backend/venv/lib/python3.12/site-packages/airflow/example_dags/example_trigger_controller_dag.py for tasks to queue
[2025-03-24T22:02:57.599+0800] {logging_mixin.py:190} INFO - [2025-03-24T22:02:57.599+0800] {dagbag.py:588} INFO - Filling up the DagBag from /Users/dionneleow/IS3107/IS3107-group11/backend/venv/lib/python3.12/site-packages/airflow/example_dags/example_trigger_controller_dag.py
[2025-03-24T22:02:57.603+0800] {processor.py:925} INFO - DAG(s) 'example_trigger_controller_dag' retrieved from /Users/dionneleow/IS3107/IS3107-group11/backend/venv/lib/python3.12/site-packages/airflow/example_dags/example_trigger_controller_dag.py
[2025-03-24T22:02:57.635+0800] {logging_mixin.py:190} INFO - [2025-03-24T22:02:57.635+0800] {dag.py:3239} INFO - Sync 1 DAGs
[2025-03-24T22:02:57.641+0800] {logging_mixin.py:190} INFO - [2025-03-24T22:02:57.641+0800] {dag.py:4180} INFO - Setting next_dagrun for example_trigger_controller_dag to 2021-01-01 00:00:00+00:00, run_after=2021-01-01 00:00:00+00:00
[2025-03-24T22:02:57.674+0800] {processor.py:208} INFO - Processing /Users/dionneleow/IS3107/IS3107-group11/backend/venv/lib/python3.12/site-packages/airflow/example_dags/example_trigger_controller_dag.py took 0.078 seconds
[2025-03-24T22:04:04.857+0800] {processor.py:186} INFO - Started process (PID=68765) to work on /Users/dionneleow/IS3107/IS3107-group11/backend/venv/lib/python3.12/site-packages/airflow/example_dags/example_trigger_controller_dag.py
[2025-03-24T22:04:04.858+0800] {processor.py:914} INFO - Processing file /Users/dionneleow/IS3107/IS3107-group11/backend/venv/lib/python3.12/site-packages/airflow/example_dags/example_trigger_controller_dag.py for tasks to queue
[2025-03-24T22:04:04.858+0800] {logging_mixin.py:190} INFO - [2025-03-24T22:04:04.858+0800] {dagbag.py:588} INFO - Filling up the DagBag from /Users/dionneleow/IS3107/IS3107-group11/backend/venv/lib/python3.12/site-packages/airflow/example_dags/example_trigger_controller_dag.py
[2025-03-24T22:04:04.862+0800] {processor.py:925} INFO - DAG(s) 'example_trigger_controller_dag' retrieved from /Users/dionneleow/IS3107/IS3107-group11/backend/venv/lib/python3.12/site-packages/airflow/example_dags/example_trigger_controller_dag.py
[2025-03-24T22:04:04.891+0800] {logging_mixin.py:190} INFO - [2025-03-24T22:04:04.891+0800] {dag.py:3239} INFO - Sync 1 DAGs
[2025-03-24T22:04:04.896+0800] {logging_mixin.py:190} INFO - [2025-03-24T22:04:04.896+0800] {dag.py:4180} INFO - Setting next_dagrun for example_trigger_controller_dag to 2021-01-01 00:00:00+00:00, run_after=2021-01-01 00:00:00+00:00
[2025-03-24T22:04:04.927+0800] {processor.py:208} INFO - Processing /Users/dionneleow/IS3107/IS3107-group11/backend/venv/lib/python3.12/site-packages/airflow/example_dags/example_trigger_controller_dag.py took 0.072 seconds
[2025-03-24T22:05:13.544+0800] {processor.py:186} INFO - Started process (PID=69132) to work on /Users/dionneleow/IS3107/IS3107-group11/backend/venv/lib/python3.12/site-packages/airflow/example_dags/example_trigger_controller_dag.py
[2025-03-24T22:05:13.544+0800] {processor.py:914} INFO - Processing file /Users/dionneleow/IS3107/IS3107-group11/backend/venv/lib/python3.12/site-packages/airflow/example_dags/example_trigger_controller_dag.py for tasks to queue
[2025-03-24T22:05:13.545+0800] {logging_mixin.py:190} INFO - [2025-03-24T22:05:13.545+0800] {dagbag.py:588} INFO - Filling up the DagBag from /Users/dionneleow/IS3107/IS3107-group11/backend/venv/lib/python3.12/site-packages/airflow/example_dags/example_trigger_controller_dag.py
[2025-03-24T22:05:13.549+0800] {processor.py:925} INFO - DAG(s) 'example_trigger_controller_dag' retrieved from /Users/dionneleow/IS3107/IS3107-group11/backend/venv/lib/python3.12/site-packages/airflow/example_dags/example_trigger_controller_dag.py
[2025-03-24T22:05:13.577+0800] {logging_mixin.py:190} INFO - [2025-03-24T22:05:13.577+0800] {dag.py:3239} INFO - Sync 1 DAGs
[2025-03-24T22:05:13.584+0800] {logging_mixin.py:190} INFO - [2025-03-24T22:05:13.584+0800] {dag.py:4180} INFO - Setting next_dagrun for example_trigger_controller_dag to 2021-01-01 00:00:00+00:00, run_after=2021-01-01 00:00:00+00:00
[2025-03-24T22:05:13.617+0800] {processor.py:208} INFO - Processing /Users/dionneleow/IS3107/IS3107-group11/backend/venv/lib/python3.12/site-packages/airflow/example_dags/example_trigger_controller_dag.py took 0.074 seconds
[2025-03-24T22:06:21.170+0800] {processor.py:186} INFO - Started process (PID=69465) to work on /Users/dionneleow/IS3107/IS3107-group11/backend/venv/lib/python3.12/site-packages/airflow/example_dags/example_trigger_controller_dag.py
[2025-03-24T22:06:21.172+0800] {processor.py:914} INFO - Processing file /Users/dionneleow/IS3107/IS3107-group11/backend/venv/lib/python3.12/site-packages/airflow/example_dags/example_trigger_controller_dag.py for tasks to queue
[2025-03-24T22:06:21.182+0800] {logging_mixin.py:190} INFO - [2025-03-24T22:06:21.173+0800] {dagbag.py:588} INFO - Filling up the DagBag from /Users/dionneleow/IS3107/IS3107-group11/backend/venv/lib/python3.12/site-packages/airflow/example_dags/example_trigger_controller_dag.py
[2025-03-24T22:06:21.193+0800] {processor.py:925} INFO - DAG(s) 'example_trigger_controller_dag' retrieved from /Users/dionneleow/IS3107/IS3107-group11/backend/venv/lib/python3.12/site-packages/airflow/example_dags/example_trigger_controller_dag.py
[2025-03-24T22:06:21.228+0800] {logging_mixin.py:190} INFO - [2025-03-24T22:06:21.228+0800] {dag.py:3239} INFO - Sync 1 DAGs
[2025-03-24T22:06:21.234+0800] {logging_mixin.py:190} INFO - [2025-03-24T22:06:21.234+0800] {dag.py:4180} INFO - Setting next_dagrun for example_trigger_controller_dag to 2021-01-01 00:00:00+00:00, run_after=2021-01-01 00:00:00+00:00
[2025-03-24T22:06:21.273+0800] {processor.py:208} INFO - Processing /Users/dionneleow/IS3107/IS3107-group11/backend/venv/lib/python3.12/site-packages/airflow/example_dags/example_trigger_controller_dag.py took 0.105 seconds
[2025-03-24T22:07:31.719+0800] {processor.py:186} INFO - Started process (PID=69853) to work on /Users/dionneleow/IS3107/IS3107-group11/backend/venv/lib/python3.12/site-packages/airflow/example_dags/example_trigger_controller_dag.py
[2025-03-24T22:07:31.719+0800] {processor.py:914} INFO - Processing file /Users/dionneleow/IS3107/IS3107-group11/backend/venv/lib/python3.12/site-packages/airflow/example_dags/example_trigger_controller_dag.py for tasks to queue
[2025-03-24T22:07:31.720+0800] {logging_mixin.py:190} INFO - [2025-03-24T22:07:31.720+0800] {dagbag.py:588} INFO - Filling up the DagBag from /Users/dionneleow/IS3107/IS3107-group11/backend/venv/lib/python3.12/site-packages/airflow/example_dags/example_trigger_controller_dag.py
[2025-03-24T22:07:31.724+0800] {processor.py:925} INFO - DAG(s) 'example_trigger_controller_dag' retrieved from /Users/dionneleow/IS3107/IS3107-group11/backend/venv/lib/python3.12/site-packages/airflow/example_dags/example_trigger_controller_dag.py
[2025-03-24T22:07:31.755+0800] {logging_mixin.py:190} INFO - [2025-03-24T22:07:31.755+0800] {dag.py:3239} INFO - Sync 1 DAGs
[2025-03-24T22:07:31.761+0800] {logging_mixin.py:190} INFO - [2025-03-24T22:07:31.761+0800] {dag.py:4180} INFO - Setting next_dagrun for example_trigger_controller_dag to 2021-01-01 00:00:00+00:00, run_after=2021-01-01 00:00:00+00:00
[2025-03-24T22:07:31.795+0800] {processor.py:208} INFO - Processing /Users/dionneleow/IS3107/IS3107-group11/backend/venv/lib/python3.12/site-packages/airflow/example_dags/example_trigger_controller_dag.py took 0.078 seconds
[2025-03-24T22:08:44.184+0800] {processor.py:186} INFO - Started process (PID=70255) to work on /Users/dionneleow/IS3107/IS3107-group11/backend/venv/lib/python3.12/site-packages/airflow/example_dags/example_trigger_controller_dag.py
[2025-03-24T22:08:44.186+0800] {processor.py:914} INFO - Processing file /Users/dionneleow/IS3107/IS3107-group11/backend/venv/lib/python3.12/site-packages/airflow/example_dags/example_trigger_controller_dag.py for tasks to queue
[2025-03-24T22:08:44.186+0800] {logging_mixin.py:190} INFO - [2025-03-24T22:08:44.186+0800] {dagbag.py:588} INFO - Filling up the DagBag from /Users/dionneleow/IS3107/IS3107-group11/backend/venv/lib/python3.12/site-packages/airflow/example_dags/example_trigger_controller_dag.py
[2025-03-24T22:08:44.190+0800] {processor.py:925} INFO - DAG(s) 'example_trigger_controller_dag' retrieved from /Users/dionneleow/IS3107/IS3107-group11/backend/venv/lib/python3.12/site-packages/airflow/example_dags/example_trigger_controller_dag.py
[2025-03-24T22:08:44.220+0800] {logging_mixin.py:190} INFO - [2025-03-24T22:08:44.220+0800] {dag.py:3239} INFO - Sync 1 DAGs
[2025-03-24T22:08:44.225+0800] {logging_mixin.py:190} INFO - [2025-03-24T22:08:44.225+0800] {dag.py:4180} INFO - Setting next_dagrun for example_trigger_controller_dag to 2021-01-01 00:00:00+00:00, run_after=2021-01-01 00:00:00+00:00
[2025-03-24T22:08:44.257+0800] {processor.py:208} INFO - Processing /Users/dionneleow/IS3107/IS3107-group11/backend/venv/lib/python3.12/site-packages/airflow/example_dags/example_trigger_controller_dag.py took 0.074 seconds
[2025-03-24T22:09:55.217+0800] {processor.py:186} INFO - Started process (PID=70643) to work on /Users/dionneleow/IS3107/IS3107-group11/backend/venv/lib/python3.12/site-packages/airflow/example_dags/example_trigger_controller_dag.py
[2025-03-24T22:09:55.217+0800] {processor.py:914} INFO - Processing file /Users/dionneleow/IS3107/IS3107-group11/backend/venv/lib/python3.12/site-packages/airflow/example_dags/example_trigger_controller_dag.py for tasks to queue
[2025-03-24T22:09:55.218+0800] {logging_mixin.py:190} INFO - [2025-03-24T22:09:55.218+0800] {dagbag.py:588} INFO - Filling up the DagBag from /Users/dionneleow/IS3107/IS3107-group11/backend/venv/lib/python3.12/site-packages/airflow/example_dags/example_trigger_controller_dag.py
[2025-03-24T22:09:55.222+0800] {processor.py:925} INFO - DAG(s) 'example_trigger_controller_dag' retrieved from /Users/dionneleow/IS3107/IS3107-group11/backend/venv/lib/python3.12/site-packages/airflow/example_dags/example_trigger_controller_dag.py
[2025-03-24T22:09:55.251+0800] {logging_mixin.py:190} INFO - [2025-03-24T22:09:55.251+0800] {dag.py:3239} INFO - Sync 1 DAGs
[2025-03-24T22:09:55.257+0800] {logging_mixin.py:190} INFO - [2025-03-24T22:09:55.257+0800] {dag.py:4180} INFO - Setting next_dagrun for example_trigger_controller_dag to 2021-01-01 00:00:00+00:00, run_after=2021-01-01 00:00:00+00:00
[2025-03-24T22:09:55.287+0800] {processor.py:208} INFO - Processing /Users/dionneleow/IS3107/IS3107-group11/backend/venv/lib/python3.12/site-packages/airflow/example_dags/example_trigger_controller_dag.py took 0.072 seconds
[2025-03-24T22:11:05.493+0800] {processor.py:186} INFO - Started process (PID=71070) to work on /Users/dionneleow/IS3107/IS3107-group11/backend/venv/lib/python3.12/site-packages/airflow/example_dags/example_trigger_controller_dag.py
[2025-03-24T22:11:05.493+0800] {processor.py:914} INFO - Processing file /Users/dionneleow/IS3107/IS3107-group11/backend/venv/lib/python3.12/site-packages/airflow/example_dags/example_trigger_controller_dag.py for tasks to queue
[2025-03-24T22:11:05.494+0800] {logging_mixin.py:190} INFO - [2025-03-24T22:11:05.494+0800] {dagbag.py:588} INFO - Filling up the DagBag from /Users/dionneleow/IS3107/IS3107-group11/backend/venv/lib/python3.12/site-packages/airflow/example_dags/example_trigger_controller_dag.py
[2025-03-24T22:11:05.497+0800] {processor.py:925} INFO - DAG(s) 'example_trigger_controller_dag' retrieved from /Users/dionneleow/IS3107/IS3107-group11/backend/venv/lib/python3.12/site-packages/airflow/example_dags/example_trigger_controller_dag.py
[2025-03-24T22:11:05.528+0800] {logging_mixin.py:190} INFO - [2025-03-24T22:11:05.528+0800] {dag.py:3239} INFO - Sync 1 DAGs
[2025-03-24T22:11:05.533+0800] {logging_mixin.py:190} INFO - [2025-03-24T22:11:05.533+0800] {dag.py:4180} INFO - Setting next_dagrun for example_trigger_controller_dag to 2021-01-01 00:00:00+00:00, run_after=2021-01-01 00:00:00+00:00
[2025-03-24T22:11:05.564+0800] {processor.py:208} INFO - Processing /Users/dionneleow/IS3107/IS3107-group11/backend/venv/lib/python3.12/site-packages/airflow/example_dags/example_trigger_controller_dag.py took 0.072 seconds
[2025-03-24T22:12:13.863+0800] {processor.py:186} INFO - Started process (PID=71402) to work on /Users/dionneleow/IS3107/IS3107-group11/backend/venv/lib/python3.12/site-packages/airflow/example_dags/example_trigger_controller_dag.py
[2025-03-24T22:12:13.864+0800] {processor.py:914} INFO - Processing file /Users/dionneleow/IS3107/IS3107-group11/backend/venv/lib/python3.12/site-packages/airflow/example_dags/example_trigger_controller_dag.py for tasks to queue
[2025-03-24T22:12:13.864+0800] {logging_mixin.py:190} INFO - [2025-03-24T22:12:13.864+0800] {dagbag.py:588} INFO - Filling up the DagBag from /Users/dionneleow/IS3107/IS3107-group11/backend/venv/lib/python3.12/site-packages/airflow/example_dags/example_trigger_controller_dag.py
[2025-03-24T22:12:13.868+0800] {processor.py:925} INFO - DAG(s) 'example_trigger_controller_dag' retrieved from /Users/dionneleow/IS3107/IS3107-group11/backend/venv/lib/python3.12/site-packages/airflow/example_dags/example_trigger_controller_dag.py
[2025-03-24T22:12:13.897+0800] {logging_mixin.py:190} INFO - [2025-03-24T22:12:13.897+0800] {dag.py:3239} INFO - Sync 1 DAGs
[2025-03-24T22:12:13.902+0800] {logging_mixin.py:190} INFO - [2025-03-24T22:12:13.902+0800] {dag.py:4180} INFO - Setting next_dagrun for example_trigger_controller_dag to 2021-01-01 00:00:00+00:00, run_after=2021-01-01 00:00:00+00:00
[2025-03-24T22:12:13.932+0800] {processor.py:208} INFO - Processing /Users/dionneleow/IS3107/IS3107-group11/backend/venv/lib/python3.12/site-packages/airflow/example_dags/example_trigger_controller_dag.py took 0.070 seconds
[2025-03-24T22:13:20.831+0800] {processor.py:186} INFO - Started process (PID=71778) to work on /Users/dionneleow/IS3107/IS3107-group11/backend/venv/lib/python3.12/site-packages/airflow/example_dags/example_trigger_controller_dag.py
[2025-03-24T22:13:20.832+0800] {processor.py:914} INFO - Processing file /Users/dionneleow/IS3107/IS3107-group11/backend/venv/lib/python3.12/site-packages/airflow/example_dags/example_trigger_controller_dag.py for tasks to queue
[2025-03-24T22:13:20.833+0800] {logging_mixin.py:190} INFO - [2025-03-24T22:13:20.832+0800] {dagbag.py:588} INFO - Filling up the DagBag from /Users/dionneleow/IS3107/IS3107-group11/backend/venv/lib/python3.12/site-packages/airflow/example_dags/example_trigger_controller_dag.py
[2025-03-24T22:13:20.836+0800] {processor.py:925} INFO - DAG(s) 'example_trigger_controller_dag' retrieved from /Users/dionneleow/IS3107/IS3107-group11/backend/venv/lib/python3.12/site-packages/airflow/example_dags/example_trigger_controller_dag.py
[2025-03-24T22:13:20.866+0800] {logging_mixin.py:190} INFO - [2025-03-24T22:13:20.866+0800] {dag.py:3239} INFO - Sync 1 DAGs
[2025-03-24T22:13:20.872+0800] {logging_mixin.py:190} INFO - [2025-03-24T22:13:20.871+0800] {dag.py:4180} INFO - Setting next_dagrun for example_trigger_controller_dag to 2021-01-01 00:00:00+00:00, run_after=2021-01-01 00:00:00+00:00
[2025-03-24T22:13:20.902+0800] {processor.py:208} INFO - Processing /Users/dionneleow/IS3107/IS3107-group11/backend/venv/lib/python3.12/site-packages/airflow/example_dags/example_trigger_controller_dag.py took 0.072 seconds
[2025-03-24T22:14:32.327+0800] {processor.py:186} INFO - Started process (PID=72214) to work on /Users/dionneleow/IS3107/IS3107-group11/backend/venv/lib/python3.12/site-packages/airflow/example_dags/example_trigger_controller_dag.py
[2025-03-24T22:14:32.328+0800] {processor.py:914} INFO - Processing file /Users/dionneleow/IS3107/IS3107-group11/backend/venv/lib/python3.12/site-packages/airflow/example_dags/example_trigger_controller_dag.py for tasks to queue
[2025-03-24T22:14:32.328+0800] {logging_mixin.py:190} INFO - [2025-03-24T22:14:32.328+0800] {dagbag.py:588} INFO - Filling up the DagBag from /Users/dionneleow/IS3107/IS3107-group11/backend/venv/lib/python3.12/site-packages/airflow/example_dags/example_trigger_controller_dag.py
[2025-03-24T22:14:32.332+0800] {processor.py:925} INFO - DAG(s) 'example_trigger_controller_dag' retrieved from /Users/dionneleow/IS3107/IS3107-group11/backend/venv/lib/python3.12/site-packages/airflow/example_dags/example_trigger_controller_dag.py
[2025-03-24T22:14:32.361+0800] {logging_mixin.py:190} INFO - [2025-03-24T22:14:32.361+0800] {dag.py:3239} INFO - Sync 1 DAGs
[2025-03-24T22:14:32.366+0800] {logging_mixin.py:190} INFO - [2025-03-24T22:14:32.366+0800] {dag.py:4180} INFO - Setting next_dagrun for example_trigger_controller_dag to 2021-01-01 00:00:00+00:00, run_after=2021-01-01 00:00:00+00:00
[2025-03-24T22:14:32.395+0800] {processor.py:208} INFO - Processing /Users/dionneleow/IS3107/IS3107-group11/backend/venv/lib/python3.12/site-packages/airflow/example_dags/example_trigger_controller_dag.py took 0.070 seconds
[2025-03-24T22:15:43.584+0800] {processor.py:186} INFO - Started process (PID=72641) to work on /Users/dionneleow/IS3107/IS3107-group11/backend/venv/lib/python3.12/site-packages/airflow/example_dags/example_trigger_controller_dag.py
[2025-03-24T22:15:43.589+0800] {processor.py:914} INFO - Processing file /Users/dionneleow/IS3107/IS3107-group11/backend/venv/lib/python3.12/site-packages/airflow/example_dags/example_trigger_controller_dag.py for tasks to queue
[2025-03-24T22:15:43.589+0800] {logging_mixin.py:190} INFO - [2025-03-24T22:15:43.589+0800] {dagbag.py:588} INFO - Filling up the DagBag from /Users/dionneleow/IS3107/IS3107-group11/backend/venv/lib/python3.12/site-packages/airflow/example_dags/example_trigger_controller_dag.py
[2025-03-24T22:15:43.594+0800] {processor.py:925} INFO - DAG(s) 'example_trigger_controller_dag' retrieved from /Users/dionneleow/IS3107/IS3107-group11/backend/venv/lib/python3.12/site-packages/airflow/example_dags/example_trigger_controller_dag.py
[2025-03-24T22:15:43.623+0800] {logging_mixin.py:190} INFO - [2025-03-24T22:15:43.623+0800] {dag.py:3239} INFO - Sync 1 DAGs
[2025-03-24T22:15:43.629+0800] {logging_mixin.py:190} INFO - [2025-03-24T22:15:43.629+0800] {dag.py:4180} INFO - Setting next_dagrun for example_trigger_controller_dag to 2021-01-01 00:00:00+00:00, run_after=2021-01-01 00:00:00+00:00
[2025-03-24T22:15:43.658+0800] {processor.py:208} INFO - Processing /Users/dionneleow/IS3107/IS3107-group11/backend/venv/lib/python3.12/site-packages/airflow/example_dags/example_trigger_controller_dag.py took 0.075 seconds
[2025-03-24T22:16:53.966+0800] {processor.py:186} INFO - Started process (PID=73078) to work on /Users/dionneleow/IS3107/IS3107-group11/backend/venv/lib/python3.12/site-packages/airflow/example_dags/example_trigger_controller_dag.py
[2025-03-24T22:16:53.967+0800] {processor.py:914} INFO - Processing file /Users/dionneleow/IS3107/IS3107-group11/backend/venv/lib/python3.12/site-packages/airflow/example_dags/example_trigger_controller_dag.py for tasks to queue
[2025-03-24T22:16:53.967+0800] {logging_mixin.py:190} INFO - [2025-03-24T22:16:53.967+0800] {dagbag.py:588} INFO - Filling up the DagBag from /Users/dionneleow/IS3107/IS3107-group11/backend/venv/lib/python3.12/site-packages/airflow/example_dags/example_trigger_controller_dag.py
[2025-03-24T22:16:53.971+0800] {processor.py:925} INFO - DAG(s) 'example_trigger_controller_dag' retrieved from /Users/dionneleow/IS3107/IS3107-group11/backend/venv/lib/python3.12/site-packages/airflow/example_dags/example_trigger_controller_dag.py
[2025-03-24T22:16:54.002+0800] {logging_mixin.py:190} INFO - [2025-03-24T22:16:54.002+0800] {dag.py:3239} INFO - Sync 1 DAGs
[2025-03-24T22:16:54.008+0800] {logging_mixin.py:190} INFO - [2025-03-24T22:16:54.008+0800] {dag.py:4180} INFO - Setting next_dagrun for example_trigger_controller_dag to 2021-01-01 00:00:00+00:00, run_after=2021-01-01 00:00:00+00:00
[2025-03-24T22:16:54.039+0800] {processor.py:208} INFO - Processing /Users/dionneleow/IS3107/IS3107-group11/backend/venv/lib/python3.12/site-packages/airflow/example_dags/example_trigger_controller_dag.py took 0.074 seconds
[2025-03-24T22:18:06.844+0800] {processor.py:186} INFO - Started process (PID=73461) to work on /Users/dionneleow/IS3107/IS3107-group11/backend/venv/lib/python3.12/site-packages/airflow/example_dags/example_trigger_controller_dag.py
[2025-03-24T22:18:06.857+0800] {processor.py:914} INFO - Processing file /Users/dionneleow/IS3107/IS3107-group11/backend/venv/lib/python3.12/site-packages/airflow/example_dags/example_trigger_controller_dag.py for tasks to queue
[2025-03-24T22:18:06.857+0800] {logging_mixin.py:190} INFO - [2025-03-24T22:18:06.857+0800] {dagbag.py:588} INFO - Filling up the DagBag from /Users/dionneleow/IS3107/IS3107-group11/backend/venv/lib/python3.12/site-packages/airflow/example_dags/example_trigger_controller_dag.py
[2025-03-24T22:18:06.862+0800] {processor.py:925} INFO - DAG(s) 'example_trigger_controller_dag' retrieved from /Users/dionneleow/IS3107/IS3107-group11/backend/venv/lib/python3.12/site-packages/airflow/example_dags/example_trigger_controller_dag.py
[2025-03-24T22:18:06.892+0800] {logging_mixin.py:190} INFO - [2025-03-24T22:18:06.892+0800] {dag.py:3239} INFO - Sync 1 DAGs
[2025-03-24T22:18:06.901+0800] {logging_mixin.py:190} INFO - [2025-03-24T22:18:06.901+0800] {dag.py:4180} INFO - Setting next_dagrun for example_trigger_controller_dag to 2021-01-01 00:00:00+00:00, run_after=2021-01-01 00:00:00+00:00
[2025-03-24T22:18:06.937+0800] {processor.py:208} INFO - Processing /Users/dionneleow/IS3107/IS3107-group11/backend/venv/lib/python3.12/site-packages/airflow/example_dags/example_trigger_controller_dag.py took 0.094 seconds
[2025-03-24T22:19:19.414+0800] {processor.py:186} INFO - Started process (PID=73870) to work on /Users/dionneleow/IS3107/IS3107-group11/backend/venv/lib/python3.12/site-packages/airflow/example_dags/example_trigger_controller_dag.py
[2025-03-24T22:19:19.415+0800] {processor.py:914} INFO - Processing file /Users/dionneleow/IS3107/IS3107-group11/backend/venv/lib/python3.12/site-packages/airflow/example_dags/example_trigger_controller_dag.py for tasks to queue
[2025-03-24T22:19:19.415+0800] {logging_mixin.py:190} INFO - [2025-03-24T22:19:19.415+0800] {dagbag.py:588} INFO - Filling up the DagBag from /Users/dionneleow/IS3107/IS3107-group11/backend/venv/lib/python3.12/site-packages/airflow/example_dags/example_trigger_controller_dag.py
[2025-03-24T22:19:19.419+0800] {processor.py:925} INFO - DAG(s) 'example_trigger_controller_dag' retrieved from /Users/dionneleow/IS3107/IS3107-group11/backend/venv/lib/python3.12/site-packages/airflow/example_dags/example_trigger_controller_dag.py
[2025-03-24T22:19:19.450+0800] {logging_mixin.py:190} INFO - [2025-03-24T22:19:19.450+0800] {dag.py:3239} INFO - Sync 1 DAGs
[2025-03-24T22:19:19.456+0800] {logging_mixin.py:190} INFO - [2025-03-24T22:19:19.456+0800] {dag.py:4180} INFO - Setting next_dagrun for example_trigger_controller_dag to 2021-01-01 00:00:00+00:00, run_after=2021-01-01 00:00:00+00:00
[2025-03-24T22:19:19.488+0800] {processor.py:208} INFO - Processing /Users/dionneleow/IS3107/IS3107-group11/backend/venv/lib/python3.12/site-packages/airflow/example_dags/example_trigger_controller_dag.py took 0.075 seconds
[2025-03-24T22:20:31.419+0800] {processor.py:186} INFO - Started process (PID=74267) to work on /Users/dionneleow/IS3107/IS3107-group11/backend/venv/lib/python3.12/site-packages/airflow/example_dags/example_trigger_controller_dag.py
[2025-03-24T22:20:31.420+0800] {processor.py:914} INFO - Processing file /Users/dionneleow/IS3107/IS3107-group11/backend/venv/lib/python3.12/site-packages/airflow/example_dags/example_trigger_controller_dag.py for tasks to queue
[2025-03-24T22:20:31.420+0800] {logging_mixin.py:190} INFO - [2025-03-24T22:20:31.420+0800] {dagbag.py:588} INFO - Filling up the DagBag from /Users/dionneleow/IS3107/IS3107-group11/backend/venv/lib/python3.12/site-packages/airflow/example_dags/example_trigger_controller_dag.py
[2025-03-24T22:20:31.424+0800] {processor.py:925} INFO - DAG(s) 'example_trigger_controller_dag' retrieved from /Users/dionneleow/IS3107/IS3107-group11/backend/venv/lib/python3.12/site-packages/airflow/example_dags/example_trigger_controller_dag.py
[2025-03-24T22:20:31.461+0800] {logging_mixin.py:190} INFO - [2025-03-24T22:20:31.461+0800] {dag.py:3239} INFO - Sync 1 DAGs
[2025-03-24T22:20:31.466+0800] {logging_mixin.py:190} INFO - [2025-03-24T22:20:31.466+0800] {dag.py:4180} INFO - Setting next_dagrun for example_trigger_controller_dag to 2021-01-01 00:00:00+00:00, run_after=2021-01-01 00:00:00+00:00
[2025-03-24T22:20:31.496+0800] {processor.py:208} INFO - Processing /Users/dionneleow/IS3107/IS3107-group11/backend/venv/lib/python3.12/site-packages/airflow/example_dags/example_trigger_controller_dag.py took 0.078 seconds
