[2025-03-24T21:49:32.012+0800] {processor.py:186} INFO - Started process (PID=63365) to work on /Users/dionneleow/IS3107/IS3107-group11/backend/venv/lib/python3.12/site-packages/airflow/example_dags/example_dynamic_task_mapping_with_no_taskflow_operators.py
[2025-03-24T21:49:32.013+0800] {processor.py:914} INFO - Processing file /Users/dionneleow/IS3107/IS3107-group11/backend/venv/lib/python3.12/site-packages/airflow/example_dags/example_dynamic_task_mapping_with_no_taskflow_operators.py for tasks to queue
[2025-03-24T21:49:32.013+0800] {logging_mixin.py:190} INFO - [2025-03-24T21:49:32.013+0800] {dagbag.py:588} INFO - Filling up the DagBag from /Users/dionneleow/IS3107/IS3107-group11/backend/venv/lib/python3.12/site-packages/airflow/example_dags/example_dynamic_task_mapping_with_no_taskflow_operators.py
[2025-03-24T21:49:32.016+0800] {processor.py:925} INFO - DAG(s) 'example_dynamic_task_mapping_with_no_taskflow_operators' retrieved from /Users/dionneleow/IS3107/IS3107-group11/backend/venv/lib/python3.12/site-packages/airflow/example_dags/example_dynamic_task_mapping_with_no_taskflow_operators.py
[2025-03-24T21:49:32.103+0800] {logging_mixin.py:190} INFO - [2025-03-24T21:49:32.103+0800] {override.py:1912} INFO - Created Permission View: can delete on DAG:example_dynamic_task_mapping_with_no_taskflow_operators
[2025-03-24T21:49:32.106+0800] {logging_mixin.py:190} INFO - [2025-03-24T21:49:32.106+0800] {override.py:1912} INFO - Created Permission View: can edit on DAG:example_dynamic_task_mapping_with_no_taskflow_operators
[2025-03-24T21:49:32.108+0800] {logging_mixin.py:190} INFO - [2025-03-24T21:49:32.108+0800] {override.py:1912} INFO - Created Permission View: can read on DAG:example_dynamic_task_mapping_with_no_taskflow_operators
[2025-03-24T21:49:32.111+0800] {logging_mixin.py:190} INFO - [2025-03-24T21:49:32.111+0800] {override.py:1912} INFO - Created Permission View: can delete on DAG Run:example_dynamic_task_mapping_with_no_taskflow_operators
[2025-03-24T21:49:32.113+0800] {logging_mixin.py:190} INFO - [2025-03-24T21:49:32.113+0800] {override.py:1912} INFO - Created Permission View: menu access on DAG Run:example_dynamic_task_mapping_with_no_taskflow_operators
[2025-03-24T21:49:32.114+0800] {logging_mixin.py:190} INFO - [2025-03-24T21:49:32.114+0800] {override.py:1912} INFO - Created Permission View: can read on DAG Run:example_dynamic_task_mapping_with_no_taskflow_operators
[2025-03-24T21:49:32.116+0800] {logging_mixin.py:190} INFO - [2025-03-24T21:49:32.116+0800] {override.py:1912} INFO - Created Permission View: can create on DAG Run:example_dynamic_task_mapping_with_no_taskflow_operators
[2025-03-24T21:49:32.116+0800] {logging_mixin.py:190} INFO - [2025-03-24T21:49:32.116+0800] {dag.py:3239} INFO - Sync 1 DAGs
[2025-03-24T21:49:32.120+0800] {logging_mixin.py:190} INFO - [2025-03-24T21:49:32.120+0800] {dag.py:3262} INFO - Creating ORM DAG for example_dynamic_task_mapping_with_no_taskflow_operators
[2025-03-24T21:49:32.121+0800] {logging_mixin.py:190} INFO - [2025-03-24T21:49:32.121+0800] {dag.py:4180} INFO - Setting next_dagrun for example_dynamic_task_mapping_with_no_taskflow_operators to None, run_after=None
[2025-03-24T21:49:32.130+0800] {processor.py:208} INFO - Processing /Users/dionneleow/IS3107/IS3107-group11/backend/venv/lib/python3.12/site-packages/airflow/example_dags/example_dynamic_task_mapping_with_no_taskflow_operators.py took 0.119 seconds
[2025-03-24T21:51:19.718+0800] {processor.py:186} INFO - Started process (PID=64123) to work on /Users/dionneleow/IS3107/IS3107-group11/backend/venv/lib/python3.12/site-packages/airflow/example_dags/example_dynamic_task_mapping_with_no_taskflow_operators.py
[2025-03-24T21:51:19.719+0800] {processor.py:914} INFO - Processing file /Users/dionneleow/IS3107/IS3107-group11/backend/venv/lib/python3.12/site-packages/airflow/example_dags/example_dynamic_task_mapping_with_no_taskflow_operators.py for tasks to queue
[2025-03-24T21:51:19.719+0800] {logging_mixin.py:190} INFO - [2025-03-24T21:51:19.719+0800] {dagbag.py:588} INFO - Filling up the DagBag from /Users/dionneleow/IS3107/IS3107-group11/backend/venv/lib/python3.12/site-packages/airflow/example_dags/example_dynamic_task_mapping_with_no_taskflow_operators.py
[2025-03-24T21:51:19.722+0800] {processor.py:925} INFO - DAG(s) 'example_dynamic_task_mapping_with_no_taskflow_operators' retrieved from /Users/dionneleow/IS3107/IS3107-group11/backend/venv/lib/python3.12/site-packages/airflow/example_dags/example_dynamic_task_mapping_with_no_taskflow_operators.py
[2025-03-24T21:51:19.754+0800] {logging_mixin.py:190} INFO - [2025-03-24T21:51:19.754+0800] {dag.py:3239} INFO - Sync 1 DAGs
[2025-03-24T21:51:19.758+0800] {logging_mixin.py:190} INFO - [2025-03-24T21:51:19.758+0800] {dag.py:4180} INFO - Setting next_dagrun for example_dynamic_task_mapping_with_no_taskflow_operators to None, run_after=None
[2025-03-24T21:51:19.764+0800] {processor.py:208} INFO - Processing /Users/dionneleow/IS3107/IS3107-group11/backend/venv/lib/python3.12/site-packages/airflow/example_dags/example_dynamic_task_mapping_with_no_taskflow_operators.py took 0.048 seconds
[2025-03-24T21:53:36.038+0800] {processor.py:186} INFO - Started process (PID=64937) to work on /Users/dionneleow/IS3107/IS3107-group11/backend/venv/lib/python3.12/site-packages/airflow/example_dags/example_dynamic_task_mapping_with_no_taskflow_operators.py
[2025-03-24T21:53:36.039+0800] {processor.py:914} INFO - Processing file /Users/dionneleow/IS3107/IS3107-group11/backend/venv/lib/python3.12/site-packages/airflow/example_dags/example_dynamic_task_mapping_with_no_taskflow_operators.py for tasks to queue
[2025-03-24T21:53:36.039+0800] {logging_mixin.py:190} INFO - [2025-03-24T21:53:36.039+0800] {dagbag.py:588} INFO - Filling up the DagBag from /Users/dionneleow/IS3107/IS3107-group11/backend/venv/lib/python3.12/site-packages/airflow/example_dags/example_dynamic_task_mapping_with_no_taskflow_operators.py
[2025-03-24T21:53:36.042+0800] {processor.py:925} INFO - DAG(s) 'example_dynamic_task_mapping_with_no_taskflow_operators' retrieved from /Users/dionneleow/IS3107/IS3107-group11/backend/venv/lib/python3.12/site-packages/airflow/example_dags/example_dynamic_task_mapping_with_no_taskflow_operators.py
[2025-03-24T21:53:36.078+0800] {logging_mixin.py:190} INFO - [2025-03-24T21:53:36.078+0800] {dag.py:3239} INFO - Sync 1 DAGs
[2025-03-24T21:53:36.081+0800] {logging_mixin.py:190} INFO - [2025-03-24T21:53:36.081+0800] {dag.py:4180} INFO - Setting next_dagrun for example_dynamic_task_mapping_with_no_taskflow_operators to None, run_after=None
[2025-03-24T21:53:36.088+0800] {processor.py:208} INFO - Processing /Users/dionneleow/IS3107/IS3107-group11/backend/venv/lib/python3.12/site-packages/airflow/example_dags/example_dynamic_task_mapping_with_no_taskflow_operators.py took 0.052 seconds
[2025-03-24T21:55:53.527+0800] {processor.py:186} INFO - Started process (PID=65810) to work on /Users/dionneleow/IS3107/IS3107-group11/backend/venv/lib/python3.12/site-packages/airflow/example_dags/example_dynamic_task_mapping_with_no_taskflow_operators.py
[2025-03-24T21:55:53.528+0800] {processor.py:914} INFO - Processing file /Users/dionneleow/IS3107/IS3107-group11/backend/venv/lib/python3.12/site-packages/airflow/example_dags/example_dynamic_task_mapping_with_no_taskflow_operators.py for tasks to queue
[2025-03-24T21:55:53.528+0800] {logging_mixin.py:190} INFO - [2025-03-24T21:55:53.528+0800] {dagbag.py:588} INFO - Filling up the DagBag from /Users/dionneleow/IS3107/IS3107-group11/backend/venv/lib/python3.12/site-packages/airflow/example_dags/example_dynamic_task_mapping_with_no_taskflow_operators.py
[2025-03-24T21:55:53.531+0800] {processor.py:925} INFO - DAG(s) 'example_dynamic_task_mapping_with_no_taskflow_operators' retrieved from /Users/dionneleow/IS3107/IS3107-group11/backend/venv/lib/python3.12/site-packages/airflow/example_dags/example_dynamic_task_mapping_with_no_taskflow_operators.py
[2025-03-24T21:55:53.565+0800] {logging_mixin.py:190} INFO - [2025-03-24T21:55:53.565+0800] {dag.py:3239} INFO - Sync 1 DAGs
[2025-03-24T21:55:53.569+0800] {logging_mixin.py:190} INFO - [2025-03-24T21:55:53.569+0800] {dag.py:4180} INFO - Setting next_dagrun for example_dynamic_task_mapping_with_no_taskflow_operators to None, run_after=None
[2025-03-24T21:55:53.576+0800] {processor.py:208} INFO - Processing /Users/dionneleow/IS3107/IS3107-group11/backend/venv/lib/python3.12/site-packages/airflow/example_dags/example_dynamic_task_mapping_with_no_taskflow_operators.py took 0.050 seconds
