[2025-03-24T21:49:34.342+0800] {processor.py:186} INFO - Started process (PID=63367) to work on /Users/dionneleow/IS3107/IS3107-group11/backend/venv/lib/python3.12/site-packages/airflow/example_dags/example_dynamic_task_mapping.py
[2025-03-24T21:49:34.343+0800] {processor.py:914} INFO - Processing file /Users/dionneleow/IS3107/IS3107-group11/backend/venv/lib/python3.12/site-packages/airflow/example_dags/example_dynamic_task_mapping.py for tasks to queue
[2025-03-24T21:49:34.343+0800] {logging_mixin.py:190} INFO - [2025-03-24T21:49:34.343+0800] {dagbag.py:588} INFO - Filling up the DagBag from /Users/dionneleow/IS3107/IS3107-group11/backend/venv/lib/python3.12/site-packages/airflow/example_dags/example_dynamic_task_mapping.py
[2025-03-24T21:49:34.361+0800] {processor.py:925} INFO - DAG(s) 'example_dynamic_task_mapping' retrieved from /Users/dionneleow/IS3107/IS3107-group11/backend/venv/lib/python3.12/site-packages/airflow/example_dags/example_dynamic_task_mapping.py
[2025-03-24T21:49:34.462+0800] {logging_mixin.py:190} INFO - [2025-03-24T21:49:34.462+0800] {override.py:1912} INFO - Created Permission View: can edit on DAG:example_dynamic_task_mapping
[2025-03-24T21:49:34.465+0800] {logging_mixin.py:190} INFO - [2025-03-24T21:49:34.465+0800] {override.py:1912} INFO - Created Permission View: can delete on DAG:example_dynamic_task_mapping
[2025-03-24T21:49:34.467+0800] {logging_mixin.py:190} INFO - [2025-03-24T21:49:34.467+0800] {override.py:1912} INFO - Created Permission View: can read on DAG:example_dynamic_task_mapping
[2025-03-24T21:49:34.470+0800] {logging_mixin.py:190} INFO - [2025-03-24T21:49:34.470+0800] {override.py:1912} INFO - Created Permission View: can create on DAG Run:example_dynamic_task_mapping
[2025-03-24T21:49:34.471+0800] {logging_mixin.py:190} INFO - [2025-03-24T21:49:34.471+0800] {override.py:1912} INFO - Created Permission View: menu access on DAG Run:example_dynamic_task_mapping
[2025-03-24T21:49:34.473+0800] {logging_mixin.py:190} INFO - [2025-03-24T21:49:34.473+0800] {override.py:1912} INFO - Created Permission View: can delete on DAG Run:example_dynamic_task_mapping
[2025-03-24T21:49:34.475+0800] {logging_mixin.py:190} INFO - [2025-03-24T21:49:34.475+0800] {override.py:1912} INFO - Created Permission View: can read on DAG Run:example_dynamic_task_mapping
[2025-03-24T21:49:34.475+0800] {logging_mixin.py:190} INFO - [2025-03-24T21:49:34.475+0800] {dag.py:3239} INFO - Sync 1 DAGs
[2025-03-24T21:49:34.479+0800] {logging_mixin.py:190} INFO - [2025-03-24T21:49:34.479+0800] {dag.py:3262} INFO - Creating ORM DAG for example_dynamic_task_mapping
[2025-03-24T21:49:34.479+0800] {logging_mixin.py:190} INFO - [2025-03-24T21:49:34.479+0800] {dag.py:4180} INFO - Setting next_dagrun for example_dynamic_task_mapping to None, run_after=None
[2025-03-24T21:49:34.484+0800] {processor.py:208} INFO - Processing /Users/dionneleow/IS3107/IS3107-group11/backend/venv/lib/python3.12/site-packages/airflow/example_dags/example_dynamic_task_mapping.py took 0.144 seconds
[2025-03-24T21:52:05.937+0800] {processor.py:186} INFO - Started process (PID=64387) to work on /Users/dionneleow/IS3107/IS3107-group11/backend/venv/lib/python3.12/site-packages/airflow/example_dags/example_dynamic_task_mapping.py
[2025-03-24T21:52:05.937+0800] {processor.py:914} INFO - Processing file /Users/dionneleow/IS3107/IS3107-group11/backend/venv/lib/python3.12/site-packages/airflow/example_dags/example_dynamic_task_mapping.py for tasks to queue
[2025-03-24T21:52:05.938+0800] {logging_mixin.py:190} INFO - [2025-03-24T21:52:05.938+0800] {dagbag.py:588} INFO - Filling up the DagBag from /Users/dionneleow/IS3107/IS3107-group11/backend/venv/lib/python3.12/site-packages/airflow/example_dags/example_dynamic_task_mapping.py
[2025-03-24T21:52:05.956+0800] {processor.py:925} INFO - DAG(s) 'example_dynamic_task_mapping' retrieved from /Users/dionneleow/IS3107/IS3107-group11/backend/venv/lib/python3.12/site-packages/airflow/example_dags/example_dynamic_task_mapping.py
[2025-03-24T21:52:06.019+0800] {logging_mixin.py:190} INFO - [2025-03-24T21:52:06.018+0800] {dag.py:3239} INFO - Sync 1 DAGs
[2025-03-24T21:52:06.024+0800] {logging_mixin.py:190} INFO - [2025-03-24T21:52:06.024+0800] {dag.py:4180} INFO - Setting next_dagrun for example_dynamic_task_mapping to None, run_after=None
[2025-03-24T21:52:06.032+0800] {processor.py:208} INFO - Processing /Users/dionneleow/IS3107/IS3107-group11/backend/venv/lib/python3.12/site-packages/airflow/example_dags/example_dynamic_task_mapping.py took 0.097 seconds
[2025-03-24T21:54:18.587+0800] {processor.py:186} INFO - Started process (PID=65201) to work on /Users/dionneleow/IS3107/IS3107-group11/backend/venv/lib/python3.12/site-packages/airflow/example_dags/example_dynamic_task_mapping.py
[2025-03-24T21:54:18.588+0800] {processor.py:914} INFO - Processing file /Users/dionneleow/IS3107/IS3107-group11/backend/venv/lib/python3.12/site-packages/airflow/example_dags/example_dynamic_task_mapping.py for tasks to queue
[2025-03-24T21:54:18.588+0800] {logging_mixin.py:190} INFO - [2025-03-24T21:54:18.588+0800] {dagbag.py:588} INFO - Filling up the DagBag from /Users/dionneleow/IS3107/IS3107-group11/backend/venv/lib/python3.12/site-packages/airflow/example_dags/example_dynamic_task_mapping.py
[2025-03-24T21:54:18.602+0800] {processor.py:925} INFO - DAG(s) 'example_dynamic_task_mapping' retrieved from /Users/dionneleow/IS3107/IS3107-group11/backend/venv/lib/python3.12/site-packages/airflow/example_dags/example_dynamic_task_mapping.py
[2025-03-24T21:54:18.667+0800] {logging_mixin.py:190} INFO - [2025-03-24T21:54:18.667+0800] {dag.py:3239} INFO - Sync 1 DAGs
[2025-03-24T21:54:18.671+0800] {logging_mixin.py:190} INFO - [2025-03-24T21:54:18.671+0800] {dag.py:4180} INFO - Setting next_dagrun for example_dynamic_task_mapping to None, run_after=None
[2025-03-24T21:54:18.678+0800] {processor.py:208} INFO - Processing /Users/dionneleow/IS3107/IS3107-group11/backend/venv/lib/python3.12/site-packages/airflow/example_dags/example_dynamic_task_mapping.py took 0.092 seconds
[2025-03-24T21:56:39.359+0800] {processor.py:186} INFO - Started process (PID=66087) to work on /Users/dionneleow/IS3107/IS3107-group11/backend/venv/lib/python3.12/site-packages/airflow/example_dags/example_dynamic_task_mapping.py
[2025-03-24T21:56:39.360+0800] {processor.py:914} INFO - Processing file /Users/dionneleow/IS3107/IS3107-group11/backend/venv/lib/python3.12/site-packages/airflow/example_dags/example_dynamic_task_mapping.py for tasks to queue
[2025-03-24T21:56:39.360+0800] {logging_mixin.py:190} INFO - [2025-03-24T21:56:39.360+0800] {dagbag.py:588} INFO - Filling up the DagBag from /Users/dionneleow/IS3107/IS3107-group11/backend/venv/lib/python3.12/site-packages/airflow/example_dags/example_dynamic_task_mapping.py
[2025-03-24T21:56:39.395+0800] {processor.py:925} INFO - DAG(s) 'example_dynamic_task_mapping' retrieved from /Users/dionneleow/IS3107/IS3107-group11/backend/venv/lib/python3.12/site-packages/airflow/example_dags/example_dynamic_task_mapping.py
[2025-03-24T21:56:39.467+0800] {logging_mixin.py:190} INFO - [2025-03-24T21:56:39.467+0800] {dag.py:3239} INFO - Sync 1 DAGs
[2025-03-24T21:56:39.471+0800] {logging_mixin.py:190} INFO - [2025-03-24T21:56:39.471+0800] {dag.py:4180} INFO - Setting next_dagrun for example_dynamic_task_mapping to None, run_after=None
[2025-03-24T21:56:39.478+0800] {processor.py:208} INFO - Processing /Users/dionneleow/IS3107/IS3107-group11/backend/venv/lib/python3.12/site-packages/airflow/example_dags/example_dynamic_task_mapping.py took 0.122 seconds
[2025-03-24T21:58:57.675+0800] {processor.py:186} INFO - Started process (PID=66949) to work on /Users/dionneleow/IS3107/IS3107-group11/backend/venv/lib/python3.12/site-packages/airflow/example_dags/example_dynamic_task_mapping.py
[2025-03-24T21:58:57.675+0800] {processor.py:914} INFO - Processing file /Users/dionneleow/IS3107/IS3107-group11/backend/venv/lib/python3.12/site-packages/airflow/example_dags/example_dynamic_task_mapping.py for tasks to queue
[2025-03-24T21:58:57.676+0800] {logging_mixin.py:190} INFO - [2025-03-24T21:58:57.676+0800] {dagbag.py:588} INFO - Filling up the DagBag from /Users/dionneleow/IS3107/IS3107-group11/backend/venv/lib/python3.12/site-packages/airflow/example_dags/example_dynamic_task_mapping.py
[2025-03-24T21:58:57.691+0800] {processor.py:925} INFO - DAG(s) 'example_dynamic_task_mapping' retrieved from /Users/dionneleow/IS3107/IS3107-group11/backend/venv/lib/python3.12/site-packages/airflow/example_dags/example_dynamic_task_mapping.py
[2025-03-24T21:58:57.744+0800] {logging_mixin.py:190} INFO - [2025-03-24T21:58:57.744+0800] {dag.py:3239} INFO - Sync 1 DAGs
[2025-03-24T21:58:57.748+0800] {logging_mixin.py:190} INFO - [2025-03-24T21:58:57.748+0800] {dag.py:4180} INFO - Setting next_dagrun for example_dynamic_task_mapping to None, run_after=None
[2025-03-24T21:58:57.757+0800] {processor.py:208} INFO - Processing /Users/dionneleow/IS3107/IS3107-group11/backend/venv/lib/python3.12/site-packages/airflow/example_dags/example_dynamic_task_mapping.py took 0.083 seconds
[2025-03-24T22:01:01.250+0800] {processor.py:186} INFO - Started process (PID=67656) to work on /Users/dionneleow/IS3107/IS3107-group11/backend/venv/lib/python3.12/site-packages/airflow/example_dags/example_dynamic_task_mapping.py
[2025-03-24T22:01:01.251+0800] {processor.py:914} INFO - Processing file /Users/dionneleow/IS3107/IS3107-group11/backend/venv/lib/python3.12/site-packages/airflow/example_dags/example_dynamic_task_mapping.py for tasks to queue
[2025-03-24T22:01:01.252+0800] {logging_mixin.py:190} INFO - [2025-03-24T22:01:01.252+0800] {dagbag.py:588} INFO - Filling up the DagBag from /Users/dionneleow/IS3107/IS3107-group11/backend/venv/lib/python3.12/site-packages/airflow/example_dags/example_dynamic_task_mapping.py
[2025-03-24T22:01:01.265+0800] {processor.py:925} INFO - DAG(s) 'example_dynamic_task_mapping' retrieved from /Users/dionneleow/IS3107/IS3107-group11/backend/venv/lib/python3.12/site-packages/airflow/example_dags/example_dynamic_task_mapping.py
[2025-03-24T22:01:01.321+0800] {logging_mixin.py:190} INFO - [2025-03-24T22:01:01.321+0800] {dag.py:3239} INFO - Sync 1 DAGs
[2025-03-24T22:01:01.325+0800] {logging_mixin.py:190} INFO - [2025-03-24T22:01:01.325+0800] {dag.py:4180} INFO - Setting next_dagrun for example_dynamic_task_mapping to None, run_after=None
[2025-03-24T22:01:01.331+0800] {processor.py:208} INFO - Processing /Users/dionneleow/IS3107/IS3107-group11/backend/venv/lib/python3.12/site-packages/airflow/example_dags/example_dynamic_task_mapping.py took 0.082 seconds
[2025-03-24T22:03:14.659+0800] {processor.py:186} INFO - Started process (PID=68480) to work on /Users/dionneleow/IS3107/IS3107-group11/backend/venv/lib/python3.12/site-packages/airflow/example_dags/example_dynamic_task_mapping.py
[2025-03-24T22:03:14.660+0800] {processor.py:914} INFO - Processing file /Users/dionneleow/IS3107/IS3107-group11/backend/venv/lib/python3.12/site-packages/airflow/example_dags/example_dynamic_task_mapping.py for tasks to queue
[2025-03-24T22:03:14.660+0800] {logging_mixin.py:190} INFO - [2025-03-24T22:03:14.660+0800] {dagbag.py:588} INFO - Filling up the DagBag from /Users/dionneleow/IS3107/IS3107-group11/backend/venv/lib/python3.12/site-packages/airflow/example_dags/example_dynamic_task_mapping.py
[2025-03-24T22:03:14.674+0800] {processor.py:925} INFO - DAG(s) 'example_dynamic_task_mapping' retrieved from /Users/dionneleow/IS3107/IS3107-group11/backend/venv/lib/python3.12/site-packages/airflow/example_dags/example_dynamic_task_mapping.py
[2025-03-24T22:03:14.730+0800] {logging_mixin.py:190} INFO - [2025-03-24T22:03:14.730+0800] {dag.py:3239} INFO - Sync 1 DAGs
[2025-03-24T22:03:14.733+0800] {logging_mixin.py:190} INFO - [2025-03-24T22:03:14.733+0800] {dag.py:4180} INFO - Setting next_dagrun for example_dynamic_task_mapping to None, run_after=None
[2025-03-24T22:03:14.739+0800] {processor.py:208} INFO - Processing /Users/dionneleow/IS3107/IS3107-group11/backend/venv/lib/python3.12/site-packages/airflow/example_dags/example_dynamic_task_mapping.py took 0.081 seconds
[2025-03-24T22:05:28.343+0800] {processor.py:186} INFO - Started process (PID=69206) to work on /Users/dionneleow/IS3107/IS3107-group11/backend/venv/lib/python3.12/site-packages/airflow/example_dags/example_dynamic_task_mapping.py
[2025-03-24T22:05:28.344+0800] {processor.py:914} INFO - Processing file /Users/dionneleow/IS3107/IS3107-group11/backend/venv/lib/python3.12/site-packages/airflow/example_dags/example_dynamic_task_mapping.py for tasks to queue
[2025-03-24T22:05:28.344+0800] {logging_mixin.py:190} INFO - [2025-03-24T22:05:28.344+0800] {dagbag.py:588} INFO - Filling up the DagBag from /Users/dionneleow/IS3107/IS3107-group11/backend/venv/lib/python3.12/site-packages/airflow/example_dags/example_dynamic_task_mapping.py
[2025-03-24T22:05:28.357+0800] {processor.py:925} INFO - DAG(s) 'example_dynamic_task_mapping' retrieved from /Users/dionneleow/IS3107/IS3107-group11/backend/venv/lib/python3.12/site-packages/airflow/example_dags/example_dynamic_task_mapping.py
[2025-03-24T22:05:28.411+0800] {logging_mixin.py:190} INFO - [2025-03-24T22:05:28.411+0800] {dag.py:3239} INFO - Sync 1 DAGs
[2025-03-24T22:05:28.414+0800] {logging_mixin.py:190} INFO - [2025-03-24T22:05:28.414+0800] {dag.py:4180} INFO - Setting next_dagrun for example_dynamic_task_mapping to None, run_after=None
[2025-03-24T22:05:28.420+0800] {processor.py:208} INFO - Processing /Users/dionneleow/IS3107/IS3107-group11/backend/venv/lib/python3.12/site-packages/airflow/example_dags/example_dynamic_task_mapping.py took 0.079 seconds
[2025-03-24T22:07:48.615+0800] {processor.py:186} INFO - Started process (PID=69955) to work on /Users/dionneleow/IS3107/IS3107-group11/backend/venv/lib/python3.12/site-packages/airflow/example_dags/example_dynamic_task_mapping.py
[2025-03-24T22:07:48.616+0800] {processor.py:914} INFO - Processing file /Users/dionneleow/IS3107/IS3107-group11/backend/venv/lib/python3.12/site-packages/airflow/example_dags/example_dynamic_task_mapping.py for tasks to queue
[2025-03-24T22:07:48.617+0800] {logging_mixin.py:190} INFO - [2025-03-24T22:07:48.617+0800] {dagbag.py:588} INFO - Filling up the DagBag from /Users/dionneleow/IS3107/IS3107-group11/backend/venv/lib/python3.12/site-packages/airflow/example_dags/example_dynamic_task_mapping.py
[2025-03-24T22:07:48.637+0800] {processor.py:925} INFO - DAG(s) 'example_dynamic_task_mapping' retrieved from /Users/dionneleow/IS3107/IS3107-group11/backend/venv/lib/python3.12/site-packages/airflow/example_dags/example_dynamic_task_mapping.py
[2025-03-24T22:07:48.691+0800] {logging_mixin.py:190} INFO - [2025-03-24T22:07:48.691+0800] {dag.py:3239} INFO - Sync 1 DAGs
[2025-03-24T22:07:48.694+0800] {logging_mixin.py:190} INFO - [2025-03-24T22:07:48.694+0800] {dag.py:4180} INFO - Setting next_dagrun for example_dynamic_task_mapping to None, run_after=None
[2025-03-24T22:07:48.700+0800] {processor.py:208} INFO - Processing /Users/dionneleow/IS3107/IS3107-group11/backend/venv/lib/python3.12/site-packages/airflow/example_dags/example_dynamic_task_mapping.py took 0.086 seconds
[2025-03-24T22:10:13.758+0800] {processor.py:186} INFO - Started process (PID=70787) to work on /Users/dionneleow/IS3107/IS3107-group11/backend/venv/lib/python3.12/site-packages/airflow/example_dags/example_dynamic_task_mapping.py
[2025-03-24T22:10:13.759+0800] {processor.py:914} INFO - Processing file /Users/dionneleow/IS3107/IS3107-group11/backend/venv/lib/python3.12/site-packages/airflow/example_dags/example_dynamic_task_mapping.py for tasks to queue
[2025-03-24T22:10:13.760+0800] {logging_mixin.py:190} INFO - [2025-03-24T22:10:13.760+0800] {dagbag.py:588} INFO - Filling up the DagBag from /Users/dionneleow/IS3107/IS3107-group11/backend/venv/lib/python3.12/site-packages/airflow/example_dags/example_dynamic_task_mapping.py
[2025-03-24T22:10:13.773+0800] {processor.py:925} INFO - DAG(s) 'example_dynamic_task_mapping' retrieved from /Users/dionneleow/IS3107/IS3107-group11/backend/venv/lib/python3.12/site-packages/airflow/example_dags/example_dynamic_task_mapping.py
[2025-03-24T22:10:13.826+0800] {logging_mixin.py:190} INFO - [2025-03-24T22:10:13.826+0800] {dag.py:3239} INFO - Sync 1 DAGs
[2025-03-24T22:10:13.830+0800] {logging_mixin.py:190} INFO - [2025-03-24T22:10:13.830+0800] {dag.py:4180} INFO - Setting next_dagrun for example_dynamic_task_mapping to None, run_after=None
[2025-03-24T22:10:13.836+0800] {processor.py:208} INFO - Processing /Users/dionneleow/IS3107/IS3107-group11/backend/venv/lib/python3.12/site-packages/airflow/example_dags/example_dynamic_task_mapping.py took 0.079 seconds
[2025-03-24T22:12:28.085+0800] {processor.py:186} INFO - Started process (PID=71469) to work on /Users/dionneleow/IS3107/IS3107-group11/backend/venv/lib/python3.12/site-packages/airflow/example_dags/example_dynamic_task_mapping.py
[2025-03-24T22:12:28.086+0800] {processor.py:914} INFO - Processing file /Users/dionneleow/IS3107/IS3107-group11/backend/venv/lib/python3.12/site-packages/airflow/example_dags/example_dynamic_task_mapping.py for tasks to queue
[2025-03-24T22:12:28.087+0800] {logging_mixin.py:190} INFO - [2025-03-24T22:12:28.087+0800] {dagbag.py:588} INFO - Filling up the DagBag from /Users/dionneleow/IS3107/IS3107-group11/backend/venv/lib/python3.12/site-packages/airflow/example_dags/example_dynamic_task_mapping.py
[2025-03-24T22:12:28.101+0800] {processor.py:925} INFO - DAG(s) 'example_dynamic_task_mapping' retrieved from /Users/dionneleow/IS3107/IS3107-group11/backend/venv/lib/python3.12/site-packages/airflow/example_dags/example_dynamic_task_mapping.py
[2025-03-24T22:12:28.152+0800] {logging_mixin.py:190} INFO - [2025-03-24T22:12:28.152+0800] {dag.py:3239} INFO - Sync 1 DAGs
[2025-03-24T22:12:28.156+0800] {logging_mixin.py:190} INFO - [2025-03-24T22:12:28.156+0800] {dag.py:4180} INFO - Setting next_dagrun for example_dynamic_task_mapping to None, run_after=None
[2025-03-24T22:12:28.162+0800] {processor.py:208} INFO - Processing /Users/dionneleow/IS3107/IS3107-group11/backend/venv/lib/python3.12/site-packages/airflow/example_dags/example_dynamic_task_mapping.py took 0.078 seconds
[2025-03-24T22:14:50.155+0800] {processor.py:186} INFO - Started process (PID=72309) to work on /Users/dionneleow/IS3107/IS3107-group11/backend/venv/lib/python3.12/site-packages/airflow/example_dags/example_dynamic_task_mapping.py
[2025-03-24T22:14:50.156+0800] {processor.py:914} INFO - Processing file /Users/dionneleow/IS3107/IS3107-group11/backend/venv/lib/python3.12/site-packages/airflow/example_dags/example_dynamic_task_mapping.py for tasks to queue
[2025-03-24T22:14:50.157+0800] {logging_mixin.py:190} INFO - [2025-03-24T22:14:50.157+0800] {dagbag.py:588} INFO - Filling up the DagBag from /Users/dionneleow/IS3107/IS3107-group11/backend/venv/lib/python3.12/site-packages/airflow/example_dags/example_dynamic_task_mapping.py
[2025-03-24T22:14:50.170+0800] {processor.py:925} INFO - DAG(s) 'example_dynamic_task_mapping' retrieved from /Users/dionneleow/IS3107/IS3107-group11/backend/venv/lib/python3.12/site-packages/airflow/example_dags/example_dynamic_task_mapping.py
[2025-03-24T22:14:50.222+0800] {logging_mixin.py:190} INFO - [2025-03-24T22:14:50.222+0800] {dag.py:3239} INFO - Sync 1 DAGs
[2025-03-24T22:14:50.226+0800] {logging_mixin.py:190} INFO - [2025-03-24T22:14:50.226+0800] {dag.py:4180} INFO - Setting next_dagrun for example_dynamic_task_mapping to None, run_after=None
[2025-03-24T22:14:50.232+0800] {processor.py:208} INFO - Processing /Users/dionneleow/IS3107/IS3107-group11/backend/venv/lib/python3.12/site-packages/airflow/example_dags/example_dynamic_task_mapping.py took 0.078 seconds
[2025-03-24T22:17:11.201+0800] {processor.py:186} INFO - Started process (PID=73185) to work on /Users/dionneleow/IS3107/IS3107-group11/backend/venv/lib/python3.12/site-packages/airflow/example_dags/example_dynamic_task_mapping.py
[2025-03-24T22:17:11.205+0800] {processor.py:914} INFO - Processing file /Users/dionneleow/IS3107/IS3107-group11/backend/venv/lib/python3.12/site-packages/airflow/example_dags/example_dynamic_task_mapping.py for tasks to queue
[2025-03-24T22:17:11.206+0800] {logging_mixin.py:190} INFO - [2025-03-24T22:17:11.206+0800] {dagbag.py:588} INFO - Filling up the DagBag from /Users/dionneleow/IS3107/IS3107-group11/backend/venv/lib/python3.12/site-packages/airflow/example_dags/example_dynamic_task_mapping.py
[2025-03-24T22:17:11.224+0800] {processor.py:925} INFO - DAG(s) 'example_dynamic_task_mapping' retrieved from /Users/dionneleow/IS3107/IS3107-group11/backend/venv/lib/python3.12/site-packages/airflow/example_dags/example_dynamic_task_mapping.py
[2025-03-24T22:17:11.278+0800] {logging_mixin.py:190} INFO - [2025-03-24T22:17:11.278+0800] {dag.py:3239} INFO - Sync 1 DAGs
[2025-03-24T22:17:11.281+0800] {logging_mixin.py:190} INFO - [2025-03-24T22:17:11.281+0800] {dag.py:4180} INFO - Setting next_dagrun for example_dynamic_task_mapping to None, run_after=None
[2025-03-24T22:17:11.294+0800] {processor.py:208} INFO - Processing /Users/dionneleow/IS3107/IS3107-group11/backend/venv/lib/python3.12/site-packages/airflow/example_dags/example_dynamic_task_mapping.py took 0.094 seconds
[2025-03-24T22:19:36.952+0800] {processor.py:186} INFO - Started process (PID=73968) to work on /Users/dionneleow/IS3107/IS3107-group11/backend/venv/lib/python3.12/site-packages/airflow/example_dags/example_dynamic_task_mapping.py
[2025-03-24T22:19:36.953+0800] {processor.py:914} INFO - Processing file /Users/dionneleow/IS3107/IS3107-group11/backend/venv/lib/python3.12/site-packages/airflow/example_dags/example_dynamic_task_mapping.py for tasks to queue
[2025-03-24T22:19:36.953+0800] {logging_mixin.py:190} INFO - [2025-03-24T22:19:36.953+0800] {dagbag.py:588} INFO - Filling up the DagBag from /Users/dionneleow/IS3107/IS3107-group11/backend/venv/lib/python3.12/site-packages/airflow/example_dags/example_dynamic_task_mapping.py
[2025-03-24T22:19:36.967+0800] {processor.py:925} INFO - DAG(s) 'example_dynamic_task_mapping' retrieved from /Users/dionneleow/IS3107/IS3107-group11/backend/venv/lib/python3.12/site-packages/airflow/example_dags/example_dynamic_task_mapping.py
[2025-03-24T22:19:37.026+0800] {logging_mixin.py:190} INFO - [2025-03-24T22:19:37.026+0800] {dag.py:3239} INFO - Sync 1 DAGs
[2025-03-24T22:19:37.031+0800] {logging_mixin.py:190} INFO - [2025-03-24T22:19:37.031+0800] {dag.py:4180} INFO - Setting next_dagrun for example_dynamic_task_mapping to None, run_after=None
[2025-03-24T22:19:37.041+0800] {processor.py:208} INFO - Processing /Users/dionneleow/IS3107/IS3107-group11/backend/venv/lib/python3.12/site-packages/airflow/example_dags/example_dynamic_task_mapping.py took 0.090 seconds
