[2025-03-24T21:49:08.898+0800] {processor.py:186} INFO - Started process (PID=63149) to work on /Users/dionneleow/IS3107/IS3107-group11/backend/venv/lib/python3.12/site-packages/airflow/example_dags/example_python_decorator.py
[2025-03-24T21:49:08.899+0800] {processor.py:914} INFO - Processing file /Users/dionneleow/IS3107/IS3107-group11/backend/venv/lib/python3.12/site-packages/airflow/example_dags/example_python_decorator.py for tasks to queue
[2025-03-24T21:49:08.899+0800] {logging_mixin.py:190} INFO - [2025-03-24T21:49:08.899+0800] {dagbag.py:588} INFO - Filling up the DagBag from /Users/dionneleow/IS3107/IS3107-group11/backend/venv/lib/python3.12/site-packages/airflow/example_dags/example_python_decorator.py
[2025-03-24T21:49:08.919+0800] {processor.py:925} INFO - DAG(s) 'example_python_decorator' retrieved from /Users/dionneleow/IS3107/IS3107-group11/backend/venv/lib/python3.12/site-packages/airflow/example_dags/example_python_decorator.py
[2025-03-24T21:49:09.024+0800] {logging_mixin.py:190} INFO - [2025-03-24T21:49:09.024+0800] {override.py:1912} INFO - Created Permission View: can edit on DAG:example_python_decorator
[2025-03-24T21:49:09.027+0800] {logging_mixin.py:190} INFO - [2025-03-24T21:49:09.027+0800] {override.py:1912} INFO - Created Permission View: can delete on DAG:example_python_decorator
[2025-03-24T21:49:09.029+0800] {logging_mixin.py:190} INFO - [2025-03-24T21:49:09.029+0800] {override.py:1912} INFO - Created Permission View: can read on DAG:example_python_decorator
[2025-03-24T21:49:09.031+0800] {logging_mixin.py:190} INFO - [2025-03-24T21:49:09.031+0800] {override.py:1912} INFO - Created Permission View: can delete on DAG Run:example_python_decorator
[2025-03-24T21:49:09.033+0800] {logging_mixin.py:190} INFO - [2025-03-24T21:49:09.033+0800] {override.py:1912} INFO - Created Permission View: menu access on DAG Run:example_python_decorator
[2025-03-24T21:49:09.035+0800] {logging_mixin.py:190} INFO - [2025-03-24T21:49:09.035+0800] {override.py:1912} INFO - Created Permission View: can read on DAG Run:example_python_decorator
[2025-03-24T21:49:09.036+0800] {logging_mixin.py:190} INFO - [2025-03-24T21:49:09.036+0800] {override.py:1912} INFO - Created Permission View: can create on DAG Run:example_python_decorator
[2025-03-24T21:49:09.037+0800] {logging_mixin.py:190} INFO - [2025-03-24T21:49:09.036+0800] {dag.py:3239} INFO - Sync 1 DAGs
[2025-03-24T21:49:09.040+0800] {logging_mixin.py:190} INFO - [2025-03-24T21:49:09.040+0800] {dag.py:3262} INFO - Creating ORM DAG for example_python_decorator
[2025-03-24T21:49:09.040+0800] {logging_mixin.py:190} INFO - [2025-03-24T21:49:09.040+0800] {dag.py:4180} INFO - Setting next_dagrun for example_python_decorator to None, run_after=None
[2025-03-24T21:49:09.046+0800] {processor.py:208} INFO - Processing /Users/dionneleow/IS3107/IS3107-group11/backend/venv/lib/python3.12/site-packages/airflow/example_dags/example_python_decorator.py took 0.149 seconds
[2025-03-24T21:50:58.863+0800] {processor.py:186} INFO - Started process (PID=63986) to work on /Users/dionneleow/IS3107/IS3107-group11/backend/venv/lib/python3.12/site-packages/airflow/example_dags/example_python_decorator.py
[2025-03-24T21:50:58.864+0800] {processor.py:914} INFO - Processing file /Users/dionneleow/IS3107/IS3107-group11/backend/venv/lib/python3.12/site-packages/airflow/example_dags/example_python_decorator.py for tasks to queue
[2025-03-24T21:50:58.865+0800] {logging_mixin.py:190} INFO - [2025-03-24T21:50:58.864+0800] {dagbag.py:588} INFO - Filling up the DagBag from /Users/dionneleow/IS3107/IS3107-group11/backend/venv/lib/python3.12/site-packages/airflow/example_dags/example_python_decorator.py
[2025-03-24T21:50:58.881+0800] {processor.py:925} INFO - DAG(s) 'example_python_decorator' retrieved from /Users/dionneleow/IS3107/IS3107-group11/backend/venv/lib/python3.12/site-packages/airflow/example_dags/example_python_decorator.py
[2025-03-24T21:50:58.969+0800] {logging_mixin.py:190} INFO - [2025-03-24T21:50:58.969+0800] {dag.py:3239} INFO - Sync 1 DAGs
[2025-03-24T21:50:58.973+0800] {logging_mixin.py:190} INFO - [2025-03-24T21:50:58.973+0800] {dag.py:4180} INFO - Setting next_dagrun for example_python_decorator to None, run_after=None
[2025-03-24T21:50:58.980+0800] {processor.py:208} INFO - Processing /Users/dionneleow/IS3107/IS3107-group11/backend/venv/lib/python3.12/site-packages/airflow/example_dags/example_python_decorator.py took 0.118 seconds
[2025-03-24T21:53:16.573+0800] {processor.py:186} INFO - Started process (PID=64818) to work on /Users/dionneleow/IS3107/IS3107-group11/backend/venv/lib/python3.12/site-packages/airflow/example_dags/example_python_decorator.py
[2025-03-24T21:53:16.574+0800] {processor.py:914} INFO - Processing file /Users/dionneleow/IS3107/IS3107-group11/backend/venv/lib/python3.12/site-packages/airflow/example_dags/example_python_decorator.py for tasks to queue
[2025-03-24T21:53:16.575+0800] {logging_mixin.py:190} INFO - [2025-03-24T21:53:16.575+0800] {dagbag.py:588} INFO - Filling up the DagBag from /Users/dionneleow/IS3107/IS3107-group11/backend/venv/lib/python3.12/site-packages/airflow/example_dags/example_python_decorator.py
[2025-03-24T21:53:16.595+0800] {processor.py:925} INFO - DAG(s) 'example_python_decorator' retrieved from /Users/dionneleow/IS3107/IS3107-group11/backend/venv/lib/python3.12/site-packages/airflow/example_dags/example_python_decorator.py
[2025-03-24T21:53:16.683+0800] {logging_mixin.py:190} INFO - [2025-03-24T21:53:16.682+0800] {dag.py:3239} INFO - Sync 1 DAGs
[2025-03-24T21:53:16.686+0800] {logging_mixin.py:190} INFO - [2025-03-24T21:53:16.686+0800] {dag.py:4180} INFO - Setting next_dagrun for example_python_decorator to None, run_after=None
[2025-03-24T21:53:16.692+0800] {processor.py:208} INFO - Processing /Users/dionneleow/IS3107/IS3107-group11/backend/venv/lib/python3.12/site-packages/airflow/example_dags/example_python_decorator.py took 0.121 seconds
[2025-03-24T21:55:32.763+0800] {processor.py:186} INFO - Started process (PID=65681) to work on /Users/dionneleow/IS3107/IS3107-group11/backend/venv/lib/python3.12/site-packages/airflow/example_dags/example_python_decorator.py
[2025-03-24T21:55:32.763+0800] {processor.py:914} INFO - Processing file /Users/dionneleow/IS3107/IS3107-group11/backend/venv/lib/python3.12/site-packages/airflow/example_dags/example_python_decorator.py for tasks to queue
[2025-03-24T21:55:32.764+0800] {logging_mixin.py:190} INFO - [2025-03-24T21:55:32.764+0800] {dagbag.py:588} INFO - Filling up the DagBag from /Users/dionneleow/IS3107/IS3107-group11/backend/venv/lib/python3.12/site-packages/airflow/example_dags/example_python_decorator.py
[2025-03-24T21:55:32.778+0800] {processor.py:925} INFO - DAG(s) 'example_python_decorator' retrieved from /Users/dionneleow/IS3107/IS3107-group11/backend/venv/lib/python3.12/site-packages/airflow/example_dags/example_python_decorator.py
[2025-03-24T21:55:32.874+0800] {logging_mixin.py:190} INFO - [2025-03-24T21:55:32.874+0800] {dag.py:3239} INFO - Sync 1 DAGs
[2025-03-24T21:55:32.877+0800] {logging_mixin.py:190} INFO - [2025-03-24T21:55:32.877+0800] {dag.py:4180} INFO - Setting next_dagrun for example_python_decorator to None, run_after=None
[2025-03-24T21:55:32.883+0800] {processor.py:208} INFO - Processing /Users/dionneleow/IS3107/IS3107-group11/backend/venv/lib/python3.12/site-packages/airflow/example_dags/example_python_decorator.py took 0.122 seconds
[2025-03-24T21:57:51.245+0800] {processor.py:186} INFO - Started process (PID=66600) to work on /Users/dionneleow/IS3107/IS3107-group11/backend/venv/lib/python3.12/site-packages/airflow/example_dags/example_python_decorator.py
[2025-03-24T21:57:51.246+0800] {processor.py:914} INFO - Processing file /Users/dionneleow/IS3107/IS3107-group11/backend/venv/lib/python3.12/site-packages/airflow/example_dags/example_python_decorator.py for tasks to queue
[2025-03-24T21:57:51.246+0800] {logging_mixin.py:190} INFO - [2025-03-24T21:57:51.246+0800] {dagbag.py:588} INFO - Filling up the DagBag from /Users/dionneleow/IS3107/IS3107-group11/backend/venv/lib/python3.12/site-packages/airflow/example_dags/example_python_decorator.py
[2025-03-24T21:57:51.261+0800] {processor.py:925} INFO - DAG(s) 'example_python_decorator' retrieved from /Users/dionneleow/IS3107/IS3107-group11/backend/venv/lib/python3.12/site-packages/airflow/example_dags/example_python_decorator.py
[2025-03-24T21:57:51.351+0800] {logging_mixin.py:190} INFO - [2025-03-24T21:57:51.351+0800] {dag.py:3239} INFO - Sync 1 DAGs
[2025-03-24T21:57:51.355+0800] {logging_mixin.py:190} INFO - [2025-03-24T21:57:51.355+0800] {dag.py:4180} INFO - Setting next_dagrun for example_python_decorator to None, run_after=None
[2025-03-24T21:57:51.361+0800] {processor.py:208} INFO - Processing /Users/dionneleow/IS3107/IS3107-group11/backend/venv/lib/python3.12/site-packages/airflow/example_dags/example_python_decorator.py took 0.117 seconds
[2025-03-24T22:00:00.571+0800] {processor.py:186} INFO - Started process (PID=67272) to work on /Users/dionneleow/IS3107/IS3107-group11/backend/venv/lib/python3.12/site-packages/airflow/example_dags/example_python_decorator.py
[2025-03-24T22:00:00.573+0800] {processor.py:914} INFO - Processing file /Users/dionneleow/IS3107/IS3107-group11/backend/venv/lib/python3.12/site-packages/airflow/example_dags/example_python_decorator.py for tasks to queue
[2025-03-24T22:00:00.573+0800] {logging_mixin.py:190} INFO - [2025-03-24T22:00:00.573+0800] {dagbag.py:588} INFO - Filling up the DagBag from /Users/dionneleow/IS3107/IS3107-group11/backend/venv/lib/python3.12/site-packages/airflow/example_dags/example_python_decorator.py
[2025-03-24T22:00:00.588+0800] {processor.py:925} INFO - DAG(s) 'example_python_decorator' retrieved from /Users/dionneleow/IS3107/IS3107-group11/backend/venv/lib/python3.12/site-packages/airflow/example_dags/example_python_decorator.py
[2025-03-24T22:00:00.675+0800] {logging_mixin.py:190} INFO - [2025-03-24T22:00:00.675+0800] {dag.py:3239} INFO - Sync 1 DAGs
[2025-03-24T22:00:00.678+0800] {logging_mixin.py:190} INFO - [2025-03-24T22:00:00.678+0800] {dag.py:4180} INFO - Setting next_dagrun for example_python_decorator to None, run_after=None
[2025-03-24T22:00:00.684+0800] {processor.py:208} INFO - Processing /Users/dionneleow/IS3107/IS3107-group11/backend/venv/lib/python3.12/site-packages/airflow/example_dags/example_python_decorator.py took 0.114 seconds
[2025-03-24T22:02:09.427+0800] {processor.py:186} INFO - Started process (PID=68058) to work on /Users/dionneleow/IS3107/IS3107-group11/backend/venv/lib/python3.12/site-packages/airflow/example_dags/example_python_decorator.py
[2025-03-24T22:02:09.427+0800] {processor.py:914} INFO - Processing file /Users/dionneleow/IS3107/IS3107-group11/backend/venv/lib/python3.12/site-packages/airflow/example_dags/example_python_decorator.py for tasks to queue
[2025-03-24T22:02:09.428+0800] {logging_mixin.py:190} INFO - [2025-03-24T22:02:09.428+0800] {dagbag.py:588} INFO - Filling up the DagBag from /Users/dionneleow/IS3107/IS3107-group11/backend/venv/lib/python3.12/site-packages/airflow/example_dags/example_python_decorator.py
[2025-03-24T22:02:09.443+0800] {processor.py:925} INFO - DAG(s) 'example_python_decorator' retrieved from /Users/dionneleow/IS3107/IS3107-group11/backend/venv/lib/python3.12/site-packages/airflow/example_dags/example_python_decorator.py
[2025-03-24T22:02:09.539+0800] {logging_mixin.py:190} INFO - [2025-03-24T22:02:09.539+0800] {dag.py:3239} INFO - Sync 1 DAGs
[2025-03-24T22:02:09.543+0800] {logging_mixin.py:190} INFO - [2025-03-24T22:02:09.542+0800] {dag.py:4180} INFO - Setting next_dagrun for example_python_decorator to None, run_after=None
[2025-03-24T22:02:09.549+0800] {processor.py:208} INFO - Processing /Users/dionneleow/IS3107/IS3107-group11/backend/venv/lib/python3.12/site-packages/airflow/example_dags/example_python_decorator.py took 0.123 seconds
[2025-03-24T22:04:23.417+0800] {processor.py:186} INFO - Started process (PID=68882) to work on /Users/dionneleow/IS3107/IS3107-group11/backend/venv/lib/python3.12/site-packages/airflow/example_dags/example_python_decorator.py
[2025-03-24T22:04:23.418+0800] {processor.py:914} INFO - Processing file /Users/dionneleow/IS3107/IS3107-group11/backend/venv/lib/python3.12/site-packages/airflow/example_dags/example_python_decorator.py for tasks to queue
[2025-03-24T22:04:23.418+0800] {logging_mixin.py:190} INFO - [2025-03-24T22:04:23.418+0800] {dagbag.py:588} INFO - Filling up the DagBag from /Users/dionneleow/IS3107/IS3107-group11/backend/venv/lib/python3.12/site-packages/airflow/example_dags/example_python_decorator.py
[2025-03-24T22:04:23.433+0800] {processor.py:925} INFO - DAG(s) 'example_python_decorator' retrieved from /Users/dionneleow/IS3107/IS3107-group11/backend/venv/lib/python3.12/site-packages/airflow/example_dags/example_python_decorator.py
[2025-03-24T22:04:23.520+0800] {logging_mixin.py:190} INFO - [2025-03-24T22:04:23.519+0800] {dag.py:3239} INFO - Sync 1 DAGs
[2025-03-24T22:04:23.523+0800] {logging_mixin.py:190} INFO - [2025-03-24T22:04:23.523+0800] {dag.py:4180} INFO - Setting next_dagrun for example_python_decorator to None, run_after=None
[2025-03-24T22:04:23.529+0800] {processor.py:208} INFO - Processing /Users/dionneleow/IS3107/IS3107-group11/backend/venv/lib/python3.12/site-packages/airflow/example_dags/example_python_decorator.py took 0.113 seconds
[2025-03-24T22:06:42.422+0800] {processor.py:186} INFO - Started process (PID=69580) to work on /Users/dionneleow/IS3107/IS3107-group11/backend/venv/lib/python3.12/site-packages/airflow/example_dags/example_python_decorator.py
[2025-03-24T22:06:42.422+0800] {processor.py:914} INFO - Processing file /Users/dionneleow/IS3107/IS3107-group11/backend/venv/lib/python3.12/site-packages/airflow/example_dags/example_python_decorator.py for tasks to queue
[2025-03-24T22:06:42.423+0800] {logging_mixin.py:190} INFO - [2025-03-24T22:06:42.423+0800] {dagbag.py:588} INFO - Filling up the DagBag from /Users/dionneleow/IS3107/IS3107-group11/backend/venv/lib/python3.12/site-packages/airflow/example_dags/example_python_decorator.py
[2025-03-24T22:06:42.438+0800] {processor.py:925} INFO - DAG(s) 'example_python_decorator' retrieved from /Users/dionneleow/IS3107/IS3107-group11/backend/venv/lib/python3.12/site-packages/airflow/example_dags/example_python_decorator.py
[2025-03-24T22:06:42.522+0800] {logging_mixin.py:190} INFO - [2025-03-24T22:06:42.522+0800] {dag.py:3239} INFO - Sync 1 DAGs
[2025-03-24T22:06:42.527+0800] {logging_mixin.py:190} INFO - [2025-03-24T22:06:42.527+0800] {dag.py:4180} INFO - Setting next_dagrun for example_python_decorator to None, run_after=None
[2025-03-24T22:06:42.535+0800] {processor.py:208} INFO - Processing /Users/dionneleow/IS3107/IS3107-group11/backend/venv/lib/python3.12/site-packages/airflow/example_dags/example_python_decorator.py took 0.115 seconds
[2025-03-24T22:09:04.772+0800] {processor.py:186} INFO - Started process (PID=70360) to work on /Users/dionneleow/IS3107/IS3107-group11/backend/venv/lib/python3.12/site-packages/airflow/example_dags/example_python_decorator.py
[2025-03-24T22:09:04.773+0800] {processor.py:914} INFO - Processing file /Users/dionneleow/IS3107/IS3107-group11/backend/venv/lib/python3.12/site-packages/airflow/example_dags/example_python_decorator.py for tasks to queue
[2025-03-24T22:09:04.774+0800] {logging_mixin.py:190} INFO - [2025-03-24T22:09:04.773+0800] {dagbag.py:588} INFO - Filling up the DagBag from /Users/dionneleow/IS3107/IS3107-group11/backend/venv/lib/python3.12/site-packages/airflow/example_dags/example_python_decorator.py
[2025-03-24T22:09:04.789+0800] {processor.py:925} INFO - DAG(s) 'example_python_decorator' retrieved from /Users/dionneleow/IS3107/IS3107-group11/backend/venv/lib/python3.12/site-packages/airflow/example_dags/example_python_decorator.py
[2025-03-24T22:09:04.873+0800] {logging_mixin.py:190} INFO - [2025-03-24T22:09:04.872+0800] {dag.py:3239} INFO - Sync 1 DAGs
[2025-03-24T22:09:04.876+0800] {logging_mixin.py:190} INFO - [2025-03-24T22:09:04.876+0800] {dag.py:4180} INFO - Setting next_dagrun for example_python_decorator to None, run_after=None
[2025-03-24T22:09:04.882+0800] {processor.py:208} INFO - Processing /Users/dionneleow/IS3107/IS3107-group11/backend/venv/lib/python3.12/site-packages/airflow/example_dags/example_python_decorator.py took 0.111 seconds
[2025-03-24T22:11:25.408+0800] {processor.py:186} INFO - Started process (PID=71164) to work on /Users/dionneleow/IS3107/IS3107-group11/backend/venv/lib/python3.12/site-packages/airflow/example_dags/example_python_decorator.py
[2025-03-24T22:11:25.408+0800] {processor.py:914} INFO - Processing file /Users/dionneleow/IS3107/IS3107-group11/backend/venv/lib/python3.12/site-packages/airflow/example_dags/example_python_decorator.py for tasks to queue
[2025-03-24T22:11:25.409+0800] {logging_mixin.py:190} INFO - [2025-03-24T22:11:25.409+0800] {dagbag.py:588} INFO - Filling up the DagBag from /Users/dionneleow/IS3107/IS3107-group11/backend/venv/lib/python3.12/site-packages/airflow/example_dags/example_python_decorator.py
[2025-03-24T22:11:25.426+0800] {processor.py:925} INFO - DAG(s) 'example_python_decorator' retrieved from /Users/dionneleow/IS3107/IS3107-group11/backend/venv/lib/python3.12/site-packages/airflow/example_dags/example_python_decorator.py
[2025-03-24T22:11:25.511+0800] {logging_mixin.py:190} INFO - [2025-03-24T22:11:25.511+0800] {dag.py:3239} INFO - Sync 1 DAGs
[2025-03-24T22:11:25.515+0800] {logging_mixin.py:190} INFO - [2025-03-24T22:11:25.515+0800] {dag.py:4180} INFO - Setting next_dagrun for example_python_decorator to None, run_after=None
[2025-03-24T22:11:25.522+0800] {processor.py:208} INFO - Processing /Users/dionneleow/IS3107/IS3107-group11/backend/venv/lib/python3.12/site-packages/airflow/example_dags/example_python_decorator.py took 0.115 seconds
[2025-03-24T22:13:41.319+0800] {processor.py:186} INFO - Started process (PID=71903) to work on /Users/dionneleow/IS3107/IS3107-group11/backend/venv/lib/python3.12/site-packages/airflow/example_dags/example_python_decorator.py
[2025-03-24T22:13:41.320+0800] {processor.py:914} INFO - Processing file /Users/dionneleow/IS3107/IS3107-group11/backend/venv/lib/python3.12/site-packages/airflow/example_dags/example_python_decorator.py for tasks to queue
[2025-03-24T22:13:41.320+0800] {logging_mixin.py:190} INFO - [2025-03-24T22:13:41.320+0800] {dagbag.py:588} INFO - Filling up the DagBag from /Users/dionneleow/IS3107/IS3107-group11/backend/venv/lib/python3.12/site-packages/airflow/example_dags/example_python_decorator.py
[2025-03-24T22:13:41.335+0800] {processor.py:925} INFO - DAG(s) 'example_python_decorator' retrieved from /Users/dionneleow/IS3107/IS3107-group11/backend/venv/lib/python3.12/site-packages/airflow/example_dags/example_python_decorator.py
[2025-03-24T22:13:41.432+0800] {logging_mixin.py:190} INFO - [2025-03-24T22:13:41.431+0800] {dag.py:3239} INFO - Sync 1 DAGs
[2025-03-24T22:13:41.435+0800] {logging_mixin.py:190} INFO - [2025-03-24T22:13:41.435+0800] {dag.py:4180} INFO - Setting next_dagrun for example_python_decorator to None, run_after=None
[2025-03-24T22:13:41.441+0800] {processor.py:208} INFO - Processing /Users/dionneleow/IS3107/IS3107-group11/backend/venv/lib/python3.12/site-packages/airflow/example_dags/example_python_decorator.py took 0.123 seconds
[2025-03-24T22:16:02.623+0800] {processor.py:186} INFO - Started process (PID=72768) to work on /Users/dionneleow/IS3107/IS3107-group11/backend/venv/lib/python3.12/site-packages/airflow/example_dags/example_python_decorator.py
[2025-03-24T22:16:02.623+0800] {processor.py:914} INFO - Processing file /Users/dionneleow/IS3107/IS3107-group11/backend/venv/lib/python3.12/site-packages/airflow/example_dags/example_python_decorator.py for tasks to queue
[2025-03-24T22:16:02.624+0800] {logging_mixin.py:190} INFO - [2025-03-24T22:16:02.624+0800] {dagbag.py:588} INFO - Filling up the DagBag from /Users/dionneleow/IS3107/IS3107-group11/backend/venv/lib/python3.12/site-packages/airflow/example_dags/example_python_decorator.py
[2025-03-24T22:16:02.639+0800] {processor.py:925} INFO - DAG(s) 'example_python_decorator' retrieved from /Users/dionneleow/IS3107/IS3107-group11/backend/venv/lib/python3.12/site-packages/airflow/example_dags/example_python_decorator.py
[2025-03-24T22:16:02.727+0800] {logging_mixin.py:190} INFO - [2025-03-24T22:16:02.727+0800] {dag.py:3239} INFO - Sync 1 DAGs
[2025-03-24T22:16:02.730+0800] {logging_mixin.py:190} INFO - [2025-03-24T22:16:02.730+0800] {dag.py:4180} INFO - Setting next_dagrun for example_python_decorator to None, run_after=None
[2025-03-24T22:16:02.736+0800] {processor.py:208} INFO - Processing /Users/dionneleow/IS3107/IS3107-group11/backend/venv/lib/python3.12/site-packages/airflow/example_dags/example_python_decorator.py took 0.115 seconds
[2025-03-24T22:18:28.807+0800] {processor.py:186} INFO - Started process (PID=73572) to work on /Users/dionneleow/IS3107/IS3107-group11/backend/venv/lib/python3.12/site-packages/airflow/example_dags/example_python_decorator.py
[2025-03-24T22:18:28.808+0800] {processor.py:914} INFO - Processing file /Users/dionneleow/IS3107/IS3107-group11/backend/venv/lib/python3.12/site-packages/airflow/example_dags/example_python_decorator.py for tasks to queue
[2025-03-24T22:18:28.808+0800] {logging_mixin.py:190} INFO - [2025-03-24T22:18:28.808+0800] {dagbag.py:588} INFO - Filling up the DagBag from /Users/dionneleow/IS3107/IS3107-group11/backend/venv/lib/python3.12/site-packages/airflow/example_dags/example_python_decorator.py
[2025-03-24T22:18:28.824+0800] {processor.py:925} INFO - DAG(s) 'example_python_decorator' retrieved from /Users/dionneleow/IS3107/IS3107-group11/backend/venv/lib/python3.12/site-packages/airflow/example_dags/example_python_decorator.py
[2025-03-24T22:18:28.962+0800] {logging_mixin.py:190} INFO - [2025-03-24T22:18:28.962+0800] {dag.py:3239} INFO - Sync 1 DAGs
[2025-03-24T22:18:28.967+0800] {logging_mixin.py:190} INFO - [2025-03-24T22:18:28.966+0800] {dag.py:4180} INFO - Setting next_dagrun for example_python_decorator to None, run_after=None
[2025-03-24T22:18:28.975+0800] {processor.py:208} INFO - Processing /Users/dionneleow/IS3107/IS3107-group11/backend/venv/lib/python3.12/site-packages/airflow/example_dags/example_python_decorator.py took 0.168 seconds
[2025-03-24T22:20:49.227+0800] {processor.py:186} INFO - Started process (PID=74395) to work on /Users/dionneleow/IS3107/IS3107-group11/backend/venv/lib/python3.12/site-packages/airflow/example_dags/example_python_decorator.py
[2025-03-24T22:20:49.228+0800] {processor.py:914} INFO - Processing file /Users/dionneleow/IS3107/IS3107-group11/backend/venv/lib/python3.12/site-packages/airflow/example_dags/example_python_decorator.py for tasks to queue
[2025-03-24T22:20:49.228+0800] {logging_mixin.py:190} INFO - [2025-03-24T22:20:49.228+0800] {dagbag.py:588} INFO - Filling up the DagBag from /Users/dionneleow/IS3107/IS3107-group11/backend/venv/lib/python3.12/site-packages/airflow/example_dags/example_python_decorator.py
[2025-03-24T22:20:49.243+0800] {processor.py:925} INFO - DAG(s) 'example_python_decorator' retrieved from /Users/dionneleow/IS3107/IS3107-group11/backend/venv/lib/python3.12/site-packages/airflow/example_dags/example_python_decorator.py
[2025-03-24T22:20:49.330+0800] {logging_mixin.py:190} INFO - [2025-03-24T22:20:49.330+0800] {dag.py:3239} INFO - Sync 1 DAGs
[2025-03-24T22:20:49.333+0800] {logging_mixin.py:190} INFO - [2025-03-24T22:20:49.333+0800] {dag.py:4180} INFO - Setting next_dagrun for example_python_decorator to None, run_after=None
[2025-03-24T22:20:49.339+0800] {processor.py:208} INFO - Processing /Users/dionneleow/IS3107/IS3107-group11/backend/venv/lib/python3.12/site-packages/airflow/example_dags/example_python_decorator.py took 0.113 seconds
