[2025-03-24T21:47:56.713+0800] {processor.py:186} INFO - Started process (PID=62563) to work on /Users/dionneleow/IS3107/IS3107-group11/backend/venv/lib/python3.12/site-packages/airflow/example_dags/example_skip_dag.py
[2025-03-24T21:47:56.727+0800] {processor.py:914} INFO - Processing file /Users/dionneleow/IS3107/IS3107-group11/backend/venv/lib/python3.12/site-packages/airflow/example_dags/example_skip_dag.py for tasks to queue
[2025-03-24T21:47:56.727+0800] {logging_mixin.py:190} INFO - [2025-03-24T21:47:56.727+0800] {dagbag.py:588} INFO - Filling up the DagBag from /Users/dionneleow/IS3107/IS3107-group11/backend/venv/lib/python3.12/site-packages/airflow/example_dags/example_skip_dag.py
[2025-03-24T21:47:56.754+0800] {processor.py:925} INFO - DAG(s) 'example_skip_dag' retrieved from /Users/dionneleow/IS3107/IS3107-group11/backend/venv/lib/python3.12/site-packages/airflow/example_dags/example_skip_dag.py
[2025-03-24T21:47:57.164+0800] {logging_mixin.py:190} INFO - [2025-03-24T21:47:57.163+0800] {override.py:1912} INFO - Created Permission View: can edit on DAG:example_skip_dag
[2025-03-24T21:47:57.170+0800] {logging_mixin.py:190} INFO - [2025-03-24T21:47:57.170+0800] {override.py:1912} INFO - Created Permission View: can read on DAG:example_skip_dag
[2025-03-24T21:47:57.173+0800] {logging_mixin.py:190} INFO - [2025-03-24T21:47:57.173+0800] {override.py:1912} INFO - Created Permission View: can delete on DAG:example_skip_dag
[2025-03-24T21:47:57.176+0800] {logging_mixin.py:190} INFO - [2025-03-24T21:47:57.176+0800] {override.py:1912} INFO - Created Permission View: can create on DAG Run:example_skip_dag
[2025-03-24T21:47:57.179+0800] {logging_mixin.py:190} INFO - [2025-03-24T21:47:57.179+0800] {override.py:1912} INFO - Created Permission View: can read on DAG Run:example_skip_dag
[2025-03-24T21:47:57.182+0800] {logging_mixin.py:190} INFO - [2025-03-24T21:47:57.181+0800] {override.py:1912} INFO - Created Permission View: menu access on DAG Run:example_skip_dag
[2025-03-24T21:47:57.184+0800] {logging_mixin.py:190} INFO - [2025-03-24T21:47:57.184+0800] {override.py:1912} INFO - Created Permission View: can delete on DAG Run:example_skip_dag
[2025-03-24T21:47:57.184+0800] {logging_mixin.py:190} INFO - [2025-03-24T21:47:57.184+0800] {dag.py:3239} INFO - Sync 1 DAGs
[2025-03-24T21:47:57.196+0800] {logging_mixin.py:190} INFO - [2025-03-24T21:47:57.196+0800] {dag.py:3262} INFO - Creating ORM DAG for example_skip_dag
[2025-03-24T21:47:57.204+0800] {logging_mixin.py:190} INFO - [2025-03-24T21:47:57.203+0800] {dag.py:4180} INFO - Setting next_dagrun for example_skip_dag to 2025-03-23 00:00:00+00:00, run_after=2025-03-24 00:00:00+00:00
[2025-03-24T21:47:57.223+0800] {processor.py:208} INFO - Processing /Users/dionneleow/IS3107/IS3107-group11/backend/venv/lib/python3.12/site-packages/airflow/example_dags/example_skip_dag.py took 0.514 seconds
[2025-03-24T21:48:52.752+0800] {processor.py:186} INFO - Started process (PID=63045) to work on /Users/dionneleow/IS3107/IS3107-group11/backend/venv/lib/python3.12/site-packages/airflow/example_dags/example_skip_dag.py
[2025-03-24T21:48:52.753+0800] {processor.py:914} INFO - Processing file /Users/dionneleow/IS3107/IS3107-group11/backend/venv/lib/python3.12/site-packages/airflow/example_dags/example_skip_dag.py for tasks to queue
[2025-03-24T21:48:52.754+0800] {logging_mixin.py:190} INFO - [2025-03-24T21:48:52.754+0800] {dagbag.py:588} INFO - Filling up the DagBag from /Users/dionneleow/IS3107/IS3107-group11/backend/venv/lib/python3.12/site-packages/airflow/example_dags/example_skip_dag.py
[2025-03-24T21:48:52.757+0800] {processor.py:925} INFO - DAG(s) 'example_skip_dag' retrieved from /Users/dionneleow/IS3107/IS3107-group11/backend/venv/lib/python3.12/site-packages/airflow/example_dags/example_skip_dag.py
[2025-03-24T21:48:52.792+0800] {logging_mixin.py:190} INFO - [2025-03-24T21:48:52.792+0800] {dag.py:3239} INFO - Sync 1 DAGs
[2025-03-24T21:48:52.800+0800] {logging_mixin.py:190} INFO - [2025-03-24T21:48:52.800+0800] {dag.py:4180} INFO - Setting next_dagrun for example_skip_dag to 2025-03-23 00:00:00+00:00, run_after=2025-03-24 00:00:00+00:00
[2025-03-24T21:48:52.841+0800] {processor.py:208} INFO - Processing /Users/dionneleow/IS3107/IS3107-group11/backend/venv/lib/python3.12/site-packages/airflow/example_dags/example_skip_dag.py took 0.091 seconds
[2025-03-24T21:50:43.600+0800] {processor.py:186} INFO - Started process (PID=63877) to work on /Users/dionneleow/IS3107/IS3107-group11/backend/venv/lib/python3.12/site-packages/airflow/example_dags/example_skip_dag.py
[2025-03-24T21:50:43.601+0800] {processor.py:914} INFO - Processing file /Users/dionneleow/IS3107/IS3107-group11/backend/venv/lib/python3.12/site-packages/airflow/example_dags/example_skip_dag.py for tasks to queue
[2025-03-24T21:50:43.601+0800] {logging_mixin.py:190} INFO - [2025-03-24T21:50:43.601+0800] {dagbag.py:588} INFO - Filling up the DagBag from /Users/dionneleow/IS3107/IS3107-group11/backend/venv/lib/python3.12/site-packages/airflow/example_dags/example_skip_dag.py
[2025-03-24T21:50:43.604+0800] {processor.py:925} INFO - DAG(s) 'example_skip_dag' retrieved from /Users/dionneleow/IS3107/IS3107-group11/backend/venv/lib/python3.12/site-packages/airflow/example_dags/example_skip_dag.py
[2025-03-24T21:50:43.638+0800] {logging_mixin.py:190} INFO - [2025-03-24T21:50:43.638+0800] {dag.py:3239} INFO - Sync 1 DAGs
[2025-03-24T21:50:43.646+0800] {logging_mixin.py:190} INFO - [2025-03-24T21:50:43.646+0800] {dag.py:4180} INFO - Setting next_dagrun for example_skip_dag to 2025-03-23 00:00:00+00:00, run_after=2025-03-24 00:00:00+00:00
[2025-03-24T21:50:43.679+0800] {processor.py:208} INFO - Processing /Users/dionneleow/IS3107/IS3107-group11/backend/venv/lib/python3.12/site-packages/airflow/example_dags/example_skip_dag.py took 0.081 seconds
[2025-03-24T21:51:58.860+0800] {processor.py:186} INFO - Started process (PID=64349) to work on /Users/dionneleow/IS3107/IS3107-group11/backend/venv/lib/python3.12/site-packages/airflow/example_dags/example_skip_dag.py
[2025-03-24T21:51:58.860+0800] {processor.py:914} INFO - Processing file /Users/dionneleow/IS3107/IS3107-group11/backend/venv/lib/python3.12/site-packages/airflow/example_dags/example_skip_dag.py for tasks to queue
[2025-03-24T21:51:58.861+0800] {logging_mixin.py:190} INFO - [2025-03-24T21:51:58.861+0800] {dagbag.py:588} INFO - Filling up the DagBag from /Users/dionneleow/IS3107/IS3107-group11/backend/venv/lib/python3.12/site-packages/airflow/example_dags/example_skip_dag.py
[2025-03-24T21:51:58.864+0800] {processor.py:925} INFO - DAG(s) 'example_skip_dag' retrieved from /Users/dionneleow/IS3107/IS3107-group11/backend/venv/lib/python3.12/site-packages/airflow/example_dags/example_skip_dag.py
[2025-03-24T21:51:58.898+0800] {logging_mixin.py:190} INFO - [2025-03-24T21:51:58.897+0800] {dag.py:3239} INFO - Sync 1 DAGs
[2025-03-24T21:51:58.903+0800] {logging_mixin.py:190} INFO - [2025-03-24T21:51:58.903+0800] {dag.py:4180} INFO - Setting next_dagrun for example_skip_dag to 2025-03-23 00:00:00+00:00, run_after=2025-03-24 00:00:00+00:00
[2025-03-24T21:51:58.935+0800] {processor.py:208} INFO - Processing /Users/dionneleow/IS3107/IS3107-group11/backend/venv/lib/python3.12/site-packages/airflow/example_dags/example_skip_dag.py took 0.077 seconds
[2025-03-24T21:53:08.332+0800] {processor.py:186} INFO - Started process (PID=64768) to work on /Users/dionneleow/IS3107/IS3107-group11/backend/venv/lib/python3.12/site-packages/airflow/example_dags/example_skip_dag.py
[2025-03-24T21:53:08.333+0800] {processor.py:914} INFO - Processing file /Users/dionneleow/IS3107/IS3107-group11/backend/venv/lib/python3.12/site-packages/airflow/example_dags/example_skip_dag.py for tasks to queue
[2025-03-24T21:53:08.334+0800] {logging_mixin.py:190} INFO - [2025-03-24T21:53:08.334+0800] {dagbag.py:588} INFO - Filling up the DagBag from /Users/dionneleow/IS3107/IS3107-group11/backend/venv/lib/python3.12/site-packages/airflow/example_dags/example_skip_dag.py
[2025-03-24T21:53:08.337+0800] {processor.py:925} INFO - DAG(s) 'example_skip_dag' retrieved from /Users/dionneleow/IS3107/IS3107-group11/backend/venv/lib/python3.12/site-packages/airflow/example_dags/example_skip_dag.py
[2025-03-24T21:53:08.373+0800] {logging_mixin.py:190} INFO - [2025-03-24T21:53:08.373+0800] {dag.py:3239} INFO - Sync 1 DAGs
[2025-03-24T21:53:08.379+0800] {logging_mixin.py:190} INFO - [2025-03-24T21:53:08.379+0800] {dag.py:4180} INFO - Setting next_dagrun for example_skip_dag to 2025-03-23 00:00:00+00:00, run_after=2025-03-24 00:00:00+00:00
[2025-03-24T21:53:08.417+0800] {processor.py:208} INFO - Processing /Users/dionneleow/IS3107/IS3107-group11/backend/venv/lib/python3.12/site-packages/airflow/example_dags/example_skip_dag.py took 0.086 seconds
[2025-03-24T21:55:22.241+0800] {processor.py:186} INFO - Started process (PID=65615) to work on /Users/dionneleow/IS3107/IS3107-group11/backend/venv/lib/python3.12/site-packages/airflow/example_dags/example_skip_dag.py
[2025-03-24T21:55:22.242+0800] {processor.py:914} INFO - Processing file /Users/dionneleow/IS3107/IS3107-group11/backend/venv/lib/python3.12/site-packages/airflow/example_dags/example_skip_dag.py for tasks to queue
[2025-03-24T21:55:22.242+0800] {logging_mixin.py:190} INFO - [2025-03-24T21:55:22.242+0800] {dagbag.py:588} INFO - Filling up the DagBag from /Users/dionneleow/IS3107/IS3107-group11/backend/venv/lib/python3.12/site-packages/airflow/example_dags/example_skip_dag.py
[2025-03-24T21:55:22.246+0800] {processor.py:925} INFO - DAG(s) 'example_skip_dag' retrieved from /Users/dionneleow/IS3107/IS3107-group11/backend/venv/lib/python3.12/site-packages/airflow/example_dags/example_skip_dag.py
[2025-03-24T21:55:22.280+0800] {logging_mixin.py:190} INFO - [2025-03-24T21:55:22.280+0800] {dag.py:3239} INFO - Sync 1 DAGs
[2025-03-24T21:55:22.285+0800] {logging_mixin.py:190} INFO - [2025-03-24T21:55:22.285+0800] {dag.py:4180} INFO - Setting next_dagrun for example_skip_dag to 2025-03-23 00:00:00+00:00, run_after=2025-03-24 00:00:00+00:00
[2025-03-24T21:55:22.317+0800] {processor.py:208} INFO - Processing /Users/dionneleow/IS3107/IS3107-group11/backend/venv/lib/python3.12/site-packages/airflow/example_dags/example_skip_dag.py took 0.084 seconds
[2025-03-24T21:56:33.270+0800] {processor.py:186} INFO - Started process (PID=66047) to work on /Users/dionneleow/IS3107/IS3107-group11/backend/venv/lib/python3.12/site-packages/airflow/example_dags/example_skip_dag.py
[2025-03-24T21:56:33.271+0800] {processor.py:914} INFO - Processing file /Users/dionneleow/IS3107/IS3107-group11/backend/venv/lib/python3.12/site-packages/airflow/example_dags/example_skip_dag.py for tasks to queue
[2025-03-24T21:56:33.272+0800] {logging_mixin.py:190} INFO - [2025-03-24T21:56:33.272+0800] {dagbag.py:588} INFO - Filling up the DagBag from /Users/dionneleow/IS3107/IS3107-group11/backend/venv/lib/python3.12/site-packages/airflow/example_dags/example_skip_dag.py
[2025-03-24T21:56:33.275+0800] {processor.py:925} INFO - DAG(s) 'example_skip_dag' retrieved from /Users/dionneleow/IS3107/IS3107-group11/backend/venv/lib/python3.12/site-packages/airflow/example_dags/example_skip_dag.py
[2025-03-24T21:56:33.308+0800] {logging_mixin.py:190} INFO - [2025-03-24T21:56:33.308+0800] {dag.py:3239} INFO - Sync 1 DAGs
[2025-03-24T21:56:33.313+0800] {logging_mixin.py:190} INFO - [2025-03-24T21:56:33.313+0800] {dag.py:4180} INFO - Setting next_dagrun for example_skip_dag to 2025-03-23 00:00:00+00:00, run_after=2025-03-24 00:00:00+00:00
[2025-03-24T21:56:33.343+0800] {processor.py:208} INFO - Processing /Users/dionneleow/IS3107/IS3107-group11/backend/venv/lib/python3.12/site-packages/airflow/example_dags/example_skip_dag.py took 0.074 seconds
[2025-03-24T21:57:39.816+0800] {processor.py:186} INFO - Started process (PID=66523) to work on /Users/dionneleow/IS3107/IS3107-group11/backend/venv/lib/python3.12/site-packages/airflow/example_dags/example_skip_dag.py
[2025-03-24T21:57:39.817+0800] {processor.py:914} INFO - Processing file /Users/dionneleow/IS3107/IS3107-group11/backend/venv/lib/python3.12/site-packages/airflow/example_dags/example_skip_dag.py for tasks to queue
[2025-03-24T21:57:39.817+0800] {logging_mixin.py:190} INFO - [2025-03-24T21:57:39.817+0800] {dagbag.py:588} INFO - Filling up the DagBag from /Users/dionneleow/IS3107/IS3107-group11/backend/venv/lib/python3.12/site-packages/airflow/example_dags/example_skip_dag.py
[2025-03-24T21:57:39.820+0800] {processor.py:925} INFO - DAG(s) 'example_skip_dag' retrieved from /Users/dionneleow/IS3107/IS3107-group11/backend/venv/lib/python3.12/site-packages/airflow/example_dags/example_skip_dag.py
[2025-03-24T21:57:39.853+0800] {logging_mixin.py:190} INFO - [2025-03-24T21:57:39.853+0800] {dag.py:3239} INFO - Sync 1 DAGs
[2025-03-24T21:57:39.861+0800] {logging_mixin.py:190} INFO - [2025-03-24T21:57:39.861+0800] {dag.py:4180} INFO - Setting next_dagrun for example_skip_dag to 2025-03-23 00:00:00+00:00, run_after=2025-03-24 00:00:00+00:00
[2025-03-24T21:57:39.892+0800] {processor.py:208} INFO - Processing /Users/dionneleow/IS3107/IS3107-group11/backend/venv/lib/python3.12/site-packages/airflow/example_dags/example_skip_dag.py took 0.077 seconds
[2025-03-24T21:58:50.861+0800] {processor.py:186} INFO - Started process (PID=66919) to work on /Users/dionneleow/IS3107/IS3107-group11/backend/venv/lib/python3.12/site-packages/airflow/example_dags/example_skip_dag.py
[2025-03-24T21:58:50.861+0800] {processor.py:914} INFO - Processing file /Users/dionneleow/IS3107/IS3107-group11/backend/venv/lib/python3.12/site-packages/airflow/example_dags/example_skip_dag.py for tasks to queue
[2025-03-24T21:58:50.862+0800] {logging_mixin.py:190} INFO - [2025-03-24T21:58:50.862+0800] {dagbag.py:588} INFO - Filling up the DagBag from /Users/dionneleow/IS3107/IS3107-group11/backend/venv/lib/python3.12/site-packages/airflow/example_dags/example_skip_dag.py
[2025-03-24T21:58:50.865+0800] {processor.py:925} INFO - DAG(s) 'example_skip_dag' retrieved from /Users/dionneleow/IS3107/IS3107-group11/backend/venv/lib/python3.12/site-packages/airflow/example_dags/example_skip_dag.py
[2025-03-24T21:58:50.898+0800] {logging_mixin.py:190} INFO - [2025-03-24T21:58:50.898+0800] {dag.py:3239} INFO - Sync 1 DAGs
[2025-03-24T21:58:50.905+0800] {logging_mixin.py:190} INFO - [2025-03-24T21:58:50.905+0800] {dag.py:4180} INFO - Setting next_dagrun for example_skip_dag to 2025-03-23 00:00:00+00:00, run_after=2025-03-24 00:00:00+00:00
[2025-03-24T21:58:50.936+0800] {processor.py:208} INFO - Processing /Users/dionneleow/IS3107/IS3107-group11/backend/venv/lib/python3.12/site-packages/airflow/example_dags/example_skip_dag.py took 0.077 seconds
[2025-03-24T22:00:54.172+0800] {processor.py:186} INFO - Started process (PID=67597) to work on /Users/dionneleow/IS3107/IS3107-group11/backend/venv/lib/python3.12/site-packages/airflow/example_dags/example_skip_dag.py
[2025-03-24T22:00:54.174+0800] {processor.py:914} INFO - Processing file /Users/dionneleow/IS3107/IS3107-group11/backend/venv/lib/python3.12/site-packages/airflow/example_dags/example_skip_dag.py for tasks to queue
[2025-03-24T22:00:54.175+0800] {logging_mixin.py:190} INFO - [2025-03-24T22:00:54.175+0800] {dagbag.py:588} INFO - Filling up the DagBag from /Users/dionneleow/IS3107/IS3107-group11/backend/venv/lib/python3.12/site-packages/airflow/example_dags/example_skip_dag.py
[2025-03-24T22:00:54.180+0800] {processor.py:925} INFO - DAG(s) 'example_skip_dag' retrieved from /Users/dionneleow/IS3107/IS3107-group11/backend/venv/lib/python3.12/site-packages/airflow/example_dags/example_skip_dag.py
[2025-03-24T22:00:54.227+0800] {logging_mixin.py:190} INFO - [2025-03-24T22:00:54.227+0800] {dag.py:3239} INFO - Sync 1 DAGs
[2025-03-24T22:00:54.234+0800] {logging_mixin.py:190} INFO - [2025-03-24T22:00:54.234+0800] {dag.py:4180} INFO - Setting next_dagrun for example_skip_dag to 2025-03-23 00:00:00+00:00, run_after=2025-03-24 00:00:00+00:00
[2025-03-24T22:00:54.270+0800] {processor.py:208} INFO - Processing /Users/dionneleow/IS3107/IS3107-group11/backend/venv/lib/python3.12/site-packages/airflow/example_dags/example_skip_dag.py took 0.099 seconds
[2025-03-24T22:02:00.184+0800] {processor.py:186} INFO - Started process (PID=67992) to work on /Users/dionneleow/IS3107/IS3107-group11/backend/venv/lib/python3.12/site-packages/airflow/example_dags/example_skip_dag.py
[2025-03-24T22:02:00.185+0800] {processor.py:914} INFO - Processing file /Users/dionneleow/IS3107/IS3107-group11/backend/venv/lib/python3.12/site-packages/airflow/example_dags/example_skip_dag.py for tasks to queue
[2025-03-24T22:02:00.186+0800] {logging_mixin.py:190} INFO - [2025-03-24T22:02:00.185+0800] {dagbag.py:588} INFO - Filling up the DagBag from /Users/dionneleow/IS3107/IS3107-group11/backend/venv/lib/python3.12/site-packages/airflow/example_dags/example_skip_dag.py
[2025-03-24T22:02:00.188+0800] {processor.py:925} INFO - DAG(s) 'example_skip_dag' retrieved from /Users/dionneleow/IS3107/IS3107-group11/backend/venv/lib/python3.12/site-packages/airflow/example_dags/example_skip_dag.py
[2025-03-24T22:02:00.220+0800] {logging_mixin.py:190} INFO - [2025-03-24T22:02:00.220+0800] {dag.py:3239} INFO - Sync 1 DAGs
[2025-03-24T22:02:00.226+0800] {logging_mixin.py:190} INFO - [2025-03-24T22:02:00.226+0800] {dag.py:4180} INFO - Setting next_dagrun for example_skip_dag to 2025-03-23 00:00:00+00:00, run_after=2025-03-24 00:00:00+00:00
[2025-03-24T22:02:00.259+0800] {processor.py:208} INFO - Processing /Users/dionneleow/IS3107/IS3107-group11/backend/venv/lib/python3.12/site-packages/airflow/example_dags/example_skip_dag.py took 0.076 seconds
[2025-03-24T22:04:13.868+0800] {processor.py:186} INFO - Started process (PID=68833) to work on /Users/dionneleow/IS3107/IS3107-group11/backend/venv/lib/python3.12/site-packages/airflow/example_dags/example_skip_dag.py
[2025-03-24T22:04:13.869+0800] {processor.py:914} INFO - Processing file /Users/dionneleow/IS3107/IS3107-group11/backend/venv/lib/python3.12/site-packages/airflow/example_dags/example_skip_dag.py for tasks to queue
[2025-03-24T22:04:13.869+0800] {logging_mixin.py:190} INFO - [2025-03-24T22:04:13.869+0800] {dagbag.py:588} INFO - Filling up the DagBag from /Users/dionneleow/IS3107/IS3107-group11/backend/venv/lib/python3.12/site-packages/airflow/example_dags/example_skip_dag.py
[2025-03-24T22:04:13.872+0800] {processor.py:925} INFO - DAG(s) 'example_skip_dag' retrieved from /Users/dionneleow/IS3107/IS3107-group11/backend/venv/lib/python3.12/site-packages/airflow/example_dags/example_skip_dag.py
[2025-03-24T22:04:13.903+0800] {logging_mixin.py:190} INFO - [2025-03-24T22:04:13.903+0800] {dag.py:3239} INFO - Sync 1 DAGs
[2025-03-24T22:04:13.908+0800] {logging_mixin.py:190} INFO - [2025-03-24T22:04:13.908+0800] {dag.py:4180} INFO - Setting next_dagrun for example_skip_dag to 2025-03-23 00:00:00+00:00, run_after=2025-03-24 00:00:00+00:00
[2025-03-24T22:04:13.938+0800] {processor.py:208} INFO - Processing /Users/dionneleow/IS3107/IS3107-group11/backend/venv/lib/python3.12/site-packages/airflow/example_dags/example_skip_dag.py took 0.071 seconds
[2025-03-24T22:05:22.893+0800] {processor.py:186} INFO - Started process (PID=69179) to work on /Users/dionneleow/IS3107/IS3107-group11/backend/venv/lib/python3.12/site-packages/airflow/example_dags/example_skip_dag.py
[2025-03-24T22:05:22.893+0800] {processor.py:914} INFO - Processing file /Users/dionneleow/IS3107/IS3107-group11/backend/venv/lib/python3.12/site-packages/airflow/example_dags/example_skip_dag.py for tasks to queue
[2025-03-24T22:05:22.894+0800] {logging_mixin.py:190} INFO - [2025-03-24T22:05:22.894+0800] {dagbag.py:588} INFO - Filling up the DagBag from /Users/dionneleow/IS3107/IS3107-group11/backend/venv/lib/python3.12/site-packages/airflow/example_dags/example_skip_dag.py
[2025-03-24T22:05:22.896+0800] {processor.py:925} INFO - DAG(s) 'example_skip_dag' retrieved from /Users/dionneleow/IS3107/IS3107-group11/backend/venv/lib/python3.12/site-packages/airflow/example_dags/example_skip_dag.py
[2025-03-24T22:05:22.927+0800] {logging_mixin.py:190} INFO - [2025-03-24T22:05:22.927+0800] {dag.py:3239} INFO - Sync 1 DAGs
[2025-03-24T22:05:22.933+0800] {logging_mixin.py:190} INFO - [2025-03-24T22:05:22.933+0800] {dag.py:4180} INFO - Setting next_dagrun for example_skip_dag to 2025-03-23 00:00:00+00:00, run_after=2025-03-24 00:00:00+00:00
[2025-03-24T22:05:22.964+0800] {processor.py:208} INFO - Processing /Users/dionneleow/IS3107/IS3107-group11/backend/venv/lib/python3.12/site-packages/airflow/example_dags/example_skip_dag.py took 0.072 seconds
[2025-03-24T22:06:30.735+0800] {processor.py:186} INFO - Started process (PID=69523) to work on /Users/dionneleow/IS3107/IS3107-group11/backend/venv/lib/python3.12/site-packages/airflow/example_dags/example_skip_dag.py
[2025-03-24T22:06:30.736+0800] {processor.py:914} INFO - Processing file /Users/dionneleow/IS3107/IS3107-group11/backend/venv/lib/python3.12/site-packages/airflow/example_dags/example_skip_dag.py for tasks to queue
[2025-03-24T22:06:30.736+0800] {logging_mixin.py:190} INFO - [2025-03-24T22:06:30.736+0800] {dagbag.py:588} INFO - Filling up the DagBag from /Users/dionneleow/IS3107/IS3107-group11/backend/venv/lib/python3.12/site-packages/airflow/example_dags/example_skip_dag.py
[2025-03-24T22:06:30.740+0800] {processor.py:925} INFO - DAG(s) 'example_skip_dag' retrieved from /Users/dionneleow/IS3107/IS3107-group11/backend/venv/lib/python3.12/site-packages/airflow/example_dags/example_skip_dag.py
[2025-03-24T22:06:30.777+0800] {logging_mixin.py:190} INFO - [2025-03-24T22:06:30.777+0800] {dag.py:3239} INFO - Sync 1 DAGs
[2025-03-24T22:06:30.785+0800] {logging_mixin.py:190} INFO - [2025-03-24T22:06:30.785+0800] {dag.py:4180} INFO - Setting next_dagrun for example_skip_dag to 2025-03-23 00:00:00+00:00, run_after=2025-03-24 00:00:00+00:00
[2025-03-24T22:06:30.818+0800] {processor.py:208} INFO - Processing /Users/dionneleow/IS3107/IS3107-group11/backend/venv/lib/python3.12/site-packages/airflow/example_dags/example_skip_dag.py took 0.084 seconds
[2025-03-24T22:07:42.805+0800] {processor.py:186} INFO - Started process (PID=69922) to work on /Users/dionneleow/IS3107/IS3107-group11/backend/venv/lib/python3.12/site-packages/airflow/example_dags/example_skip_dag.py
[2025-03-24T22:07:42.806+0800] {processor.py:914} INFO - Processing file /Users/dionneleow/IS3107/IS3107-group11/backend/venv/lib/python3.12/site-packages/airflow/example_dags/example_skip_dag.py for tasks to queue
[2025-03-24T22:07:42.806+0800] {logging_mixin.py:190} INFO - [2025-03-24T22:07:42.806+0800] {dagbag.py:588} INFO - Filling up the DagBag from /Users/dionneleow/IS3107/IS3107-group11/backend/venv/lib/python3.12/site-packages/airflow/example_dags/example_skip_dag.py
[2025-03-24T22:07:42.809+0800] {processor.py:925} INFO - DAG(s) 'example_skip_dag' retrieved from /Users/dionneleow/IS3107/IS3107-group11/backend/venv/lib/python3.12/site-packages/airflow/example_dags/example_skip_dag.py
[2025-03-24T22:07:42.841+0800] {logging_mixin.py:190} INFO - [2025-03-24T22:07:42.841+0800] {dag.py:3239} INFO - Sync 1 DAGs
[2025-03-24T22:07:42.847+0800] {logging_mixin.py:190} INFO - [2025-03-24T22:07:42.847+0800] {dag.py:4180} INFO - Setting next_dagrun for example_skip_dag to 2025-03-23 00:00:00+00:00, run_after=2025-03-24 00:00:00+00:00
[2025-03-24T22:07:42.877+0800] {processor.py:208} INFO - Processing /Users/dionneleow/IS3107/IS3107-group11/backend/venv/lib/python3.12/site-packages/airflow/example_dags/example_skip_dag.py took 0.073 seconds
[2025-03-24T22:08:54.258+0800] {processor.py:186} INFO - Started process (PID=70304) to work on /Users/dionneleow/IS3107/IS3107-group11/backend/venv/lib/python3.12/site-packages/airflow/example_dags/example_skip_dag.py
[2025-03-24T22:08:54.259+0800] {processor.py:914} INFO - Processing file /Users/dionneleow/IS3107/IS3107-group11/backend/venv/lib/python3.12/site-packages/airflow/example_dags/example_skip_dag.py for tasks to queue
[2025-03-24T22:08:54.259+0800] {logging_mixin.py:190} INFO - [2025-03-24T22:08:54.259+0800] {dagbag.py:588} INFO - Filling up the DagBag from /Users/dionneleow/IS3107/IS3107-group11/backend/venv/lib/python3.12/site-packages/airflow/example_dags/example_skip_dag.py
[2025-03-24T22:08:54.262+0800] {processor.py:925} INFO - DAG(s) 'example_skip_dag' retrieved from /Users/dionneleow/IS3107/IS3107-group11/backend/venv/lib/python3.12/site-packages/airflow/example_dags/example_skip_dag.py
[2025-03-24T22:08:54.295+0800] {logging_mixin.py:190} INFO - [2025-03-24T22:08:54.295+0800] {dag.py:3239} INFO - Sync 1 DAGs
[2025-03-24T22:08:54.303+0800] {logging_mixin.py:190} INFO - [2025-03-24T22:08:54.302+0800] {dag.py:4180} INFO - Setting next_dagrun for example_skip_dag to 2025-03-23 00:00:00+00:00, run_after=2025-03-24 00:00:00+00:00
[2025-03-24T22:08:54.334+0800] {processor.py:208} INFO - Processing /Users/dionneleow/IS3107/IS3107-group11/backend/venv/lib/python3.12/site-packages/airflow/example_dags/example_skip_dag.py took 0.077 seconds
