[2025-03-24T21:49:14.870+0800] {processor.py:186} INFO - Started process (PID=63226) to work on /Users/dionneleow/IS3107/IS3107-group11/backend/venv/lib/python3.12/site-packages/airflow/example_dags/example_params_trigger_ui.py
[2025-03-24T21:49:14.870+0800] {processor.py:914} INFO - Processing file /Users/dionneleow/IS3107/IS3107-group11/backend/venv/lib/python3.12/site-packages/airflow/example_dags/example_params_trigger_ui.py for tasks to queue
[2025-03-24T21:49:14.870+0800] {logging_mixin.py:190} INFO - [2025-03-24T21:49:14.870+0800] {dagbag.py:588} INFO - Filling up the DagBag from /Users/dionneleow/IS3107/IS3107-group11/backend/venv/lib/python3.12/site-packages/airflow/example_dags/example_params_trigger_ui.py
[2025-03-24T21:49:14.885+0800] {processor.py:925} INFO - DAG(s) 'example_params_trigger_ui' retrieved from /Users/dionneleow/IS3107/IS3107-group11/backend/venv/lib/python3.12/site-packages/airflow/example_dags/example_params_trigger_ui.py
[2025-03-24T21:49:14.980+0800] {logging_mixin.py:190} INFO - [2025-03-24T21:49:14.980+0800] {override.py:1912} INFO - Created Permission View: can edit on DAG:example_params_trigger_ui
[2025-03-24T21:49:14.983+0800] {logging_mixin.py:190} INFO - [2025-03-24T21:49:14.983+0800] {override.py:1912} INFO - Created Permission View: can read on DAG:example_params_trigger_ui
[2025-03-24T21:49:14.985+0800] {logging_mixin.py:190} INFO - [2025-03-24T21:49:14.985+0800] {override.py:1912} INFO - Created Permission View: can delete on DAG:example_params_trigger_ui
[2025-03-24T21:49:14.988+0800] {logging_mixin.py:190} INFO - [2025-03-24T21:49:14.988+0800] {override.py:1912} INFO - Created Permission View: menu access on DAG Run:example_params_trigger_ui
[2025-03-24T21:49:14.990+0800] {logging_mixin.py:190} INFO - [2025-03-24T21:49:14.990+0800] {override.py:1912} INFO - Created Permission View: can read on DAG Run:example_params_trigger_ui
[2025-03-24T21:49:14.992+0800] {logging_mixin.py:190} INFO - [2025-03-24T21:49:14.992+0800] {override.py:1912} INFO - Created Permission View: can create on DAG Run:example_params_trigger_ui
[2025-03-24T21:49:14.994+0800] {logging_mixin.py:190} INFO - [2025-03-24T21:49:14.993+0800] {override.py:1912} INFO - Created Permission View: can delete on DAG Run:example_params_trigger_ui
[2025-03-24T21:49:14.994+0800] {logging_mixin.py:190} INFO - [2025-03-24T21:49:14.994+0800] {dag.py:3239} INFO - Sync 1 DAGs
[2025-03-24T21:49:14.997+0800] {logging_mixin.py:190} INFO - [2025-03-24T21:49:14.997+0800] {dag.py:3262} INFO - Creating ORM DAG for example_params_trigger_ui
[2025-03-24T21:49:14.998+0800] {logging_mixin.py:190} INFO - [2025-03-24T21:49:14.998+0800] {dag.py:4180} INFO - Setting next_dagrun for example_params_trigger_ui to None, run_after=None
[2025-03-24T21:49:15.009+0800] {processor.py:208} INFO - Processing /Users/dionneleow/IS3107/IS3107-group11/backend/venv/lib/python3.12/site-packages/airflow/example_dags/example_params_trigger_ui.py took 0.140 seconds
[2025-03-24T21:51:03.816+0800] {processor.py:186} INFO - Started process (PID=64025) to work on /Users/dionneleow/IS3107/IS3107-group11/backend/venv/lib/python3.12/site-packages/airflow/example_dags/example_params_trigger_ui.py
[2025-03-24T21:51:03.817+0800] {processor.py:914} INFO - Processing file /Users/dionneleow/IS3107/IS3107-group11/backend/venv/lib/python3.12/site-packages/airflow/example_dags/example_params_trigger_ui.py for tasks to queue
[2025-03-24T21:51:03.817+0800] {logging_mixin.py:190} INFO - [2025-03-24T21:51:03.817+0800] {dagbag.py:588} INFO - Filling up the DagBag from /Users/dionneleow/IS3107/IS3107-group11/backend/venv/lib/python3.12/site-packages/airflow/example_dags/example_params_trigger_ui.py
[2025-03-24T21:51:03.832+0800] {processor.py:925} INFO - DAG(s) 'example_params_trigger_ui' retrieved from /Users/dionneleow/IS3107/IS3107-group11/backend/venv/lib/python3.12/site-packages/airflow/example_dags/example_params_trigger_ui.py
[2025-03-24T21:51:03.904+0800] {logging_mixin.py:190} INFO - [2025-03-24T21:51:03.904+0800] {dag.py:3239} INFO - Sync 1 DAGs
[2025-03-24T21:51:03.908+0800] {logging_mixin.py:190} INFO - [2025-03-24T21:51:03.908+0800] {dag.py:4180} INFO - Setting next_dagrun for example_params_trigger_ui to None, run_after=None
[2025-03-24T21:51:03.914+0800] {processor.py:208} INFO - Processing /Users/dionneleow/IS3107/IS3107-group11/backend/venv/lib/python3.12/site-packages/airflow/example_dags/example_params_trigger_ui.py took 0.100 seconds
[2025-03-24T21:53:22.287+0800] {processor.py:186} INFO - Started process (PID=64851) to work on /Users/dionneleow/IS3107/IS3107-group11/backend/venv/lib/python3.12/site-packages/airflow/example_dags/example_params_trigger_ui.py
[2025-03-24T21:53:22.288+0800] {processor.py:914} INFO - Processing file /Users/dionneleow/IS3107/IS3107-group11/backend/venv/lib/python3.12/site-packages/airflow/example_dags/example_params_trigger_ui.py for tasks to queue
[2025-03-24T21:53:22.288+0800] {logging_mixin.py:190} INFO - [2025-03-24T21:53:22.288+0800] {dagbag.py:588} INFO - Filling up the DagBag from /Users/dionneleow/IS3107/IS3107-group11/backend/venv/lib/python3.12/site-packages/airflow/example_dags/example_params_trigger_ui.py
[2025-03-24T21:53:22.302+0800] {processor.py:925} INFO - DAG(s) 'example_params_trigger_ui' retrieved from /Users/dionneleow/IS3107/IS3107-group11/backend/venv/lib/python3.12/site-packages/airflow/example_dags/example_params_trigger_ui.py
[2025-03-24T21:53:22.365+0800] {logging_mixin.py:190} INFO - [2025-03-24T21:53:22.365+0800] {dag.py:3239} INFO - Sync 1 DAGs
[2025-03-24T21:53:22.369+0800] {logging_mixin.py:190} INFO - [2025-03-24T21:53:22.369+0800] {dag.py:4180} INFO - Setting next_dagrun for example_params_trigger_ui to None, run_after=None
[2025-03-24T21:53:22.380+0800] {processor.py:208} INFO - Processing /Users/dionneleow/IS3107/IS3107-group11/backend/venv/lib/python3.12/site-packages/airflow/example_dags/example_params_trigger_ui.py took 0.095 seconds
[2025-03-24T21:55:38.437+0800] {processor.py:186} INFO - Started process (PID=65715) to work on /Users/dionneleow/IS3107/IS3107-group11/backend/venv/lib/python3.12/site-packages/airflow/example_dags/example_params_trigger_ui.py
[2025-03-24T21:55:38.438+0800] {processor.py:914} INFO - Processing file /Users/dionneleow/IS3107/IS3107-group11/backend/venv/lib/python3.12/site-packages/airflow/example_dags/example_params_trigger_ui.py for tasks to queue
[2025-03-24T21:55:38.438+0800] {logging_mixin.py:190} INFO - [2025-03-24T21:55:38.438+0800] {dagbag.py:588} INFO - Filling up the DagBag from /Users/dionneleow/IS3107/IS3107-group11/backend/venv/lib/python3.12/site-packages/airflow/example_dags/example_params_trigger_ui.py
[2025-03-24T21:55:38.454+0800] {processor.py:925} INFO - DAG(s) 'example_params_trigger_ui' retrieved from /Users/dionneleow/IS3107/IS3107-group11/backend/venv/lib/python3.12/site-packages/airflow/example_dags/example_params_trigger_ui.py
[2025-03-24T21:55:38.518+0800] {logging_mixin.py:190} INFO - [2025-03-24T21:55:38.518+0800] {dag.py:3239} INFO - Sync 1 DAGs
[2025-03-24T21:55:38.522+0800] {logging_mixin.py:190} INFO - [2025-03-24T21:55:38.522+0800] {dag.py:4180} INFO - Setting next_dagrun for example_params_trigger_ui to None, run_after=None
[2025-03-24T21:55:38.529+0800] {processor.py:208} INFO - Processing /Users/dionneleow/IS3107/IS3107-group11/backend/venv/lib/python3.12/site-packages/airflow/example_dags/example_params_trigger_ui.py took 0.093 seconds
