[2025-03-24T21:48:03.741+0800] {processor.py:186} INFO - Started process (PID=62640) to work on /Users/dionneleow/IS3107/IS3107-group11/backend/venv/lib/python3.12/site-packages/airflow/example_dags/example_setup_teardown_taskflow.py
[2025-03-24T21:48:03.742+0800] {processor.py:914} INFO - Processing file /Users/dionneleow/IS3107/IS3107-group11/backend/venv/lib/python3.12/site-packages/airflow/example_dags/example_setup_teardown_taskflow.py for tasks to queue
[2025-03-24T21:48:03.743+0800] {logging_mixin.py:190} INFO - [2025-03-24T21:48:03.742+0800] {dagbag.py:588} INFO - Filling up the DagBag from /Users/dionneleow/IS3107/IS3107-group11/backend/venv/lib/python3.12/site-packages/airflow/example_dags/example_setup_teardown_taskflow.py
[2025-03-24T21:48:03.767+0800] {processor.py:925} INFO - DAG(s) 'example_setup_teardown_taskflow' retrieved from /Users/dionneleow/IS3107/IS3107-group11/backend/venv/lib/python3.12/site-packages/airflow/example_dags/example_setup_teardown_taskflow.py
[2025-03-24T21:48:59.043+0800] {processor.py:186} INFO - Started process (PID=63083) to work on /Users/dionneleow/IS3107/IS3107-group11/backend/venv/lib/python3.12/site-packages/airflow/example_dags/example_setup_teardown_taskflow.py
[2025-03-24T21:48:59.047+0800] {processor.py:914} INFO - Processing file /Users/dionneleow/IS3107/IS3107-group11/backend/venv/lib/python3.12/site-packages/airflow/example_dags/example_setup_teardown_taskflow.py for tasks to queue
[2025-03-24T21:48:59.048+0800] {logging_mixin.py:190} INFO - [2025-03-24T21:48:59.048+0800] {dagbag.py:588} INFO - Filling up the DagBag from /Users/dionneleow/IS3107/IS3107-group11/backend/venv/lib/python3.12/site-packages/airflow/example_dags/example_setup_teardown_taskflow.py
[2025-03-24T21:48:59.068+0800] {processor.py:925} INFO - DAG(s) 'example_setup_teardown_taskflow' retrieved from /Users/dionneleow/IS3107/IS3107-group11/backend/venv/lib/python3.12/site-packages/airflow/example_dags/example_setup_teardown_taskflow.py
[2025-03-24T21:48:59.195+0800] {logging_mixin.py:190} INFO - [2025-03-24T21:48:59.195+0800] {override.py:1912} INFO - Created Permission View: can delete on DAG:example_setup_teardown_taskflow
[2025-03-24T21:48:59.198+0800] {logging_mixin.py:190} INFO - [2025-03-24T21:48:59.198+0800] {override.py:1912} INFO - Created Permission View: can edit on DAG:example_setup_teardown_taskflow
[2025-03-24T21:48:59.200+0800] {logging_mixin.py:190} INFO - [2025-03-24T21:48:59.200+0800] {override.py:1912} INFO - Created Permission View: can read on DAG:example_setup_teardown_taskflow
[2025-03-24T21:48:59.202+0800] {logging_mixin.py:190} INFO - [2025-03-24T21:48:59.202+0800] {override.py:1912} INFO - Created Permission View: menu access on DAG Run:example_setup_teardown_taskflow
[2025-03-24T21:48:59.204+0800] {logging_mixin.py:190} INFO - [2025-03-24T21:48:59.204+0800] {override.py:1912} INFO - Created Permission View: can delete on DAG Run:example_setup_teardown_taskflow
[2025-03-24T21:48:59.206+0800] {logging_mixin.py:190} INFO - [2025-03-24T21:48:59.206+0800] {override.py:1912} INFO - Created Permission View: can create on DAG Run:example_setup_teardown_taskflow
[2025-03-24T21:48:59.209+0800] {logging_mixin.py:190} INFO - [2025-03-24T21:48:59.208+0800] {override.py:1912} INFO - Created Permission View: can read on DAG Run:example_setup_teardown_taskflow
[2025-03-24T21:48:59.209+0800] {logging_mixin.py:190} INFO - [2025-03-24T21:48:59.209+0800] {dag.py:3239} INFO - Sync 1 DAGs
[2025-03-24T21:48:59.213+0800] {logging_mixin.py:190} INFO - [2025-03-24T21:48:59.213+0800] {dag.py:3262} INFO - Creating ORM DAG for example_setup_teardown_taskflow
[2025-03-24T21:48:59.213+0800] {logging_mixin.py:190} INFO - [2025-03-24T21:48:59.213+0800] {dag.py:4180} INFO - Setting next_dagrun for example_setup_teardown_taskflow to None, run_after=None
[2025-03-24T21:48:59.221+0800] {processor.py:208} INFO - Processing /Users/dionneleow/IS3107/IS3107-group11/backend/venv/lib/python3.12/site-packages/airflow/example_dags/example_setup_teardown_taskflow.py took 0.179 seconds
[2025-03-24T21:50:49.587+0800] {processor.py:186} INFO - Started process (PID=63918) to work on /Users/dionneleow/IS3107/IS3107-group11/backend/venv/lib/python3.12/site-packages/airflow/example_dags/example_setup_teardown_taskflow.py
[2025-03-24T21:50:49.588+0800] {processor.py:914} INFO - Processing file /Users/dionneleow/IS3107/IS3107-group11/backend/venv/lib/python3.12/site-packages/airflow/example_dags/example_setup_teardown_taskflow.py for tasks to queue
[2025-03-24T21:50:49.588+0800] {logging_mixin.py:190} INFO - [2025-03-24T21:50:49.588+0800] {dagbag.py:588} INFO - Filling up the DagBag from /Users/dionneleow/IS3107/IS3107-group11/backend/venv/lib/python3.12/site-packages/airflow/example_dags/example_setup_teardown_taskflow.py
[2025-03-24T21:50:49.604+0800] {processor.py:925} INFO - DAG(s) 'example_setup_teardown_taskflow' retrieved from /Users/dionneleow/IS3107/IS3107-group11/backend/venv/lib/python3.12/site-packages/airflow/example_dags/example_setup_teardown_taskflow.py
[2025-03-24T21:50:49.664+0800] {logging_mixin.py:190} INFO - [2025-03-24T21:50:49.663+0800] {dag.py:3239} INFO - Sync 1 DAGs
[2025-03-24T21:50:49.667+0800] {logging_mixin.py:190} INFO - [2025-03-24T21:50:49.667+0800] {dag.py:4180} INFO - Setting next_dagrun for example_setup_teardown_taskflow to None, run_after=None
[2025-03-24T21:50:49.677+0800] {processor.py:208} INFO - Processing /Users/dionneleow/IS3107/IS3107-group11/backend/venv/lib/python3.12/site-packages/airflow/example_dags/example_setup_teardown_taskflow.py took 0.091 seconds
[2025-03-24T21:52:03.956+0800] {processor.py:186} INFO - Started process (PID=64374) to work on /Users/dionneleow/IS3107/IS3107-group11/backend/venv/lib/python3.12/site-packages/airflow/example_dags/example_setup_teardown_taskflow.py
[2025-03-24T21:52:03.957+0800] {processor.py:914} INFO - Processing file /Users/dionneleow/IS3107/IS3107-group11/backend/venv/lib/python3.12/site-packages/airflow/example_dags/example_setup_teardown_taskflow.py for tasks to queue
[2025-03-24T21:52:03.957+0800] {logging_mixin.py:190} INFO - [2025-03-24T21:52:03.957+0800] {dagbag.py:588} INFO - Filling up the DagBag from /Users/dionneleow/IS3107/IS3107-group11/backend/venv/lib/python3.12/site-packages/airflow/example_dags/example_setup_teardown_taskflow.py
[2025-03-24T21:52:03.975+0800] {processor.py:925} INFO - DAG(s) 'example_setup_teardown_taskflow' retrieved from /Users/dionneleow/IS3107/IS3107-group11/backend/venv/lib/python3.12/site-packages/airflow/example_dags/example_setup_teardown_taskflow.py
[2025-03-24T21:52:04.037+0800] {logging_mixin.py:190} INFO - [2025-03-24T21:52:04.037+0800] {dag.py:3239} INFO - Sync 1 DAGs
[2025-03-24T21:52:04.041+0800] {logging_mixin.py:190} INFO - [2025-03-24T21:52:04.041+0800] {dag.py:4180} INFO - Setting next_dagrun for example_setup_teardown_taskflow to None, run_after=None
[2025-03-24T21:52:04.048+0800] {processor.py:208} INFO - Processing /Users/dionneleow/IS3107/IS3107-group11/backend/venv/lib/python3.12/site-packages/airflow/example_dags/example_setup_teardown_taskflow.py took 0.093 seconds
[2025-03-24T21:54:16.678+0800] {processor.py:186} INFO - Started process (PID=65191) to work on /Users/dionneleow/IS3107/IS3107-group11/backend/venv/lib/python3.12/site-packages/airflow/example_dags/example_setup_teardown_taskflow.py
[2025-03-24T21:54:16.678+0800] {processor.py:914} INFO - Processing file /Users/dionneleow/IS3107/IS3107-group11/backend/venv/lib/python3.12/site-packages/airflow/example_dags/example_setup_teardown_taskflow.py for tasks to queue
[2025-03-24T21:54:16.679+0800] {logging_mixin.py:190} INFO - [2025-03-24T21:54:16.679+0800] {dagbag.py:588} INFO - Filling up the DagBag from /Users/dionneleow/IS3107/IS3107-group11/backend/venv/lib/python3.12/site-packages/airflow/example_dags/example_setup_teardown_taskflow.py
[2025-03-24T21:54:16.692+0800] {processor.py:925} INFO - DAG(s) 'example_setup_teardown_taskflow' retrieved from /Users/dionneleow/IS3107/IS3107-group11/backend/venv/lib/python3.12/site-packages/airflow/example_dags/example_setup_teardown_taskflow.py
[2025-03-24T21:54:16.755+0800] {logging_mixin.py:190} INFO - [2025-03-24T21:54:16.755+0800] {dag.py:3239} INFO - Sync 1 DAGs
[2025-03-24T21:54:16.759+0800] {logging_mixin.py:190} INFO - [2025-03-24T21:54:16.759+0800] {dag.py:4180} INFO - Setting next_dagrun for example_setup_teardown_taskflow to None, run_after=None
[2025-03-24T21:54:16.766+0800] {processor.py:208} INFO - Processing /Users/dionneleow/IS3107/IS3107-group11/backend/venv/lib/python3.12/site-packages/airflow/example_dags/example_setup_teardown_taskflow.py took 0.090 seconds
[2025-03-24T21:56:37.441+0800] {processor.py:186} INFO - Started process (PID=66072) to work on /Users/dionneleow/IS3107/IS3107-group11/backend/venv/lib/python3.12/site-packages/airflow/example_dags/example_setup_teardown_taskflow.py
[2025-03-24T21:56:37.441+0800] {processor.py:914} INFO - Processing file /Users/dionneleow/IS3107/IS3107-group11/backend/venv/lib/python3.12/site-packages/airflow/example_dags/example_setup_teardown_taskflow.py for tasks to queue
[2025-03-24T21:56:37.442+0800] {logging_mixin.py:190} INFO - [2025-03-24T21:56:37.442+0800] {dagbag.py:588} INFO - Filling up the DagBag from /Users/dionneleow/IS3107/IS3107-group11/backend/venv/lib/python3.12/site-packages/airflow/example_dags/example_setup_teardown_taskflow.py
[2025-03-24T21:56:37.456+0800] {processor.py:925} INFO - DAG(s) 'example_setup_teardown_taskflow' retrieved from /Users/dionneleow/IS3107/IS3107-group11/backend/venv/lib/python3.12/site-packages/airflow/example_dags/example_setup_teardown_taskflow.py
[2025-03-24T21:56:37.510+0800] {logging_mixin.py:190} INFO - [2025-03-24T21:56:37.510+0800] {dag.py:3239} INFO - Sync 1 DAGs
[2025-03-24T21:56:37.515+0800] {logging_mixin.py:190} INFO - [2025-03-24T21:56:37.515+0800] {dag.py:4180} INFO - Setting next_dagrun for example_setup_teardown_taskflow to None, run_after=None
[2025-03-24T21:56:37.521+0800] {processor.py:208} INFO - Processing /Users/dionneleow/IS3107/IS3107-group11/backend/venv/lib/python3.12/site-packages/airflow/example_dags/example_setup_teardown_taskflow.py took 0.082 seconds
