[2025-03-24T21:47:47.252+0800] {processor.py:186} INFO - Started process (PID=62537) to work on /Users/dionneleow/IS3107/IS3107-group11/backend/venv/lib/python3.12/site-packages/airflow/example_dags/example_sla_dag.py
[2025-03-24T21:47:47.254+0800] {processor.py:914} INFO - Processing file /Users/dionneleow/IS3107/IS3107-group11/backend/venv/lib/python3.12/site-packages/airflow/example_dags/example_sla_dag.py for tasks to queue
[2025-03-24T21:47:47.255+0800] {logging_mixin.py:190} INFO - [2025-03-24T21:47:47.255+0800] {dagbag.py:588} INFO - Filling up the DagBag from /Users/dionneleow/IS3107/IS3107-group11/backend/venv/lib/python3.12/site-packages/airflow/example_dags/example_sla_dag.py
[2025-03-24T21:47:47.322+0800] {processor.py:925} INFO - DAG(s) 'example_sla_dag' retrieved from /Users/dionneleow/IS3107/IS3107-group11/backend/venv/lib/python3.12/site-packages/airflow/example_dags/example_sla_dag.py
[2025-03-24T21:47:47.710+0800] {logging_mixin.py:190} INFO - [2025-03-24T21:47:47.709+0800] {override.py:1912} INFO - Created Permission View: can read on DAG:example_sla_dag
[2025-03-24T21:47:47.726+0800] {logging_mixin.py:190} INFO - [2025-03-24T21:47:47.725+0800] {override.py:1912} INFO - Created Permission View: can edit on DAG:example_sla_dag
[2025-03-24T21:47:47.737+0800] {logging_mixin.py:190} INFO - [2025-03-24T21:47:47.737+0800] {override.py:1912} INFO - Created Permission View: can delete on DAG:example_sla_dag
[2025-03-24T21:47:47.754+0800] {logging_mixin.py:190} INFO - [2025-03-24T21:47:47.753+0800] {override.py:1912} INFO - Created Permission View: menu access on DAG Run:example_sla_dag
[2025-03-24T21:47:47.768+0800] {logging_mixin.py:190} INFO - [2025-03-24T21:47:47.768+0800] {override.py:1912} INFO - Created Permission View: can read on DAG Run:example_sla_dag
[2025-03-24T21:47:47.781+0800] {logging_mixin.py:190} INFO - [2025-03-24T21:47:47.781+0800] {override.py:1912} INFO - Created Permission View: can create on DAG Run:example_sla_dag
[2025-03-24T21:47:47.797+0800] {logging_mixin.py:190} INFO - [2025-03-24T21:47:47.797+0800] {override.py:1912} INFO - Created Permission View: can delete on DAG Run:example_sla_dag
[2025-03-24T21:47:47.799+0800] {logging_mixin.py:190} INFO - [2025-03-24T21:47:47.798+0800] {dag.py:3239} INFO - Sync 1 DAGs
[2025-03-24T21:47:47.826+0800] {logging_mixin.py:190} INFO - [2025-03-24T21:47:47.825+0800] {dag.py:3262} INFO - Creating ORM DAG for example_sla_dag
[2025-03-24T21:47:47.863+0800] {logging_mixin.py:190} INFO - [2025-03-24T21:47:47.863+0800] {dag.py:4180} INFO - Setting next_dagrun for example_sla_dag to 2025-03-24 13:44:00+00:00, run_after=2025-03-24 13:46:00+00:00
[2025-03-24T21:47:47.919+0800] {processor.py:208} INFO - Processing /Users/dionneleow/IS3107/IS3107-group11/backend/venv/lib/python3.12/site-packages/airflow/example_dags/example_sla_dag.py took 0.669 seconds
[2025-03-24T21:48:51.710+0800] {processor.py:186} INFO - Started process (PID=63043) to work on /Users/dionneleow/IS3107/IS3107-group11/backend/venv/lib/python3.12/site-packages/airflow/example_dags/example_sla_dag.py
[2025-03-24T21:48:51.711+0800] {processor.py:914} INFO - Processing file /Users/dionneleow/IS3107/IS3107-group11/backend/venv/lib/python3.12/site-packages/airflow/example_dags/example_sla_dag.py for tasks to queue
[2025-03-24T21:48:51.712+0800] {logging_mixin.py:190} INFO - [2025-03-24T21:48:51.712+0800] {dagbag.py:588} INFO - Filling up the DagBag from /Users/dionneleow/IS3107/IS3107-group11/backend/venv/lib/python3.12/site-packages/airflow/example_dags/example_sla_dag.py
[2025-03-24T21:48:51.727+0800] {processor.py:925} INFO - DAG(s) 'example_sla_dag' retrieved from /Users/dionneleow/IS3107/IS3107-group11/backend/venv/lib/python3.12/site-packages/airflow/example_dags/example_sla_dag.py
[2025-03-24T21:48:51.798+0800] {logging_mixin.py:190} INFO - [2025-03-24T21:48:51.798+0800] {dag.py:3239} INFO - Sync 1 DAGs
[2025-03-24T21:48:51.807+0800] {logging_mixin.py:190} INFO - [2025-03-24T21:48:51.807+0800] {dag.py:4180} INFO - Setting next_dagrun for example_sla_dag to 2025-03-24 13:46:00+00:00, run_after=2025-03-24 13:48:00+00:00
[2025-03-24T21:48:51.815+0800] {processor.py:208} INFO - Processing /Users/dionneleow/IS3107/IS3107-group11/backend/venv/lib/python3.12/site-packages/airflow/example_dags/example_sla_dag.py took 0.107 seconds
[2025-03-24T21:50:41.705+0800] {processor.py:186} INFO - Started process (PID=63858) to work on /Users/dionneleow/IS3107/IS3107-group11/backend/venv/lib/python3.12/site-packages/airflow/example_dags/example_sla_dag.py
[2025-03-24T21:50:41.707+0800] {processor.py:914} INFO - Processing file /Users/dionneleow/IS3107/IS3107-group11/backend/venv/lib/python3.12/site-packages/airflow/example_dags/example_sla_dag.py for tasks to queue
[2025-03-24T21:50:41.707+0800] {logging_mixin.py:190} INFO - [2025-03-24T21:50:41.707+0800] {dagbag.py:588} INFO - Filling up the DagBag from /Users/dionneleow/IS3107/IS3107-group11/backend/venv/lib/python3.12/site-packages/airflow/example_dags/example_sla_dag.py
[2025-03-24T21:50:41.724+0800] {processor.py:925} INFO - DAG(s) 'example_sla_dag' retrieved from /Users/dionneleow/IS3107/IS3107-group11/backend/venv/lib/python3.12/site-packages/airflow/example_dags/example_sla_dag.py
[2025-03-24T21:50:41.789+0800] {logging_mixin.py:190} INFO - [2025-03-24T21:50:41.789+0800] {dag.py:3239} INFO - Sync 1 DAGs
[2025-03-24T21:50:41.798+0800] {logging_mixin.py:190} INFO - [2025-03-24T21:50:41.798+0800] {dag.py:4180} INFO - Setting next_dagrun for example_sla_dag to 2025-03-24 13:48:00+00:00, run_after=2025-03-24 13:50:00+00:00
[2025-03-24T21:50:41.808+0800] {processor.py:208} INFO - Processing /Users/dionneleow/IS3107/IS3107-group11/backend/venv/lib/python3.12/site-packages/airflow/example_dags/example_sla_dag.py took 0.106 seconds
[2025-03-24T21:51:56.940+0800] {processor.py:186} INFO - Started process (PID=64340) to work on /Users/dionneleow/IS3107/IS3107-group11/backend/venv/lib/python3.12/site-packages/airflow/example_dags/example_sla_dag.py
[2025-03-24T21:51:56.943+0800] {processor.py:914} INFO - Processing file /Users/dionneleow/IS3107/IS3107-group11/backend/venv/lib/python3.12/site-packages/airflow/example_dags/example_sla_dag.py for tasks to queue
[2025-03-24T21:51:56.943+0800] {logging_mixin.py:190} INFO - [2025-03-24T21:51:56.943+0800] {dagbag.py:588} INFO - Filling up the DagBag from /Users/dionneleow/IS3107/IS3107-group11/backend/venv/lib/python3.12/site-packages/airflow/example_dags/example_sla_dag.py
[2025-03-24T21:51:56.958+0800] {processor.py:925} INFO - DAG(s) 'example_sla_dag' retrieved from /Users/dionneleow/IS3107/IS3107-group11/backend/venv/lib/python3.12/site-packages/airflow/example_dags/example_sla_dag.py
[2025-03-24T21:51:57.017+0800] {logging_mixin.py:190} INFO - [2025-03-24T21:51:57.017+0800] {dag.py:3239} INFO - Sync 1 DAGs
[2025-03-24T21:51:57.025+0800] {logging_mixin.py:190} INFO - [2025-03-24T21:51:57.025+0800] {dag.py:4180} INFO - Setting next_dagrun for example_sla_dag to 2025-03-24 13:48:00+00:00, run_after=2025-03-24 13:50:00+00:00
[2025-03-24T21:51:57.031+0800] {processor.py:208} INFO - Processing /Users/dionneleow/IS3107/IS3107-group11/backend/venv/lib/python3.12/site-packages/airflow/example_dags/example_sla_dag.py took 0.092 seconds
[2025-03-24T21:53:07.187+0800] {processor.py:186} INFO - Started process (PID=64765) to work on /Users/dionneleow/IS3107/IS3107-group11/backend/venv/lib/python3.12/site-packages/airflow/example_dags/example_sla_dag.py
[2025-03-24T21:53:07.188+0800] {processor.py:914} INFO - Processing file /Users/dionneleow/IS3107/IS3107-group11/backend/venv/lib/python3.12/site-packages/airflow/example_dags/example_sla_dag.py for tasks to queue
[2025-03-24T21:53:07.188+0800] {logging_mixin.py:190} INFO - [2025-03-24T21:53:07.188+0800] {dagbag.py:588} INFO - Filling up the DagBag from /Users/dionneleow/IS3107/IS3107-group11/backend/venv/lib/python3.12/site-packages/airflow/example_dags/example_sla_dag.py
[2025-03-24T21:53:07.202+0800] {processor.py:925} INFO - DAG(s) 'example_sla_dag' retrieved from /Users/dionneleow/IS3107/IS3107-group11/backend/venv/lib/python3.12/site-packages/airflow/example_dags/example_sla_dag.py
[2025-03-24T21:53:07.260+0800] {logging_mixin.py:190} INFO - [2025-03-24T21:53:07.260+0800] {dag.py:3239} INFO - Sync 1 DAGs
[2025-03-24T21:53:07.310+0800] {logging_mixin.py:190} INFO - [2025-03-24T21:53:07.310+0800] {dag.py:4180} INFO - Setting next_dagrun for example_sla_dag to 2025-03-24 13:50:00+00:00, run_after=2025-03-24 13:52:00+00:00
[2025-03-24T21:53:07.323+0800] {processor.py:208} INFO - Processing /Users/dionneleow/IS3107/IS3107-group11/backend/venv/lib/python3.12/site-packages/airflow/example_dags/example_sla_dag.py took 0.138 seconds
[2025-03-24T21:55:20.269+0800] {processor.py:186} INFO - Started process (PID=65603) to work on /Users/dionneleow/IS3107/IS3107-group11/backend/venv/lib/python3.12/site-packages/airflow/example_dags/example_sla_dag.py
[2025-03-24T21:55:20.270+0800] {processor.py:914} INFO - Processing file /Users/dionneleow/IS3107/IS3107-group11/backend/venv/lib/python3.12/site-packages/airflow/example_dags/example_sla_dag.py for tasks to queue
[2025-03-24T21:55:20.271+0800] {logging_mixin.py:190} INFO - [2025-03-24T21:55:20.271+0800] {dagbag.py:588} INFO - Filling up the DagBag from /Users/dionneleow/IS3107/IS3107-group11/backend/venv/lib/python3.12/site-packages/airflow/example_dags/example_sla_dag.py
[2025-03-24T21:55:20.285+0800] {processor.py:925} INFO - DAG(s) 'example_sla_dag' retrieved from /Users/dionneleow/IS3107/IS3107-group11/backend/venv/lib/python3.12/site-packages/airflow/example_dags/example_sla_dag.py
[2025-03-24T21:55:20.341+0800] {logging_mixin.py:190} INFO - [2025-03-24T21:55:20.341+0800] {dag.py:3239} INFO - Sync 1 DAGs
[2025-03-24T21:55:20.348+0800] {logging_mixin.py:190} INFO - [2025-03-24T21:55:20.348+0800] {dag.py:4180} INFO - Setting next_dagrun for example_sla_dag to 2025-03-24 13:52:00+00:00, run_after=2025-03-24 13:54:00+00:00
[2025-03-24T21:55:20.354+0800] {processor.py:208} INFO - Processing /Users/dionneleow/IS3107/IS3107-group11/backend/venv/lib/python3.12/site-packages/airflow/example_dags/example_sla_dag.py took 0.088 seconds
[2025-03-24T21:56:31.507+0800] {processor.py:186} INFO - Started process (PID=66038) to work on /Users/dionneleow/IS3107/IS3107-group11/backend/venv/lib/python3.12/site-packages/airflow/example_dags/example_sla_dag.py
[2025-03-24T21:56:31.508+0800] {processor.py:914} INFO - Processing file /Users/dionneleow/IS3107/IS3107-group11/backend/venv/lib/python3.12/site-packages/airflow/example_dags/example_sla_dag.py for tasks to queue
[2025-03-24T21:56:31.508+0800] {logging_mixin.py:190} INFO - [2025-03-24T21:56:31.508+0800] {dagbag.py:588} INFO - Filling up the DagBag from /Users/dionneleow/IS3107/IS3107-group11/backend/venv/lib/python3.12/site-packages/airflow/example_dags/example_sla_dag.py
[2025-03-24T21:56:31.521+0800] {processor.py:925} INFO - DAG(s) 'example_sla_dag' retrieved from /Users/dionneleow/IS3107/IS3107-group11/backend/venv/lib/python3.12/site-packages/airflow/example_dags/example_sla_dag.py
[2025-03-24T21:56:31.574+0800] {logging_mixin.py:190} INFO - [2025-03-24T21:56:31.574+0800] {dag.py:3239} INFO - Sync 1 DAGs
[2025-03-24T21:56:31.583+0800] {logging_mixin.py:190} INFO - [2025-03-24T21:56:31.583+0800] {dag.py:4180} INFO - Setting next_dagrun for example_sla_dag to 2025-03-24 13:54:00+00:00, run_after=2025-03-24 13:56:00+00:00
[2025-03-24T21:56:31.589+0800] {processor.py:208} INFO - Processing /Users/dionneleow/IS3107/IS3107-group11/backend/venv/lib/python3.12/site-packages/airflow/example_dags/example_sla_dag.py took 0.083 seconds
[2025-03-24T21:57:37.992+0800] {processor.py:186} INFO - Started process (PID=66521) to work on /Users/dionneleow/IS3107/IS3107-group11/backend/venv/lib/python3.12/site-packages/airflow/example_dags/example_sla_dag.py
[2025-03-24T21:57:37.993+0800] {processor.py:914} INFO - Processing file /Users/dionneleow/IS3107/IS3107-group11/backend/venv/lib/python3.12/site-packages/airflow/example_dags/example_sla_dag.py for tasks to queue
[2025-03-24T21:57:37.993+0800] {logging_mixin.py:190} INFO - [2025-03-24T21:57:37.993+0800] {dagbag.py:588} INFO - Filling up the DagBag from /Users/dionneleow/IS3107/IS3107-group11/backend/venv/lib/python3.12/site-packages/airflow/example_dags/example_sla_dag.py
[2025-03-24T21:57:38.007+0800] {processor.py:925} INFO - DAG(s) 'example_sla_dag' retrieved from /Users/dionneleow/IS3107/IS3107-group11/backend/venv/lib/python3.12/site-packages/airflow/example_dags/example_sla_dag.py
[2025-03-24T21:57:38.065+0800] {logging_mixin.py:190} INFO - [2025-03-24T21:57:38.065+0800] {dag.py:3239} INFO - Sync 1 DAGs
[2025-03-24T21:57:38.072+0800] {logging_mixin.py:190} INFO - [2025-03-24T21:57:38.072+0800] {dag.py:4180} INFO - Setting next_dagrun for example_sla_dag to 2025-03-24 13:54:00+00:00, run_after=2025-03-24 13:56:00+00:00
[2025-03-24T21:57:38.077+0800] {processor.py:208} INFO - Processing /Users/dionneleow/IS3107/IS3107-group11/backend/venv/lib/python3.12/site-packages/airflow/example_dags/example_sla_dag.py took 0.087 seconds
[2025-03-24T21:58:49.012+0800] {processor.py:186} INFO - Started process (PID=66910) to work on /Users/dionneleow/IS3107/IS3107-group11/backend/venv/lib/python3.12/site-packages/airflow/example_dags/example_sla_dag.py
[2025-03-24T21:58:49.017+0800] {processor.py:914} INFO - Processing file /Users/dionneleow/IS3107/IS3107-group11/backend/venv/lib/python3.12/site-packages/airflow/example_dags/example_sla_dag.py for tasks to queue
[2025-03-24T21:58:49.017+0800] {logging_mixin.py:190} INFO - [2025-03-24T21:58:49.017+0800] {dagbag.py:588} INFO - Filling up the DagBag from /Users/dionneleow/IS3107/IS3107-group11/backend/venv/lib/python3.12/site-packages/airflow/example_dags/example_sla_dag.py
[2025-03-24T21:58:49.035+0800] {processor.py:925} INFO - DAG(s) 'example_sla_dag' retrieved from /Users/dionneleow/IS3107/IS3107-group11/backend/venv/lib/python3.12/site-packages/airflow/example_dags/example_sla_dag.py
[2025-03-24T21:58:49.090+0800] {logging_mixin.py:190} INFO - [2025-03-24T21:58:49.090+0800] {dag.py:3239} INFO - Sync 1 DAGs
[2025-03-24T21:58:49.097+0800] {logging_mixin.py:190} INFO - [2025-03-24T21:58:49.097+0800] {dag.py:4180} INFO - Setting next_dagrun for example_sla_dag to 2025-03-24 13:56:00+00:00, run_after=2025-03-24 13:58:00+00:00
[2025-03-24T21:58:49.104+0800] {processor.py:208} INFO - Processing /Users/dionneleow/IS3107/IS3107-group11/backend/venv/lib/python3.12/site-packages/airflow/example_dags/example_sla_dag.py took 0.093 seconds
[2025-03-24T21:59:52.823+0800] {processor.py:186} INFO - Started process (PID=67234) to work on /Users/dionneleow/IS3107/IS3107-group11/backend/venv/lib/python3.12/site-packages/airflow/example_dags/example_sla_dag.py
[2025-03-24T21:59:52.824+0800] {processor.py:914} INFO - Processing file /Users/dionneleow/IS3107/IS3107-group11/backend/venv/lib/python3.12/site-packages/airflow/example_dags/example_sla_dag.py for tasks to queue
[2025-03-24T21:59:52.824+0800] {logging_mixin.py:190} INFO - [2025-03-24T21:59:52.824+0800] {dagbag.py:588} INFO - Filling up the DagBag from /Users/dionneleow/IS3107/IS3107-group11/backend/venv/lib/python3.12/site-packages/airflow/example_dags/example_sla_dag.py
[2025-03-24T21:59:52.839+0800] {processor.py:925} INFO - DAG(s) 'example_sla_dag' retrieved from /Users/dionneleow/IS3107/IS3107-group11/backend/venv/lib/python3.12/site-packages/airflow/example_dags/example_sla_dag.py
[2025-03-24T21:59:52.892+0800] {logging_mixin.py:190} INFO - [2025-03-24T21:59:52.892+0800] {dag.py:3239} INFO - Sync 1 DAGs
[2025-03-24T21:59:52.899+0800] {logging_mixin.py:190} INFO - [2025-03-24T21:59:52.899+0800] {dag.py:4180} INFO - Setting next_dagrun for example_sla_dag to 2025-03-24 13:56:00+00:00, run_after=2025-03-24 13:58:00+00:00
[2025-03-24T21:59:52.906+0800] {processor.py:208} INFO - Processing /Users/dionneleow/IS3107/IS3107-group11/backend/venv/lib/python3.12/site-packages/airflow/example_dags/example_sla_dag.py took 0.084 seconds
[2025-03-24T22:01:58.314+0800] {processor.py:186} INFO - Started process (PID=67979) to work on /Users/dionneleow/IS3107/IS3107-group11/backend/venv/lib/python3.12/site-packages/airflow/example_dags/example_sla_dag.py
[2025-03-24T22:01:58.322+0800] {processor.py:914} INFO - Processing file /Users/dionneleow/IS3107/IS3107-group11/backend/venv/lib/python3.12/site-packages/airflow/example_dags/example_sla_dag.py for tasks to queue
[2025-03-24T22:01:58.323+0800] {logging_mixin.py:190} INFO - [2025-03-24T22:01:58.323+0800] {dagbag.py:588} INFO - Filling up the DagBag from /Users/dionneleow/IS3107/IS3107-group11/backend/venv/lib/python3.12/site-packages/airflow/example_dags/example_sla_dag.py
[2025-03-24T22:01:58.337+0800] {processor.py:925} INFO - DAG(s) 'example_sla_dag' retrieved from /Users/dionneleow/IS3107/IS3107-group11/backend/venv/lib/python3.12/site-packages/airflow/example_dags/example_sla_dag.py
[2025-03-24T22:01:58.393+0800] {logging_mixin.py:190} INFO - [2025-03-24T22:01:58.393+0800] {dag.py:3239} INFO - Sync 1 DAGs
[2025-03-24T22:01:58.400+0800] {logging_mixin.py:190} INFO - [2025-03-24T22:01:58.400+0800] {dag.py:4180} INFO - Setting next_dagrun for example_sla_dag to 2025-03-24 13:58:00+00:00, run_after=2025-03-24 14:00:00+00:00
[2025-03-24T22:01:58.407+0800] {processor.py:208} INFO - Processing /Users/dionneleow/IS3107/IS3107-group11/backend/venv/lib/python3.12/site-packages/airflow/example_dags/example_sla_dag.py took 0.095 seconds
[2025-03-24T22:03:06.903+0800] {processor.py:186} INFO - Started process (PID=68409) to work on /Users/dionneleow/IS3107/IS3107-group11/backend/venv/lib/python3.12/site-packages/airflow/example_dags/example_sla_dag.py
[2025-03-24T22:03:06.904+0800] {processor.py:914} INFO - Processing file /Users/dionneleow/IS3107/IS3107-group11/backend/venv/lib/python3.12/site-packages/airflow/example_dags/example_sla_dag.py for tasks to queue
[2025-03-24T22:03:06.905+0800] {logging_mixin.py:190} INFO - [2025-03-24T22:03:06.905+0800] {dagbag.py:588} INFO - Filling up the DagBag from /Users/dionneleow/IS3107/IS3107-group11/backend/venv/lib/python3.12/site-packages/airflow/example_dags/example_sla_dag.py
[2025-03-24T22:03:06.920+0800] {processor.py:925} INFO - DAG(s) 'example_sla_dag' retrieved from /Users/dionneleow/IS3107/IS3107-group11/backend/venv/lib/python3.12/site-packages/airflow/example_dags/example_sla_dag.py
[2025-03-24T22:03:06.977+0800] {logging_mixin.py:190} INFO - [2025-03-24T22:03:06.977+0800] {dag.py:3239} INFO - Sync 1 DAGs
[2025-03-24T22:03:06.984+0800] {logging_mixin.py:190} INFO - [2025-03-24T22:03:06.984+0800] {dag.py:4180} INFO - Setting next_dagrun for example_sla_dag to 2025-03-24 14:00:00+00:00, run_after=2025-03-24 14:02:00+00:00
[2025-03-24T22:03:06.990+0800] {processor.py:208} INFO - Processing /Users/dionneleow/IS3107/IS3107-group11/backend/venv/lib/python3.12/site-packages/airflow/example_dags/example_sla_dag.py took 0.089 seconds
[2025-03-24T22:04:12.665+0800] {processor.py:186} INFO - Started process (PID=68821) to work on /Users/dionneleow/IS3107/IS3107-group11/backend/venv/lib/python3.12/site-packages/airflow/example_dags/example_sla_dag.py
[2025-03-24T22:04:12.669+0800] {processor.py:914} INFO - Processing file /Users/dionneleow/IS3107/IS3107-group11/backend/venv/lib/python3.12/site-packages/airflow/example_dags/example_sla_dag.py for tasks to queue
[2025-03-24T22:04:12.670+0800] {logging_mixin.py:190} INFO - [2025-03-24T22:04:12.670+0800] {dagbag.py:588} INFO - Filling up the DagBag from /Users/dionneleow/IS3107/IS3107-group11/backend/venv/lib/python3.12/site-packages/airflow/example_dags/example_sla_dag.py
[2025-03-24T22:04:12.685+0800] {processor.py:925} INFO - DAG(s) 'example_sla_dag' retrieved from /Users/dionneleow/IS3107/IS3107-group11/backend/venv/lib/python3.12/site-packages/airflow/example_dags/example_sla_dag.py
[2025-03-24T22:04:12.739+0800] {logging_mixin.py:190} INFO - [2025-03-24T22:04:12.739+0800] {dag.py:3239} INFO - Sync 1 DAGs
[2025-03-24T22:04:12.745+0800] {logging_mixin.py:190} INFO - [2025-03-24T22:04:12.745+0800] {dag.py:4180} INFO - Setting next_dagrun for example_sla_dag to 2025-03-24 14:02:00+00:00, run_after=2025-03-24 14:04:00+00:00
[2025-03-24T22:04:12.751+0800] {processor.py:208} INFO - Processing /Users/dionneleow/IS3107/IS3107-group11/backend/venv/lib/python3.12/site-packages/airflow/example_dags/example_sla_dag.py took 0.087 seconds
[2025-03-24T22:05:22.089+0800] {processor.py:186} INFO - Started process (PID=69177) to work on /Users/dionneleow/IS3107/IS3107-group11/backend/venv/lib/python3.12/site-packages/airflow/example_dags/example_sla_dag.py
[2025-03-24T22:05:22.091+0800] {processor.py:914} INFO - Processing file /Users/dionneleow/IS3107/IS3107-group11/backend/venv/lib/python3.12/site-packages/airflow/example_dags/example_sla_dag.py for tasks to queue
[2025-03-24T22:05:22.091+0800] {logging_mixin.py:190} INFO - [2025-03-24T22:05:22.091+0800] {dagbag.py:588} INFO - Filling up the DagBag from /Users/dionneleow/IS3107/IS3107-group11/backend/venv/lib/python3.12/site-packages/airflow/example_dags/example_sla_dag.py
[2025-03-24T22:05:22.104+0800] {processor.py:925} INFO - DAG(s) 'example_sla_dag' retrieved from /Users/dionneleow/IS3107/IS3107-group11/backend/venv/lib/python3.12/site-packages/airflow/example_dags/example_sla_dag.py
[2025-03-24T22:05:22.157+0800] {logging_mixin.py:190} INFO - [2025-03-24T22:05:22.157+0800] {dag.py:3239} INFO - Sync 1 DAGs
[2025-03-24T22:05:22.164+0800] {logging_mixin.py:190} INFO - [2025-03-24T22:05:22.164+0800] {dag.py:4180} INFO - Setting next_dagrun for example_sla_dag to 2025-03-24 14:02:00+00:00, run_after=2025-03-24 14:04:00+00:00
[2025-03-24T22:05:22.169+0800] {processor.py:208} INFO - Processing /Users/dionneleow/IS3107/IS3107-group11/backend/venv/lib/python3.12/site-packages/airflow/example_dags/example_sla_dag.py took 0.081 seconds
[2025-03-24T22:06:28.781+0800] {processor.py:186} INFO - Started process (PID=69521) to work on /Users/dionneleow/IS3107/IS3107-group11/backend/venv/lib/python3.12/site-packages/airflow/example_dags/example_sla_dag.py
[2025-03-24T22:06:28.782+0800] {processor.py:914} INFO - Processing file /Users/dionneleow/IS3107/IS3107-group11/backend/venv/lib/python3.12/site-packages/airflow/example_dags/example_sla_dag.py for tasks to queue
[2025-03-24T22:06:28.782+0800] {logging_mixin.py:190} INFO - [2025-03-24T22:06:28.782+0800] {dagbag.py:588} INFO - Filling up the DagBag from /Users/dionneleow/IS3107/IS3107-group11/backend/venv/lib/python3.12/site-packages/airflow/example_dags/example_sla_dag.py
[2025-03-24T22:06:28.796+0800] {processor.py:925} INFO - DAG(s) 'example_sla_dag' retrieved from /Users/dionneleow/IS3107/IS3107-group11/backend/venv/lib/python3.12/site-packages/airflow/example_dags/example_sla_dag.py
[2025-03-24T22:06:28.849+0800] {logging_mixin.py:190} INFO - [2025-03-24T22:06:28.848+0800] {dag.py:3239} INFO - Sync 1 DAGs
[2025-03-24T22:06:28.856+0800] {logging_mixin.py:190} INFO - [2025-03-24T22:06:28.856+0800] {dag.py:4180} INFO - Setting next_dagrun for example_sla_dag to 2025-03-24 14:04:00+00:00, run_after=2025-03-24 14:06:00+00:00
[2025-03-24T22:06:28.863+0800] {processor.py:208} INFO - Processing /Users/dionneleow/IS3107/IS3107-group11/backend/venv/lib/python3.12/site-packages/airflow/example_dags/example_sla_dag.py took 0.083 seconds
[2025-03-24T22:07:40.986+0800] {processor.py:186} INFO - Started process (PID=69908) to work on /Users/dionneleow/IS3107/IS3107-group11/backend/venv/lib/python3.12/site-packages/airflow/example_dags/example_sla_dag.py
[2025-03-24T22:07:40.986+0800] {processor.py:914} INFO - Processing file /Users/dionneleow/IS3107/IS3107-group11/backend/venv/lib/python3.12/site-packages/airflow/example_dags/example_sla_dag.py for tasks to queue
[2025-03-24T22:07:40.987+0800] {logging_mixin.py:190} INFO - [2025-03-24T22:07:40.987+0800] {dagbag.py:588} INFO - Filling up the DagBag from /Users/dionneleow/IS3107/IS3107-group11/backend/venv/lib/python3.12/site-packages/airflow/example_dags/example_sla_dag.py
[2025-03-24T22:07:41.002+0800] {processor.py:925} INFO - DAG(s) 'example_sla_dag' retrieved from /Users/dionneleow/IS3107/IS3107-group11/backend/venv/lib/python3.12/site-packages/airflow/example_dags/example_sla_dag.py
[2025-03-24T22:07:41.059+0800] {logging_mixin.py:190} INFO - [2025-03-24T22:07:41.059+0800] {dag.py:3239} INFO - Sync 1 DAGs
[2025-03-24T22:07:41.066+0800] {logging_mixin.py:190} INFO - [2025-03-24T22:07:41.066+0800] {dag.py:4180} INFO - Setting next_dagrun for example_sla_dag to 2025-03-24 14:04:00+00:00, run_after=2025-03-24 14:06:00+00:00
[2025-03-24T22:07:41.073+0800] {processor.py:208} INFO - Processing /Users/dionneleow/IS3107/IS3107-group11/backend/venv/lib/python3.12/site-packages/airflow/example_dags/example_sla_dag.py took 0.089 seconds
[2025-03-24T22:08:52.428+0800] {processor.py:186} INFO - Started process (PID=70293) to work on /Users/dionneleow/IS3107/IS3107-group11/backend/venv/lib/python3.12/site-packages/airflow/example_dags/example_sla_dag.py
[2025-03-24T22:08:52.428+0800] {processor.py:914} INFO - Processing file /Users/dionneleow/IS3107/IS3107-group11/backend/venv/lib/python3.12/site-packages/airflow/example_dags/example_sla_dag.py for tasks to queue
[2025-03-24T22:08:52.429+0800] {logging_mixin.py:190} INFO - [2025-03-24T22:08:52.429+0800] {dagbag.py:588} INFO - Filling up the DagBag from /Users/dionneleow/IS3107/IS3107-group11/backend/venv/lib/python3.12/site-packages/airflow/example_dags/example_sla_dag.py
[2025-03-24T22:08:52.442+0800] {processor.py:925} INFO - DAG(s) 'example_sla_dag' retrieved from /Users/dionneleow/IS3107/IS3107-group11/backend/venv/lib/python3.12/site-packages/airflow/example_dags/example_sla_dag.py
[2025-03-24T22:08:52.494+0800] {logging_mixin.py:190} INFO - [2025-03-24T22:08:52.494+0800] {dag.py:3239} INFO - Sync 1 DAGs
[2025-03-24T22:08:52.502+0800] {logging_mixin.py:190} INFO - [2025-03-24T22:08:52.502+0800] {dag.py:4180} INFO - Setting next_dagrun for example_sla_dag to 2025-03-24 14:06:00+00:00, run_after=2025-03-24 14:08:00+00:00
[2025-03-24T22:08:52.508+0800] {processor.py:208} INFO - Processing /Users/dionneleow/IS3107/IS3107-group11/backend/venv/lib/python3.12/site-packages/airflow/example_dags/example_sla_dag.py took 0.082 seconds
