[2025-03-24T21:49:07.504+0800] {processor.py:186} INFO - Started process (PID=63138) to work on /Users/dionneleow/IS3107/IS3107-group11/backend/venv/lib/python3.12/site-packages/airflow/example_dags/example_python_operator.py
[2025-03-24T21:49:07.505+0800] {processor.py:914} INFO - Processing file /Users/dionneleow/IS3107/IS3107-group11/backend/venv/lib/python3.12/site-packages/airflow/example_dags/example_python_operator.py for tasks to queue
[2025-03-24T21:49:07.505+0800] {logging_mixin.py:190} INFO - [2025-03-24T21:49:07.505+0800] {dagbag.py:588} INFO - Filling up the DagBag from /Users/dionneleow/IS3107/IS3107-group11/backend/venv/lib/python3.12/site-packages/airflow/example_dags/example_python_operator.py
[2025-03-24T21:49:07.520+0800] {processor.py:925} INFO - DAG(s) 'example_python_operator' retrieved from /Users/dionneleow/IS3107/IS3107-group11/backend/venv/lib/python3.12/site-packages/airflow/example_dags/example_python_operator.py
[2025-03-24T21:49:07.701+0800] {logging_mixin.py:190} INFO - [2025-03-24T21:49:07.701+0800] {override.py:1912} INFO - Created Permission View: can edit on DAG:example_python_operator
[2025-03-24T21:49:07.704+0800] {logging_mixin.py:190} INFO - [2025-03-24T21:49:07.704+0800] {override.py:1912} INFO - Created Permission View: can read on DAG:example_python_operator
[2025-03-24T21:49:07.706+0800] {logging_mixin.py:190} INFO - [2025-03-24T21:49:07.706+0800] {override.py:1912} INFO - Created Permission View: can delete on DAG:example_python_operator
[2025-03-24T21:49:07.709+0800] {logging_mixin.py:190} INFO - [2025-03-24T21:49:07.709+0800] {override.py:1912} INFO - Created Permission View: can create on DAG Run:example_python_operator
[2025-03-24T21:49:07.711+0800] {logging_mixin.py:190} INFO - [2025-03-24T21:49:07.711+0800] {override.py:1912} INFO - Created Permission View: can delete on DAG Run:example_python_operator
[2025-03-24T21:49:07.712+0800] {logging_mixin.py:190} INFO - [2025-03-24T21:49:07.712+0800] {override.py:1912} INFO - Created Permission View: can read on DAG Run:example_python_operator
[2025-03-24T21:49:07.714+0800] {logging_mixin.py:190} INFO - [2025-03-24T21:49:07.714+0800] {override.py:1912} INFO - Created Permission View: menu access on DAG Run:example_python_operator
[2025-03-24T21:49:07.714+0800] {logging_mixin.py:190} INFO - [2025-03-24T21:49:07.714+0800] {dag.py:3239} INFO - Sync 1 DAGs
[2025-03-24T21:49:07.718+0800] {logging_mixin.py:190} INFO - [2025-03-24T21:49:07.718+0800] {dag.py:3262} INFO - Creating ORM DAG for example_python_operator
[2025-03-24T21:49:07.718+0800] {logging_mixin.py:190} INFO - [2025-03-24T21:49:07.718+0800] {dag.py:4180} INFO - Setting next_dagrun for example_python_operator to None, run_after=None
[2025-03-24T21:49:07.726+0800] {processor.py:208} INFO - Processing /Users/dionneleow/IS3107/IS3107-group11/backend/venv/lib/python3.12/site-packages/airflow/example_dags/example_python_operator.py took 0.223 seconds
[2025-03-24T21:50:57.211+0800] {processor.py:186} INFO - Started process (PID=63977) to work on /Users/dionneleow/IS3107/IS3107-group11/backend/venv/lib/python3.12/site-packages/airflow/example_dags/example_python_operator.py
[2025-03-24T21:50:57.212+0800] {processor.py:914} INFO - Processing file /Users/dionneleow/IS3107/IS3107-group11/backend/venv/lib/python3.12/site-packages/airflow/example_dags/example_python_operator.py for tasks to queue
[2025-03-24T21:50:57.212+0800] {logging_mixin.py:190} INFO - [2025-03-24T21:50:57.212+0800] {dagbag.py:588} INFO - Filling up the DagBag from /Users/dionneleow/IS3107/IS3107-group11/backend/venv/lib/python3.12/site-packages/airflow/example_dags/example_python_operator.py
[2025-03-24T21:50:57.223+0800] {processor.py:925} INFO - DAG(s) 'example_python_operator' retrieved from /Users/dionneleow/IS3107/IS3107-group11/backend/venv/lib/python3.12/site-packages/airflow/example_dags/example_python_operator.py
[2025-03-24T21:50:57.343+0800] {logging_mixin.py:190} INFO - [2025-03-24T21:50:57.343+0800] {dag.py:3239} INFO - Sync 1 DAGs
[2025-03-24T21:50:57.348+0800] {logging_mixin.py:190} INFO - [2025-03-24T21:50:57.348+0800] {dag.py:4180} INFO - Setting next_dagrun for example_python_operator to None, run_after=None
[2025-03-24T21:50:57.355+0800] {processor.py:208} INFO - Processing /Users/dionneleow/IS3107/IS3107-group11/backend/venv/lib/python3.12/site-packages/airflow/example_dags/example_python_operator.py took 0.146 seconds
[2025-03-24T21:53:14.589+0800] {processor.py:186} INFO - Started process (PID=64809) to work on /Users/dionneleow/IS3107/IS3107-group11/backend/venv/lib/python3.12/site-packages/airflow/example_dags/example_python_operator.py
[2025-03-24T21:53:14.590+0800] {processor.py:914} INFO - Processing file /Users/dionneleow/IS3107/IS3107-group11/backend/venv/lib/python3.12/site-packages/airflow/example_dags/example_python_operator.py for tasks to queue
[2025-03-24T21:53:14.590+0800] {logging_mixin.py:190} INFO - [2025-03-24T21:53:14.590+0800] {dagbag.py:588} INFO - Filling up the DagBag from /Users/dionneleow/IS3107/IS3107-group11/backend/venv/lib/python3.12/site-packages/airflow/example_dags/example_python_operator.py
[2025-03-24T21:53:14.611+0800] {processor.py:925} INFO - DAG(s) 'example_python_operator' retrieved from /Users/dionneleow/IS3107/IS3107-group11/backend/venv/lib/python3.12/site-packages/airflow/example_dags/example_python_operator.py
[2025-03-24T21:53:14.720+0800] {logging_mixin.py:190} INFO - [2025-03-24T21:53:14.720+0800] {dag.py:3239} INFO - Sync 1 DAGs
[2025-03-24T21:53:14.725+0800] {logging_mixin.py:190} INFO - [2025-03-24T21:53:14.725+0800] {dag.py:4180} INFO - Setting next_dagrun for example_python_operator to None, run_after=None
[2025-03-24T21:53:14.732+0800] {processor.py:208} INFO - Processing /Users/dionneleow/IS3107/IS3107-group11/backend/venv/lib/python3.12/site-packages/airflow/example_dags/example_python_operator.py took 0.145 seconds
[2025-03-24T21:55:30.783+0800] {processor.py:186} INFO - Started process (PID=65671) to work on /Users/dionneleow/IS3107/IS3107-group11/backend/venv/lib/python3.12/site-packages/airflow/example_dags/example_python_operator.py
[2025-03-24T21:55:30.784+0800] {processor.py:914} INFO - Processing file /Users/dionneleow/IS3107/IS3107-group11/backend/venv/lib/python3.12/site-packages/airflow/example_dags/example_python_operator.py for tasks to queue
[2025-03-24T21:55:30.785+0800] {logging_mixin.py:190} INFO - [2025-03-24T21:55:30.784+0800] {dagbag.py:588} INFO - Filling up the DagBag from /Users/dionneleow/IS3107/IS3107-group11/backend/venv/lib/python3.12/site-packages/airflow/example_dags/example_python_operator.py
[2025-03-24T21:55:30.795+0800] {processor.py:925} INFO - DAG(s) 'example_python_operator' retrieved from /Users/dionneleow/IS3107/IS3107-group11/backend/venv/lib/python3.12/site-packages/airflow/example_dags/example_python_operator.py
[2025-03-24T21:55:30.903+0800] {logging_mixin.py:190} INFO - [2025-03-24T21:55:30.903+0800] {dag.py:3239} INFO - Sync 1 DAGs
[2025-03-24T21:55:30.907+0800] {logging_mixin.py:190} INFO - [2025-03-24T21:55:30.907+0800] {dag.py:4180} INFO - Setting next_dagrun for example_python_operator to None, run_after=None
[2025-03-24T21:55:30.913+0800] {processor.py:208} INFO - Processing /Users/dionneleow/IS3107/IS3107-group11/backend/venv/lib/python3.12/site-packages/airflow/example_dags/example_python_operator.py took 0.131 seconds
