[2025-03-24T21:49:22.839+0800] {processor.py:186} INFO - Started process (PID=63297) to work on /Users/dionneleow/IS3107/IS3107-group11/backend/venv/lib/python3.12/site-packages/airflow/example_dags/example_latest_only_with_trigger.py
[2025-03-24T21:49:22.839+0800] {processor.py:914} INFO - Processing file /Users/dionneleow/IS3107/IS3107-group11/backend/venv/lib/python3.12/site-packages/airflow/example_dags/example_latest_only_with_trigger.py for tasks to queue
[2025-03-24T21:49:22.840+0800] {logging_mixin.py:190} INFO - [2025-03-24T21:49:22.840+0800] {dagbag.py:588} INFO - Filling up the DagBag from /Users/dionneleow/IS3107/IS3107-group11/backend/venv/lib/python3.12/site-packages/airflow/example_dags/example_latest_only_with_trigger.py
[2025-03-24T21:49:22.843+0800] {processor.py:925} INFO - DAG(s) 'latest_only_with_trigger' retrieved from /Users/dionneleow/IS3107/IS3107-group11/backend/venv/lib/python3.12/site-packages/airflow/example_dags/example_latest_only_with_trigger.py
[2025-03-24T21:49:22.941+0800] {logging_mixin.py:190} INFO - [2025-03-24T21:49:22.941+0800] {override.py:1912} INFO - Created Permission View: can read on DAG:latest_only_with_trigger
[2025-03-24T21:49:22.944+0800] {logging_mixin.py:190} INFO - [2025-03-24T21:49:22.944+0800] {override.py:1912} INFO - Created Permission View: can edit on DAG:latest_only_with_trigger
[2025-03-24T21:49:22.946+0800] {logging_mixin.py:190} INFO - [2025-03-24T21:49:22.946+0800] {override.py:1912} INFO - Created Permission View: can delete on DAG:latest_only_with_trigger
[2025-03-24T21:49:22.948+0800] {logging_mixin.py:190} INFO - [2025-03-24T21:49:22.948+0800] {override.py:1912} INFO - Created Permission View: can read on DAG Run:latest_only_with_trigger
[2025-03-24T21:49:22.952+0800] {logging_mixin.py:190} INFO - [2025-03-24T21:49:22.951+0800] {override.py:1912} INFO - Created Permission View: menu access on DAG Run:latest_only_with_trigger
[2025-03-24T21:49:22.954+0800] {logging_mixin.py:190} INFO - [2025-03-24T21:49:22.954+0800] {override.py:1912} INFO - Created Permission View: can delete on DAG Run:latest_only_with_trigger
[2025-03-24T21:49:22.957+0800] {logging_mixin.py:190} INFO - [2025-03-24T21:49:22.957+0800] {override.py:1912} INFO - Created Permission View: can create on DAG Run:latest_only_with_trigger
[2025-03-24T21:49:22.957+0800] {logging_mixin.py:190} INFO - [2025-03-24T21:49:22.957+0800] {dag.py:3239} INFO - Sync 1 DAGs
[2025-03-24T21:49:22.962+0800] {logging_mixin.py:190} INFO - [2025-03-24T21:49:22.962+0800] {dag.py:3262} INFO - Creating ORM DAG for latest_only_with_trigger
[2025-03-24T21:49:22.969+0800] {logging_mixin.py:190} INFO - [2025-03-24T21:49:22.969+0800] {dag.py:4180} INFO - Setting next_dagrun for latest_only_with_trigger to 2025-03-24 08:00:00+00:00, run_after=2025-03-24 12:00:00+00:00
[2025-03-24T21:49:22.983+0800] {processor.py:208} INFO - Processing /Users/dionneleow/IS3107/IS3107-group11/backend/venv/lib/python3.12/site-packages/airflow/example_dags/example_latest_only_with_trigger.py took 0.145 seconds
[2025-03-24T21:51:11.684+0800] {processor.py:186} INFO - Started process (PID=64073) to work on /Users/dionneleow/IS3107/IS3107-group11/backend/venv/lib/python3.12/site-packages/airflow/example_dags/example_latest_only_with_trigger.py
[2025-03-24T21:51:11.686+0800] {processor.py:914} INFO - Processing file /Users/dionneleow/IS3107/IS3107-group11/backend/venv/lib/python3.12/site-packages/airflow/example_dags/example_latest_only_with_trigger.py for tasks to queue
[2025-03-24T21:51:11.686+0800] {logging_mixin.py:190} INFO - [2025-03-24T21:51:11.686+0800] {dagbag.py:588} INFO - Filling up the DagBag from /Users/dionneleow/IS3107/IS3107-group11/backend/venv/lib/python3.12/site-packages/airflow/example_dags/example_latest_only_with_trigger.py
[2025-03-24T21:51:11.690+0800] {processor.py:925} INFO - DAG(s) 'latest_only_with_trigger' retrieved from /Users/dionneleow/IS3107/IS3107-group11/backend/venv/lib/python3.12/site-packages/airflow/example_dags/example_latest_only_with_trigger.py
[2025-03-24T21:51:11.724+0800] {logging_mixin.py:190} INFO - [2025-03-24T21:51:11.724+0800] {dag.py:3239} INFO - Sync 1 DAGs
[2025-03-24T21:51:11.732+0800] {logging_mixin.py:190} INFO - [2025-03-24T21:51:11.732+0800] {dag.py:4180} INFO - Setting next_dagrun for latest_only_with_trigger to 2025-03-24 08:00:00+00:00, run_after=2025-03-24 12:00:00+00:00
[2025-03-24T21:51:11.771+0800] {processor.py:208} INFO - Processing /Users/dionneleow/IS3107/IS3107-group11/backend/venv/lib/python3.12/site-packages/airflow/example_dags/example_latest_only_with_trigger.py took 0.087 seconds
[2025-03-24T21:53:28.126+0800] {processor.py:186} INFO - Started process (PID=64887) to work on /Users/dionneleow/IS3107/IS3107-group11/backend/venv/lib/python3.12/site-packages/airflow/example_dags/example_latest_only_with_trigger.py
[2025-03-24T21:53:28.127+0800] {processor.py:914} INFO - Processing file /Users/dionneleow/IS3107/IS3107-group11/backend/venv/lib/python3.12/site-packages/airflow/example_dags/example_latest_only_with_trigger.py for tasks to queue
[2025-03-24T21:53:28.127+0800] {logging_mixin.py:190} INFO - [2025-03-24T21:53:28.127+0800] {dagbag.py:588} INFO - Filling up the DagBag from /Users/dionneleow/IS3107/IS3107-group11/backend/venv/lib/python3.12/site-packages/airflow/example_dags/example_latest_only_with_trigger.py
[2025-03-24T21:53:28.130+0800] {processor.py:925} INFO - DAG(s) 'latest_only_with_trigger' retrieved from /Users/dionneleow/IS3107/IS3107-group11/backend/venv/lib/python3.12/site-packages/airflow/example_dags/example_latest_only_with_trigger.py
[2025-03-24T21:53:28.162+0800] {logging_mixin.py:190} INFO - [2025-03-24T21:53:28.162+0800] {dag.py:3239} INFO - Sync 1 DAGs
[2025-03-24T21:53:28.169+0800] {logging_mixin.py:190} INFO - [2025-03-24T21:53:28.169+0800] {dag.py:4180} INFO - Setting next_dagrun for latest_only_with_trigger to 2025-03-24 08:00:00+00:00, run_after=2025-03-24 12:00:00+00:00
[2025-03-24T21:53:28.200+0800] {processor.py:208} INFO - Processing /Users/dionneleow/IS3107/IS3107-group11/backend/venv/lib/python3.12/site-packages/airflow/example_dags/example_latest_only_with_trigger.py took 0.075 seconds
[2025-03-24T21:55:45.752+0800] {processor.py:186} INFO - Started process (PID=65758) to work on /Users/dionneleow/IS3107/IS3107-group11/backend/venv/lib/python3.12/site-packages/airflow/example_dags/example_latest_only_with_trigger.py
[2025-03-24T21:55:45.752+0800] {processor.py:914} INFO - Processing file /Users/dionneleow/IS3107/IS3107-group11/backend/venv/lib/python3.12/site-packages/airflow/example_dags/example_latest_only_with_trigger.py for tasks to queue
[2025-03-24T21:55:45.753+0800] {logging_mixin.py:190} INFO - [2025-03-24T21:55:45.753+0800] {dagbag.py:588} INFO - Filling up the DagBag from /Users/dionneleow/IS3107/IS3107-group11/backend/venv/lib/python3.12/site-packages/airflow/example_dags/example_latest_only_with_trigger.py
[2025-03-24T21:55:45.757+0800] {processor.py:925} INFO - DAG(s) 'latest_only_with_trigger' retrieved from /Users/dionneleow/IS3107/IS3107-group11/backend/venv/lib/python3.12/site-packages/airflow/example_dags/example_latest_only_with_trigger.py
[2025-03-24T21:55:45.804+0800] {logging_mixin.py:190} INFO - [2025-03-24T21:55:45.804+0800] {dag.py:3239} INFO - Sync 1 DAGs
[2025-03-24T21:55:45.815+0800] {logging_mixin.py:190} INFO - [2025-03-24T21:55:45.815+0800] {dag.py:4180} INFO - Setting next_dagrun for latest_only_with_trigger to 2025-03-24 08:00:00+00:00, run_after=2025-03-24 12:00:00+00:00
[2025-03-24T21:55:45.864+0800] {processor.py:208} INFO - Processing /Users/dionneleow/IS3107/IS3107-group11/backend/venv/lib/python3.12/site-packages/airflow/example_dags/example_latest_only_with_trigger.py took 0.115 seconds
[2025-03-24T21:58:03.915+0800] {processor.py:186} INFO - Started process (PID=66672) to work on /Users/dionneleow/IS3107/IS3107-group11/backend/venv/lib/python3.12/site-packages/airflow/example_dags/example_latest_only_with_trigger.py
[2025-03-24T21:58:03.916+0800] {processor.py:914} INFO - Processing file /Users/dionneleow/IS3107/IS3107-group11/backend/venv/lib/python3.12/site-packages/airflow/example_dags/example_latest_only_with_trigger.py for tasks to queue
[2025-03-24T21:58:03.916+0800] {logging_mixin.py:190} INFO - [2025-03-24T21:58:03.916+0800] {dagbag.py:588} INFO - Filling up the DagBag from /Users/dionneleow/IS3107/IS3107-group11/backend/venv/lib/python3.12/site-packages/airflow/example_dags/example_latest_only_with_trigger.py
[2025-03-24T21:58:03.919+0800] {processor.py:925} INFO - DAG(s) 'latest_only_with_trigger' retrieved from /Users/dionneleow/IS3107/IS3107-group11/backend/venv/lib/python3.12/site-packages/airflow/example_dags/example_latest_only_with_trigger.py
[2025-03-24T21:58:03.953+0800] {logging_mixin.py:190} INFO - [2025-03-24T21:58:03.952+0800] {dag.py:3239} INFO - Sync 1 DAGs
[2025-03-24T21:58:03.958+0800] {logging_mixin.py:190} INFO - [2025-03-24T21:58:03.958+0800] {dag.py:4180} INFO - Setting next_dagrun for latest_only_with_trigger to 2025-03-24 08:00:00+00:00, run_after=2025-03-24 12:00:00+00:00
[2025-03-24T21:58:03.990+0800] {processor.py:208} INFO - Processing /Users/dionneleow/IS3107/IS3107-group11/backend/venv/lib/python3.12/site-packages/airflow/example_dags/example_latest_only_with_trigger.py took 0.076 seconds
[2025-03-24T22:00:12.066+0800] {processor.py:186} INFO - Started process (PID=67361) to work on /Users/dionneleow/IS3107/IS3107-group11/backend/venv/lib/python3.12/site-packages/airflow/example_dags/example_latest_only_with_trigger.py
[2025-03-24T22:00:12.067+0800] {processor.py:914} INFO - Processing file /Users/dionneleow/IS3107/IS3107-group11/backend/venv/lib/python3.12/site-packages/airflow/example_dags/example_latest_only_with_trigger.py for tasks to queue
[2025-03-24T22:00:12.067+0800] {logging_mixin.py:190} INFO - [2025-03-24T22:00:12.067+0800] {dagbag.py:588} INFO - Filling up the DagBag from /Users/dionneleow/IS3107/IS3107-group11/backend/venv/lib/python3.12/site-packages/airflow/example_dags/example_latest_only_with_trigger.py
[2025-03-24T22:00:12.070+0800] {processor.py:925} INFO - DAG(s) 'latest_only_with_trigger' retrieved from /Users/dionneleow/IS3107/IS3107-group11/backend/venv/lib/python3.12/site-packages/airflow/example_dags/example_latest_only_with_trigger.py
[2025-03-24T22:00:12.101+0800] {logging_mixin.py:190} INFO - [2025-03-24T22:00:12.101+0800] {dag.py:3239} INFO - Sync 1 DAGs
[2025-03-24T22:00:12.107+0800] {logging_mixin.py:190} INFO - [2025-03-24T22:00:12.107+0800] {dag.py:4180} INFO - Setting next_dagrun for latest_only_with_trigger to 2025-03-24 08:00:00+00:00, run_after=2025-03-24 12:00:00+00:00
[2025-03-24T22:00:12.137+0800] {processor.py:208} INFO - Processing /Users/dionneleow/IS3107/IS3107-group11/backend/venv/lib/python3.12/site-packages/airflow/example_dags/example_latest_only_with_trigger.py took 0.073 seconds
[2025-03-24T22:02:20.821+0800] {processor.py:186} INFO - Started process (PID=68122) to work on /Users/dionneleow/IS3107/IS3107-group11/backend/venv/lib/python3.12/site-packages/airflow/example_dags/example_latest_only_with_trigger.py
[2025-03-24T22:02:20.822+0800] {processor.py:914} INFO - Processing file /Users/dionneleow/IS3107/IS3107-group11/backend/venv/lib/python3.12/site-packages/airflow/example_dags/example_latest_only_with_trigger.py for tasks to queue
[2025-03-24T22:02:20.823+0800] {logging_mixin.py:190} INFO - [2025-03-24T22:02:20.823+0800] {dagbag.py:588} INFO - Filling up the DagBag from /Users/dionneleow/IS3107/IS3107-group11/backend/venv/lib/python3.12/site-packages/airflow/example_dags/example_latest_only_with_trigger.py
[2025-03-24T22:02:20.826+0800] {processor.py:925} INFO - DAG(s) 'latest_only_with_trigger' retrieved from /Users/dionneleow/IS3107/IS3107-group11/backend/venv/lib/python3.12/site-packages/airflow/example_dags/example_latest_only_with_trigger.py
[2025-03-24T22:02:20.857+0800] {logging_mixin.py:190} INFO - [2025-03-24T22:02:20.857+0800] {dag.py:3239} INFO - Sync 1 DAGs
[2025-03-24T22:02:20.862+0800] {logging_mixin.py:190} INFO - [2025-03-24T22:02:20.862+0800] {dag.py:4180} INFO - Setting next_dagrun for latest_only_with_trigger to 2025-03-24 08:00:00+00:00, run_after=2025-03-24 12:00:00+00:00
[2025-03-24T22:02:20.892+0800] {processor.py:208} INFO - Processing /Users/dionneleow/IS3107/IS3107-group11/backend/venv/lib/python3.12/site-packages/airflow/example_dags/example_latest_only_with_trigger.py took 0.072 seconds
[2025-03-24T22:04:35.467+0800] {processor.py:186} INFO - Started process (PID=68949) to work on /Users/dionneleow/IS3107/IS3107-group11/backend/venv/lib/python3.12/site-packages/airflow/example_dags/example_latest_only_with_trigger.py
[2025-03-24T22:04:35.469+0800] {processor.py:914} INFO - Processing file /Users/dionneleow/IS3107/IS3107-group11/backend/venv/lib/python3.12/site-packages/airflow/example_dags/example_latest_only_with_trigger.py for tasks to queue
[2025-03-24T22:04:35.469+0800] {logging_mixin.py:190} INFO - [2025-03-24T22:04:35.469+0800] {dagbag.py:588} INFO - Filling up the DagBag from /Users/dionneleow/IS3107/IS3107-group11/backend/venv/lib/python3.12/site-packages/airflow/example_dags/example_latest_only_with_trigger.py
[2025-03-24T22:04:35.473+0800] {processor.py:925} INFO - DAG(s) 'latest_only_with_trigger' retrieved from /Users/dionneleow/IS3107/IS3107-group11/backend/venv/lib/python3.12/site-packages/airflow/example_dags/example_latest_only_with_trigger.py
[2025-03-24T22:04:35.506+0800] {logging_mixin.py:190} INFO - [2025-03-24T22:04:35.506+0800] {dag.py:3239} INFO - Sync 1 DAGs
[2025-03-24T22:04:35.512+0800] {logging_mixin.py:190} INFO - [2025-03-24T22:04:35.512+0800] {dag.py:4180} INFO - Setting next_dagrun for latest_only_with_trigger to 2025-03-24 08:00:00+00:00, run_after=2025-03-24 12:00:00+00:00
[2025-03-24T22:04:35.543+0800] {processor.py:208} INFO - Processing /Users/dionneleow/IS3107/IS3107-group11/backend/venv/lib/python3.12/site-packages/airflow/example_dags/example_latest_only_with_trigger.py took 0.078 seconds
[2025-03-24T22:06:54.210+0800] {processor.py:186} INFO - Started process (PID=69656) to work on /Users/dionneleow/IS3107/IS3107-group11/backend/venv/lib/python3.12/site-packages/airflow/example_dags/example_latest_only_with_trigger.py
[2025-03-24T22:06:54.211+0800] {processor.py:914} INFO - Processing file /Users/dionneleow/IS3107/IS3107-group11/backend/venv/lib/python3.12/site-packages/airflow/example_dags/example_latest_only_with_trigger.py for tasks to queue
[2025-03-24T22:06:54.211+0800] {logging_mixin.py:190} INFO - [2025-03-24T22:06:54.211+0800] {dagbag.py:588} INFO - Filling up the DagBag from /Users/dionneleow/IS3107/IS3107-group11/backend/venv/lib/python3.12/site-packages/airflow/example_dags/example_latest_only_with_trigger.py
[2025-03-24T22:06:54.215+0800] {processor.py:925} INFO - DAG(s) 'latest_only_with_trigger' retrieved from /Users/dionneleow/IS3107/IS3107-group11/backend/venv/lib/python3.12/site-packages/airflow/example_dags/example_latest_only_with_trigger.py
[2025-03-24T22:06:54.249+0800] {logging_mixin.py:190} INFO - [2025-03-24T22:06:54.249+0800] {dag.py:3239} INFO - Sync 1 DAGs
[2025-03-24T22:06:54.255+0800] {logging_mixin.py:190} INFO - [2025-03-24T22:06:54.255+0800] {dag.py:4180} INFO - Setting next_dagrun for latest_only_with_trigger to 2025-03-24 08:00:00+00:00, run_after=2025-03-24 12:00:00+00:00
[2025-03-24T22:06:54.287+0800] {processor.py:208} INFO - Processing /Users/dionneleow/IS3107/IS3107-group11/backend/venv/lib/python3.12/site-packages/airflow/example_dags/example_latest_only_with_trigger.py took 0.079 seconds
[2025-03-24T22:09:17.353+0800] {processor.py:186} INFO - Started process (PID=70418) to work on /Users/dionneleow/IS3107/IS3107-group11/backend/venv/lib/python3.12/site-packages/airflow/example_dags/example_latest_only_with_trigger.py
[2025-03-24T22:09:17.353+0800] {processor.py:914} INFO - Processing file /Users/dionneleow/IS3107/IS3107-group11/backend/venv/lib/python3.12/site-packages/airflow/example_dags/example_latest_only_with_trigger.py for tasks to queue
[2025-03-24T22:09:17.354+0800] {logging_mixin.py:190} INFO - [2025-03-24T22:09:17.354+0800] {dagbag.py:588} INFO - Filling up the DagBag from /Users/dionneleow/IS3107/IS3107-group11/backend/venv/lib/python3.12/site-packages/airflow/example_dags/example_latest_only_with_trigger.py
[2025-03-24T22:09:17.357+0800] {processor.py:925} INFO - DAG(s) 'latest_only_with_trigger' retrieved from /Users/dionneleow/IS3107/IS3107-group11/backend/venv/lib/python3.12/site-packages/airflow/example_dags/example_latest_only_with_trigger.py
[2025-03-24T22:09:17.390+0800] {logging_mixin.py:190} INFO - [2025-03-24T22:09:17.390+0800] {dag.py:3239} INFO - Sync 1 DAGs
[2025-03-24T22:09:17.398+0800] {logging_mixin.py:190} INFO - [2025-03-24T22:09:17.398+0800] {dag.py:4180} INFO - Setting next_dagrun for latest_only_with_trigger to 2025-03-24 08:00:00+00:00, run_after=2025-03-24 12:00:00+00:00
[2025-03-24T22:09:17.429+0800] {processor.py:208} INFO - Processing /Users/dionneleow/IS3107/IS3107-group11/backend/venv/lib/python3.12/site-packages/airflow/example_dags/example_latest_only_with_trigger.py took 0.077 seconds
[2025-03-24T22:11:36.673+0800] {processor.py:186} INFO - Started process (PID=71220) to work on /Users/dionneleow/IS3107/IS3107-group11/backend/venv/lib/python3.12/site-packages/airflow/example_dags/example_latest_only_with_trigger.py
[2025-03-24T22:11:36.673+0800] {processor.py:914} INFO - Processing file /Users/dionneleow/IS3107/IS3107-group11/backend/venv/lib/python3.12/site-packages/airflow/example_dags/example_latest_only_with_trigger.py for tasks to queue
[2025-03-24T22:11:36.674+0800] {logging_mixin.py:190} INFO - [2025-03-24T22:11:36.674+0800] {dagbag.py:588} INFO - Filling up the DagBag from /Users/dionneleow/IS3107/IS3107-group11/backend/venv/lib/python3.12/site-packages/airflow/example_dags/example_latest_only_with_trigger.py
[2025-03-24T22:11:36.677+0800] {processor.py:925} INFO - DAG(s) 'latest_only_with_trigger' retrieved from /Users/dionneleow/IS3107/IS3107-group11/backend/venv/lib/python3.12/site-packages/airflow/example_dags/example_latest_only_with_trigger.py
[2025-03-24T22:11:36.708+0800] {logging_mixin.py:190} INFO - [2025-03-24T22:11:36.708+0800] {dag.py:3239} INFO - Sync 1 DAGs
[2025-03-24T22:11:36.713+0800] {logging_mixin.py:190} INFO - [2025-03-24T22:11:36.713+0800] {dag.py:4180} INFO - Setting next_dagrun for latest_only_with_trigger to 2025-03-24 08:00:00+00:00, run_after=2025-03-24 12:00:00+00:00
[2025-03-24T22:11:36.742+0800] {processor.py:208} INFO - Processing /Users/dionneleow/IS3107/IS3107-group11/backend/venv/lib/python3.12/site-packages/airflow/example_dags/example_latest_only_with_trigger.py took 0.071 seconds
[2025-03-24T22:13:52.905+0800] {processor.py:186} INFO - Started process (PID=71984) to work on /Users/dionneleow/IS3107/IS3107-group11/backend/venv/lib/python3.12/site-packages/airflow/example_dags/example_latest_only_with_trigger.py
[2025-03-24T22:13:52.906+0800] {processor.py:914} INFO - Processing file /Users/dionneleow/IS3107/IS3107-group11/backend/venv/lib/python3.12/site-packages/airflow/example_dags/example_latest_only_with_trigger.py for tasks to queue
[2025-03-24T22:13:52.906+0800] {logging_mixin.py:190} INFO - [2025-03-24T22:13:52.906+0800] {dagbag.py:588} INFO - Filling up the DagBag from /Users/dionneleow/IS3107/IS3107-group11/backend/venv/lib/python3.12/site-packages/airflow/example_dags/example_latest_only_with_trigger.py
[2025-03-24T22:13:52.910+0800] {processor.py:925} INFO - DAG(s) 'latest_only_with_trigger' retrieved from /Users/dionneleow/IS3107/IS3107-group11/backend/venv/lib/python3.12/site-packages/airflow/example_dags/example_latest_only_with_trigger.py
[2025-03-24T22:13:52.944+0800] {logging_mixin.py:190} INFO - [2025-03-24T22:13:52.944+0800] {dag.py:3239} INFO - Sync 1 DAGs
[2025-03-24T22:13:52.950+0800] {logging_mixin.py:190} INFO - [2025-03-24T22:13:52.950+0800] {dag.py:4180} INFO - Setting next_dagrun for latest_only_with_trigger to 2025-03-24 08:00:00+00:00, run_after=2025-03-24 12:00:00+00:00
[2025-03-24T22:13:52.982+0800] {processor.py:208} INFO - Processing /Users/dionneleow/IS3107/IS3107-group11/backend/venv/lib/python3.12/site-packages/airflow/example_dags/example_latest_only_with_trigger.py took 0.078 seconds
[2025-03-24T22:16:15.243+0800] {processor.py:186} INFO - Started process (PID=72845) to work on /Users/dionneleow/IS3107/IS3107-group11/backend/venv/lib/python3.12/site-packages/airflow/example_dags/example_latest_only_with_trigger.py
[2025-03-24T22:16:15.243+0800] {processor.py:914} INFO - Processing file /Users/dionneleow/IS3107/IS3107-group11/backend/venv/lib/python3.12/site-packages/airflow/example_dags/example_latest_only_with_trigger.py for tasks to queue
[2025-03-24T22:16:15.244+0800] {logging_mixin.py:190} INFO - [2025-03-24T22:16:15.244+0800] {dagbag.py:588} INFO - Filling up the DagBag from /Users/dionneleow/IS3107/IS3107-group11/backend/venv/lib/python3.12/site-packages/airflow/example_dags/example_latest_only_with_trigger.py
[2025-03-24T22:16:15.247+0800] {processor.py:925} INFO - DAG(s) 'latest_only_with_trigger' retrieved from /Users/dionneleow/IS3107/IS3107-group11/backend/venv/lib/python3.12/site-packages/airflow/example_dags/example_latest_only_with_trigger.py
[2025-03-24T22:16:15.282+0800] {logging_mixin.py:190} INFO - [2025-03-24T22:16:15.282+0800] {dag.py:3239} INFO - Sync 1 DAGs
[2025-03-24T22:16:15.290+0800] {logging_mixin.py:190} INFO - [2025-03-24T22:16:15.290+0800] {dag.py:4180} INFO - Setting next_dagrun for latest_only_with_trigger to 2025-03-24 08:00:00+00:00, run_after=2025-03-24 12:00:00+00:00
[2025-03-24T22:16:15.324+0800] {processor.py:208} INFO - Processing /Users/dionneleow/IS3107/IS3107-group11/backend/venv/lib/python3.12/site-packages/airflow/example_dags/example_latest_only_with_trigger.py took 0.083 seconds
[2025-03-24T22:18:40.390+0800] {processor.py:186} INFO - Started process (PID=73621) to work on /Users/dionneleow/IS3107/IS3107-group11/backend/venv/lib/python3.12/site-packages/airflow/example_dags/example_latest_only_with_trigger.py
[2025-03-24T22:18:40.392+0800] {processor.py:914} INFO - Processing file /Users/dionneleow/IS3107/IS3107-group11/backend/venv/lib/python3.12/site-packages/airflow/example_dags/example_latest_only_with_trigger.py for tasks to queue
[2025-03-24T22:18:40.392+0800] {logging_mixin.py:190} INFO - [2025-03-24T22:18:40.392+0800] {dagbag.py:588} INFO - Filling up the DagBag from /Users/dionneleow/IS3107/IS3107-group11/backend/venv/lib/python3.12/site-packages/airflow/example_dags/example_latest_only_with_trigger.py
[2025-03-24T22:18:40.396+0800] {processor.py:925} INFO - DAG(s) 'latest_only_with_trigger' retrieved from /Users/dionneleow/IS3107/IS3107-group11/backend/venv/lib/python3.12/site-packages/airflow/example_dags/example_latest_only_with_trigger.py
[2025-03-24T22:18:40.429+0800] {logging_mixin.py:190} INFO - [2025-03-24T22:18:40.429+0800] {dag.py:3239} INFO - Sync 1 DAGs
[2025-03-24T22:18:40.436+0800] {logging_mixin.py:190} INFO - [2025-03-24T22:18:40.436+0800] {dag.py:4180} INFO - Setting next_dagrun for latest_only_with_trigger to 2025-03-24 08:00:00+00:00, run_after=2025-03-24 12:00:00+00:00
[2025-03-24T22:18:40.470+0800] {processor.py:208} INFO - Processing /Users/dionneleow/IS3107/IS3107-group11/backend/venv/lib/python3.12/site-packages/airflow/example_dags/example_latest_only_with_trigger.py took 0.081 seconds
