[2025-03-24T21:49:28.044+0800] {processor.py:186} INFO - Started process (PID=63332) to work on /Users/dionneleow/IS3107/IS3107-group11/backend/venv/lib/python3.12/site-packages/airflow/example_dags/example_inlet_event_extra.py
[2025-03-24T21:49:28.045+0800] {processor.py:914} INFO - Processing file /Users/dionneleow/IS3107/IS3107-group11/backend/venv/lib/python3.12/site-packages/airflow/example_dags/example_inlet_event_extra.py for tasks to queue
[2025-03-24T21:49:28.046+0800] {logging_mixin.py:190} INFO - [2025-03-24T21:49:28.046+0800] {dagbag.py:588} INFO - Filling up the DagBag from /Users/dionneleow/IS3107/IS3107-group11/backend/venv/lib/python3.12/site-packages/airflow/example_dags/example_inlet_event_extra.py
[2025-03-24T21:49:28.102+0800] {processor.py:925} INFO - DAG(s) 'read_dataset_event_from_classic', 'read_dataset_event' retrieved from /Users/dionneleow/IS3107/IS3107-group11/backend/venv/lib/python3.12/site-packages/airflow/example_dags/example_inlet_event_extra.py
[2025-03-24T21:49:28.199+0800] {logging_mixin.py:190} INFO - [2025-03-24T21:49:28.199+0800] {override.py:1912} INFO - Created Permission View: can delete on DAG:read_dataset_event_from_classic
[2025-03-24T21:49:28.202+0800] {logging_mixin.py:190} INFO - [2025-03-24T21:49:28.202+0800] {override.py:1912} INFO - Created Permission View: can read on DAG:read_dataset_event_from_classic
[2025-03-24T21:49:28.204+0800] {logging_mixin.py:190} INFO - [2025-03-24T21:49:28.204+0800] {override.py:1912} INFO - Created Permission View: can edit on DAG:read_dataset_event_from_classic
[2025-03-24T21:49:28.207+0800] {logging_mixin.py:190} INFO - [2025-03-24T21:49:28.207+0800] {override.py:1912} INFO - Created Permission View: can read on DAG Run:read_dataset_event_from_classic
[2025-03-24T21:49:28.209+0800] {logging_mixin.py:190} INFO - [2025-03-24T21:49:28.209+0800] {override.py:1912} INFO - Created Permission View: can delete on DAG Run:read_dataset_event_from_classic
[2025-03-24T21:49:28.210+0800] {logging_mixin.py:190} INFO - [2025-03-24T21:49:28.210+0800] {override.py:1912} INFO - Created Permission View: menu access on DAG Run:read_dataset_event_from_classic
[2025-03-24T21:49:28.212+0800] {logging_mixin.py:190} INFO - [2025-03-24T21:49:28.212+0800] {override.py:1912} INFO - Created Permission View: can create on DAG Run:read_dataset_event_from_classic
[2025-03-24T21:49:28.216+0800] {logging_mixin.py:190} INFO - [2025-03-24T21:49:28.216+0800] {override.py:1912} INFO - Created Permission View: can delete on DAG:read_dataset_event
[2025-03-24T21:49:28.221+0800] {logging_mixin.py:190} INFO - [2025-03-24T21:49:28.221+0800] {override.py:1912} INFO - Created Permission View: can read on DAG:read_dataset_event
[2025-03-24T21:49:28.223+0800] {logging_mixin.py:190} INFO - [2025-03-24T21:49:28.223+0800] {override.py:1912} INFO - Created Permission View: can edit on DAG:read_dataset_event
[2025-03-24T21:49:28.225+0800] {logging_mixin.py:190} INFO - [2025-03-24T21:49:28.225+0800] {override.py:1912} INFO - Created Permission View: can read on DAG Run:read_dataset_event
[2025-03-24T21:49:28.227+0800] {logging_mixin.py:190} INFO - [2025-03-24T21:49:28.227+0800] {override.py:1912} INFO - Created Permission View: can delete on DAG Run:read_dataset_event
[2025-03-24T21:49:28.229+0800] {logging_mixin.py:190} INFO - [2025-03-24T21:49:28.228+0800] {override.py:1912} INFO - Created Permission View: menu access on DAG Run:read_dataset_event
[2025-03-24T21:49:28.230+0800] {logging_mixin.py:190} INFO - [2025-03-24T21:49:28.230+0800] {override.py:1912} INFO - Created Permission View: can create on DAG Run:read_dataset_event
[2025-03-24T21:49:28.231+0800] {logging_mixin.py:190} INFO - [2025-03-24T21:49:28.231+0800] {dag.py:3239} INFO - Sync 2 DAGs
[2025-03-24T21:49:28.234+0800] {logging_mixin.py:190} INFO - [2025-03-24T21:49:28.234+0800] {dag.py:3262} INFO - Creating ORM DAG for read_dataset_event_from_classic
[2025-03-24T21:49:28.235+0800] {logging_mixin.py:190} INFO - [2025-03-24T21:49:28.235+0800] {dag.py:3262} INFO - Creating ORM DAG for read_dataset_event
[2025-03-24T21:49:28.238+0800] {logging_mixin.py:190} INFO - [2025-03-24T21:49:28.238+0800] {dag.py:4180} INFO - Setting next_dagrun for read_dataset_event to 2025-03-23 00:00:00+00:00, run_after=2025-03-24 00:00:00+00:00
[2025-03-24T21:49:28.239+0800] {logging_mixin.py:190} INFO - [2025-03-24T21:49:28.239+0800] {dag.py:4180} INFO - Setting next_dagrun for read_dataset_event_from_classic to 2025-03-23 00:00:00+00:00, run_after=2025-03-24 00:00:00+00:00
[2025-03-24T21:49:28.248+0800] {processor.py:208} INFO - Processing /Users/dionneleow/IS3107/IS3107-group11/backend/venv/lib/python3.12/site-packages/airflow/example_dags/example_inlet_event_extra.py took 0.206 seconds
[2025-03-24T21:51:16.775+0800] {processor.py:186} INFO - Started process (PID=64112) to work on /Users/dionneleow/IS3107/IS3107-group11/backend/venv/lib/python3.12/site-packages/airflow/example_dags/example_inlet_event_extra.py
[2025-03-24T21:51:16.776+0800] {processor.py:914} INFO - Processing file /Users/dionneleow/IS3107/IS3107-group11/backend/venv/lib/python3.12/site-packages/airflow/example_dags/example_inlet_event_extra.py for tasks to queue
[2025-03-24T21:51:16.776+0800] {logging_mixin.py:190} INFO - [2025-03-24T21:51:16.776+0800] {dagbag.py:588} INFO - Filling up the DagBag from /Users/dionneleow/IS3107/IS3107-group11/backend/venv/lib/python3.12/site-packages/airflow/example_dags/example_inlet_event_extra.py
[2025-03-24T21:51:16.817+0800] {processor.py:925} INFO - DAG(s) 'read_dataset_event', 'read_dataset_event_from_classic' retrieved from /Users/dionneleow/IS3107/IS3107-group11/backend/venv/lib/python3.12/site-packages/airflow/example_dags/example_inlet_event_extra.py
[2025-03-24T21:51:16.875+0800] {logging_mixin.py:190} INFO - [2025-03-24T21:51:16.875+0800] {dag.py:3239} INFO - Sync 2 DAGs
[2025-03-24T21:51:16.882+0800] {logging_mixin.py:190} INFO - [2025-03-24T21:51:16.882+0800] {dag.py:4180} INFO - Setting next_dagrun for read_dataset_event to 2025-03-23 00:00:00+00:00, run_after=2025-03-24 00:00:00+00:00
[2025-03-24T21:51:16.885+0800] {logging_mixin.py:190} INFO - [2025-03-24T21:51:16.885+0800] {dag.py:4180} INFO - Setting next_dagrun for read_dataset_event_from_classic to 2025-03-23 00:00:00+00:00, run_after=2025-03-24 00:00:00+00:00
[2025-03-24T21:51:16.892+0800] {processor.py:208} INFO - Processing /Users/dionneleow/IS3107/IS3107-group11/backend/venv/lib/python3.12/site-packages/airflow/example_dags/example_inlet_event_extra.py took 0.119 seconds
[2025-03-24T21:53:32.136+0800] {processor.py:186} INFO - Started process (PID=64912) to work on /Users/dionneleow/IS3107/IS3107-group11/backend/venv/lib/python3.12/site-packages/airflow/example_dags/example_inlet_event_extra.py
[2025-03-24T21:53:32.137+0800] {processor.py:914} INFO - Processing file /Users/dionneleow/IS3107/IS3107-group11/backend/venv/lib/python3.12/site-packages/airflow/example_dags/example_inlet_event_extra.py for tasks to queue
[2025-03-24T21:53:32.137+0800] {logging_mixin.py:190} INFO - [2025-03-24T21:53:32.137+0800] {dagbag.py:588} INFO - Filling up the DagBag from /Users/dionneleow/IS3107/IS3107-group11/backend/venv/lib/python3.12/site-packages/airflow/example_dags/example_inlet_event_extra.py
[2025-03-24T21:53:32.164+0800] {processor.py:925} INFO - DAG(s) 'read_dataset_event_from_classic', 'read_dataset_event' retrieved from /Users/dionneleow/IS3107/IS3107-group11/backend/venv/lib/python3.12/site-packages/airflow/example_dags/example_inlet_event_extra.py
[2025-03-24T21:53:32.221+0800] {logging_mixin.py:190} INFO - [2025-03-24T21:53:32.221+0800] {dag.py:3239} INFO - Sync 2 DAGs
[2025-03-24T21:53:32.227+0800] {logging_mixin.py:190} INFO - [2025-03-24T21:53:32.227+0800] {dag.py:4180} INFO - Setting next_dagrun for read_dataset_event to 2025-03-23 00:00:00+00:00, run_after=2025-03-24 00:00:00+00:00
[2025-03-24T21:53:32.229+0800] {logging_mixin.py:190} INFO - [2025-03-24T21:53:32.228+0800] {dag.py:4180} INFO - Setting next_dagrun for read_dataset_event_from_classic to 2025-03-23 00:00:00+00:00, run_after=2025-03-24 00:00:00+00:00
[2025-03-24T21:53:32.235+0800] {processor.py:208} INFO - Processing /Users/dionneleow/IS3107/IS3107-group11/backend/venv/lib/python3.12/site-packages/airflow/example_dags/example_inlet_event_extra.py took 0.101 seconds
[2025-03-24T21:55:50.511+0800] {processor.py:186} INFO - Started process (PID=65790) to work on /Users/dionneleow/IS3107/IS3107-group11/backend/venv/lib/python3.12/site-packages/airflow/example_dags/example_inlet_event_extra.py
[2025-03-24T21:55:50.512+0800] {processor.py:914} INFO - Processing file /Users/dionneleow/IS3107/IS3107-group11/backend/venv/lib/python3.12/site-packages/airflow/example_dags/example_inlet_event_extra.py for tasks to queue
[2025-03-24T21:55:50.512+0800] {logging_mixin.py:190} INFO - [2025-03-24T21:55:50.512+0800] {dagbag.py:588} INFO - Filling up the DagBag from /Users/dionneleow/IS3107/IS3107-group11/backend/venv/lib/python3.12/site-packages/airflow/example_dags/example_inlet_event_extra.py
[2025-03-24T21:55:50.545+0800] {processor.py:925} INFO - DAG(s) 'read_dataset_event_from_classic', 'read_dataset_event' retrieved from /Users/dionneleow/IS3107/IS3107-group11/backend/venv/lib/python3.12/site-packages/airflow/example_dags/example_inlet_event_extra.py
[2025-03-24T21:55:50.608+0800] {logging_mixin.py:190} INFO - [2025-03-24T21:55:50.608+0800] {dag.py:3239} INFO - Sync 2 DAGs
[2025-03-24T21:55:50.614+0800] {logging_mixin.py:190} INFO - [2025-03-24T21:55:50.614+0800] {dag.py:4180} INFO - Setting next_dagrun for read_dataset_event to 2025-03-23 00:00:00+00:00, run_after=2025-03-24 00:00:00+00:00
[2025-03-24T21:55:50.616+0800] {logging_mixin.py:190} INFO - [2025-03-24T21:55:50.616+0800] {dag.py:4180} INFO - Setting next_dagrun for read_dataset_event_from_classic to 2025-03-23 00:00:00+00:00, run_after=2025-03-24 00:00:00+00:00
[2025-03-24T21:55:50.621+0800] {processor.py:208} INFO - Processing /Users/dionneleow/IS3107/IS3107-group11/backend/venv/lib/python3.12/site-packages/airflow/example_dags/example_inlet_event_extra.py took 0.112 seconds
