[2025-03-24T21:47:24.191+0800] {processor.py:186} INFO - Started process (PID=62378) to work on /Users/dionneleow/IS3107/IS3107-group11/backend/venv/lib/python3.12/site-packages/airflow/example_dags/example_xcomargs.py
[2025-03-24T21:47:24.192+0800] {processor.py:914} INFO - Processing file /Users/dionneleow/IS3107/IS3107-group11/backend/venv/lib/python3.12/site-packages/airflow/example_dags/example_xcomargs.py for tasks to queue
[2025-03-24T21:47:24.192+0800] {logging_mixin.py:190} INFO - [2025-03-24T21:47:24.192+0800] {dagbag.py:588} INFO - Filling up the DagBag from /Users/dionneleow/IS3107/IS3107-group11/backend/venv/lib/python3.12/site-packages/airflow/example_dags/example_xcomargs.py
[2025-03-24T21:47:24.208+0800] {processor.py:925} INFO - DAG(s) 'example_xcom_args', 'example_xcom_args_with_operators' retrieved from /Users/dionneleow/IS3107/IS3107-group11/backend/venv/lib/python3.12/site-packages/airflow/example_dags/example_xcomargs.py
[2025-03-24T21:47:24.312+0800] {logging_mixin.py:190} INFO - [2025-03-24T21:47:24.312+0800] {override.py:1912} INFO - Created Permission View: can edit on DAG:example_xcom_args
[2025-03-24T21:47:24.317+0800] {logging_mixin.py:190} INFO - [2025-03-24T21:47:24.317+0800] {override.py:1912} INFO - Created Permission View: can read on DAG:example_xcom_args
[2025-03-24T21:47:24.320+0800] {logging_mixin.py:190} INFO - [2025-03-24T21:47:24.320+0800] {override.py:1912} INFO - Created Permission View: can delete on DAG:example_xcom_args
[2025-03-24T21:47:24.323+0800] {logging_mixin.py:190} INFO - [2025-03-24T21:47:24.323+0800] {override.py:1912} INFO - Created Permission View: can delete on DAG Run:example_xcom_args
[2025-03-24T21:47:24.325+0800] {logging_mixin.py:190} INFO - [2025-03-24T21:47:24.325+0800] {override.py:1912} INFO - Created Permission View: can read on DAG Run:example_xcom_args
[2025-03-24T21:47:24.327+0800] {logging_mixin.py:190} INFO - [2025-03-24T21:47:24.327+0800] {override.py:1912} INFO - Created Permission View: menu access on DAG Run:example_xcom_args
[2025-03-24T21:47:24.331+0800] {logging_mixin.py:190} INFO - [2025-03-24T21:47:24.331+0800] {override.py:1912} INFO - Created Permission View: can create on DAG Run:example_xcom_args
[2025-03-24T21:47:24.337+0800] {logging_mixin.py:190} INFO - [2025-03-24T21:47:24.337+0800] {override.py:1912} INFO - Created Permission View: can edit on DAG:example_xcom_args_with_operators
[2025-03-24T21:47:24.339+0800] {logging_mixin.py:190} INFO - [2025-03-24T21:47:24.339+0800] {override.py:1912} INFO - Created Permission View: can read on DAG:example_xcom_args_with_operators
[2025-03-24T21:47:24.341+0800] {logging_mixin.py:190} INFO - [2025-03-24T21:47:24.341+0800] {override.py:1912} INFO - Created Permission View: can delete on DAG:example_xcom_args_with_operators
[2025-03-24T21:47:24.343+0800] {logging_mixin.py:190} INFO - [2025-03-24T21:47:24.343+0800] {override.py:1912} INFO - Created Permission View: can delete on DAG Run:example_xcom_args_with_operators
[2025-03-24T21:47:24.345+0800] {logging_mixin.py:190} INFO - [2025-03-24T21:47:24.345+0800] {override.py:1912} INFO - Created Permission View: can read on DAG Run:example_xcom_args_with_operators
[2025-03-24T21:47:24.347+0800] {logging_mixin.py:190} INFO - [2025-03-24T21:47:24.347+0800] {override.py:1912} INFO - Created Permission View: menu access on DAG Run:example_xcom_args_with_operators
[2025-03-24T21:47:24.348+0800] {logging_mixin.py:190} INFO - [2025-03-24T21:47:24.348+0800] {override.py:1912} INFO - Created Permission View: can create on DAG Run:example_xcom_args_with_operators
[2025-03-24T21:47:24.349+0800] {logging_mixin.py:190} INFO - [2025-03-24T21:47:24.349+0800] {dag.py:3239} INFO - Sync 2 DAGs
[2025-03-24T21:47:24.353+0800] {logging_mixin.py:190} INFO - [2025-03-24T21:47:24.353+0800] {dag.py:3262} INFO - Creating ORM DAG for example_xcom_args_with_operators
[2025-03-24T21:47:24.354+0800] {logging_mixin.py:190} INFO - [2025-03-24T21:47:24.354+0800] {dag.py:3262} INFO - Creating ORM DAG for example_xcom_args
[2025-03-24T21:47:24.354+0800] {logging_mixin.py:190} INFO - [2025-03-24T21:47:24.354+0800] {dag.py:4180} INFO - Setting next_dagrun for example_xcom_args to None, run_after=None
[2025-03-24T21:47:24.354+0800] {logging_mixin.py:190} INFO - [2025-03-24T21:47:24.354+0800] {dag.py:4180} INFO - Setting next_dagrun for example_xcom_args_with_operators to None, run_after=None
[2025-03-24T21:47:24.360+0800] {processor.py:208} INFO - Processing /Users/dionneleow/IS3107/IS3107-group11/backend/venv/lib/python3.12/site-packages/airflow/example_dags/example_xcomargs.py took 0.170 seconds
[2025-03-24T21:48:33.564+0800] {processor.py:186} INFO - Started process (PID=62897) to work on /Users/dionneleow/IS3107/IS3107-group11/backend/venv/lib/python3.12/site-packages/airflow/example_dags/example_xcomargs.py
[2025-03-24T21:48:33.614+0800] {processor.py:914} INFO - Processing file /Users/dionneleow/IS3107/IS3107-group11/backend/venv/lib/python3.12/site-packages/airflow/example_dags/example_xcomargs.py for tasks to queue
[2025-03-24T21:48:33.615+0800] {logging_mixin.py:190} INFO - [2025-03-24T21:48:33.615+0800] {dagbag.py:588} INFO - Filling up the DagBag from /Users/dionneleow/IS3107/IS3107-group11/backend/venv/lib/python3.12/site-packages/airflow/example_dags/example_xcomargs.py
[2025-03-24T21:48:33.638+0800] {processor.py:925} INFO - DAG(s) 'example_xcom_args_with_operators', 'example_xcom_args' retrieved from /Users/dionneleow/IS3107/IS3107-group11/backend/venv/lib/python3.12/site-packages/airflow/example_dags/example_xcomargs.py
[2025-03-24T21:48:33.725+0800] {logging_mixin.py:190} INFO - [2025-03-24T21:48:33.725+0800] {dag.py:3239} INFO - Sync 2 DAGs
[2025-03-24T21:48:33.733+0800] {logging_mixin.py:190} INFO - [2025-03-24T21:48:33.733+0800] {dag.py:4180} INFO - Setting next_dagrun for example_xcom_args to None, run_after=None
[2025-03-24T21:48:33.737+0800] {logging_mixin.py:190} INFO - [2025-03-24T21:48:33.737+0800] {dag.py:4180} INFO - Setting next_dagrun for example_xcom_args_with_operators to None, run_after=None
[2025-03-24T21:48:33.745+0800] {processor.py:208} INFO - Processing /Users/dionneleow/IS3107/IS3107-group11/backend/venv/lib/python3.12/site-packages/airflow/example_dags/example_xcomargs.py took 0.183 seconds
[2025-03-24T21:50:24.735+0800] {processor.py:186} INFO - Started process (PID=63731) to work on /Users/dionneleow/IS3107/IS3107-group11/backend/venv/lib/python3.12/site-packages/airflow/example_dags/example_xcomargs.py
[2025-03-24T21:50:24.736+0800] {processor.py:914} INFO - Processing file /Users/dionneleow/IS3107/IS3107-group11/backend/venv/lib/python3.12/site-packages/airflow/example_dags/example_xcomargs.py for tasks to queue
[2025-03-24T21:50:24.737+0800] {logging_mixin.py:190} INFO - [2025-03-24T21:50:24.737+0800] {dagbag.py:588} INFO - Filling up the DagBag from /Users/dionneleow/IS3107/IS3107-group11/backend/venv/lib/python3.12/site-packages/airflow/example_dags/example_xcomargs.py
[2025-03-24T21:50:24.753+0800] {processor.py:925} INFO - DAG(s) 'example_xcom_args', 'example_xcom_args_with_operators' retrieved from /Users/dionneleow/IS3107/IS3107-group11/backend/venv/lib/python3.12/site-packages/airflow/example_dags/example_xcomargs.py
[2025-03-24T21:50:24.814+0800] {logging_mixin.py:190} INFO - [2025-03-24T21:50:24.814+0800] {dag.py:3239} INFO - Sync 2 DAGs
[2025-03-24T21:50:24.818+0800] {logging_mixin.py:190} INFO - [2025-03-24T21:50:24.818+0800] {dag.py:4180} INFO - Setting next_dagrun for example_xcom_args to None, run_after=None
[2025-03-24T21:50:24.819+0800] {logging_mixin.py:190} INFO - [2025-03-24T21:50:24.819+0800] {dag.py:4180} INFO - Setting next_dagrun for example_xcom_args_with_operators to None, run_after=None
[2025-03-24T21:50:24.826+0800] {processor.py:208} INFO - Processing /Users/dionneleow/IS3107/IS3107-group11/backend/venv/lib/python3.12/site-packages/airflow/example_dags/example_xcomargs.py took 0.092 seconds
[2025-03-24T21:51:41.398+0800] {processor.py:186} INFO - Started process (PID=64254) to work on /Users/dionneleow/IS3107/IS3107-group11/backend/venv/lib/python3.12/site-packages/airflow/example_dags/example_xcomargs.py
[2025-03-24T21:51:41.399+0800] {processor.py:914} INFO - Processing file /Users/dionneleow/IS3107/IS3107-group11/backend/venv/lib/python3.12/site-packages/airflow/example_dags/example_xcomargs.py for tasks to queue
[2025-03-24T21:51:41.400+0800] {logging_mixin.py:190} INFO - [2025-03-24T21:51:41.400+0800] {dagbag.py:588} INFO - Filling up the DagBag from /Users/dionneleow/IS3107/IS3107-group11/backend/venv/lib/python3.12/site-packages/airflow/example_dags/example_xcomargs.py
[2025-03-24T21:51:41.416+0800] {processor.py:925} INFO - DAG(s) 'example_xcom_args', 'example_xcom_args_with_operators' retrieved from /Users/dionneleow/IS3107/IS3107-group11/backend/venv/lib/python3.12/site-packages/airflow/example_dags/example_xcomargs.py
[2025-03-24T21:51:41.482+0800] {logging_mixin.py:190} INFO - [2025-03-24T21:51:41.482+0800] {dag.py:3239} INFO - Sync 2 DAGs
[2025-03-24T21:51:41.487+0800] {logging_mixin.py:190} INFO - [2025-03-24T21:51:41.487+0800] {dag.py:4180} INFO - Setting next_dagrun for example_xcom_args to None, run_after=None
[2025-03-24T21:51:41.489+0800] {logging_mixin.py:190} INFO - [2025-03-24T21:51:41.489+0800] {dag.py:4180} INFO - Setting next_dagrun for example_xcom_args_with_operators to None, run_after=None
[2025-03-24T21:51:41.494+0800] {processor.py:208} INFO - Processing /Users/dionneleow/IS3107/IS3107-group11/backend/venv/lib/python3.12/site-packages/airflow/example_dags/example_xcomargs.py took 0.098 seconds
[2025-03-24T21:52:50.182+0800] {processor.py:186} INFO - Started process (PID=64646) to work on /Users/dionneleow/IS3107/IS3107-group11/backend/venv/lib/python3.12/site-packages/airflow/example_dags/example_xcomargs.py
[2025-03-24T21:52:50.182+0800] {processor.py:914} INFO - Processing file /Users/dionneleow/IS3107/IS3107-group11/backend/venv/lib/python3.12/site-packages/airflow/example_dags/example_xcomargs.py for tasks to queue
[2025-03-24T21:52:50.183+0800] {logging_mixin.py:190} INFO - [2025-03-24T21:52:50.183+0800] {dagbag.py:588} INFO - Filling up the DagBag from /Users/dionneleow/IS3107/IS3107-group11/backend/venv/lib/python3.12/site-packages/airflow/example_dags/example_xcomargs.py
[2025-03-24T21:52:50.198+0800] {processor.py:925} INFO - DAG(s) 'example_xcom_args', 'example_xcom_args_with_operators' retrieved from /Users/dionneleow/IS3107/IS3107-group11/backend/venv/lib/python3.12/site-packages/airflow/example_dags/example_xcomargs.py
[2025-03-24T21:52:50.254+0800] {logging_mixin.py:190} INFO - [2025-03-24T21:52:50.254+0800] {dag.py:3239} INFO - Sync 2 DAGs
[2025-03-24T21:52:50.257+0800] {logging_mixin.py:190} INFO - [2025-03-24T21:52:50.257+0800] {dag.py:4180} INFO - Setting next_dagrun for example_xcom_args to None, run_after=None
[2025-03-24T21:52:50.258+0800] {logging_mixin.py:190} INFO - [2025-03-24T21:52:50.258+0800] {dag.py:4180} INFO - Setting next_dagrun for example_xcom_args_with_operators to None, run_after=None
[2025-03-24T21:52:50.264+0800] {processor.py:208} INFO - Processing /Users/dionneleow/IS3107/IS3107-group11/backend/venv/lib/python3.12/site-packages/airflow/example_dags/example_xcomargs.py took 0.083 seconds
[2025-03-24T21:53:58.917+0800] {processor.py:186} INFO - Started process (PID=65081) to work on /Users/dionneleow/IS3107/IS3107-group11/backend/venv/lib/python3.12/site-packages/airflow/example_dags/example_xcomargs.py
[2025-03-24T21:53:58.918+0800] {processor.py:914} INFO - Processing file /Users/dionneleow/IS3107/IS3107-group11/backend/venv/lib/python3.12/site-packages/airflow/example_dags/example_xcomargs.py for tasks to queue
[2025-03-24T21:53:58.918+0800] {logging_mixin.py:190} INFO - [2025-03-24T21:53:58.918+0800] {dagbag.py:588} INFO - Filling up the DagBag from /Users/dionneleow/IS3107/IS3107-group11/backend/venv/lib/python3.12/site-packages/airflow/example_dags/example_xcomargs.py
[2025-03-24T21:53:58.933+0800] {processor.py:925} INFO - DAG(s) 'example_xcom_args', 'example_xcom_args_with_operators' retrieved from /Users/dionneleow/IS3107/IS3107-group11/backend/venv/lib/python3.12/site-packages/airflow/example_dags/example_xcomargs.py
[2025-03-24T21:53:58.989+0800] {logging_mixin.py:190} INFO - [2025-03-24T21:53:58.989+0800] {dag.py:3239} INFO - Sync 2 DAGs
[2025-03-24T21:53:58.995+0800] {logging_mixin.py:190} INFO - [2025-03-24T21:53:58.994+0800] {dag.py:4180} INFO - Setting next_dagrun for example_xcom_args to None, run_after=None
[2025-03-24T21:53:58.997+0800] {logging_mixin.py:190} INFO - [2025-03-24T21:53:58.997+0800] {dag.py:4180} INFO - Setting next_dagrun for example_xcom_args_with_operators to None, run_after=None
[2025-03-24T21:53:59.002+0800] {processor.py:208} INFO - Processing /Users/dionneleow/IS3107/IS3107-group11/backend/venv/lib/python3.12/site-packages/airflow/example_dags/example_xcomargs.py took 0.086 seconds
[2025-03-24T21:55:04.208+0800] {processor.py:186} INFO - Started process (PID=65500) to work on /Users/dionneleow/IS3107/IS3107-group11/backend/venv/lib/python3.12/site-packages/airflow/example_dags/example_xcomargs.py
[2025-03-24T21:55:04.208+0800] {processor.py:914} INFO - Processing file /Users/dionneleow/IS3107/IS3107-group11/backend/venv/lib/python3.12/site-packages/airflow/example_dags/example_xcomargs.py for tasks to queue
[2025-03-24T21:55:04.209+0800] {logging_mixin.py:190} INFO - [2025-03-24T21:55:04.209+0800] {dagbag.py:588} INFO - Filling up the DagBag from /Users/dionneleow/IS3107/IS3107-group11/backend/venv/lib/python3.12/site-packages/airflow/example_dags/example_xcomargs.py
[2025-03-24T21:55:04.226+0800] {processor.py:925} INFO - DAG(s) 'example_xcom_args_with_operators', 'example_xcom_args' retrieved from /Users/dionneleow/IS3107/IS3107-group11/backend/venv/lib/python3.12/site-packages/airflow/example_dags/example_xcomargs.py
[2025-03-24T21:55:04.286+0800] {logging_mixin.py:190} INFO - [2025-03-24T21:55:04.286+0800] {dag.py:3239} INFO - Sync 2 DAGs
[2025-03-24T21:55:04.290+0800] {logging_mixin.py:190} INFO - [2025-03-24T21:55:04.290+0800] {dag.py:4180} INFO - Setting next_dagrun for example_xcom_args to None, run_after=None
[2025-03-24T21:55:04.291+0800] {logging_mixin.py:190} INFO - [2025-03-24T21:55:04.291+0800] {dag.py:4180} INFO - Setting next_dagrun for example_xcom_args_with_operators to None, run_after=None
[2025-03-24T21:55:04.297+0800] {processor.py:208} INFO - Processing /Users/dionneleow/IS3107/IS3107-group11/backend/venv/lib/python3.12/site-packages/airflow/example_dags/example_xcomargs.py took 0.091 seconds
[2025-03-24T21:56:15.203+0800] {processor.py:186} INFO - Started process (PID=65943) to work on /Users/dionneleow/IS3107/IS3107-group11/backend/venv/lib/python3.12/site-packages/airflow/example_dags/example_xcomargs.py
[2025-03-24T21:56:15.204+0800] {processor.py:914} INFO - Processing file /Users/dionneleow/IS3107/IS3107-group11/backend/venv/lib/python3.12/site-packages/airflow/example_dags/example_xcomargs.py for tasks to queue
[2025-03-24T21:56:15.204+0800] {logging_mixin.py:190} INFO - [2025-03-24T21:56:15.204+0800] {dagbag.py:588} INFO - Filling up the DagBag from /Users/dionneleow/IS3107/IS3107-group11/backend/venv/lib/python3.12/site-packages/airflow/example_dags/example_xcomargs.py
[2025-03-24T21:56:15.217+0800] {processor.py:925} INFO - DAG(s) 'example_xcom_args', 'example_xcom_args_with_operators' retrieved from /Users/dionneleow/IS3107/IS3107-group11/backend/venv/lib/python3.12/site-packages/airflow/example_dags/example_xcomargs.py
[2025-03-24T21:56:15.275+0800] {logging_mixin.py:190} INFO - [2025-03-24T21:56:15.275+0800] {dag.py:3239} INFO - Sync 2 DAGs
[2025-03-24T21:56:15.278+0800] {logging_mixin.py:190} INFO - [2025-03-24T21:56:15.278+0800] {dag.py:4180} INFO - Setting next_dagrun for example_xcom_args to None, run_after=None
[2025-03-24T21:56:15.280+0800] {logging_mixin.py:190} INFO - [2025-03-24T21:56:15.280+0800] {dag.py:4180} INFO - Setting next_dagrun for example_xcom_args_with_operators to None, run_after=None
[2025-03-24T21:56:15.286+0800] {processor.py:208} INFO - Processing /Users/dionneleow/IS3107/IS3107-group11/backend/venv/lib/python3.12/site-packages/airflow/example_dags/example_xcomargs.py took 0.084 seconds
[2025-03-24T21:57:22.949+0800] {processor.py:186} INFO - Started process (PID=66404) to work on /Users/dionneleow/IS3107/IS3107-group11/backend/venv/lib/python3.12/site-packages/airflow/example_dags/example_xcomargs.py
[2025-03-24T21:57:22.949+0800] {processor.py:914} INFO - Processing file /Users/dionneleow/IS3107/IS3107-group11/backend/venv/lib/python3.12/site-packages/airflow/example_dags/example_xcomargs.py for tasks to queue
[2025-03-24T21:57:22.950+0800] {logging_mixin.py:190} INFO - [2025-03-24T21:57:22.949+0800] {dagbag.py:588} INFO - Filling up the DagBag from /Users/dionneleow/IS3107/IS3107-group11/backend/venv/lib/python3.12/site-packages/airflow/example_dags/example_xcomargs.py
[2025-03-24T21:57:22.964+0800] {processor.py:925} INFO - DAG(s) 'example_xcom_args_with_operators', 'example_xcom_args' retrieved from /Users/dionneleow/IS3107/IS3107-group11/backend/venv/lib/python3.12/site-packages/airflow/example_dags/example_xcomargs.py
[2025-03-24T21:57:23.021+0800] {logging_mixin.py:190} INFO - [2025-03-24T21:57:23.021+0800] {dag.py:3239} INFO - Sync 2 DAGs
[2025-03-24T21:57:23.025+0800] {logging_mixin.py:190} INFO - [2025-03-24T21:57:23.025+0800] {dag.py:4180} INFO - Setting next_dagrun for example_xcom_args to None, run_after=None
[2025-03-24T21:57:23.027+0800] {logging_mixin.py:190} INFO - [2025-03-24T21:57:23.026+0800] {dag.py:4180} INFO - Setting next_dagrun for example_xcom_args_with_operators to None, run_after=None
[2025-03-24T21:57:23.033+0800] {processor.py:208} INFO - Processing /Users/dionneleow/IS3107/IS3107-group11/backend/venv/lib/python3.12/site-packages/airflow/example_dags/example_xcomargs.py took 0.086 seconds
[2025-03-24T21:58:32.652+0800] {processor.py:186} INFO - Started process (PID=66836) to work on /Users/dionneleow/IS3107/IS3107-group11/backend/venv/lib/python3.12/site-packages/airflow/example_dags/example_xcomargs.py
[2025-03-24T21:58:32.652+0800] {processor.py:914} INFO - Processing file /Users/dionneleow/IS3107/IS3107-group11/backend/venv/lib/python3.12/site-packages/airflow/example_dags/example_xcomargs.py for tasks to queue
[2025-03-24T21:58:32.653+0800] {logging_mixin.py:190} INFO - [2025-03-24T21:58:32.653+0800] {dagbag.py:588} INFO - Filling up the DagBag from /Users/dionneleow/IS3107/IS3107-group11/backend/venv/lib/python3.12/site-packages/airflow/example_dags/example_xcomargs.py
[2025-03-24T21:58:32.666+0800] {processor.py:925} INFO - DAG(s) 'example_xcom_args', 'example_xcom_args_with_operators' retrieved from /Users/dionneleow/IS3107/IS3107-group11/backend/venv/lib/python3.12/site-packages/airflow/example_dags/example_xcomargs.py
[2025-03-24T21:58:32.721+0800] {logging_mixin.py:190} INFO - [2025-03-24T21:58:32.721+0800] {dag.py:3239} INFO - Sync 2 DAGs
[2025-03-24T21:58:32.727+0800] {logging_mixin.py:190} INFO - [2025-03-24T21:58:32.726+0800] {dag.py:4180} INFO - Setting next_dagrun for example_xcom_args to None, run_after=None
[2025-03-24T21:58:32.729+0800] {logging_mixin.py:190} INFO - [2025-03-24T21:58:32.729+0800] {dag.py:4180} INFO - Setting next_dagrun for example_xcom_args_with_operators to None, run_after=None
[2025-03-24T21:58:32.736+0800] {processor.py:208} INFO - Processing /Users/dionneleow/IS3107/IS3107-group11/backend/venv/lib/python3.12/site-packages/airflow/example_dags/example_xcomargs.py took 0.086 seconds
[2025-03-24T21:59:38.124+0800] {processor.py:186} INFO - Started process (PID=67166) to work on /Users/dionneleow/IS3107/IS3107-group11/backend/venv/lib/python3.12/site-packages/airflow/example_dags/example_xcomargs.py
[2025-03-24T21:59:38.124+0800] {processor.py:914} INFO - Processing file /Users/dionneleow/IS3107/IS3107-group11/backend/venv/lib/python3.12/site-packages/airflow/example_dags/example_xcomargs.py for tasks to queue
[2025-03-24T21:59:38.125+0800] {logging_mixin.py:190} INFO - [2025-03-24T21:59:38.125+0800] {dagbag.py:588} INFO - Filling up the DagBag from /Users/dionneleow/IS3107/IS3107-group11/backend/venv/lib/python3.12/site-packages/airflow/example_dags/example_xcomargs.py
[2025-03-24T21:59:38.138+0800] {processor.py:925} INFO - DAG(s) 'example_xcom_args_with_operators', 'example_xcom_args' retrieved from /Users/dionneleow/IS3107/IS3107-group11/backend/venv/lib/python3.12/site-packages/airflow/example_dags/example_xcomargs.py
[2025-03-24T21:59:38.192+0800] {logging_mixin.py:190} INFO - [2025-03-24T21:59:38.192+0800] {dag.py:3239} INFO - Sync 2 DAGs
[2025-03-24T21:59:38.196+0800] {logging_mixin.py:190} INFO - [2025-03-24T21:59:38.196+0800] {dag.py:4180} INFO - Setting next_dagrun for example_xcom_args to None, run_after=None
[2025-03-24T21:59:38.197+0800] {logging_mixin.py:190} INFO - [2025-03-24T21:59:38.197+0800] {dag.py:4180} INFO - Setting next_dagrun for example_xcom_args_with_operators to None, run_after=None
[2025-03-24T21:59:38.203+0800] {processor.py:208} INFO - Processing /Users/dionneleow/IS3107/IS3107-group11/backend/venv/lib/python3.12/site-packages/airflow/example_dags/example_xcomargs.py took 0.081 seconds
[2025-03-24T22:00:41.309+0800] {processor.py:186} INFO - Started process (PID=67528) to work on /Users/dionneleow/IS3107/IS3107-group11/backend/venv/lib/python3.12/site-packages/airflow/example_dags/example_xcomargs.py
[2025-03-24T22:00:41.310+0800] {processor.py:914} INFO - Processing file /Users/dionneleow/IS3107/IS3107-group11/backend/venv/lib/python3.12/site-packages/airflow/example_dags/example_xcomargs.py for tasks to queue
[2025-03-24T22:00:41.310+0800] {logging_mixin.py:190} INFO - [2025-03-24T22:00:41.310+0800] {dagbag.py:588} INFO - Filling up the DagBag from /Users/dionneleow/IS3107/IS3107-group11/backend/venv/lib/python3.12/site-packages/airflow/example_dags/example_xcomargs.py
[2025-03-24T22:00:41.324+0800] {processor.py:925} INFO - DAG(s) 'example_xcom_args_with_operators', 'example_xcom_args' retrieved from /Users/dionneleow/IS3107/IS3107-group11/backend/venv/lib/python3.12/site-packages/airflow/example_dags/example_xcomargs.py
[2025-03-24T22:00:41.378+0800] {logging_mixin.py:190} INFO - [2025-03-24T22:00:41.378+0800] {dag.py:3239} INFO - Sync 2 DAGs
[2025-03-24T22:00:41.382+0800] {logging_mixin.py:190} INFO - [2025-03-24T22:00:41.382+0800] {dag.py:4180} INFO - Setting next_dagrun for example_xcom_args to None, run_after=None
[2025-03-24T22:00:41.383+0800] {logging_mixin.py:190} INFO - [2025-03-24T22:00:41.383+0800] {dag.py:4180} INFO - Setting next_dagrun for example_xcom_args_with_operators to None, run_after=None
[2025-03-24T22:00:41.389+0800] {processor.py:208} INFO - Processing /Users/dionneleow/IS3107/IS3107-group11/backend/venv/lib/python3.12/site-packages/airflow/example_dags/example_xcomargs.py took 0.081 seconds
[2025-03-24T22:01:43.950+0800] {processor.py:186} INFO - Started process (PID=67888) to work on /Users/dionneleow/IS3107/IS3107-group11/backend/venv/lib/python3.12/site-packages/airflow/example_dags/example_xcomargs.py
[2025-03-24T22:01:43.951+0800] {processor.py:914} INFO - Processing file /Users/dionneleow/IS3107/IS3107-group11/backend/venv/lib/python3.12/site-packages/airflow/example_dags/example_xcomargs.py for tasks to queue
[2025-03-24T22:01:43.951+0800] {logging_mixin.py:190} INFO - [2025-03-24T22:01:43.951+0800] {dagbag.py:588} INFO - Filling up the DagBag from /Users/dionneleow/IS3107/IS3107-group11/backend/venv/lib/python3.12/site-packages/airflow/example_dags/example_xcomargs.py
[2025-03-24T22:01:43.965+0800] {processor.py:925} INFO - DAG(s) 'example_xcom_args', 'example_xcom_args_with_operators' retrieved from /Users/dionneleow/IS3107/IS3107-group11/backend/venv/lib/python3.12/site-packages/airflow/example_dags/example_xcomargs.py
[2025-03-24T22:01:44.019+0800] {logging_mixin.py:190} INFO - [2025-03-24T22:01:44.019+0800] {dag.py:3239} INFO - Sync 2 DAGs
[2025-03-24T22:01:44.024+0800] {logging_mixin.py:190} INFO - [2025-03-24T22:01:44.024+0800] {dag.py:4180} INFO - Setting next_dagrun for example_xcom_args to None, run_after=None
[2025-03-24T22:01:44.025+0800] {logging_mixin.py:190} INFO - [2025-03-24T22:01:44.025+0800] {dag.py:4180} INFO - Setting next_dagrun for example_xcom_args_with_operators to None, run_after=None
[2025-03-24T22:01:44.032+0800] {processor.py:208} INFO - Processing /Users/dionneleow/IS3107/IS3107-group11/backend/venv/lib/python3.12/site-packages/airflow/example_dags/example_xcomargs.py took 0.082 seconds
[2025-03-24T22:02:49.745+0800] {processor.py:186} INFO - Started process (PID=68288) to work on /Users/dionneleow/IS3107/IS3107-group11/backend/venv/lib/python3.12/site-packages/airflow/example_dags/example_xcomargs.py
[2025-03-24T22:02:49.745+0800] {processor.py:914} INFO - Processing file /Users/dionneleow/IS3107/IS3107-group11/backend/venv/lib/python3.12/site-packages/airflow/example_dags/example_xcomargs.py for tasks to queue
[2025-03-24T22:02:49.746+0800] {logging_mixin.py:190} INFO - [2025-03-24T22:02:49.746+0800] {dagbag.py:588} INFO - Filling up the DagBag from /Users/dionneleow/IS3107/IS3107-group11/backend/venv/lib/python3.12/site-packages/airflow/example_dags/example_xcomargs.py
[2025-03-24T22:02:49.763+0800] {processor.py:925} INFO - DAG(s) 'example_xcom_args', 'example_xcom_args_with_operators' retrieved from /Users/dionneleow/IS3107/IS3107-group11/backend/venv/lib/python3.12/site-packages/airflow/example_dags/example_xcomargs.py
[2025-03-24T22:02:49.820+0800] {logging_mixin.py:190} INFO - [2025-03-24T22:02:49.820+0800] {dag.py:3239} INFO - Sync 2 DAGs
[2025-03-24T22:02:49.824+0800] {logging_mixin.py:190} INFO - [2025-03-24T22:02:49.824+0800] {dag.py:4180} INFO - Setting next_dagrun for example_xcom_args to None, run_after=None
[2025-03-24T22:02:49.825+0800] {logging_mixin.py:190} INFO - [2025-03-24T22:02:49.825+0800] {dag.py:4180} INFO - Setting next_dagrun for example_xcom_args_with_operators to None, run_after=None
[2025-03-24T22:02:49.833+0800] {processor.py:208} INFO - Processing /Users/dionneleow/IS3107/IS3107-group11/backend/venv/lib/python3.12/site-packages/airflow/example_dags/example_xcomargs.py took 0.090 seconds
[2025-03-24T22:03:57.545+0800] {processor.py:186} INFO - Started process (PID=68724) to work on /Users/dionneleow/IS3107/IS3107-group11/backend/venv/lib/python3.12/site-packages/airflow/example_dags/example_xcomargs.py
[2025-03-24T22:03:57.545+0800] {processor.py:914} INFO - Processing file /Users/dionneleow/IS3107/IS3107-group11/backend/venv/lib/python3.12/site-packages/airflow/example_dags/example_xcomargs.py for tasks to queue
[2025-03-24T22:03:57.546+0800] {logging_mixin.py:190} INFO - [2025-03-24T22:03:57.546+0800] {dagbag.py:588} INFO - Filling up the DagBag from /Users/dionneleow/IS3107/IS3107-group11/backend/venv/lib/python3.12/site-packages/airflow/example_dags/example_xcomargs.py
[2025-03-24T22:03:57.560+0800] {processor.py:925} INFO - DAG(s) 'example_xcom_args_with_operators', 'example_xcom_args' retrieved from /Users/dionneleow/IS3107/IS3107-group11/backend/venv/lib/python3.12/site-packages/airflow/example_dags/example_xcomargs.py
[2025-03-24T22:03:57.614+0800] {logging_mixin.py:190} INFO - [2025-03-24T22:03:57.614+0800] {dag.py:3239} INFO - Sync 2 DAGs
[2025-03-24T22:03:57.618+0800] {logging_mixin.py:190} INFO - [2025-03-24T22:03:57.618+0800] {dag.py:4180} INFO - Setting next_dagrun for example_xcom_args to None, run_after=None
[2025-03-24T22:03:57.619+0800] {logging_mixin.py:190} INFO - [2025-03-24T22:03:57.619+0800] {dag.py:4180} INFO - Setting next_dagrun for example_xcom_args_with_operators to None, run_after=None
[2025-03-24T22:03:57.624+0800] {processor.py:208} INFO - Processing /Users/dionneleow/IS3107/IS3107-group11/backend/venv/lib/python3.12/site-packages/airflow/example_dags/example_xcomargs.py took 0.080 seconds
[2025-03-24T22:05:07.626+0800] {processor.py:186} INFO - Started process (PID=69102) to work on /Users/dionneleow/IS3107/IS3107-group11/backend/venv/lib/python3.12/site-packages/airflow/example_dags/example_xcomargs.py
[2025-03-24T22:05:07.628+0800] {processor.py:914} INFO - Processing file /Users/dionneleow/IS3107/IS3107-group11/backend/venv/lib/python3.12/site-packages/airflow/example_dags/example_xcomargs.py for tasks to queue
[2025-03-24T22:05:07.628+0800] {logging_mixin.py:190} INFO - [2025-03-24T22:05:07.628+0800] {dagbag.py:588} INFO - Filling up the DagBag from /Users/dionneleow/IS3107/IS3107-group11/backend/venv/lib/python3.12/site-packages/airflow/example_dags/example_xcomargs.py
[2025-03-24T22:05:07.645+0800] {processor.py:925} INFO - DAG(s) 'example_xcom_args_with_operators', 'example_xcom_args' retrieved from /Users/dionneleow/IS3107/IS3107-group11/backend/venv/lib/python3.12/site-packages/airflow/example_dags/example_xcomargs.py
[2025-03-24T22:05:07.722+0800] {logging_mixin.py:190} INFO - [2025-03-24T22:05:07.722+0800] {dag.py:3239} INFO - Sync 2 DAGs
[2025-03-24T22:05:07.728+0800] {logging_mixin.py:190} INFO - [2025-03-24T22:05:07.728+0800] {dag.py:4180} INFO - Setting next_dagrun for example_xcom_args to None, run_after=None
[2025-03-24T22:05:07.730+0800] {logging_mixin.py:190} INFO - [2025-03-24T22:05:07.730+0800] {dag.py:4180} INFO - Setting next_dagrun for example_xcom_args_with_operators to None, run_after=None
[2025-03-24T22:05:07.737+0800] {processor.py:208} INFO - Processing /Users/dionneleow/IS3107/IS3107-group11/backend/venv/lib/python3.12/site-packages/airflow/example_dags/example_xcomargs.py took 0.113 seconds
[2025-03-24T22:06:15.265+0800] {processor.py:186} INFO - Started process (PID=69435) to work on /Users/dionneleow/IS3107/IS3107-group11/backend/venv/lib/python3.12/site-packages/airflow/example_dags/example_xcomargs.py
[2025-03-24T22:06:15.266+0800] {processor.py:914} INFO - Processing file /Users/dionneleow/IS3107/IS3107-group11/backend/venv/lib/python3.12/site-packages/airflow/example_dags/example_xcomargs.py for tasks to queue
[2025-03-24T22:06:15.266+0800] {logging_mixin.py:190} INFO - [2025-03-24T22:06:15.266+0800] {dagbag.py:588} INFO - Filling up the DagBag from /Users/dionneleow/IS3107/IS3107-group11/backend/venv/lib/python3.12/site-packages/airflow/example_dags/example_xcomargs.py
[2025-03-24T22:06:15.280+0800] {processor.py:925} INFO - DAG(s) 'example_xcom_args', 'example_xcom_args_with_operators' retrieved from /Users/dionneleow/IS3107/IS3107-group11/backend/venv/lib/python3.12/site-packages/airflow/example_dags/example_xcomargs.py
[2025-03-24T22:06:15.335+0800] {logging_mixin.py:190} INFO - [2025-03-24T22:06:15.335+0800] {dag.py:3239} INFO - Sync 2 DAGs
[2025-03-24T22:06:15.339+0800] {logging_mixin.py:190} INFO - [2025-03-24T22:06:15.339+0800] {dag.py:4180} INFO - Setting next_dagrun for example_xcom_args to None, run_after=None
[2025-03-24T22:06:15.341+0800] {logging_mixin.py:190} INFO - [2025-03-24T22:06:15.341+0800] {dag.py:4180} INFO - Setting next_dagrun for example_xcom_args_with_operators to None, run_after=None
[2025-03-24T22:06:15.347+0800] {processor.py:208} INFO - Processing /Users/dionneleow/IS3107/IS3107-group11/backend/venv/lib/python3.12/site-packages/airflow/example_dags/example_xcomargs.py took 0.083 seconds
[2025-03-24T22:07:24.711+0800] {processor.py:186} INFO - Started process (PID=69812) to work on /Users/dionneleow/IS3107/IS3107-group11/backend/venv/lib/python3.12/site-packages/airflow/example_dags/example_xcomargs.py
[2025-03-24T22:07:24.712+0800] {processor.py:914} INFO - Processing file /Users/dionneleow/IS3107/IS3107-group11/backend/venv/lib/python3.12/site-packages/airflow/example_dags/example_xcomargs.py for tasks to queue
[2025-03-24T22:07:24.712+0800] {logging_mixin.py:190} INFO - [2025-03-24T22:07:24.712+0800] {dagbag.py:588} INFO - Filling up the DagBag from /Users/dionneleow/IS3107/IS3107-group11/backend/venv/lib/python3.12/site-packages/airflow/example_dags/example_xcomargs.py
[2025-03-24T22:07:24.726+0800] {processor.py:925} INFO - DAG(s) 'example_xcom_args_with_operators', 'example_xcom_args' retrieved from /Users/dionneleow/IS3107/IS3107-group11/backend/venv/lib/python3.12/site-packages/airflow/example_dags/example_xcomargs.py
[2025-03-24T22:07:24.785+0800] {logging_mixin.py:190} INFO - [2025-03-24T22:07:24.785+0800] {dag.py:3239} INFO - Sync 2 DAGs
[2025-03-24T22:07:24.789+0800] {logging_mixin.py:190} INFO - [2025-03-24T22:07:24.789+0800] {dag.py:4180} INFO - Setting next_dagrun for example_xcom_args to None, run_after=None
[2025-03-24T22:07:24.790+0800] {logging_mixin.py:190} INFO - [2025-03-24T22:07:24.790+0800] {dag.py:4180} INFO - Setting next_dagrun for example_xcom_args_with_operators to None, run_after=None
[2025-03-24T22:07:24.796+0800] {processor.py:208} INFO - Processing /Users/dionneleow/IS3107/IS3107-group11/backend/venv/lib/python3.12/site-packages/airflow/example_dags/example_xcomargs.py took 0.087 seconds
[2025-03-24T22:08:36.982+0800] {processor.py:186} INFO - Started process (PID=70222) to work on /Users/dionneleow/IS3107/IS3107-group11/backend/venv/lib/python3.12/site-packages/airflow/example_dags/example_xcomargs.py
[2025-03-24T22:08:36.983+0800] {processor.py:914} INFO - Processing file /Users/dionneleow/IS3107/IS3107-group11/backend/venv/lib/python3.12/site-packages/airflow/example_dags/example_xcomargs.py for tasks to queue
[2025-03-24T22:08:36.983+0800] {logging_mixin.py:190} INFO - [2025-03-24T22:08:36.983+0800] {dagbag.py:588} INFO - Filling up the DagBag from /Users/dionneleow/IS3107/IS3107-group11/backend/venv/lib/python3.12/site-packages/airflow/example_dags/example_xcomargs.py
[2025-03-24T22:08:36.999+0800] {processor.py:925} INFO - DAG(s) 'example_xcom_args', 'example_xcom_args_with_operators' retrieved from /Users/dionneleow/IS3107/IS3107-group11/backend/venv/lib/python3.12/site-packages/airflow/example_dags/example_xcomargs.py
[2025-03-24T22:08:37.053+0800] {logging_mixin.py:190} INFO - [2025-03-24T22:08:37.053+0800] {dag.py:3239} INFO - Sync 2 DAGs
[2025-03-24T22:08:37.056+0800] {logging_mixin.py:190} INFO - [2025-03-24T22:08:37.056+0800] {dag.py:4180} INFO - Setting next_dagrun for example_xcom_args to None, run_after=None
[2025-03-24T22:08:37.057+0800] {logging_mixin.py:190} INFO - [2025-03-24T22:08:37.057+0800] {dag.py:4180} INFO - Setting next_dagrun for example_xcom_args_with_operators to None, run_after=None
[2025-03-24T22:08:37.062+0800] {processor.py:208} INFO - Processing /Users/dionneleow/IS3107/IS3107-group11/backend/venv/lib/python3.12/site-packages/airflow/example_dags/example_xcomargs.py took 0.082 seconds
[2025-03-24T22:09:49.377+0800] {processor.py:186} INFO - Started process (PID=70596) to work on /Users/dionneleow/IS3107/IS3107-group11/backend/venv/lib/python3.12/site-packages/airflow/example_dags/example_xcomargs.py
[2025-03-24T22:09:49.378+0800] {processor.py:914} INFO - Processing file /Users/dionneleow/IS3107/IS3107-group11/backend/venv/lib/python3.12/site-packages/airflow/example_dags/example_xcomargs.py for tasks to queue
[2025-03-24T22:09:49.379+0800] {logging_mixin.py:190} INFO - [2025-03-24T22:09:49.378+0800] {dagbag.py:588} INFO - Filling up the DagBag from /Users/dionneleow/IS3107/IS3107-group11/backend/venv/lib/python3.12/site-packages/airflow/example_dags/example_xcomargs.py
[2025-03-24T22:09:49.392+0800] {processor.py:925} INFO - DAG(s) 'example_xcom_args_with_operators', 'example_xcom_args' retrieved from /Users/dionneleow/IS3107/IS3107-group11/backend/venv/lib/python3.12/site-packages/airflow/example_dags/example_xcomargs.py
[2025-03-24T22:09:49.448+0800] {logging_mixin.py:190} INFO - [2025-03-24T22:09:49.448+0800] {dag.py:3239} INFO - Sync 2 DAGs
[2025-03-24T22:09:49.451+0800] {logging_mixin.py:190} INFO - [2025-03-24T22:09:49.451+0800] {dag.py:4180} INFO - Setting next_dagrun for example_xcom_args to None, run_after=None
[2025-03-24T22:09:49.452+0800] {logging_mixin.py:190} INFO - [2025-03-24T22:09:49.452+0800] {dag.py:4180} INFO - Setting next_dagrun for example_xcom_args_with_operators to None, run_after=None
[2025-03-24T22:09:49.458+0800] {processor.py:208} INFO - Processing /Users/dionneleow/IS3107/IS3107-group11/backend/venv/lib/python3.12/site-packages/airflow/example_dags/example_xcomargs.py took 0.082 seconds
