[2025-03-24T21:49:19.007+0800] {processor.py:186} INFO - Started process (PID=63267) to work on /Users/dionneleow/IS3107/IS3107-group11/backend/venv/lib/python3.12/site-packages/airflow/example_dags/example_nested_branch_dag.py
[2025-03-24T21:49:19.008+0800] {processor.py:914} INFO - Processing file /Users/dionneleow/IS3107/IS3107-group11/backend/venv/lib/python3.12/site-packages/airflow/example_dags/example_nested_branch_dag.py for tasks to queue
[2025-03-24T21:49:19.008+0800] {logging_mixin.py:190} INFO - [2025-03-24T21:49:19.008+0800] {dagbag.py:588} INFO - Filling up the DagBag from /Users/dionneleow/IS3107/IS3107-group11/backend/venv/lib/python3.12/site-packages/airflow/example_dags/example_nested_branch_dag.py
[2025-03-24T21:49:19.023+0800] {processor.py:925} INFO - DAG(s) 'example_nested_branch_dag' retrieved from /Users/dionneleow/IS3107/IS3107-group11/backend/venv/lib/python3.12/site-packages/airflow/example_dags/example_nested_branch_dag.py
[2025-03-24T21:49:19.123+0800] {logging_mixin.py:190} INFO - [2025-03-24T21:49:19.123+0800] {override.py:1912} INFO - Created Permission View: can delete on DAG:example_nested_branch_dag
[2025-03-24T21:49:19.126+0800] {logging_mixin.py:190} INFO - [2025-03-24T21:49:19.126+0800] {override.py:1912} INFO - Created Permission View: can edit on DAG:example_nested_branch_dag
[2025-03-24T21:49:19.128+0800] {logging_mixin.py:190} INFO - [2025-03-24T21:49:19.128+0800] {override.py:1912} INFO - Created Permission View: can read on DAG:example_nested_branch_dag
[2025-03-24T21:49:19.130+0800] {logging_mixin.py:190} INFO - [2025-03-24T21:49:19.130+0800] {override.py:1912} INFO - Created Permission View: can create on DAG Run:example_nested_branch_dag
[2025-03-24T21:49:19.132+0800] {logging_mixin.py:190} INFO - [2025-03-24T21:49:19.132+0800] {override.py:1912} INFO - Created Permission View: can delete on DAG Run:example_nested_branch_dag
[2025-03-24T21:49:19.134+0800] {logging_mixin.py:190} INFO - [2025-03-24T21:49:19.134+0800] {override.py:1912} INFO - Created Permission View: menu access on DAG Run:example_nested_branch_dag
[2025-03-24T21:49:19.136+0800] {logging_mixin.py:190} INFO - [2025-03-24T21:49:19.136+0800] {override.py:1912} INFO - Created Permission View: can read on DAG Run:example_nested_branch_dag
[2025-03-24T21:49:19.136+0800] {logging_mixin.py:190} INFO - [2025-03-24T21:49:19.136+0800] {dag.py:3239} INFO - Sync 1 DAGs
[2025-03-24T21:49:19.140+0800] {logging_mixin.py:190} INFO - [2025-03-24T21:49:19.140+0800] {dag.py:3262} INFO - Creating ORM DAG for example_nested_branch_dag
[2025-03-24T21:49:19.143+0800] {logging_mixin.py:190} INFO - [2025-03-24T21:49:19.143+0800] {dag.py:4180} INFO - Setting next_dagrun for example_nested_branch_dag to 2025-03-23 00:00:00+00:00, run_after=2025-03-24 00:00:00+00:00
[2025-03-24T21:49:19.149+0800] {processor.py:208} INFO - Processing /Users/dionneleow/IS3107/IS3107-group11/backend/venv/lib/python3.12/site-packages/airflow/example_dags/example_nested_branch_dag.py took 0.143 seconds
[2025-03-24T21:51:07.788+0800] {processor.py:186} INFO - Started process (PID=64058) to work on /Users/dionneleow/IS3107/IS3107-group11/backend/venv/lib/python3.12/site-packages/airflow/example_dags/example_nested_branch_dag.py
[2025-03-24T21:51:07.789+0800] {processor.py:914} INFO - Processing file /Users/dionneleow/IS3107/IS3107-group11/backend/venv/lib/python3.12/site-packages/airflow/example_dags/example_nested_branch_dag.py for tasks to queue
[2025-03-24T21:51:07.790+0800] {logging_mixin.py:190} INFO - [2025-03-24T21:51:07.790+0800] {dagbag.py:588} INFO - Filling up the DagBag from /Users/dionneleow/IS3107/IS3107-group11/backend/venv/lib/python3.12/site-packages/airflow/example_dags/example_nested_branch_dag.py
[2025-03-24T21:51:07.805+0800] {processor.py:925} INFO - DAG(s) 'example_nested_branch_dag' retrieved from /Users/dionneleow/IS3107/IS3107-group11/backend/venv/lib/python3.12/site-packages/airflow/example_dags/example_nested_branch_dag.py
[2025-03-24T21:51:07.872+0800] {logging_mixin.py:190} INFO - [2025-03-24T21:51:07.872+0800] {dag.py:3239} INFO - Sync 1 DAGs
[2025-03-24T21:51:07.880+0800] {logging_mixin.py:190} INFO - [2025-03-24T21:51:07.880+0800] {dag.py:4180} INFO - Setting next_dagrun for example_nested_branch_dag to 2025-03-23 00:00:00+00:00, run_after=2025-03-24 00:00:00+00:00
[2025-03-24T21:51:07.889+0800] {processor.py:208} INFO - Processing /Users/dionneleow/IS3107/IS3107-group11/backend/venv/lib/python3.12/site-packages/airflow/example_dags/example_nested_branch_dag.py took 0.103 seconds
[2025-03-24T21:53:25.260+0800] {processor.py:186} INFO - Started process (PID=64866) to work on /Users/dionneleow/IS3107/IS3107-group11/backend/venv/lib/python3.12/site-packages/airflow/example_dags/example_nested_branch_dag.py
[2025-03-24T21:53:25.261+0800] {processor.py:914} INFO - Processing file /Users/dionneleow/IS3107/IS3107-group11/backend/venv/lib/python3.12/site-packages/airflow/example_dags/example_nested_branch_dag.py for tasks to queue
[2025-03-24T21:53:25.261+0800] {logging_mixin.py:190} INFO - [2025-03-24T21:53:25.261+0800] {dagbag.py:588} INFO - Filling up the DagBag from /Users/dionneleow/IS3107/IS3107-group11/backend/venv/lib/python3.12/site-packages/airflow/example_dags/example_nested_branch_dag.py
[2025-03-24T21:53:25.278+0800] {processor.py:925} INFO - DAG(s) 'example_nested_branch_dag' retrieved from /Users/dionneleow/IS3107/IS3107-group11/backend/venv/lib/python3.12/site-packages/airflow/example_dags/example_nested_branch_dag.py
[2025-03-24T21:53:25.336+0800] {logging_mixin.py:190} INFO - [2025-03-24T21:53:25.336+0800] {dag.py:3239} INFO - Sync 1 DAGs
[2025-03-24T21:53:25.343+0800] {logging_mixin.py:190} INFO - [2025-03-24T21:53:25.343+0800] {dag.py:4180} INFO - Setting next_dagrun for example_nested_branch_dag to 2025-03-23 00:00:00+00:00, run_after=2025-03-24 00:00:00+00:00
[2025-03-24T21:53:25.349+0800] {processor.py:208} INFO - Processing /Users/dionneleow/IS3107/IS3107-group11/backend/venv/lib/python3.12/site-packages/airflow/example_dags/example_nested_branch_dag.py took 0.091 seconds
[2025-03-24T21:55:42.033+0800] {processor.py:186} INFO - Started process (PID=65733) to work on /Users/dionneleow/IS3107/IS3107-group11/backend/venv/lib/python3.12/site-packages/airflow/example_dags/example_nested_branch_dag.py
[2025-03-24T21:55:42.034+0800] {processor.py:914} INFO - Processing file /Users/dionneleow/IS3107/IS3107-group11/backend/venv/lib/python3.12/site-packages/airflow/example_dags/example_nested_branch_dag.py for tasks to queue
[2025-03-24T21:55:42.034+0800] {logging_mixin.py:190} INFO - [2025-03-24T21:55:42.034+0800] {dagbag.py:588} INFO - Filling up the DagBag from /Users/dionneleow/IS3107/IS3107-group11/backend/venv/lib/python3.12/site-packages/airflow/example_dags/example_nested_branch_dag.py
[2025-03-24T21:55:42.049+0800] {processor.py:925} INFO - DAG(s) 'example_nested_branch_dag' retrieved from /Users/dionneleow/IS3107/IS3107-group11/backend/venv/lib/python3.12/site-packages/airflow/example_dags/example_nested_branch_dag.py
[2025-03-24T21:55:42.104+0800] {logging_mixin.py:190} INFO - [2025-03-24T21:55:42.103+0800] {dag.py:3239} INFO - Sync 1 DAGs
[2025-03-24T21:55:42.110+0800] {logging_mixin.py:190} INFO - [2025-03-24T21:55:42.110+0800] {dag.py:4180} INFO - Setting next_dagrun for example_nested_branch_dag to 2025-03-23 00:00:00+00:00, run_after=2025-03-24 00:00:00+00:00
[2025-03-24T21:55:42.116+0800] {processor.py:208} INFO - Processing /Users/dionneleow/IS3107/IS3107-group11/backend/venv/lib/python3.12/site-packages/airflow/example_dags/example_nested_branch_dag.py took 0.084 seconds
[2025-03-24T21:58:00.208+0800] {processor.py:186} INFO - Started process (PID=66648) to work on /Users/dionneleow/IS3107/IS3107-group11/backend/venv/lib/python3.12/site-packages/airflow/example_dags/example_nested_branch_dag.py
[2025-03-24T21:58:00.209+0800] {processor.py:914} INFO - Processing file /Users/dionneleow/IS3107/IS3107-group11/backend/venv/lib/python3.12/site-packages/airflow/example_dags/example_nested_branch_dag.py for tasks to queue
[2025-03-24T21:58:00.210+0800] {logging_mixin.py:190} INFO - [2025-03-24T21:58:00.210+0800] {dagbag.py:588} INFO - Filling up the DagBag from /Users/dionneleow/IS3107/IS3107-group11/backend/venv/lib/python3.12/site-packages/airflow/example_dags/example_nested_branch_dag.py
[2025-03-24T21:58:00.224+0800] {processor.py:925} INFO - DAG(s) 'example_nested_branch_dag' retrieved from /Users/dionneleow/IS3107/IS3107-group11/backend/venv/lib/python3.12/site-packages/airflow/example_dags/example_nested_branch_dag.py
[2025-03-24T21:58:00.281+0800] {logging_mixin.py:190} INFO - [2025-03-24T21:58:00.281+0800] {dag.py:3239} INFO - Sync 1 DAGs
[2025-03-24T21:58:00.287+0800] {logging_mixin.py:190} INFO - [2025-03-24T21:58:00.287+0800] {dag.py:4180} INFO - Setting next_dagrun for example_nested_branch_dag to 2025-03-23 00:00:00+00:00, run_after=2025-03-24 00:00:00+00:00
[2025-03-24T21:58:00.293+0800] {processor.py:208} INFO - Processing /Users/dionneleow/IS3107/IS3107-group11/backend/venv/lib/python3.12/site-packages/airflow/example_dags/example_nested_branch_dag.py took 0.086 seconds
[2025-03-24T22:00:09.120+0800] {processor.py:186} INFO - Started process (PID=67335) to work on /Users/dionneleow/IS3107/IS3107-group11/backend/venv/lib/python3.12/site-packages/airflow/example_dags/example_nested_branch_dag.py
[2025-03-24T22:00:09.121+0800] {processor.py:914} INFO - Processing file /Users/dionneleow/IS3107/IS3107-group11/backend/venv/lib/python3.12/site-packages/airflow/example_dags/example_nested_branch_dag.py for tasks to queue
[2025-03-24T22:00:09.121+0800] {logging_mixin.py:190} INFO - [2025-03-24T22:00:09.121+0800] {dagbag.py:588} INFO - Filling up the DagBag from /Users/dionneleow/IS3107/IS3107-group11/backend/venv/lib/python3.12/site-packages/airflow/example_dags/example_nested_branch_dag.py
[2025-03-24T22:00:09.136+0800] {processor.py:925} INFO - DAG(s) 'example_nested_branch_dag' retrieved from /Users/dionneleow/IS3107/IS3107-group11/backend/venv/lib/python3.12/site-packages/airflow/example_dags/example_nested_branch_dag.py
[2025-03-24T22:00:09.193+0800] {logging_mixin.py:190} INFO - [2025-03-24T22:00:09.193+0800] {dag.py:3239} INFO - Sync 1 DAGs
[2025-03-24T22:00:09.199+0800] {logging_mixin.py:190} INFO - [2025-03-24T22:00:09.199+0800] {dag.py:4180} INFO - Setting next_dagrun for example_nested_branch_dag to 2025-03-23 00:00:00+00:00, run_after=2025-03-24 00:00:00+00:00
[2025-03-24T22:00:09.205+0800] {processor.py:208} INFO - Processing /Users/dionneleow/IS3107/IS3107-group11/backend/venv/lib/python3.12/site-packages/airflow/example_dags/example_nested_branch_dag.py took 0.085 seconds
[2025-03-24T22:02:17.920+0800] {processor.py:186} INFO - Started process (PID=68107) to work on /Users/dionneleow/IS3107/IS3107-group11/backend/venv/lib/python3.12/site-packages/airflow/example_dags/example_nested_branch_dag.py
[2025-03-24T22:02:17.921+0800] {processor.py:914} INFO - Processing file /Users/dionneleow/IS3107/IS3107-group11/backend/venv/lib/python3.12/site-packages/airflow/example_dags/example_nested_branch_dag.py for tasks to queue
[2025-03-24T22:02:17.921+0800] {logging_mixin.py:190} INFO - [2025-03-24T22:02:17.921+0800] {dagbag.py:588} INFO - Filling up the DagBag from /Users/dionneleow/IS3107/IS3107-group11/backend/venv/lib/python3.12/site-packages/airflow/example_dags/example_nested_branch_dag.py
[2025-03-24T22:02:17.935+0800] {processor.py:925} INFO - DAG(s) 'example_nested_branch_dag' retrieved from /Users/dionneleow/IS3107/IS3107-group11/backend/venv/lib/python3.12/site-packages/airflow/example_dags/example_nested_branch_dag.py
[2025-03-24T22:02:17.989+0800] {logging_mixin.py:190} INFO - [2025-03-24T22:02:17.989+0800] {dag.py:3239} INFO - Sync 1 DAGs
[2025-03-24T22:02:17.995+0800] {logging_mixin.py:190} INFO - [2025-03-24T22:02:17.995+0800] {dag.py:4180} INFO - Setting next_dagrun for example_nested_branch_dag to 2025-03-23 00:00:00+00:00, run_after=2025-03-24 00:00:00+00:00
[2025-03-24T22:02:18.001+0800] {processor.py:208} INFO - Processing /Users/dionneleow/IS3107/IS3107-group11/backend/venv/lib/python3.12/site-packages/airflow/example_dags/example_nested_branch_dag.py took 0.082 seconds
[2025-03-24T22:04:31.605+0800] {processor.py:186} INFO - Started process (PID=68929) to work on /Users/dionneleow/IS3107/IS3107-group11/backend/venv/lib/python3.12/site-packages/airflow/example_dags/example_nested_branch_dag.py
[2025-03-24T22:04:31.605+0800] {processor.py:914} INFO - Processing file /Users/dionneleow/IS3107/IS3107-group11/backend/venv/lib/python3.12/site-packages/airflow/example_dags/example_nested_branch_dag.py for tasks to queue
[2025-03-24T22:04:31.606+0800] {logging_mixin.py:190} INFO - [2025-03-24T22:04:31.606+0800] {dagbag.py:588} INFO - Filling up the DagBag from /Users/dionneleow/IS3107/IS3107-group11/backend/venv/lib/python3.12/site-packages/airflow/example_dags/example_nested_branch_dag.py
[2025-03-24T22:04:31.620+0800] {processor.py:925} INFO - DAG(s) 'example_nested_branch_dag' retrieved from /Users/dionneleow/IS3107/IS3107-group11/backend/venv/lib/python3.12/site-packages/airflow/example_dags/example_nested_branch_dag.py
[2025-03-24T22:04:31.678+0800] {logging_mixin.py:190} INFO - [2025-03-24T22:04:31.678+0800] {dag.py:3239} INFO - Sync 1 DAGs
[2025-03-24T22:04:31.685+0800] {logging_mixin.py:190} INFO - [2025-03-24T22:04:31.685+0800] {dag.py:4180} INFO - Setting next_dagrun for example_nested_branch_dag to 2025-03-23 00:00:00+00:00, run_after=2025-03-24 00:00:00+00:00
[2025-03-24T22:04:31.694+0800] {processor.py:208} INFO - Processing /Users/dionneleow/IS3107/IS3107-group11/backend/venv/lib/python3.12/site-packages/airflow/example_dags/example_nested_branch_dag.py took 0.090 seconds
[2025-03-24T22:06:50.429+0800] {processor.py:186} INFO - Started process (PID=69632) to work on /Users/dionneleow/IS3107/IS3107-group11/backend/venv/lib/python3.12/site-packages/airflow/example_dags/example_nested_branch_dag.py
[2025-03-24T22:06:50.430+0800] {processor.py:914} INFO - Processing file /Users/dionneleow/IS3107/IS3107-group11/backend/venv/lib/python3.12/site-packages/airflow/example_dags/example_nested_branch_dag.py for tasks to queue
[2025-03-24T22:06:50.431+0800] {logging_mixin.py:190} INFO - [2025-03-24T22:06:50.431+0800] {dagbag.py:588} INFO - Filling up the DagBag from /Users/dionneleow/IS3107/IS3107-group11/backend/venv/lib/python3.12/site-packages/airflow/example_dags/example_nested_branch_dag.py
[2025-03-24T22:06:50.448+0800] {processor.py:925} INFO - DAG(s) 'example_nested_branch_dag' retrieved from /Users/dionneleow/IS3107/IS3107-group11/backend/venv/lib/python3.12/site-packages/airflow/example_dags/example_nested_branch_dag.py
[2025-03-24T22:06:50.513+0800] {logging_mixin.py:190} INFO - [2025-03-24T22:06:50.513+0800] {dag.py:3239} INFO - Sync 1 DAGs
[2025-03-24T22:06:50.520+0800] {logging_mixin.py:190} INFO - [2025-03-24T22:06:50.519+0800] {dag.py:4180} INFO - Setting next_dagrun for example_nested_branch_dag to 2025-03-23 00:00:00+00:00, run_after=2025-03-24 00:00:00+00:00
[2025-03-24T22:06:50.527+0800] {processor.py:208} INFO - Processing /Users/dionneleow/IS3107/IS3107-group11/backend/venv/lib/python3.12/site-packages/airflow/example_dags/example_nested_branch_dag.py took 0.100 seconds
[2025-03-24T22:09:13.732+0800] {processor.py:186} INFO - Started process (PID=70400) to work on /Users/dionneleow/IS3107/IS3107-group11/backend/venv/lib/python3.12/site-packages/airflow/example_dags/example_nested_branch_dag.py
[2025-03-24T22:09:13.732+0800] {processor.py:914} INFO - Processing file /Users/dionneleow/IS3107/IS3107-group11/backend/venv/lib/python3.12/site-packages/airflow/example_dags/example_nested_branch_dag.py for tasks to queue
[2025-03-24T22:09:13.733+0800] {logging_mixin.py:190} INFO - [2025-03-24T22:09:13.733+0800] {dagbag.py:588} INFO - Filling up the DagBag from /Users/dionneleow/IS3107/IS3107-group11/backend/venv/lib/python3.12/site-packages/airflow/example_dags/example_nested_branch_dag.py
[2025-03-24T22:09:13.753+0800] {processor.py:925} INFO - DAG(s) 'example_nested_branch_dag' retrieved from /Users/dionneleow/IS3107/IS3107-group11/backend/venv/lib/python3.12/site-packages/airflow/example_dags/example_nested_branch_dag.py
[2025-03-24T22:09:13.810+0800] {logging_mixin.py:190} INFO - [2025-03-24T22:09:13.810+0800] {dag.py:3239} INFO - Sync 1 DAGs
[2025-03-24T22:09:13.817+0800] {logging_mixin.py:190} INFO - [2025-03-24T22:09:13.817+0800] {dag.py:4180} INFO - Setting next_dagrun for example_nested_branch_dag to 2025-03-23 00:00:00+00:00, run_after=2025-03-24 00:00:00+00:00
[2025-03-24T22:09:13.823+0800] {processor.py:208} INFO - Processing /Users/dionneleow/IS3107/IS3107-group11/backend/venv/lib/python3.12/site-packages/airflow/example_dags/example_nested_branch_dag.py took 0.092 seconds
