[2025-03-24T21:47:39.296+0800] {processor.py:186} INFO - Started process (PID=62505) to work on /Users/dionneleow/IS3107/IS3107-group11/backend/venv/lib/python3.12/site-packages/airflow/example_dags/example_task_group_decorator.py
[2025-03-24T21:47:39.296+0800] {processor.py:914} INFO - Processing file /Users/dionneleow/IS3107/IS3107-group11/backend/venv/lib/python3.12/site-packages/airflow/example_dags/example_task_group_decorator.py for tasks to queue
[2025-03-24T21:47:39.297+0800] {logging_mixin.py:190} INFO - [2025-03-24T21:47:39.296+0800] {dagbag.py:588} INFO - Filling up the DagBag from /Users/dionneleow/IS3107/IS3107-group11/backend/venv/lib/python3.12/site-packages/airflow/example_dags/example_task_group_decorator.py
[2025-03-24T21:47:39.316+0800] {processor.py:925} INFO - DAG(s) 'example_task_group_decorator' retrieved from /Users/dionneleow/IS3107/IS3107-group11/backend/venv/lib/python3.12/site-packages/airflow/example_dags/example_task_group_decorator.py
[2025-03-24T21:47:39.423+0800] {logging_mixin.py:190} INFO - [2025-03-24T21:47:39.422+0800] {override.py:1912} INFO - Created Permission View: can edit on DAG:example_task_group_decorator
[2025-03-24T21:47:39.426+0800] {logging_mixin.py:190} INFO - [2025-03-24T21:47:39.426+0800] {override.py:1912} INFO - Created Permission View: can delete on DAG:example_task_group_decorator
[2025-03-24T21:47:39.428+0800] {logging_mixin.py:190} INFO - [2025-03-24T21:47:39.428+0800] {override.py:1912} INFO - Created Permission View: can read on DAG:example_task_group_decorator
[2025-03-24T21:47:39.431+0800] {logging_mixin.py:190} INFO - [2025-03-24T21:47:39.431+0800] {override.py:1912} INFO - Created Permission View: menu access on DAG Run:example_task_group_decorator
[2025-03-24T21:47:39.434+0800] {logging_mixin.py:190} INFO - [2025-03-24T21:47:39.434+0800] {override.py:1912} INFO - Created Permission View: can delete on DAG Run:example_task_group_decorator
[2025-03-24T21:47:39.436+0800] {logging_mixin.py:190} INFO - [2025-03-24T21:47:39.436+0800] {override.py:1912} INFO - Created Permission View: can create on DAG Run:example_task_group_decorator
[2025-03-24T21:47:39.438+0800] {logging_mixin.py:190} INFO - [2025-03-24T21:47:39.438+0800] {override.py:1912} INFO - Created Permission View: can read on DAG Run:example_task_group_decorator
[2025-03-24T21:47:39.438+0800] {logging_mixin.py:190} INFO - [2025-03-24T21:47:39.438+0800] {dag.py:3239} INFO - Sync 1 DAGs
[2025-03-24T21:47:39.443+0800] {logging_mixin.py:190} INFO - [2025-03-24T21:47:39.443+0800] {dag.py:3262} INFO - Creating ORM DAG for example_task_group_decorator
[2025-03-24T21:47:39.443+0800] {logging_mixin.py:190} INFO - [2025-03-24T21:47:39.443+0800] {dag.py:4180} INFO - Setting next_dagrun for example_task_group_decorator to None, run_after=None
[2025-03-24T21:47:39.449+0800] {processor.py:208} INFO - Processing /Users/dionneleow/IS3107/IS3107-group11/backend/venv/lib/python3.12/site-packages/airflow/example_dags/example_task_group_decorator.py took 0.154 seconds
[2025-03-24T21:48:45.721+0800] {processor.py:186} INFO - Started process (PID=62990) to work on /Users/dionneleow/IS3107/IS3107-group11/backend/venv/lib/python3.12/site-packages/airflow/example_dags/example_task_group_decorator.py
[2025-03-24T21:48:45.721+0800] {processor.py:914} INFO - Processing file /Users/dionneleow/IS3107/IS3107-group11/backend/venv/lib/python3.12/site-packages/airflow/example_dags/example_task_group_decorator.py for tasks to queue
[2025-03-24T21:48:45.722+0800] {logging_mixin.py:190} INFO - [2025-03-24T21:48:45.722+0800] {dagbag.py:588} INFO - Filling up the DagBag from /Users/dionneleow/IS3107/IS3107-group11/backend/venv/lib/python3.12/site-packages/airflow/example_dags/example_task_group_decorator.py
[2025-03-24T21:48:45.744+0800] {processor.py:925} INFO - DAG(s) 'example_task_group_decorator' retrieved from /Users/dionneleow/IS3107/IS3107-group11/backend/venv/lib/python3.12/site-packages/airflow/example_dags/example_task_group_decorator.py
[2025-03-24T21:48:45.807+0800] {logging_mixin.py:190} INFO - [2025-03-24T21:48:45.807+0800] {dag.py:3239} INFO - Sync 1 DAGs
[2025-03-24T21:48:45.813+0800] {logging_mixin.py:190} INFO - [2025-03-24T21:48:45.812+0800] {dag.py:4180} INFO - Setting next_dagrun for example_task_group_decorator to None, run_after=None
[2025-03-24T21:48:45.822+0800] {processor.py:208} INFO - Processing /Users/dionneleow/IS3107/IS3107-group11/backend/venv/lib/python3.12/site-packages/airflow/example_dags/example_task_group_decorator.py took 0.103 seconds
[2025-03-24T21:50:36.417+0800] {processor.py:186} INFO - Started process (PID=63818) to work on /Users/dionneleow/IS3107/IS3107-group11/backend/venv/lib/python3.12/site-packages/airflow/example_dags/example_task_group_decorator.py
[2025-03-24T21:50:36.418+0800] {processor.py:914} INFO - Processing file /Users/dionneleow/IS3107/IS3107-group11/backend/venv/lib/python3.12/site-packages/airflow/example_dags/example_task_group_decorator.py for tasks to queue
[2025-03-24T21:50:36.419+0800] {logging_mixin.py:190} INFO - [2025-03-24T21:50:36.419+0800] {dagbag.py:588} INFO - Filling up the DagBag from /Users/dionneleow/IS3107/IS3107-group11/backend/venv/lib/python3.12/site-packages/airflow/example_dags/example_task_group_decorator.py
[2025-03-24T21:50:36.451+0800] {processor.py:925} INFO - DAG(s) 'example_task_group_decorator' retrieved from /Users/dionneleow/IS3107/IS3107-group11/backend/venv/lib/python3.12/site-packages/airflow/example_dags/example_task_group_decorator.py
[2025-03-24T21:50:36.538+0800] {logging_mixin.py:190} INFO - [2025-03-24T21:50:36.537+0800] {dag.py:3239} INFO - Sync 1 DAGs
[2025-03-24T21:50:36.549+0800] {logging_mixin.py:190} INFO - [2025-03-24T21:50:36.549+0800] {dag.py:4180} INFO - Setting next_dagrun for example_task_group_decorator to None, run_after=None
[2025-03-24T21:50:36.561+0800] {processor.py:208} INFO - Processing /Users/dionneleow/IS3107/IS3107-group11/backend/venv/lib/python3.12/site-packages/airflow/example_dags/example_task_group_decorator.py took 0.146 seconds
[2025-03-24T21:51:51.148+0800] {processor.py:186} INFO - Started process (PID=64309) to work on /Users/dionneleow/IS3107/IS3107-group11/backend/venv/lib/python3.12/site-packages/airflow/example_dags/example_task_group_decorator.py
[2025-03-24T21:51:51.149+0800] {processor.py:914} INFO - Processing file /Users/dionneleow/IS3107/IS3107-group11/backend/venv/lib/python3.12/site-packages/airflow/example_dags/example_task_group_decorator.py for tasks to queue
[2025-03-24T21:51:51.149+0800] {logging_mixin.py:190} INFO - [2025-03-24T21:51:51.149+0800] {dagbag.py:588} INFO - Filling up the DagBag from /Users/dionneleow/IS3107/IS3107-group11/backend/venv/lib/python3.12/site-packages/airflow/example_dags/example_task_group_decorator.py
[2025-03-24T21:51:51.166+0800] {processor.py:925} INFO - DAG(s) 'example_task_group_decorator' retrieved from /Users/dionneleow/IS3107/IS3107-group11/backend/venv/lib/python3.12/site-packages/airflow/example_dags/example_task_group_decorator.py
[2025-03-24T21:51:51.226+0800] {logging_mixin.py:190} INFO - [2025-03-24T21:51:51.226+0800] {dag.py:3239} INFO - Sync 1 DAGs
[2025-03-24T21:51:51.233+0800] {logging_mixin.py:190} INFO - [2025-03-24T21:51:51.233+0800] {dag.py:4180} INFO - Setting next_dagrun for example_task_group_decorator to None, run_after=None
[2025-03-24T21:51:51.244+0800] {processor.py:208} INFO - Processing /Users/dionneleow/IS3107/IS3107-group11/backend/venv/lib/python3.12/site-packages/airflow/example_dags/example_task_group_decorator.py took 0.096 seconds
[2025-03-24T21:53:01.387+0800] {processor.py:186} INFO - Started process (PID=64731) to work on /Users/dionneleow/IS3107/IS3107-group11/backend/venv/lib/python3.12/site-packages/airflow/example_dags/example_task_group_decorator.py
[2025-03-24T21:53:01.388+0800] {processor.py:914} INFO - Processing file /Users/dionneleow/IS3107/IS3107-group11/backend/venv/lib/python3.12/site-packages/airflow/example_dags/example_task_group_decorator.py for tasks to queue
[2025-03-24T21:53:01.389+0800] {logging_mixin.py:190} INFO - [2025-03-24T21:53:01.389+0800] {dagbag.py:588} INFO - Filling up the DagBag from /Users/dionneleow/IS3107/IS3107-group11/backend/venv/lib/python3.12/site-packages/airflow/example_dags/example_task_group_decorator.py
[2025-03-24T21:53:01.407+0800] {processor.py:925} INFO - DAG(s) 'example_task_group_decorator' retrieved from /Users/dionneleow/IS3107/IS3107-group11/backend/venv/lib/python3.12/site-packages/airflow/example_dags/example_task_group_decorator.py
[2025-03-24T21:53:01.468+0800] {logging_mixin.py:190} INFO - [2025-03-24T21:53:01.468+0800] {dag.py:3239} INFO - Sync 1 DAGs
[2025-03-24T21:53:01.472+0800] {logging_mixin.py:190} INFO - [2025-03-24T21:53:01.472+0800] {dag.py:4180} INFO - Setting next_dagrun for example_task_group_decorator to None, run_after=None
[2025-03-24T21:53:01.478+0800] {processor.py:208} INFO - Processing /Users/dionneleow/IS3107/IS3107-group11/backend/venv/lib/python3.12/site-packages/airflow/example_dags/example_task_group_decorator.py took 0.093 seconds
[2025-03-24T21:54:08.984+0800] {processor.py:186} INFO - Started process (PID=65144) to work on /Users/dionneleow/IS3107/IS3107-group11/backend/venv/lib/python3.12/site-packages/airflow/example_dags/example_task_group_decorator.py
[2025-03-24T21:54:08.985+0800] {processor.py:914} INFO - Processing file /Users/dionneleow/IS3107/IS3107-group11/backend/venv/lib/python3.12/site-packages/airflow/example_dags/example_task_group_decorator.py for tasks to queue
[2025-03-24T21:54:08.985+0800] {logging_mixin.py:190} INFO - [2025-03-24T21:54:08.985+0800] {dagbag.py:588} INFO - Filling up the DagBag from /Users/dionneleow/IS3107/IS3107-group11/backend/venv/lib/python3.12/site-packages/airflow/example_dags/example_task_group_decorator.py
[2025-03-24T21:54:09.000+0800] {processor.py:925} INFO - DAG(s) 'example_task_group_decorator' retrieved from /Users/dionneleow/IS3107/IS3107-group11/backend/venv/lib/python3.12/site-packages/airflow/example_dags/example_task_group_decorator.py
[2025-03-24T21:54:09.058+0800] {logging_mixin.py:190} INFO - [2025-03-24T21:54:09.058+0800] {dag.py:3239} INFO - Sync 1 DAGs
[2025-03-24T21:54:09.062+0800] {logging_mixin.py:190} INFO - [2025-03-24T21:54:09.062+0800] {dag.py:4180} INFO - Setting next_dagrun for example_task_group_decorator to None, run_after=None
[2025-03-24T21:54:09.069+0800] {processor.py:208} INFO - Processing /Users/dionneleow/IS3107/IS3107-group11/backend/venv/lib/python3.12/site-packages/airflow/example_dags/example_task_group_decorator.py took 0.086 seconds
[2025-03-24T21:55:14.860+0800] {processor.py:186} INFO - Started process (PID=65569) to work on /Users/dionneleow/IS3107/IS3107-group11/backend/venv/lib/python3.12/site-packages/airflow/example_dags/example_task_group_decorator.py
[2025-03-24T21:55:14.860+0800] {processor.py:914} INFO - Processing file /Users/dionneleow/IS3107/IS3107-group11/backend/venv/lib/python3.12/site-packages/airflow/example_dags/example_task_group_decorator.py for tasks to queue
[2025-03-24T21:55:14.861+0800] {logging_mixin.py:190} INFO - [2025-03-24T21:55:14.861+0800] {dagbag.py:588} INFO - Filling up the DagBag from /Users/dionneleow/IS3107/IS3107-group11/backend/venv/lib/python3.12/site-packages/airflow/example_dags/example_task_group_decorator.py
[2025-03-24T21:55:14.881+0800] {processor.py:925} INFO - DAG(s) 'example_task_group_decorator' retrieved from /Users/dionneleow/IS3107/IS3107-group11/backend/venv/lib/python3.12/site-packages/airflow/example_dags/example_task_group_decorator.py
[2025-03-24T21:55:14.944+0800] {logging_mixin.py:190} INFO - [2025-03-24T21:55:14.944+0800] {dag.py:3239} INFO - Sync 1 DAGs
[2025-03-24T21:55:14.948+0800] {logging_mixin.py:190} INFO - [2025-03-24T21:55:14.948+0800] {dag.py:4180} INFO - Setting next_dagrun for example_task_group_decorator to None, run_after=None
[2025-03-24T21:55:14.957+0800] {processor.py:208} INFO - Processing /Users/dionneleow/IS3107/IS3107-group11/backend/venv/lib/python3.12/site-packages/airflow/example_dags/example_task_group_decorator.py took 0.098 seconds
[2025-03-24T21:56:26.070+0800] {processor.py:186} INFO - Started process (PID=66008) to work on /Users/dionneleow/IS3107/IS3107-group11/backend/venv/lib/python3.12/site-packages/airflow/example_dags/example_task_group_decorator.py
[2025-03-24T21:56:26.071+0800] {processor.py:914} INFO - Processing file /Users/dionneleow/IS3107/IS3107-group11/backend/venv/lib/python3.12/site-packages/airflow/example_dags/example_task_group_decorator.py for tasks to queue
[2025-03-24T21:56:26.071+0800] {logging_mixin.py:190} INFO - [2025-03-24T21:56:26.071+0800] {dagbag.py:588} INFO - Filling up the DagBag from /Users/dionneleow/IS3107/IS3107-group11/backend/venv/lib/python3.12/site-packages/airflow/example_dags/example_task_group_decorator.py
[2025-03-24T21:56:26.088+0800] {processor.py:925} INFO - DAG(s) 'example_task_group_decorator' retrieved from /Users/dionneleow/IS3107/IS3107-group11/backend/venv/lib/python3.12/site-packages/airflow/example_dags/example_task_group_decorator.py
[2025-03-24T21:56:26.142+0800] {logging_mixin.py:190} INFO - [2025-03-24T21:56:26.142+0800] {dag.py:3239} INFO - Sync 1 DAGs
[2025-03-24T21:56:26.145+0800] {logging_mixin.py:190} INFO - [2025-03-24T21:56:26.145+0800] {dag.py:4180} INFO - Setting next_dagrun for example_task_group_decorator to None, run_after=None
[2025-03-24T21:56:26.151+0800] {processor.py:208} INFO - Processing /Users/dionneleow/IS3107/IS3107-group11/backend/venv/lib/python3.12/site-packages/airflow/example_dags/example_task_group_decorator.py took 0.082 seconds
[2025-03-24T21:57:34.175+0800] {processor.py:186} INFO - Started process (PID=66496) to work on /Users/dionneleow/IS3107/IS3107-group11/backend/venv/lib/python3.12/site-packages/airflow/example_dags/example_task_group_decorator.py
[2025-03-24T21:57:34.175+0800] {processor.py:914} INFO - Processing file /Users/dionneleow/IS3107/IS3107-group11/backend/venv/lib/python3.12/site-packages/airflow/example_dags/example_task_group_decorator.py for tasks to queue
[2025-03-24T21:57:34.176+0800] {logging_mixin.py:190} INFO - [2025-03-24T21:57:34.176+0800] {dagbag.py:588} INFO - Filling up the DagBag from /Users/dionneleow/IS3107/IS3107-group11/backend/venv/lib/python3.12/site-packages/airflow/example_dags/example_task_group_decorator.py
[2025-03-24T21:57:34.192+0800] {processor.py:925} INFO - DAG(s) 'example_task_group_decorator' retrieved from /Users/dionneleow/IS3107/IS3107-group11/backend/venv/lib/python3.12/site-packages/airflow/example_dags/example_task_group_decorator.py
[2025-03-24T21:57:34.257+0800] {logging_mixin.py:190} INFO - [2025-03-24T21:57:34.257+0800] {dag.py:3239} INFO - Sync 1 DAGs
[2025-03-24T21:57:34.268+0800] {logging_mixin.py:190} INFO - [2025-03-24T21:57:34.268+0800] {dag.py:4180} INFO - Setting next_dagrun for example_task_group_decorator to None, run_after=None
[2025-03-24T21:57:34.280+0800] {processor.py:208} INFO - Processing /Users/dionneleow/IS3107/IS3107-group11/backend/venv/lib/python3.12/site-packages/airflow/example_dags/example_task_group_decorator.py took 0.107 seconds
[2025-03-24T21:58:43.456+0800] {processor.py:186} INFO - Started process (PID=66883) to work on /Users/dionneleow/IS3107/IS3107-group11/backend/venv/lib/python3.12/site-packages/airflow/example_dags/example_task_group_decorator.py
[2025-03-24T21:58:43.457+0800] {processor.py:914} INFO - Processing file /Users/dionneleow/IS3107/IS3107-group11/backend/venv/lib/python3.12/site-packages/airflow/example_dags/example_task_group_decorator.py for tasks to queue
[2025-03-24T21:58:43.458+0800] {logging_mixin.py:190} INFO - [2025-03-24T21:58:43.458+0800] {dagbag.py:588} INFO - Filling up the DagBag from /Users/dionneleow/IS3107/IS3107-group11/backend/venv/lib/python3.12/site-packages/airflow/example_dags/example_task_group_decorator.py
[2025-03-24T21:58:43.473+0800] {processor.py:925} INFO - DAG(s) 'example_task_group_decorator' retrieved from /Users/dionneleow/IS3107/IS3107-group11/backend/venv/lib/python3.12/site-packages/airflow/example_dags/example_task_group_decorator.py
[2025-03-24T21:58:43.529+0800] {logging_mixin.py:190} INFO - [2025-03-24T21:58:43.529+0800] {dag.py:3239} INFO - Sync 1 DAGs
[2025-03-24T21:58:43.533+0800] {logging_mixin.py:190} INFO - [2025-03-24T21:58:43.533+0800] {dag.py:4180} INFO - Setting next_dagrun for example_task_group_decorator to None, run_after=None
[2025-03-24T21:58:43.539+0800] {processor.py:208} INFO - Processing /Users/dionneleow/IS3107/IS3107-group11/backend/venv/lib/python3.12/site-packages/airflow/example_dags/example_task_group_decorator.py took 0.084 seconds
[2025-03-24T21:59:47.275+0800] {processor.py:186} INFO - Started process (PID=67207) to work on /Users/dionneleow/IS3107/IS3107-group11/backend/venv/lib/python3.12/site-packages/airflow/example_dags/example_task_group_decorator.py
[2025-03-24T21:59:47.276+0800] {processor.py:914} INFO - Processing file /Users/dionneleow/IS3107/IS3107-group11/backend/venv/lib/python3.12/site-packages/airflow/example_dags/example_task_group_decorator.py for tasks to queue
[2025-03-24T21:59:47.276+0800] {logging_mixin.py:190} INFO - [2025-03-24T21:59:47.276+0800] {dagbag.py:588} INFO - Filling up the DagBag from /Users/dionneleow/IS3107/IS3107-group11/backend/venv/lib/python3.12/site-packages/airflow/example_dags/example_task_group_decorator.py
[2025-03-24T21:59:47.291+0800] {processor.py:925} INFO - DAG(s) 'example_task_group_decorator' retrieved from /Users/dionneleow/IS3107/IS3107-group11/backend/venv/lib/python3.12/site-packages/airflow/example_dags/example_task_group_decorator.py
[2025-03-24T21:59:47.345+0800] {logging_mixin.py:190} INFO - [2025-03-24T21:59:47.345+0800] {dag.py:3239} INFO - Sync 1 DAGs
[2025-03-24T21:59:47.348+0800] {logging_mixin.py:190} INFO - [2025-03-24T21:59:47.348+0800] {dag.py:4180} INFO - Setting next_dagrun for example_task_group_decorator to None, run_after=None
[2025-03-24T21:59:47.356+0800] {processor.py:208} INFO - Processing /Users/dionneleow/IS3107/IS3107-group11/backend/venv/lib/python3.12/site-packages/airflow/example_dags/example_task_group_decorator.py took 0.082 seconds
[2025-03-24T22:00:50.366+0800] {processor.py:186} INFO - Started process (PID=67581) to work on /Users/dionneleow/IS3107/IS3107-group11/backend/venv/lib/python3.12/site-packages/airflow/example_dags/example_task_group_decorator.py
[2025-03-24T22:00:50.367+0800] {processor.py:914} INFO - Processing file /Users/dionneleow/IS3107/IS3107-group11/backend/venv/lib/python3.12/site-packages/airflow/example_dags/example_task_group_decorator.py for tasks to queue
[2025-03-24T22:00:50.367+0800] {logging_mixin.py:190} INFO - [2025-03-24T22:00:50.367+0800] {dagbag.py:588} INFO - Filling up the DagBag from /Users/dionneleow/IS3107/IS3107-group11/backend/venv/lib/python3.12/site-packages/airflow/example_dags/example_task_group_decorator.py
[2025-03-24T22:00:50.386+0800] {processor.py:925} INFO - DAG(s) 'example_task_group_decorator' retrieved from /Users/dionneleow/IS3107/IS3107-group11/backend/venv/lib/python3.12/site-packages/airflow/example_dags/example_task_group_decorator.py
[2025-03-24T22:00:50.454+0800] {logging_mixin.py:190} INFO - [2025-03-24T22:00:50.454+0800] {dag.py:3239} INFO - Sync 1 DAGs
[2025-03-24T22:00:50.460+0800] {logging_mixin.py:190} INFO - [2025-03-24T22:00:50.460+0800] {dag.py:4180} INFO - Setting next_dagrun for example_task_group_decorator to None, run_after=None
[2025-03-24T22:00:50.467+0800] {processor.py:208} INFO - Processing /Users/dionneleow/IS3107/IS3107-group11/backend/venv/lib/python3.12/site-packages/airflow/example_dags/example_task_group_decorator.py took 0.102 seconds
[2025-03-24T22:01:53.473+0800] {processor.py:186} INFO - Started process (PID=67939) to work on /Users/dionneleow/IS3107/IS3107-group11/backend/venv/lib/python3.12/site-packages/airflow/example_dags/example_task_group_decorator.py
[2025-03-24T22:01:53.474+0800] {processor.py:914} INFO - Processing file /Users/dionneleow/IS3107/IS3107-group11/backend/venv/lib/python3.12/site-packages/airflow/example_dags/example_task_group_decorator.py for tasks to queue
[2025-03-24T22:01:53.474+0800] {logging_mixin.py:190} INFO - [2025-03-24T22:01:53.474+0800] {dagbag.py:588} INFO - Filling up the DagBag from /Users/dionneleow/IS3107/IS3107-group11/backend/venv/lib/python3.12/site-packages/airflow/example_dags/example_task_group_decorator.py
[2025-03-24T22:01:53.489+0800] {processor.py:925} INFO - DAG(s) 'example_task_group_decorator' retrieved from /Users/dionneleow/IS3107/IS3107-group11/backend/venv/lib/python3.12/site-packages/airflow/example_dags/example_task_group_decorator.py
[2025-03-24T22:01:53.545+0800] {logging_mixin.py:190} INFO - [2025-03-24T22:01:53.545+0800] {dag.py:3239} INFO - Sync 1 DAGs
[2025-03-24T22:01:53.548+0800] {logging_mixin.py:190} INFO - [2025-03-24T22:01:53.548+0800] {dag.py:4180} INFO - Setting next_dagrun for example_task_group_decorator to None, run_after=None
[2025-03-24T22:01:53.554+0800] {processor.py:208} INFO - Processing /Users/dionneleow/IS3107/IS3107-group11/backend/venv/lib/python3.12/site-packages/airflow/example_dags/example_task_group_decorator.py took 0.082 seconds
[2025-03-24T22:03:01.122+0800] {processor.py:186} INFO - Started process (PID=68363) to work on /Users/dionneleow/IS3107/IS3107-group11/backend/venv/lib/python3.12/site-packages/airflow/example_dags/example_task_group_decorator.py
[2025-03-24T22:03:01.123+0800] {processor.py:914} INFO - Processing file /Users/dionneleow/IS3107/IS3107-group11/backend/venv/lib/python3.12/site-packages/airflow/example_dags/example_task_group_decorator.py for tasks to queue
[2025-03-24T22:03:01.123+0800] {logging_mixin.py:190} INFO - [2025-03-24T22:03:01.123+0800] {dagbag.py:588} INFO - Filling up the DagBag from /Users/dionneleow/IS3107/IS3107-group11/backend/venv/lib/python3.12/site-packages/airflow/example_dags/example_task_group_decorator.py
[2025-03-24T22:03:01.145+0800] {processor.py:925} INFO - DAG(s) 'example_task_group_decorator' retrieved from /Users/dionneleow/IS3107/IS3107-group11/backend/venv/lib/python3.12/site-packages/airflow/example_dags/example_task_group_decorator.py
[2025-03-24T22:03:01.209+0800] {logging_mixin.py:190} INFO - [2025-03-24T22:03:01.208+0800] {dag.py:3239} INFO - Sync 1 DAGs
[2025-03-24T22:03:01.212+0800] {logging_mixin.py:190} INFO - [2025-03-24T22:03:01.212+0800] {dag.py:4180} INFO - Setting next_dagrun for example_task_group_decorator to None, run_after=None
[2025-03-24T22:03:01.218+0800] {processor.py:208} INFO - Processing /Users/dionneleow/IS3107/IS3107-group11/backend/venv/lib/python3.12/site-packages/airflow/example_dags/example_task_group_decorator.py took 0.098 seconds
[2025-03-24T22:04:07.510+0800] {processor.py:186} INFO - Started process (PID=68780) to work on /Users/dionneleow/IS3107/IS3107-group11/backend/venv/lib/python3.12/site-packages/airflow/example_dags/example_task_group_decorator.py
[2025-03-24T22:04:07.511+0800] {processor.py:914} INFO - Processing file /Users/dionneleow/IS3107/IS3107-group11/backend/venv/lib/python3.12/site-packages/airflow/example_dags/example_task_group_decorator.py for tasks to queue
[2025-03-24T22:04:07.511+0800] {logging_mixin.py:190} INFO - [2025-03-24T22:04:07.511+0800] {dagbag.py:588} INFO - Filling up the DagBag from /Users/dionneleow/IS3107/IS3107-group11/backend/venv/lib/python3.12/site-packages/airflow/example_dags/example_task_group_decorator.py
[2025-03-24T22:04:07.526+0800] {processor.py:925} INFO - DAG(s) 'example_task_group_decorator' retrieved from /Users/dionneleow/IS3107/IS3107-group11/backend/venv/lib/python3.12/site-packages/airflow/example_dags/example_task_group_decorator.py
[2025-03-24T22:04:07.580+0800] {logging_mixin.py:190} INFO - [2025-03-24T22:04:07.580+0800] {dag.py:3239} INFO - Sync 1 DAGs
[2025-03-24T22:04:07.583+0800] {logging_mixin.py:190} INFO - [2025-03-24T22:04:07.583+0800] {dag.py:4180} INFO - Setting next_dagrun for example_task_group_decorator to None, run_after=None
[2025-03-24T22:04:07.590+0800] {processor.py:208} INFO - Processing /Users/dionneleow/IS3107/IS3107-group11/backend/venv/lib/python3.12/site-packages/airflow/example_dags/example_task_group_decorator.py took 0.081 seconds
[2025-03-24T22:05:17.148+0800] {processor.py:186} INFO - Started process (PID=69150) to work on /Users/dionneleow/IS3107/IS3107-group11/backend/venv/lib/python3.12/site-packages/airflow/example_dags/example_task_group_decorator.py
[2025-03-24T22:05:17.148+0800] {processor.py:914} INFO - Processing file /Users/dionneleow/IS3107/IS3107-group11/backend/venv/lib/python3.12/site-packages/airflow/example_dags/example_task_group_decorator.py for tasks to queue
[2025-03-24T22:05:17.149+0800] {logging_mixin.py:190} INFO - [2025-03-24T22:05:17.149+0800] {dagbag.py:588} INFO - Filling up the DagBag from /Users/dionneleow/IS3107/IS3107-group11/backend/venv/lib/python3.12/site-packages/airflow/example_dags/example_task_group_decorator.py
[2025-03-24T22:05:17.165+0800] {processor.py:925} INFO - DAG(s) 'example_task_group_decorator' retrieved from /Users/dionneleow/IS3107/IS3107-group11/backend/venv/lib/python3.12/site-packages/airflow/example_dags/example_task_group_decorator.py
[2025-03-24T22:05:17.220+0800] {logging_mixin.py:190} INFO - [2025-03-24T22:05:17.220+0800] {dag.py:3239} INFO - Sync 1 DAGs
[2025-03-24T22:05:17.223+0800] {logging_mixin.py:190} INFO - [2025-03-24T22:05:17.223+0800] {dag.py:4180} INFO - Setting next_dagrun for example_task_group_decorator to None, run_after=None
[2025-03-24T22:05:17.229+0800] {processor.py:208} INFO - Processing /Users/dionneleow/IS3107/IS3107-group11/backend/venv/lib/python3.12/site-packages/airflow/example_dags/example_task_group_decorator.py took 0.083 seconds
[2025-03-24T22:06:23.833+0800] {processor.py:186} INFO - Started process (PID=69489) to work on /Users/dionneleow/IS3107/IS3107-group11/backend/venv/lib/python3.12/site-packages/airflow/example_dags/example_task_group_decorator.py
[2025-03-24T22:06:23.834+0800] {processor.py:914} INFO - Processing file /Users/dionneleow/IS3107/IS3107-group11/backend/venv/lib/python3.12/site-packages/airflow/example_dags/example_task_group_decorator.py for tasks to queue
[2025-03-24T22:06:23.835+0800] {logging_mixin.py:190} INFO - [2025-03-24T22:06:23.835+0800] {dagbag.py:588} INFO - Filling up the DagBag from /Users/dionneleow/IS3107/IS3107-group11/backend/venv/lib/python3.12/site-packages/airflow/example_dags/example_task_group_decorator.py
[2025-03-24T22:06:23.852+0800] {processor.py:925} INFO - DAG(s) 'example_task_group_decorator' retrieved from /Users/dionneleow/IS3107/IS3107-group11/backend/venv/lib/python3.12/site-packages/airflow/example_dags/example_task_group_decorator.py
[2025-03-24T22:06:23.908+0800] {logging_mixin.py:190} INFO - [2025-03-24T22:06:23.908+0800] {dag.py:3239} INFO - Sync 1 DAGs
[2025-03-24T22:06:23.912+0800] {logging_mixin.py:190} INFO - [2025-03-24T22:06:23.912+0800] {dag.py:4180} INFO - Setting next_dagrun for example_task_group_decorator to None, run_after=None
[2025-03-24T22:06:23.918+0800] {processor.py:208} INFO - Processing /Users/dionneleow/IS3107/IS3107-group11/backend/venv/lib/python3.12/site-packages/airflow/example_dags/example_task_group_decorator.py took 0.086 seconds
[2025-03-24T22:07:35.525+0800] {processor.py:186} INFO - Started process (PID=69871) to work on /Users/dionneleow/IS3107/IS3107-group11/backend/venv/lib/python3.12/site-packages/airflow/example_dags/example_task_group_decorator.py
[2025-03-24T22:07:35.526+0800] {processor.py:914} INFO - Processing file /Users/dionneleow/IS3107/IS3107-group11/backend/venv/lib/python3.12/site-packages/airflow/example_dags/example_task_group_decorator.py for tasks to queue
[2025-03-24T22:07:35.527+0800] {logging_mixin.py:190} INFO - [2025-03-24T22:07:35.526+0800] {dagbag.py:588} INFO - Filling up the DagBag from /Users/dionneleow/IS3107/IS3107-group11/backend/venv/lib/python3.12/site-packages/airflow/example_dags/example_task_group_decorator.py
[2025-03-24T22:07:35.544+0800] {processor.py:925} INFO - DAG(s) 'example_task_group_decorator' retrieved from /Users/dionneleow/IS3107/IS3107-group11/backend/venv/lib/python3.12/site-packages/airflow/example_dags/example_task_group_decorator.py
[2025-03-24T22:07:35.601+0800] {logging_mixin.py:190} INFO - [2025-03-24T22:07:35.601+0800] {dag.py:3239} INFO - Sync 1 DAGs
[2025-03-24T22:07:35.605+0800] {logging_mixin.py:190} INFO - [2025-03-24T22:07:35.605+0800] {dag.py:4180} INFO - Setting next_dagrun for example_task_group_decorator to None, run_after=None
[2025-03-24T22:07:35.611+0800] {processor.py:208} INFO - Processing /Users/dionneleow/IS3107/IS3107-group11/backend/venv/lib/python3.12/site-packages/airflow/example_dags/example_task_group_decorator.py took 0.091 seconds
[2025-03-24T22:08:47.990+0800] {processor.py:186} INFO - Started process (PID=70273) to work on /Users/dionneleow/IS3107/IS3107-group11/backend/venv/lib/python3.12/site-packages/airflow/example_dags/example_task_group_decorator.py
[2025-03-24T22:08:47.991+0800] {processor.py:914} INFO - Processing file /Users/dionneleow/IS3107/IS3107-group11/backend/venv/lib/python3.12/site-packages/airflow/example_dags/example_task_group_decorator.py for tasks to queue
[2025-03-24T22:08:47.991+0800] {logging_mixin.py:190} INFO - [2025-03-24T22:08:47.991+0800] {dagbag.py:588} INFO - Filling up the DagBag from /Users/dionneleow/IS3107/IS3107-group11/backend/venv/lib/python3.12/site-packages/airflow/example_dags/example_task_group_decorator.py
[2025-03-24T22:08:48.010+0800] {processor.py:925} INFO - DAG(s) 'example_task_group_decorator' retrieved from /Users/dionneleow/IS3107/IS3107-group11/backend/venv/lib/python3.12/site-packages/airflow/example_dags/example_task_group_decorator.py
[2025-03-24T22:08:48.068+0800] {logging_mixin.py:190} INFO - [2025-03-24T22:08:48.067+0800] {dag.py:3239} INFO - Sync 1 DAGs
[2025-03-24T22:08:48.073+0800] {logging_mixin.py:190} INFO - [2025-03-24T22:08:48.073+0800] {dag.py:4180} INFO - Setting next_dagrun for example_task_group_decorator to None, run_after=None
[2025-03-24T22:08:48.082+0800] {processor.py:208} INFO - Processing /Users/dionneleow/IS3107/IS3107-group11/backend/venv/lib/python3.12/site-packages/airflow/example_dags/example_task_group_decorator.py took 0.093 seconds
