[2025-03-24T21:49:36.347+0800] {processor.py:186} INFO - Started process (PID=63385) to work on /Users/dionneleow/IS3107/IS3107-group11/backend/venv/lib/python3.12/site-packages/airflow/example_dags/example_display_name.py
[2025-03-24T21:49:36.348+0800] {processor.py:914} INFO - Processing file /Users/dionneleow/IS3107/IS3107-group11/backend/venv/lib/python3.12/site-packages/airflow/example_dags/example_display_name.py for tasks to queue
[2025-03-24T21:49:36.348+0800] {logging_mixin.py:190} INFO - [2025-03-24T21:49:36.348+0800] {dagbag.py:588} INFO - Filling up the DagBag from /Users/dionneleow/IS3107/IS3107-group11/backend/venv/lib/python3.12/site-packages/airflow/example_dags/example_display_name.py
[2025-03-24T21:49:36.362+0800] {processor.py:925} INFO - DAG(s) 'example_display_name' retrieved from /Users/dionneleow/IS3107/IS3107-group11/backend/venv/lib/python3.12/site-packages/airflow/example_dags/example_display_name.py
[2025-03-24T21:49:36.456+0800] {logging_mixin.py:190} INFO - [2025-03-24T21:49:36.456+0800] {override.py:1912} INFO - Created Permission View: can read on DAG:example_display_name
[2025-03-24T21:49:36.459+0800] {logging_mixin.py:190} INFO - [2025-03-24T21:49:36.459+0800] {override.py:1912} INFO - Created Permission View: can delete on DAG:example_display_name
[2025-03-24T21:49:36.461+0800] {logging_mixin.py:190} INFO - [2025-03-24T21:49:36.461+0800] {override.py:1912} INFO - Created Permission View: can edit on DAG:example_display_name
[2025-03-24T21:49:36.463+0800] {logging_mixin.py:190} INFO - [2025-03-24T21:49:36.463+0800] {override.py:1912} INFO - Created Permission View: menu access on DAG Run:example_display_name
[2025-03-24T21:49:36.465+0800] {logging_mixin.py:190} INFO - [2025-03-24T21:49:36.465+0800] {override.py:1912} INFO - Created Permission View: can read on DAG Run:example_display_name
[2025-03-24T21:49:36.467+0800] {logging_mixin.py:190} INFO - [2025-03-24T21:49:36.467+0800] {override.py:1912} INFO - Created Permission View: can delete on DAG Run:example_display_name
[2025-03-24T21:49:36.469+0800] {logging_mixin.py:190} INFO - [2025-03-24T21:49:36.469+0800] {override.py:1912} INFO - Created Permission View: can create on DAG Run:example_display_name
[2025-03-24T21:49:36.469+0800] {logging_mixin.py:190} INFO - [2025-03-24T21:49:36.469+0800] {dag.py:3239} INFO - Sync 1 DAGs
[2025-03-24T21:49:36.472+0800] {logging_mixin.py:190} INFO - [2025-03-24T21:49:36.472+0800] {dag.py:3262} INFO - Creating ORM DAG for example_display_name
[2025-03-24T21:49:36.473+0800] {logging_mixin.py:190} INFO - [2025-03-24T21:49:36.473+0800] {dag.py:4180} INFO - Setting next_dagrun for example_display_name to None, run_after=None
[2025-03-24T21:49:36.480+0800] {processor.py:208} INFO - Processing /Users/dionneleow/IS3107/IS3107-group11/backend/venv/lib/python3.12/site-packages/airflow/example_dags/example_display_name.py took 0.135 seconds
[2025-03-24T21:52:07.032+0800] {processor.py:186} INFO - Started process (PID=64399) to work on /Users/dionneleow/IS3107/IS3107-group11/backend/venv/lib/python3.12/site-packages/airflow/example_dags/example_display_name.py
[2025-03-24T21:52:07.033+0800] {processor.py:914} INFO - Processing file /Users/dionneleow/IS3107/IS3107-group11/backend/venv/lib/python3.12/site-packages/airflow/example_dags/example_display_name.py for tasks to queue
[2025-03-24T21:52:07.033+0800] {logging_mixin.py:190} INFO - [2025-03-24T21:52:07.033+0800] {dagbag.py:588} INFO - Filling up the DagBag from /Users/dionneleow/IS3107/IS3107-group11/backend/venv/lib/python3.12/site-packages/airflow/example_dags/example_display_name.py
[2025-03-24T21:52:07.046+0800] {processor.py:925} INFO - DAG(s) 'example_display_name' retrieved from /Users/dionneleow/IS3107/IS3107-group11/backend/venv/lib/python3.12/site-packages/airflow/example_dags/example_display_name.py
[2025-03-24T21:52:07.099+0800] {logging_mixin.py:190} INFO - [2025-03-24T21:52:07.099+0800] {dag.py:3239} INFO - Sync 1 DAGs
[2025-03-24T21:52:07.103+0800] {logging_mixin.py:190} INFO - [2025-03-24T21:52:07.103+0800] {dag.py:4180} INFO - Setting next_dagrun for example_display_name to None, run_after=None
[2025-03-24T21:52:07.109+0800] {processor.py:208} INFO - Processing /Users/dionneleow/IS3107/IS3107-group11/backend/venv/lib/python3.12/site-packages/airflow/example_dags/example_display_name.py took 0.079 seconds
[2025-03-24T21:54:20.474+0800] {processor.py:186} INFO - Started process (PID=65217) to work on /Users/dionneleow/IS3107/IS3107-group11/backend/venv/lib/python3.12/site-packages/airflow/example_dags/example_display_name.py
[2025-03-24T21:54:20.475+0800] {processor.py:914} INFO - Processing file /Users/dionneleow/IS3107/IS3107-group11/backend/venv/lib/python3.12/site-packages/airflow/example_dags/example_display_name.py for tasks to queue
[2025-03-24T21:54:20.475+0800] {logging_mixin.py:190} INFO - [2025-03-24T21:54:20.475+0800] {dagbag.py:588} INFO - Filling up the DagBag from /Users/dionneleow/IS3107/IS3107-group11/backend/venv/lib/python3.12/site-packages/airflow/example_dags/example_display_name.py
[2025-03-24T21:54:20.489+0800] {processor.py:925} INFO - DAG(s) 'example_display_name' retrieved from /Users/dionneleow/IS3107/IS3107-group11/backend/venv/lib/python3.12/site-packages/airflow/example_dags/example_display_name.py
[2025-03-24T21:54:20.547+0800] {logging_mixin.py:190} INFO - [2025-03-24T21:54:20.547+0800] {dag.py:3239} INFO - Sync 1 DAGs
[2025-03-24T21:54:20.550+0800] {logging_mixin.py:190} INFO - [2025-03-24T21:54:20.550+0800] {dag.py:4180} INFO - Setting next_dagrun for example_display_name to None, run_after=None
[2025-03-24T21:54:20.558+0800] {processor.py:208} INFO - Processing /Users/dionneleow/IS3107/IS3107-group11/backend/venv/lib/python3.12/site-packages/airflow/example_dags/example_display_name.py took 0.086 seconds
[2025-03-24T21:56:41.339+0800] {processor.py:186} INFO - Started process (PID=66101) to work on /Users/dionneleow/IS3107/IS3107-group11/backend/venv/lib/python3.12/site-packages/airflow/example_dags/example_display_name.py
[2025-03-24T21:56:41.340+0800] {processor.py:914} INFO - Processing file /Users/dionneleow/IS3107/IS3107-group11/backend/venv/lib/python3.12/site-packages/airflow/example_dags/example_display_name.py for tasks to queue
[2025-03-24T21:56:41.340+0800] {logging_mixin.py:190} INFO - [2025-03-24T21:56:41.340+0800] {dagbag.py:588} INFO - Filling up the DagBag from /Users/dionneleow/IS3107/IS3107-group11/backend/venv/lib/python3.12/site-packages/airflow/example_dags/example_display_name.py
[2025-03-24T21:56:41.356+0800] {processor.py:925} INFO - DAG(s) 'example_display_name' retrieved from /Users/dionneleow/IS3107/IS3107-group11/backend/venv/lib/python3.12/site-packages/airflow/example_dags/example_display_name.py
[2025-03-24T21:56:41.410+0800] {logging_mixin.py:190} INFO - [2025-03-24T21:56:41.410+0800] {dag.py:3239} INFO - Sync 1 DAGs
[2025-03-24T21:56:41.414+0800] {logging_mixin.py:190} INFO - [2025-03-24T21:56:41.414+0800] {dag.py:4180} INFO - Setting next_dagrun for example_display_name to None, run_after=None
[2025-03-24T21:56:41.423+0800] {processor.py:208} INFO - Processing /Users/dionneleow/IS3107/IS3107-group11/backend/venv/lib/python3.12/site-packages/airflow/example_dags/example_display_name.py took 0.086 seconds
[2025-03-24T21:58:59.495+0800] {processor.py:186} INFO - Started process (PID=66958) to work on /Users/dionneleow/IS3107/IS3107-group11/backend/venv/lib/python3.12/site-packages/airflow/example_dags/example_display_name.py
[2025-03-24T21:58:59.496+0800] {processor.py:914} INFO - Processing file /Users/dionneleow/IS3107/IS3107-group11/backend/venv/lib/python3.12/site-packages/airflow/example_dags/example_display_name.py for tasks to queue
[2025-03-24T21:58:59.496+0800] {logging_mixin.py:190} INFO - [2025-03-24T21:58:59.496+0800] {dagbag.py:588} INFO - Filling up the DagBag from /Users/dionneleow/IS3107/IS3107-group11/backend/venv/lib/python3.12/site-packages/airflow/example_dags/example_display_name.py
[2025-03-24T21:58:59.509+0800] {processor.py:925} INFO - DAG(s) 'example_display_name' retrieved from /Users/dionneleow/IS3107/IS3107-group11/backend/venv/lib/python3.12/site-packages/airflow/example_dags/example_display_name.py
[2025-03-24T21:58:59.563+0800] {logging_mixin.py:190} INFO - [2025-03-24T21:58:59.563+0800] {dag.py:3239} INFO - Sync 1 DAGs
[2025-03-24T21:58:59.566+0800] {logging_mixin.py:190} INFO - [2025-03-24T21:58:59.566+0800] {dag.py:4180} INFO - Setting next_dagrun for example_display_name to None, run_after=None
[2025-03-24T21:58:59.573+0800] {processor.py:208} INFO - Processing /Users/dionneleow/IS3107/IS3107-group11/backend/venv/lib/python3.12/site-packages/airflow/example_dags/example_display_name.py took 0.080 seconds
[2025-03-24T22:01:03.092+0800] {processor.py:186} INFO - Started process (PID=67665) to work on /Users/dionneleow/IS3107/IS3107-group11/backend/venv/lib/python3.12/site-packages/airflow/example_dags/example_display_name.py
[2025-03-24T22:01:03.094+0800] {processor.py:914} INFO - Processing file /Users/dionneleow/IS3107/IS3107-group11/backend/venv/lib/python3.12/site-packages/airflow/example_dags/example_display_name.py for tasks to queue
[2025-03-24T22:01:03.095+0800] {logging_mixin.py:190} INFO - [2025-03-24T22:01:03.095+0800] {dagbag.py:588} INFO - Filling up the DagBag from /Users/dionneleow/IS3107/IS3107-group11/backend/venv/lib/python3.12/site-packages/airflow/example_dags/example_display_name.py
[2025-03-24T22:01:03.108+0800] {processor.py:925} INFO - DAG(s) 'example_display_name' retrieved from /Users/dionneleow/IS3107/IS3107-group11/backend/venv/lib/python3.12/site-packages/airflow/example_dags/example_display_name.py
[2025-03-24T22:01:03.162+0800] {logging_mixin.py:190} INFO - [2025-03-24T22:01:03.162+0800] {dag.py:3239} INFO - Sync 1 DAGs
[2025-03-24T22:01:03.166+0800] {logging_mixin.py:190} INFO - [2025-03-24T22:01:03.166+0800] {dag.py:4180} INFO - Setting next_dagrun for example_display_name to None, run_after=None
[2025-03-24T22:01:03.172+0800] {processor.py:208} INFO - Processing /Users/dionneleow/IS3107/IS3107-group11/backend/venv/lib/python3.12/site-packages/airflow/example_dags/example_display_name.py took 0.081 seconds
[2025-03-24T22:03:16.479+0800] {processor.py:186} INFO - Started process (PID=68495) to work on /Users/dionneleow/IS3107/IS3107-group11/backend/venv/lib/python3.12/site-packages/airflow/example_dags/example_display_name.py
[2025-03-24T22:03:16.480+0800] {processor.py:914} INFO - Processing file /Users/dionneleow/IS3107/IS3107-group11/backend/venv/lib/python3.12/site-packages/airflow/example_dags/example_display_name.py for tasks to queue
[2025-03-24T22:03:16.480+0800] {logging_mixin.py:190} INFO - [2025-03-24T22:03:16.480+0800] {dagbag.py:588} INFO - Filling up the DagBag from /Users/dionneleow/IS3107/IS3107-group11/backend/venv/lib/python3.12/site-packages/airflow/example_dags/example_display_name.py
[2025-03-24T22:03:16.493+0800] {processor.py:925} INFO - DAG(s) 'example_display_name' retrieved from /Users/dionneleow/IS3107/IS3107-group11/backend/venv/lib/python3.12/site-packages/airflow/example_dags/example_display_name.py
[2025-03-24T22:03:16.554+0800] {logging_mixin.py:190} INFO - [2025-03-24T22:03:16.554+0800] {dag.py:3239} INFO - Sync 1 DAGs
[2025-03-24T22:03:16.558+0800] {logging_mixin.py:190} INFO - [2025-03-24T22:03:16.558+0800] {dag.py:4180} INFO - Setting next_dagrun for example_display_name to None, run_after=None
[2025-03-24T22:03:16.564+0800] {processor.py:208} INFO - Processing /Users/dionneleow/IS3107/IS3107-group11/backend/venv/lib/python3.12/site-packages/airflow/example_dags/example_display_name.py took 0.087 seconds
[2025-03-24T22:05:29.282+0800] {processor.py:186} INFO - Started process (PID=69208) to work on /Users/dionneleow/IS3107/IS3107-group11/backend/venv/lib/python3.12/site-packages/airflow/example_dags/example_display_name.py
[2025-03-24T22:05:29.283+0800] {processor.py:914} INFO - Processing file /Users/dionneleow/IS3107/IS3107-group11/backend/venv/lib/python3.12/site-packages/airflow/example_dags/example_display_name.py for tasks to queue
[2025-03-24T22:05:29.283+0800] {logging_mixin.py:190} INFO - [2025-03-24T22:05:29.283+0800] {dagbag.py:588} INFO - Filling up the DagBag from /Users/dionneleow/IS3107/IS3107-group11/backend/venv/lib/python3.12/site-packages/airflow/example_dags/example_display_name.py
[2025-03-24T22:05:29.297+0800] {processor.py:925} INFO - DAG(s) 'example_display_name' retrieved from /Users/dionneleow/IS3107/IS3107-group11/backend/venv/lib/python3.12/site-packages/airflow/example_dags/example_display_name.py
[2025-03-24T22:05:29.349+0800] {logging_mixin.py:190} INFO - [2025-03-24T22:05:29.349+0800] {dag.py:3239} INFO - Sync 1 DAGs
[2025-03-24T22:05:29.353+0800] {logging_mixin.py:190} INFO - [2025-03-24T22:05:29.353+0800] {dag.py:4180} INFO - Setting next_dagrun for example_display_name to None, run_after=None
[2025-03-24T22:05:29.359+0800] {processor.py:208} INFO - Processing /Users/dionneleow/IS3107/IS3107-group11/backend/venv/lib/python3.12/site-packages/airflow/example_dags/example_display_name.py took 0.079 seconds
[2025-03-24T22:07:50.456+0800] {processor.py:186} INFO - Started process (PID=69964) to work on /Users/dionneleow/IS3107/IS3107-group11/backend/venv/lib/python3.12/site-packages/airflow/example_dags/example_display_name.py
[2025-03-24T22:07:50.457+0800] {processor.py:914} INFO - Processing file /Users/dionneleow/IS3107/IS3107-group11/backend/venv/lib/python3.12/site-packages/airflow/example_dags/example_display_name.py for tasks to queue
[2025-03-24T22:07:50.457+0800] {logging_mixin.py:190} INFO - [2025-03-24T22:07:50.457+0800] {dagbag.py:588} INFO - Filling up the DagBag from /Users/dionneleow/IS3107/IS3107-group11/backend/venv/lib/python3.12/site-packages/airflow/example_dags/example_display_name.py
[2025-03-24T22:07:50.470+0800] {processor.py:925} INFO - DAG(s) 'example_display_name' retrieved from /Users/dionneleow/IS3107/IS3107-group11/backend/venv/lib/python3.12/site-packages/airflow/example_dags/example_display_name.py
[2025-03-24T22:07:50.523+0800] {logging_mixin.py:190} INFO - [2025-03-24T22:07:50.522+0800] {dag.py:3239} INFO - Sync 1 DAGs
[2025-03-24T22:07:50.526+0800] {logging_mixin.py:190} INFO - [2025-03-24T22:07:50.526+0800] {dag.py:4180} INFO - Setting next_dagrun for example_display_name to None, run_after=None
[2025-03-24T22:07:50.533+0800] {processor.py:208} INFO - Processing /Users/dionneleow/IS3107/IS3107-group11/backend/venv/lib/python3.12/site-packages/airflow/example_dags/example_display_name.py took 0.078 seconds
