[2025-03-24T21:49:49.042+0800] {processor.py:186} INFO - Started process (PID=63453) to work on /Users/dionneleow/IS3107/IS3107-group11/backend/venv/lib/python3.12/site-packages/airflow/example_dags/example_branch_python_dop_operator_3.py
[2025-03-24T21:49:49.042+0800] {processor.py:914} INFO - Processing file /Users/dionneleow/IS3107/IS3107-group11/backend/venv/lib/python3.12/site-packages/airflow/example_dags/example_branch_python_dop_operator_3.py for tasks to queue
[2025-03-24T21:49:49.043+0800] {logging_mixin.py:190} INFO - [2025-03-24T21:49:49.043+0800] {dagbag.py:588} INFO - Filling up the DagBag from /Users/dionneleow/IS3107/IS3107-group11/backend/venv/lib/python3.12/site-packages/airflow/example_dags/example_branch_python_dop_operator_3.py
[2025-03-24T21:49:49.060+0800] {processor.py:925} INFO - DAG(s) 'example_branch_dop_operator_v3' retrieved from /Users/dionneleow/IS3107/IS3107-group11/backend/venv/lib/python3.12/site-packages/airflow/example_dags/example_branch_python_dop_operator_3.py
[2025-03-24T21:49:49.147+0800] {logging_mixin.py:190} INFO - [2025-03-24T21:49:49.147+0800] {override.py:1912} INFO - Created Permission View: can delete on DAG:example_branch_dop_operator_v3
[2025-03-24T21:49:49.150+0800] {logging_mixin.py:190} INFO - [2025-03-24T21:49:49.150+0800] {override.py:1912} INFO - Created Permission View: can read on DAG:example_branch_dop_operator_v3
[2025-03-24T21:49:49.152+0800] {logging_mixin.py:190} INFO - [2025-03-24T21:49:49.152+0800] {override.py:1912} INFO - Created Permission View: can edit on DAG:example_branch_dop_operator_v3
[2025-03-24T21:49:49.154+0800] {logging_mixin.py:190} INFO - [2025-03-24T21:49:49.154+0800] {override.py:1912} INFO - Created Permission View: can delete on DAG Run:example_branch_dop_operator_v3
[2025-03-24T21:49:49.156+0800] {logging_mixin.py:190} INFO - [2025-03-24T21:49:49.156+0800] {override.py:1912} INFO - Created Permission View: menu access on DAG Run:example_branch_dop_operator_v3
[2025-03-24T21:49:49.158+0800] {logging_mixin.py:190} INFO - [2025-03-24T21:49:49.158+0800] {override.py:1912} INFO - Created Permission View: can read on DAG Run:example_branch_dop_operator_v3
[2025-03-24T21:49:49.160+0800] {logging_mixin.py:190} INFO - [2025-03-24T21:49:49.159+0800] {override.py:1912} INFO - Created Permission View: can create on DAG Run:example_branch_dop_operator_v3
[2025-03-24T21:49:49.160+0800] {logging_mixin.py:190} INFO - [2025-03-24T21:49:49.160+0800] {dag.py:3239} INFO - Sync 1 DAGs
[2025-03-24T21:49:49.163+0800] {logging_mixin.py:190} INFO - [2025-03-24T21:49:49.163+0800] {dag.py:3262} INFO - Creating ORM DAG for example_branch_dop_operator_v3
[2025-03-24T21:49:49.167+0800] {logging_mixin.py:190} INFO - [2025-03-24T21:49:49.167+0800] {dag.py:4180} INFO - Setting next_dagrun for example_branch_dop_operator_v3 to 2025-03-24 13:48:00+00:00, run_after=2025-03-24 13:49:00+00:00
[2025-03-24T21:49:49.174+0800] {processor.py:208} INFO - Processing /Users/dionneleow/IS3107/IS3107-group11/backend/venv/lib/python3.12/site-packages/airflow/example_dags/example_branch_python_dop_operator_3.py took 0.134 seconds
[2025-03-24T21:52:16.698+0800] {processor.py:186} INFO - Started process (PID=64462) to work on /Users/dionneleow/IS3107/IS3107-group11/backend/venv/lib/python3.12/site-packages/airflow/example_dags/example_branch_python_dop_operator_3.py
[2025-03-24T21:52:16.699+0800] {processor.py:914} INFO - Processing file /Users/dionneleow/IS3107/IS3107-group11/backend/venv/lib/python3.12/site-packages/airflow/example_dags/example_branch_python_dop_operator_3.py for tasks to queue
[2025-03-24T21:52:16.699+0800] {logging_mixin.py:190} INFO - [2025-03-24T21:52:16.699+0800] {dagbag.py:588} INFO - Filling up the DagBag from /Users/dionneleow/IS3107/IS3107-group11/backend/venv/lib/python3.12/site-packages/airflow/example_dags/example_branch_python_dop_operator_3.py
[2025-03-24T21:52:16.713+0800] {processor.py:925} INFO - DAG(s) 'example_branch_dop_operator_v3' retrieved from /Users/dionneleow/IS3107/IS3107-group11/backend/venv/lib/python3.12/site-packages/airflow/example_dags/example_branch_python_dop_operator_3.py
[2025-03-24T21:52:16.774+0800] {logging_mixin.py:190} INFO - [2025-03-24T21:52:16.774+0800] {dag.py:3239} INFO - Sync 1 DAGs
[2025-03-24T21:52:16.781+0800] {logging_mixin.py:190} INFO - [2025-03-24T21:52:16.781+0800] {dag.py:4180} INFO - Setting next_dagrun for example_branch_dop_operator_v3 to 2025-03-24 13:51:00+00:00, run_after=2025-03-24 13:52:00+00:00
[2025-03-24T21:52:16.788+0800] {processor.py:208} INFO - Processing /Users/dionneleow/IS3107/IS3107-group11/backend/venv/lib/python3.12/site-packages/airflow/example_dags/example_branch_python_dop_operator_3.py took 0.091 seconds
[2025-03-24T21:54:31.961+0800] {processor.py:186} INFO - Started process (PID=65279) to work on /Users/dionneleow/IS3107/IS3107-group11/backend/venv/lib/python3.12/site-packages/airflow/example_dags/example_branch_python_dop_operator_3.py
[2025-03-24T21:54:31.961+0800] {processor.py:914} INFO - Processing file /Users/dionneleow/IS3107/IS3107-group11/backend/venv/lib/python3.12/site-packages/airflow/example_dags/example_branch_python_dop_operator_3.py for tasks to queue
[2025-03-24T21:54:31.962+0800] {logging_mixin.py:190} INFO - [2025-03-24T21:54:31.962+0800] {dagbag.py:588} INFO - Filling up the DagBag from /Users/dionneleow/IS3107/IS3107-group11/backend/venv/lib/python3.12/site-packages/airflow/example_dags/example_branch_python_dop_operator_3.py
[2025-03-24T21:54:31.979+0800] {processor.py:925} INFO - DAG(s) 'example_branch_dop_operator_v3' retrieved from /Users/dionneleow/IS3107/IS3107-group11/backend/venv/lib/python3.12/site-packages/airflow/example_dags/example_branch_python_dop_operator_3.py
[2025-03-24T21:54:32.037+0800] {logging_mixin.py:190} INFO - [2025-03-24T21:54:32.037+0800] {dag.py:3239} INFO - Sync 1 DAGs
[2025-03-24T21:54:32.044+0800] {logging_mixin.py:190} INFO - [2025-03-24T21:54:32.044+0800] {dag.py:4180} INFO - Setting next_dagrun for example_branch_dop_operator_v3 to 2025-03-24 13:53:00+00:00, run_after=2025-03-24 13:54:00+00:00
[2025-03-24T21:54:32.054+0800] {processor.py:208} INFO - Processing /Users/dionneleow/IS3107/IS3107-group11/backend/venv/lib/python3.12/site-packages/airflow/example_dags/example_branch_python_dop_operator_3.py took 0.095 seconds
[2025-03-24T21:56:51.957+0800] {processor.py:186} INFO - Started process (PID=66160) to work on /Users/dionneleow/IS3107/IS3107-group11/backend/venv/lib/python3.12/site-packages/airflow/example_dags/example_branch_python_dop_operator_3.py
[2025-03-24T21:56:51.958+0800] {processor.py:914} INFO - Processing file /Users/dionneleow/IS3107/IS3107-group11/backend/venv/lib/python3.12/site-packages/airflow/example_dags/example_branch_python_dop_operator_3.py for tasks to queue
[2025-03-24T21:56:51.959+0800] {logging_mixin.py:190} INFO - [2025-03-24T21:56:51.959+0800] {dagbag.py:588} INFO - Filling up the DagBag from /Users/dionneleow/IS3107/IS3107-group11/backend/venv/lib/python3.12/site-packages/airflow/example_dags/example_branch_python_dop_operator_3.py
[2025-03-24T21:56:51.973+0800] {processor.py:925} INFO - DAG(s) 'example_branch_dop_operator_v3' retrieved from /Users/dionneleow/IS3107/IS3107-group11/backend/venv/lib/python3.12/site-packages/airflow/example_dags/example_branch_python_dop_operator_3.py
[2025-03-24T21:56:52.027+0800] {logging_mixin.py:190} INFO - [2025-03-24T21:56:52.026+0800] {dag.py:3239} INFO - Sync 1 DAGs
[2025-03-24T21:56:52.034+0800] {logging_mixin.py:190} INFO - [2025-03-24T21:56:52.034+0800] {dag.py:4180} INFO - Setting next_dagrun for example_branch_dop_operator_v3 to 2025-03-24 13:55:00+00:00, run_after=2025-03-24 13:56:00+00:00
[2025-03-24T21:56:52.043+0800] {processor.py:208} INFO - Processing /Users/dionneleow/IS3107/IS3107-group11/backend/venv/lib/python3.12/site-packages/airflow/example_dags/example_branch_python_dop_operator_3.py took 0.087 seconds
[2025-03-24T21:59:09.860+0800] {processor.py:186} INFO - Started process (PID=67007) to work on /Users/dionneleow/IS3107/IS3107-group11/backend/venv/lib/python3.12/site-packages/airflow/example_dags/example_branch_python_dop_operator_3.py
[2025-03-24T21:59:09.862+0800] {processor.py:914} INFO - Processing file /Users/dionneleow/IS3107/IS3107-group11/backend/venv/lib/python3.12/site-packages/airflow/example_dags/example_branch_python_dop_operator_3.py for tasks to queue
[2025-03-24T21:59:09.863+0800] {logging_mixin.py:190} INFO - [2025-03-24T21:59:09.863+0800] {dagbag.py:588} INFO - Filling up the DagBag from /Users/dionneleow/IS3107/IS3107-group11/backend/venv/lib/python3.12/site-packages/airflow/example_dags/example_branch_python_dop_operator_3.py
[2025-03-24T21:59:09.880+0800] {processor.py:925} INFO - DAG(s) 'example_branch_dop_operator_v3' retrieved from /Users/dionneleow/IS3107/IS3107-group11/backend/venv/lib/python3.12/site-packages/airflow/example_dags/example_branch_python_dop_operator_3.py
[2025-03-24T21:59:09.937+0800] {logging_mixin.py:190} INFO - [2025-03-24T21:59:09.937+0800] {dag.py:3239} INFO - Sync 1 DAGs
[2025-03-24T21:59:09.945+0800] {logging_mixin.py:190} INFO - [2025-03-24T21:59:09.945+0800] {dag.py:4180} INFO - Setting next_dagrun for example_branch_dop_operator_v3 to 2025-03-24 13:58:00+00:00, run_after=2025-03-24 13:59:00+00:00
[2025-03-24T21:59:09.951+0800] {processor.py:208} INFO - Processing /Users/dionneleow/IS3107/IS3107-group11/backend/venv/lib/python3.12/site-packages/airflow/example_dags/example_branch_python_dop_operator_3.py took 0.092 seconds
[2025-03-24T22:01:13.868+0800] {processor.py:186} INFO - Started process (PID=67735) to work on /Users/dionneleow/IS3107/IS3107-group11/backend/venv/lib/python3.12/site-packages/airflow/example_dags/example_branch_python_dop_operator_3.py
[2025-03-24T22:01:13.870+0800] {processor.py:914} INFO - Processing file /Users/dionneleow/IS3107/IS3107-group11/backend/venv/lib/python3.12/site-packages/airflow/example_dags/example_branch_python_dop_operator_3.py for tasks to queue
[2025-03-24T22:01:13.870+0800] {logging_mixin.py:190} INFO - [2025-03-24T22:01:13.870+0800] {dagbag.py:588} INFO - Filling up the DagBag from /Users/dionneleow/IS3107/IS3107-group11/backend/venv/lib/python3.12/site-packages/airflow/example_dags/example_branch_python_dop_operator_3.py
[2025-03-24T22:01:13.884+0800] {processor.py:925} INFO - DAG(s) 'example_branch_dop_operator_v3' retrieved from /Users/dionneleow/IS3107/IS3107-group11/backend/venv/lib/python3.12/site-packages/airflow/example_dags/example_branch_python_dop_operator_3.py
[2025-03-24T22:01:13.940+0800] {logging_mixin.py:190} INFO - [2025-03-24T22:01:13.940+0800] {dag.py:3239} INFO - Sync 1 DAGs
[2025-03-24T22:01:13.948+0800] {logging_mixin.py:190} INFO - [2025-03-24T22:01:13.948+0800] {dag.py:4180} INFO - Setting next_dagrun for example_branch_dop_operator_v3 to 2025-03-24 14:00:00+00:00, run_after=2025-03-24 14:01:00+00:00
[2025-03-24T22:01:13.954+0800] {processor.py:208} INFO - Processing /Users/dionneleow/IS3107/IS3107-group11/backend/venv/lib/python3.12/site-packages/airflow/example_dags/example_branch_python_dop_operator_3.py took 0.087 seconds
[2025-03-24T22:03:27.348+0800] {processor.py:186} INFO - Started process (PID=68554) to work on /Users/dionneleow/IS3107/IS3107-group11/backend/venv/lib/python3.12/site-packages/airflow/example_dags/example_branch_python_dop_operator_3.py
[2025-03-24T22:03:27.348+0800] {processor.py:914} INFO - Processing file /Users/dionneleow/IS3107/IS3107-group11/backend/venv/lib/python3.12/site-packages/airflow/example_dags/example_branch_python_dop_operator_3.py for tasks to queue
[2025-03-24T22:03:27.349+0800] {logging_mixin.py:190} INFO - [2025-03-24T22:03:27.349+0800] {dagbag.py:588} INFO - Filling up the DagBag from /Users/dionneleow/IS3107/IS3107-group11/backend/venv/lib/python3.12/site-packages/airflow/example_dags/example_branch_python_dop_operator_3.py
[2025-03-24T22:03:27.362+0800] {processor.py:925} INFO - DAG(s) 'example_branch_dop_operator_v3' retrieved from /Users/dionneleow/IS3107/IS3107-group11/backend/venv/lib/python3.12/site-packages/airflow/example_dags/example_branch_python_dop_operator_3.py
[2025-03-24T22:03:27.415+0800] {logging_mixin.py:190} INFO - [2025-03-24T22:03:27.415+0800] {dag.py:3239} INFO - Sync 1 DAGs
[2025-03-24T22:03:27.422+0800] {logging_mixin.py:190} INFO - [2025-03-24T22:03:27.422+0800] {dag.py:4180} INFO - Setting next_dagrun for example_branch_dop_operator_v3 to 2025-03-24 14:02:00+00:00, run_after=2025-03-24 14:03:00+00:00
[2025-03-24T22:03:27.428+0800] {processor.py:208} INFO - Processing /Users/dionneleow/IS3107/IS3107-group11/backend/venv/lib/python3.12/site-packages/airflow/example_dags/example_branch_python_dop_operator_3.py took 0.082 seconds
[2025-03-24T22:05:39.924+0800] {processor.py:186} INFO - Started process (PID=69255) to work on /Users/dionneleow/IS3107/IS3107-group11/backend/venv/lib/python3.12/site-packages/airflow/example_dags/example_branch_python_dop_operator_3.py
[2025-03-24T22:05:39.925+0800] {processor.py:914} INFO - Processing file /Users/dionneleow/IS3107/IS3107-group11/backend/venv/lib/python3.12/site-packages/airflow/example_dags/example_branch_python_dop_operator_3.py for tasks to queue
[2025-03-24T22:05:39.925+0800] {logging_mixin.py:190} INFO - [2025-03-24T22:05:39.925+0800] {dagbag.py:588} INFO - Filling up the DagBag from /Users/dionneleow/IS3107/IS3107-group11/backend/venv/lib/python3.12/site-packages/airflow/example_dags/example_branch_python_dop_operator_3.py
[2025-03-24T22:05:39.939+0800] {processor.py:925} INFO - DAG(s) 'example_branch_dop_operator_v3' retrieved from /Users/dionneleow/IS3107/IS3107-group11/backend/venv/lib/python3.12/site-packages/airflow/example_dags/example_branch_python_dop_operator_3.py
[2025-03-24T22:05:39.992+0800] {logging_mixin.py:190} INFO - [2025-03-24T22:05:39.992+0800] {dag.py:3239} INFO - Sync 1 DAGs
[2025-03-24T22:05:40.000+0800] {logging_mixin.py:190} INFO - [2025-03-24T22:05:40.000+0800] {dag.py:4180} INFO - Setting next_dagrun for example_branch_dop_operator_v3 to 2025-03-24 14:04:00+00:00, run_after=2025-03-24 14:05:00+00:00
[2025-03-24T22:05:40.008+0800] {processor.py:208} INFO - Processing /Users/dionneleow/IS3107/IS3107-group11/backend/venv/lib/python3.12/site-packages/airflow/example_dags/example_branch_python_dop_operator_3.py took 0.085 seconds
[2025-03-24T22:08:01.583+0800] {processor.py:186} INFO - Started process (PID=70021) to work on /Users/dionneleow/IS3107/IS3107-group11/backend/venv/lib/python3.12/site-packages/airflow/example_dags/example_branch_python_dop_operator_3.py
[2025-03-24T22:08:01.584+0800] {processor.py:914} INFO - Processing file /Users/dionneleow/IS3107/IS3107-group11/backend/venv/lib/python3.12/site-packages/airflow/example_dags/example_branch_python_dop_operator_3.py for tasks to queue
[2025-03-24T22:08:01.584+0800] {logging_mixin.py:190} INFO - [2025-03-24T22:08:01.584+0800] {dagbag.py:588} INFO - Filling up the DagBag from /Users/dionneleow/IS3107/IS3107-group11/backend/venv/lib/python3.12/site-packages/airflow/example_dags/example_branch_python_dop_operator_3.py
[2025-03-24T22:08:01.598+0800] {processor.py:925} INFO - DAG(s) 'example_branch_dop_operator_v3' retrieved from /Users/dionneleow/IS3107/IS3107-group11/backend/venv/lib/python3.12/site-packages/airflow/example_dags/example_branch_python_dop_operator_3.py
[2025-03-24T22:08:01.654+0800] {logging_mixin.py:190} INFO - [2025-03-24T22:08:01.654+0800] {dag.py:3239} INFO - Sync 1 DAGs
[2025-03-24T22:08:01.661+0800] {logging_mixin.py:190} INFO - [2025-03-24T22:08:01.661+0800] {dag.py:4180} INFO - Setting next_dagrun for example_branch_dop_operator_v3 to 2025-03-24 14:07:00+00:00, run_after=2025-03-24 14:08:00+00:00
[2025-03-24T22:08:01.667+0800] {processor.py:208} INFO - Processing /Users/dionneleow/IS3107/IS3107-group11/backend/venv/lib/python3.12/site-packages/airflow/example_dags/example_branch_python_dop_operator_3.py took 0.085 seconds
