[2025-03-24T21:47:59.444+0800] {processor.py:186} INFO - Started process (PID=62601) to work on /Users/dionneleow/IS3107/IS3107-group11/backend/venv/lib/python3.12/site-packages/airflow/example_dags/example_short_circuit_operator.py
[2025-03-24T21:47:59.445+0800] {processor.py:914} INFO - Processing file /Users/dionneleow/IS3107/IS3107-group11/backend/venv/lib/python3.12/site-packages/airflow/example_dags/example_short_circuit_operator.py for tasks to queue
[2025-03-24T21:47:59.445+0800] {logging_mixin.py:190} INFO - [2025-03-24T21:47:59.445+0800] {dagbag.py:588} INFO - Filling up the DagBag from /Users/dionneleow/IS3107/IS3107-group11/backend/venv/lib/python3.12/site-packages/airflow/example_dags/example_short_circuit_operator.py
[2025-03-24T21:47:59.459+0800] {processor.py:925} INFO - DAG(s) 'example_short_circuit_operator' retrieved from /Users/dionneleow/IS3107/IS3107-group11/backend/venv/lib/python3.12/site-packages/airflow/example_dags/example_short_circuit_operator.py
[2025-03-24T21:47:59.562+0800] {logging_mixin.py:190} INFO - [2025-03-24T21:47:59.561+0800] {override.py:1912} INFO - Created Permission View: can delete on DAG:example_short_circuit_operator
[2025-03-24T21:47:59.565+0800] {logging_mixin.py:190} INFO - [2025-03-24T21:47:59.565+0800] {override.py:1912} INFO - Created Permission View: can read on DAG:example_short_circuit_operator
[2025-03-24T21:47:59.567+0800] {logging_mixin.py:190} INFO - [2025-03-24T21:47:59.567+0800] {override.py:1912} INFO - Created Permission View: can edit on DAG:example_short_circuit_operator
[2025-03-24T21:47:59.570+0800] {logging_mixin.py:190} INFO - [2025-03-24T21:47:59.570+0800] {override.py:1912} INFO - Created Permission View: can delete on DAG Run:example_short_circuit_operator
[2025-03-24T21:47:59.572+0800] {logging_mixin.py:190} INFO - [2025-03-24T21:47:59.572+0800] {override.py:1912} INFO - Created Permission View: can read on DAG Run:example_short_circuit_operator
[2025-03-24T21:47:59.574+0800] {logging_mixin.py:190} INFO - [2025-03-24T21:47:59.574+0800] {override.py:1912} INFO - Created Permission View: can create on DAG Run:example_short_circuit_operator
[2025-03-24T21:47:59.577+0800] {logging_mixin.py:190} INFO - [2025-03-24T21:47:59.577+0800] {override.py:1912} INFO - Created Permission View: menu access on DAG Run:example_short_circuit_operator
[2025-03-24T21:47:59.577+0800] {logging_mixin.py:190} INFO - [2025-03-24T21:47:59.577+0800] {dag.py:3239} INFO - Sync 1 DAGs
[2025-03-24T21:47:59.581+0800] {logging_mixin.py:190} INFO - [2025-03-24T21:47:59.581+0800] {dag.py:3262} INFO - Creating ORM DAG for example_short_circuit_operator
[2025-03-24T21:47:59.581+0800] {logging_mixin.py:190} INFO - [2025-03-24T21:47:59.581+0800] {dag.py:4180} INFO - Setting next_dagrun for example_short_circuit_operator to None, run_after=None
[2025-03-24T21:47:59.589+0800] {processor.py:208} INFO - Processing /Users/dionneleow/IS3107/IS3107-group11/backend/venv/lib/python3.12/site-packages/airflow/example_dags/example_short_circuit_operator.py took 0.146 seconds
[2025-03-24T21:48:54.753+0800] {processor.py:186} INFO - Started process (PID=63060) to work on /Users/dionneleow/IS3107/IS3107-group11/backend/venv/lib/python3.12/site-packages/airflow/example_dags/example_short_circuit_operator.py
[2025-03-24T21:48:54.754+0800] {processor.py:914} INFO - Processing file /Users/dionneleow/IS3107/IS3107-group11/backend/venv/lib/python3.12/site-packages/airflow/example_dags/example_short_circuit_operator.py for tasks to queue
[2025-03-24T21:48:54.757+0800] {logging_mixin.py:190} INFO - [2025-03-24T21:48:54.757+0800] {dagbag.py:588} INFO - Filling up the DagBag from /Users/dionneleow/IS3107/IS3107-group11/backend/venv/lib/python3.12/site-packages/airflow/example_dags/example_short_circuit_operator.py
[2025-03-24T21:48:54.773+0800] {processor.py:925} INFO - DAG(s) 'example_short_circuit_operator' retrieved from /Users/dionneleow/IS3107/IS3107-group11/backend/venv/lib/python3.12/site-packages/airflow/example_dags/example_short_circuit_operator.py
[2025-03-24T21:48:54.862+0800] {logging_mixin.py:190} INFO - [2025-03-24T21:48:54.862+0800] {dag.py:3239} INFO - Sync 1 DAGs
[2025-03-24T21:48:54.920+0800] {logging_mixin.py:190} INFO - [2025-03-24T21:48:54.920+0800] {dag.py:4180} INFO - Setting next_dagrun for example_short_circuit_operator to None, run_after=None
[2025-03-24T21:48:54.930+0800] {processor.py:208} INFO - Processing /Users/dionneleow/IS3107/IS3107-group11/backend/venv/lib/python3.12/site-packages/airflow/example_dags/example_short_circuit_operator.py took 0.179 seconds
[2025-03-24T21:50:45.805+0800] {processor.py:186} INFO - Started process (PID=63892) to work on /Users/dionneleow/IS3107/IS3107-group11/backend/venv/lib/python3.12/site-packages/airflow/example_dags/example_short_circuit_operator.py
[2025-03-24T21:50:45.807+0800] {processor.py:914} INFO - Processing file /Users/dionneleow/IS3107/IS3107-group11/backend/venv/lib/python3.12/site-packages/airflow/example_dags/example_short_circuit_operator.py for tasks to queue
[2025-03-24T21:50:45.808+0800] {logging_mixin.py:190} INFO - [2025-03-24T21:50:45.808+0800] {dagbag.py:588} INFO - Filling up the DagBag from /Users/dionneleow/IS3107/IS3107-group11/backend/venv/lib/python3.12/site-packages/airflow/example_dags/example_short_circuit_operator.py
[2025-03-24T21:50:45.820+0800] {processor.py:925} INFO - DAG(s) 'example_short_circuit_operator' retrieved from /Users/dionneleow/IS3107/IS3107-group11/backend/venv/lib/python3.12/site-packages/airflow/example_dags/example_short_circuit_operator.py
[2025-03-24T21:50:45.852+0800] {logging_mixin.py:190} INFO - [2025-03-24T21:50:45.852+0800] {dag.py:3239} INFO - Sync 1 DAGs
[2025-03-24T21:50:45.883+0800] {logging_mixin.py:190} INFO - [2025-03-24T21:50:45.883+0800] {dag.py:4180} INFO - Setting next_dagrun for example_short_circuit_operator to None, run_after=None
[2025-03-24T21:50:45.891+0800] {processor.py:208} INFO - Processing /Users/dionneleow/IS3107/IS3107-group11/backend/venv/lib/python3.12/site-packages/airflow/example_dags/example_short_circuit_operator.py took 0.088 seconds
[2025-03-24T21:52:00.746+0800] {processor.py:186} INFO - Started process (PID=64363) to work on /Users/dionneleow/IS3107/IS3107-group11/backend/venv/lib/python3.12/site-packages/airflow/example_dags/example_short_circuit_operator.py
[2025-03-24T21:52:00.747+0800] {processor.py:914} INFO - Processing file /Users/dionneleow/IS3107/IS3107-group11/backend/venv/lib/python3.12/site-packages/airflow/example_dags/example_short_circuit_operator.py for tasks to queue
[2025-03-24T21:52:00.748+0800] {logging_mixin.py:190} INFO - [2025-03-24T21:52:00.748+0800] {dagbag.py:588} INFO - Filling up the DagBag from /Users/dionneleow/IS3107/IS3107-group11/backend/venv/lib/python3.12/site-packages/airflow/example_dags/example_short_circuit_operator.py
[2025-03-24T21:52:00.758+0800] {processor.py:925} INFO - DAG(s) 'example_short_circuit_operator' retrieved from /Users/dionneleow/IS3107/IS3107-group11/backend/venv/lib/python3.12/site-packages/airflow/example_dags/example_short_circuit_operator.py
[2025-03-24T21:52:00.790+0800] {logging_mixin.py:190} INFO - [2025-03-24T21:52:00.790+0800] {dag.py:3239} INFO - Sync 1 DAGs
[2025-03-24T21:52:00.821+0800] {logging_mixin.py:190} INFO - [2025-03-24T21:52:00.821+0800] {dag.py:4180} INFO - Setting next_dagrun for example_short_circuit_operator to None, run_after=None
[2025-03-24T21:52:00.829+0800] {processor.py:208} INFO - Processing /Users/dionneleow/IS3107/IS3107-group11/backend/venv/lib/python3.12/site-packages/airflow/example_dags/example_short_circuit_operator.py took 0.085 seconds
[2025-03-24T21:54:14.129+0800] {processor.py:186} INFO - Started process (PID=65176) to work on /Users/dionneleow/IS3107/IS3107-group11/backend/venv/lib/python3.12/site-packages/airflow/example_dags/example_short_circuit_operator.py
[2025-03-24T21:54:14.129+0800] {processor.py:914} INFO - Processing file /Users/dionneleow/IS3107/IS3107-group11/backend/venv/lib/python3.12/site-packages/airflow/example_dags/example_short_circuit_operator.py for tasks to queue
[2025-03-24T21:54:14.130+0800] {logging_mixin.py:190} INFO - [2025-03-24T21:54:14.130+0800] {dagbag.py:588} INFO - Filling up the DagBag from /Users/dionneleow/IS3107/IS3107-group11/backend/venv/lib/python3.12/site-packages/airflow/example_dags/example_short_circuit_operator.py
[2025-03-24T21:54:14.140+0800] {processor.py:925} INFO - DAG(s) 'example_short_circuit_operator' retrieved from /Users/dionneleow/IS3107/IS3107-group11/backend/venv/lib/python3.12/site-packages/airflow/example_dags/example_short_circuit_operator.py
[2025-03-24T21:54:14.210+0800] {logging_mixin.py:190} INFO - [2025-03-24T21:54:14.209+0800] {dag.py:3239} INFO - Sync 1 DAGs
[2025-03-24T21:54:14.239+0800] {logging_mixin.py:190} INFO - [2025-03-24T21:54:14.239+0800] {dag.py:4180} INFO - Setting next_dagrun for example_short_circuit_operator to None, run_after=None
[2025-03-24T21:54:14.245+0800] {processor.py:208} INFO - Processing /Users/dionneleow/IS3107/IS3107-group11/backend/venv/lib/python3.12/site-packages/airflow/example_dags/example_short_circuit_operator.py took 0.118 seconds
[2025-03-24T21:55:24.125+0800] {processor.py:186} INFO - Started process (PID=65631) to work on /Users/dionneleow/IS3107/IS3107-group11/backend/venv/lib/python3.12/site-packages/airflow/example_dags/example_short_circuit_operator.py
[2025-03-24T21:55:24.126+0800] {processor.py:914} INFO - Processing file /Users/dionneleow/IS3107/IS3107-group11/backend/venv/lib/python3.12/site-packages/airflow/example_dags/example_short_circuit_operator.py for tasks to queue
[2025-03-24T21:55:24.126+0800] {logging_mixin.py:190} INFO - [2025-03-24T21:55:24.126+0800] {dagbag.py:588} INFO - Filling up the DagBag from /Users/dionneleow/IS3107/IS3107-group11/backend/venv/lib/python3.12/site-packages/airflow/example_dags/example_short_circuit_operator.py
[2025-03-24T21:55:24.135+0800] {processor.py:925} INFO - DAG(s) 'example_short_circuit_operator' retrieved from /Users/dionneleow/IS3107/IS3107-group11/backend/venv/lib/python3.12/site-packages/airflow/example_dags/example_short_circuit_operator.py
[2025-03-24T21:55:24.167+0800] {logging_mixin.py:190} INFO - [2025-03-24T21:55:24.166+0800] {dag.py:3239} INFO - Sync 1 DAGs
[2025-03-24T21:55:24.194+0800] {logging_mixin.py:190} INFO - [2025-03-24T21:55:24.194+0800] {dag.py:4180} INFO - Setting next_dagrun for example_short_circuit_operator to None, run_after=None
[2025-03-24T21:55:24.203+0800] {processor.py:208} INFO - Processing /Users/dionneleow/IS3107/IS3107-group11/backend/venv/lib/python3.12/site-packages/airflow/example_dags/example_short_circuit_operator.py took 0.079 seconds
[2025-03-24T21:56:34.301+0800] {processor.py:186} INFO - Started process (PID=66049) to work on /Users/dionneleow/IS3107/IS3107-group11/backend/venv/lib/python3.12/site-packages/airflow/example_dags/example_short_circuit_operator.py
[2025-03-24T21:56:34.302+0800] {processor.py:914} INFO - Processing file /Users/dionneleow/IS3107/IS3107-group11/backend/venv/lib/python3.12/site-packages/airflow/example_dags/example_short_circuit_operator.py for tasks to queue
[2025-03-24T21:56:34.302+0800] {logging_mixin.py:190} INFO - [2025-03-24T21:56:34.302+0800] {dagbag.py:588} INFO - Filling up the DagBag from /Users/dionneleow/IS3107/IS3107-group11/backend/venv/lib/python3.12/site-packages/airflow/example_dags/example_short_circuit_operator.py
[2025-03-24T21:56:34.312+0800] {processor.py:925} INFO - DAG(s) 'example_short_circuit_operator' retrieved from /Users/dionneleow/IS3107/IS3107-group11/backend/venv/lib/python3.12/site-packages/airflow/example_dags/example_short_circuit_operator.py
[2025-03-24T21:56:34.345+0800] {logging_mixin.py:190} INFO - [2025-03-24T21:56:34.344+0800] {dag.py:3239} INFO - Sync 1 DAGs
[2025-03-24T21:56:34.376+0800] {logging_mixin.py:190} INFO - [2025-03-24T21:56:34.376+0800] {dag.py:4180} INFO - Setting next_dagrun for example_short_circuit_operator to None, run_after=None
[2025-03-24T21:56:34.382+0800] {processor.py:208} INFO - Processing /Users/dionneleow/IS3107/IS3107-group11/backend/venv/lib/python3.12/site-packages/airflow/example_dags/example_short_circuit_operator.py took 0.083 seconds
