[2025-03-24T21:47:36.667+0800] {processor.py:186} INFO - Started process (PID=62471) to work on /Users/dionneleow/IS3107/IS3107-group11/backend/venv/lib/python3.12/site-packages/airflow/example_dags/example_time_delta_sensor_async.py
[2025-03-24T21:47:36.668+0800] {processor.py:914} INFO - Processing file /Users/dionneleow/IS3107/IS3107-group11/backend/venv/lib/python3.12/site-packages/airflow/example_dags/example_time_delta_sensor_async.py for tasks to queue
[2025-03-24T21:47:36.670+0800] {logging_mixin.py:190} INFO - [2025-03-24T21:47:36.670+0800] {dagbag.py:588} INFO - Filling up the DagBag from /Users/dionneleow/IS3107/IS3107-group11/backend/venv/lib/python3.12/site-packages/airflow/example_dags/example_time_delta_sensor_async.py
[2025-03-24T21:47:36.704+0800] {processor.py:925} INFO - DAG(s) 'example_time_delta_sensor_async' retrieved from /Users/dionneleow/IS3107/IS3107-group11/backend/venv/lib/python3.12/site-packages/airflow/example_dags/example_time_delta_sensor_async.py
[2025-03-24T21:47:36.777+0800] {logging_mixin.py:190} INFO - [2025-03-24T21:47:36.776+0800] {workday.py:41} WARNING - Could not import pandas. Holidays will not be considered.
[2025-03-24T21:47:36.935+0800] {logging_mixin.py:190} INFO - [2025-03-24T21:47:36.935+0800] {override.py:1912} INFO - Created Permission View: can read on DAG:example_time_delta_sensor_async
[2025-03-24T21:47:36.942+0800] {logging_mixin.py:190} INFO - [2025-03-24T21:47:36.941+0800] {override.py:1912} INFO - Created Permission View: can delete on DAG:example_time_delta_sensor_async
[2025-03-24T21:47:36.945+0800] {logging_mixin.py:190} INFO - [2025-03-24T21:47:36.945+0800] {override.py:1912} INFO - Created Permission View: can edit on DAG:example_time_delta_sensor_async
[2025-03-24T21:47:36.948+0800] {logging_mixin.py:190} INFO - [2025-03-24T21:47:36.948+0800] {override.py:1912} INFO - Created Permission View: can read on DAG Run:example_time_delta_sensor_async
[2025-03-24T21:47:36.950+0800] {logging_mixin.py:190} INFO - [2025-03-24T21:47:36.950+0800] {override.py:1912} INFO - Created Permission View: can create on DAG Run:example_time_delta_sensor_async
[2025-03-24T21:47:36.955+0800] {logging_mixin.py:190} INFO - [2025-03-24T21:47:36.954+0800] {override.py:1912} INFO - Created Permission View: can delete on DAG Run:example_time_delta_sensor_async
[2025-03-24T21:47:36.959+0800] {logging_mixin.py:190} INFO - [2025-03-24T21:47:36.959+0800] {override.py:1912} INFO - Created Permission View: menu access on DAG Run:example_time_delta_sensor_async
[2025-03-24T21:47:36.959+0800] {logging_mixin.py:190} INFO - [2025-03-24T21:47:36.959+0800] {dag.py:3239} INFO - Sync 1 DAGs
[2025-03-24T21:47:36.965+0800] {logging_mixin.py:190} INFO - [2025-03-24T21:47:36.965+0800] {dag.py:3262} INFO - Creating ORM DAG for example_time_delta_sensor_async
[2025-03-24T21:47:36.966+0800] {logging_mixin.py:190} INFO - [2025-03-24T21:47:36.966+0800] {dag.py:4180} INFO - Setting next_dagrun for example_time_delta_sensor_async to None, run_after=None
[2025-03-24T21:47:36.985+0800] {processor.py:208} INFO - Processing /Users/dionneleow/IS3107/IS3107-group11/backend/venv/lib/python3.12/site-packages/airflow/example_dags/example_time_delta_sensor_async.py took 0.360 seconds
[2025-03-24T21:48:43.970+0800] {processor.py:186} INFO - Started process (PID=62979) to work on /Users/dionneleow/IS3107/IS3107-group11/backend/venv/lib/python3.12/site-packages/airflow/example_dags/example_time_delta_sensor_async.py
[2025-03-24T21:48:43.971+0800] {processor.py:914} INFO - Processing file /Users/dionneleow/IS3107/IS3107-group11/backend/venv/lib/python3.12/site-packages/airflow/example_dags/example_time_delta_sensor_async.py for tasks to queue
[2025-03-24T21:48:43.972+0800] {logging_mixin.py:190} INFO - [2025-03-24T21:48:43.972+0800] {dagbag.py:588} INFO - Filling up the DagBag from /Users/dionneleow/IS3107/IS3107-group11/backend/venv/lib/python3.12/site-packages/airflow/example_dags/example_time_delta_sensor_async.py
[2025-03-24T21:48:43.976+0800] {processor.py:925} INFO - DAG(s) 'example_time_delta_sensor_async' retrieved from /Users/dionneleow/IS3107/IS3107-group11/backend/venv/lib/python3.12/site-packages/airflow/example_dags/example_time_delta_sensor_async.py
[2025-03-24T21:48:44.014+0800] {logging_mixin.py:190} INFO - [2025-03-24T21:48:44.013+0800] {workday.py:41} WARNING - Could not import pandas. Holidays will not be considered.
[2025-03-24T21:48:44.021+0800] {logging_mixin.py:190} INFO - [2025-03-24T21:48:44.021+0800] {dag.py:3239} INFO - Sync 1 DAGs
[2025-03-24T21:48:44.027+0800] {logging_mixin.py:190} INFO - [2025-03-24T21:48:44.027+0800] {dag.py:4180} INFO - Setting next_dagrun for example_time_delta_sensor_async to None, run_after=None
[2025-03-24T21:48:44.037+0800] {processor.py:208} INFO - Processing /Users/dionneleow/IS3107/IS3107-group11/backend/venv/lib/python3.12/site-packages/airflow/example_dags/example_time_delta_sensor_async.py took 0.069 seconds
[2025-03-24T21:50:34.224+0800] {processor.py:186} INFO - Started process (PID=63792) to work on /Users/dionneleow/IS3107/IS3107-group11/backend/venv/lib/python3.12/site-packages/airflow/example_dags/example_time_delta_sensor_async.py
[2025-03-24T21:50:34.224+0800] {processor.py:914} INFO - Processing file /Users/dionneleow/IS3107/IS3107-group11/backend/venv/lib/python3.12/site-packages/airflow/example_dags/example_time_delta_sensor_async.py for tasks to queue
[2025-03-24T21:50:34.225+0800] {logging_mixin.py:190} INFO - [2025-03-24T21:50:34.225+0800] {dagbag.py:588} INFO - Filling up the DagBag from /Users/dionneleow/IS3107/IS3107-group11/backend/venv/lib/python3.12/site-packages/airflow/example_dags/example_time_delta_sensor_async.py
[2025-03-24T21:50:34.228+0800] {processor.py:925} INFO - DAG(s) 'example_time_delta_sensor_async' retrieved from /Users/dionneleow/IS3107/IS3107-group11/backend/venv/lib/python3.12/site-packages/airflow/example_dags/example_time_delta_sensor_async.py
[2025-03-24T21:50:34.261+0800] {logging_mixin.py:190} INFO - [2025-03-24T21:50:34.261+0800] {workday.py:41} WARNING - Could not import pandas. Holidays will not be considered.
[2025-03-24T21:50:34.269+0800] {logging_mixin.py:190} INFO - [2025-03-24T21:50:34.269+0800] {dag.py:3239} INFO - Sync 1 DAGs
[2025-03-24T21:50:34.273+0800] {logging_mixin.py:190} INFO - [2025-03-24T21:50:34.273+0800] {dag.py:4180} INFO - Setting next_dagrun for example_time_delta_sensor_async to None, run_after=None
[2025-03-24T21:50:34.282+0800] {processor.py:208} INFO - Processing /Users/dionneleow/IS3107/IS3107-group11/backend/venv/lib/python3.12/site-packages/airflow/example_dags/example_time_delta_sensor_async.py took 0.060 seconds
[2025-03-24T21:51:49.261+0800] {processor.py:186} INFO - Started process (PID=64300) to work on /Users/dionneleow/IS3107/IS3107-group11/backend/venv/lib/python3.12/site-packages/airflow/example_dags/example_time_delta_sensor_async.py
[2025-03-24T21:51:49.262+0800] {processor.py:914} INFO - Processing file /Users/dionneleow/IS3107/IS3107-group11/backend/venv/lib/python3.12/site-packages/airflow/example_dags/example_time_delta_sensor_async.py for tasks to queue
[2025-03-24T21:51:49.263+0800] {logging_mixin.py:190} INFO - [2025-03-24T21:51:49.263+0800] {dagbag.py:588} INFO - Filling up the DagBag from /Users/dionneleow/IS3107/IS3107-group11/backend/venv/lib/python3.12/site-packages/airflow/example_dags/example_time_delta_sensor_async.py
[2025-03-24T21:51:49.266+0800] {processor.py:925} INFO - DAG(s) 'example_time_delta_sensor_async' retrieved from /Users/dionneleow/IS3107/IS3107-group11/backend/venv/lib/python3.12/site-packages/airflow/example_dags/example_time_delta_sensor_async.py
[2025-03-24T21:51:49.309+0800] {logging_mixin.py:190} INFO - [2025-03-24T21:51:49.309+0800] {workday.py:41} WARNING - Could not import pandas. Holidays will not be considered.
[2025-03-24T21:51:49.317+0800] {logging_mixin.py:190} INFO - [2025-03-24T21:51:49.316+0800] {dag.py:3239} INFO - Sync 1 DAGs
[2025-03-24T21:51:49.323+0800] {logging_mixin.py:190} INFO - [2025-03-24T21:51:49.322+0800] {dag.py:4180} INFO - Setting next_dagrun for example_time_delta_sensor_async to None, run_after=None
[2025-03-24T21:51:49.332+0800] {processor.py:208} INFO - Processing /Users/dionneleow/IS3107/IS3107-group11/backend/venv/lib/python3.12/site-packages/airflow/example_dags/example_time_delta_sensor_async.py took 0.073 seconds
[2025-03-24T21:52:59.393+0800] {processor.py:186} INFO - Started process (PID=64722) to work on /Users/dionneleow/IS3107/IS3107-group11/backend/venv/lib/python3.12/site-packages/airflow/example_dags/example_time_delta_sensor_async.py
[2025-03-24T21:52:59.395+0800] {processor.py:914} INFO - Processing file /Users/dionneleow/IS3107/IS3107-group11/backend/venv/lib/python3.12/site-packages/airflow/example_dags/example_time_delta_sensor_async.py for tasks to queue
[2025-03-24T21:52:59.397+0800] {logging_mixin.py:190} INFO - [2025-03-24T21:52:59.397+0800] {dagbag.py:588} INFO - Filling up the DagBag from /Users/dionneleow/IS3107/IS3107-group11/backend/venv/lib/python3.12/site-packages/airflow/example_dags/example_time_delta_sensor_async.py
[2025-03-24T21:52:59.401+0800] {processor.py:925} INFO - DAG(s) 'example_time_delta_sensor_async' retrieved from /Users/dionneleow/IS3107/IS3107-group11/backend/venv/lib/python3.12/site-packages/airflow/example_dags/example_time_delta_sensor_async.py
[2025-03-24T21:52:59.433+0800] {logging_mixin.py:190} INFO - [2025-03-24T21:52:59.433+0800] {workday.py:41} WARNING - Could not import pandas. Holidays will not be considered.
[2025-03-24T21:52:59.441+0800] {logging_mixin.py:190} INFO - [2025-03-24T21:52:59.441+0800] {dag.py:3239} INFO - Sync 1 DAGs
[2025-03-24T21:52:59.445+0800] {logging_mixin.py:190} INFO - [2025-03-24T21:52:59.445+0800] {dag.py:4180} INFO - Setting next_dagrun for example_time_delta_sensor_async to None, run_after=None
[2025-03-24T21:52:59.452+0800] {processor.py:208} INFO - Processing /Users/dionneleow/IS3107/IS3107-group11/backend/venv/lib/python3.12/site-packages/airflow/example_dags/example_time_delta_sensor_async.py took 0.061 seconds
[2025-03-24T21:54:07.050+0800] {processor.py:186} INFO - Started process (PID=65138) to work on /Users/dionneleow/IS3107/IS3107-group11/backend/venv/lib/python3.12/site-packages/airflow/example_dags/example_time_delta_sensor_async.py
[2025-03-24T21:54:07.051+0800] {processor.py:914} INFO - Processing file /Users/dionneleow/IS3107/IS3107-group11/backend/venv/lib/python3.12/site-packages/airflow/example_dags/example_time_delta_sensor_async.py for tasks to queue
[2025-03-24T21:54:07.052+0800] {logging_mixin.py:190} INFO - [2025-03-24T21:54:07.051+0800] {dagbag.py:588} INFO - Filling up the DagBag from /Users/dionneleow/IS3107/IS3107-group11/backend/venv/lib/python3.12/site-packages/airflow/example_dags/example_time_delta_sensor_async.py
[2025-03-24T21:54:07.054+0800] {processor.py:925} INFO - DAG(s) 'example_time_delta_sensor_async' retrieved from /Users/dionneleow/IS3107/IS3107-group11/backend/venv/lib/python3.12/site-packages/airflow/example_dags/example_time_delta_sensor_async.py
[2025-03-24T21:54:07.084+0800] {logging_mixin.py:190} INFO - [2025-03-24T21:54:07.084+0800] {workday.py:41} WARNING - Could not import pandas. Holidays will not be considered.
[2025-03-24T21:54:07.091+0800] {logging_mixin.py:190} INFO - [2025-03-24T21:54:07.090+0800] {dag.py:3239} INFO - Sync 1 DAGs
[2025-03-24T21:54:07.094+0800] {logging_mixin.py:190} INFO - [2025-03-24T21:54:07.094+0800] {dag.py:4180} INFO - Setting next_dagrun for example_time_delta_sensor_async to None, run_after=None
[2025-03-24T21:54:07.100+0800] {processor.py:208} INFO - Processing /Users/dionneleow/IS3107/IS3107-group11/backend/venv/lib/python3.12/site-packages/airflow/example_dags/example_time_delta_sensor_async.py took 0.051 seconds
[2025-03-24T21:55:12.999+0800] {processor.py:186} INFO - Started process (PID=65556) to work on /Users/dionneleow/IS3107/IS3107-group11/backend/venv/lib/python3.12/site-packages/airflow/example_dags/example_time_delta_sensor_async.py
[2025-03-24T21:55:13.000+0800] {processor.py:914} INFO - Processing file /Users/dionneleow/IS3107/IS3107-group11/backend/venv/lib/python3.12/site-packages/airflow/example_dags/example_time_delta_sensor_async.py for tasks to queue
[2025-03-24T21:55:13.000+0800] {logging_mixin.py:190} INFO - [2025-03-24T21:55:13.000+0800] {dagbag.py:588} INFO - Filling up the DagBag from /Users/dionneleow/IS3107/IS3107-group11/backend/venv/lib/python3.12/site-packages/airflow/example_dags/example_time_delta_sensor_async.py
[2025-03-24T21:55:13.003+0800] {processor.py:925} INFO - DAG(s) 'example_time_delta_sensor_async' retrieved from /Users/dionneleow/IS3107/IS3107-group11/backend/venv/lib/python3.12/site-packages/airflow/example_dags/example_time_delta_sensor_async.py
[2025-03-24T21:55:13.032+0800] {logging_mixin.py:190} INFO - [2025-03-24T21:55:13.032+0800] {workday.py:41} WARNING - Could not import pandas. Holidays will not be considered.
[2025-03-24T21:55:13.039+0800] {logging_mixin.py:190} INFO - [2025-03-24T21:55:13.039+0800] {dag.py:3239} INFO - Sync 1 DAGs
[2025-03-24T21:55:13.042+0800] {logging_mixin.py:190} INFO - [2025-03-24T21:55:13.042+0800] {dag.py:4180} INFO - Setting next_dagrun for example_time_delta_sensor_async to None, run_after=None
[2025-03-24T21:55:13.050+0800] {processor.py:208} INFO - Processing /Users/dionneleow/IS3107/IS3107-group11/backend/venv/lib/python3.12/site-packages/airflow/example_dags/example_time_delta_sensor_async.py took 0.053 seconds
[2025-03-24T21:56:24.238+0800] {processor.py:186} INFO - Started process (PID=65999) to work on /Users/dionneleow/IS3107/IS3107-group11/backend/venv/lib/python3.12/site-packages/airflow/example_dags/example_time_delta_sensor_async.py
[2025-03-24T21:56:24.239+0800] {processor.py:914} INFO - Processing file /Users/dionneleow/IS3107/IS3107-group11/backend/venv/lib/python3.12/site-packages/airflow/example_dags/example_time_delta_sensor_async.py for tasks to queue
[2025-03-24T21:56:24.239+0800] {logging_mixin.py:190} INFO - [2025-03-24T21:56:24.239+0800] {dagbag.py:588} INFO - Filling up the DagBag from /Users/dionneleow/IS3107/IS3107-group11/backend/venv/lib/python3.12/site-packages/airflow/example_dags/example_time_delta_sensor_async.py
[2025-03-24T21:56:24.242+0800] {processor.py:925} INFO - DAG(s) 'example_time_delta_sensor_async' retrieved from /Users/dionneleow/IS3107/IS3107-group11/backend/venv/lib/python3.12/site-packages/airflow/example_dags/example_time_delta_sensor_async.py
[2025-03-24T21:56:24.273+0800] {logging_mixin.py:190} INFO - [2025-03-24T21:56:24.273+0800] {workday.py:41} WARNING - Could not import pandas. Holidays will not be considered.
[2025-03-24T21:56:24.280+0800] {logging_mixin.py:190} INFO - [2025-03-24T21:56:24.280+0800] {dag.py:3239} INFO - Sync 1 DAGs
[2025-03-24T21:56:24.284+0800] {logging_mixin.py:190} INFO - [2025-03-24T21:56:24.284+0800] {dag.py:4180} INFO - Setting next_dagrun for example_time_delta_sensor_async to None, run_after=None
[2025-03-24T21:56:24.292+0800] {processor.py:208} INFO - Processing /Users/dionneleow/IS3107/IS3107-group11/backend/venv/lib/python3.12/site-packages/airflow/example_dags/example_time_delta_sensor_async.py took 0.057 seconds
[2025-03-24T21:57:32.202+0800] {processor.py:186} INFO - Started process (PID=66487) to work on /Users/dionneleow/IS3107/IS3107-group11/backend/venv/lib/python3.12/site-packages/airflow/example_dags/example_time_delta_sensor_async.py
[2025-03-24T21:57:32.203+0800] {processor.py:914} INFO - Processing file /Users/dionneleow/IS3107/IS3107-group11/backend/venv/lib/python3.12/site-packages/airflow/example_dags/example_time_delta_sensor_async.py for tasks to queue
[2025-03-24T21:57:32.203+0800] {logging_mixin.py:190} INFO - [2025-03-24T21:57:32.203+0800] {dagbag.py:588} INFO - Filling up the DagBag from /Users/dionneleow/IS3107/IS3107-group11/backend/venv/lib/python3.12/site-packages/airflow/example_dags/example_time_delta_sensor_async.py
[2025-03-24T21:57:32.208+0800] {processor.py:925} INFO - DAG(s) 'example_time_delta_sensor_async' retrieved from /Users/dionneleow/IS3107/IS3107-group11/backend/venv/lib/python3.12/site-packages/airflow/example_dags/example_time_delta_sensor_async.py
[2025-03-24T21:57:32.238+0800] {logging_mixin.py:190} INFO - [2025-03-24T21:57:32.238+0800] {workday.py:41} WARNING - Could not import pandas. Holidays will not be considered.
[2025-03-24T21:57:32.245+0800] {logging_mixin.py:190} INFO - [2025-03-24T21:57:32.245+0800] {dag.py:3239} INFO - Sync 1 DAGs
[2025-03-24T21:57:32.249+0800] {logging_mixin.py:190} INFO - [2025-03-24T21:57:32.249+0800] {dag.py:4180} INFO - Setting next_dagrun for example_time_delta_sensor_async to None, run_after=None
[2025-03-24T21:57:32.255+0800] {processor.py:208} INFO - Processing /Users/dionneleow/IS3107/IS3107-group11/backend/venv/lib/python3.12/site-packages/airflow/example_dags/example_time_delta_sensor_async.py took 0.054 seconds
[2025-03-24T21:58:41.667+0800] {processor.py:186} INFO - Started process (PID=66874) to work on /Users/dionneleow/IS3107/IS3107-group11/backend/venv/lib/python3.12/site-packages/airflow/example_dags/example_time_delta_sensor_async.py
[2025-03-24T21:58:41.667+0800] {processor.py:914} INFO - Processing file /Users/dionneleow/IS3107/IS3107-group11/backend/venv/lib/python3.12/site-packages/airflow/example_dags/example_time_delta_sensor_async.py for tasks to queue
[2025-03-24T21:58:41.668+0800] {logging_mixin.py:190} INFO - [2025-03-24T21:58:41.668+0800] {dagbag.py:588} INFO - Filling up the DagBag from /Users/dionneleow/IS3107/IS3107-group11/backend/venv/lib/python3.12/site-packages/airflow/example_dags/example_time_delta_sensor_async.py
[2025-03-24T21:58:41.671+0800] {processor.py:925} INFO - DAG(s) 'example_time_delta_sensor_async' retrieved from /Users/dionneleow/IS3107/IS3107-group11/backend/venv/lib/python3.12/site-packages/airflow/example_dags/example_time_delta_sensor_async.py
[2025-03-24T21:58:41.699+0800] {logging_mixin.py:190} INFO - [2025-03-24T21:58:41.699+0800] {workday.py:41} WARNING - Could not import pandas. Holidays will not be considered.
[2025-03-24T21:58:41.706+0800] {logging_mixin.py:190} INFO - [2025-03-24T21:58:41.706+0800] {dag.py:3239} INFO - Sync 1 DAGs
[2025-03-24T21:58:41.709+0800] {logging_mixin.py:190} INFO - [2025-03-24T21:58:41.709+0800] {dag.py:4180} INFO - Setting next_dagrun for example_time_delta_sensor_async to None, run_after=None
[2025-03-24T21:58:41.715+0800] {processor.py:208} INFO - Processing /Users/dionneleow/IS3107/IS3107-group11/backend/venv/lib/python3.12/site-packages/airflow/example_dags/example_time_delta_sensor_async.py took 0.049 seconds
[2025-03-24T21:59:46.178+0800] {processor.py:186} INFO - Started process (PID=67205) to work on /Users/dionneleow/IS3107/IS3107-group11/backend/venv/lib/python3.12/site-packages/airflow/example_dags/example_time_delta_sensor_async.py
[2025-03-24T21:59:46.179+0800] {processor.py:914} INFO - Processing file /Users/dionneleow/IS3107/IS3107-group11/backend/venv/lib/python3.12/site-packages/airflow/example_dags/example_time_delta_sensor_async.py for tasks to queue
[2025-03-24T21:59:46.179+0800] {logging_mixin.py:190} INFO - [2025-03-24T21:59:46.179+0800] {dagbag.py:588} INFO - Filling up the DagBag from /Users/dionneleow/IS3107/IS3107-group11/backend/venv/lib/python3.12/site-packages/airflow/example_dags/example_time_delta_sensor_async.py
[2025-03-24T21:59:46.183+0800] {processor.py:925} INFO - DAG(s) 'example_time_delta_sensor_async' retrieved from /Users/dionneleow/IS3107/IS3107-group11/backend/venv/lib/python3.12/site-packages/airflow/example_dags/example_time_delta_sensor_async.py
[2025-03-24T21:59:46.210+0800] {logging_mixin.py:190} INFO - [2025-03-24T21:59:46.210+0800] {workday.py:41} WARNING - Could not import pandas. Holidays will not be considered.
[2025-03-24T21:59:46.217+0800] {logging_mixin.py:190} INFO - [2025-03-24T21:59:46.217+0800] {dag.py:3239} INFO - Sync 1 DAGs
[2025-03-24T21:59:46.220+0800] {logging_mixin.py:190} INFO - [2025-03-24T21:59:46.220+0800] {dag.py:4180} INFO - Setting next_dagrun for example_time_delta_sensor_async to None, run_after=None
[2025-03-24T21:59:46.227+0800] {processor.py:208} INFO - Processing /Users/dionneleow/IS3107/IS3107-group11/backend/venv/lib/python3.12/site-packages/airflow/example_dags/example_time_delta_sensor_async.py took 0.050 seconds
[2025-03-24T22:00:48.998+0800] {processor.py:186} INFO - Started process (PID=67572) to work on /Users/dionneleow/IS3107/IS3107-group11/backend/venv/lib/python3.12/site-packages/airflow/example_dags/example_time_delta_sensor_async.py
[2025-03-24T22:00:48.998+0800] {processor.py:914} INFO - Processing file /Users/dionneleow/IS3107/IS3107-group11/backend/venv/lib/python3.12/site-packages/airflow/example_dags/example_time_delta_sensor_async.py for tasks to queue
[2025-03-24T22:00:48.999+0800] {logging_mixin.py:190} INFO - [2025-03-24T22:00:48.999+0800] {dagbag.py:588} INFO - Filling up the DagBag from /Users/dionneleow/IS3107/IS3107-group11/backend/venv/lib/python3.12/site-packages/airflow/example_dags/example_time_delta_sensor_async.py
[2025-03-24T22:00:49.003+0800] {processor.py:925} INFO - DAG(s) 'example_time_delta_sensor_async' retrieved from /Users/dionneleow/IS3107/IS3107-group11/backend/venv/lib/python3.12/site-packages/airflow/example_dags/example_time_delta_sensor_async.py
[2025-03-24T22:00:49.034+0800] {logging_mixin.py:190} INFO - [2025-03-24T22:00:49.034+0800] {workday.py:41} WARNING - Could not import pandas. Holidays will not be considered.
[2025-03-24T22:00:49.041+0800] {logging_mixin.py:190} INFO - [2025-03-24T22:00:49.041+0800] {dag.py:3239} INFO - Sync 1 DAGs
[2025-03-24T22:00:49.045+0800] {logging_mixin.py:190} INFO - [2025-03-24T22:00:49.045+0800] {dag.py:4180} INFO - Setting next_dagrun for example_time_delta_sensor_async to None, run_after=None
[2025-03-24T22:00:49.051+0800] {processor.py:208} INFO - Processing /Users/dionneleow/IS3107/IS3107-group11/backend/venv/lib/python3.12/site-packages/airflow/example_dags/example_time_delta_sensor_async.py took 0.055 seconds
[2025-03-24T22:01:51.659+0800] {processor.py:186} INFO - Started process (PID=67930) to work on /Users/dionneleow/IS3107/IS3107-group11/backend/venv/lib/python3.12/site-packages/airflow/example_dags/example_time_delta_sensor_async.py
[2025-03-24T22:01:51.660+0800] {processor.py:914} INFO - Processing file /Users/dionneleow/IS3107/IS3107-group11/backend/venv/lib/python3.12/site-packages/airflow/example_dags/example_time_delta_sensor_async.py for tasks to queue
[2025-03-24T22:01:51.660+0800] {logging_mixin.py:190} INFO - [2025-03-24T22:01:51.660+0800] {dagbag.py:588} INFO - Filling up the DagBag from /Users/dionneleow/IS3107/IS3107-group11/backend/venv/lib/python3.12/site-packages/airflow/example_dags/example_time_delta_sensor_async.py
[2025-03-24T22:01:51.664+0800] {processor.py:925} INFO - DAG(s) 'example_time_delta_sensor_async' retrieved from /Users/dionneleow/IS3107/IS3107-group11/backend/venv/lib/python3.12/site-packages/airflow/example_dags/example_time_delta_sensor_async.py
[2025-03-24T22:01:51.694+0800] {logging_mixin.py:190} INFO - [2025-03-24T22:01:51.694+0800] {workday.py:41} WARNING - Could not import pandas. Holidays will not be considered.
[2025-03-24T22:01:51.702+0800] {logging_mixin.py:190} INFO - [2025-03-24T22:01:51.702+0800] {dag.py:3239} INFO - Sync 1 DAGs
[2025-03-24T22:01:51.705+0800] {logging_mixin.py:190} INFO - [2025-03-24T22:01:51.705+0800] {dag.py:4180} INFO - Setting next_dagrun for example_time_delta_sensor_async to None, run_after=None
[2025-03-24T22:01:51.713+0800] {processor.py:208} INFO - Processing /Users/dionneleow/IS3107/IS3107-group11/backend/venv/lib/python3.12/site-packages/airflow/example_dags/example_time_delta_sensor_async.py took 0.054 seconds
[2025-03-24T22:02:59.231+0800] {processor.py:186} INFO - Started process (PID=68350) to work on /Users/dionneleow/IS3107/IS3107-group11/backend/venv/lib/python3.12/site-packages/airflow/example_dags/example_time_delta_sensor_async.py
[2025-03-24T22:02:59.232+0800] {processor.py:914} INFO - Processing file /Users/dionneleow/IS3107/IS3107-group11/backend/venv/lib/python3.12/site-packages/airflow/example_dags/example_time_delta_sensor_async.py for tasks to queue
[2025-03-24T22:02:59.232+0800] {logging_mixin.py:190} INFO - [2025-03-24T22:02:59.232+0800] {dagbag.py:588} INFO - Filling up the DagBag from /Users/dionneleow/IS3107/IS3107-group11/backend/venv/lib/python3.12/site-packages/airflow/example_dags/example_time_delta_sensor_async.py
[2025-03-24T22:02:59.236+0800] {processor.py:925} INFO - DAG(s) 'example_time_delta_sensor_async' retrieved from /Users/dionneleow/IS3107/IS3107-group11/backend/venv/lib/python3.12/site-packages/airflow/example_dags/example_time_delta_sensor_async.py
[2025-03-24T22:02:59.265+0800] {logging_mixin.py:190} INFO - [2025-03-24T22:02:59.265+0800] {workday.py:41} WARNING - Could not import pandas. Holidays will not be considered.
[2025-03-24T22:02:59.272+0800] {logging_mixin.py:190} INFO - [2025-03-24T22:02:59.272+0800] {dag.py:3239} INFO - Sync 1 DAGs
[2025-03-24T22:02:59.276+0800] {logging_mixin.py:190} INFO - [2025-03-24T22:02:59.276+0800] {dag.py:4180} INFO - Setting next_dagrun for example_time_delta_sensor_async to None, run_after=None
[2025-03-24T22:02:59.283+0800] {processor.py:208} INFO - Processing /Users/dionneleow/IS3107/IS3107-group11/backend/venv/lib/python3.12/site-packages/airflow/example_dags/example_time_delta_sensor_async.py took 0.053 seconds
[2025-03-24T22:04:06.669+0800] {processor.py:186} INFO - Started process (PID=68774) to work on /Users/dionneleow/IS3107/IS3107-group11/backend/venv/lib/python3.12/site-packages/airflow/example_dags/example_time_delta_sensor_async.py
[2025-03-24T22:04:06.670+0800] {processor.py:914} INFO - Processing file /Users/dionneleow/IS3107/IS3107-group11/backend/venv/lib/python3.12/site-packages/airflow/example_dags/example_time_delta_sensor_async.py for tasks to queue
[2025-03-24T22:04:06.670+0800] {logging_mixin.py:190} INFO - [2025-03-24T22:04:06.670+0800] {dagbag.py:588} INFO - Filling up the DagBag from /Users/dionneleow/IS3107/IS3107-group11/backend/venv/lib/python3.12/site-packages/airflow/example_dags/example_time_delta_sensor_async.py
[2025-03-24T22:04:06.673+0800] {processor.py:925} INFO - DAG(s) 'example_time_delta_sensor_async' retrieved from /Users/dionneleow/IS3107/IS3107-group11/backend/venv/lib/python3.12/site-packages/airflow/example_dags/example_time_delta_sensor_async.py
[2025-03-24T22:04:06.703+0800] {logging_mixin.py:190} INFO - [2025-03-24T22:04:06.703+0800] {workday.py:41} WARNING - Could not import pandas. Holidays will not be considered.
[2025-03-24T22:04:06.711+0800] {logging_mixin.py:190} INFO - [2025-03-24T22:04:06.711+0800] {dag.py:3239} INFO - Sync 1 DAGs
[2025-03-24T22:04:06.715+0800] {logging_mixin.py:190} INFO - [2025-03-24T22:04:06.715+0800] {dag.py:4180} INFO - Setting next_dagrun for example_time_delta_sensor_async to None, run_after=None
[2025-03-24T22:04:06.722+0800] {processor.py:208} INFO - Processing /Users/dionneleow/IS3107/IS3107-group11/backend/venv/lib/python3.12/site-packages/airflow/example_dags/example_time_delta_sensor_async.py took 0.054 seconds
[2025-03-24T22:05:15.357+0800] {processor.py:186} INFO - Started process (PID=69141) to work on /Users/dionneleow/IS3107/IS3107-group11/backend/venv/lib/python3.12/site-packages/airflow/example_dags/example_time_delta_sensor_async.py
[2025-03-24T22:05:15.358+0800] {processor.py:914} INFO - Processing file /Users/dionneleow/IS3107/IS3107-group11/backend/venv/lib/python3.12/site-packages/airflow/example_dags/example_time_delta_sensor_async.py for tasks to queue
[2025-03-24T22:05:15.358+0800] {logging_mixin.py:190} INFO - [2025-03-24T22:05:15.358+0800] {dagbag.py:588} INFO - Filling up the DagBag from /Users/dionneleow/IS3107/IS3107-group11/backend/venv/lib/python3.12/site-packages/airflow/example_dags/example_time_delta_sensor_async.py
[2025-03-24T22:05:15.361+0800] {processor.py:925} INFO - DAG(s) 'example_time_delta_sensor_async' retrieved from /Users/dionneleow/IS3107/IS3107-group11/backend/venv/lib/python3.12/site-packages/airflow/example_dags/example_time_delta_sensor_async.py
[2025-03-24T22:05:15.389+0800] {logging_mixin.py:190} INFO - [2025-03-24T22:05:15.389+0800] {workday.py:41} WARNING - Could not import pandas. Holidays will not be considered.
[2025-03-24T22:05:15.396+0800] {logging_mixin.py:190} INFO - [2025-03-24T22:05:15.396+0800] {dag.py:3239} INFO - Sync 1 DAGs
[2025-03-24T22:05:15.399+0800] {logging_mixin.py:190} INFO - [2025-03-24T22:05:15.399+0800] {dag.py:4180} INFO - Setting next_dagrun for example_time_delta_sensor_async to None, run_after=None
[2025-03-24T22:05:15.405+0800] {processor.py:208} INFO - Processing /Users/dionneleow/IS3107/IS3107-group11/backend/venv/lib/python3.12/site-packages/airflow/example_dags/example_time_delta_sensor_async.py took 0.050 seconds
[2025-03-24T22:06:22.419+0800] {processor.py:186} INFO - Started process (PID=69474) to work on /Users/dionneleow/IS3107/IS3107-group11/backend/venv/lib/python3.12/site-packages/airflow/example_dags/example_time_delta_sensor_async.py
[2025-03-24T22:06:22.420+0800] {processor.py:914} INFO - Processing file /Users/dionneleow/IS3107/IS3107-group11/backend/venv/lib/python3.12/site-packages/airflow/example_dags/example_time_delta_sensor_async.py for tasks to queue
[2025-03-24T22:06:22.420+0800] {logging_mixin.py:190} INFO - [2025-03-24T22:06:22.420+0800] {dagbag.py:588} INFO - Filling up the DagBag from /Users/dionneleow/IS3107/IS3107-group11/backend/venv/lib/python3.12/site-packages/airflow/example_dags/example_time_delta_sensor_async.py
[2025-03-24T22:06:22.424+0800] {processor.py:925} INFO - DAG(s) 'example_time_delta_sensor_async' retrieved from /Users/dionneleow/IS3107/IS3107-group11/backend/venv/lib/python3.12/site-packages/airflow/example_dags/example_time_delta_sensor_async.py
[2025-03-24T22:06:22.455+0800] {logging_mixin.py:190} INFO - [2025-03-24T22:06:22.455+0800] {workday.py:41} WARNING - Could not import pandas. Holidays will not be considered.
[2025-03-24T22:06:22.462+0800] {logging_mixin.py:190} INFO - [2025-03-24T22:06:22.462+0800] {dag.py:3239} INFO - Sync 1 DAGs
[2025-03-24T22:06:22.465+0800] {logging_mixin.py:190} INFO - [2025-03-24T22:06:22.465+0800] {dag.py:4180} INFO - Setting next_dagrun for example_time_delta_sensor_async to None, run_after=None
[2025-03-24T22:06:22.472+0800] {processor.py:208} INFO - Processing /Users/dionneleow/IS3107/IS3107-group11/backend/venv/lib/python3.12/site-packages/airflow/example_dags/example_time_delta_sensor_async.py took 0.055 seconds
[2025-03-24T22:07:33.565+0800] {processor.py:186} INFO - Started process (PID=69868) to work on /Users/dionneleow/IS3107/IS3107-group11/backend/venv/lib/python3.12/site-packages/airflow/example_dags/example_time_delta_sensor_async.py
[2025-03-24T22:07:33.567+0800] {processor.py:914} INFO - Processing file /Users/dionneleow/IS3107/IS3107-group11/backend/venv/lib/python3.12/site-packages/airflow/example_dags/example_time_delta_sensor_async.py for tasks to queue
[2025-03-24T22:07:33.567+0800] {logging_mixin.py:190} INFO - [2025-03-24T22:07:33.567+0800] {dagbag.py:588} INFO - Filling up the DagBag from /Users/dionneleow/IS3107/IS3107-group11/backend/venv/lib/python3.12/site-packages/airflow/example_dags/example_time_delta_sensor_async.py
[2025-03-24T22:07:33.570+0800] {processor.py:925} INFO - DAG(s) 'example_time_delta_sensor_async' retrieved from /Users/dionneleow/IS3107/IS3107-group11/backend/venv/lib/python3.12/site-packages/airflow/example_dags/example_time_delta_sensor_async.py
[2025-03-24T22:07:33.599+0800] {logging_mixin.py:190} INFO - [2025-03-24T22:07:33.599+0800] {workday.py:41} WARNING - Could not import pandas. Holidays will not be considered.
[2025-03-24T22:07:33.607+0800] {logging_mixin.py:190} INFO - [2025-03-24T22:07:33.606+0800] {dag.py:3239} INFO - Sync 1 DAGs
[2025-03-24T22:07:33.610+0800] {logging_mixin.py:190} INFO - [2025-03-24T22:07:33.610+0800] {dag.py:4180} INFO - Setting next_dagrun for example_time_delta_sensor_async to None, run_after=None
[2025-03-24T22:07:33.617+0800] {processor.py:208} INFO - Processing /Users/dionneleow/IS3107/IS3107-group11/backend/venv/lib/python3.12/site-packages/airflow/example_dags/example_time_delta_sensor_async.py took 0.053 seconds
[2025-03-24T22:08:46.065+0800] {processor.py:186} INFO - Started process (PID=70264) to work on /Users/dionneleow/IS3107/IS3107-group11/backend/venv/lib/python3.12/site-packages/airflow/example_dags/example_time_delta_sensor_async.py
[2025-03-24T22:08:46.066+0800] {processor.py:914} INFO - Processing file /Users/dionneleow/IS3107/IS3107-group11/backend/venv/lib/python3.12/site-packages/airflow/example_dags/example_time_delta_sensor_async.py for tasks to queue
[2025-03-24T22:08:46.067+0800] {logging_mixin.py:190} INFO - [2025-03-24T22:08:46.067+0800] {dagbag.py:588} INFO - Filling up the DagBag from /Users/dionneleow/IS3107/IS3107-group11/backend/venv/lib/python3.12/site-packages/airflow/example_dags/example_time_delta_sensor_async.py
[2025-03-24T22:08:46.071+0800] {processor.py:925} INFO - DAG(s) 'example_time_delta_sensor_async' retrieved from /Users/dionneleow/IS3107/IS3107-group11/backend/venv/lib/python3.12/site-packages/airflow/example_dags/example_time_delta_sensor_async.py
[2025-03-24T22:08:46.105+0800] {logging_mixin.py:190} INFO - [2025-03-24T22:08:46.105+0800] {workday.py:41} WARNING - Could not import pandas. Holidays will not be considered.
[2025-03-24T22:08:46.113+0800] {logging_mixin.py:190} INFO - [2025-03-24T22:08:46.113+0800] {dag.py:3239} INFO - Sync 1 DAGs
[2025-03-24T22:08:46.116+0800] {logging_mixin.py:190} INFO - [2025-03-24T22:08:46.116+0800] {dag.py:4180} INFO - Setting next_dagrun for example_time_delta_sensor_async to None, run_after=None
[2025-03-24T22:08:46.124+0800] {processor.py:208} INFO - Processing /Users/dionneleow/IS3107/IS3107-group11/backend/venv/lib/python3.12/site-packages/airflow/example_dags/example_time_delta_sensor_async.py took 0.068 seconds
[2025-03-24T22:09:57.034+0800] {processor.py:186} INFO - Started process (PID=70652) to work on /Users/dionneleow/IS3107/IS3107-group11/backend/venv/lib/python3.12/site-packages/airflow/example_dags/example_time_delta_sensor_async.py
[2025-03-24T22:09:57.034+0800] {processor.py:914} INFO - Processing file /Users/dionneleow/IS3107/IS3107-group11/backend/venv/lib/python3.12/site-packages/airflow/example_dags/example_time_delta_sensor_async.py for tasks to queue
[2025-03-24T22:09:57.035+0800] {logging_mixin.py:190} INFO - [2025-03-24T22:09:57.035+0800] {dagbag.py:588} INFO - Filling up the DagBag from /Users/dionneleow/IS3107/IS3107-group11/backend/venv/lib/python3.12/site-packages/airflow/example_dags/example_time_delta_sensor_async.py
[2025-03-24T22:09:57.038+0800] {processor.py:925} INFO - DAG(s) 'example_time_delta_sensor_async' retrieved from /Users/dionneleow/IS3107/IS3107-group11/backend/venv/lib/python3.12/site-packages/airflow/example_dags/example_time_delta_sensor_async.py
[2025-03-24T22:09:57.065+0800] {logging_mixin.py:190} INFO - [2025-03-24T22:09:57.065+0800] {workday.py:41} WARNING - Could not import pandas. Holidays will not be considered.
[2025-03-24T22:09:57.072+0800] {logging_mixin.py:190} INFO - [2025-03-24T22:09:57.072+0800] {dag.py:3239} INFO - Sync 1 DAGs
[2025-03-24T22:09:57.075+0800] {logging_mixin.py:190} INFO - [2025-03-24T22:09:57.075+0800] {dag.py:4180} INFO - Setting next_dagrun for example_time_delta_sensor_async to None, run_after=None
[2025-03-24T22:09:57.082+0800] {processor.py:208} INFO - Processing /Users/dionneleow/IS3107/IS3107-group11/backend/venv/lib/python3.12/site-packages/airflow/example_dags/example_time_delta_sensor_async.py took 0.049 seconds
[2025-03-24T22:11:07.292+0800] {processor.py:186} INFO - Started process (PID=71079) to work on /Users/dionneleow/IS3107/IS3107-group11/backend/venv/lib/python3.12/site-packages/airflow/example_dags/example_time_delta_sensor_async.py
[2025-03-24T22:11:07.293+0800] {processor.py:914} INFO - Processing file /Users/dionneleow/IS3107/IS3107-group11/backend/venv/lib/python3.12/site-packages/airflow/example_dags/example_time_delta_sensor_async.py for tasks to queue
[2025-03-24T22:11:07.293+0800] {logging_mixin.py:190} INFO - [2025-03-24T22:11:07.293+0800] {dagbag.py:588} INFO - Filling up the DagBag from /Users/dionneleow/IS3107/IS3107-group11/backend/venv/lib/python3.12/site-packages/airflow/example_dags/example_time_delta_sensor_async.py
[2025-03-24T22:11:07.297+0800] {processor.py:925} INFO - DAG(s) 'example_time_delta_sensor_async' retrieved from /Users/dionneleow/IS3107/IS3107-group11/backend/venv/lib/python3.12/site-packages/airflow/example_dags/example_time_delta_sensor_async.py
[2025-03-24T22:11:07.324+0800] {logging_mixin.py:190} INFO - [2025-03-24T22:11:07.324+0800] {workday.py:41} WARNING - Could not import pandas. Holidays will not be considered.
[2025-03-24T22:11:07.331+0800] {logging_mixin.py:190} INFO - [2025-03-24T22:11:07.331+0800] {dag.py:3239} INFO - Sync 1 DAGs
[2025-03-24T22:11:07.335+0800] {logging_mixin.py:190} INFO - [2025-03-24T22:11:07.335+0800] {dag.py:4180} INFO - Setting next_dagrun for example_time_delta_sensor_async to None, run_after=None
[2025-03-24T22:11:07.343+0800] {processor.py:208} INFO - Processing /Users/dionneleow/IS3107/IS3107-group11/backend/venv/lib/python3.12/site-packages/airflow/example_dags/example_time_delta_sensor_async.py took 0.052 seconds
[2025-03-24T22:12:15.690+0800] {processor.py:186} INFO - Started process (PID=71411) to work on /Users/dionneleow/IS3107/IS3107-group11/backend/venv/lib/python3.12/site-packages/airflow/example_dags/example_time_delta_sensor_async.py
[2025-03-24T22:12:15.691+0800] {processor.py:914} INFO - Processing file /Users/dionneleow/IS3107/IS3107-group11/backend/venv/lib/python3.12/site-packages/airflow/example_dags/example_time_delta_sensor_async.py for tasks to queue
[2025-03-24T22:12:15.692+0800] {logging_mixin.py:190} INFO - [2025-03-24T22:12:15.692+0800] {dagbag.py:588} INFO - Filling up the DagBag from /Users/dionneleow/IS3107/IS3107-group11/backend/venv/lib/python3.12/site-packages/airflow/example_dags/example_time_delta_sensor_async.py
[2025-03-24T22:12:15.695+0800] {processor.py:925} INFO - DAG(s) 'example_time_delta_sensor_async' retrieved from /Users/dionneleow/IS3107/IS3107-group11/backend/venv/lib/python3.12/site-packages/airflow/example_dags/example_time_delta_sensor_async.py
[2025-03-24T22:12:15.722+0800] {logging_mixin.py:190} INFO - [2025-03-24T22:12:15.722+0800] {workday.py:41} WARNING - Could not import pandas. Holidays will not be considered.
[2025-03-24T22:12:15.729+0800] {logging_mixin.py:190} INFO - [2025-03-24T22:12:15.729+0800] {dag.py:3239} INFO - Sync 1 DAGs
[2025-03-24T22:12:15.732+0800] {logging_mixin.py:190} INFO - [2025-03-24T22:12:15.732+0800] {dag.py:4180} INFO - Setting next_dagrun for example_time_delta_sensor_async to None, run_after=None
[2025-03-24T22:12:15.739+0800] {processor.py:208} INFO - Processing /Users/dionneleow/IS3107/IS3107-group11/backend/venv/lib/python3.12/site-packages/airflow/example_dags/example_time_delta_sensor_async.py took 0.050 seconds
[2025-03-24T22:13:22.711+0800] {processor.py:186} INFO - Started process (PID=71787) to work on /Users/dionneleow/IS3107/IS3107-group11/backend/venv/lib/python3.12/site-packages/airflow/example_dags/example_time_delta_sensor_async.py
[2025-03-24T22:13:22.711+0800] {processor.py:914} INFO - Processing file /Users/dionneleow/IS3107/IS3107-group11/backend/venv/lib/python3.12/site-packages/airflow/example_dags/example_time_delta_sensor_async.py for tasks to queue
[2025-03-24T22:13:22.712+0800] {logging_mixin.py:190} INFO - [2025-03-24T22:13:22.712+0800] {dagbag.py:588} INFO - Filling up the DagBag from /Users/dionneleow/IS3107/IS3107-group11/backend/venv/lib/python3.12/site-packages/airflow/example_dags/example_time_delta_sensor_async.py
[2025-03-24T22:13:22.715+0800] {processor.py:925} INFO - DAG(s) 'example_time_delta_sensor_async' retrieved from /Users/dionneleow/IS3107/IS3107-group11/backend/venv/lib/python3.12/site-packages/airflow/example_dags/example_time_delta_sensor_async.py
[2025-03-24T22:13:22.748+0800] {logging_mixin.py:190} INFO - [2025-03-24T22:13:22.747+0800] {workday.py:41} WARNING - Could not import pandas. Holidays will not be considered.
[2025-03-24T22:13:22.756+0800] {logging_mixin.py:190} INFO - [2025-03-24T22:13:22.756+0800] {dag.py:3239} INFO - Sync 1 DAGs
[2025-03-24T22:13:22.759+0800] {logging_mixin.py:190} INFO - [2025-03-24T22:13:22.759+0800] {dag.py:4180} INFO - Setting next_dagrun for example_time_delta_sensor_async to None, run_after=None
[2025-03-24T22:13:22.767+0800] {processor.py:208} INFO - Processing /Users/dionneleow/IS3107/IS3107-group11/backend/venv/lib/python3.12/site-packages/airflow/example_dags/example_time_delta_sensor_async.py took 0.058 seconds
[2025-03-24T22:14:34.262+0800] {processor.py:186} INFO - Started process (PID=72223) to work on /Users/dionneleow/IS3107/IS3107-group11/backend/venv/lib/python3.12/site-packages/airflow/example_dags/example_time_delta_sensor_async.py
[2025-03-24T22:14:34.263+0800] {processor.py:914} INFO - Processing file /Users/dionneleow/IS3107/IS3107-group11/backend/venv/lib/python3.12/site-packages/airflow/example_dags/example_time_delta_sensor_async.py for tasks to queue
[2025-03-24T22:14:34.263+0800] {logging_mixin.py:190} INFO - [2025-03-24T22:14:34.263+0800] {dagbag.py:588} INFO - Filling up the DagBag from /Users/dionneleow/IS3107/IS3107-group11/backend/venv/lib/python3.12/site-packages/airflow/example_dags/example_time_delta_sensor_async.py
[2025-03-24T22:14:34.267+0800] {processor.py:925} INFO - DAG(s) 'example_time_delta_sensor_async' retrieved from /Users/dionneleow/IS3107/IS3107-group11/backend/venv/lib/python3.12/site-packages/airflow/example_dags/example_time_delta_sensor_async.py
[2025-03-24T22:14:34.296+0800] {logging_mixin.py:190} INFO - [2025-03-24T22:14:34.296+0800] {workday.py:41} WARNING - Could not import pandas. Holidays will not be considered.
[2025-03-24T22:14:34.304+0800] {logging_mixin.py:190} INFO - [2025-03-24T22:14:34.303+0800] {dag.py:3239} INFO - Sync 1 DAGs
[2025-03-24T22:14:34.307+0800] {logging_mixin.py:190} INFO - [2025-03-24T22:14:34.307+0800] {dag.py:4180} INFO - Setting next_dagrun for example_time_delta_sensor_async to None, run_after=None
[2025-03-24T22:14:34.313+0800] {processor.py:208} INFO - Processing /Users/dionneleow/IS3107/IS3107-group11/backend/venv/lib/python3.12/site-packages/airflow/example_dags/example_time_delta_sensor_async.py took 0.056 seconds
[2025-03-24T22:15:45.423+0800] {processor.py:186} INFO - Started process (PID=72654) to work on /Users/dionneleow/IS3107/IS3107-group11/backend/venv/lib/python3.12/site-packages/airflow/example_dags/example_time_delta_sensor_async.py
[2025-03-24T22:15:45.424+0800] {processor.py:914} INFO - Processing file /Users/dionneleow/IS3107/IS3107-group11/backend/venv/lib/python3.12/site-packages/airflow/example_dags/example_time_delta_sensor_async.py for tasks to queue
[2025-03-24T22:15:45.425+0800] {logging_mixin.py:190} INFO - [2025-03-24T22:15:45.424+0800] {dagbag.py:588} INFO - Filling up the DagBag from /Users/dionneleow/IS3107/IS3107-group11/backend/venv/lib/python3.12/site-packages/airflow/example_dags/example_time_delta_sensor_async.py
[2025-03-24T22:15:45.428+0800] {processor.py:925} INFO - DAG(s) 'example_time_delta_sensor_async' retrieved from /Users/dionneleow/IS3107/IS3107-group11/backend/venv/lib/python3.12/site-packages/airflow/example_dags/example_time_delta_sensor_async.py
[2025-03-24T22:15:45.459+0800] {logging_mixin.py:190} INFO - [2025-03-24T22:15:45.459+0800] {workday.py:41} WARNING - Could not import pandas. Holidays will not be considered.
[2025-03-24T22:15:45.467+0800] {logging_mixin.py:190} INFO - [2025-03-24T22:15:45.467+0800] {dag.py:3239} INFO - Sync 1 DAGs
[2025-03-24T22:15:45.471+0800] {logging_mixin.py:190} INFO - [2025-03-24T22:15:45.471+0800] {dag.py:4180} INFO - Setting next_dagrun for example_time_delta_sensor_async to None, run_after=None
[2025-03-24T22:15:45.477+0800] {processor.py:208} INFO - Processing /Users/dionneleow/IS3107/IS3107-group11/backend/venv/lib/python3.12/site-packages/airflow/example_dags/example_time_delta_sensor_async.py took 0.055 seconds
[2025-03-24T22:16:55.842+0800] {processor.py:186} INFO - Started process (PID=73087) to work on /Users/dionneleow/IS3107/IS3107-group11/backend/venv/lib/python3.12/site-packages/airflow/example_dags/example_time_delta_sensor_async.py
[2025-03-24T22:16:55.843+0800] {processor.py:914} INFO - Processing file /Users/dionneleow/IS3107/IS3107-group11/backend/venv/lib/python3.12/site-packages/airflow/example_dags/example_time_delta_sensor_async.py for tasks to queue
[2025-03-24T22:16:55.843+0800] {logging_mixin.py:190} INFO - [2025-03-24T22:16:55.843+0800] {dagbag.py:588} INFO - Filling up the DagBag from /Users/dionneleow/IS3107/IS3107-group11/backend/venv/lib/python3.12/site-packages/airflow/example_dags/example_time_delta_sensor_async.py
[2025-03-24T22:16:55.846+0800] {processor.py:925} INFO - DAG(s) 'example_time_delta_sensor_async' retrieved from /Users/dionneleow/IS3107/IS3107-group11/backend/venv/lib/python3.12/site-packages/airflow/example_dags/example_time_delta_sensor_async.py
[2025-03-24T22:16:55.877+0800] {logging_mixin.py:190} INFO - [2025-03-24T22:16:55.877+0800] {workday.py:41} WARNING - Could not import pandas. Holidays will not be considered.
[2025-03-24T22:16:55.885+0800] {logging_mixin.py:190} INFO - [2025-03-24T22:16:55.884+0800] {dag.py:3239} INFO - Sync 1 DAGs
[2025-03-24T22:16:55.888+0800] {logging_mixin.py:190} INFO - [2025-03-24T22:16:55.888+0800] {dag.py:4180} INFO - Setting next_dagrun for example_time_delta_sensor_async to None, run_after=None
[2025-03-24T22:16:55.894+0800] {processor.py:208} INFO - Processing /Users/dionneleow/IS3107/IS3107-group11/backend/venv/lib/python3.12/site-packages/airflow/example_dags/example_time_delta_sensor_async.py took 0.053 seconds
[2025-03-24T22:18:08.758+0800] {processor.py:186} INFO - Started process (PID=73470) to work on /Users/dionneleow/IS3107/IS3107-group11/backend/venv/lib/python3.12/site-packages/airflow/example_dags/example_time_delta_sensor_async.py
[2025-03-24T22:18:08.761+0800] {processor.py:914} INFO - Processing file /Users/dionneleow/IS3107/IS3107-group11/backend/venv/lib/python3.12/site-packages/airflow/example_dags/example_time_delta_sensor_async.py for tasks to queue
[2025-03-24T22:18:08.761+0800] {logging_mixin.py:190} INFO - [2025-03-24T22:18:08.761+0800] {dagbag.py:588} INFO - Filling up the DagBag from /Users/dionneleow/IS3107/IS3107-group11/backend/venv/lib/python3.12/site-packages/airflow/example_dags/example_time_delta_sensor_async.py
[2025-03-24T22:18:08.766+0800] {processor.py:925} INFO - DAG(s) 'example_time_delta_sensor_async' retrieved from /Users/dionneleow/IS3107/IS3107-group11/backend/venv/lib/python3.12/site-packages/airflow/example_dags/example_time_delta_sensor_async.py
[2025-03-24T22:18:08.798+0800] {logging_mixin.py:190} INFO - [2025-03-24T22:18:08.798+0800] {workday.py:41} WARNING - Could not import pandas. Holidays will not be considered.
[2025-03-24T22:18:08.810+0800] {logging_mixin.py:190} INFO - [2025-03-24T22:18:08.809+0800] {dag.py:3239} INFO - Sync 1 DAGs
[2025-03-24T22:18:08.813+0800] {logging_mixin.py:190} INFO - [2025-03-24T22:18:08.813+0800] {dag.py:4180} INFO - Setting next_dagrun for example_time_delta_sensor_async to None, run_after=None
[2025-03-24T22:18:08.819+0800] {processor.py:208} INFO - Processing /Users/dionneleow/IS3107/IS3107-group11/backend/venv/lib/python3.12/site-packages/airflow/example_dags/example_time_delta_sensor_async.py took 0.063 seconds
[2025-03-24T22:19:21.504+0800] {processor.py:186} INFO - Started process (PID=73883) to work on /Users/dionneleow/IS3107/IS3107-group11/backend/venv/lib/python3.12/site-packages/airflow/example_dags/example_time_delta_sensor_async.py
[2025-03-24T22:19:21.507+0800] {processor.py:914} INFO - Processing file /Users/dionneleow/IS3107/IS3107-group11/backend/venv/lib/python3.12/site-packages/airflow/example_dags/example_time_delta_sensor_async.py for tasks to queue
[2025-03-24T22:19:21.507+0800] {logging_mixin.py:190} INFO - [2025-03-24T22:19:21.507+0800] {dagbag.py:588} INFO - Filling up the DagBag from /Users/dionneleow/IS3107/IS3107-group11/backend/venv/lib/python3.12/site-packages/airflow/example_dags/example_time_delta_sensor_async.py
[2025-03-24T22:19:21.511+0800] {processor.py:925} INFO - DAG(s) 'example_time_delta_sensor_async' retrieved from /Users/dionneleow/IS3107/IS3107-group11/backend/venv/lib/python3.12/site-packages/airflow/example_dags/example_time_delta_sensor_async.py
[2025-03-24T22:19:21.542+0800] {logging_mixin.py:190} INFO - [2025-03-24T22:19:21.542+0800] {workday.py:41} WARNING - Could not import pandas. Holidays will not be considered.
[2025-03-24T22:19:21.551+0800] {logging_mixin.py:190} INFO - [2025-03-24T22:19:21.551+0800] {dag.py:3239} INFO - Sync 1 DAGs
[2025-03-24T22:19:21.555+0800] {logging_mixin.py:190} INFO - [2025-03-24T22:19:21.555+0800] {dag.py:4180} INFO - Setting next_dagrun for example_time_delta_sensor_async to None, run_after=None
[2025-03-24T22:19:21.563+0800] {processor.py:208} INFO - Processing /Users/dionneleow/IS3107/IS3107-group11/backend/venv/lib/python3.12/site-packages/airflow/example_dags/example_time_delta_sensor_async.py took 0.060 seconds
[2025-03-24T22:20:32.813+0800] {processor.py:186} INFO - Started process (PID=74277) to work on /Users/dionneleow/IS3107/IS3107-group11/backend/venv/lib/python3.12/site-packages/airflow/example_dags/example_time_delta_sensor_async.py
[2025-03-24T22:20:32.814+0800] {processor.py:914} INFO - Processing file /Users/dionneleow/IS3107/IS3107-group11/backend/venv/lib/python3.12/site-packages/airflow/example_dags/example_time_delta_sensor_async.py for tasks to queue
[2025-03-24T22:20:32.814+0800] {logging_mixin.py:190} INFO - [2025-03-24T22:20:32.814+0800] {dagbag.py:588} INFO - Filling up the DagBag from /Users/dionneleow/IS3107/IS3107-group11/backend/venv/lib/python3.12/site-packages/airflow/example_dags/example_time_delta_sensor_async.py
[2025-03-24T22:20:32.818+0800] {processor.py:925} INFO - DAG(s) 'example_time_delta_sensor_async' retrieved from /Users/dionneleow/IS3107/IS3107-group11/backend/venv/lib/python3.12/site-packages/airflow/example_dags/example_time_delta_sensor_async.py
[2025-03-24T22:20:32.852+0800] {logging_mixin.py:190} INFO - [2025-03-24T22:20:32.852+0800] {workday.py:41} WARNING - Could not import pandas. Holidays will not be considered.
[2025-03-24T22:20:32.860+0800] {logging_mixin.py:190} INFO - [2025-03-24T22:20:32.860+0800] {dag.py:3239} INFO - Sync 1 DAGs
[2025-03-24T22:20:32.863+0800] {logging_mixin.py:190} INFO - [2025-03-24T22:20:32.863+0800] {dag.py:4180} INFO - Setting next_dagrun for example_time_delta_sensor_async to None, run_after=None
[2025-03-24T22:20:32.870+0800] {processor.py:208} INFO - Processing /Users/dionneleow/IS3107/IS3107-group11/backend/venv/lib/python3.12/site-packages/airflow/example_dags/example_time_delta_sensor_async.py took 0.058 seconds
