[2025-03-24T21:49:30.248+0800] {processor.py:186} INFO - Started process (PID=63351) to work on /Users/dionneleow/IS3107/IS3107-group11/backend/venv/lib/python3.12/site-packages/airflow/example_dags/example_external_task_marker_dag.py
[2025-03-24T21:49:30.249+0800] {processor.py:914} INFO - Processing file /Users/dionneleow/IS3107/IS3107-group11/backend/venv/lib/python3.12/site-packages/airflow/example_dags/example_external_task_marker_dag.py for tasks to queue
[2025-03-24T21:49:30.249+0800] {logging_mixin.py:190} INFO - [2025-03-24T21:49:30.249+0800] {dagbag.py:588} INFO - Filling up the DagBag from /Users/dionneleow/IS3107/IS3107-group11/backend/venv/lib/python3.12/site-packages/airflow/example_dags/example_external_task_marker_dag.py
[2025-03-24T21:49:30.259+0800] {processor.py:925} INFO - DAG(s) 'example_external_task_marker_child', 'example_external_task_marker_parent' retrieved from /Users/dionneleow/IS3107/IS3107-group11/backend/venv/lib/python3.12/site-packages/airflow/example_dags/example_external_task_marker_dag.py
[2025-03-24T21:49:30.294+0800] {logging_mixin.py:190} INFO - [2025-03-24T21:49:30.294+0800] {workday.py:41} WARNING - Could not import pandas. Holidays will not be considered.
[2025-03-24T21:49:30.368+0800] {logging_mixin.py:190} INFO - [2025-03-24T21:49:30.367+0800] {override.py:1912} INFO - Created Permission View: can delete on DAG:example_external_task_marker_child
[2025-03-24T21:49:30.372+0800] {logging_mixin.py:190} INFO - [2025-03-24T21:49:30.372+0800] {override.py:1912} INFO - Created Permission View: can edit on DAG:example_external_task_marker_child
[2025-03-24T21:49:30.374+0800] {logging_mixin.py:190} INFO - [2025-03-24T21:49:30.374+0800] {override.py:1912} INFO - Created Permission View: can read on DAG:example_external_task_marker_child
[2025-03-24T21:49:30.377+0800] {logging_mixin.py:190} INFO - [2025-03-24T21:49:30.377+0800] {override.py:1912} INFO - Created Permission View: can delete on DAG Run:example_external_task_marker_child
[2025-03-24T21:49:30.379+0800] {logging_mixin.py:190} INFO - [2025-03-24T21:49:30.378+0800] {override.py:1912} INFO - Created Permission View: can read on DAG Run:example_external_task_marker_child
[2025-03-24T21:49:30.380+0800] {logging_mixin.py:190} INFO - [2025-03-24T21:49:30.380+0800] {override.py:1912} INFO - Created Permission View: menu access on DAG Run:example_external_task_marker_child
[2025-03-24T21:49:30.382+0800] {logging_mixin.py:190} INFO - [2025-03-24T21:49:30.382+0800] {override.py:1912} INFO - Created Permission View: can create on DAG Run:example_external_task_marker_child
[2025-03-24T21:49:30.386+0800] {logging_mixin.py:190} INFO - [2025-03-24T21:49:30.386+0800] {override.py:1912} INFO - Created Permission View: can delete on DAG:example_external_task_marker_parent
[2025-03-24T21:49:30.388+0800] {logging_mixin.py:190} INFO - [2025-03-24T21:49:30.388+0800] {override.py:1912} INFO - Created Permission View: can edit on DAG:example_external_task_marker_parent
[2025-03-24T21:49:30.390+0800] {logging_mixin.py:190} INFO - [2025-03-24T21:49:30.390+0800] {override.py:1912} INFO - Created Permission View: can read on DAG:example_external_task_marker_parent
[2025-03-24T21:49:30.392+0800] {logging_mixin.py:190} INFO - [2025-03-24T21:49:30.392+0800] {override.py:1912} INFO - Created Permission View: can delete on DAG Run:example_external_task_marker_parent
[2025-03-24T21:49:30.394+0800] {logging_mixin.py:190} INFO - [2025-03-24T21:49:30.394+0800] {override.py:1912} INFO - Created Permission View: can read on DAG Run:example_external_task_marker_parent
[2025-03-24T21:49:30.397+0800] {logging_mixin.py:190} INFO - [2025-03-24T21:49:30.397+0800] {override.py:1912} INFO - Created Permission View: menu access on DAG Run:example_external_task_marker_parent
[2025-03-24T21:49:30.399+0800] {logging_mixin.py:190} INFO - [2025-03-24T21:49:30.399+0800] {override.py:1912} INFO - Created Permission View: can create on DAG Run:example_external_task_marker_parent
[2025-03-24T21:49:30.399+0800] {logging_mixin.py:190} INFO - [2025-03-24T21:49:30.399+0800] {dag.py:3239} INFO - Sync 2 DAGs
[2025-03-24T21:49:30.403+0800] {logging_mixin.py:190} INFO - [2025-03-24T21:49:30.403+0800] {dag.py:3262} INFO - Creating ORM DAG for example_external_task_marker_child
[2025-03-24T21:49:30.404+0800] {logging_mixin.py:190} INFO - [2025-03-24T21:49:30.404+0800] {dag.py:3262} INFO - Creating ORM DAG for example_external_task_marker_parent
[2025-03-24T21:49:30.404+0800] {logging_mixin.py:190} INFO - [2025-03-24T21:49:30.404+0800] {dag.py:4180} INFO - Setting next_dagrun for example_external_task_marker_child to None, run_after=None
[2025-03-24T21:49:30.404+0800] {logging_mixin.py:190} INFO - [2025-03-24T21:49:30.404+0800] {dag.py:4180} INFO - Setting next_dagrun for example_external_task_marker_parent to None, run_after=None
[2025-03-24T21:49:30.410+0800] {processor.py:208} INFO - Processing /Users/dionneleow/IS3107/IS3107-group11/backend/venv/lib/python3.12/site-packages/airflow/example_dags/example_external_task_marker_dag.py took 0.164 seconds
[2025-03-24T21:51:18.707+0800] {processor.py:186} INFO - Started process (PID=64121) to work on /Users/dionneleow/IS3107/IS3107-group11/backend/venv/lib/python3.12/site-packages/airflow/example_dags/example_external_task_marker_dag.py
[2025-03-24T21:51:18.708+0800] {processor.py:914} INFO - Processing file /Users/dionneleow/IS3107/IS3107-group11/backend/venv/lib/python3.12/site-packages/airflow/example_dags/example_external_task_marker_dag.py for tasks to queue
[2025-03-24T21:51:18.708+0800] {logging_mixin.py:190} INFO - [2025-03-24T21:51:18.708+0800] {dagbag.py:588} INFO - Filling up the DagBag from /Users/dionneleow/IS3107/IS3107-group11/backend/venv/lib/python3.12/site-packages/airflow/example_dags/example_external_task_marker_dag.py
[2025-03-24T21:51:18.714+0800] {processor.py:925} INFO - DAG(s) 'example_external_task_marker_child', 'example_external_task_marker_parent' retrieved from /Users/dionneleow/IS3107/IS3107-group11/backend/venv/lib/python3.12/site-packages/airflow/example_dags/example_external_task_marker_dag.py
[2025-03-24T21:51:18.744+0800] {logging_mixin.py:190} INFO - [2025-03-24T21:51:18.744+0800] {workday.py:41} WARNING - Could not import pandas. Holidays will not be considered.
[2025-03-24T21:51:18.751+0800] {logging_mixin.py:190} INFO - [2025-03-24T21:51:18.751+0800] {dag.py:3239} INFO - Sync 2 DAGs
[2025-03-24T21:51:18.755+0800] {logging_mixin.py:190} INFO - [2025-03-24T21:51:18.755+0800] {dag.py:4180} INFO - Setting next_dagrun for example_external_task_marker_child to None, run_after=None
[2025-03-24T21:51:18.756+0800] {logging_mixin.py:190} INFO - [2025-03-24T21:51:18.756+0800] {dag.py:4180} INFO - Setting next_dagrun for example_external_task_marker_parent to None, run_after=None
[2025-03-24T21:51:18.762+0800] {processor.py:208} INFO - Processing /Users/dionneleow/IS3107/IS3107-group11/backend/venv/lib/python3.12/site-packages/airflow/example_dags/example_external_task_marker_dag.py took 0.057 seconds
[2025-03-24T21:53:34.172+0800] {processor.py:186} INFO - Started process (PID=64921) to work on /Users/dionneleow/IS3107/IS3107-group11/backend/venv/lib/python3.12/site-packages/airflow/example_dags/example_external_task_marker_dag.py
[2025-03-24T21:53:34.173+0800] {processor.py:914} INFO - Processing file /Users/dionneleow/IS3107/IS3107-group11/backend/venv/lib/python3.12/site-packages/airflow/example_dags/example_external_task_marker_dag.py for tasks to queue
[2025-03-24T21:53:34.174+0800] {logging_mixin.py:190} INFO - [2025-03-24T21:53:34.173+0800] {dagbag.py:588} INFO - Filling up the DagBag from /Users/dionneleow/IS3107/IS3107-group11/backend/venv/lib/python3.12/site-packages/airflow/example_dags/example_external_task_marker_dag.py
[2025-03-24T21:53:34.178+0800] {processor.py:925} INFO - DAG(s) 'example_external_task_marker_child', 'example_external_task_marker_parent' retrieved from /Users/dionneleow/IS3107/IS3107-group11/backend/venv/lib/python3.12/site-packages/airflow/example_dags/example_external_task_marker_dag.py
[2025-03-24T21:53:34.208+0800] {logging_mixin.py:190} INFO - [2025-03-24T21:53:34.208+0800] {workday.py:41} WARNING - Could not import pandas. Holidays will not be considered.
[2025-03-24T21:53:34.215+0800] {logging_mixin.py:190} INFO - [2025-03-24T21:53:34.215+0800] {dag.py:3239} INFO - Sync 2 DAGs
[2025-03-24T21:53:34.219+0800] {logging_mixin.py:190} INFO - [2025-03-24T21:53:34.219+0800] {dag.py:4180} INFO - Setting next_dagrun for example_external_task_marker_child to None, run_after=None
[2025-03-24T21:53:34.222+0800] {logging_mixin.py:190} INFO - [2025-03-24T21:53:34.221+0800] {dag.py:4180} INFO - Setting next_dagrun for example_external_task_marker_parent to None, run_after=None
[2025-03-24T21:53:34.227+0800] {processor.py:208} INFO - Processing /Users/dionneleow/IS3107/IS3107-group11/backend/venv/lib/python3.12/site-packages/airflow/example_dags/example_external_task_marker_dag.py took 0.056 seconds
[2025-03-24T21:55:51.670+0800] {processor.py:186} INFO - Started process (PID=65801) to work on /Users/dionneleow/IS3107/IS3107-group11/backend/venv/lib/python3.12/site-packages/airflow/example_dags/example_external_task_marker_dag.py
[2025-03-24T21:55:51.671+0800] {processor.py:914} INFO - Processing file /Users/dionneleow/IS3107/IS3107-group11/backend/venv/lib/python3.12/site-packages/airflow/example_dags/example_external_task_marker_dag.py for tasks to queue
[2025-03-24T21:55:51.672+0800] {logging_mixin.py:190} INFO - [2025-03-24T21:55:51.672+0800] {dagbag.py:588} INFO - Filling up the DagBag from /Users/dionneleow/IS3107/IS3107-group11/backend/venv/lib/python3.12/site-packages/airflow/example_dags/example_external_task_marker_dag.py
[2025-03-24T21:55:51.677+0800] {processor.py:925} INFO - DAG(s) 'example_external_task_marker_parent', 'example_external_task_marker_child' retrieved from /Users/dionneleow/IS3107/IS3107-group11/backend/venv/lib/python3.12/site-packages/airflow/example_dags/example_external_task_marker_dag.py
[2025-03-24T21:55:51.709+0800] {logging_mixin.py:190} INFO - [2025-03-24T21:55:51.709+0800] {workday.py:41} WARNING - Could not import pandas. Holidays will not be considered.
[2025-03-24T21:55:51.714+0800] {logging_mixin.py:190} INFO - [2025-03-24T21:55:51.714+0800] {dag.py:3239} INFO - Sync 2 DAGs
[2025-03-24T21:55:51.718+0800] {logging_mixin.py:190} INFO - [2025-03-24T21:55:51.718+0800] {dag.py:4180} INFO - Setting next_dagrun for example_external_task_marker_child to None, run_after=None
[2025-03-24T21:55:51.720+0800] {logging_mixin.py:190} INFO - [2025-03-24T21:55:51.720+0800] {dag.py:4180} INFO - Setting next_dagrun for example_external_task_marker_parent to None, run_after=None
[2025-03-24T21:55:51.727+0800] {processor.py:208} INFO - Processing /Users/dionneleow/IS3107/IS3107-group11/backend/venv/lib/python3.12/site-packages/airflow/example_dags/example_external_task_marker_dag.py took 0.058 seconds
[2025-03-24T21:58:11.310+0800] {processor.py:186} INFO - Started process (PID=66714) to work on /Users/dionneleow/IS3107/IS3107-group11/backend/venv/lib/python3.12/site-packages/airflow/example_dags/example_external_task_marker_dag.py
[2025-03-24T21:58:11.312+0800] {processor.py:914} INFO - Processing file /Users/dionneleow/IS3107/IS3107-group11/backend/venv/lib/python3.12/site-packages/airflow/example_dags/example_external_task_marker_dag.py for tasks to queue
[2025-03-24T21:58:11.312+0800] {logging_mixin.py:190} INFO - [2025-03-24T21:58:11.312+0800] {dagbag.py:588} INFO - Filling up the DagBag from /Users/dionneleow/IS3107/IS3107-group11/backend/venv/lib/python3.12/site-packages/airflow/example_dags/example_external_task_marker_dag.py
[2025-03-24T21:58:11.317+0800] {processor.py:925} INFO - DAG(s) 'example_external_task_marker_child', 'example_external_task_marker_parent' retrieved from /Users/dionneleow/IS3107/IS3107-group11/backend/venv/lib/python3.12/site-packages/airflow/example_dags/example_external_task_marker_dag.py
[2025-03-24T21:58:11.349+0800] {logging_mixin.py:190} INFO - [2025-03-24T21:58:11.349+0800] {workday.py:41} WARNING - Could not import pandas. Holidays will not be considered.
[2025-03-24T21:58:11.357+0800] {logging_mixin.py:190} INFO - [2025-03-24T21:58:11.357+0800] {dag.py:3239} INFO - Sync 2 DAGs
[2025-03-24T21:58:11.360+0800] {logging_mixin.py:190} INFO - [2025-03-24T21:58:11.360+0800] {dag.py:4180} INFO - Setting next_dagrun for example_external_task_marker_child to None, run_after=None
[2025-03-24T21:58:11.361+0800] {logging_mixin.py:190} INFO - [2025-03-24T21:58:11.361+0800] {dag.py:4180} INFO - Setting next_dagrun for example_external_task_marker_parent to None, run_after=None
[2025-03-24T21:58:11.367+0800] {processor.py:208} INFO - Processing /Users/dionneleow/IS3107/IS3107-group11/backend/venv/lib/python3.12/site-packages/airflow/example_dags/example_external_task_marker_dag.py took 0.058 seconds
[2025-03-24T22:00:17.901+0800] {processor.py:186} INFO - Started process (PID=67400) to work on /Users/dionneleow/IS3107/IS3107-group11/backend/venv/lib/python3.12/site-packages/airflow/example_dags/example_external_task_marker_dag.py
[2025-03-24T22:00:17.901+0800] {processor.py:914} INFO - Processing file /Users/dionneleow/IS3107/IS3107-group11/backend/venv/lib/python3.12/site-packages/airflow/example_dags/example_external_task_marker_dag.py for tasks to queue
[2025-03-24T22:00:17.902+0800] {logging_mixin.py:190} INFO - [2025-03-24T22:00:17.902+0800] {dagbag.py:588} INFO - Filling up the DagBag from /Users/dionneleow/IS3107/IS3107-group11/backend/venv/lib/python3.12/site-packages/airflow/example_dags/example_external_task_marker_dag.py
[2025-03-24T22:00:17.906+0800] {processor.py:925} INFO - DAG(s) 'example_external_task_marker_child', 'example_external_task_marker_parent' retrieved from /Users/dionneleow/IS3107/IS3107-group11/backend/venv/lib/python3.12/site-packages/airflow/example_dags/example_external_task_marker_dag.py
[2025-03-24T22:00:17.936+0800] {logging_mixin.py:190} INFO - [2025-03-24T22:00:17.936+0800] {workday.py:41} WARNING - Could not import pandas. Holidays will not be considered.
[2025-03-24T22:00:17.943+0800] {logging_mixin.py:190} INFO - [2025-03-24T22:00:17.943+0800] {dag.py:3239} INFO - Sync 2 DAGs
[2025-03-24T22:00:17.947+0800] {logging_mixin.py:190} INFO - [2025-03-24T22:00:17.947+0800] {dag.py:4180} INFO - Setting next_dagrun for example_external_task_marker_child to None, run_after=None
[2025-03-24T22:00:17.948+0800] {logging_mixin.py:190} INFO - [2025-03-24T22:00:17.948+0800] {dag.py:4180} INFO - Setting next_dagrun for example_external_task_marker_parent to None, run_after=None
[2025-03-24T22:00:17.953+0800] {processor.py:208} INFO - Processing /Users/dionneleow/IS3107/IS3107-group11/backend/venv/lib/python3.12/site-packages/airflow/example_dags/example_external_task_marker_dag.py took 0.054 seconds
[2025-03-24T22:02:27.340+0800] {processor.py:186} INFO - Started process (PID=68156) to work on /Users/dionneleow/IS3107/IS3107-group11/backend/venv/lib/python3.12/site-packages/airflow/example_dags/example_external_task_marker_dag.py
[2025-03-24T22:02:27.341+0800] {processor.py:914} INFO - Processing file /Users/dionneleow/IS3107/IS3107-group11/backend/venv/lib/python3.12/site-packages/airflow/example_dags/example_external_task_marker_dag.py for tasks to queue
[2025-03-24T22:02:27.341+0800] {logging_mixin.py:190} INFO - [2025-03-24T22:02:27.341+0800] {dagbag.py:588} INFO - Filling up the DagBag from /Users/dionneleow/IS3107/IS3107-group11/backend/venv/lib/python3.12/site-packages/airflow/example_dags/example_external_task_marker_dag.py
[2025-03-24T22:02:27.346+0800] {processor.py:925} INFO - DAG(s) 'example_external_task_marker_parent', 'example_external_task_marker_child' retrieved from /Users/dionneleow/IS3107/IS3107-group11/backend/venv/lib/python3.12/site-packages/airflow/example_dags/example_external_task_marker_dag.py
[2025-03-24T22:02:27.377+0800] {logging_mixin.py:190} INFO - [2025-03-24T22:02:27.377+0800] {workday.py:41} WARNING - Could not import pandas. Holidays will not be considered.
[2025-03-24T22:02:27.382+0800] {logging_mixin.py:190} INFO - [2025-03-24T22:02:27.382+0800] {dag.py:3239} INFO - Sync 2 DAGs
[2025-03-24T22:02:27.386+0800] {logging_mixin.py:190} INFO - [2025-03-24T22:02:27.385+0800] {dag.py:4180} INFO - Setting next_dagrun for example_external_task_marker_child to None, run_after=None
[2025-03-24T22:02:27.387+0800] {logging_mixin.py:190} INFO - [2025-03-24T22:02:27.387+0800] {dag.py:4180} INFO - Setting next_dagrun for example_external_task_marker_parent to None, run_after=None
[2025-03-24T22:02:27.393+0800] {processor.py:208} INFO - Processing /Users/dionneleow/IS3107/IS3107-group11/backend/venv/lib/python3.12/site-packages/airflow/example_dags/example_external_task_marker_dag.py took 0.054 seconds
[2025-03-24T22:04:42.771+0800] {processor.py:186} INFO - Started process (PID=68978) to work on /Users/dionneleow/IS3107/IS3107-group11/backend/venv/lib/python3.12/site-packages/airflow/example_dags/example_external_task_marker_dag.py
[2025-03-24T22:04:42.772+0800] {processor.py:914} INFO - Processing file /Users/dionneleow/IS3107/IS3107-group11/backend/venv/lib/python3.12/site-packages/airflow/example_dags/example_external_task_marker_dag.py for tasks to queue
[2025-03-24T22:04:42.772+0800] {logging_mixin.py:190} INFO - [2025-03-24T22:04:42.772+0800] {dagbag.py:588} INFO - Filling up the DagBag from /Users/dionneleow/IS3107/IS3107-group11/backend/venv/lib/python3.12/site-packages/airflow/example_dags/example_external_task_marker_dag.py
[2025-03-24T22:04:42.777+0800] {processor.py:925} INFO - DAG(s) 'example_external_task_marker_child', 'example_external_task_marker_parent' retrieved from /Users/dionneleow/IS3107/IS3107-group11/backend/venv/lib/python3.12/site-packages/airflow/example_dags/example_external_task_marker_dag.py
[2025-03-24T22:04:42.806+0800] {logging_mixin.py:190} INFO - [2025-03-24T22:04:42.806+0800] {workday.py:41} WARNING - Could not import pandas. Holidays will not be considered.
[2025-03-24T22:04:42.814+0800] {logging_mixin.py:190} INFO - [2025-03-24T22:04:42.814+0800] {dag.py:3239} INFO - Sync 2 DAGs
[2025-03-24T22:04:42.817+0800] {logging_mixin.py:190} INFO - [2025-03-24T22:04:42.817+0800] {dag.py:4180} INFO - Setting next_dagrun for example_external_task_marker_child to None, run_after=None
[2025-03-24T22:04:42.818+0800] {logging_mixin.py:190} INFO - [2025-03-24T22:04:42.818+0800] {dag.py:4180} INFO - Setting next_dagrun for example_external_task_marker_parent to None, run_after=None
[2025-03-24T22:04:42.824+0800] {processor.py:208} INFO - Processing /Users/dionneleow/IS3107/IS3107-group11/backend/venv/lib/python3.12/site-packages/airflow/example_dags/example_external_task_marker_dag.py took 0.054 seconds
[2025-03-24T22:07:00.480+0800] {processor.py:186} INFO - Started process (PID=69692) to work on /Users/dionneleow/IS3107/IS3107-group11/backend/venv/lib/python3.12/site-packages/airflow/example_dags/example_external_task_marker_dag.py
[2025-03-24T22:07:00.481+0800] {processor.py:914} INFO - Processing file /Users/dionneleow/IS3107/IS3107-group11/backend/venv/lib/python3.12/site-packages/airflow/example_dags/example_external_task_marker_dag.py for tasks to queue
[2025-03-24T22:07:00.481+0800] {logging_mixin.py:190} INFO - [2025-03-24T22:07:00.481+0800] {dagbag.py:588} INFO - Filling up the DagBag from /Users/dionneleow/IS3107/IS3107-group11/backend/venv/lib/python3.12/site-packages/airflow/example_dags/example_external_task_marker_dag.py
[2025-03-24T22:07:00.487+0800] {processor.py:925} INFO - DAG(s) 'example_external_task_marker_parent', 'example_external_task_marker_child' retrieved from /Users/dionneleow/IS3107/IS3107-group11/backend/venv/lib/python3.12/site-packages/airflow/example_dags/example_external_task_marker_dag.py
[2025-03-24T22:07:00.520+0800] {logging_mixin.py:190} INFO - [2025-03-24T22:07:00.520+0800] {workday.py:41} WARNING - Could not import pandas. Holidays will not be considered.
[2025-03-24T22:07:00.525+0800] {logging_mixin.py:190} INFO - [2025-03-24T22:07:00.525+0800] {dag.py:3239} INFO - Sync 2 DAGs
[2025-03-24T22:07:00.529+0800] {logging_mixin.py:190} INFO - [2025-03-24T22:07:00.529+0800] {dag.py:4180} INFO - Setting next_dagrun for example_external_task_marker_child to None, run_after=None
[2025-03-24T22:07:00.530+0800] {logging_mixin.py:190} INFO - [2025-03-24T22:07:00.530+0800] {dag.py:4180} INFO - Setting next_dagrun for example_external_task_marker_parent to None, run_after=None
[2025-03-24T22:07:00.536+0800] {processor.py:208} INFO - Processing /Users/dionneleow/IS3107/IS3107-group11/backend/venv/lib/python3.12/site-packages/airflow/example_dags/example_external_task_marker_dag.py took 0.057 seconds
[2025-03-24T22:09:24.272+0800] {processor.py:186} INFO - Started process (PID=70460) to work on /Users/dionneleow/IS3107/IS3107-group11/backend/venv/lib/python3.12/site-packages/airflow/example_dags/example_external_task_marker_dag.py
[2025-03-24T22:09:24.272+0800] {processor.py:914} INFO - Processing file /Users/dionneleow/IS3107/IS3107-group11/backend/venv/lib/python3.12/site-packages/airflow/example_dags/example_external_task_marker_dag.py for tasks to queue
[2025-03-24T22:09:24.273+0800] {logging_mixin.py:190} INFO - [2025-03-24T22:09:24.272+0800] {dagbag.py:588} INFO - Filling up the DagBag from /Users/dionneleow/IS3107/IS3107-group11/backend/venv/lib/python3.12/site-packages/airflow/example_dags/example_external_task_marker_dag.py
[2025-03-24T22:09:24.277+0800] {processor.py:925} INFO - DAG(s) 'example_external_task_marker_child', 'example_external_task_marker_parent' retrieved from /Users/dionneleow/IS3107/IS3107-group11/backend/venv/lib/python3.12/site-packages/airflow/example_dags/example_external_task_marker_dag.py
[2025-03-24T22:09:24.306+0800] {logging_mixin.py:190} INFO - [2025-03-24T22:09:24.306+0800] {workday.py:41} WARNING - Could not import pandas. Holidays will not be considered.
[2025-03-24T22:09:24.312+0800] {logging_mixin.py:190} INFO - [2025-03-24T22:09:24.312+0800] {dag.py:3239} INFO - Sync 2 DAGs
[2025-03-24T22:09:24.316+0800] {logging_mixin.py:190} INFO - [2025-03-24T22:09:24.316+0800] {dag.py:4180} INFO - Setting next_dagrun for example_external_task_marker_child to None, run_after=None
[2025-03-24T22:09:24.317+0800] {logging_mixin.py:190} INFO - [2025-03-24T22:09:24.317+0800] {dag.py:4180} INFO - Setting next_dagrun for example_external_task_marker_parent to None, run_after=None
[2025-03-24T22:09:24.322+0800] {processor.py:208} INFO - Processing /Users/dionneleow/IS3107/IS3107-group11/backend/venv/lib/python3.12/site-packages/airflow/example_dags/example_external_task_marker_dag.py took 0.052 seconds
[2025-03-24T22:11:42.501+0800] {processor.py:186} INFO - Started process (PID=71242) to work on /Users/dionneleow/IS3107/IS3107-group11/backend/venv/lib/python3.12/site-packages/airflow/example_dags/example_external_task_marker_dag.py
[2025-03-24T22:11:42.502+0800] {processor.py:914} INFO - Processing file /Users/dionneleow/IS3107/IS3107-group11/backend/venv/lib/python3.12/site-packages/airflow/example_dags/example_external_task_marker_dag.py for tasks to queue
[2025-03-24T22:11:42.503+0800] {logging_mixin.py:190} INFO - [2025-03-24T22:11:42.503+0800] {dagbag.py:588} INFO - Filling up the DagBag from /Users/dionneleow/IS3107/IS3107-group11/backend/venv/lib/python3.12/site-packages/airflow/example_dags/example_external_task_marker_dag.py
[2025-03-24T22:11:42.507+0800] {processor.py:925} INFO - DAG(s) 'example_external_task_marker_parent', 'example_external_task_marker_child' retrieved from /Users/dionneleow/IS3107/IS3107-group11/backend/venv/lib/python3.12/site-packages/airflow/example_dags/example_external_task_marker_dag.py
[2025-03-24T22:11:42.537+0800] {logging_mixin.py:190} INFO - [2025-03-24T22:11:42.537+0800] {workday.py:41} WARNING - Could not import pandas. Holidays will not be considered.
[2025-03-24T22:11:42.543+0800] {logging_mixin.py:190} INFO - [2025-03-24T22:11:42.543+0800] {dag.py:3239} INFO - Sync 2 DAGs
[2025-03-24T22:11:42.546+0800] {logging_mixin.py:190} INFO - [2025-03-24T22:11:42.546+0800] {dag.py:4180} INFO - Setting next_dagrun for example_external_task_marker_child to None, run_after=None
[2025-03-24T22:11:42.547+0800] {logging_mixin.py:190} INFO - [2025-03-24T22:11:42.547+0800] {dag.py:4180} INFO - Setting next_dagrun for example_external_task_marker_parent to None, run_after=None
[2025-03-24T22:11:42.553+0800] {processor.py:208} INFO - Processing /Users/dionneleow/IS3107/IS3107-group11/backend/venv/lib/python3.12/site-packages/airflow/example_dags/example_external_task_marker_dag.py took 0.053 seconds
[2025-03-24T22:14:00.505+0800] {processor.py:186} INFO - Started process (PID=72029) to work on /Users/dionneleow/IS3107/IS3107-group11/backend/venv/lib/python3.12/site-packages/airflow/example_dags/example_external_task_marker_dag.py
[2025-03-24T22:14:00.506+0800] {processor.py:914} INFO - Processing file /Users/dionneleow/IS3107/IS3107-group11/backend/venv/lib/python3.12/site-packages/airflow/example_dags/example_external_task_marker_dag.py for tasks to queue
[2025-03-24T22:14:00.506+0800] {logging_mixin.py:190} INFO - [2025-03-24T22:14:00.506+0800] {dagbag.py:588} INFO - Filling up the DagBag from /Users/dionneleow/IS3107/IS3107-group11/backend/venv/lib/python3.12/site-packages/airflow/example_dags/example_external_task_marker_dag.py
[2025-03-24T22:14:00.514+0800] {processor.py:925} INFO - DAG(s) 'example_external_task_marker_child', 'example_external_task_marker_parent' retrieved from /Users/dionneleow/IS3107/IS3107-group11/backend/venv/lib/python3.12/site-packages/airflow/example_dags/example_external_task_marker_dag.py
[2025-03-24T22:14:00.547+0800] {logging_mixin.py:190} INFO - [2025-03-24T22:14:00.547+0800] {workday.py:41} WARNING - Could not import pandas. Holidays will not be considered.
[2025-03-24T22:14:00.555+0800] {logging_mixin.py:190} INFO - [2025-03-24T22:14:00.555+0800] {dag.py:3239} INFO - Sync 2 DAGs
[2025-03-24T22:14:00.561+0800] {logging_mixin.py:190} INFO - [2025-03-24T22:14:00.561+0800] {dag.py:4180} INFO - Setting next_dagrun for example_external_task_marker_child to None, run_after=None
[2025-03-24T22:14:00.563+0800] {logging_mixin.py:190} INFO - [2025-03-24T22:14:00.562+0800] {dag.py:4180} INFO - Setting next_dagrun for example_external_task_marker_parent to None, run_after=None
[2025-03-24T22:14:00.571+0800] {processor.py:208} INFO - Processing /Users/dionneleow/IS3107/IS3107-group11/backend/venv/lib/python3.12/site-packages/airflow/example_dags/example_external_task_marker_dag.py took 0.067 seconds
[2025-03-24T22:16:22.299+0800] {processor.py:186} INFO - Started process (PID=72874) to work on /Users/dionneleow/IS3107/IS3107-group11/backend/venv/lib/python3.12/site-packages/airflow/example_dags/example_external_task_marker_dag.py
[2025-03-24T22:16:22.299+0800] {processor.py:914} INFO - Processing file /Users/dionneleow/IS3107/IS3107-group11/backend/venv/lib/python3.12/site-packages/airflow/example_dags/example_external_task_marker_dag.py for tasks to queue
[2025-03-24T22:16:22.300+0800] {logging_mixin.py:190} INFO - [2025-03-24T22:16:22.300+0800] {dagbag.py:588} INFO - Filling up the DagBag from /Users/dionneleow/IS3107/IS3107-group11/backend/venv/lib/python3.12/site-packages/airflow/example_dags/example_external_task_marker_dag.py
[2025-03-24T22:16:22.305+0800] {processor.py:925} INFO - DAG(s) 'example_external_task_marker_parent', 'example_external_task_marker_child' retrieved from /Users/dionneleow/IS3107/IS3107-group11/backend/venv/lib/python3.12/site-packages/airflow/example_dags/example_external_task_marker_dag.py
[2025-03-24T22:16:22.339+0800] {logging_mixin.py:190} INFO - [2025-03-24T22:16:22.339+0800] {workday.py:41} WARNING - Could not import pandas. Holidays will not be considered.
[2025-03-24T22:16:22.345+0800] {logging_mixin.py:190} INFO - [2025-03-24T22:16:22.345+0800] {dag.py:3239} INFO - Sync 2 DAGs
[2025-03-24T22:16:22.349+0800] {logging_mixin.py:190} INFO - [2025-03-24T22:16:22.349+0800] {dag.py:4180} INFO - Setting next_dagrun for example_external_task_marker_child to None, run_after=None
[2025-03-24T22:16:22.350+0800] {logging_mixin.py:190} INFO - [2025-03-24T22:16:22.350+0800] {dag.py:4180} INFO - Setting next_dagrun for example_external_task_marker_parent to None, run_after=None
[2025-03-24T22:16:22.359+0800] {processor.py:208} INFO - Processing /Users/dionneleow/IS3107/IS3107-group11/backend/venv/lib/python3.12/site-packages/airflow/example_dags/example_external_task_marker_dag.py took 0.061 seconds
[2025-03-24T22:18:47.906+0800] {processor.py:186} INFO - Started process (PID=73662) to work on /Users/dionneleow/IS3107/IS3107-group11/backend/venv/lib/python3.12/site-packages/airflow/example_dags/example_external_task_marker_dag.py
[2025-03-24T22:18:47.907+0800] {processor.py:914} INFO - Processing file /Users/dionneleow/IS3107/IS3107-group11/backend/venv/lib/python3.12/site-packages/airflow/example_dags/example_external_task_marker_dag.py for tasks to queue
[2025-03-24T22:18:47.907+0800] {logging_mixin.py:190} INFO - [2025-03-24T22:18:47.907+0800] {dagbag.py:588} INFO - Filling up the DagBag from /Users/dionneleow/IS3107/IS3107-group11/backend/venv/lib/python3.12/site-packages/airflow/example_dags/example_external_task_marker_dag.py
[2025-03-24T22:18:47.912+0800] {processor.py:925} INFO - DAG(s) 'example_external_task_marker_child', 'example_external_task_marker_parent' retrieved from /Users/dionneleow/IS3107/IS3107-group11/backend/venv/lib/python3.12/site-packages/airflow/example_dags/example_external_task_marker_dag.py
[2025-03-24T22:18:47.942+0800] {logging_mixin.py:190} INFO - [2025-03-24T22:18:47.942+0800] {workday.py:41} WARNING - Could not import pandas. Holidays will not be considered.
[2025-03-24T22:18:47.951+0800] {logging_mixin.py:190} INFO - [2025-03-24T22:18:47.951+0800] {dag.py:3239} INFO - Sync 2 DAGs
[2025-03-24T22:18:47.955+0800] {logging_mixin.py:190} INFO - [2025-03-24T22:18:47.955+0800] {dag.py:4180} INFO - Setting next_dagrun for example_external_task_marker_child to None, run_after=None
[2025-03-24T22:18:47.956+0800] {logging_mixin.py:190} INFO - [2025-03-24T22:18:47.956+0800] {dag.py:4180} INFO - Setting next_dagrun for example_external_task_marker_parent to None, run_after=None
[2025-03-24T22:18:47.963+0800] {processor.py:208} INFO - Processing /Users/dionneleow/IS3107/IS3107-group11/backend/venv/lib/python3.12/site-packages/airflow/example_dags/example_external_task_marker_dag.py took 0.058 seconds
