[2025-03-24T21:49:05.076+0800] {processor.py:186} INFO - Started process (PID=63119) to work on /Users/dionneleow/IS3107/IS3107-group11/backend/venv/lib/python3.12/site-packages/airflow/example_dags/example_sensor_decorator.py
[2025-03-24T21:49:05.080+0800] {processor.py:914} INFO - Processing file /Users/dionneleow/IS3107/IS3107-group11/backend/venv/lib/python3.12/site-packages/airflow/example_dags/example_sensor_decorator.py for tasks to queue
[2025-03-24T21:49:05.081+0800] {logging_mixin.py:190} INFO - [2025-03-24T21:49:05.081+0800] {dagbag.py:588} INFO - Filling up the DagBag from /Users/dionneleow/IS3107/IS3107-group11/backend/venv/lib/python3.12/site-packages/airflow/example_dags/example_sensor_decorator.py
[2025-03-24T21:49:05.099+0800] {processor.py:925} INFO - DAG(s) 'example_sensor_decorator' retrieved from /Users/dionneleow/IS3107/IS3107-group11/backend/venv/lib/python3.12/site-packages/airflow/example_dags/example_sensor_decorator.py
[2025-03-24T21:49:05.139+0800] {logging_mixin.py:190} INFO - [2025-03-24T21:49:05.139+0800] {workday.py:41} WARNING - Could not import pandas. Holidays will not be considered.
[2025-03-24T21:49:05.275+0800] {logging_mixin.py:190} INFO - [2025-03-24T21:49:05.274+0800] {override.py:1912} INFO - Created Permission View: can delete on DAG:example_sensor_decorator
[2025-03-24T21:49:05.280+0800] {logging_mixin.py:190} INFO - [2025-03-24T21:49:05.280+0800] {override.py:1912} INFO - Created Permission View: can read on DAG:example_sensor_decorator
[2025-03-24T21:49:05.283+0800] {logging_mixin.py:190} INFO - [2025-03-24T21:49:05.283+0800] {override.py:1912} INFO - Created Permission View: can edit on DAG:example_sensor_decorator
[2025-03-24T21:49:05.291+0800] {logging_mixin.py:190} INFO - [2025-03-24T21:49:05.291+0800] {override.py:1912} INFO - Created Permission View: can delete on DAG Run:example_sensor_decorator
[2025-03-24T21:49:05.294+0800] {logging_mixin.py:190} INFO - [2025-03-24T21:49:05.294+0800] {override.py:1912} INFO - Created Permission View: menu access on DAG Run:example_sensor_decorator
[2025-03-24T21:49:05.296+0800] {logging_mixin.py:190} INFO - [2025-03-24T21:49:05.296+0800] {override.py:1912} INFO - Created Permission View: can read on DAG Run:example_sensor_decorator
[2025-03-24T21:49:05.298+0800] {logging_mixin.py:190} INFO - [2025-03-24T21:49:05.298+0800] {override.py:1912} INFO - Created Permission View: can create on DAG Run:example_sensor_decorator
[2025-03-24T21:49:05.298+0800] {logging_mixin.py:190} INFO - [2025-03-24T21:49:05.298+0800] {dag.py:3239} INFO - Sync 1 DAGs
[2025-03-24T21:49:05.304+0800] {logging_mixin.py:190} INFO - [2025-03-24T21:49:05.304+0800] {dag.py:3262} INFO - Creating ORM DAG for example_sensor_decorator
[2025-03-24T21:49:05.304+0800] {logging_mixin.py:190} INFO - [2025-03-24T21:49:05.304+0800] {dag.py:4180} INFO - Setting next_dagrun for example_sensor_decorator to None, run_after=None
[2025-03-24T21:49:05.316+0800] {processor.py:208} INFO - Processing /Users/dionneleow/IS3107/IS3107-group11/backend/venv/lib/python3.12/site-packages/airflow/example_dags/example_sensor_decorator.py took 0.242 seconds
[2025-03-24T21:50:55.296+0800] {processor.py:186} INFO - Started process (PID=63966) to work on /Users/dionneleow/IS3107/IS3107-group11/backend/venv/lib/python3.12/site-packages/airflow/example_dags/example_sensor_decorator.py
[2025-03-24T21:50:55.297+0800] {processor.py:914} INFO - Processing file /Users/dionneleow/IS3107/IS3107-group11/backend/venv/lib/python3.12/site-packages/airflow/example_dags/example_sensor_decorator.py for tasks to queue
[2025-03-24T21:50:55.297+0800] {logging_mixin.py:190} INFO - [2025-03-24T21:50:55.297+0800] {dagbag.py:588} INFO - Filling up the DagBag from /Users/dionneleow/IS3107/IS3107-group11/backend/venv/lib/python3.12/site-packages/airflow/example_dags/example_sensor_decorator.py
[2025-03-24T21:50:55.311+0800] {processor.py:925} INFO - DAG(s) 'example_sensor_decorator' retrieved from /Users/dionneleow/IS3107/IS3107-group11/backend/venv/lib/python3.12/site-packages/airflow/example_dags/example_sensor_decorator.py
[2025-03-24T21:50:55.342+0800] {logging_mixin.py:190} INFO - [2025-03-24T21:50:55.342+0800] {workday.py:41} WARNING - Could not import pandas. Holidays will not be considered.
[2025-03-24T21:50:55.379+0800] {logging_mixin.py:190} INFO - [2025-03-24T21:50:55.379+0800] {dag.py:3239} INFO - Sync 1 DAGs
[2025-03-24T21:50:55.383+0800] {logging_mixin.py:190} INFO - [2025-03-24T21:50:55.383+0800] {dag.py:4180} INFO - Setting next_dagrun for example_sensor_decorator to None, run_after=None
[2025-03-24T21:50:55.389+0800] {processor.py:208} INFO - Processing /Users/dionneleow/IS3107/IS3107-group11/backend/venv/lib/python3.12/site-packages/airflow/example_dags/example_sensor_decorator.py took 0.094 seconds
[2025-03-24T21:53:12.667+0800] {processor.py:186} INFO - Started process (PID=64796) to work on /Users/dionneleow/IS3107/IS3107-group11/backend/venv/lib/python3.12/site-packages/airflow/example_dags/example_sensor_decorator.py
[2025-03-24T21:53:12.668+0800] {processor.py:914} INFO - Processing file /Users/dionneleow/IS3107/IS3107-group11/backend/venv/lib/python3.12/site-packages/airflow/example_dags/example_sensor_decorator.py for tasks to queue
[2025-03-24T21:53:12.668+0800] {logging_mixin.py:190} INFO - [2025-03-24T21:53:12.668+0800] {dagbag.py:588} INFO - Filling up the DagBag from /Users/dionneleow/IS3107/IS3107-group11/backend/venv/lib/python3.12/site-packages/airflow/example_dags/example_sensor_decorator.py
[2025-03-24T21:53:12.687+0800] {processor.py:925} INFO - DAG(s) 'example_sensor_decorator' retrieved from /Users/dionneleow/IS3107/IS3107-group11/backend/venv/lib/python3.12/site-packages/airflow/example_dags/example_sensor_decorator.py
[2025-03-24T21:53:12.714+0800] {logging_mixin.py:190} INFO - [2025-03-24T21:53:12.714+0800] {workday.py:41} WARNING - Could not import pandas. Holidays will not be considered.
[2025-03-24T21:53:12.753+0800] {logging_mixin.py:190} INFO - [2025-03-24T21:53:12.752+0800] {dag.py:3239} INFO - Sync 1 DAGs
[2025-03-24T21:53:12.757+0800] {logging_mixin.py:190} INFO - [2025-03-24T21:53:12.757+0800] {dag.py:4180} INFO - Setting next_dagrun for example_sensor_decorator to None, run_after=None
[2025-03-24T21:53:12.764+0800] {processor.py:208} INFO - Processing /Users/dionneleow/IS3107/IS3107-group11/backend/venv/lib/python3.12/site-packages/airflow/example_dags/example_sensor_decorator.py took 0.099 seconds
[2025-03-24T21:55:29.258+0800] {processor.py:186} INFO - Started process (PID=65660) to work on /Users/dionneleow/IS3107/IS3107-group11/backend/venv/lib/python3.12/site-packages/airflow/example_dags/example_sensor_decorator.py
[2025-03-24T21:55:29.259+0800] {processor.py:914} INFO - Processing file /Users/dionneleow/IS3107/IS3107-group11/backend/venv/lib/python3.12/site-packages/airflow/example_dags/example_sensor_decorator.py for tasks to queue
[2025-03-24T21:55:29.259+0800] {logging_mixin.py:190} INFO - [2025-03-24T21:55:29.259+0800] {dagbag.py:588} INFO - Filling up the DagBag from /Users/dionneleow/IS3107/IS3107-group11/backend/venv/lib/python3.12/site-packages/airflow/example_dags/example_sensor_decorator.py
[2025-03-24T21:55:29.277+0800] {processor.py:925} INFO - DAG(s) 'example_sensor_decorator' retrieved from /Users/dionneleow/IS3107/IS3107-group11/backend/venv/lib/python3.12/site-packages/airflow/example_dags/example_sensor_decorator.py
[2025-03-24T21:55:29.310+0800] {logging_mixin.py:190} INFO - [2025-03-24T21:55:29.310+0800] {workday.py:41} WARNING - Could not import pandas. Holidays will not be considered.
[2025-03-24T21:55:29.344+0800] {logging_mixin.py:190} INFO - [2025-03-24T21:55:29.344+0800] {dag.py:3239} INFO - Sync 1 DAGs
[2025-03-24T21:55:29.348+0800] {logging_mixin.py:190} INFO - [2025-03-24T21:55:29.348+0800] {dag.py:4180} INFO - Setting next_dagrun for example_sensor_decorator to None, run_after=None
[2025-03-24T21:55:29.356+0800] {processor.py:208} INFO - Processing /Users/dionneleow/IS3107/IS3107-group11/backend/venv/lib/python3.12/site-packages/airflow/example_dags/example_sensor_decorator.py took 0.100 seconds
[2025-03-24T21:57:47.518+0800] {processor.py:186} INFO - Started process (PID=66572) to work on /Users/dionneleow/IS3107/IS3107-group11/backend/venv/lib/python3.12/site-packages/airflow/example_dags/example_sensor_decorator.py
[2025-03-24T21:57:47.519+0800] {processor.py:914} INFO - Processing file /Users/dionneleow/IS3107/IS3107-group11/backend/venv/lib/python3.12/site-packages/airflow/example_dags/example_sensor_decorator.py for tasks to queue
[2025-03-24T21:57:47.520+0800] {logging_mixin.py:190} INFO - [2025-03-24T21:57:47.520+0800] {dagbag.py:588} INFO - Filling up the DagBag from /Users/dionneleow/IS3107/IS3107-group11/backend/venv/lib/python3.12/site-packages/airflow/example_dags/example_sensor_decorator.py
[2025-03-24T21:57:47.536+0800] {processor.py:925} INFO - DAG(s) 'example_sensor_decorator' retrieved from /Users/dionneleow/IS3107/IS3107-group11/backend/venv/lib/python3.12/site-packages/airflow/example_dags/example_sensor_decorator.py
[2025-03-24T21:57:47.566+0800] {logging_mixin.py:190} INFO - [2025-03-24T21:57:47.566+0800] {workday.py:41} WARNING - Could not import pandas. Holidays will not be considered.
[2025-03-24T21:57:47.615+0800] {logging_mixin.py:190} INFO - [2025-03-24T21:57:47.615+0800] {dag.py:3239} INFO - Sync 1 DAGs
[2025-03-24T21:57:47.619+0800] {logging_mixin.py:190} INFO - [2025-03-24T21:57:47.619+0800] {dag.py:4180} INFO - Setting next_dagrun for example_sensor_decorator to None, run_after=None
[2025-03-24T21:57:47.625+0800] {processor.py:208} INFO - Processing /Users/dionneleow/IS3107/IS3107-group11/backend/venv/lib/python3.12/site-packages/airflow/example_dags/example_sensor_decorator.py took 0.109 seconds
[2025-03-24T21:59:57.305+0800] {processor.py:186} INFO - Started process (PID=67254) to work on /Users/dionneleow/IS3107/IS3107-group11/backend/venv/lib/python3.12/site-packages/airflow/example_dags/example_sensor_decorator.py
[2025-03-24T21:59:57.306+0800] {processor.py:914} INFO - Processing file /Users/dionneleow/IS3107/IS3107-group11/backend/venv/lib/python3.12/site-packages/airflow/example_dags/example_sensor_decorator.py for tasks to queue
[2025-03-24T21:59:57.306+0800] {logging_mixin.py:190} INFO - [2025-03-24T21:59:57.306+0800] {dagbag.py:588} INFO - Filling up the DagBag from /Users/dionneleow/IS3107/IS3107-group11/backend/venv/lib/python3.12/site-packages/airflow/example_dags/example_sensor_decorator.py
[2025-03-24T21:59:57.319+0800] {processor.py:925} INFO - DAG(s) 'example_sensor_decorator' retrieved from /Users/dionneleow/IS3107/IS3107-group11/backend/venv/lib/python3.12/site-packages/airflow/example_dags/example_sensor_decorator.py
[2025-03-24T21:59:57.345+0800] {logging_mixin.py:190} INFO - [2025-03-24T21:59:57.345+0800] {workday.py:41} WARNING - Could not import pandas. Holidays will not be considered.
[2025-03-24T21:59:57.375+0800] {logging_mixin.py:190} INFO - [2025-03-24T21:59:57.375+0800] {dag.py:3239} INFO - Sync 1 DAGs
[2025-03-24T21:59:57.379+0800] {logging_mixin.py:190} INFO - [2025-03-24T21:59:57.379+0800] {dag.py:4180} INFO - Setting next_dagrun for example_sensor_decorator to None, run_after=None
[2025-03-24T21:59:57.385+0800] {processor.py:208} INFO - Processing /Users/dionneleow/IS3107/IS3107-group11/backend/venv/lib/python3.12/site-packages/airflow/example_dags/example_sensor_decorator.py took 0.081 seconds
[2025-03-24T22:02:05.663+0800] {processor.py:186} INFO - Started process (PID=68037) to work on /Users/dionneleow/IS3107/IS3107-group11/backend/venv/lib/python3.12/site-packages/airflow/example_dags/example_sensor_decorator.py
[2025-03-24T22:02:05.665+0800] {processor.py:914} INFO - Processing file /Users/dionneleow/IS3107/IS3107-group11/backend/venv/lib/python3.12/site-packages/airflow/example_dags/example_sensor_decorator.py for tasks to queue
[2025-03-24T22:02:05.665+0800] {logging_mixin.py:190} INFO - [2025-03-24T22:02:05.665+0800] {dagbag.py:588} INFO - Filling up the DagBag from /Users/dionneleow/IS3107/IS3107-group11/backend/venv/lib/python3.12/site-packages/airflow/example_dags/example_sensor_decorator.py
[2025-03-24T22:02:05.682+0800] {processor.py:925} INFO - DAG(s) 'example_sensor_decorator' retrieved from /Users/dionneleow/IS3107/IS3107-group11/backend/venv/lib/python3.12/site-packages/airflow/example_dags/example_sensor_decorator.py
[2025-03-24T22:02:05.708+0800] {logging_mixin.py:190} INFO - [2025-03-24T22:02:05.708+0800] {workday.py:41} WARNING - Could not import pandas. Holidays will not be considered.
[2025-03-24T22:02:05.739+0800] {logging_mixin.py:190} INFO - [2025-03-24T22:02:05.739+0800] {dag.py:3239} INFO - Sync 1 DAGs
[2025-03-24T22:02:05.742+0800] {logging_mixin.py:190} INFO - [2025-03-24T22:02:05.742+0800] {dag.py:4180} INFO - Setting next_dagrun for example_sensor_decorator to None, run_after=None
[2025-03-24T22:02:05.749+0800] {processor.py:208} INFO - Processing /Users/dionneleow/IS3107/IS3107-group11/backend/venv/lib/python3.12/site-packages/airflow/example_dags/example_sensor_decorator.py took 0.089 seconds
[2025-03-24T22:04:20.186+0800] {processor.py:186} INFO - Started process (PID=68864) to work on /Users/dionneleow/IS3107/IS3107-group11/backend/venv/lib/python3.12/site-packages/airflow/example_dags/example_sensor_decorator.py
[2025-03-24T22:04:20.186+0800] {processor.py:914} INFO - Processing file /Users/dionneleow/IS3107/IS3107-group11/backend/venv/lib/python3.12/site-packages/airflow/example_dags/example_sensor_decorator.py for tasks to queue
[2025-03-24T22:04:20.187+0800] {logging_mixin.py:190} INFO - [2025-03-24T22:04:20.187+0800] {dagbag.py:588} INFO - Filling up the DagBag from /Users/dionneleow/IS3107/IS3107-group11/backend/venv/lib/python3.12/site-packages/airflow/example_dags/example_sensor_decorator.py
[2025-03-24T22:04:20.200+0800] {processor.py:925} INFO - DAG(s) 'example_sensor_decorator' retrieved from /Users/dionneleow/IS3107/IS3107-group11/backend/venv/lib/python3.12/site-packages/airflow/example_dags/example_sensor_decorator.py
[2025-03-24T22:04:20.226+0800] {logging_mixin.py:190} INFO - [2025-03-24T22:04:20.226+0800] {workday.py:41} WARNING - Could not import pandas. Holidays will not be considered.
[2025-03-24T22:04:20.256+0800] {logging_mixin.py:190} INFO - [2025-03-24T22:04:20.256+0800] {dag.py:3239} INFO - Sync 1 DAGs
[2025-03-24T22:04:20.260+0800] {logging_mixin.py:190} INFO - [2025-03-24T22:04:20.260+0800] {dag.py:4180} INFO - Setting next_dagrun for example_sensor_decorator to None, run_after=None
[2025-03-24T22:04:20.266+0800] {processor.py:208} INFO - Processing /Users/dionneleow/IS3107/IS3107-group11/backend/venv/lib/python3.12/site-packages/airflow/example_dags/example_sensor_decorator.py took 0.082 seconds
[2025-03-24T22:06:38.496+0800] {processor.py:186} INFO - Started process (PID=69560) to work on /Users/dionneleow/IS3107/IS3107-group11/backend/venv/lib/python3.12/site-packages/airflow/example_dags/example_sensor_decorator.py
[2025-03-24T22:06:38.496+0800] {processor.py:914} INFO - Processing file /Users/dionneleow/IS3107/IS3107-group11/backend/venv/lib/python3.12/site-packages/airflow/example_dags/example_sensor_decorator.py for tasks to queue
[2025-03-24T22:06:38.497+0800] {logging_mixin.py:190} INFO - [2025-03-24T22:06:38.497+0800] {dagbag.py:588} INFO - Filling up the DagBag from /Users/dionneleow/IS3107/IS3107-group11/backend/venv/lib/python3.12/site-packages/airflow/example_dags/example_sensor_decorator.py
[2025-03-24T22:06:38.511+0800] {processor.py:925} INFO - DAG(s) 'example_sensor_decorator' retrieved from /Users/dionneleow/IS3107/IS3107-group11/backend/venv/lib/python3.12/site-packages/airflow/example_dags/example_sensor_decorator.py
[2025-03-24T22:06:38.544+0800] {logging_mixin.py:190} INFO - [2025-03-24T22:06:38.544+0800] {workday.py:41} WARNING - Could not import pandas. Holidays will not be considered.
[2025-03-24T22:06:38.579+0800] {logging_mixin.py:190} INFO - [2025-03-24T22:06:38.579+0800] {dag.py:3239} INFO - Sync 1 DAGs
[2025-03-24T22:06:38.582+0800] {logging_mixin.py:190} INFO - [2025-03-24T22:06:38.582+0800] {dag.py:4180} INFO - Setting next_dagrun for example_sensor_decorator to None, run_after=None
[2025-03-24T22:06:38.590+0800] {processor.py:208} INFO - Processing /Users/dionneleow/IS3107/IS3107-group11/backend/venv/lib/python3.12/site-packages/airflow/example_dags/example_sensor_decorator.py took 0.095 seconds
[2025-03-24T22:09:00.983+0800] {processor.py:186} INFO - Started process (PID=70342) to work on /Users/dionneleow/IS3107/IS3107-group11/backend/venv/lib/python3.12/site-packages/airflow/example_dags/example_sensor_decorator.py
[2025-03-24T22:09:00.984+0800] {processor.py:914} INFO - Processing file /Users/dionneleow/IS3107/IS3107-group11/backend/venv/lib/python3.12/site-packages/airflow/example_dags/example_sensor_decorator.py for tasks to queue
[2025-03-24T22:09:00.984+0800] {logging_mixin.py:190} INFO - [2025-03-24T22:09:00.984+0800] {dagbag.py:588} INFO - Filling up the DagBag from /Users/dionneleow/IS3107/IS3107-group11/backend/venv/lib/python3.12/site-packages/airflow/example_dags/example_sensor_decorator.py
[2025-03-24T22:09:00.997+0800] {processor.py:925} INFO - DAG(s) 'example_sensor_decorator' retrieved from /Users/dionneleow/IS3107/IS3107-group11/backend/venv/lib/python3.12/site-packages/airflow/example_dags/example_sensor_decorator.py
[2025-03-24T22:09:01.026+0800] {logging_mixin.py:190} INFO - [2025-03-24T22:09:01.026+0800] {workday.py:41} WARNING - Could not import pandas. Holidays will not be considered.
[2025-03-24T22:09:01.058+0800] {logging_mixin.py:190} INFO - [2025-03-24T22:09:01.058+0800] {dag.py:3239} INFO - Sync 1 DAGs
[2025-03-24T22:09:01.063+0800] {logging_mixin.py:190} INFO - [2025-03-24T22:09:01.063+0800] {dag.py:4180} INFO - Setting next_dagrun for example_sensor_decorator to None, run_after=None
[2025-03-24T22:09:01.071+0800] {processor.py:208} INFO - Processing /Users/dionneleow/IS3107/IS3107-group11/backend/venv/lib/python3.12/site-packages/airflow/example_dags/example_sensor_decorator.py took 0.089 seconds
[2025-03-24T22:11:21.702+0800] {processor.py:186} INFO - Started process (PID=71146) to work on /Users/dionneleow/IS3107/IS3107-group11/backend/venv/lib/python3.12/site-packages/airflow/example_dags/example_sensor_decorator.py
[2025-03-24T22:11:21.703+0800] {processor.py:914} INFO - Processing file /Users/dionneleow/IS3107/IS3107-group11/backend/venv/lib/python3.12/site-packages/airflow/example_dags/example_sensor_decorator.py for tasks to queue
[2025-03-24T22:11:21.703+0800] {logging_mixin.py:190} INFO - [2025-03-24T22:11:21.703+0800] {dagbag.py:588} INFO - Filling up the DagBag from /Users/dionneleow/IS3107/IS3107-group11/backend/venv/lib/python3.12/site-packages/airflow/example_dags/example_sensor_decorator.py
[2025-03-24T22:11:21.716+0800] {processor.py:925} INFO - DAG(s) 'example_sensor_decorator' retrieved from /Users/dionneleow/IS3107/IS3107-group11/backend/venv/lib/python3.12/site-packages/airflow/example_dags/example_sensor_decorator.py
[2025-03-24T22:11:21.743+0800] {logging_mixin.py:190} INFO - [2025-03-24T22:11:21.743+0800] {workday.py:41} WARNING - Could not import pandas. Holidays will not be considered.
[2025-03-24T22:11:21.773+0800] {logging_mixin.py:190} INFO - [2025-03-24T22:11:21.772+0800] {dag.py:3239} INFO - Sync 1 DAGs
[2025-03-24T22:11:21.777+0800] {logging_mixin.py:190} INFO - [2025-03-24T22:11:21.777+0800] {dag.py:4180} INFO - Setting next_dagrun for example_sensor_decorator to None, run_after=None
[2025-03-24T22:11:21.783+0800] {processor.py:208} INFO - Processing /Users/dionneleow/IS3107/IS3107-group11/backend/venv/lib/python3.12/site-packages/airflow/example_dags/example_sensor_decorator.py took 0.082 seconds
[2025-03-24T22:13:37.470+0800] {processor.py:186} INFO - Started process (PID=71875) to work on /Users/dionneleow/IS3107/IS3107-group11/backend/venv/lib/python3.12/site-packages/airflow/example_dags/example_sensor_decorator.py
[2025-03-24T22:13:37.470+0800] {processor.py:914} INFO - Processing file /Users/dionneleow/IS3107/IS3107-group11/backend/venv/lib/python3.12/site-packages/airflow/example_dags/example_sensor_decorator.py for tasks to queue
[2025-03-24T22:13:37.471+0800] {logging_mixin.py:190} INFO - [2025-03-24T22:13:37.471+0800] {dagbag.py:588} INFO - Filling up the DagBag from /Users/dionneleow/IS3107/IS3107-group11/backend/venv/lib/python3.12/site-packages/airflow/example_dags/example_sensor_decorator.py
[2025-03-24T22:13:37.487+0800] {processor.py:925} INFO - DAG(s) 'example_sensor_decorator' retrieved from /Users/dionneleow/IS3107/IS3107-group11/backend/venv/lib/python3.12/site-packages/airflow/example_dags/example_sensor_decorator.py
[2025-03-24T22:13:37.519+0800] {logging_mixin.py:190} INFO - [2025-03-24T22:13:37.519+0800] {workday.py:41} WARNING - Could not import pandas. Holidays will not be considered.
[2025-03-24T22:13:37.591+0800] {logging_mixin.py:190} INFO - [2025-03-24T22:13:37.591+0800] {dag.py:3239} INFO - Sync 1 DAGs
[2025-03-24T22:13:37.594+0800] {logging_mixin.py:190} INFO - [2025-03-24T22:13:37.594+0800] {dag.py:4180} INFO - Setting next_dagrun for example_sensor_decorator to None, run_after=None
[2025-03-24T22:13:37.601+0800] {processor.py:208} INFO - Processing /Users/dionneleow/IS3107/IS3107-group11/backend/venv/lib/python3.12/site-packages/airflow/example_dags/example_sensor_decorator.py took 0.135 seconds
[2025-03-24T22:15:58.784+0800] {processor.py:186} INFO - Started process (PID=72739) to work on /Users/dionneleow/IS3107/IS3107-group11/backend/venv/lib/python3.12/site-packages/airflow/example_dags/example_sensor_decorator.py
[2025-03-24T22:15:58.785+0800] {processor.py:914} INFO - Processing file /Users/dionneleow/IS3107/IS3107-group11/backend/venv/lib/python3.12/site-packages/airflow/example_dags/example_sensor_decorator.py for tasks to queue
[2025-03-24T22:15:58.785+0800] {logging_mixin.py:190} INFO - [2025-03-24T22:15:58.785+0800] {dagbag.py:588} INFO - Filling up the DagBag from /Users/dionneleow/IS3107/IS3107-group11/backend/venv/lib/python3.12/site-packages/airflow/example_dags/example_sensor_decorator.py
[2025-03-24T22:15:58.799+0800] {processor.py:925} INFO - DAG(s) 'example_sensor_decorator' retrieved from /Users/dionneleow/IS3107/IS3107-group11/backend/venv/lib/python3.12/site-packages/airflow/example_dags/example_sensor_decorator.py
[2025-03-24T22:15:58.829+0800] {logging_mixin.py:190} INFO - [2025-03-24T22:15:58.829+0800] {workday.py:41} WARNING - Could not import pandas. Holidays will not be considered.
[2025-03-24T22:15:58.861+0800] {logging_mixin.py:190} INFO - [2025-03-24T22:15:58.861+0800] {dag.py:3239} INFO - Sync 1 DAGs
[2025-03-24T22:15:58.864+0800] {logging_mixin.py:190} INFO - [2025-03-24T22:15:58.864+0800] {dag.py:4180} INFO - Setting next_dagrun for example_sensor_decorator to None, run_after=None
[2025-03-24T22:15:58.871+0800] {processor.py:208} INFO - Processing /Users/dionneleow/IS3107/IS3107-group11/backend/venv/lib/python3.12/site-packages/airflow/example_dags/example_sensor_decorator.py took 0.088 seconds
[2025-03-24T22:18:24.878+0800] {processor.py:186} INFO - Started process (PID=73554) to work on /Users/dionneleow/IS3107/IS3107-group11/backend/venv/lib/python3.12/site-packages/airflow/example_dags/example_sensor_decorator.py
[2025-03-24T22:18:24.879+0800] {processor.py:914} INFO - Processing file /Users/dionneleow/IS3107/IS3107-group11/backend/venv/lib/python3.12/site-packages/airflow/example_dags/example_sensor_decorator.py for tasks to queue
[2025-03-24T22:18:24.880+0800] {logging_mixin.py:190} INFO - [2025-03-24T22:18:24.880+0800] {dagbag.py:588} INFO - Filling up the DagBag from /Users/dionneleow/IS3107/IS3107-group11/backend/venv/lib/python3.12/site-packages/airflow/example_dags/example_sensor_decorator.py
[2025-03-24T22:18:24.893+0800] {processor.py:925} INFO - DAG(s) 'example_sensor_decorator' retrieved from /Users/dionneleow/IS3107/IS3107-group11/backend/venv/lib/python3.12/site-packages/airflow/example_dags/example_sensor_decorator.py
[2025-03-24T22:18:24.921+0800] {logging_mixin.py:190} INFO - [2025-03-24T22:18:24.921+0800] {workday.py:41} WARNING - Could not import pandas. Holidays will not be considered.
[2025-03-24T22:18:24.953+0800] {logging_mixin.py:190} INFO - [2025-03-24T22:18:24.953+0800] {dag.py:3239} INFO - Sync 1 DAGs
[2025-03-24T22:18:24.957+0800] {logging_mixin.py:190} INFO - [2025-03-24T22:18:24.957+0800] {dag.py:4180} INFO - Setting next_dagrun for example_sensor_decorator to None, run_after=None
[2025-03-24T22:18:24.963+0800] {processor.py:208} INFO - Processing /Users/dionneleow/IS3107/IS3107-group11/backend/venv/lib/python3.12/site-packages/airflow/example_dags/example_sensor_decorator.py took 0.086 seconds
[2025-03-24T22:20:45.463+0800] {processor.py:186} INFO - Started process (PID=74377) to work on /Users/dionneleow/IS3107/IS3107-group11/backend/venv/lib/python3.12/site-packages/airflow/example_dags/example_sensor_decorator.py
[2025-03-24T22:20:45.463+0800] {processor.py:914} INFO - Processing file /Users/dionneleow/IS3107/IS3107-group11/backend/venv/lib/python3.12/site-packages/airflow/example_dags/example_sensor_decorator.py for tasks to queue
[2025-03-24T22:20:45.464+0800] {logging_mixin.py:190} INFO - [2025-03-24T22:20:45.464+0800] {dagbag.py:588} INFO - Filling up the DagBag from /Users/dionneleow/IS3107/IS3107-group11/backend/venv/lib/python3.12/site-packages/airflow/example_dags/example_sensor_decorator.py
[2025-03-24T22:20:45.477+0800] {processor.py:925} INFO - DAG(s) 'example_sensor_decorator' retrieved from /Users/dionneleow/IS3107/IS3107-group11/backend/venv/lib/python3.12/site-packages/airflow/example_dags/example_sensor_decorator.py
[2025-03-24T22:20:45.503+0800] {logging_mixin.py:190} INFO - [2025-03-24T22:20:45.503+0800] {workday.py:41} WARNING - Could not import pandas. Holidays will not be considered.
[2025-03-24T22:20:45.538+0800] {logging_mixin.py:190} INFO - [2025-03-24T22:20:45.538+0800] {dag.py:3239} INFO - Sync 1 DAGs
[2025-03-24T22:20:45.541+0800] {logging_mixin.py:190} INFO - [2025-03-24T22:20:45.541+0800] {dag.py:4180} INFO - Setting next_dagrun for example_sensor_decorator to None, run_after=None
[2025-03-24T22:20:45.547+0800] {processor.py:208} INFO - Processing /Users/dionneleow/IS3107/IS3107-group11/backend/venv/lib/python3.12/site-packages/airflow/example_dags/example_sensor_decorator.py took 0.086 seconds
