[2025-03-24T21:47:31.504+0800] {processor.py:186} INFO - Started process (PID=62438) to work on /Users/dionneleow/IS3107/IS3107-group11/backend/venv/lib/python3.12/site-packages/airflow/example_dags/example_trigger_target_dag.py
[2025-03-24T21:47:31.505+0800] {processor.py:914} INFO - Processing file /Users/dionneleow/IS3107/IS3107-group11/backend/venv/lib/python3.12/site-packages/airflow/example_dags/example_trigger_target_dag.py for tasks to queue
[2025-03-24T21:47:31.505+0800] {logging_mixin.py:190} INFO - [2025-03-24T21:47:31.505+0800] {dagbag.py:588} INFO - Filling up the DagBag from /Users/dionneleow/IS3107/IS3107-group11/backend/venv/lib/python3.12/site-packages/airflow/example_dags/example_trigger_target_dag.py
[2025-03-24T21:47:31.532+0800] {processor.py:925} INFO - DAG(s) 'example_trigger_target_dag' retrieved from /Users/dionneleow/IS3107/IS3107-group11/backend/venv/lib/python3.12/site-packages/airflow/example_dags/example_trigger_target_dag.py
[2025-03-24T21:47:31.626+0800] {logging_mixin.py:190} INFO - [2025-03-24T21:47:31.626+0800] {override.py:1912} INFO - Created Permission View: can edit on DAG:example_trigger_target_dag
[2025-03-24T21:47:31.630+0800] {logging_mixin.py:190} INFO - [2025-03-24T21:47:31.629+0800] {override.py:1912} INFO - Created Permission View: can read on DAG:example_trigger_target_dag
[2025-03-24T21:47:31.632+0800] {logging_mixin.py:190} INFO - [2025-03-24T21:47:31.632+0800] {override.py:1912} INFO - Created Permission View: can delete on DAG:example_trigger_target_dag
[2025-03-24T21:47:31.635+0800] {logging_mixin.py:190} INFO - [2025-03-24T21:47:31.634+0800] {override.py:1912} INFO - Created Permission View: can read on DAG Run:example_trigger_target_dag
[2025-03-24T21:47:31.637+0800] {logging_mixin.py:190} INFO - [2025-03-24T21:47:31.637+0800] {override.py:1912} INFO - Created Permission View: menu access on DAG Run:example_trigger_target_dag
[2025-03-24T21:47:31.639+0800] {logging_mixin.py:190} INFO - [2025-03-24T21:47:31.639+0800] {override.py:1912} INFO - Created Permission View: can create on DAG Run:example_trigger_target_dag
[2025-03-24T21:47:31.641+0800] {logging_mixin.py:190} INFO - [2025-03-24T21:47:31.641+0800] {override.py:1912} INFO - Created Permission View: can delete on DAG Run:example_trigger_target_dag
[2025-03-24T21:47:31.641+0800] {logging_mixin.py:190} INFO - [2025-03-24T21:47:31.641+0800] {dag.py:3239} INFO - Sync 1 DAGs
[2025-03-24T21:47:31.645+0800] {logging_mixin.py:190} INFO - [2025-03-24T21:47:31.645+0800] {dag.py:3262} INFO - Creating ORM DAG for example_trigger_target_dag
[2025-03-24T21:47:31.645+0800] {logging_mixin.py:190} INFO - [2025-03-24T21:47:31.645+0800] {dag.py:4180} INFO - Setting next_dagrun for example_trigger_target_dag to None, run_after=None
[2025-03-24T21:47:31.652+0800] {processor.py:208} INFO - Processing /Users/dionneleow/IS3107/IS3107-group11/backend/venv/lib/python3.12/site-packages/airflow/example_dags/example_trigger_target_dag.py took 0.149 seconds
[2025-03-24T21:48:39.742+0800] {processor.py:186} INFO - Started process (PID=62937) to work on /Users/dionneleow/IS3107/IS3107-group11/backend/venv/lib/python3.12/site-packages/airflow/example_dags/example_trigger_target_dag.py
[2025-03-24T21:48:39.744+0800] {processor.py:914} INFO - Processing file /Users/dionneleow/IS3107/IS3107-group11/backend/venv/lib/python3.12/site-packages/airflow/example_dags/example_trigger_target_dag.py for tasks to queue
[2025-03-24T21:48:39.744+0800] {logging_mixin.py:190} INFO - [2025-03-24T21:48:39.744+0800] {dagbag.py:588} INFO - Filling up the DagBag from /Users/dionneleow/IS3107/IS3107-group11/backend/venv/lib/python3.12/site-packages/airflow/example_dags/example_trigger_target_dag.py
[2025-03-24T21:48:39.763+0800] {processor.py:925} INFO - DAG(s) 'example_trigger_target_dag' retrieved from /Users/dionneleow/IS3107/IS3107-group11/backend/venv/lib/python3.12/site-packages/airflow/example_dags/example_trigger_target_dag.py
[2025-03-24T21:48:39.824+0800] {logging_mixin.py:190} INFO - [2025-03-24T21:48:39.824+0800] {dag.py:3239} INFO - Sync 1 DAGs
[2025-03-24T21:48:39.828+0800] {logging_mixin.py:190} INFO - [2025-03-24T21:48:39.828+0800] {dag.py:4180} INFO - Setting next_dagrun for example_trigger_target_dag to None, run_after=None
[2025-03-24T21:48:39.836+0800] {processor.py:208} INFO - Processing /Users/dionneleow/IS3107/IS3107-group11/backend/venv/lib/python3.12/site-packages/airflow/example_dags/example_trigger_target_dag.py took 0.096 seconds
[2025-03-24T21:50:30.604+0800] {processor.py:186} INFO - Started process (PID=63770) to work on /Users/dionneleow/IS3107/IS3107-group11/backend/venv/lib/python3.12/site-packages/airflow/example_dags/example_trigger_target_dag.py
[2025-03-24T21:50:30.605+0800] {processor.py:914} INFO - Processing file /Users/dionneleow/IS3107/IS3107-group11/backend/venv/lib/python3.12/site-packages/airflow/example_dags/example_trigger_target_dag.py for tasks to queue
[2025-03-24T21:50:30.605+0800] {logging_mixin.py:190} INFO - [2025-03-24T21:50:30.605+0800] {dagbag.py:588} INFO - Filling up the DagBag from /Users/dionneleow/IS3107/IS3107-group11/backend/venv/lib/python3.12/site-packages/airflow/example_dags/example_trigger_target_dag.py
[2025-03-24T21:50:30.623+0800] {processor.py:925} INFO - DAG(s) 'example_trigger_target_dag' retrieved from /Users/dionneleow/IS3107/IS3107-group11/backend/venv/lib/python3.12/site-packages/airflow/example_dags/example_trigger_target_dag.py
[2025-03-24T21:50:30.680+0800] {logging_mixin.py:190} INFO - [2025-03-24T21:50:30.680+0800] {dag.py:3239} INFO - Sync 1 DAGs
[2025-03-24T21:50:30.684+0800] {logging_mixin.py:190} INFO - [2025-03-24T21:50:30.684+0800] {dag.py:4180} INFO - Setting next_dagrun for example_trigger_target_dag to None, run_after=None
[2025-03-24T21:50:30.695+0800] {processor.py:208} INFO - Processing /Users/dionneleow/IS3107/IS3107-group11/backend/venv/lib/python3.12/site-packages/airflow/example_dags/example_trigger_target_dag.py took 0.092 seconds
[2025-03-24T21:51:45.363+0800] {processor.py:186} INFO - Started process (PID=64278) to work on /Users/dionneleow/IS3107/IS3107-group11/backend/venv/lib/python3.12/site-packages/airflow/example_dags/example_trigger_target_dag.py
[2025-03-24T21:51:45.364+0800] {processor.py:914} INFO - Processing file /Users/dionneleow/IS3107/IS3107-group11/backend/venv/lib/python3.12/site-packages/airflow/example_dags/example_trigger_target_dag.py for tasks to queue
[2025-03-24T21:51:45.365+0800] {logging_mixin.py:190} INFO - [2025-03-24T21:51:45.364+0800] {dagbag.py:588} INFO - Filling up the DagBag from /Users/dionneleow/IS3107/IS3107-group11/backend/venv/lib/python3.12/site-packages/airflow/example_dags/example_trigger_target_dag.py
[2025-03-24T21:51:45.378+0800] {processor.py:925} INFO - DAG(s) 'example_trigger_target_dag' retrieved from /Users/dionneleow/IS3107/IS3107-group11/backend/venv/lib/python3.12/site-packages/airflow/example_dags/example_trigger_target_dag.py
[2025-03-24T21:51:45.433+0800] {logging_mixin.py:190} INFO - [2025-03-24T21:51:45.433+0800] {dag.py:3239} INFO - Sync 1 DAGs
[2025-03-24T21:51:45.438+0800] {logging_mixin.py:190} INFO - [2025-03-24T21:51:45.438+0800] {dag.py:4180} INFO - Setting next_dagrun for example_trigger_target_dag to None, run_after=None
[2025-03-24T21:51:45.448+0800] {processor.py:208} INFO - Processing /Users/dionneleow/IS3107/IS3107-group11/backend/venv/lib/python3.12/site-packages/airflow/example_dags/example_trigger_target_dag.py took 0.086 seconds
[2025-03-24T21:52:56.059+0800] {processor.py:186} INFO - Started process (PID=64692) to work on /Users/dionneleow/IS3107/IS3107-group11/backend/venv/lib/python3.12/site-packages/airflow/example_dags/example_trigger_target_dag.py
[2025-03-24T21:52:56.060+0800] {processor.py:914} INFO - Processing file /Users/dionneleow/IS3107/IS3107-group11/backend/venv/lib/python3.12/site-packages/airflow/example_dags/example_trigger_target_dag.py for tasks to queue
[2025-03-24T21:52:56.060+0800] {logging_mixin.py:190} INFO - [2025-03-24T21:52:56.060+0800] {dagbag.py:588} INFO - Filling up the DagBag from /Users/dionneleow/IS3107/IS3107-group11/backend/venv/lib/python3.12/site-packages/airflow/example_dags/example_trigger_target_dag.py
[2025-03-24T21:52:56.079+0800] {processor.py:925} INFO - DAG(s) 'example_trigger_target_dag' retrieved from /Users/dionneleow/IS3107/IS3107-group11/backend/venv/lib/python3.12/site-packages/airflow/example_dags/example_trigger_target_dag.py
[2025-03-24T21:52:56.146+0800] {logging_mixin.py:190} INFO - [2025-03-24T21:52:56.146+0800] {dag.py:3239} INFO - Sync 1 DAGs
[2025-03-24T21:52:56.150+0800] {logging_mixin.py:190} INFO - [2025-03-24T21:52:56.149+0800] {dag.py:4180} INFO - Setting next_dagrun for example_trigger_target_dag to None, run_after=None
[2025-03-24T21:52:56.156+0800] {processor.py:208} INFO - Processing /Users/dionneleow/IS3107/IS3107-group11/backend/venv/lib/python3.12/site-packages/airflow/example_dags/example_trigger_target_dag.py took 0.100 seconds
[2025-03-24T21:54:03.206+0800] {processor.py:186} INFO - Started process (PID=65101) to work on /Users/dionneleow/IS3107/IS3107-group11/backend/venv/lib/python3.12/site-packages/airflow/example_dags/example_trigger_target_dag.py
[2025-03-24T21:54:03.207+0800] {processor.py:914} INFO - Processing file /Users/dionneleow/IS3107/IS3107-group11/backend/venv/lib/python3.12/site-packages/airflow/example_dags/example_trigger_target_dag.py for tasks to queue
[2025-03-24T21:54:03.207+0800] {logging_mixin.py:190} INFO - [2025-03-24T21:54:03.207+0800] {dagbag.py:588} INFO - Filling up the DagBag from /Users/dionneleow/IS3107/IS3107-group11/backend/venv/lib/python3.12/site-packages/airflow/example_dags/example_trigger_target_dag.py
[2025-03-24T21:54:03.222+0800] {processor.py:925} INFO - DAG(s) 'example_trigger_target_dag' retrieved from /Users/dionneleow/IS3107/IS3107-group11/backend/venv/lib/python3.12/site-packages/airflow/example_dags/example_trigger_target_dag.py
[2025-03-24T21:54:03.279+0800] {logging_mixin.py:190} INFO - [2025-03-24T21:54:03.278+0800] {dag.py:3239} INFO - Sync 1 DAGs
[2025-03-24T21:54:03.282+0800] {logging_mixin.py:190} INFO - [2025-03-24T21:54:03.282+0800] {dag.py:4180} INFO - Setting next_dagrun for example_trigger_target_dag to None, run_after=None
[2025-03-24T21:54:03.288+0800] {processor.py:208} INFO - Processing /Users/dionneleow/IS3107/IS3107-group11/backend/venv/lib/python3.12/site-packages/airflow/example_dags/example_trigger_target_dag.py took 0.084 seconds
[2025-03-24T21:55:09.224+0800] {processor.py:186} INFO - Started process (PID=65535) to work on /Users/dionneleow/IS3107/IS3107-group11/backend/venv/lib/python3.12/site-packages/airflow/example_dags/example_trigger_target_dag.py
[2025-03-24T21:55:09.225+0800] {processor.py:914} INFO - Processing file /Users/dionneleow/IS3107/IS3107-group11/backend/venv/lib/python3.12/site-packages/airflow/example_dags/example_trigger_target_dag.py for tasks to queue
[2025-03-24T21:55:09.225+0800] {logging_mixin.py:190} INFO - [2025-03-24T21:55:09.225+0800] {dagbag.py:588} INFO - Filling up the DagBag from /Users/dionneleow/IS3107/IS3107-group11/backend/venv/lib/python3.12/site-packages/airflow/example_dags/example_trigger_target_dag.py
[2025-03-24T21:55:09.240+0800] {processor.py:925} INFO - DAG(s) 'example_trigger_target_dag' retrieved from /Users/dionneleow/IS3107/IS3107-group11/backend/venv/lib/python3.12/site-packages/airflow/example_dags/example_trigger_target_dag.py
[2025-03-24T21:55:09.303+0800] {logging_mixin.py:190} INFO - [2025-03-24T21:55:09.303+0800] {dag.py:3239} INFO - Sync 1 DAGs
[2025-03-24T21:55:09.307+0800] {logging_mixin.py:190} INFO - [2025-03-24T21:55:09.307+0800] {dag.py:4180} INFO - Setting next_dagrun for example_trigger_target_dag to None, run_after=None
[2025-03-24T21:55:09.313+0800] {processor.py:208} INFO - Processing /Users/dionneleow/IS3107/IS3107-group11/backend/venv/lib/python3.12/site-packages/airflow/example_dags/example_trigger_target_dag.py took 0.090 seconds
[2025-03-24T21:56:20.256+0800] {processor.py:186} INFO - Started process (PID=65973) to work on /Users/dionneleow/IS3107/IS3107-group11/backend/venv/lib/python3.12/site-packages/airflow/example_dags/example_trigger_target_dag.py
[2025-03-24T21:56:20.256+0800] {processor.py:914} INFO - Processing file /Users/dionneleow/IS3107/IS3107-group11/backend/venv/lib/python3.12/site-packages/airflow/example_dags/example_trigger_target_dag.py for tasks to queue
[2025-03-24T21:56:20.257+0800] {logging_mixin.py:190} INFO - [2025-03-24T21:56:20.257+0800] {dagbag.py:588} INFO - Filling up the DagBag from /Users/dionneleow/IS3107/IS3107-group11/backend/venv/lib/python3.12/site-packages/airflow/example_dags/example_trigger_target_dag.py
[2025-03-24T21:56:20.279+0800] {processor.py:925} INFO - DAG(s) 'example_trigger_target_dag' retrieved from /Users/dionneleow/IS3107/IS3107-group11/backend/venv/lib/python3.12/site-packages/airflow/example_dags/example_trigger_target_dag.py
[2025-03-24T21:56:20.336+0800] {logging_mixin.py:190} INFO - [2025-03-24T21:56:20.336+0800] {dag.py:3239} INFO - Sync 1 DAGs
[2025-03-24T21:56:20.339+0800] {logging_mixin.py:190} INFO - [2025-03-24T21:56:20.339+0800] {dag.py:4180} INFO - Setting next_dagrun for example_trigger_target_dag to None, run_after=None
[2025-03-24T21:56:20.347+0800] {processor.py:208} INFO - Processing /Users/dionneleow/IS3107/IS3107-group11/backend/venv/lib/python3.12/site-packages/airflow/example_dags/example_trigger_target_dag.py took 0.092 seconds
[2025-03-24T21:57:28.496+0800] {processor.py:186} INFO - Started process (PID=66444) to work on /Users/dionneleow/IS3107/IS3107-group11/backend/venv/lib/python3.12/site-packages/airflow/example_dags/example_trigger_target_dag.py
[2025-03-24T21:57:28.497+0800] {processor.py:914} INFO - Processing file /Users/dionneleow/IS3107/IS3107-group11/backend/venv/lib/python3.12/site-packages/airflow/example_dags/example_trigger_target_dag.py for tasks to queue
[2025-03-24T21:57:28.497+0800] {logging_mixin.py:190} INFO - [2025-03-24T21:57:28.497+0800] {dagbag.py:588} INFO - Filling up the DagBag from /Users/dionneleow/IS3107/IS3107-group11/backend/venv/lib/python3.12/site-packages/airflow/example_dags/example_trigger_target_dag.py
[2025-03-24T21:57:28.511+0800] {processor.py:925} INFO - DAG(s) 'example_trigger_target_dag' retrieved from /Users/dionneleow/IS3107/IS3107-group11/backend/venv/lib/python3.12/site-packages/airflow/example_dags/example_trigger_target_dag.py
[2025-03-24T21:57:28.565+0800] {logging_mixin.py:190} INFO - [2025-03-24T21:57:28.565+0800] {dag.py:3239} INFO - Sync 1 DAGs
[2025-03-24T21:57:28.568+0800] {logging_mixin.py:190} INFO - [2025-03-24T21:57:28.568+0800] {dag.py:4180} INFO - Setting next_dagrun for example_trigger_target_dag to None, run_after=None
[2025-03-24T21:57:28.574+0800] {processor.py:208} INFO - Processing /Users/dionneleow/IS3107/IS3107-group11/backend/venv/lib/python3.12/site-packages/airflow/example_dags/example_trigger_target_dag.py took 0.079 seconds
[2025-03-24T21:58:38.223+0800] {processor.py:186} INFO - Started process (PID=66856) to work on /Users/dionneleow/IS3107/IS3107-group11/backend/venv/lib/python3.12/site-packages/airflow/example_dags/example_trigger_target_dag.py
[2025-03-24T21:58:38.224+0800] {processor.py:914} INFO - Processing file /Users/dionneleow/IS3107/IS3107-group11/backend/venv/lib/python3.12/site-packages/airflow/example_dags/example_trigger_target_dag.py for tasks to queue
[2025-03-24T21:58:38.224+0800] {logging_mixin.py:190} INFO - [2025-03-24T21:58:38.224+0800] {dagbag.py:588} INFO - Filling up the DagBag from /Users/dionneleow/IS3107/IS3107-group11/backend/venv/lib/python3.12/site-packages/airflow/example_dags/example_trigger_target_dag.py
[2025-03-24T21:58:38.237+0800] {processor.py:925} INFO - DAG(s) 'example_trigger_target_dag' retrieved from /Users/dionneleow/IS3107/IS3107-group11/backend/venv/lib/python3.12/site-packages/airflow/example_dags/example_trigger_target_dag.py
[2025-03-24T21:58:38.291+0800] {logging_mixin.py:190} INFO - [2025-03-24T21:58:38.291+0800] {dag.py:3239} INFO - Sync 1 DAGs
[2025-03-24T21:58:38.297+0800] {logging_mixin.py:190} INFO - [2025-03-24T21:58:38.297+0800] {dag.py:4180} INFO - Setting next_dagrun for example_trigger_target_dag to None, run_after=None
[2025-03-24T21:58:38.306+0800] {processor.py:208} INFO - Processing /Users/dionneleow/IS3107/IS3107-group11/backend/venv/lib/python3.12/site-packages/airflow/example_dags/example_trigger_target_dag.py took 0.084 seconds
[2025-03-24T21:59:43.281+0800] {processor.py:186} INFO - Started process (PID=67187) to work on /Users/dionneleow/IS3107/IS3107-group11/backend/venv/lib/python3.12/site-packages/airflow/example_dags/example_trigger_target_dag.py
[2025-03-24T21:59:43.281+0800] {processor.py:914} INFO - Processing file /Users/dionneleow/IS3107/IS3107-group11/backend/venv/lib/python3.12/site-packages/airflow/example_dags/example_trigger_target_dag.py for tasks to queue
[2025-03-24T21:59:43.282+0800] {logging_mixin.py:190} INFO - [2025-03-24T21:59:43.282+0800] {dagbag.py:588} INFO - Filling up the DagBag from /Users/dionneleow/IS3107/IS3107-group11/backend/venv/lib/python3.12/site-packages/airflow/example_dags/example_trigger_target_dag.py
[2025-03-24T21:59:43.295+0800] {processor.py:925} INFO - DAG(s) 'example_trigger_target_dag' retrieved from /Users/dionneleow/IS3107/IS3107-group11/backend/venv/lib/python3.12/site-packages/airflow/example_dags/example_trigger_target_dag.py
[2025-03-24T21:59:43.350+0800] {logging_mixin.py:190} INFO - [2025-03-24T21:59:43.350+0800] {dag.py:3239} INFO - Sync 1 DAGs
[2025-03-24T21:59:43.353+0800] {logging_mixin.py:190} INFO - [2025-03-24T21:59:43.353+0800] {dag.py:4180} INFO - Setting next_dagrun for example_trigger_target_dag to None, run_after=None
[2025-03-24T21:59:43.360+0800] {processor.py:208} INFO - Processing /Users/dionneleow/IS3107/IS3107-group11/backend/venv/lib/python3.12/site-packages/airflow/example_dags/example_trigger_target_dag.py took 0.080 seconds
[2025-03-24T22:00:46.268+0800] {processor.py:186} INFO - Started process (PID=67561) to work on /Users/dionneleow/IS3107/IS3107-group11/backend/venv/lib/python3.12/site-packages/airflow/example_dags/example_trigger_target_dag.py
[2025-03-24T22:00:46.269+0800] {processor.py:914} INFO - Processing file /Users/dionneleow/IS3107/IS3107-group11/backend/venv/lib/python3.12/site-packages/airflow/example_dags/example_trigger_target_dag.py for tasks to queue
[2025-03-24T22:00:46.269+0800] {logging_mixin.py:190} INFO - [2025-03-24T22:00:46.269+0800] {dagbag.py:588} INFO - Filling up the DagBag from /Users/dionneleow/IS3107/IS3107-group11/backend/venv/lib/python3.12/site-packages/airflow/example_dags/example_trigger_target_dag.py
[2025-03-24T22:00:46.282+0800] {processor.py:925} INFO - DAG(s) 'example_trigger_target_dag' retrieved from /Users/dionneleow/IS3107/IS3107-group11/backend/venv/lib/python3.12/site-packages/airflow/example_dags/example_trigger_target_dag.py
[2025-03-24T22:00:46.338+0800] {logging_mixin.py:190} INFO - [2025-03-24T22:00:46.338+0800] {dag.py:3239} INFO - Sync 1 DAGs
[2025-03-24T22:00:46.342+0800] {logging_mixin.py:190} INFO - [2025-03-24T22:00:46.342+0800] {dag.py:4180} INFO - Setting next_dagrun for example_trigger_target_dag to None, run_after=None
[2025-03-24T22:00:46.349+0800] {processor.py:208} INFO - Processing /Users/dionneleow/IS3107/IS3107-group11/backend/venv/lib/python3.12/site-packages/airflow/example_dags/example_trigger_target_dag.py took 0.082 seconds
[2025-03-24T22:01:48.635+0800] {processor.py:186} INFO - Started process (PID=67908) to work on /Users/dionneleow/IS3107/IS3107-group11/backend/venv/lib/python3.12/site-packages/airflow/example_dags/example_trigger_target_dag.py
[2025-03-24T22:01:48.636+0800] {processor.py:914} INFO - Processing file /Users/dionneleow/IS3107/IS3107-group11/backend/venv/lib/python3.12/site-packages/airflow/example_dags/example_trigger_target_dag.py for tasks to queue
[2025-03-24T22:01:48.636+0800] {logging_mixin.py:190} INFO - [2025-03-24T22:01:48.636+0800] {dagbag.py:588} INFO - Filling up the DagBag from /Users/dionneleow/IS3107/IS3107-group11/backend/venv/lib/python3.12/site-packages/airflow/example_dags/example_trigger_target_dag.py
[2025-03-24T22:01:48.651+0800] {processor.py:925} INFO - DAG(s) 'example_trigger_target_dag' retrieved from /Users/dionneleow/IS3107/IS3107-group11/backend/venv/lib/python3.12/site-packages/airflow/example_dags/example_trigger_target_dag.py
[2025-03-24T22:01:48.707+0800] {logging_mixin.py:190} INFO - [2025-03-24T22:01:48.706+0800] {dag.py:3239} INFO - Sync 1 DAGs
[2025-03-24T22:01:48.710+0800] {logging_mixin.py:190} INFO - [2025-03-24T22:01:48.710+0800] {dag.py:4180} INFO - Setting next_dagrun for example_trigger_target_dag to None, run_after=None
[2025-03-24T22:01:48.717+0800] {processor.py:208} INFO - Processing /Users/dionneleow/IS3107/IS3107-group11/backend/venv/lib/python3.12/site-packages/airflow/example_dags/example_trigger_target_dag.py took 0.082 seconds
[2025-03-24T22:02:55.613+0800] {processor.py:186} INFO - Started process (PID=68326) to work on /Users/dionneleow/IS3107/IS3107-group11/backend/venv/lib/python3.12/site-packages/airflow/example_dags/example_trigger_target_dag.py
[2025-03-24T22:02:55.613+0800] {processor.py:914} INFO - Processing file /Users/dionneleow/IS3107/IS3107-group11/backend/venv/lib/python3.12/site-packages/airflow/example_dags/example_trigger_target_dag.py for tasks to queue
[2025-03-24T22:02:55.614+0800] {logging_mixin.py:190} INFO - [2025-03-24T22:02:55.614+0800] {dagbag.py:588} INFO - Filling up the DagBag from /Users/dionneleow/IS3107/IS3107-group11/backend/venv/lib/python3.12/site-packages/airflow/example_dags/example_trigger_target_dag.py
[2025-03-24T22:02:55.629+0800] {processor.py:925} INFO - DAG(s) 'example_trigger_target_dag' retrieved from /Users/dionneleow/IS3107/IS3107-group11/backend/venv/lib/python3.12/site-packages/airflow/example_dags/example_trigger_target_dag.py
[2025-03-24T22:02:55.688+0800] {logging_mixin.py:190} INFO - [2025-03-24T22:02:55.688+0800] {dag.py:3239} INFO - Sync 1 DAGs
[2025-03-24T22:02:55.692+0800] {logging_mixin.py:190} INFO - [2025-03-24T22:02:55.692+0800] {dag.py:4180} INFO - Setting next_dagrun for example_trigger_target_dag to None, run_after=None
[2025-03-24T22:02:55.699+0800] {processor.py:208} INFO - Processing /Users/dionneleow/IS3107/IS3107-group11/backend/venv/lib/python3.12/site-packages/airflow/example_dags/example_trigger_target_dag.py took 0.088 seconds
[2025-03-24T22:04:03.039+0800] {processor.py:186} INFO - Started process (PID=68756) to work on /Users/dionneleow/IS3107/IS3107-group11/backend/venv/lib/python3.12/site-packages/airflow/example_dags/example_trigger_target_dag.py
[2025-03-24T22:04:03.040+0800] {processor.py:914} INFO - Processing file /Users/dionneleow/IS3107/IS3107-group11/backend/venv/lib/python3.12/site-packages/airflow/example_dags/example_trigger_target_dag.py for tasks to queue
[2025-03-24T22:04:03.040+0800] {logging_mixin.py:190} INFO - [2025-03-24T22:04:03.040+0800] {dagbag.py:588} INFO - Filling up the DagBag from /Users/dionneleow/IS3107/IS3107-group11/backend/venv/lib/python3.12/site-packages/airflow/example_dags/example_trigger_target_dag.py
[2025-03-24T22:04:03.054+0800] {processor.py:925} INFO - DAG(s) 'example_trigger_target_dag' retrieved from /Users/dionneleow/IS3107/IS3107-group11/backend/venv/lib/python3.12/site-packages/airflow/example_dags/example_trigger_target_dag.py
[2025-03-24T22:04:03.106+0800] {logging_mixin.py:190} INFO - [2025-03-24T22:04:03.106+0800] {dag.py:3239} INFO - Sync 1 DAGs
[2025-03-24T22:04:03.109+0800] {logging_mixin.py:190} INFO - [2025-03-24T22:04:03.109+0800] {dag.py:4180} INFO - Setting next_dagrun for example_trigger_target_dag to None, run_after=None
[2025-03-24T22:04:03.115+0800] {processor.py:208} INFO - Processing /Users/dionneleow/IS3107/IS3107-group11/backend/venv/lib/python3.12/site-packages/airflow/example_dags/example_trigger_target_dag.py took 0.077 seconds
[2025-03-24T22:05:11.711+0800] {processor.py:186} INFO - Started process (PID=69128) to work on /Users/dionneleow/IS3107/IS3107-group11/backend/venv/lib/python3.12/site-packages/airflow/example_dags/example_trigger_target_dag.py
[2025-03-24T22:05:11.712+0800] {processor.py:914} INFO - Processing file /Users/dionneleow/IS3107/IS3107-group11/backend/venv/lib/python3.12/site-packages/airflow/example_dags/example_trigger_target_dag.py for tasks to queue
[2025-03-24T22:05:11.712+0800] {logging_mixin.py:190} INFO - [2025-03-24T22:05:11.712+0800] {dagbag.py:588} INFO - Filling up the DagBag from /Users/dionneleow/IS3107/IS3107-group11/backend/venv/lib/python3.12/site-packages/airflow/example_dags/example_trigger_target_dag.py
[2025-03-24T22:05:11.725+0800] {processor.py:925} INFO - DAG(s) 'example_trigger_target_dag' retrieved from /Users/dionneleow/IS3107/IS3107-group11/backend/venv/lib/python3.12/site-packages/airflow/example_dags/example_trigger_target_dag.py
[2025-03-24T22:05:11.777+0800] {logging_mixin.py:190} INFO - [2025-03-24T22:05:11.777+0800] {dag.py:3239} INFO - Sync 1 DAGs
[2025-03-24T22:05:11.780+0800] {logging_mixin.py:190} INFO - [2025-03-24T22:05:11.780+0800] {dag.py:4180} INFO - Setting next_dagrun for example_trigger_target_dag to None, run_after=None
[2025-03-24T22:05:11.787+0800] {processor.py:208} INFO - Processing /Users/dionneleow/IS3107/IS3107-group11/backend/venv/lib/python3.12/site-packages/airflow/example_dags/example_trigger_target_dag.py took 0.077 seconds
[2025-03-24T22:06:19.238+0800] {processor.py:186} INFO - Started process (PID=69456) to work on /Users/dionneleow/IS3107/IS3107-group11/backend/venv/lib/python3.12/site-packages/airflow/example_dags/example_trigger_target_dag.py
[2025-03-24T22:06:19.239+0800] {processor.py:914} INFO - Processing file /Users/dionneleow/IS3107/IS3107-group11/backend/venv/lib/python3.12/site-packages/airflow/example_dags/example_trigger_target_dag.py for tasks to queue
[2025-03-24T22:06:19.239+0800] {logging_mixin.py:190} INFO - [2025-03-24T22:06:19.239+0800] {dagbag.py:588} INFO - Filling up the DagBag from /Users/dionneleow/IS3107/IS3107-group11/backend/venv/lib/python3.12/site-packages/airflow/example_dags/example_trigger_target_dag.py
[2025-03-24T22:06:19.252+0800] {processor.py:925} INFO - DAG(s) 'example_trigger_target_dag' retrieved from /Users/dionneleow/IS3107/IS3107-group11/backend/venv/lib/python3.12/site-packages/airflow/example_dags/example_trigger_target_dag.py
[2025-03-24T22:06:19.304+0800] {logging_mixin.py:190} INFO - [2025-03-24T22:06:19.304+0800] {dag.py:3239} INFO - Sync 1 DAGs
[2025-03-24T22:06:19.308+0800] {logging_mixin.py:190} INFO - [2025-03-24T22:06:19.308+0800] {dag.py:4180} INFO - Setting next_dagrun for example_trigger_target_dag to None, run_after=None
[2025-03-24T22:06:19.314+0800] {processor.py:208} INFO - Processing /Users/dionneleow/IS3107/IS3107-group11/backend/venv/lib/python3.12/site-packages/airflow/example_dags/example_trigger_target_dag.py took 0.077 seconds
[2025-03-24T22:07:30.361+0800] {processor.py:186} INFO - Started process (PID=69844) to work on /Users/dionneleow/IS3107/IS3107-group11/backend/venv/lib/python3.12/site-packages/airflow/example_dags/example_trigger_target_dag.py
[2025-03-24T22:07:30.362+0800] {processor.py:914} INFO - Processing file /Users/dionneleow/IS3107/IS3107-group11/backend/venv/lib/python3.12/site-packages/airflow/example_dags/example_trigger_target_dag.py for tasks to queue
[2025-03-24T22:07:30.362+0800] {logging_mixin.py:190} INFO - [2025-03-24T22:07:30.362+0800] {dagbag.py:588} INFO - Filling up the DagBag from /Users/dionneleow/IS3107/IS3107-group11/backend/venv/lib/python3.12/site-packages/airflow/example_dags/example_trigger_target_dag.py
[2025-03-24T22:07:30.376+0800] {processor.py:925} INFO - DAG(s) 'example_trigger_target_dag' retrieved from /Users/dionneleow/IS3107/IS3107-group11/backend/venv/lib/python3.12/site-packages/airflow/example_dags/example_trigger_target_dag.py
[2025-03-24T22:07:30.429+0800] {logging_mixin.py:190} INFO - [2025-03-24T22:07:30.429+0800] {dag.py:3239} INFO - Sync 1 DAGs
[2025-03-24T22:07:30.432+0800] {logging_mixin.py:190} INFO - [2025-03-24T22:07:30.432+0800] {dag.py:4180} INFO - Setting next_dagrun for example_trigger_target_dag to None, run_after=None
[2025-03-24T22:07:30.439+0800] {processor.py:208} INFO - Processing /Users/dionneleow/IS3107/IS3107-group11/backend/venv/lib/python3.12/site-packages/airflow/example_dags/example_trigger_target_dag.py took 0.079 seconds
[2025-03-24T22:08:42.342+0800] {processor.py:186} INFO - Started process (PID=70246) to work on /Users/dionneleow/IS3107/IS3107-group11/backend/venv/lib/python3.12/site-packages/airflow/example_dags/example_trigger_target_dag.py
[2025-03-24T22:08:42.344+0800] {processor.py:914} INFO - Processing file /Users/dionneleow/IS3107/IS3107-group11/backend/venv/lib/python3.12/site-packages/airflow/example_dags/example_trigger_target_dag.py for tasks to queue
[2025-03-24T22:08:42.345+0800] {logging_mixin.py:190} INFO - [2025-03-24T22:08:42.345+0800] {dagbag.py:588} INFO - Filling up the DagBag from /Users/dionneleow/IS3107/IS3107-group11/backend/venv/lib/python3.12/site-packages/airflow/example_dags/example_trigger_target_dag.py
[2025-03-24T22:08:42.359+0800] {processor.py:925} INFO - DAG(s) 'example_trigger_target_dag' retrieved from /Users/dionneleow/IS3107/IS3107-group11/backend/venv/lib/python3.12/site-packages/airflow/example_dags/example_trigger_target_dag.py
[2025-03-24T22:08:42.417+0800] {logging_mixin.py:190} INFO - [2025-03-24T22:08:42.417+0800] {dag.py:3239} INFO - Sync 1 DAGs
[2025-03-24T22:08:42.420+0800] {logging_mixin.py:190} INFO - [2025-03-24T22:08:42.420+0800] {dag.py:4180} INFO - Setting next_dagrun for example_trigger_target_dag to None, run_after=None
[2025-03-24T22:08:42.426+0800] {processor.py:208} INFO - Processing /Users/dionneleow/IS3107/IS3107-group11/backend/venv/lib/python3.12/site-packages/airflow/example_dags/example_trigger_target_dag.py took 0.086 seconds
[2025-03-24T22:09:54.082+0800] {processor.py:186} INFO - Started process (PID=70641) to work on /Users/dionneleow/IS3107/IS3107-group11/backend/venv/lib/python3.12/site-packages/airflow/example_dags/example_trigger_target_dag.py
[2025-03-24T22:09:54.083+0800] {processor.py:914} INFO - Processing file /Users/dionneleow/IS3107/IS3107-group11/backend/venv/lib/python3.12/site-packages/airflow/example_dags/example_trigger_target_dag.py for tasks to queue
[2025-03-24T22:09:54.083+0800] {logging_mixin.py:190} INFO - [2025-03-24T22:09:54.083+0800] {dagbag.py:588} INFO - Filling up the DagBag from /Users/dionneleow/IS3107/IS3107-group11/backend/venv/lib/python3.12/site-packages/airflow/example_dags/example_trigger_target_dag.py
[2025-03-24T22:09:54.097+0800] {processor.py:925} INFO - DAG(s) 'example_trigger_target_dag' retrieved from /Users/dionneleow/IS3107/IS3107-group11/backend/venv/lib/python3.12/site-packages/airflow/example_dags/example_trigger_target_dag.py
[2025-03-24T22:09:54.150+0800] {logging_mixin.py:190} INFO - [2025-03-24T22:09:54.150+0800] {dag.py:3239} INFO - Sync 1 DAGs
[2025-03-24T22:09:54.154+0800] {logging_mixin.py:190} INFO - [2025-03-24T22:09:54.154+0800] {dag.py:4180} INFO - Setting next_dagrun for example_trigger_target_dag to None, run_after=None
[2025-03-24T22:09:54.160+0800] {processor.py:208} INFO - Processing /Users/dionneleow/IS3107/IS3107-group11/backend/venv/lib/python3.12/site-packages/airflow/example_dags/example_trigger_target_dag.py took 0.079 seconds
[2025-03-24T22:11:03.686+0800] {processor.py:186} INFO - Started process (PID=71061) to work on /Users/dionneleow/IS3107/IS3107-group11/backend/venv/lib/python3.12/site-packages/airflow/example_dags/example_trigger_target_dag.py
[2025-03-24T22:11:03.690+0800] {processor.py:914} INFO - Processing file /Users/dionneleow/IS3107/IS3107-group11/backend/venv/lib/python3.12/site-packages/airflow/example_dags/example_trigger_target_dag.py for tasks to queue
[2025-03-24T22:11:03.690+0800] {logging_mixin.py:190} INFO - [2025-03-24T22:11:03.690+0800] {dagbag.py:588} INFO - Filling up the DagBag from /Users/dionneleow/IS3107/IS3107-group11/backend/venv/lib/python3.12/site-packages/airflow/example_dags/example_trigger_target_dag.py
[2025-03-24T22:11:03.703+0800] {processor.py:925} INFO - DAG(s) 'example_trigger_target_dag' retrieved from /Users/dionneleow/IS3107/IS3107-group11/backend/venv/lib/python3.12/site-packages/airflow/example_dags/example_trigger_target_dag.py
[2025-03-24T22:11:03.757+0800] {logging_mixin.py:190} INFO - [2025-03-24T22:11:03.757+0800] {dag.py:3239} INFO - Sync 1 DAGs
[2025-03-24T22:11:03.763+0800] {logging_mixin.py:190} INFO - [2025-03-24T22:11:03.763+0800] {dag.py:4180} INFO - Setting next_dagrun for example_trigger_target_dag to None, run_after=None
[2025-03-24T22:11:03.769+0800] {processor.py:208} INFO - Processing /Users/dionneleow/IS3107/IS3107-group11/backend/venv/lib/python3.12/site-packages/airflow/example_dags/example_trigger_target_dag.py took 0.083 seconds
[2025-03-24T22:12:12.041+0800] {processor.py:186} INFO - Started process (PID=71391) to work on /Users/dionneleow/IS3107/IS3107-group11/backend/venv/lib/python3.12/site-packages/airflow/example_dags/example_trigger_target_dag.py
[2025-03-24T22:12:12.042+0800] {processor.py:914} INFO - Processing file /Users/dionneleow/IS3107/IS3107-group11/backend/venv/lib/python3.12/site-packages/airflow/example_dags/example_trigger_target_dag.py for tasks to queue
[2025-03-24T22:12:12.042+0800] {logging_mixin.py:190} INFO - [2025-03-24T22:12:12.042+0800] {dagbag.py:588} INFO - Filling up the DagBag from /Users/dionneleow/IS3107/IS3107-group11/backend/venv/lib/python3.12/site-packages/airflow/example_dags/example_trigger_target_dag.py
[2025-03-24T22:12:12.055+0800] {processor.py:925} INFO - DAG(s) 'example_trigger_target_dag' retrieved from /Users/dionneleow/IS3107/IS3107-group11/backend/venv/lib/python3.12/site-packages/airflow/example_dags/example_trigger_target_dag.py
[2025-03-24T22:12:12.107+0800] {logging_mixin.py:190} INFO - [2025-03-24T22:12:12.107+0800] {dag.py:3239} INFO - Sync 1 DAGs
[2025-03-24T22:12:12.111+0800] {logging_mixin.py:190} INFO - [2025-03-24T22:12:12.111+0800] {dag.py:4180} INFO - Setting next_dagrun for example_trigger_target_dag to None, run_after=None
[2025-03-24T22:12:12.118+0800] {processor.py:208} INFO - Processing /Users/dionneleow/IS3107/IS3107-group11/backend/venv/lib/python3.12/site-packages/airflow/example_dags/example_trigger_target_dag.py took 0.078 seconds
[2025-03-24T22:13:19.010+0800] {processor.py:186} INFO - Started process (PID=71769) to work on /Users/dionneleow/IS3107/IS3107-group11/backend/venv/lib/python3.12/site-packages/airflow/example_dags/example_trigger_target_dag.py
[2025-03-24T22:13:19.011+0800] {processor.py:914} INFO - Processing file /Users/dionneleow/IS3107/IS3107-group11/backend/venv/lib/python3.12/site-packages/airflow/example_dags/example_trigger_target_dag.py for tasks to queue
[2025-03-24T22:13:19.011+0800] {logging_mixin.py:190} INFO - [2025-03-24T22:13:19.011+0800] {dagbag.py:588} INFO - Filling up the DagBag from /Users/dionneleow/IS3107/IS3107-group11/backend/venv/lib/python3.12/site-packages/airflow/example_dags/example_trigger_target_dag.py
[2025-03-24T22:13:19.025+0800] {processor.py:925} INFO - DAG(s) 'example_trigger_target_dag' retrieved from /Users/dionneleow/IS3107/IS3107-group11/backend/venv/lib/python3.12/site-packages/airflow/example_dags/example_trigger_target_dag.py
[2025-03-24T22:13:19.081+0800] {logging_mixin.py:190} INFO - [2025-03-24T22:13:19.081+0800] {dag.py:3239} INFO - Sync 1 DAGs
[2025-03-24T22:13:19.085+0800] {logging_mixin.py:190} INFO - [2025-03-24T22:13:19.085+0800] {dag.py:4180} INFO - Setting next_dagrun for example_trigger_target_dag to None, run_after=None
[2025-03-24T22:13:19.091+0800] {processor.py:208} INFO - Processing /Users/dionneleow/IS3107/IS3107-group11/backend/venv/lib/python3.12/site-packages/airflow/example_dags/example_trigger_target_dag.py took 0.083 seconds
[2025-03-24T22:14:30.494+0800] {processor.py:186} INFO - Started process (PID=72205) to work on /Users/dionneleow/IS3107/IS3107-group11/backend/venv/lib/python3.12/site-packages/airflow/example_dags/example_trigger_target_dag.py
[2025-03-24T22:14:30.495+0800] {processor.py:914} INFO - Processing file /Users/dionneleow/IS3107/IS3107-group11/backend/venv/lib/python3.12/site-packages/airflow/example_dags/example_trigger_target_dag.py for tasks to queue
[2025-03-24T22:14:30.495+0800] {logging_mixin.py:190} INFO - [2025-03-24T22:14:30.495+0800] {dagbag.py:588} INFO - Filling up the DagBag from /Users/dionneleow/IS3107/IS3107-group11/backend/venv/lib/python3.12/site-packages/airflow/example_dags/example_trigger_target_dag.py
[2025-03-24T22:14:30.511+0800] {processor.py:925} INFO - DAG(s) 'example_trigger_target_dag' retrieved from /Users/dionneleow/IS3107/IS3107-group11/backend/venv/lib/python3.12/site-packages/airflow/example_dags/example_trigger_target_dag.py
[2025-03-24T22:14:30.565+0800] {logging_mixin.py:190} INFO - [2025-03-24T22:14:30.564+0800] {dag.py:3239} INFO - Sync 1 DAGs
[2025-03-24T22:14:30.568+0800] {logging_mixin.py:190} INFO - [2025-03-24T22:14:30.568+0800] {dag.py:4180} INFO - Setting next_dagrun for example_trigger_target_dag to None, run_after=None
[2025-03-24T22:14:30.575+0800] {processor.py:208} INFO - Processing /Users/dionneleow/IS3107/IS3107-group11/backend/venv/lib/python3.12/site-packages/airflow/example_dags/example_trigger_target_dag.py took 0.083 seconds
[2025-03-24T22:15:41.724+0800] {processor.py:186} INFO - Started process (PID=72632) to work on /Users/dionneleow/IS3107/IS3107-group11/backend/venv/lib/python3.12/site-packages/airflow/example_dags/example_trigger_target_dag.py
[2025-03-24T22:15:41.724+0800] {processor.py:914} INFO - Processing file /Users/dionneleow/IS3107/IS3107-group11/backend/venv/lib/python3.12/site-packages/airflow/example_dags/example_trigger_target_dag.py for tasks to queue
[2025-03-24T22:15:41.725+0800] {logging_mixin.py:190} INFO - [2025-03-24T22:15:41.725+0800] {dagbag.py:588} INFO - Filling up the DagBag from /Users/dionneleow/IS3107/IS3107-group11/backend/venv/lib/python3.12/site-packages/airflow/example_dags/example_trigger_target_dag.py
[2025-03-24T22:15:41.738+0800] {processor.py:925} INFO - DAG(s) 'example_trigger_target_dag' retrieved from /Users/dionneleow/IS3107/IS3107-group11/backend/venv/lib/python3.12/site-packages/airflow/example_dags/example_trigger_target_dag.py
[2025-03-24T22:15:41.792+0800] {logging_mixin.py:190} INFO - [2025-03-24T22:15:41.792+0800] {dag.py:3239} INFO - Sync 1 DAGs
[2025-03-24T22:15:41.796+0800] {logging_mixin.py:190} INFO - [2025-03-24T22:15:41.796+0800] {dag.py:4180} INFO - Setting next_dagrun for example_trigger_target_dag to None, run_after=None
[2025-03-24T22:15:41.802+0800] {processor.py:208} INFO - Processing /Users/dionneleow/IS3107/IS3107-group11/backend/venv/lib/python3.12/site-packages/airflow/example_dags/example_trigger_target_dag.py took 0.079 seconds
[2025-03-24T22:16:51.995+0800] {processor.py:186} INFO - Started process (PID=73056) to work on /Users/dionneleow/IS3107/IS3107-group11/backend/venv/lib/python3.12/site-packages/airflow/example_dags/example_trigger_target_dag.py
[2025-03-24T22:16:51.995+0800] {processor.py:914} INFO - Processing file /Users/dionneleow/IS3107/IS3107-group11/backend/venv/lib/python3.12/site-packages/airflow/example_dags/example_trigger_target_dag.py for tasks to queue
[2025-03-24T22:16:51.996+0800] {logging_mixin.py:190} INFO - [2025-03-24T22:16:51.996+0800] {dagbag.py:588} INFO - Filling up the DagBag from /Users/dionneleow/IS3107/IS3107-group11/backend/venv/lib/python3.12/site-packages/airflow/example_dags/example_trigger_target_dag.py
[2025-03-24T22:16:52.017+0800] {processor.py:925} INFO - DAG(s) 'example_trigger_target_dag' retrieved from /Users/dionneleow/IS3107/IS3107-group11/backend/venv/lib/python3.12/site-packages/airflow/example_dags/example_trigger_target_dag.py
[2025-03-24T22:16:52.094+0800] {logging_mixin.py:190} INFO - [2025-03-24T22:16:52.094+0800] {dag.py:3239} INFO - Sync 1 DAGs
[2025-03-24T22:16:52.100+0800] {logging_mixin.py:190} INFO - [2025-03-24T22:16:52.100+0800] {dag.py:4180} INFO - Setting next_dagrun for example_trigger_target_dag to None, run_after=None
[2025-03-24T22:16:52.112+0800] {processor.py:208} INFO - Processing /Users/dionneleow/IS3107/IS3107-group11/backend/venv/lib/python3.12/site-packages/airflow/example_dags/example_trigger_target_dag.py took 0.119 seconds
[2025-03-24T22:18:04.991+0800] {processor.py:186} INFO - Started process (PID=73452) to work on /Users/dionneleow/IS3107/IS3107-group11/backend/venv/lib/python3.12/site-packages/airflow/example_dags/example_trigger_target_dag.py
[2025-03-24T22:18:04.992+0800] {processor.py:914} INFO - Processing file /Users/dionneleow/IS3107/IS3107-group11/backend/venv/lib/python3.12/site-packages/airflow/example_dags/example_trigger_target_dag.py for tasks to queue
[2025-03-24T22:18:04.993+0800] {logging_mixin.py:190} INFO - [2025-03-24T22:18:04.992+0800] {dagbag.py:588} INFO - Filling up the DagBag from /Users/dionneleow/IS3107/IS3107-group11/backend/venv/lib/python3.12/site-packages/airflow/example_dags/example_trigger_target_dag.py
[2025-03-24T22:18:05.007+0800] {processor.py:925} INFO - DAG(s) 'example_trigger_target_dag' retrieved from /Users/dionneleow/IS3107/IS3107-group11/backend/venv/lib/python3.12/site-packages/airflow/example_dags/example_trigger_target_dag.py
[2025-03-24T22:18:05.062+0800] {logging_mixin.py:190} INFO - [2025-03-24T22:18:05.062+0800] {dag.py:3239} INFO - Sync 1 DAGs
[2025-03-24T22:18:05.066+0800] {logging_mixin.py:190} INFO - [2025-03-24T22:18:05.066+0800] {dag.py:4180} INFO - Setting next_dagrun for example_trigger_target_dag to None, run_after=None
[2025-03-24T22:18:05.072+0800] {processor.py:208} INFO - Processing /Users/dionneleow/IS3107/IS3107-group11/backend/venv/lib/python3.12/site-packages/airflow/example_dags/example_trigger_target_dag.py took 0.081 seconds
[2025-03-24T22:19:17.853+0800] {processor.py:186} INFO - Started process (PID=73857) to work on /Users/dionneleow/IS3107/IS3107-group11/backend/venv/lib/python3.12/site-packages/airflow/example_dags/example_trigger_target_dag.py
[2025-03-24T22:19:17.853+0800] {processor.py:914} INFO - Processing file /Users/dionneleow/IS3107/IS3107-group11/backend/venv/lib/python3.12/site-packages/airflow/example_dags/example_trigger_target_dag.py for tasks to queue
[2025-03-24T22:19:17.854+0800] {logging_mixin.py:190} INFO - [2025-03-24T22:19:17.854+0800] {dagbag.py:588} INFO - Filling up the DagBag from /Users/dionneleow/IS3107/IS3107-group11/backend/venv/lib/python3.12/site-packages/airflow/example_dags/example_trigger_target_dag.py
[2025-03-24T22:19:17.868+0800] {processor.py:925} INFO - DAG(s) 'example_trigger_target_dag' retrieved from /Users/dionneleow/IS3107/IS3107-group11/backend/venv/lib/python3.12/site-packages/airflow/example_dags/example_trigger_target_dag.py
[2025-03-24T22:19:17.925+0800] {logging_mixin.py:190} INFO - [2025-03-24T22:19:17.925+0800] {dag.py:3239} INFO - Sync 1 DAGs
[2025-03-24T22:19:17.928+0800] {logging_mixin.py:190} INFO - [2025-03-24T22:19:17.928+0800] {dag.py:4180} INFO - Setting next_dagrun for example_trigger_target_dag to None, run_after=None
[2025-03-24T22:19:17.935+0800] {processor.py:208} INFO - Processing /Users/dionneleow/IS3107/IS3107-group11/backend/venv/lib/python3.12/site-packages/airflow/example_dags/example_trigger_target_dag.py took 0.084 seconds
[2025-03-24T22:20:29.505+0800] {processor.py:186} INFO - Started process (PID=74254) to work on /Users/dionneleow/IS3107/IS3107-group11/backend/venv/lib/python3.12/site-packages/airflow/example_dags/example_trigger_target_dag.py
[2025-03-24T22:20:29.505+0800] {processor.py:914} INFO - Processing file /Users/dionneleow/IS3107/IS3107-group11/backend/venv/lib/python3.12/site-packages/airflow/example_dags/example_trigger_target_dag.py for tasks to queue
[2025-03-24T22:20:29.506+0800] {logging_mixin.py:190} INFO - [2025-03-24T22:20:29.506+0800] {dagbag.py:588} INFO - Filling up the DagBag from /Users/dionneleow/IS3107/IS3107-group11/backend/venv/lib/python3.12/site-packages/airflow/example_dags/example_trigger_target_dag.py
[2025-03-24T22:20:29.520+0800] {processor.py:925} INFO - DAG(s) 'example_trigger_target_dag' retrieved from /Users/dionneleow/IS3107/IS3107-group11/backend/venv/lib/python3.12/site-packages/airflow/example_dags/example_trigger_target_dag.py
[2025-03-24T22:20:29.578+0800] {logging_mixin.py:190} INFO - [2025-03-24T22:20:29.577+0800] {dag.py:3239} INFO - Sync 1 DAGs
[2025-03-24T22:20:29.581+0800] {logging_mixin.py:190} INFO - [2025-03-24T22:20:29.581+0800] {dag.py:4180} INFO - Setting next_dagrun for example_trigger_target_dag to None, run_after=None
[2025-03-24T22:20:29.588+0800] {processor.py:208} INFO - Processing /Users/dionneleow/IS3107/IS3107-group11/backend/venv/lib/python3.12/site-packages/airflow/example_dags/example_trigger_target_dag.py took 0.085 seconds
