[2025-03-24T21:49:47.088+0800] {processor.py:186} INFO - Started process (PID=63444) to work on /Users/dionneleow/IS3107/IS3107-group11/backend/venv/lib/python3.12/site-packages/airflow/example_dags/example_complex.py
[2025-03-24T21:49:47.089+0800] {processor.py:914} INFO - Processing file /Users/dionneleow/IS3107/IS3107-group11/backend/venv/lib/python3.12/site-packages/airflow/example_dags/example_complex.py for tasks to queue
[2025-03-24T21:49:47.089+0800] {logging_mixin.py:190} INFO - [2025-03-24T21:49:47.089+0800] {dagbag.py:588} INFO - Filling up the DagBag from /Users/dionneleow/IS3107/IS3107-group11/backend/venv/lib/python3.12/site-packages/airflow/example_dags/example_complex.py
[2025-03-24T21:49:47.094+0800] {processor.py:925} INFO - DAG(s) 'example_complex' retrieved from /Users/dionneleow/IS3107/IS3107-group11/backend/venv/lib/python3.12/site-packages/airflow/example_dags/example_complex.py
[2025-03-24T21:49:47.198+0800] {logging_mixin.py:190} INFO - [2025-03-24T21:49:47.198+0800] {override.py:1912} INFO - Created Permission View: can edit on DAG:example_complex
[2025-03-24T21:49:47.202+0800] {logging_mixin.py:190} INFO - [2025-03-24T21:49:47.202+0800] {override.py:1912} INFO - Created Permission View: can read on DAG:example_complex
[2025-03-24T21:49:47.204+0800] {logging_mixin.py:190} INFO - [2025-03-24T21:49:47.203+0800] {override.py:1912} INFO - Created Permission View: can delete on DAG:example_complex
[2025-03-24T21:49:47.206+0800] {logging_mixin.py:190} INFO - [2025-03-24T21:49:47.206+0800] {override.py:1912} INFO - Created Permission View: menu access on DAG Run:example_complex
[2025-03-24T21:49:47.209+0800] {logging_mixin.py:190} INFO - [2025-03-24T21:49:47.209+0800] {override.py:1912} INFO - Created Permission View: can create on DAG Run:example_complex
[2025-03-24T21:49:47.210+0800] {logging_mixin.py:190} INFO - [2025-03-24T21:49:47.210+0800] {override.py:1912} INFO - Created Permission View: can read on DAG Run:example_complex
[2025-03-24T21:49:47.212+0800] {logging_mixin.py:190} INFO - [2025-03-24T21:49:47.212+0800] {override.py:1912} INFO - Created Permission View: can delete on DAG Run:example_complex
[2025-03-24T21:49:47.213+0800] {logging_mixin.py:190} INFO - [2025-03-24T21:49:47.213+0800] {dag.py:3239} INFO - Sync 1 DAGs
[2025-03-24T21:49:47.216+0800] {logging_mixin.py:190} INFO - [2025-03-24T21:49:47.216+0800] {dag.py:3262} INFO - Creating ORM DAG for example_complex
[2025-03-24T21:49:47.216+0800] {logging_mixin.py:190} INFO - [2025-03-24T21:49:47.216+0800] {dag.py:4180} INFO - Setting next_dagrun for example_complex to None, run_after=None
[2025-03-24T21:49:47.222+0800] {processor.py:208} INFO - Processing /Users/dionneleow/IS3107/IS3107-group11/backend/venv/lib/python3.12/site-packages/airflow/example_dags/example_complex.py took 0.136 seconds
[2025-03-24T21:52:14.823+0800] {processor.py:186} INFO - Started process (PID=64449) to work on /Users/dionneleow/IS3107/IS3107-group11/backend/venv/lib/python3.12/site-packages/airflow/example_dags/example_complex.py
[2025-03-24T21:52:14.824+0800] {processor.py:914} INFO - Processing file /Users/dionneleow/IS3107/IS3107-group11/backend/venv/lib/python3.12/site-packages/airflow/example_dags/example_complex.py for tasks to queue
[2025-03-24T21:52:14.824+0800] {logging_mixin.py:190} INFO - [2025-03-24T21:52:14.824+0800] {dagbag.py:588} INFO - Filling up the DagBag from /Users/dionneleow/IS3107/IS3107-group11/backend/venv/lib/python3.12/site-packages/airflow/example_dags/example_complex.py
[2025-03-24T21:52:14.829+0800] {processor.py:925} INFO - DAG(s) 'example_complex' retrieved from /Users/dionneleow/IS3107/IS3107-group11/backend/venv/lib/python3.12/site-packages/airflow/example_dags/example_complex.py
[2025-03-24T21:52:14.872+0800] {logging_mixin.py:190} INFO - [2025-03-24T21:52:14.872+0800] {dag.py:3239} INFO - Sync 1 DAGs
[2025-03-24T21:52:14.877+0800] {logging_mixin.py:190} INFO - [2025-03-24T21:52:14.876+0800] {dag.py:4180} INFO - Setting next_dagrun for example_complex to None, run_after=None
[2025-03-24T21:52:14.884+0800] {processor.py:208} INFO - Processing /Users/dionneleow/IS3107/IS3107-group11/backend/venv/lib/python3.12/site-packages/airflow/example_dags/example_complex.py took 0.063 seconds
[2025-03-24T21:54:30.103+0800] {processor.py:186} INFO - Started process (PID=65266) to work on /Users/dionneleow/IS3107/IS3107-group11/backend/venv/lib/python3.12/site-packages/airflow/example_dags/example_complex.py
[2025-03-24T21:54:30.104+0800] {processor.py:914} INFO - Processing file /Users/dionneleow/IS3107/IS3107-group11/backend/venv/lib/python3.12/site-packages/airflow/example_dags/example_complex.py for tasks to queue
[2025-03-24T21:54:30.104+0800] {logging_mixin.py:190} INFO - [2025-03-24T21:54:30.104+0800] {dagbag.py:588} INFO - Filling up the DagBag from /Users/dionneleow/IS3107/IS3107-group11/backend/venv/lib/python3.12/site-packages/airflow/example_dags/example_complex.py
[2025-03-24T21:54:30.108+0800] {processor.py:925} INFO - DAG(s) 'example_complex' retrieved from /Users/dionneleow/IS3107/IS3107-group11/backend/venv/lib/python3.12/site-packages/airflow/example_dags/example_complex.py
[2025-03-24T21:54:30.151+0800] {logging_mixin.py:190} INFO - [2025-03-24T21:54:30.151+0800] {dag.py:3239} INFO - Sync 1 DAGs
[2025-03-24T21:54:30.155+0800] {logging_mixin.py:190} INFO - [2025-03-24T21:54:30.155+0800] {dag.py:4180} INFO - Setting next_dagrun for example_complex to None, run_after=None
[2025-03-24T21:54:30.161+0800] {processor.py:208} INFO - Processing /Users/dionneleow/IS3107/IS3107-group11/backend/venv/lib/python3.12/site-packages/airflow/example_dags/example_complex.py took 0.060 seconds
[2025-03-24T21:56:50.119+0800] {processor.py:186} INFO - Started process (PID=66150) to work on /Users/dionneleow/IS3107/IS3107-group11/backend/venv/lib/python3.12/site-packages/airflow/example_dags/example_complex.py
[2025-03-24T21:56:50.120+0800] {processor.py:914} INFO - Processing file /Users/dionneleow/IS3107/IS3107-group11/backend/venv/lib/python3.12/site-packages/airflow/example_dags/example_complex.py for tasks to queue
[2025-03-24T21:56:50.120+0800] {logging_mixin.py:190} INFO - [2025-03-24T21:56:50.120+0800] {dagbag.py:588} INFO - Filling up the DagBag from /Users/dionneleow/IS3107/IS3107-group11/backend/venv/lib/python3.12/site-packages/airflow/example_dags/example_complex.py
[2025-03-24T21:56:50.125+0800] {processor.py:925} INFO - DAG(s) 'example_complex' retrieved from /Users/dionneleow/IS3107/IS3107-group11/backend/venv/lib/python3.12/site-packages/airflow/example_dags/example_complex.py
[2025-03-24T21:56:50.164+0800] {logging_mixin.py:190} INFO - [2025-03-24T21:56:50.164+0800] {dag.py:3239} INFO - Sync 1 DAGs
[2025-03-24T21:56:50.167+0800] {logging_mixin.py:190} INFO - [2025-03-24T21:56:50.167+0800] {dag.py:4180} INFO - Setting next_dagrun for example_complex to None, run_after=None
[2025-03-24T21:56:50.174+0800] {processor.py:208} INFO - Processing /Users/dionneleow/IS3107/IS3107-group11/backend/venv/lib/python3.12/site-packages/airflow/example_dags/example_complex.py took 0.056 seconds
[2025-03-24T21:59:08.890+0800] {processor.py:186} INFO - Started process (PID=66997) to work on /Users/dionneleow/IS3107/IS3107-group11/backend/venv/lib/python3.12/site-packages/airflow/example_dags/example_complex.py
[2025-03-24T21:59:08.890+0800] {processor.py:914} INFO - Processing file /Users/dionneleow/IS3107/IS3107-group11/backend/venv/lib/python3.12/site-packages/airflow/example_dags/example_complex.py for tasks to queue
[2025-03-24T21:59:08.891+0800] {logging_mixin.py:190} INFO - [2025-03-24T21:59:08.891+0800] {dagbag.py:588} INFO - Filling up the DagBag from /Users/dionneleow/IS3107/IS3107-group11/backend/venv/lib/python3.12/site-packages/airflow/example_dags/example_complex.py
[2025-03-24T21:59:08.895+0800] {processor.py:925} INFO - DAG(s) 'example_complex' retrieved from /Users/dionneleow/IS3107/IS3107-group11/backend/venv/lib/python3.12/site-packages/airflow/example_dags/example_complex.py
[2025-03-24T21:59:08.932+0800] {logging_mixin.py:190} INFO - [2025-03-24T21:59:08.932+0800] {dag.py:3239} INFO - Sync 1 DAGs
[2025-03-24T21:59:08.935+0800] {logging_mixin.py:190} INFO - [2025-03-24T21:59:08.935+0800] {dag.py:4180} INFO - Setting next_dagrun for example_complex to None, run_after=None
[2025-03-24T21:59:08.943+0800] {processor.py:208} INFO - Processing /Users/dionneleow/IS3107/IS3107-group11/backend/venv/lib/python3.12/site-packages/airflow/example_dags/example_complex.py took 0.055 seconds
[2025-03-24T22:01:12.079+0800] {processor.py:186} INFO - Started process (PID=67724) to work on /Users/dionneleow/IS3107/IS3107-group11/backend/venv/lib/python3.12/site-packages/airflow/example_dags/example_complex.py
[2025-03-24T22:01:12.080+0800] {processor.py:914} INFO - Processing file /Users/dionneleow/IS3107/IS3107-group11/backend/venv/lib/python3.12/site-packages/airflow/example_dags/example_complex.py for tasks to queue
[2025-03-24T22:01:12.080+0800] {logging_mixin.py:190} INFO - [2025-03-24T22:01:12.080+0800] {dagbag.py:588} INFO - Filling up the DagBag from /Users/dionneleow/IS3107/IS3107-group11/backend/venv/lib/python3.12/site-packages/airflow/example_dags/example_complex.py
[2025-03-24T22:01:12.085+0800] {processor.py:925} INFO - DAG(s) 'example_complex' retrieved from /Users/dionneleow/IS3107/IS3107-group11/backend/venv/lib/python3.12/site-packages/airflow/example_dags/example_complex.py
[2025-03-24T22:01:12.119+0800] {logging_mixin.py:190} INFO - [2025-03-24T22:01:12.119+0800] {dag.py:3239} INFO - Sync 1 DAGs
[2025-03-24T22:01:12.122+0800] {logging_mixin.py:190} INFO - [2025-03-24T22:01:12.122+0800] {dag.py:4180} INFO - Setting next_dagrun for example_complex to None, run_after=None
[2025-03-24T22:01:12.128+0800] {processor.py:208} INFO - Processing /Users/dionneleow/IS3107/IS3107-group11/backend/venv/lib/python3.12/site-packages/airflow/example_dags/example_complex.py took 0.051 seconds
[2025-03-24T22:03:25.557+0800] {processor.py:186} INFO - Started process (PID=68541) to work on /Users/dionneleow/IS3107/IS3107-group11/backend/venv/lib/python3.12/site-packages/airflow/example_dags/example_complex.py
[2025-03-24T22:03:25.558+0800] {processor.py:914} INFO - Processing file /Users/dionneleow/IS3107/IS3107-group11/backend/venv/lib/python3.12/site-packages/airflow/example_dags/example_complex.py for tasks to queue
[2025-03-24T22:03:25.558+0800] {logging_mixin.py:190} INFO - [2025-03-24T22:03:25.558+0800] {dagbag.py:588} INFO - Filling up the DagBag from /Users/dionneleow/IS3107/IS3107-group11/backend/venv/lib/python3.12/site-packages/airflow/example_dags/example_complex.py
[2025-03-24T22:03:25.563+0800] {processor.py:925} INFO - DAG(s) 'example_complex' retrieved from /Users/dionneleow/IS3107/IS3107-group11/backend/venv/lib/python3.12/site-packages/airflow/example_dags/example_complex.py
[2025-03-24T22:03:25.597+0800] {logging_mixin.py:190} INFO - [2025-03-24T22:03:25.596+0800] {dag.py:3239} INFO - Sync 1 DAGs
[2025-03-24T22:03:25.600+0800] {logging_mixin.py:190} INFO - [2025-03-24T22:03:25.600+0800] {dag.py:4180} INFO - Setting next_dagrun for example_complex to None, run_after=None
[2025-03-24T22:03:25.606+0800] {processor.py:208} INFO - Processing /Users/dionneleow/IS3107/IS3107-group11/backend/venv/lib/python3.12/site-packages/airflow/example_dags/example_complex.py took 0.050 seconds
[2025-03-24T22:05:38.098+0800] {processor.py:186} INFO - Started process (PID=69253) to work on /Users/dionneleow/IS3107/IS3107-group11/backend/venv/lib/python3.12/site-packages/airflow/example_dags/example_complex.py
[2025-03-24T22:05:38.099+0800] {processor.py:914} INFO - Processing file /Users/dionneleow/IS3107/IS3107-group11/backend/venv/lib/python3.12/site-packages/airflow/example_dags/example_complex.py for tasks to queue
[2025-03-24T22:05:38.100+0800] {logging_mixin.py:190} INFO - [2025-03-24T22:05:38.100+0800] {dagbag.py:588} INFO - Filling up the DagBag from /Users/dionneleow/IS3107/IS3107-group11/backend/venv/lib/python3.12/site-packages/airflow/example_dags/example_complex.py
[2025-03-24T22:05:38.104+0800] {processor.py:925} INFO - DAG(s) 'example_complex' retrieved from /Users/dionneleow/IS3107/IS3107-group11/backend/venv/lib/python3.12/site-packages/airflow/example_dags/example_complex.py
[2025-03-24T22:05:38.141+0800] {logging_mixin.py:190} INFO - [2025-03-24T22:05:38.141+0800] {dag.py:3239} INFO - Sync 1 DAGs
[2025-03-24T22:05:38.144+0800] {logging_mixin.py:190} INFO - [2025-03-24T22:05:38.144+0800] {dag.py:4180} INFO - Setting next_dagrun for example_complex to None, run_after=None
[2025-03-24T22:05:38.151+0800] {processor.py:208} INFO - Processing /Users/dionneleow/IS3107/IS3107-group11/backend/venv/lib/python3.12/site-packages/airflow/example_dags/example_complex.py took 0.054 seconds
[2025-03-24T22:07:59.781+0800] {processor.py:186} INFO - Started process (PID=70011) to work on /Users/dionneleow/IS3107/IS3107-group11/backend/venv/lib/python3.12/site-packages/airflow/example_dags/example_complex.py
[2025-03-24T22:07:59.782+0800] {processor.py:914} INFO - Processing file /Users/dionneleow/IS3107/IS3107-group11/backend/venv/lib/python3.12/site-packages/airflow/example_dags/example_complex.py for tasks to queue
[2025-03-24T22:07:59.782+0800] {logging_mixin.py:190} INFO - [2025-03-24T22:07:59.782+0800] {dagbag.py:588} INFO - Filling up the DagBag from /Users/dionneleow/IS3107/IS3107-group11/backend/venv/lib/python3.12/site-packages/airflow/example_dags/example_complex.py
[2025-03-24T22:07:59.786+0800] {processor.py:925} INFO - DAG(s) 'example_complex' retrieved from /Users/dionneleow/IS3107/IS3107-group11/backend/venv/lib/python3.12/site-packages/airflow/example_dags/example_complex.py
[2025-03-24T22:07:59.822+0800] {logging_mixin.py:190} INFO - [2025-03-24T22:07:59.822+0800] {dag.py:3239} INFO - Sync 1 DAGs
[2025-03-24T22:07:59.825+0800] {logging_mixin.py:190} INFO - [2025-03-24T22:07:59.825+0800] {dag.py:4180} INFO - Setting next_dagrun for example_complex to None, run_after=None
[2025-03-24T22:07:59.831+0800] {processor.py:208} INFO - Processing /Users/dionneleow/IS3107/IS3107-group11/backend/venv/lib/python3.12/site-packages/airflow/example_dags/example_complex.py took 0.052 seconds
[2025-03-24T22:10:22.959+0800] {processor.py:186} INFO - Started process (PID=70855) to work on /Users/dionneleow/IS3107/IS3107-group11/backend/venv/lib/python3.12/site-packages/airflow/example_dags/example_complex.py
[2025-03-24T22:10:22.960+0800] {processor.py:914} INFO - Processing file /Users/dionneleow/IS3107/IS3107-group11/backend/venv/lib/python3.12/site-packages/airflow/example_dags/example_complex.py for tasks to queue
[2025-03-24T22:10:22.960+0800] {logging_mixin.py:190} INFO - [2025-03-24T22:10:22.960+0800] {dagbag.py:588} INFO - Filling up the DagBag from /Users/dionneleow/IS3107/IS3107-group11/backend/venv/lib/python3.12/site-packages/airflow/example_dags/example_complex.py
[2025-03-24T22:10:22.965+0800] {processor.py:925} INFO - DAG(s) 'example_complex' retrieved from /Users/dionneleow/IS3107/IS3107-group11/backend/venv/lib/python3.12/site-packages/airflow/example_dags/example_complex.py
[2025-03-24T22:10:22.999+0800] {logging_mixin.py:190} INFO - [2025-03-24T22:10:22.999+0800] {dag.py:3239} INFO - Sync 1 DAGs
[2025-03-24T22:10:23.002+0800] {logging_mixin.py:190} INFO - [2025-03-24T22:10:23.002+0800] {dag.py:4180} INFO - Setting next_dagrun for example_complex to None, run_after=None
[2025-03-24T22:10:23.008+0800] {processor.py:208} INFO - Processing /Users/dionneleow/IS3107/IS3107-group11/backend/venv/lib/python3.12/site-packages/airflow/example_dags/example_complex.py took 0.050 seconds
[2025-03-24T22:12:39.161+0800] {processor.py:186} INFO - Started process (PID=71516) to work on /Users/dionneleow/IS3107/IS3107-group11/backend/venv/lib/python3.12/site-packages/airflow/example_dags/example_complex.py
[2025-03-24T22:12:39.162+0800] {processor.py:914} INFO - Processing file /Users/dionneleow/IS3107/IS3107-group11/backend/venv/lib/python3.12/site-packages/airflow/example_dags/example_complex.py for tasks to queue
[2025-03-24T22:12:39.162+0800] {logging_mixin.py:190} INFO - [2025-03-24T22:12:39.162+0800] {dagbag.py:588} INFO - Filling up the DagBag from /Users/dionneleow/IS3107/IS3107-group11/backend/venv/lib/python3.12/site-packages/airflow/example_dags/example_complex.py
[2025-03-24T22:12:39.166+0800] {processor.py:925} INFO - DAG(s) 'example_complex' retrieved from /Users/dionneleow/IS3107/IS3107-group11/backend/venv/lib/python3.12/site-packages/airflow/example_dags/example_complex.py
[2025-03-24T22:12:39.203+0800] {logging_mixin.py:190} INFO - [2025-03-24T22:12:39.203+0800] {dag.py:3239} INFO - Sync 1 DAGs
[2025-03-24T22:12:39.206+0800] {logging_mixin.py:190} INFO - [2025-03-24T22:12:39.206+0800] {dag.py:4180} INFO - Setting next_dagrun for example_complex to None, run_after=None
[2025-03-24T22:12:39.213+0800] {processor.py:208} INFO - Processing /Users/dionneleow/IS3107/IS3107-group11/backend/venv/lib/python3.12/site-packages/airflow/example_dags/example_complex.py took 0.053 seconds
[2025-03-24T22:14:59.737+0800] {processor.py:186} INFO - Started process (PID=72366) to work on /Users/dionneleow/IS3107/IS3107-group11/backend/venv/lib/python3.12/site-packages/airflow/example_dags/example_complex.py
[2025-03-24T22:14:59.738+0800] {processor.py:914} INFO - Processing file /Users/dionneleow/IS3107/IS3107-group11/backend/venv/lib/python3.12/site-packages/airflow/example_dags/example_complex.py for tasks to queue
[2025-03-24T22:14:59.738+0800] {logging_mixin.py:190} INFO - [2025-03-24T22:14:59.738+0800] {dagbag.py:588} INFO - Filling up the DagBag from /Users/dionneleow/IS3107/IS3107-group11/backend/venv/lib/python3.12/site-packages/airflow/example_dags/example_complex.py
[2025-03-24T22:14:59.742+0800] {processor.py:925} INFO - DAG(s) 'example_complex' retrieved from /Users/dionneleow/IS3107/IS3107-group11/backend/venv/lib/python3.12/site-packages/airflow/example_dags/example_complex.py
[2025-03-24T22:14:59.780+0800] {logging_mixin.py:190} INFO - [2025-03-24T22:14:59.780+0800] {dag.py:3239} INFO - Sync 1 DAGs
[2025-03-24T22:14:59.784+0800] {logging_mixin.py:190} INFO - [2025-03-24T22:14:59.783+0800] {dag.py:4180} INFO - Setting next_dagrun for example_complex to None, run_after=None
[2025-03-24T22:14:59.792+0800] {processor.py:208} INFO - Processing /Users/dionneleow/IS3107/IS3107-group11/backend/venv/lib/python3.12/site-packages/airflow/example_dags/example_complex.py took 0.056 seconds
[2025-03-24T22:17:23.081+0800] {processor.py:186} INFO - Started process (PID=73249) to work on /Users/dionneleow/IS3107/IS3107-group11/backend/venv/lib/python3.12/site-packages/airflow/example_dags/example_complex.py
[2025-03-24T22:17:23.082+0800] {processor.py:914} INFO - Processing file /Users/dionneleow/IS3107/IS3107-group11/backend/venv/lib/python3.12/site-packages/airflow/example_dags/example_complex.py for tasks to queue
[2025-03-24T22:17:23.083+0800] {logging_mixin.py:190} INFO - [2025-03-24T22:17:23.083+0800] {dagbag.py:588} INFO - Filling up the DagBag from /Users/dionneleow/IS3107/IS3107-group11/backend/venv/lib/python3.12/site-packages/airflow/example_dags/example_complex.py
[2025-03-24T22:17:23.088+0800] {processor.py:925} INFO - DAG(s) 'example_complex' retrieved from /Users/dionneleow/IS3107/IS3107-group11/backend/venv/lib/python3.12/site-packages/airflow/example_dags/example_complex.py
[2025-03-24T22:17:23.126+0800] {logging_mixin.py:190} INFO - [2025-03-24T22:17:23.126+0800] {dag.py:3239} INFO - Sync 1 DAGs
[2025-03-24T22:17:23.131+0800] {logging_mixin.py:190} INFO - [2025-03-24T22:17:23.131+0800] {dag.py:4180} INFO - Setting next_dagrun for example_complex to None, run_after=None
[2025-03-24T22:17:23.142+0800] {processor.py:208} INFO - Processing /Users/dionneleow/IS3107/IS3107-group11/backend/venv/lib/python3.12/site-packages/airflow/example_dags/example_complex.py took 0.062 seconds
[2025-03-24T22:19:46.771+0800] {processor.py:186} INFO - Started process (PID=74026) to work on /Users/dionneleow/IS3107/IS3107-group11/backend/venv/lib/python3.12/site-packages/airflow/example_dags/example_complex.py
[2025-03-24T22:19:46.771+0800] {processor.py:914} INFO - Processing file /Users/dionneleow/IS3107/IS3107-group11/backend/venv/lib/python3.12/site-packages/airflow/example_dags/example_complex.py for tasks to queue
[2025-03-24T22:19:46.772+0800] {logging_mixin.py:190} INFO - [2025-03-24T22:19:46.772+0800] {dagbag.py:588} INFO - Filling up the DagBag from /Users/dionneleow/IS3107/IS3107-group11/backend/venv/lib/python3.12/site-packages/airflow/example_dags/example_complex.py
[2025-03-24T22:19:46.777+0800] {processor.py:925} INFO - DAG(s) 'example_complex' retrieved from /Users/dionneleow/IS3107/IS3107-group11/backend/venv/lib/python3.12/site-packages/airflow/example_dags/example_complex.py
[2025-03-24T22:19:46.822+0800] {logging_mixin.py:190} INFO - [2025-03-24T22:19:46.821+0800] {dag.py:3239} INFO - Sync 1 DAGs
[2025-03-24T22:19:46.825+0800] {logging_mixin.py:190} INFO - [2025-03-24T22:19:46.825+0800] {dag.py:4180} INFO - Setting next_dagrun for example_complex to None, run_after=None
[2025-03-24T22:19:46.835+0800] {processor.py:208} INFO - Processing /Users/dionneleow/IS3107/IS3107-group11/backend/venv/lib/python3.12/site-packages/airflow/example_dags/example_complex.py took 0.066 seconds
