[2025-03-24T21:49:16.934+0800] {processor.py:186} INFO - Started process (PID=63238) to work on /Users/dionneleow/IS3107/IS3107-group11/backend/venv/lib/python3.12/site-packages/airflow/example_dags/example_outlet_event_extra.py
[2025-03-24T21:49:16.935+0800] {processor.py:914} INFO - Processing file /Users/dionneleow/IS3107/IS3107-group11/backend/venv/lib/python3.12/site-packages/airflow/example_dags/example_outlet_event_extra.py for tasks to queue
[2025-03-24T21:49:16.936+0800] {logging_mixin.py:190} INFO - [2025-03-24T21:49:16.935+0800] {dagbag.py:588} INFO - Filling up the DagBag from /Users/dionneleow/IS3107/IS3107-group11/backend/venv/lib/python3.12/site-packages/airflow/example_dags/example_outlet_event_extra.py
[2025-03-24T21:49:16.976+0800] {processor.py:925} INFO - DAG(s) 'dataset_with_extra_by_context', 'dataset_with_extra_from_classic_operator', 'dataset_with_extra_by_yield' retrieved from /Users/dionneleow/IS3107/IS3107-group11/backend/venv/lib/python3.12/site-packages/airflow/example_dags/example_outlet_event_extra.py
[2025-03-24T21:49:17.075+0800] {logging_mixin.py:190} INFO - [2025-03-24T21:49:17.075+0800] {override.py:1912} INFO - Created Permission View: can read on DAG:dataset_with_extra_by_context
[2025-03-24T21:49:17.080+0800] {logging_mixin.py:190} INFO - [2025-03-24T21:49:17.080+0800] {override.py:1912} INFO - Created Permission View: can edit on DAG:dataset_with_extra_by_context
[2025-03-24T21:49:17.082+0800] {logging_mixin.py:190} INFO - [2025-03-24T21:49:17.082+0800] {override.py:1912} INFO - Created Permission View: can delete on DAG:dataset_with_extra_by_context
[2025-03-24T21:49:17.085+0800] {logging_mixin.py:190} INFO - [2025-03-24T21:49:17.085+0800] {override.py:1912} INFO - Created Permission View: can read on DAG Run:dataset_with_extra_by_context
[2025-03-24T21:49:17.087+0800] {logging_mixin.py:190} INFO - [2025-03-24T21:49:17.087+0800] {override.py:1912} INFO - Created Permission View: can create on DAG Run:dataset_with_extra_by_context
[2025-03-24T21:49:17.091+0800] {logging_mixin.py:190} INFO - [2025-03-24T21:49:17.091+0800] {override.py:1912} INFO - Created Permission View: menu access on DAG Run:dataset_with_extra_by_context
[2025-03-24T21:49:17.093+0800] {logging_mixin.py:190} INFO - [2025-03-24T21:49:17.093+0800] {override.py:1912} INFO - Created Permission View: can delete on DAG Run:dataset_with_extra_by_context
[2025-03-24T21:49:17.098+0800] {logging_mixin.py:190} INFO - [2025-03-24T21:49:17.097+0800] {override.py:1912} INFO - Created Permission View: can read on DAG:dataset_with_extra_from_classic_operator
[2025-03-24T21:49:17.099+0800] {logging_mixin.py:190} INFO - [2025-03-24T21:49:17.099+0800] {override.py:1912} INFO - Created Permission View: can edit on DAG:dataset_with_extra_from_classic_operator
[2025-03-24T21:49:17.101+0800] {logging_mixin.py:190} INFO - [2025-03-24T21:49:17.101+0800] {override.py:1912} INFO - Created Permission View: can delete on DAG:dataset_with_extra_from_classic_operator
[2025-03-24T21:49:17.103+0800] {logging_mixin.py:190} INFO - [2025-03-24T21:49:17.103+0800] {override.py:1912} INFO - Created Permission View: can read on DAG Run:dataset_with_extra_from_classic_operator
[2025-03-24T21:49:17.105+0800] {logging_mixin.py:190} INFO - [2025-03-24T21:49:17.105+0800] {override.py:1912} INFO - Created Permission View: can create on DAG Run:dataset_with_extra_from_classic_operator
[2025-03-24T21:49:17.107+0800] {logging_mixin.py:190} INFO - [2025-03-24T21:49:17.107+0800] {override.py:1912} INFO - Created Permission View: menu access on DAG Run:dataset_with_extra_from_classic_operator
[2025-03-24T21:49:17.109+0800] {logging_mixin.py:190} INFO - [2025-03-24T21:49:17.109+0800] {override.py:1912} INFO - Created Permission View: can delete on DAG Run:dataset_with_extra_from_classic_operator
[2025-03-24T21:49:17.112+0800] {logging_mixin.py:190} INFO - [2025-03-24T21:49:17.112+0800] {override.py:1912} INFO - Created Permission View: can read on DAG:dataset_with_extra_by_yield
[2025-03-24T21:49:17.114+0800] {logging_mixin.py:190} INFO - [2025-03-24T21:49:17.114+0800] {override.py:1912} INFO - Created Permission View: can edit on DAG:dataset_with_extra_by_yield
[2025-03-24T21:49:17.116+0800] {logging_mixin.py:190} INFO - [2025-03-24T21:49:17.116+0800] {override.py:1912} INFO - Created Permission View: can delete on DAG:dataset_with_extra_by_yield
[2025-03-24T21:49:17.119+0800] {logging_mixin.py:190} INFO - [2025-03-24T21:49:17.119+0800] {override.py:1912} INFO - Created Permission View: can read on DAG Run:dataset_with_extra_by_yield
[2025-03-24T21:49:17.121+0800] {logging_mixin.py:190} INFO - [2025-03-24T21:49:17.121+0800] {override.py:1912} INFO - Created Permission View: can create on DAG Run:dataset_with_extra_by_yield
[2025-03-24T21:49:17.123+0800] {logging_mixin.py:190} INFO - [2025-03-24T21:49:17.122+0800] {override.py:1912} INFO - Created Permission View: menu access on DAG Run:dataset_with_extra_by_yield
[2025-03-24T21:49:17.124+0800] {logging_mixin.py:190} INFO - [2025-03-24T21:49:17.124+0800] {override.py:1912} INFO - Created Permission View: can delete on DAG Run:dataset_with_extra_by_yield
[2025-03-24T21:49:17.125+0800] {logging_mixin.py:190} INFO - [2025-03-24T21:49:17.124+0800] {dag.py:3239} INFO - Sync 3 DAGs
[2025-03-24T21:49:17.134+0800] {logging_mixin.py:190} INFO - [2025-03-24T21:49:17.134+0800] {dag.py:3262} INFO - Creating ORM DAG for dataset_with_extra_from_classic_operator
[2025-03-24T21:49:17.135+0800] {logging_mixin.py:190} INFO - [2025-03-24T21:49:17.134+0800] {dag.py:3262} INFO - Creating ORM DAG for dataset_with_extra_by_yield
[2025-03-24T21:49:17.135+0800] {logging_mixin.py:190} INFO - [2025-03-24T21:49:17.135+0800] {dag.py:3262} INFO - Creating ORM DAG for dataset_with_extra_by_context
[2025-03-24T21:49:17.139+0800] {logging_mixin.py:190} INFO - [2025-03-24T21:49:17.139+0800] {dag.py:4180} INFO - Setting next_dagrun for dataset_with_extra_by_context to 2025-03-23 00:00:00+00:00, run_after=2025-03-24 00:00:00+00:00
[2025-03-24T21:49:17.146+0800] {logging_mixin.py:190} INFO - [2025-03-24T21:49:17.146+0800] {dag.py:4180} INFO - Setting next_dagrun for dataset_with_extra_by_yield to 2025-03-23 00:00:00+00:00, run_after=2025-03-24 00:00:00+00:00
[2025-03-24T21:49:17.147+0800] {logging_mixin.py:190} INFO - [2025-03-24T21:49:17.147+0800] {dag.py:4180} INFO - Setting next_dagrun for dataset_with_extra_from_classic_operator to 2025-03-23 00:00:00+00:00, run_after=2025-03-24 00:00:00+00:00
[2025-03-24T21:49:17.158+0800] {logging_mixin.py:190} INFO - [2025-03-24T21:49:17.158+0800] {workday.py:41} WARNING - Could not import pandas. Holidays will not be considered.
[2025-03-24T21:49:17.165+0800] {processor.py:208} INFO - Processing /Users/dionneleow/IS3107/IS3107-group11/backend/venv/lib/python3.12/site-packages/airflow/example_dags/example_outlet_event_extra.py took 0.233 seconds
[2025-03-24T21:51:05.824+0800] {processor.py:186} INFO - Started process (PID=64047) to work on /Users/dionneleow/IS3107/IS3107-group11/backend/venv/lib/python3.12/site-packages/airflow/example_dags/example_outlet_event_extra.py
[2025-03-24T21:51:05.824+0800] {processor.py:914} INFO - Processing file /Users/dionneleow/IS3107/IS3107-group11/backend/venv/lib/python3.12/site-packages/airflow/example_dags/example_outlet_event_extra.py for tasks to queue
[2025-03-24T21:51:05.825+0800] {logging_mixin.py:190} INFO - [2025-03-24T21:51:05.825+0800] {dagbag.py:588} INFO - Filling up the DagBag from /Users/dionneleow/IS3107/IS3107-group11/backend/venv/lib/python3.12/site-packages/airflow/example_dags/example_outlet_event_extra.py
[2025-03-24T21:51:05.862+0800] {processor.py:925} INFO - DAG(s) 'dataset_with_extra_by_context', 'dataset_with_extra_from_classic_operator', 'dataset_with_extra_by_yield' retrieved from /Users/dionneleow/IS3107/IS3107-group11/backend/venv/lib/python3.12/site-packages/airflow/example_dags/example_outlet_event_extra.py
[2025-03-24T21:51:05.921+0800] {logging_mixin.py:190} INFO - [2025-03-24T21:51:05.921+0800] {dag.py:3239} INFO - Sync 3 DAGs
[2025-03-24T21:51:05.927+0800] {logging_mixin.py:190} INFO - [2025-03-24T21:51:05.927+0800] {dag.py:4180} INFO - Setting next_dagrun for dataset_with_extra_by_context to 2025-03-23 00:00:00+00:00, run_after=2025-03-24 00:00:00+00:00
[2025-03-24T21:51:05.929+0800] {logging_mixin.py:190} INFO - [2025-03-24T21:51:05.929+0800] {dag.py:4180} INFO - Setting next_dagrun for dataset_with_extra_by_yield to 2025-03-23 00:00:00+00:00, run_after=2025-03-24 00:00:00+00:00
[2025-03-24T21:51:05.930+0800] {logging_mixin.py:190} INFO - [2025-03-24T21:51:05.930+0800] {dag.py:4180} INFO - Setting next_dagrun for dataset_with_extra_from_classic_operator to 2025-03-23 00:00:00+00:00, run_after=2025-03-24 00:00:00+00:00
[2025-03-24T21:51:05.938+0800] {processor.py:208} INFO - Processing /Users/dionneleow/IS3107/IS3107-group11/backend/venv/lib/python3.12/site-packages/airflow/example_dags/example_outlet_event_extra.py took 0.115 seconds
[2025-03-24T21:53:24.223+0800] {processor.py:186} INFO - Started process (PID=64860) to work on /Users/dionneleow/IS3107/IS3107-group11/backend/venv/lib/python3.12/site-packages/airflow/example_dags/example_outlet_event_extra.py
[2025-03-24T21:53:24.223+0800] {processor.py:914} INFO - Processing file /Users/dionneleow/IS3107/IS3107-group11/backend/venv/lib/python3.12/site-packages/airflow/example_dags/example_outlet_event_extra.py for tasks to queue
[2025-03-24T21:53:24.224+0800] {logging_mixin.py:190} INFO - [2025-03-24T21:53:24.224+0800] {dagbag.py:588} INFO - Filling up the DagBag from /Users/dionneleow/IS3107/IS3107-group11/backend/venv/lib/python3.12/site-packages/airflow/example_dags/example_outlet_event_extra.py
[2025-03-24T21:53:24.256+0800] {processor.py:925} INFO - DAG(s) 'dataset_with_extra_from_classic_operator', 'dataset_with_extra_by_yield', 'dataset_with_extra_by_context' retrieved from /Users/dionneleow/IS3107/IS3107-group11/backend/venv/lib/python3.12/site-packages/airflow/example_dags/example_outlet_event_extra.py
[2025-03-24T21:53:24.316+0800] {logging_mixin.py:190} INFO - [2025-03-24T21:53:24.316+0800] {dag.py:3239} INFO - Sync 3 DAGs
[2025-03-24T21:53:24.323+0800] {logging_mixin.py:190} INFO - [2025-03-24T21:53:24.323+0800] {dag.py:4180} INFO - Setting next_dagrun for dataset_with_extra_by_context to 2025-03-23 00:00:00+00:00, run_after=2025-03-24 00:00:00+00:00
[2025-03-24T21:53:24.324+0800] {logging_mixin.py:190} INFO - [2025-03-24T21:53:24.324+0800] {dag.py:4180} INFO - Setting next_dagrun for dataset_with_extra_by_yield to 2025-03-23 00:00:00+00:00, run_after=2025-03-24 00:00:00+00:00
[2025-03-24T21:53:24.325+0800] {logging_mixin.py:190} INFO - [2025-03-24T21:53:24.325+0800] {dag.py:4180} INFO - Setting next_dagrun for dataset_with_extra_from_classic_operator to 2025-03-23 00:00:00+00:00, run_after=2025-03-24 00:00:00+00:00
[2025-03-24T21:53:24.332+0800] {processor.py:208} INFO - Processing /Users/dionneleow/IS3107/IS3107-group11/backend/venv/lib/python3.12/site-packages/airflow/example_dags/example_outlet_event_extra.py took 0.110 seconds
[2025-03-24T21:55:40.151+0800] {processor.py:186} INFO - Started process (PID=65729) to work on /Users/dionneleow/IS3107/IS3107-group11/backend/venv/lib/python3.12/site-packages/airflow/example_dags/example_outlet_event_extra.py
[2025-03-24T21:55:40.152+0800] {processor.py:914} INFO - Processing file /Users/dionneleow/IS3107/IS3107-group11/backend/venv/lib/python3.12/site-packages/airflow/example_dags/example_outlet_event_extra.py for tasks to queue
[2025-03-24T21:55:40.152+0800] {logging_mixin.py:190} INFO - [2025-03-24T21:55:40.152+0800] {dagbag.py:588} INFO - Filling up the DagBag from /Users/dionneleow/IS3107/IS3107-group11/backend/venv/lib/python3.12/site-packages/airflow/example_dags/example_outlet_event_extra.py
[2025-03-24T21:55:40.184+0800] {processor.py:925} INFO - DAG(s) 'dataset_with_extra_from_classic_operator', 'dataset_with_extra_by_context', 'dataset_with_extra_by_yield' retrieved from /Users/dionneleow/IS3107/IS3107-group11/backend/venv/lib/python3.12/site-packages/airflow/example_dags/example_outlet_event_extra.py
[2025-03-24T21:55:40.245+0800] {logging_mixin.py:190} INFO - [2025-03-24T21:55:40.245+0800] {dag.py:3239} INFO - Sync 3 DAGs
[2025-03-24T21:55:40.251+0800] {logging_mixin.py:190} INFO - [2025-03-24T21:55:40.251+0800] {dag.py:4180} INFO - Setting next_dagrun for dataset_with_extra_by_context to 2025-03-23 00:00:00+00:00, run_after=2025-03-24 00:00:00+00:00
[2025-03-24T21:55:40.255+0800] {logging_mixin.py:190} INFO - [2025-03-24T21:55:40.255+0800] {dag.py:4180} INFO - Setting next_dagrun for dataset_with_extra_by_yield to 2025-03-23 00:00:00+00:00, run_after=2025-03-24 00:00:00+00:00
[2025-03-24T21:55:40.255+0800] {logging_mixin.py:190} INFO - [2025-03-24T21:55:40.255+0800] {dag.py:4180} INFO - Setting next_dagrun for dataset_with_extra_from_classic_operator to 2025-03-23 00:00:00+00:00, run_after=2025-03-24 00:00:00+00:00
[2025-03-24T21:55:40.264+0800] {processor.py:208} INFO - Processing /Users/dionneleow/IS3107/IS3107-group11/backend/venv/lib/python3.12/site-packages/airflow/example_dags/example_outlet_event_extra.py took 0.115 seconds
[2025-03-24T21:57:58.289+0800] {processor.py:186} INFO - Started process (PID=66645) to work on /Users/dionneleow/IS3107/IS3107-group11/backend/venv/lib/python3.12/site-packages/airflow/example_dags/example_outlet_event_extra.py
[2025-03-24T21:57:58.290+0800] {processor.py:914} INFO - Processing file /Users/dionneleow/IS3107/IS3107-group11/backend/venv/lib/python3.12/site-packages/airflow/example_dags/example_outlet_event_extra.py for tasks to queue
[2025-03-24T21:57:58.290+0800] {logging_mixin.py:190} INFO - [2025-03-24T21:57:58.290+0800] {dagbag.py:588} INFO - Filling up the DagBag from /Users/dionneleow/IS3107/IS3107-group11/backend/venv/lib/python3.12/site-packages/airflow/example_dags/example_outlet_event_extra.py
[2025-03-24T21:57:58.327+0800] {processor.py:925} INFO - DAG(s) 'dataset_with_extra_from_classic_operator', 'dataset_with_extra_by_yield', 'dataset_with_extra_by_context' retrieved from /Users/dionneleow/IS3107/IS3107-group11/backend/venv/lib/python3.12/site-packages/airflow/example_dags/example_outlet_event_extra.py
[2025-03-24T21:57:58.385+0800] {logging_mixin.py:190} INFO - [2025-03-24T21:57:58.385+0800] {dag.py:3239} INFO - Sync 3 DAGs
[2025-03-24T21:57:58.391+0800] {logging_mixin.py:190} INFO - [2025-03-24T21:57:58.391+0800] {dag.py:4180} INFO - Setting next_dagrun for dataset_with_extra_by_context to 2025-03-23 00:00:00+00:00, run_after=2025-03-24 00:00:00+00:00
[2025-03-24T21:57:58.393+0800] {logging_mixin.py:190} INFO - [2025-03-24T21:57:58.393+0800] {dag.py:4180} INFO - Setting next_dagrun for dataset_with_extra_by_yield to 2025-03-23 00:00:00+00:00, run_after=2025-03-24 00:00:00+00:00
[2025-03-24T21:57:58.393+0800] {logging_mixin.py:190} INFO - [2025-03-24T21:57:58.393+0800] {dag.py:4180} INFO - Setting next_dagrun for dataset_with_extra_from_classic_operator to 2025-03-23 00:00:00+00:00, run_after=2025-03-24 00:00:00+00:00
[2025-03-24T21:57:58.400+0800] {processor.py:208} INFO - Processing /Users/dionneleow/IS3107/IS3107-group11/backend/venv/lib/python3.12/site-packages/airflow/example_dags/example_outlet_event_extra.py took 0.112 seconds
[2025-03-24T22:00:07.242+0800] {processor.py:186} INFO - Started process (PID=67317) to work on /Users/dionneleow/IS3107/IS3107-group11/backend/venv/lib/python3.12/site-packages/airflow/example_dags/example_outlet_event_extra.py
[2025-03-24T22:00:07.243+0800] {processor.py:914} INFO - Processing file /Users/dionneleow/IS3107/IS3107-group11/backend/venv/lib/python3.12/site-packages/airflow/example_dags/example_outlet_event_extra.py for tasks to queue
[2025-03-24T22:00:07.243+0800] {logging_mixin.py:190} INFO - [2025-03-24T22:00:07.243+0800] {dagbag.py:588} INFO - Filling up the DagBag from /Users/dionneleow/IS3107/IS3107-group11/backend/venv/lib/python3.12/site-packages/airflow/example_dags/example_outlet_event_extra.py
[2025-03-24T22:00:07.280+0800] {processor.py:925} INFO - DAG(s) 'dataset_with_extra_by_context', 'dataset_with_extra_from_classic_operator', 'dataset_with_extra_by_yield' retrieved from /Users/dionneleow/IS3107/IS3107-group11/backend/venv/lib/python3.12/site-packages/airflow/example_dags/example_outlet_event_extra.py
[2025-03-24T22:00:07.339+0800] {logging_mixin.py:190} INFO - [2025-03-24T22:00:07.339+0800] {dag.py:3239} INFO - Sync 3 DAGs
[2025-03-24T22:00:07.347+0800] {logging_mixin.py:190} INFO - [2025-03-24T22:00:07.347+0800] {dag.py:4180} INFO - Setting next_dagrun for dataset_with_extra_by_context to 2025-03-23 00:00:00+00:00, run_after=2025-03-24 00:00:00+00:00
[2025-03-24T22:00:07.349+0800] {logging_mixin.py:190} INFO - [2025-03-24T22:00:07.349+0800] {dag.py:4180} INFO - Setting next_dagrun for dataset_with_extra_by_yield to 2025-03-23 00:00:00+00:00, run_after=2025-03-24 00:00:00+00:00
[2025-03-24T22:00:07.350+0800] {logging_mixin.py:190} INFO - [2025-03-24T22:00:07.349+0800] {dag.py:4180} INFO - Setting next_dagrun for dataset_with_extra_from_classic_operator to 2025-03-23 00:00:00+00:00, run_after=2025-03-24 00:00:00+00:00
[2025-03-24T22:00:07.362+0800] {processor.py:208} INFO - Processing /Users/dionneleow/IS3107/IS3107-group11/backend/venv/lib/python3.12/site-packages/airflow/example_dags/example_outlet_event_extra.py took 0.121 seconds
[2025-03-24T22:02:16.490+0800] {processor.py:186} INFO - Started process (PID=68098) to work on /Users/dionneleow/IS3107/IS3107-group11/backend/venv/lib/python3.12/site-packages/airflow/example_dags/example_outlet_event_extra.py
[2025-03-24T22:02:16.491+0800] {processor.py:914} INFO - Processing file /Users/dionneleow/IS3107/IS3107-group11/backend/venv/lib/python3.12/site-packages/airflow/example_dags/example_outlet_event_extra.py for tasks to queue
[2025-03-24T22:02:16.491+0800] {logging_mixin.py:190} INFO - [2025-03-24T22:02:16.491+0800] {dagbag.py:588} INFO - Filling up the DagBag from /Users/dionneleow/IS3107/IS3107-group11/backend/venv/lib/python3.12/site-packages/airflow/example_dags/example_outlet_event_extra.py
[2025-03-24T22:02:16.527+0800] {processor.py:925} INFO - DAG(s) 'dataset_with_extra_by_yield', 'dataset_with_extra_by_context', 'dataset_with_extra_from_classic_operator' retrieved from /Users/dionneleow/IS3107/IS3107-group11/backend/venv/lib/python3.12/site-packages/airflow/example_dags/example_outlet_event_extra.py
[2025-03-24T22:02:16.582+0800] {logging_mixin.py:190} INFO - [2025-03-24T22:02:16.582+0800] {dag.py:3239} INFO - Sync 3 DAGs
[2025-03-24T22:02:16.588+0800] {logging_mixin.py:190} INFO - [2025-03-24T22:02:16.588+0800] {dag.py:4180} INFO - Setting next_dagrun for dataset_with_extra_by_context to 2025-03-23 00:00:00+00:00, run_after=2025-03-24 00:00:00+00:00
[2025-03-24T22:02:16.589+0800] {logging_mixin.py:190} INFO - [2025-03-24T22:02:16.589+0800] {dag.py:4180} INFO - Setting next_dagrun for dataset_with_extra_by_yield to 2025-03-23 00:00:00+00:00, run_after=2025-03-24 00:00:00+00:00
[2025-03-24T22:02:16.590+0800] {logging_mixin.py:190} INFO - [2025-03-24T22:02:16.590+0800] {dag.py:4180} INFO - Setting next_dagrun for dataset_with_extra_from_classic_operator to 2025-03-23 00:00:00+00:00, run_after=2025-03-24 00:00:00+00:00
[2025-03-24T22:02:16.597+0800] {processor.py:208} INFO - Processing /Users/dionneleow/IS3107/IS3107-group11/backend/venv/lib/python3.12/site-packages/airflow/example_dags/example_outlet_event_extra.py took 0.108 seconds
[2025-03-24T22:04:29.760+0800] {processor.py:186} INFO - Started process (PID=68920) to work on /Users/dionneleow/IS3107/IS3107-group11/backend/venv/lib/python3.12/site-packages/airflow/example_dags/example_outlet_event_extra.py
[2025-03-24T22:04:29.760+0800] {processor.py:914} INFO - Processing file /Users/dionneleow/IS3107/IS3107-group11/backend/venv/lib/python3.12/site-packages/airflow/example_dags/example_outlet_event_extra.py for tasks to queue
[2025-03-24T22:04:29.761+0800] {logging_mixin.py:190} INFO - [2025-03-24T22:04:29.761+0800] {dagbag.py:588} INFO - Filling up the DagBag from /Users/dionneleow/IS3107/IS3107-group11/backend/venv/lib/python3.12/site-packages/airflow/example_dags/example_outlet_event_extra.py
[2025-03-24T22:04:29.797+0800] {processor.py:925} INFO - DAG(s) 'dataset_with_extra_from_classic_operator', 'dataset_with_extra_by_yield', 'dataset_with_extra_by_context' retrieved from /Users/dionneleow/IS3107/IS3107-group11/backend/venv/lib/python3.12/site-packages/airflow/example_dags/example_outlet_event_extra.py
[2025-03-24T22:04:29.852+0800] {logging_mixin.py:190} INFO - [2025-03-24T22:04:29.851+0800] {dag.py:3239} INFO - Sync 3 DAGs
[2025-03-24T22:04:29.857+0800] {logging_mixin.py:190} INFO - [2025-03-24T22:04:29.857+0800] {dag.py:4180} INFO - Setting next_dagrun for dataset_with_extra_by_context to 2025-03-23 00:00:00+00:00, run_after=2025-03-24 00:00:00+00:00
[2025-03-24T22:04:29.859+0800] {logging_mixin.py:190} INFO - [2025-03-24T22:04:29.859+0800] {dag.py:4180} INFO - Setting next_dagrun for dataset_with_extra_by_yield to 2025-03-23 00:00:00+00:00, run_after=2025-03-24 00:00:00+00:00
[2025-03-24T22:04:29.859+0800] {logging_mixin.py:190} INFO - [2025-03-24T22:04:29.859+0800] {dag.py:4180} INFO - Setting next_dagrun for dataset_with_extra_from_classic_operator to 2025-03-23 00:00:00+00:00, run_after=2025-03-24 00:00:00+00:00
[2025-03-24T22:04:29.866+0800] {processor.py:208} INFO - Processing /Users/dionneleow/IS3107/IS3107-group11/backend/venv/lib/python3.12/site-packages/airflow/example_dags/example_outlet_event_extra.py took 0.108 seconds
[2025-03-24T22:06:48.339+0800] {processor.py:186} INFO - Started process (PID=69612) to work on /Users/dionneleow/IS3107/IS3107-group11/backend/venv/lib/python3.12/site-packages/airflow/example_dags/example_outlet_event_extra.py
[2025-03-24T22:06:48.340+0800] {processor.py:914} INFO - Processing file /Users/dionneleow/IS3107/IS3107-group11/backend/venv/lib/python3.12/site-packages/airflow/example_dags/example_outlet_event_extra.py for tasks to queue
[2025-03-24T22:06:48.341+0800] {logging_mixin.py:190} INFO - [2025-03-24T22:06:48.340+0800] {dagbag.py:588} INFO - Filling up the DagBag from /Users/dionneleow/IS3107/IS3107-group11/backend/venv/lib/python3.12/site-packages/airflow/example_dags/example_outlet_event_extra.py
[2025-03-24T22:06:48.378+0800] {processor.py:925} INFO - DAG(s) 'dataset_with_extra_by_yield', 'dataset_with_extra_from_classic_operator', 'dataset_with_extra_by_context' retrieved from /Users/dionneleow/IS3107/IS3107-group11/backend/venv/lib/python3.12/site-packages/airflow/example_dags/example_outlet_event_extra.py
[2025-03-24T22:06:48.435+0800] {logging_mixin.py:190} INFO - [2025-03-24T22:06:48.435+0800] {dag.py:3239} INFO - Sync 3 DAGs
[2025-03-24T22:06:48.444+0800] {logging_mixin.py:190} INFO - [2025-03-24T22:06:48.444+0800] {dag.py:4180} INFO - Setting next_dagrun for dataset_with_extra_by_context to 2025-03-23 00:00:00+00:00, run_after=2025-03-24 00:00:00+00:00
[2025-03-24T22:06:48.447+0800] {logging_mixin.py:190} INFO - [2025-03-24T22:06:48.446+0800] {dag.py:4180} INFO - Setting next_dagrun for dataset_with_extra_by_yield to 2025-03-23 00:00:00+00:00, run_after=2025-03-24 00:00:00+00:00
[2025-03-24T22:06:48.447+0800] {logging_mixin.py:190} INFO - [2025-03-24T22:06:48.447+0800] {dag.py:4180} INFO - Setting next_dagrun for dataset_with_extra_from_classic_operator to 2025-03-23 00:00:00+00:00, run_after=2025-03-24 00:00:00+00:00
[2025-03-24T22:06:48.461+0800] {processor.py:208} INFO - Processing /Users/dionneleow/IS3107/IS3107-group11/backend/venv/lib/python3.12/site-packages/airflow/example_dags/example_outlet_event_extra.py took 0.124 seconds
[2025-03-24T22:09:11.865+0800] {processor.py:186} INFO - Started process (PID=70389) to work on /Users/dionneleow/IS3107/IS3107-group11/backend/venv/lib/python3.12/site-packages/airflow/example_dags/example_outlet_event_extra.py
[2025-03-24T22:09:11.866+0800] {processor.py:914} INFO - Processing file /Users/dionneleow/IS3107/IS3107-group11/backend/venv/lib/python3.12/site-packages/airflow/example_dags/example_outlet_event_extra.py for tasks to queue
[2025-03-24T22:09:11.866+0800] {logging_mixin.py:190} INFO - [2025-03-24T22:09:11.866+0800] {dagbag.py:588} INFO - Filling up the DagBag from /Users/dionneleow/IS3107/IS3107-group11/backend/venv/lib/python3.12/site-packages/airflow/example_dags/example_outlet_event_extra.py
[2025-03-24T22:09:11.905+0800] {processor.py:925} INFO - DAG(s) 'dataset_with_extra_by_context', 'dataset_with_extra_by_yield', 'dataset_with_extra_from_classic_operator' retrieved from /Users/dionneleow/IS3107/IS3107-group11/backend/venv/lib/python3.12/site-packages/airflow/example_dags/example_outlet_event_extra.py
[2025-03-24T22:09:11.961+0800] {logging_mixin.py:190} INFO - [2025-03-24T22:09:11.961+0800] {dag.py:3239} INFO - Sync 3 DAGs
[2025-03-24T22:09:11.969+0800] {logging_mixin.py:190} INFO - [2025-03-24T22:09:11.969+0800] {dag.py:4180} INFO - Setting next_dagrun for dataset_with_extra_by_context to 2025-03-23 00:00:00+00:00, run_after=2025-03-24 00:00:00+00:00
[2025-03-24T22:09:11.971+0800] {logging_mixin.py:190} INFO - [2025-03-24T22:09:11.971+0800] {dag.py:4180} INFO - Setting next_dagrun for dataset_with_extra_by_yield to 2025-03-23 00:00:00+00:00, run_after=2025-03-24 00:00:00+00:00
[2025-03-24T22:09:11.972+0800] {logging_mixin.py:190} INFO - [2025-03-24T22:09:11.972+0800] {dag.py:4180} INFO - Setting next_dagrun for dataset_with_extra_from_classic_operator to 2025-03-23 00:00:00+00:00, run_after=2025-03-24 00:00:00+00:00
[2025-03-24T22:09:11.980+0800] {processor.py:208} INFO - Processing /Users/dionneleow/IS3107/IS3107-group11/backend/venv/lib/python3.12/site-packages/airflow/example_dags/example_outlet_event_extra.py took 0.116 seconds
