[2025-03-24T21:47:26.249+0800] {processor.py:186} INFO - Started process (PID=62405) to work on /Users/dionneleow/IS3107/IS3107-group11/backend/venv/lib/python3.12/site-packages/airflow/example_dags/example_xcom.py
[2025-03-24T21:47:26.250+0800] {processor.py:914} INFO - Processing file /Users/dionneleow/IS3107/IS3107-group11/backend/venv/lib/python3.12/site-packages/airflow/example_dags/example_xcom.py for tasks to queue
[2025-03-24T21:47:26.250+0800] {logging_mixin.py:190} INFO - [2025-03-24T21:47:26.250+0800] {dagbag.py:588} INFO - Filling up the DagBag from /Users/dionneleow/IS3107/IS3107-group11/backend/venv/lib/python3.12/site-packages/airflow/example_dags/example_xcom.py
[2025-03-24T21:47:26.270+0800] {processor.py:925} INFO - DAG(s) 'example_xcom' retrieved from /Users/dionneleow/IS3107/IS3107-group11/backend/venv/lib/python3.12/site-packages/airflow/example_dags/example_xcom.py
[2025-03-24T21:47:26.363+0800] {logging_mixin.py:190} INFO - [2025-03-24T21:47:26.363+0800] {override.py:1912} INFO - Created Permission View: can read on DAG:example_xcom
[2025-03-24T21:47:26.366+0800] {logging_mixin.py:190} INFO - [2025-03-24T21:47:26.366+0800] {override.py:1912} INFO - Created Permission View: can edit on DAG:example_xcom
[2025-03-24T21:47:26.368+0800] {logging_mixin.py:190} INFO - [2025-03-24T21:47:26.368+0800] {override.py:1912} INFO - Created Permission View: can delete on DAG:example_xcom
[2025-03-24T21:47:26.371+0800] {logging_mixin.py:190} INFO - [2025-03-24T21:47:26.371+0800] {override.py:1912} INFO - Created Permission View: can read on DAG Run:example_xcom
[2025-03-24T21:47:26.375+0800] {logging_mixin.py:190} INFO - [2025-03-24T21:47:26.375+0800] {override.py:1912} INFO - Created Permission View: can delete on DAG Run:example_xcom
[2025-03-24T21:47:26.378+0800] {logging_mixin.py:190} INFO - [2025-03-24T21:47:26.378+0800] {override.py:1912} INFO - Created Permission View: menu access on DAG Run:example_xcom
[2025-03-24T21:47:26.380+0800] {logging_mixin.py:190} INFO - [2025-03-24T21:47:26.380+0800] {override.py:1912} INFO - Created Permission View: can create on DAG Run:example_xcom
[2025-03-24T21:47:26.380+0800] {logging_mixin.py:190} INFO - [2025-03-24T21:47:26.380+0800] {dag.py:3239} INFO - Sync 1 DAGs
[2025-03-24T21:47:26.384+0800] {logging_mixin.py:190} INFO - [2025-03-24T21:47:26.384+0800] {dag.py:3262} INFO - Creating ORM DAG for example_xcom
[2025-03-24T21:47:26.387+0800] {logging_mixin.py:190} INFO - [2025-03-24T21:47:26.386+0800] {dag.py:4180} INFO - Setting next_dagrun for example_xcom to 2021-01-01 00:00:00+00:00, run_after=2021-01-01 00:00:00+00:00
[2025-03-24T21:47:26.395+0800] {processor.py:208} INFO - Processing /Users/dionneleow/IS3107/IS3107-group11/backend/venv/lib/python3.12/site-packages/airflow/example_dags/example_xcom.py took 0.148 seconds
[2025-03-24T21:48:36.130+0800] {processor.py:186} INFO - Started process (PID=62912) to work on /Users/dionneleow/IS3107/IS3107-group11/backend/venv/lib/python3.12/site-packages/airflow/example_dags/example_xcom.py
[2025-03-24T21:48:36.132+0800] {processor.py:914} INFO - Processing file /Users/dionneleow/IS3107/IS3107-group11/backend/venv/lib/python3.12/site-packages/airflow/example_dags/example_xcom.py for tasks to queue
[2025-03-24T21:48:36.132+0800] {logging_mixin.py:190} INFO - [2025-03-24T21:48:36.132+0800] {dagbag.py:588} INFO - Filling up the DagBag from /Users/dionneleow/IS3107/IS3107-group11/backend/venv/lib/python3.12/site-packages/airflow/example_dags/example_xcom.py
[2025-03-24T21:48:36.153+0800] {processor.py:925} INFO - DAG(s) 'example_xcom' retrieved from /Users/dionneleow/IS3107/IS3107-group11/backend/venv/lib/python3.12/site-packages/airflow/example_dags/example_xcom.py
[2025-03-24T21:48:36.225+0800] {logging_mixin.py:190} INFO - [2025-03-24T21:48:36.225+0800] {dag.py:3239} INFO - Sync 1 DAGs
[2025-03-24T21:48:36.231+0800] {logging_mixin.py:190} INFO - [2025-03-24T21:48:36.231+0800] {dag.py:4180} INFO - Setting next_dagrun for example_xcom to 2021-01-01 00:00:00+00:00, run_after=2021-01-01 00:00:00+00:00
[2025-03-24T21:48:36.238+0800] {processor.py:208} INFO - Processing /Users/dionneleow/IS3107/IS3107-group11/backend/venv/lib/python3.12/site-packages/airflow/example_dags/example_xcom.py took 0.112 seconds
[2025-03-24T21:50:26.691+0800] {processor.py:186} INFO - Started process (PID=63744) to work on /Users/dionneleow/IS3107/IS3107-group11/backend/venv/lib/python3.12/site-packages/airflow/example_dags/example_xcom.py
[2025-03-24T21:50:26.692+0800] {processor.py:914} INFO - Processing file /Users/dionneleow/IS3107/IS3107-group11/backend/venv/lib/python3.12/site-packages/airflow/example_dags/example_xcom.py for tasks to queue
[2025-03-24T21:50:26.692+0800] {logging_mixin.py:190} INFO - [2025-03-24T21:50:26.692+0800] {dagbag.py:588} INFO - Filling up the DagBag from /Users/dionneleow/IS3107/IS3107-group11/backend/venv/lib/python3.12/site-packages/airflow/example_dags/example_xcom.py
[2025-03-24T21:50:26.709+0800] {processor.py:925} INFO - DAG(s) 'example_xcom' retrieved from /Users/dionneleow/IS3107/IS3107-group11/backend/venv/lib/python3.12/site-packages/airflow/example_dags/example_xcom.py
[2025-03-24T21:50:26.773+0800] {logging_mixin.py:190} INFO - [2025-03-24T21:50:26.773+0800] {dag.py:3239} INFO - Sync 1 DAGs
[2025-03-24T21:50:26.781+0800] {logging_mixin.py:190} INFO - [2025-03-24T21:50:26.780+0800] {dag.py:4180} INFO - Setting next_dagrun for example_xcom to 2021-01-01 00:00:00+00:00, run_after=2021-01-01 00:00:00+00:00
[2025-03-24T21:50:26.790+0800] {processor.py:208} INFO - Processing /Users/dionneleow/IS3107/IS3107-group11/backend/venv/lib/python3.12/site-packages/airflow/example_dags/example_xcom.py took 0.101 seconds
[2025-03-24T21:51:42.543+0800] {processor.py:186} INFO - Started process (PID=64263) to work on /Users/dionneleow/IS3107/IS3107-group11/backend/venv/lib/python3.12/site-packages/airflow/example_dags/example_xcom.py
[2025-03-24T21:51:42.543+0800] {processor.py:914} INFO - Processing file /Users/dionneleow/IS3107/IS3107-group11/backend/venv/lib/python3.12/site-packages/airflow/example_dags/example_xcom.py for tasks to queue
[2025-03-24T21:51:42.544+0800] {logging_mixin.py:190} INFO - [2025-03-24T21:51:42.544+0800] {dagbag.py:588} INFO - Filling up the DagBag from /Users/dionneleow/IS3107/IS3107-group11/backend/venv/lib/python3.12/site-packages/airflow/example_dags/example_xcom.py
[2025-03-24T21:51:42.559+0800] {processor.py:925} INFO - DAG(s) 'example_xcom' retrieved from /Users/dionneleow/IS3107/IS3107-group11/backend/venv/lib/python3.12/site-packages/airflow/example_dags/example_xcom.py
[2025-03-24T21:51:42.615+0800] {logging_mixin.py:190} INFO - [2025-03-24T21:51:42.615+0800] {dag.py:3239} INFO - Sync 1 DAGs
[2025-03-24T21:51:42.621+0800] {logging_mixin.py:190} INFO - [2025-03-24T21:51:42.621+0800] {dag.py:4180} INFO - Setting next_dagrun for example_xcom to 2021-01-01 00:00:00+00:00, run_after=2021-01-01 00:00:00+00:00
[2025-03-24T21:51:42.628+0800] {processor.py:208} INFO - Processing /Users/dionneleow/IS3107/IS3107-group11/backend/venv/lib/python3.12/site-packages/airflow/example_dags/example_xcom.py took 0.086 seconds
[2025-03-24T21:52:52.168+0800] {processor.py:186} INFO - Started process (PID=64659) to work on /Users/dionneleow/IS3107/IS3107-group11/backend/venv/lib/python3.12/site-packages/airflow/example_dags/example_xcom.py
[2025-03-24T21:52:52.169+0800] {processor.py:914} INFO - Processing file /Users/dionneleow/IS3107/IS3107-group11/backend/venv/lib/python3.12/site-packages/airflow/example_dags/example_xcom.py for tasks to queue
[2025-03-24T21:52:52.169+0800] {logging_mixin.py:190} INFO - [2025-03-24T21:52:52.169+0800] {dagbag.py:588} INFO - Filling up the DagBag from /Users/dionneleow/IS3107/IS3107-group11/backend/venv/lib/python3.12/site-packages/airflow/example_dags/example_xcom.py
[2025-03-24T21:52:52.184+0800] {processor.py:925} INFO - DAG(s) 'example_xcom' retrieved from /Users/dionneleow/IS3107/IS3107-group11/backend/venv/lib/python3.12/site-packages/airflow/example_dags/example_xcom.py
[2025-03-24T21:52:52.275+0800] {logging_mixin.py:190} INFO - [2025-03-24T21:52:52.275+0800] {dag.py:3239} INFO - Sync 1 DAGs
[2025-03-24T21:52:52.283+0800] {logging_mixin.py:190} INFO - [2025-03-24T21:52:52.283+0800] {dag.py:4180} INFO - Setting next_dagrun for example_xcom to 2021-01-01 00:00:00+00:00, run_after=2021-01-01 00:00:00+00:00
[2025-03-24T21:52:52.293+0800] {processor.py:208} INFO - Processing /Users/dionneleow/IS3107/IS3107-group11/backend/venv/lib/python3.12/site-packages/airflow/example_dags/example_xcom.py took 0.126 seconds
[2025-03-24T21:54:00.095+0800] {processor.py:186} INFO - Started process (PID=65083) to work on /Users/dionneleow/IS3107/IS3107-group11/backend/venv/lib/python3.12/site-packages/airflow/example_dags/example_xcom.py
[2025-03-24T21:54:00.095+0800] {processor.py:914} INFO - Processing file /Users/dionneleow/IS3107/IS3107-group11/backend/venv/lib/python3.12/site-packages/airflow/example_dags/example_xcom.py for tasks to queue
[2025-03-24T21:54:00.096+0800] {logging_mixin.py:190} INFO - [2025-03-24T21:54:00.096+0800] {dagbag.py:588} INFO - Filling up the DagBag from /Users/dionneleow/IS3107/IS3107-group11/backend/venv/lib/python3.12/site-packages/airflow/example_dags/example_xcom.py
[2025-03-24T21:54:00.109+0800] {processor.py:925} INFO - DAG(s) 'example_xcom' retrieved from /Users/dionneleow/IS3107/IS3107-group11/backend/venv/lib/python3.12/site-packages/airflow/example_dags/example_xcom.py
[2025-03-24T21:54:00.166+0800] {logging_mixin.py:190} INFO - [2025-03-24T21:54:00.165+0800] {dag.py:3239} INFO - Sync 1 DAGs
[2025-03-24T21:54:00.171+0800] {logging_mixin.py:190} INFO - [2025-03-24T21:54:00.171+0800] {dag.py:4180} INFO - Setting next_dagrun for example_xcom to 2021-01-01 00:00:00+00:00, run_after=2021-01-01 00:00:00+00:00
[2025-03-24T21:54:00.178+0800] {processor.py:208} INFO - Processing /Users/dionneleow/IS3107/IS3107-group11/backend/venv/lib/python3.12/site-packages/airflow/example_dags/example_xcom.py took 0.084 seconds
[2025-03-24T21:55:06.096+0800] {processor.py:186} INFO - Started process (PID=65515) to work on /Users/dionneleow/IS3107/IS3107-group11/backend/venv/lib/python3.12/site-packages/airflow/example_dags/example_xcom.py
[2025-03-24T21:55:06.096+0800] {processor.py:914} INFO - Processing file /Users/dionneleow/IS3107/IS3107-group11/backend/venv/lib/python3.12/site-packages/airflow/example_dags/example_xcom.py for tasks to queue
[2025-03-24T21:55:06.097+0800] {logging_mixin.py:190} INFO - [2025-03-24T21:55:06.097+0800] {dagbag.py:588} INFO - Filling up the DagBag from /Users/dionneleow/IS3107/IS3107-group11/backend/venv/lib/python3.12/site-packages/airflow/example_dags/example_xcom.py
[2025-03-24T21:55:06.110+0800] {processor.py:925} INFO - DAG(s) 'example_xcom' retrieved from /Users/dionneleow/IS3107/IS3107-group11/backend/venv/lib/python3.12/site-packages/airflow/example_dags/example_xcom.py
[2025-03-24T21:55:06.163+0800] {logging_mixin.py:190} INFO - [2025-03-24T21:55:06.163+0800] {dag.py:3239} INFO - Sync 1 DAGs
[2025-03-24T21:55:06.169+0800] {logging_mixin.py:190} INFO - [2025-03-24T21:55:06.168+0800] {dag.py:4180} INFO - Setting next_dagrun for example_xcom to 2021-01-01 00:00:00+00:00, run_after=2021-01-01 00:00:00+00:00
[2025-03-24T21:55:06.175+0800] {processor.py:208} INFO - Processing /Users/dionneleow/IS3107/IS3107-group11/backend/venv/lib/python3.12/site-packages/airflow/example_dags/example_xcom.py took 0.081 seconds
[2025-03-24T21:56:17.068+0800] {processor.py:186} INFO - Started process (PID=65952) to work on /Users/dionneleow/IS3107/IS3107-group11/backend/venv/lib/python3.12/site-packages/airflow/example_dags/example_xcom.py
[2025-03-24T21:56:17.069+0800] {processor.py:914} INFO - Processing file /Users/dionneleow/IS3107/IS3107-group11/backend/venv/lib/python3.12/site-packages/airflow/example_dags/example_xcom.py for tasks to queue
[2025-03-24T21:56:17.070+0800] {logging_mixin.py:190} INFO - [2025-03-24T21:56:17.070+0800] {dagbag.py:588} INFO - Filling up the DagBag from /Users/dionneleow/IS3107/IS3107-group11/backend/venv/lib/python3.12/site-packages/airflow/example_dags/example_xcom.py
[2025-03-24T21:56:17.083+0800] {processor.py:925} INFO - DAG(s) 'example_xcom' retrieved from /Users/dionneleow/IS3107/IS3107-group11/backend/venv/lib/python3.12/site-packages/airflow/example_dags/example_xcom.py
[2025-03-24T21:56:17.139+0800] {logging_mixin.py:190} INFO - [2025-03-24T21:56:17.139+0800] {dag.py:3239} INFO - Sync 1 DAGs
[2025-03-24T21:56:17.144+0800] {logging_mixin.py:190} INFO - [2025-03-24T21:56:17.144+0800] {dag.py:4180} INFO - Setting next_dagrun for example_xcom to 2021-01-01 00:00:00+00:00, run_after=2021-01-01 00:00:00+00:00
[2025-03-24T21:56:17.150+0800] {processor.py:208} INFO - Processing /Users/dionneleow/IS3107/IS3107-group11/backend/venv/lib/python3.12/site-packages/airflow/example_dags/example_xcom.py took 0.083 seconds
[2025-03-24T21:57:24.788+0800] {processor.py:186} INFO - Started process (PID=66416) to work on /Users/dionneleow/IS3107/IS3107-group11/backend/venv/lib/python3.12/site-packages/airflow/example_dags/example_xcom.py
[2025-03-24T21:57:24.789+0800] {processor.py:914} INFO - Processing file /Users/dionneleow/IS3107/IS3107-group11/backend/venv/lib/python3.12/site-packages/airflow/example_dags/example_xcom.py for tasks to queue
[2025-03-24T21:57:24.789+0800] {logging_mixin.py:190} INFO - [2025-03-24T21:57:24.789+0800] {dagbag.py:588} INFO - Filling up the DagBag from /Users/dionneleow/IS3107/IS3107-group11/backend/venv/lib/python3.12/site-packages/airflow/example_dags/example_xcom.py
[2025-03-24T21:57:24.803+0800] {processor.py:925} INFO - DAG(s) 'example_xcom' retrieved from /Users/dionneleow/IS3107/IS3107-group11/backend/venv/lib/python3.12/site-packages/airflow/example_dags/example_xcom.py
[2025-03-24T21:57:24.857+0800] {logging_mixin.py:190} INFO - [2025-03-24T21:57:24.857+0800] {dag.py:3239} INFO - Sync 1 DAGs
[2025-03-24T21:57:24.863+0800] {logging_mixin.py:190} INFO - [2025-03-24T21:57:24.863+0800] {dag.py:4180} INFO - Setting next_dagrun for example_xcom to 2021-01-01 00:00:00+00:00, run_after=2021-01-01 00:00:00+00:00
[2025-03-24T21:57:24.869+0800] {processor.py:208} INFO - Processing /Users/dionneleow/IS3107/IS3107-group11/backend/venv/lib/python3.12/site-packages/airflow/example_dags/example_xcom.py took 0.082 seconds
[2025-03-24T21:58:34.554+0800] {processor.py:186} INFO - Started process (PID=66838) to work on /Users/dionneleow/IS3107/IS3107-group11/backend/venv/lib/python3.12/site-packages/airflow/example_dags/example_xcom.py
[2025-03-24T21:58:34.555+0800] {processor.py:914} INFO - Processing file /Users/dionneleow/IS3107/IS3107-group11/backend/venv/lib/python3.12/site-packages/airflow/example_dags/example_xcom.py for tasks to queue
[2025-03-24T21:58:34.555+0800] {logging_mixin.py:190} INFO - [2025-03-24T21:58:34.555+0800] {dagbag.py:588} INFO - Filling up the DagBag from /Users/dionneleow/IS3107/IS3107-group11/backend/venv/lib/python3.12/site-packages/airflow/example_dags/example_xcom.py
[2025-03-24T21:58:34.569+0800] {processor.py:925} INFO - DAG(s) 'example_xcom' retrieved from /Users/dionneleow/IS3107/IS3107-group11/backend/venv/lib/python3.12/site-packages/airflow/example_dags/example_xcom.py
[2025-03-24T21:58:34.623+0800] {logging_mixin.py:190} INFO - [2025-03-24T21:58:34.622+0800] {dag.py:3239} INFO - Sync 1 DAGs
[2025-03-24T21:58:34.629+0800] {logging_mixin.py:190} INFO - [2025-03-24T21:58:34.629+0800] {dag.py:4180} INFO - Setting next_dagrun for example_xcom to 2021-01-01 00:00:00+00:00, run_after=2021-01-01 00:00:00+00:00
[2025-03-24T21:58:34.635+0800] {processor.py:208} INFO - Processing /Users/dionneleow/IS3107/IS3107-group11/backend/venv/lib/python3.12/site-packages/airflow/example_dags/example_xcom.py took 0.083 seconds
[2025-03-24T21:59:39.990+0800] {processor.py:186} INFO - Started process (PID=67175) to work on /Users/dionneleow/IS3107/IS3107-group11/backend/venv/lib/python3.12/site-packages/airflow/example_dags/example_xcom.py
[2025-03-24T21:59:39.991+0800] {processor.py:914} INFO - Processing file /Users/dionneleow/IS3107/IS3107-group11/backend/venv/lib/python3.12/site-packages/airflow/example_dags/example_xcom.py for tasks to queue
[2025-03-24T21:59:39.991+0800] {logging_mixin.py:190} INFO - [2025-03-24T21:59:39.991+0800] {dagbag.py:588} INFO - Filling up the DagBag from /Users/dionneleow/IS3107/IS3107-group11/backend/venv/lib/python3.12/site-packages/airflow/example_dags/example_xcom.py
[2025-03-24T21:59:40.010+0800] {processor.py:925} INFO - DAG(s) 'example_xcom' retrieved from /Users/dionneleow/IS3107/IS3107-group11/backend/venv/lib/python3.12/site-packages/airflow/example_dags/example_xcom.py
[2025-03-24T21:59:40.070+0800] {logging_mixin.py:190} INFO - [2025-03-24T21:59:40.070+0800] {dag.py:3239} INFO - Sync 1 DAGs
[2025-03-24T21:59:40.076+0800] {logging_mixin.py:190} INFO - [2025-03-24T21:59:40.076+0800] {dag.py:4180} INFO - Setting next_dagrun for example_xcom to 2021-01-01 00:00:00+00:00, run_after=2021-01-01 00:00:00+00:00
[2025-03-24T21:59:40.084+0800] {processor.py:208} INFO - Processing /Users/dionneleow/IS3107/IS3107-group11/backend/venv/lib/python3.12/site-packages/airflow/example_dags/example_xcom.py took 0.096 seconds
[2025-03-24T22:00:43.172+0800] {processor.py:186} INFO - Started process (PID=67537) to work on /Users/dionneleow/IS3107/IS3107-group11/backend/venv/lib/python3.12/site-packages/airflow/example_dags/example_xcom.py
[2025-03-24T22:00:43.172+0800] {processor.py:914} INFO - Processing file /Users/dionneleow/IS3107/IS3107-group11/backend/venv/lib/python3.12/site-packages/airflow/example_dags/example_xcom.py for tasks to queue
[2025-03-24T22:00:43.172+0800] {logging_mixin.py:190} INFO - [2025-03-24T22:00:43.172+0800] {dagbag.py:588} INFO - Filling up the DagBag from /Users/dionneleow/IS3107/IS3107-group11/backend/venv/lib/python3.12/site-packages/airflow/example_dags/example_xcom.py
[2025-03-24T22:00:43.187+0800] {processor.py:925} INFO - DAG(s) 'example_xcom' retrieved from /Users/dionneleow/IS3107/IS3107-group11/backend/venv/lib/python3.12/site-packages/airflow/example_dags/example_xcom.py
[2025-03-24T22:00:43.241+0800] {logging_mixin.py:190} INFO - [2025-03-24T22:00:43.241+0800] {dag.py:3239} INFO - Sync 1 DAGs
[2025-03-24T22:00:43.247+0800] {logging_mixin.py:190} INFO - [2025-03-24T22:00:43.247+0800] {dag.py:4180} INFO - Setting next_dagrun for example_xcom to 2021-01-01 00:00:00+00:00, run_after=2021-01-01 00:00:00+00:00
[2025-03-24T22:00:43.258+0800] {processor.py:208} INFO - Processing /Users/dionneleow/IS3107/IS3107-group11/backend/venv/lib/python3.12/site-packages/airflow/example_dags/example_xcom.py took 0.088 seconds
[2025-03-24T22:01:45.789+0800] {processor.py:186} INFO - Started process (PID=67897) to work on /Users/dionneleow/IS3107/IS3107-group11/backend/venv/lib/python3.12/site-packages/airflow/example_dags/example_xcom.py
[2025-03-24T22:01:45.789+0800] {processor.py:914} INFO - Processing file /Users/dionneleow/IS3107/IS3107-group11/backend/venv/lib/python3.12/site-packages/airflow/example_dags/example_xcom.py for tasks to queue
[2025-03-24T22:01:45.790+0800] {logging_mixin.py:190} INFO - [2025-03-24T22:01:45.790+0800] {dagbag.py:588} INFO - Filling up the DagBag from /Users/dionneleow/IS3107/IS3107-group11/backend/venv/lib/python3.12/site-packages/airflow/example_dags/example_xcom.py
[2025-03-24T22:01:45.804+0800] {processor.py:925} INFO - DAG(s) 'example_xcom' retrieved from /Users/dionneleow/IS3107/IS3107-group11/backend/venv/lib/python3.12/site-packages/airflow/example_dags/example_xcom.py
[2025-03-24T22:01:45.856+0800] {logging_mixin.py:190} INFO - [2025-03-24T22:01:45.856+0800] {dag.py:3239} INFO - Sync 1 DAGs
[2025-03-24T22:01:45.861+0800] {logging_mixin.py:190} INFO - [2025-03-24T22:01:45.861+0800] {dag.py:4180} INFO - Setting next_dagrun for example_xcom to 2021-01-01 00:00:00+00:00, run_after=2021-01-01 00:00:00+00:00
[2025-03-24T22:01:45.870+0800] {processor.py:208} INFO - Processing /Users/dionneleow/IS3107/IS3107-group11/backend/venv/lib/python3.12/site-packages/airflow/example_dags/example_xcom.py took 0.083 seconds
[2025-03-24T22:02:51.801+0800] {processor.py:186} INFO - Started process (PID=68303) to work on /Users/dionneleow/IS3107/IS3107-group11/backend/venv/lib/python3.12/site-packages/airflow/example_dags/example_xcom.py
[2025-03-24T22:02:51.805+0800] {processor.py:914} INFO - Processing file /Users/dionneleow/IS3107/IS3107-group11/backend/venv/lib/python3.12/site-packages/airflow/example_dags/example_xcom.py for tasks to queue
[2025-03-24T22:02:51.805+0800] {logging_mixin.py:190} INFO - [2025-03-24T22:02:51.805+0800] {dagbag.py:588} INFO - Filling up the DagBag from /Users/dionneleow/IS3107/IS3107-group11/backend/venv/lib/python3.12/site-packages/airflow/example_dags/example_xcom.py
[2025-03-24T22:02:51.828+0800] {processor.py:925} INFO - DAG(s) 'example_xcom' retrieved from /Users/dionneleow/IS3107/IS3107-group11/backend/venv/lib/python3.12/site-packages/airflow/example_dags/example_xcom.py
[2025-03-24T22:02:51.892+0800] {logging_mixin.py:190} INFO - [2025-03-24T22:02:51.892+0800] {dag.py:3239} INFO - Sync 1 DAGs
[2025-03-24T22:02:51.898+0800] {logging_mixin.py:190} INFO - [2025-03-24T22:02:51.898+0800] {dag.py:4180} INFO - Setting next_dagrun for example_xcom to 2021-01-01 00:00:00+00:00, run_after=2021-01-01 00:00:00+00:00
[2025-03-24T22:02:51.905+0800] {processor.py:208} INFO - Processing /Users/dionneleow/IS3107/IS3107-group11/backend/venv/lib/python3.12/site-packages/airflow/example_dags/example_xcom.py took 0.106 seconds
[2025-03-24T22:03:59.351+0800] {processor.py:186} INFO - Started process (PID=68734) to work on /Users/dionneleow/IS3107/IS3107-group11/backend/venv/lib/python3.12/site-packages/airflow/example_dags/example_xcom.py
[2025-03-24T22:03:59.352+0800] {processor.py:914} INFO - Processing file /Users/dionneleow/IS3107/IS3107-group11/backend/venv/lib/python3.12/site-packages/airflow/example_dags/example_xcom.py for tasks to queue
[2025-03-24T22:03:59.352+0800] {logging_mixin.py:190} INFO - [2025-03-24T22:03:59.352+0800] {dagbag.py:588} INFO - Filling up the DagBag from /Users/dionneleow/IS3107/IS3107-group11/backend/venv/lib/python3.12/site-packages/airflow/example_dags/example_xcom.py
[2025-03-24T22:03:59.368+0800] {processor.py:925} INFO - DAG(s) 'example_xcom' retrieved from /Users/dionneleow/IS3107/IS3107-group11/backend/venv/lib/python3.12/site-packages/airflow/example_dags/example_xcom.py
[2025-03-24T22:03:59.421+0800] {logging_mixin.py:190} INFO - [2025-03-24T22:03:59.421+0800] {dag.py:3239} INFO - Sync 1 DAGs
[2025-03-24T22:03:59.427+0800] {logging_mixin.py:190} INFO - [2025-03-24T22:03:59.426+0800] {dag.py:4180} INFO - Setting next_dagrun for example_xcom to 2021-01-01 00:00:00+00:00, run_after=2021-01-01 00:00:00+00:00
[2025-03-24T22:03:59.432+0800] {processor.py:208} INFO - Processing /Users/dionneleow/IS3107/IS3107-group11/backend/venv/lib/python3.12/site-packages/airflow/example_dags/example_xcom.py took 0.083 seconds
[2025-03-24T22:05:09.531+0800] {processor.py:186} INFO - Started process (PID=69117) to work on /Users/dionneleow/IS3107/IS3107-group11/backend/venv/lib/python3.12/site-packages/airflow/example_dags/example_xcom.py
[2025-03-24T22:05:09.531+0800] {processor.py:914} INFO - Processing file /Users/dionneleow/IS3107/IS3107-group11/backend/venv/lib/python3.12/site-packages/airflow/example_dags/example_xcom.py for tasks to queue
[2025-03-24T22:05:09.532+0800] {logging_mixin.py:190} INFO - [2025-03-24T22:05:09.532+0800] {dagbag.py:588} INFO - Filling up the DagBag from /Users/dionneleow/IS3107/IS3107-group11/backend/venv/lib/python3.12/site-packages/airflow/example_dags/example_xcom.py
[2025-03-24T22:05:09.552+0800] {processor.py:925} INFO - DAG(s) 'example_xcom' retrieved from /Users/dionneleow/IS3107/IS3107-group11/backend/venv/lib/python3.12/site-packages/airflow/example_dags/example_xcom.py
[2025-03-24T22:05:09.610+0800] {logging_mixin.py:190} INFO - [2025-03-24T22:05:09.610+0800] {dag.py:3239} INFO - Sync 1 DAGs
[2025-03-24T22:05:09.616+0800] {logging_mixin.py:190} INFO - [2025-03-24T22:05:09.616+0800] {dag.py:4180} INFO - Setting next_dagrun for example_xcom to 2021-01-01 00:00:00+00:00, run_after=2021-01-01 00:00:00+00:00
[2025-03-24T22:05:09.622+0800] {processor.py:208} INFO - Processing /Users/dionneleow/IS3107/IS3107-group11/backend/venv/lib/python3.12/site-packages/airflow/example_dags/example_xcom.py took 0.092 seconds
[2025-03-24T22:06:16.468+0800] {processor.py:186} INFO - Started process (PID=69445) to work on /Users/dionneleow/IS3107/IS3107-group11/backend/venv/lib/python3.12/site-packages/airflow/example_dags/example_xcom.py
[2025-03-24T22:06:16.469+0800] {processor.py:914} INFO - Processing file /Users/dionneleow/IS3107/IS3107-group11/backend/venv/lib/python3.12/site-packages/airflow/example_dags/example_xcom.py for tasks to queue
[2025-03-24T22:06:16.470+0800] {logging_mixin.py:190} INFO - [2025-03-24T22:06:16.470+0800] {dagbag.py:588} INFO - Filling up the DagBag from /Users/dionneleow/IS3107/IS3107-group11/backend/venv/lib/python3.12/site-packages/airflow/example_dags/example_xcom.py
[2025-03-24T22:06:16.485+0800] {processor.py:925} INFO - DAG(s) 'example_xcom' retrieved from /Users/dionneleow/IS3107/IS3107-group11/backend/venv/lib/python3.12/site-packages/airflow/example_dags/example_xcom.py
[2025-03-24T22:06:16.540+0800] {logging_mixin.py:190} INFO - [2025-03-24T22:06:16.540+0800] {dag.py:3239} INFO - Sync 1 DAGs
[2025-03-24T22:06:16.546+0800] {logging_mixin.py:190} INFO - [2025-03-24T22:06:16.546+0800] {dag.py:4180} INFO - Setting next_dagrun for example_xcom to 2021-01-01 00:00:00+00:00, run_after=2021-01-01 00:00:00+00:00
[2025-03-24T22:06:16.552+0800] {processor.py:208} INFO - Processing /Users/dionneleow/IS3107/IS3107-group11/backend/venv/lib/python3.12/site-packages/airflow/example_dags/example_xcom.py took 0.085 seconds
[2025-03-24T22:07:26.597+0800] {processor.py:186} INFO - Started process (PID=69821) to work on /Users/dionneleow/IS3107/IS3107-group11/backend/venv/lib/python3.12/site-packages/airflow/example_dags/example_xcom.py
[2025-03-24T22:07:26.598+0800] {processor.py:914} INFO - Processing file /Users/dionneleow/IS3107/IS3107-group11/backend/venv/lib/python3.12/site-packages/airflow/example_dags/example_xcom.py for tasks to queue
[2025-03-24T22:07:26.598+0800] {logging_mixin.py:190} INFO - [2025-03-24T22:07:26.598+0800] {dagbag.py:588} INFO - Filling up the DagBag from /Users/dionneleow/IS3107/IS3107-group11/backend/venv/lib/python3.12/site-packages/airflow/example_dags/example_xcom.py
[2025-03-24T22:07:26.615+0800] {processor.py:925} INFO - DAG(s) 'example_xcom' retrieved from /Users/dionneleow/IS3107/IS3107-group11/backend/venv/lib/python3.12/site-packages/airflow/example_dags/example_xcom.py
[2025-03-24T22:07:26.672+0800] {logging_mixin.py:190} INFO - [2025-03-24T22:07:26.672+0800] {dag.py:3239} INFO - Sync 1 DAGs
[2025-03-24T22:07:26.678+0800] {logging_mixin.py:190} INFO - [2025-03-24T22:07:26.678+0800] {dag.py:4180} INFO - Setting next_dagrun for example_xcom to 2021-01-01 00:00:00+00:00, run_after=2021-01-01 00:00:00+00:00
[2025-03-24T22:07:26.684+0800] {processor.py:208} INFO - Processing /Users/dionneleow/IS3107/IS3107-group11/backend/venv/lib/python3.12/site-packages/airflow/example_dags/example_xcom.py took 0.089 seconds
[2025-03-24T22:08:38.971+0800] {processor.py:186} INFO - Started process (PID=70235) to work on /Users/dionneleow/IS3107/IS3107-group11/backend/venv/lib/python3.12/site-packages/airflow/example_dags/example_xcom.py
[2025-03-24T22:08:38.973+0800] {processor.py:914} INFO - Processing file /Users/dionneleow/IS3107/IS3107-group11/backend/venv/lib/python3.12/site-packages/airflow/example_dags/example_xcom.py for tasks to queue
[2025-03-24T22:08:38.974+0800] {logging_mixin.py:190} INFO - [2025-03-24T22:08:38.974+0800] {dagbag.py:588} INFO - Filling up the DagBag from /Users/dionneleow/IS3107/IS3107-group11/backend/venv/lib/python3.12/site-packages/airflow/example_dags/example_xcom.py
[2025-03-24T22:08:38.990+0800] {processor.py:925} INFO - DAG(s) 'example_xcom' retrieved from /Users/dionneleow/IS3107/IS3107-group11/backend/venv/lib/python3.12/site-packages/airflow/example_dags/example_xcom.py
[2025-03-24T22:08:39.045+0800] {logging_mixin.py:190} INFO - [2025-03-24T22:08:39.045+0800] {dag.py:3239} INFO - Sync 1 DAGs
[2025-03-24T22:08:39.051+0800] {logging_mixin.py:190} INFO - [2025-03-24T22:08:39.050+0800] {dag.py:4180} INFO - Setting next_dagrun for example_xcom to 2021-01-01 00:00:00+00:00, run_after=2021-01-01 00:00:00+00:00
[2025-03-24T22:08:39.057+0800] {processor.py:208} INFO - Processing /Users/dionneleow/IS3107/IS3107-group11/backend/venv/lib/python3.12/site-packages/airflow/example_dags/example_xcom.py took 0.087 seconds
[2025-03-24T22:09:51.281+0800] {processor.py:186} INFO - Started process (PID=70599) to work on /Users/dionneleow/IS3107/IS3107-group11/backend/venv/lib/python3.12/site-packages/airflow/example_dags/example_xcom.py
[2025-03-24T22:09:51.282+0800] {processor.py:914} INFO - Processing file /Users/dionneleow/IS3107/IS3107-group11/backend/venv/lib/python3.12/site-packages/airflow/example_dags/example_xcom.py for tasks to queue
[2025-03-24T22:09:51.282+0800] {logging_mixin.py:190} INFO - [2025-03-24T22:09:51.282+0800] {dagbag.py:588} INFO - Filling up the DagBag from /Users/dionneleow/IS3107/IS3107-group11/backend/venv/lib/python3.12/site-packages/airflow/example_dags/example_xcom.py
[2025-03-24T22:09:51.296+0800] {processor.py:925} INFO - DAG(s) 'example_xcom' retrieved from /Users/dionneleow/IS3107/IS3107-group11/backend/venv/lib/python3.12/site-packages/airflow/example_dags/example_xcom.py
[2025-03-24T22:09:51.356+0800] {logging_mixin.py:190} INFO - [2025-03-24T22:09:51.356+0800] {dag.py:3239} INFO - Sync 1 DAGs
[2025-03-24T22:09:51.362+0800] {logging_mixin.py:190} INFO - [2025-03-24T22:09:51.362+0800] {dag.py:4180} INFO - Setting next_dagrun for example_xcom to 2021-01-01 00:00:00+00:00, run_after=2021-01-01 00:00:00+00:00
[2025-03-24T22:09:51.369+0800] {processor.py:208} INFO - Processing /Users/dionneleow/IS3107/IS3107-group11/backend/venv/lib/python3.12/site-packages/airflow/example_dags/example_xcom.py took 0.089 seconds
[2025-03-24T22:11:00.869+0800] {processor.py:186} INFO - Started process (PID=71050) to work on /Users/dionneleow/IS3107/IS3107-group11/backend/venv/lib/python3.12/site-packages/airflow/example_dags/example_xcom.py
[2025-03-24T22:11:00.870+0800] {processor.py:914} INFO - Processing file /Users/dionneleow/IS3107/IS3107-group11/backend/venv/lib/python3.12/site-packages/airflow/example_dags/example_xcom.py for tasks to queue
[2025-03-24T22:11:00.871+0800] {logging_mixin.py:190} INFO - [2025-03-24T22:11:00.870+0800] {dagbag.py:588} INFO - Filling up the DagBag from /Users/dionneleow/IS3107/IS3107-group11/backend/venv/lib/python3.12/site-packages/airflow/example_dags/example_xcom.py
[2025-03-24T22:11:00.884+0800] {processor.py:925} INFO - DAG(s) 'example_xcom' retrieved from /Users/dionneleow/IS3107/IS3107-group11/backend/venv/lib/python3.12/site-packages/airflow/example_dags/example_xcom.py
[2025-03-24T22:11:00.936+0800] {logging_mixin.py:190} INFO - [2025-03-24T22:11:00.936+0800] {dag.py:3239} INFO - Sync 1 DAGs
[2025-03-24T22:11:00.942+0800] {logging_mixin.py:190} INFO - [2025-03-24T22:11:00.942+0800] {dag.py:4180} INFO - Setting next_dagrun for example_xcom to 2021-01-01 00:00:00+00:00, run_after=2021-01-01 00:00:00+00:00
[2025-03-24T22:11:00.950+0800] {processor.py:208} INFO - Processing /Users/dionneleow/IS3107/IS3107-group11/backend/venv/lib/python3.12/site-packages/airflow/example_dags/example_xcom.py took 0.083 seconds
[2025-03-24T22:12:08.336+0800] {processor.py:186} INFO - Started process (PID=71373) to work on /Users/dionneleow/IS3107/IS3107-group11/backend/venv/lib/python3.12/site-packages/airflow/example_dags/example_xcom.py
[2025-03-24T22:12:08.337+0800] {processor.py:914} INFO - Processing file /Users/dionneleow/IS3107/IS3107-group11/backend/venv/lib/python3.12/site-packages/airflow/example_dags/example_xcom.py for tasks to queue
[2025-03-24T22:12:08.337+0800] {logging_mixin.py:190} INFO - [2025-03-24T22:12:08.337+0800] {dagbag.py:588} INFO - Filling up the DagBag from /Users/dionneleow/IS3107/IS3107-group11/backend/venv/lib/python3.12/site-packages/airflow/example_dags/example_xcom.py
[2025-03-24T22:12:08.354+0800] {processor.py:925} INFO - DAG(s) 'example_xcom' retrieved from /Users/dionneleow/IS3107/IS3107-group11/backend/venv/lib/python3.12/site-packages/airflow/example_dags/example_xcom.py
[2025-03-24T22:12:08.416+0800] {logging_mixin.py:190} INFO - [2025-03-24T22:12:08.416+0800] {dag.py:3239} INFO - Sync 1 DAGs
[2025-03-24T22:12:08.422+0800] {logging_mixin.py:190} INFO - [2025-03-24T22:12:08.422+0800] {dag.py:4180} INFO - Setting next_dagrun for example_xcom to 2021-01-01 00:00:00+00:00, run_after=2021-01-01 00:00:00+00:00
[2025-03-24T22:12:08.430+0800] {processor.py:208} INFO - Processing /Users/dionneleow/IS3107/IS3107-group11/backend/venv/lib/python3.12/site-packages/airflow/example_dags/example_xcom.py took 0.095 seconds
[2025-03-24T22:13:15.270+0800] {processor.py:186} INFO - Started process (PID=71741) to work on /Users/dionneleow/IS3107/IS3107-group11/backend/venv/lib/python3.12/site-packages/airflow/example_dags/example_xcom.py
[2025-03-24T22:13:15.271+0800] {processor.py:914} INFO - Processing file /Users/dionneleow/IS3107/IS3107-group11/backend/venv/lib/python3.12/site-packages/airflow/example_dags/example_xcom.py for tasks to queue
[2025-03-24T22:13:15.271+0800] {logging_mixin.py:190} INFO - [2025-03-24T22:13:15.271+0800] {dagbag.py:588} INFO - Filling up the DagBag from /Users/dionneleow/IS3107/IS3107-group11/backend/venv/lib/python3.12/site-packages/airflow/example_dags/example_xcom.py
[2025-03-24T22:13:15.286+0800] {processor.py:925} INFO - DAG(s) 'example_xcom' retrieved from /Users/dionneleow/IS3107/IS3107-group11/backend/venv/lib/python3.12/site-packages/airflow/example_dags/example_xcom.py
[2025-03-24T22:13:15.353+0800] {logging_mixin.py:190} INFO - [2025-03-24T22:13:15.353+0800] {dag.py:3239} INFO - Sync 1 DAGs
[2025-03-24T22:13:15.358+0800] {logging_mixin.py:190} INFO - [2025-03-24T22:13:15.358+0800] {dag.py:4180} INFO - Setting next_dagrun for example_xcom to 2021-01-01 00:00:00+00:00, run_after=2021-01-01 00:00:00+00:00
[2025-03-24T22:13:15.364+0800] {processor.py:208} INFO - Processing /Users/dionneleow/IS3107/IS3107-group11/backend/venv/lib/python3.12/site-packages/airflow/example_dags/example_xcom.py took 0.096 seconds
[2025-03-24T22:14:26.925+0800] {processor.py:186} INFO - Started process (PID=72190) to work on /Users/dionneleow/IS3107/IS3107-group11/backend/venv/lib/python3.12/site-packages/airflow/example_dags/example_xcom.py
[2025-03-24T22:14:26.926+0800] {processor.py:914} INFO - Processing file /Users/dionneleow/IS3107/IS3107-group11/backend/venv/lib/python3.12/site-packages/airflow/example_dags/example_xcom.py for tasks to queue
[2025-03-24T22:14:26.926+0800] {logging_mixin.py:190} INFO - [2025-03-24T22:14:26.926+0800] {dagbag.py:588} INFO - Filling up the DagBag from /Users/dionneleow/IS3107/IS3107-group11/backend/venv/lib/python3.12/site-packages/airflow/example_dags/example_xcom.py
[2025-03-24T22:14:26.940+0800] {processor.py:925} INFO - DAG(s) 'example_xcom' retrieved from /Users/dionneleow/IS3107/IS3107-group11/backend/venv/lib/python3.12/site-packages/airflow/example_dags/example_xcom.py
[2025-03-24T22:14:26.993+0800] {logging_mixin.py:190} INFO - [2025-03-24T22:14:26.993+0800] {dag.py:3239} INFO - Sync 1 DAGs
[2025-03-24T22:14:26.998+0800] {logging_mixin.py:190} INFO - [2025-03-24T22:14:26.998+0800] {dag.py:4180} INFO - Setting next_dagrun for example_xcom to 2021-01-01 00:00:00+00:00, run_after=2021-01-01 00:00:00+00:00
[2025-03-24T22:14:27.004+0800] {processor.py:208} INFO - Processing /Users/dionneleow/IS3107/IS3107-group11/backend/venv/lib/python3.12/site-packages/airflow/example_dags/example_xcom.py took 0.080 seconds
[2025-03-24T22:15:37.897+0800] {processor.py:186} INFO - Started process (PID=72617) to work on /Users/dionneleow/IS3107/IS3107-group11/backend/venv/lib/python3.12/site-packages/airflow/example_dags/example_xcom.py
[2025-03-24T22:15:37.898+0800] {processor.py:914} INFO - Processing file /Users/dionneleow/IS3107/IS3107-group11/backend/venv/lib/python3.12/site-packages/airflow/example_dags/example_xcom.py for tasks to queue
[2025-03-24T22:15:37.898+0800] {logging_mixin.py:190} INFO - [2025-03-24T22:15:37.898+0800] {dagbag.py:588} INFO - Filling up the DagBag from /Users/dionneleow/IS3107/IS3107-group11/backend/venv/lib/python3.12/site-packages/airflow/example_dags/example_xcom.py
[2025-03-24T22:15:37.916+0800] {processor.py:925} INFO - DAG(s) 'example_xcom' retrieved from /Users/dionneleow/IS3107/IS3107-group11/backend/venv/lib/python3.12/site-packages/airflow/example_dags/example_xcom.py
[2025-03-24T22:15:37.972+0800] {logging_mixin.py:190} INFO - [2025-03-24T22:15:37.972+0800] {dag.py:3239} INFO - Sync 1 DAGs
[2025-03-24T22:15:37.977+0800] {logging_mixin.py:190} INFO - [2025-03-24T22:15:37.977+0800] {dag.py:4180} INFO - Setting next_dagrun for example_xcom to 2021-01-01 00:00:00+00:00, run_after=2021-01-01 00:00:00+00:00
[2025-03-24T22:15:37.983+0800] {processor.py:208} INFO - Processing /Users/dionneleow/IS3107/IS3107-group11/backend/venv/lib/python3.12/site-packages/airflow/example_dags/example_xcom.py took 0.088 seconds
[2025-03-24T22:16:48.168+0800] {processor.py:186} INFO - Started process (PID=73034) to work on /Users/dionneleow/IS3107/IS3107-group11/backend/venv/lib/python3.12/site-packages/airflow/example_dags/example_xcom.py
[2025-03-24T22:16:48.169+0800] {processor.py:914} INFO - Processing file /Users/dionneleow/IS3107/IS3107-group11/backend/venv/lib/python3.12/site-packages/airflow/example_dags/example_xcom.py for tasks to queue
[2025-03-24T22:16:48.169+0800] {logging_mixin.py:190} INFO - [2025-03-24T22:16:48.169+0800] {dagbag.py:588} INFO - Filling up the DagBag from /Users/dionneleow/IS3107/IS3107-group11/backend/venv/lib/python3.12/site-packages/airflow/example_dags/example_xcom.py
[2025-03-24T22:16:48.185+0800] {processor.py:925} INFO - DAG(s) 'example_xcom' retrieved from /Users/dionneleow/IS3107/IS3107-group11/backend/venv/lib/python3.12/site-packages/airflow/example_dags/example_xcom.py
[2025-03-24T22:16:48.244+0800] {logging_mixin.py:190} INFO - [2025-03-24T22:16:48.244+0800] {dag.py:3239} INFO - Sync 1 DAGs
[2025-03-24T22:16:48.250+0800] {logging_mixin.py:190} INFO - [2025-03-24T22:16:48.250+0800] {dag.py:4180} INFO - Setting next_dagrun for example_xcom to 2021-01-01 00:00:00+00:00, run_after=2021-01-01 00:00:00+00:00
[2025-03-24T22:16:48.256+0800] {processor.py:208} INFO - Processing /Users/dionneleow/IS3107/IS3107-group11/backend/venv/lib/python3.12/site-packages/airflow/example_dags/example_xcom.py took 0.090 seconds
[2025-03-24T22:18:01.250+0800] {processor.py:186} INFO - Started process (PID=73433) to work on /Users/dionneleow/IS3107/IS3107-group11/backend/venv/lib/python3.12/site-packages/airflow/example_dags/example_xcom.py
[2025-03-24T22:18:01.251+0800] {processor.py:914} INFO - Processing file /Users/dionneleow/IS3107/IS3107-group11/backend/venv/lib/python3.12/site-packages/airflow/example_dags/example_xcom.py for tasks to queue
[2025-03-24T22:18:01.252+0800] {logging_mixin.py:190} INFO - [2025-03-24T22:18:01.252+0800] {dagbag.py:588} INFO - Filling up the DagBag from /Users/dionneleow/IS3107/IS3107-group11/backend/venv/lib/python3.12/site-packages/airflow/example_dags/example_xcom.py
[2025-03-24T22:18:01.268+0800] {processor.py:925} INFO - DAG(s) 'example_xcom' retrieved from /Users/dionneleow/IS3107/IS3107-group11/backend/venv/lib/python3.12/site-packages/airflow/example_dags/example_xcom.py
[2025-03-24T22:18:01.323+0800] {logging_mixin.py:190} INFO - [2025-03-24T22:18:01.323+0800] {dag.py:3239} INFO - Sync 1 DAGs
[2025-03-24T22:18:01.329+0800] {logging_mixin.py:190} INFO - [2025-03-24T22:18:01.329+0800] {dag.py:4180} INFO - Setting next_dagrun for example_xcom to 2021-01-01 00:00:00+00:00, run_after=2021-01-01 00:00:00+00:00
[2025-03-24T22:18:01.335+0800] {processor.py:208} INFO - Processing /Users/dionneleow/IS3107/IS3107-group11/backend/venv/lib/python3.12/site-packages/airflow/example_dags/example_xcom.py took 0.086 seconds
[2025-03-24T22:19:15.465+0800] {processor.py:186} INFO - Started process (PID=73844) to work on /Users/dionneleow/IS3107/IS3107-group11/backend/venv/lib/python3.12/site-packages/airflow/example_dags/example_xcom.py
[2025-03-24T22:19:15.467+0800] {processor.py:914} INFO - Processing file /Users/dionneleow/IS3107/IS3107-group11/backend/venv/lib/python3.12/site-packages/airflow/example_dags/example_xcom.py for tasks to queue
[2025-03-24T22:19:15.469+0800] {logging_mixin.py:190} INFO - [2025-03-24T22:19:15.469+0800] {dagbag.py:588} INFO - Filling up the DagBag from /Users/dionneleow/IS3107/IS3107-group11/backend/venv/lib/python3.12/site-packages/airflow/example_dags/example_xcom.py
[2025-03-24T22:19:15.487+0800] {processor.py:925} INFO - DAG(s) 'example_xcom' retrieved from /Users/dionneleow/IS3107/IS3107-group11/backend/venv/lib/python3.12/site-packages/airflow/example_dags/example_xcom.py
[2025-03-24T22:19:15.550+0800] {logging_mixin.py:190} INFO - [2025-03-24T22:19:15.550+0800] {dag.py:3239} INFO - Sync 1 DAGs
[2025-03-24T22:19:15.556+0800] {logging_mixin.py:190} INFO - [2025-03-24T22:19:15.556+0800] {dag.py:4180} INFO - Setting next_dagrun for example_xcom to 2021-01-01 00:00:00+00:00, run_after=2021-01-01 00:00:00+00:00
[2025-03-24T22:19:15.563+0800] {processor.py:208} INFO - Processing /Users/dionneleow/IS3107/IS3107-group11/backend/venv/lib/python3.12/site-packages/airflow/example_dags/example_xcom.py took 0.100 seconds
[2025-03-24T22:20:25.728+0800] {processor.py:186} INFO - Started process (PID=74234) to work on /Users/dionneleow/IS3107/IS3107-group11/backend/venv/lib/python3.12/site-packages/airflow/example_dags/example_xcom.py
[2025-03-24T22:20:25.729+0800] {processor.py:914} INFO - Processing file /Users/dionneleow/IS3107/IS3107-group11/backend/venv/lib/python3.12/site-packages/airflow/example_dags/example_xcom.py for tasks to queue
[2025-03-24T22:20:25.729+0800] {logging_mixin.py:190} INFO - [2025-03-24T22:20:25.729+0800] {dagbag.py:588} INFO - Filling up the DagBag from /Users/dionneleow/IS3107/IS3107-group11/backend/venv/lib/python3.12/site-packages/airflow/example_dags/example_xcom.py
[2025-03-24T22:20:25.744+0800] {processor.py:925} INFO - DAG(s) 'example_xcom' retrieved from /Users/dionneleow/IS3107/IS3107-group11/backend/venv/lib/python3.12/site-packages/airflow/example_dags/example_xcom.py
[2025-03-24T22:20:25.802+0800] {logging_mixin.py:190} INFO - [2025-03-24T22:20:25.802+0800] {dag.py:3239} INFO - Sync 1 DAGs
[2025-03-24T22:20:25.808+0800] {logging_mixin.py:190} INFO - [2025-03-24T22:20:25.807+0800] {dag.py:4180} INFO - Setting next_dagrun for example_xcom to 2021-01-01 00:00:00+00:00, run_after=2021-01-01 00:00:00+00:00
[2025-03-24T22:20:25.814+0800] {processor.py:208} INFO - Processing /Users/dionneleow/IS3107/IS3107-group11/backend/venv/lib/python3.12/site-packages/airflow/example_dags/example_xcom.py took 0.087 seconds
