[2025-03-24T21:49:12.869+0800] {processor.py:186} INFO - Started process (PID=63206) to work on /Users/dionneleow/IS3107/IS3107-group11/backend/venv/lib/python3.12/site-packages/airflow/example_dags/example_params_ui_tutorial.py
[2025-03-24T21:49:12.869+0800] {processor.py:914} INFO - Processing file /Users/dionneleow/IS3107/IS3107-group11/backend/venv/lib/python3.12/site-packages/airflow/example_dags/example_params_ui_tutorial.py for tasks to queue
[2025-03-24T21:49:12.870+0800] {logging_mixin.py:190} INFO - [2025-03-24T21:49:12.869+0800] {dagbag.py:588} INFO - Filling up the DagBag from /Users/dionneleow/IS3107/IS3107-group11/backend/venv/lib/python3.12/site-packages/airflow/example_dags/example_params_ui_tutorial.py
[2025-03-24T21:49:12.884+0800] {processor.py:925} INFO - DAG(s) 'example_params_ui_tutorial' retrieved from /Users/dionneleow/IS3107/IS3107-group11/backend/venv/lib/python3.12/site-packages/airflow/example_dags/example_params_ui_tutorial.py
[2025-03-24T21:49:12.994+0800] {logging_mixin.py:190} INFO - [2025-03-24T21:49:12.994+0800] {override.py:1912} INFO - Created Permission View: can edit on DAG:example_params_ui_tutorial
[2025-03-24T21:49:12.997+0800] {logging_mixin.py:190} INFO - [2025-03-24T21:49:12.997+0800] {override.py:1912} INFO - Created Permission View: can read on DAG:example_params_ui_tutorial
[2025-03-24T21:49:12.999+0800] {logging_mixin.py:190} INFO - [2025-03-24T21:49:12.999+0800] {override.py:1912} INFO - Created Permission View: can delete on DAG:example_params_ui_tutorial
[2025-03-24T21:49:13.001+0800] {logging_mixin.py:190} INFO - [2025-03-24T21:49:13.001+0800] {override.py:1912} INFO - Created Permission View: menu access on DAG Run:example_params_ui_tutorial
[2025-03-24T21:49:13.003+0800] {logging_mixin.py:190} INFO - [2025-03-24T21:49:13.003+0800] {override.py:1912} INFO - Created Permission View: can create on DAG Run:example_params_ui_tutorial
[2025-03-24T21:49:13.006+0800] {logging_mixin.py:190} INFO - [2025-03-24T21:49:13.006+0800] {override.py:1912} INFO - Created Permission View: can read on DAG Run:example_params_ui_tutorial
[2025-03-24T21:49:13.008+0800] {logging_mixin.py:190} INFO - [2025-03-24T21:49:13.008+0800] {override.py:1912} INFO - Created Permission View: can delete on DAG Run:example_params_ui_tutorial
[2025-03-24T21:49:13.009+0800] {logging_mixin.py:190} INFO - [2025-03-24T21:49:13.008+0800] {dag.py:3239} INFO - Sync 1 DAGs
[2025-03-24T21:49:13.018+0800] {logging_mixin.py:190} INFO - [2025-03-24T21:49:13.017+0800] {dag.py:3262} INFO - Creating ORM DAG for example_params_ui_tutorial
[2025-03-24T21:49:13.018+0800] {logging_mixin.py:190} INFO - [2025-03-24T21:49:13.018+0800] {dag.py:4180} INFO - Setting next_dagrun for example_params_ui_tutorial to None, run_after=None
[2025-03-24T21:49:13.033+0800] {processor.py:208} INFO - Processing /Users/dionneleow/IS3107/IS3107-group11/backend/venv/lib/python3.12/site-packages/airflow/example_dags/example_params_ui_tutorial.py took 0.166 seconds
[2025-03-24T21:51:02.817+0800] {processor.py:186} INFO - Started process (PID=64010) to work on /Users/dionneleow/IS3107/IS3107-group11/backend/venv/lib/python3.12/site-packages/airflow/example_dags/example_params_ui_tutorial.py
[2025-03-24T21:51:02.817+0800] {processor.py:914} INFO - Processing file /Users/dionneleow/IS3107/IS3107-group11/backend/venv/lib/python3.12/site-packages/airflow/example_dags/example_params_ui_tutorial.py for tasks to queue
[2025-03-24T21:51:02.818+0800] {logging_mixin.py:190} INFO - [2025-03-24T21:51:02.818+0800] {dagbag.py:588} INFO - Filling up the DagBag from /Users/dionneleow/IS3107/IS3107-group11/backend/venv/lib/python3.12/site-packages/airflow/example_dags/example_params_ui_tutorial.py
[2025-03-24T21:51:02.832+0800] {processor.py:925} INFO - DAG(s) 'example_params_ui_tutorial' retrieved from /Users/dionneleow/IS3107/IS3107-group11/backend/venv/lib/python3.12/site-packages/airflow/example_dags/example_params_ui_tutorial.py
[2025-03-24T21:51:02.904+0800] {logging_mixin.py:190} INFO - [2025-03-24T21:51:02.904+0800] {dag.py:3239} INFO - Sync 1 DAGs
[2025-03-24T21:51:02.910+0800] {logging_mixin.py:190} INFO - [2025-03-24T21:51:02.910+0800] {dag.py:4180} INFO - Setting next_dagrun for example_params_ui_tutorial to None, run_after=None
[2025-03-24T21:51:02.919+0800] {processor.py:208} INFO - Processing /Users/dionneleow/IS3107/IS3107-group11/backend/venv/lib/python3.12/site-packages/airflow/example_dags/example_params_ui_tutorial.py took 0.104 seconds
[2025-03-24T21:53:20.412+0800] {processor.py:186} INFO - Started process (PID=64842) to work on /Users/dionneleow/IS3107/IS3107-group11/backend/venv/lib/python3.12/site-packages/airflow/example_dags/example_params_ui_tutorial.py
[2025-03-24T21:53:20.413+0800] {processor.py:914} INFO - Processing file /Users/dionneleow/IS3107/IS3107-group11/backend/venv/lib/python3.12/site-packages/airflow/example_dags/example_params_ui_tutorial.py for tasks to queue
[2025-03-24T21:53:20.413+0800] {logging_mixin.py:190} INFO - [2025-03-24T21:53:20.413+0800] {dagbag.py:588} INFO - Filling up the DagBag from /Users/dionneleow/IS3107/IS3107-group11/backend/venv/lib/python3.12/site-packages/airflow/example_dags/example_params_ui_tutorial.py
[2025-03-24T21:53:20.427+0800] {processor.py:925} INFO - DAG(s) 'example_params_ui_tutorial' retrieved from /Users/dionneleow/IS3107/IS3107-group11/backend/venv/lib/python3.12/site-packages/airflow/example_dags/example_params_ui_tutorial.py
[2025-03-24T21:53:20.501+0800] {logging_mixin.py:190} INFO - [2025-03-24T21:53:20.501+0800] {dag.py:3239} INFO - Sync 1 DAGs
[2025-03-24T21:53:20.506+0800] {logging_mixin.py:190} INFO - [2025-03-24T21:53:20.506+0800] {dag.py:4180} INFO - Setting next_dagrun for example_params_ui_tutorial to None, run_after=None
[2025-03-24T21:53:20.515+0800] {processor.py:208} INFO - Processing /Users/dionneleow/IS3107/IS3107-group11/backend/venv/lib/python3.12/site-packages/airflow/example_dags/example_params_ui_tutorial.py took 0.104 seconds
[2025-03-24T21:55:36.579+0800] {processor.py:186} INFO - Started process (PID=65706) to work on /Users/dionneleow/IS3107/IS3107-group11/backend/venv/lib/python3.12/site-packages/airflow/example_dags/example_params_ui_tutorial.py
[2025-03-24T21:55:36.580+0800] {processor.py:914} INFO - Processing file /Users/dionneleow/IS3107/IS3107-group11/backend/venv/lib/python3.12/site-packages/airflow/example_dags/example_params_ui_tutorial.py for tasks to queue
[2025-03-24T21:55:36.580+0800] {logging_mixin.py:190} INFO - [2025-03-24T21:55:36.580+0800] {dagbag.py:588} INFO - Filling up the DagBag from /Users/dionneleow/IS3107/IS3107-group11/backend/venv/lib/python3.12/site-packages/airflow/example_dags/example_params_ui_tutorial.py
[2025-03-24T21:55:36.594+0800] {processor.py:925} INFO - DAG(s) 'example_params_ui_tutorial' retrieved from /Users/dionneleow/IS3107/IS3107-group11/backend/venv/lib/python3.12/site-packages/airflow/example_dags/example_params_ui_tutorial.py
[2025-03-24T21:55:36.656+0800] {logging_mixin.py:190} INFO - [2025-03-24T21:55:36.656+0800] {dag.py:3239} INFO - Sync 1 DAGs
[2025-03-24T21:55:36.660+0800] {logging_mixin.py:190} INFO - [2025-03-24T21:55:36.660+0800] {dag.py:4180} INFO - Setting next_dagrun for example_params_ui_tutorial to None, run_after=None
[2025-03-24T21:55:36.667+0800] {processor.py:208} INFO - Processing /Users/dionneleow/IS3107/IS3107-group11/backend/venv/lib/python3.12/site-packages/airflow/example_dags/example_params_ui_tutorial.py took 0.089 seconds
