[2025-03-24T21:47:28.934+0800] {processor.py:186} INFO - Started process (PID=62425) to work on /Users/dionneleow/IS3107/IS3107-group11/backend/venv/lib/python3.12/site-packages/airflow/example_dags/example_workday_timetable.py
[2025-03-24T21:47:28.934+0800] {processor.py:914} INFO - Processing file /Users/dionneleow/IS3107/IS3107-group11/backend/venv/lib/python3.12/site-packages/airflow/example_dags/example_workday_timetable.py for tasks to queue
[2025-03-24T21:47:28.936+0800] {logging_mixin.py:190} INFO - [2025-03-24T21:47:28.935+0800] {dagbag.py:588} INFO - Filling up the DagBag from /Users/dionneleow/IS3107/IS3107-group11/backend/venv/lib/python3.12/site-packages/airflow/example_dags/example_workday_timetable.py
[2025-03-24T21:47:28.942+0800] {logging_mixin.py:190} INFO - [2025-03-24T21:47:28.941+0800] {workday.py:41} WARNING - Could not import pandas. Holidays will not be considered.
[2025-03-24T21:47:28.950+0800] {processor.py:925} INFO - DAG(s) 'example_workday_timetable' retrieved from /Users/dionneleow/IS3107/IS3107-group11/backend/venv/lib/python3.12/site-packages/airflow/example_dags/example_workday_timetable.py
[2025-03-24T21:47:28.989+0800] {logging_mixin.py:190} INFO - [2025-03-24T21:47:28.989+0800] {workday.py:41} WARNING - Could not import pandas. Holidays will not be considered.
[2025-03-24T21:47:29.246+0800] {logging_mixin.py:190} INFO - [2025-03-24T21:47:29.246+0800] {override.py:1912} INFO - Created Permission View: can edit on DAG:example_workday_timetable
[2025-03-24T21:47:29.268+0800] {logging_mixin.py:190} INFO - [2025-03-24T21:47:29.267+0800] {override.py:1912} INFO - Created Permission View: can delete on DAG:example_workday_timetable
[2025-03-24T21:47:29.276+0800] {logging_mixin.py:190} INFO - [2025-03-24T21:47:29.276+0800] {override.py:1912} INFO - Created Permission View: can read on DAG:example_workday_timetable
[2025-03-24T21:47:29.285+0800] {logging_mixin.py:190} INFO - [2025-03-24T21:47:29.285+0800] {override.py:1912} INFO - Created Permission View: can delete on DAG Run:example_workday_timetable
[2025-03-24T21:47:29.307+0800] {logging_mixin.py:190} INFO - [2025-03-24T21:47:29.307+0800] {override.py:1912} INFO - Created Permission View: can create on DAG Run:example_workday_timetable
[2025-03-24T21:47:29.317+0800] {logging_mixin.py:190} INFO - [2025-03-24T21:47:29.317+0800] {override.py:1912} INFO - Created Permission View: can read on DAG Run:example_workday_timetable
[2025-03-24T21:47:29.323+0800] {logging_mixin.py:190} INFO - [2025-03-24T21:47:29.323+0800] {override.py:1912} INFO - Created Permission View: menu access on DAG Run:example_workday_timetable
[2025-03-24T21:47:29.325+0800] {logging_mixin.py:190} INFO - [2025-03-24T21:47:29.324+0800] {dag.py:3239} INFO - Sync 1 DAGs
[2025-03-24T21:47:29.345+0800] {logging_mixin.py:190} INFO - [2025-03-24T21:47:29.344+0800] {dag.py:3262} INFO - Creating ORM DAG for example_workday_timetable
[2025-03-24T21:47:29.353+0800] {logging_mixin.py:190} INFO - [2025-03-24T21:47:29.353+0800] {dag.py:4180} INFO - Setting next_dagrun for example_workday_timetable to 2021-01-01 00:00:00+00:00, run_after=2021-01-02 00:00:00+00:00
[2025-03-24T21:47:29.368+0800] {processor.py:208} INFO - Processing /Users/dionneleow/IS3107/IS3107-group11/backend/venv/lib/python3.12/site-packages/airflow/example_dags/example_workday_timetable.py took 0.436 seconds
[2025-03-24T21:48:38.603+0800] {processor.py:186} INFO - Started process (PID=62925) to work on /Users/dionneleow/IS3107/IS3107-group11/backend/venv/lib/python3.12/site-packages/airflow/example_dags/example_workday_timetable.py
[2025-03-24T21:48:38.606+0800] {processor.py:914} INFO - Processing file /Users/dionneleow/IS3107/IS3107-group11/backend/venv/lib/python3.12/site-packages/airflow/example_dags/example_workday_timetable.py for tasks to queue
[2025-03-24T21:48:38.606+0800] {logging_mixin.py:190} INFO - [2025-03-24T21:48:38.606+0800] {dagbag.py:588} INFO - Filling up the DagBag from /Users/dionneleow/IS3107/IS3107-group11/backend/venv/lib/python3.12/site-packages/airflow/example_dags/example_workday_timetable.py
[2025-03-24T21:48:38.608+0800] {logging_mixin.py:190} INFO - [2025-03-24T21:48:38.607+0800] {workday.py:41} WARNING - Could not import pandas. Holidays will not be considered.
[2025-03-24T21:48:38.611+0800] {processor.py:925} INFO - DAG(s) 'example_workday_timetable' retrieved from /Users/dionneleow/IS3107/IS3107-group11/backend/venv/lib/python3.12/site-packages/airflow/example_dags/example_workday_timetable.py
[2025-03-24T21:48:38.645+0800] {logging_mixin.py:190} INFO - [2025-03-24T21:48:38.645+0800] {workday.py:41} WARNING - Could not import pandas. Holidays will not be considered.
[2025-03-24T21:48:38.661+0800] {logging_mixin.py:190} INFO - [2025-03-24T21:48:38.661+0800] {dag.py:3239} INFO - Sync 1 DAGs
[2025-03-24T21:48:38.671+0800] {logging_mixin.py:190} INFO - [2025-03-24T21:48:38.671+0800] {dag.py:4180} INFO - Setting next_dagrun for example_workday_timetable to 2021-01-01 00:00:00+00:00, run_after=2021-01-02 00:00:00+00:00
[2025-03-24T21:48:38.723+0800] {processor.py:208} INFO - Processing /Users/dionneleow/IS3107/IS3107-group11/backend/venv/lib/python3.12/site-packages/airflow/example_dags/example_workday_timetable.py took 0.121 seconds
[2025-03-24T21:50:28.677+0800] {processor.py:186} INFO - Started process (PID=63754) to work on /Users/dionneleow/IS3107/IS3107-group11/backend/venv/lib/python3.12/site-packages/airflow/example_dags/example_workday_timetable.py
[2025-03-24T21:50:28.679+0800] {processor.py:914} INFO - Processing file /Users/dionneleow/IS3107/IS3107-group11/backend/venv/lib/python3.12/site-packages/airflow/example_dags/example_workday_timetable.py for tasks to queue
[2025-03-24T21:50:28.680+0800] {logging_mixin.py:190} INFO - [2025-03-24T21:50:28.679+0800] {dagbag.py:588} INFO - Filling up the DagBag from /Users/dionneleow/IS3107/IS3107-group11/backend/venv/lib/python3.12/site-packages/airflow/example_dags/example_workday_timetable.py
[2025-03-24T21:50:28.681+0800] {logging_mixin.py:190} INFO - [2025-03-24T21:50:28.681+0800] {workday.py:41} WARNING - Could not import pandas. Holidays will not be considered.
[2025-03-24T21:50:28.683+0800] {processor.py:925} INFO - DAG(s) 'example_workday_timetable' retrieved from /Users/dionneleow/IS3107/IS3107-group11/backend/venv/lib/python3.12/site-packages/airflow/example_dags/example_workday_timetable.py
[2025-03-24T21:50:28.715+0800] {logging_mixin.py:190} INFO - [2025-03-24T21:50:28.715+0800] {workday.py:41} WARNING - Could not import pandas. Holidays will not be considered.
[2025-03-24T21:50:28.726+0800] {logging_mixin.py:190} INFO - [2025-03-24T21:50:28.726+0800] {dag.py:3239} INFO - Sync 1 DAGs
[2025-03-24T21:50:28.734+0800] {logging_mixin.py:190} INFO - [2025-03-24T21:50:28.734+0800] {dag.py:4180} INFO - Setting next_dagrun for example_workday_timetable to 2021-01-01 00:00:00+00:00, run_after=2021-01-02 00:00:00+00:00
[2025-03-24T21:50:28.773+0800] {processor.py:208} INFO - Processing /Users/dionneleow/IS3107/IS3107-group11/backend/venv/lib/python3.12/site-packages/airflow/example_dags/example_workday_timetable.py took 0.097 seconds
[2025-03-24T21:51:44.454+0800] {processor.py:186} INFO - Started process (PID=64276) to work on /Users/dionneleow/IS3107/IS3107-group11/backend/venv/lib/python3.12/site-packages/airflow/example_dags/example_workday_timetable.py
[2025-03-24T21:51:44.455+0800] {processor.py:914} INFO - Processing file /Users/dionneleow/IS3107/IS3107-group11/backend/venv/lib/python3.12/site-packages/airflow/example_dags/example_workday_timetable.py for tasks to queue
[2025-03-24T21:51:44.455+0800] {logging_mixin.py:190} INFO - [2025-03-24T21:51:44.455+0800] {dagbag.py:588} INFO - Filling up the DagBag from /Users/dionneleow/IS3107/IS3107-group11/backend/venv/lib/python3.12/site-packages/airflow/example_dags/example_workday_timetable.py
[2025-03-24T21:51:44.456+0800] {logging_mixin.py:190} INFO - [2025-03-24T21:51:44.456+0800] {workday.py:41} WARNING - Could not import pandas. Holidays will not be considered.
[2025-03-24T21:51:44.458+0800] {processor.py:925} INFO - DAG(s) 'example_workday_timetable' retrieved from /Users/dionneleow/IS3107/IS3107-group11/backend/venv/lib/python3.12/site-packages/airflow/example_dags/example_workday_timetable.py
[2025-03-24T21:51:44.486+0800] {logging_mixin.py:190} INFO - [2025-03-24T21:51:44.486+0800] {workday.py:41} WARNING - Could not import pandas. Holidays will not be considered.
[2025-03-24T21:51:44.493+0800] {logging_mixin.py:190} INFO - [2025-03-24T21:51:44.493+0800] {dag.py:3239} INFO - Sync 1 DAGs
[2025-03-24T21:51:44.499+0800] {logging_mixin.py:190} INFO - [2025-03-24T21:51:44.499+0800] {dag.py:4180} INFO - Setting next_dagrun for example_workday_timetable to 2021-01-01 00:00:00+00:00, run_after=2021-01-02 00:00:00+00:00
[2025-03-24T21:51:44.538+0800] {processor.py:208} INFO - Processing /Users/dionneleow/IS3107/IS3107-group11/backend/venv/lib/python3.12/site-packages/airflow/example_dags/example_workday_timetable.py took 0.085 seconds
[2025-03-24T21:52:54.207+0800] {processor.py:186} INFO - Started process (PID=64676) to work on /Users/dionneleow/IS3107/IS3107-group11/backend/venv/lib/python3.12/site-packages/airflow/example_dags/example_workday_timetable.py
[2025-03-24T21:52:54.208+0800] {processor.py:914} INFO - Processing file /Users/dionneleow/IS3107/IS3107-group11/backend/venv/lib/python3.12/site-packages/airflow/example_dags/example_workday_timetable.py for tasks to queue
[2025-03-24T21:52:54.208+0800] {logging_mixin.py:190} INFO - [2025-03-24T21:52:54.208+0800] {dagbag.py:588} INFO - Filling up the DagBag from /Users/dionneleow/IS3107/IS3107-group11/backend/venv/lib/python3.12/site-packages/airflow/example_dags/example_workday_timetable.py
[2025-03-24T21:52:54.209+0800] {logging_mixin.py:190} INFO - [2025-03-24T21:52:54.209+0800] {workday.py:41} WARNING - Could not import pandas. Holidays will not be considered.
[2025-03-24T21:52:54.211+0800] {processor.py:925} INFO - DAG(s) 'example_workday_timetable' retrieved from /Users/dionneleow/IS3107/IS3107-group11/backend/venv/lib/python3.12/site-packages/airflow/example_dags/example_workday_timetable.py
[2025-03-24T21:52:54.241+0800] {logging_mixin.py:190} INFO - [2025-03-24T21:52:54.240+0800] {workday.py:41} WARNING - Could not import pandas. Holidays will not be considered.
[2025-03-24T21:52:54.248+0800] {logging_mixin.py:190} INFO - [2025-03-24T21:52:54.248+0800] {dag.py:3239} INFO - Sync 1 DAGs
[2025-03-24T21:52:54.254+0800] {logging_mixin.py:190} INFO - [2025-03-24T21:52:54.254+0800] {dag.py:4180} INFO - Setting next_dagrun for example_workday_timetable to 2021-01-01 00:00:00+00:00, run_after=2021-01-02 00:00:00+00:00
[2025-03-24T21:52:54.285+0800] {processor.py:208} INFO - Processing /Users/dionneleow/IS3107/IS3107-group11/backend/venv/lib/python3.12/site-packages/airflow/example_dags/example_workday_timetable.py took 0.079 seconds
[2025-03-24T21:54:01.970+0800] {processor.py:186} INFO - Started process (PID=65092) to work on /Users/dionneleow/IS3107/IS3107-group11/backend/venv/lib/python3.12/site-packages/airflow/example_dags/example_workday_timetable.py
[2025-03-24T21:54:01.971+0800] {processor.py:914} INFO - Processing file /Users/dionneleow/IS3107/IS3107-group11/backend/venv/lib/python3.12/site-packages/airflow/example_dags/example_workday_timetable.py for tasks to queue
[2025-03-24T21:54:01.972+0800] {logging_mixin.py:190} INFO - [2025-03-24T21:54:01.972+0800] {dagbag.py:588} INFO - Filling up the DagBag from /Users/dionneleow/IS3107/IS3107-group11/backend/venv/lib/python3.12/site-packages/airflow/example_dags/example_workday_timetable.py
[2025-03-24T21:54:01.972+0800] {logging_mixin.py:190} INFO - [2025-03-24T21:54:01.972+0800] {workday.py:41} WARNING - Could not import pandas. Holidays will not be considered.
[2025-03-24T21:54:01.974+0800] {processor.py:925} INFO - DAG(s) 'example_workday_timetable' retrieved from /Users/dionneleow/IS3107/IS3107-group11/backend/venv/lib/python3.12/site-packages/airflow/example_dags/example_workday_timetable.py
[2025-03-24T21:54:02.002+0800] {logging_mixin.py:190} INFO - [2025-03-24T21:54:02.002+0800] {workday.py:41} WARNING - Could not import pandas. Holidays will not be considered.
[2025-03-24T21:54:02.009+0800] {logging_mixin.py:190} INFO - [2025-03-24T21:54:02.009+0800] {dag.py:3239} INFO - Sync 1 DAGs
[2025-03-24T21:54:02.015+0800] {logging_mixin.py:190} INFO - [2025-03-24T21:54:02.015+0800] {dag.py:4180} INFO - Setting next_dagrun for example_workday_timetable to 2021-01-01 00:00:00+00:00, run_after=2021-01-02 00:00:00+00:00
[2025-03-24T21:54:02.048+0800] {processor.py:208} INFO - Processing /Users/dionneleow/IS3107/IS3107-group11/backend/venv/lib/python3.12/site-packages/airflow/example_dags/example_workday_timetable.py took 0.079 seconds
[2025-03-24T21:55:07.341+0800] {processor.py:186} INFO - Started process (PID=65518) to work on /Users/dionneleow/IS3107/IS3107-group11/backend/venv/lib/python3.12/site-packages/airflow/example_dags/example_workday_timetable.py
[2025-03-24T21:55:07.341+0800] {processor.py:914} INFO - Processing file /Users/dionneleow/IS3107/IS3107-group11/backend/venv/lib/python3.12/site-packages/airflow/example_dags/example_workday_timetable.py for tasks to queue
[2025-03-24T21:55:07.342+0800] {logging_mixin.py:190} INFO - [2025-03-24T21:55:07.342+0800] {dagbag.py:588} INFO - Filling up the DagBag from /Users/dionneleow/IS3107/IS3107-group11/backend/venv/lib/python3.12/site-packages/airflow/example_dags/example_workday_timetable.py
[2025-03-24T21:55:07.343+0800] {logging_mixin.py:190} INFO - [2025-03-24T21:55:07.343+0800] {workday.py:41} WARNING - Could not import pandas. Holidays will not be considered.
[2025-03-24T21:55:07.344+0800] {processor.py:925} INFO - DAG(s) 'example_workday_timetable' retrieved from /Users/dionneleow/IS3107/IS3107-group11/backend/venv/lib/python3.12/site-packages/airflow/example_dags/example_workday_timetable.py
[2025-03-24T21:55:07.376+0800] {logging_mixin.py:190} INFO - [2025-03-24T21:55:07.375+0800] {workday.py:41} WARNING - Could not import pandas. Holidays will not be considered.
[2025-03-24T21:55:07.383+0800] {logging_mixin.py:190} INFO - [2025-03-24T21:55:07.383+0800] {dag.py:3239} INFO - Sync 1 DAGs
[2025-03-24T21:55:07.390+0800] {logging_mixin.py:190} INFO - [2025-03-24T21:55:07.389+0800] {dag.py:4180} INFO - Setting next_dagrun for example_workday_timetable to 2021-01-01 00:00:00+00:00, run_after=2021-01-02 00:00:00+00:00
[2025-03-24T21:55:07.426+0800] {processor.py:208} INFO - Processing /Users/dionneleow/IS3107/IS3107-group11/backend/venv/lib/python3.12/site-packages/airflow/example_dags/example_workday_timetable.py took 0.086 seconds
[2025-03-24T21:56:18.364+0800] {processor.py:186} INFO - Started process (PID=65960) to work on /Users/dionneleow/IS3107/IS3107-group11/backend/venv/lib/python3.12/site-packages/airflow/example_dags/example_workday_timetable.py
[2025-03-24T21:56:18.364+0800] {processor.py:914} INFO - Processing file /Users/dionneleow/IS3107/IS3107-group11/backend/venv/lib/python3.12/site-packages/airflow/example_dags/example_workday_timetable.py for tasks to queue
[2025-03-24T21:56:18.365+0800] {logging_mixin.py:190} INFO - [2025-03-24T21:56:18.365+0800] {dagbag.py:588} INFO - Filling up the DagBag from /Users/dionneleow/IS3107/IS3107-group11/backend/venv/lib/python3.12/site-packages/airflow/example_dags/example_workday_timetable.py
[2025-03-24T21:56:18.366+0800] {logging_mixin.py:190} INFO - [2025-03-24T21:56:18.366+0800] {workday.py:41} WARNING - Could not import pandas. Holidays will not be considered.
[2025-03-24T21:56:18.368+0800] {processor.py:925} INFO - DAG(s) 'example_workday_timetable' retrieved from /Users/dionneleow/IS3107/IS3107-group11/backend/venv/lib/python3.12/site-packages/airflow/example_dags/example_workday_timetable.py
[2025-03-24T21:56:18.397+0800] {logging_mixin.py:190} INFO - [2025-03-24T21:56:18.397+0800] {workday.py:41} WARNING - Could not import pandas. Holidays will not be considered.
[2025-03-24T21:56:18.405+0800] {logging_mixin.py:190} INFO - [2025-03-24T21:56:18.405+0800] {dag.py:3239} INFO - Sync 1 DAGs
[2025-03-24T21:56:18.411+0800] {logging_mixin.py:190} INFO - [2025-03-24T21:56:18.411+0800] {dag.py:4180} INFO - Setting next_dagrun for example_workday_timetable to 2021-01-01 00:00:00+00:00, run_after=2021-01-02 00:00:00+00:00
[2025-03-24T21:56:18.444+0800] {processor.py:208} INFO - Processing /Users/dionneleow/IS3107/IS3107-group11/backend/venv/lib/python3.12/site-packages/airflow/example_dags/example_workday_timetable.py took 0.082 seconds
[2025-03-24T21:57:26.654+0800] {processor.py:186} INFO - Started process (PID=66430) to work on /Users/dionneleow/IS3107/IS3107-group11/backend/venv/lib/python3.12/site-packages/airflow/example_dags/example_workday_timetable.py
[2025-03-24T21:57:26.655+0800] {processor.py:914} INFO - Processing file /Users/dionneleow/IS3107/IS3107-group11/backend/venv/lib/python3.12/site-packages/airflow/example_dags/example_workday_timetable.py for tasks to queue
[2025-03-24T21:57:26.655+0800] {logging_mixin.py:190} INFO - [2025-03-24T21:57:26.655+0800] {dagbag.py:588} INFO - Filling up the DagBag from /Users/dionneleow/IS3107/IS3107-group11/backend/venv/lib/python3.12/site-packages/airflow/example_dags/example_workday_timetable.py
[2025-03-24T21:57:26.657+0800] {logging_mixin.py:190} INFO - [2025-03-24T21:57:26.657+0800] {workday.py:41} WARNING - Could not import pandas. Holidays will not be considered.
[2025-03-24T21:57:26.659+0800] {processor.py:925} INFO - DAG(s) 'example_workday_timetable' retrieved from /Users/dionneleow/IS3107/IS3107-group11/backend/venv/lib/python3.12/site-packages/airflow/example_dags/example_workday_timetable.py
[2025-03-24T21:57:26.687+0800] {logging_mixin.py:190} INFO - [2025-03-24T21:57:26.687+0800] {workday.py:41} WARNING - Could not import pandas. Holidays will not be considered.
[2025-03-24T21:57:26.694+0800] {logging_mixin.py:190} INFO - [2025-03-24T21:57:26.694+0800] {dag.py:3239} INFO - Sync 1 DAGs
[2025-03-24T21:57:26.700+0800] {logging_mixin.py:190} INFO - [2025-03-24T21:57:26.700+0800] {dag.py:4180} INFO - Setting next_dagrun for example_workday_timetable to 2021-01-01 00:00:00+00:00, run_after=2021-01-02 00:00:00+00:00
[2025-03-24T21:57:26.731+0800] {processor.py:208} INFO - Processing /Users/dionneleow/IS3107/IS3107-group11/backend/venv/lib/python3.12/site-packages/airflow/example_dags/example_workday_timetable.py took 0.079 seconds
[2025-03-24T21:58:36.410+0800] {processor.py:186} INFO - Started process (PID=66847) to work on /Users/dionneleow/IS3107/IS3107-group11/backend/venv/lib/python3.12/site-packages/airflow/example_dags/example_workday_timetable.py
[2025-03-24T21:58:36.411+0800] {processor.py:914} INFO - Processing file /Users/dionneleow/IS3107/IS3107-group11/backend/venv/lib/python3.12/site-packages/airflow/example_dags/example_workday_timetable.py for tasks to queue
[2025-03-24T21:58:36.411+0800] {logging_mixin.py:190} INFO - [2025-03-24T21:58:36.411+0800] {dagbag.py:588} INFO - Filling up the DagBag from /Users/dionneleow/IS3107/IS3107-group11/backend/venv/lib/python3.12/site-packages/airflow/example_dags/example_workday_timetable.py
[2025-03-24T21:58:36.412+0800] {logging_mixin.py:190} INFO - [2025-03-24T21:58:36.412+0800] {workday.py:41} WARNING - Could not import pandas. Holidays will not be considered.
[2025-03-24T21:58:36.414+0800] {processor.py:925} INFO - DAG(s) 'example_workday_timetable' retrieved from /Users/dionneleow/IS3107/IS3107-group11/backend/venv/lib/python3.12/site-packages/airflow/example_dags/example_workday_timetable.py
[2025-03-24T21:58:36.442+0800] {logging_mixin.py:190} INFO - [2025-03-24T21:58:36.442+0800] {workday.py:41} WARNING - Could not import pandas. Holidays will not be considered.
[2025-03-24T21:58:36.449+0800] {logging_mixin.py:190} INFO - [2025-03-24T21:58:36.449+0800] {dag.py:3239} INFO - Sync 1 DAGs
[2025-03-24T21:58:36.455+0800] {logging_mixin.py:190} INFO - [2025-03-24T21:58:36.455+0800] {dag.py:4180} INFO - Setting next_dagrun for example_workday_timetable to 2021-01-01 00:00:00+00:00, run_after=2021-01-02 00:00:00+00:00
[2025-03-24T21:58:36.486+0800] {processor.py:208} INFO - Processing /Users/dionneleow/IS3107/IS3107-group11/backend/venv/lib/python3.12/site-packages/airflow/example_dags/example_workday_timetable.py took 0.078 seconds
[2025-03-24T21:59:41.463+0800] {processor.py:186} INFO - Started process (PID=67178) to work on /Users/dionneleow/IS3107/IS3107-group11/backend/venv/lib/python3.12/site-packages/airflow/example_dags/example_workday_timetable.py
[2025-03-24T21:59:41.464+0800] {processor.py:914} INFO - Processing file /Users/dionneleow/IS3107/IS3107-group11/backend/venv/lib/python3.12/site-packages/airflow/example_dags/example_workday_timetable.py for tasks to queue
[2025-03-24T21:59:41.464+0800] {logging_mixin.py:190} INFO - [2025-03-24T21:59:41.464+0800] {dagbag.py:588} INFO - Filling up the DagBag from /Users/dionneleow/IS3107/IS3107-group11/backend/venv/lib/python3.12/site-packages/airflow/example_dags/example_workday_timetable.py
[2025-03-24T21:59:41.465+0800] {logging_mixin.py:190} INFO - [2025-03-24T21:59:41.465+0800] {workday.py:41} WARNING - Could not import pandas. Holidays will not be considered.
[2025-03-24T21:59:41.467+0800] {processor.py:925} INFO - DAG(s) 'example_workday_timetable' retrieved from /Users/dionneleow/IS3107/IS3107-group11/backend/venv/lib/python3.12/site-packages/airflow/example_dags/example_workday_timetable.py
[2025-03-24T21:59:41.497+0800] {logging_mixin.py:190} INFO - [2025-03-24T21:59:41.497+0800] {workday.py:41} WARNING - Could not import pandas. Holidays will not be considered.
[2025-03-24T21:59:41.504+0800] {logging_mixin.py:190} INFO - [2025-03-24T21:59:41.504+0800] {dag.py:3239} INFO - Sync 1 DAGs
[2025-03-24T21:59:41.510+0800] {logging_mixin.py:190} INFO - [2025-03-24T21:59:41.510+0800] {dag.py:4180} INFO - Setting next_dagrun for example_workday_timetable to 2021-01-01 00:00:00+00:00, run_after=2021-01-02 00:00:00+00:00
[2025-03-24T21:59:41.540+0800] {processor.py:208} INFO - Processing /Users/dionneleow/IS3107/IS3107-group11/backend/venv/lib/python3.12/site-packages/airflow/example_dags/example_workday_timetable.py took 0.078 seconds
[2025-03-24T22:00:44.433+0800] {processor.py:186} INFO - Started process (PID=67546) to work on /Users/dionneleow/IS3107/IS3107-group11/backend/venv/lib/python3.12/site-packages/airflow/example_dags/example_workday_timetable.py
[2025-03-24T22:00:44.434+0800] {processor.py:914} INFO - Processing file /Users/dionneleow/IS3107/IS3107-group11/backend/venv/lib/python3.12/site-packages/airflow/example_dags/example_workday_timetable.py for tasks to queue
[2025-03-24T22:00:44.434+0800] {logging_mixin.py:190} INFO - [2025-03-24T22:00:44.434+0800] {dagbag.py:588} INFO - Filling up the DagBag from /Users/dionneleow/IS3107/IS3107-group11/backend/venv/lib/python3.12/site-packages/airflow/example_dags/example_workday_timetable.py
[2025-03-24T22:00:44.436+0800] {logging_mixin.py:190} INFO - [2025-03-24T22:00:44.436+0800] {workday.py:41} WARNING - Could not import pandas. Holidays will not be considered.
[2025-03-24T22:00:44.437+0800] {processor.py:925} INFO - DAG(s) 'example_workday_timetable' retrieved from /Users/dionneleow/IS3107/IS3107-group11/backend/venv/lib/python3.12/site-packages/airflow/example_dags/example_workday_timetable.py
[2025-03-24T22:00:44.466+0800] {logging_mixin.py:190} INFO - [2025-03-24T22:00:44.465+0800] {workday.py:41} WARNING - Could not import pandas. Holidays will not be considered.
[2025-03-24T22:00:44.473+0800] {logging_mixin.py:190} INFO - [2025-03-24T22:00:44.473+0800] {dag.py:3239} INFO - Sync 1 DAGs
[2025-03-24T22:00:44.478+0800] {logging_mixin.py:190} INFO - [2025-03-24T22:00:44.478+0800] {dag.py:4180} INFO - Setting next_dagrun for example_workday_timetable to 2021-01-01 00:00:00+00:00, run_after=2021-01-02 00:00:00+00:00
[2025-03-24T22:00:44.508+0800] {processor.py:208} INFO - Processing /Users/dionneleow/IS3107/IS3107-group11/backend/venv/lib/python3.12/site-packages/airflow/example_dags/example_workday_timetable.py took 0.076 seconds
[2025-03-24T22:01:46.778+0800] {processor.py:186} INFO - Started process (PID=67899) to work on /Users/dionneleow/IS3107/IS3107-group11/backend/venv/lib/python3.12/site-packages/airflow/example_dags/example_workday_timetable.py
[2025-03-24T22:01:46.779+0800] {processor.py:914} INFO - Processing file /Users/dionneleow/IS3107/IS3107-group11/backend/venv/lib/python3.12/site-packages/airflow/example_dags/example_workday_timetable.py for tasks to queue
[2025-03-24T22:01:46.779+0800] {logging_mixin.py:190} INFO - [2025-03-24T22:01:46.779+0800] {dagbag.py:588} INFO - Filling up the DagBag from /Users/dionneleow/IS3107/IS3107-group11/backend/venv/lib/python3.12/site-packages/airflow/example_dags/example_workday_timetable.py
[2025-03-24T22:01:46.781+0800] {logging_mixin.py:190} INFO - [2025-03-24T22:01:46.781+0800] {workday.py:41} WARNING - Could not import pandas. Holidays will not be considered.
[2025-03-24T22:01:46.783+0800] {processor.py:925} INFO - DAG(s) 'example_workday_timetable' retrieved from /Users/dionneleow/IS3107/IS3107-group11/backend/venv/lib/python3.12/site-packages/airflow/example_dags/example_workday_timetable.py
[2025-03-24T22:01:46.811+0800] {logging_mixin.py:190} INFO - [2025-03-24T22:01:46.811+0800] {workday.py:41} WARNING - Could not import pandas. Holidays will not be considered.
[2025-03-24T22:01:46.818+0800] {logging_mixin.py:190} INFO - [2025-03-24T22:01:46.818+0800] {dag.py:3239} INFO - Sync 1 DAGs
[2025-03-24T22:01:46.824+0800] {logging_mixin.py:190} INFO - [2025-03-24T22:01:46.824+0800] {dag.py:4180} INFO - Setting next_dagrun for example_workday_timetable to 2021-01-01 00:00:00+00:00, run_after=2021-01-02 00:00:00+00:00
[2025-03-24T22:01:46.854+0800] {processor.py:208} INFO - Processing /Users/dionneleow/IS3107/IS3107-group11/backend/venv/lib/python3.12/site-packages/airflow/example_dags/example_workday_timetable.py took 0.077 seconds
[2025-03-24T22:02:53.720+0800] {processor.py:186} INFO - Started process (PID=68322) to work on /Users/dionneleow/IS3107/IS3107-group11/backend/venv/lib/python3.12/site-packages/airflow/example_dags/example_workday_timetable.py
[2025-03-24T22:02:53.723+0800] {processor.py:914} INFO - Processing file /Users/dionneleow/IS3107/IS3107-group11/backend/venv/lib/python3.12/site-packages/airflow/example_dags/example_workday_timetable.py for tasks to queue
[2025-03-24T22:02:53.724+0800] {logging_mixin.py:190} INFO - [2025-03-24T22:02:53.724+0800] {dagbag.py:588} INFO - Filling up the DagBag from /Users/dionneleow/IS3107/IS3107-group11/backend/venv/lib/python3.12/site-packages/airflow/example_dags/example_workday_timetable.py
[2025-03-24T22:02:53.730+0800] {logging_mixin.py:190} INFO - [2025-03-24T22:02:53.730+0800] {workday.py:41} WARNING - Could not import pandas. Holidays will not be considered.
[2025-03-24T22:02:53.734+0800] {processor.py:925} INFO - DAG(s) 'example_workday_timetable' retrieved from /Users/dionneleow/IS3107/IS3107-group11/backend/venv/lib/python3.12/site-packages/airflow/example_dags/example_workday_timetable.py
[2025-03-24T22:02:53.764+0800] {logging_mixin.py:190} INFO - [2025-03-24T22:02:53.764+0800] {workday.py:41} WARNING - Could not import pandas. Holidays will not be considered.
[2025-03-24T22:02:53.774+0800] {logging_mixin.py:190} INFO - [2025-03-24T22:02:53.774+0800] {dag.py:3239} INFO - Sync 1 DAGs
[2025-03-24T22:02:53.782+0800] {logging_mixin.py:190} INFO - [2025-03-24T22:02:53.782+0800] {dag.py:4180} INFO - Setting next_dagrun for example_workday_timetable to 2021-01-01 00:00:00+00:00, run_after=2021-01-02 00:00:00+00:00
[2025-03-24T22:02:53.813+0800] {processor.py:208} INFO - Processing /Users/dionneleow/IS3107/IS3107-group11/backend/venv/lib/python3.12/site-packages/airflow/example_dags/example_workday_timetable.py took 0.093 seconds
[2025-03-24T22:04:01.207+0800] {processor.py:186} INFO - Started process (PID=68743) to work on /Users/dionneleow/IS3107/IS3107-group11/backend/venv/lib/python3.12/site-packages/airflow/example_dags/example_workday_timetable.py
[2025-03-24T22:04:01.208+0800] {processor.py:914} INFO - Processing file /Users/dionneleow/IS3107/IS3107-group11/backend/venv/lib/python3.12/site-packages/airflow/example_dags/example_workday_timetable.py for tasks to queue
[2025-03-24T22:04:01.208+0800] {logging_mixin.py:190} INFO - [2025-03-24T22:04:01.208+0800] {dagbag.py:588} INFO - Filling up the DagBag from /Users/dionneleow/IS3107/IS3107-group11/backend/venv/lib/python3.12/site-packages/airflow/example_dags/example_workday_timetable.py
[2025-03-24T22:04:01.210+0800] {logging_mixin.py:190} INFO - [2025-03-24T22:04:01.210+0800] {workday.py:41} WARNING - Could not import pandas. Holidays will not be considered.
[2025-03-24T22:04:01.212+0800] {processor.py:925} INFO - DAG(s) 'example_workday_timetable' retrieved from /Users/dionneleow/IS3107/IS3107-group11/backend/venv/lib/python3.12/site-packages/airflow/example_dags/example_workday_timetable.py
[2025-03-24T22:04:01.241+0800] {logging_mixin.py:190} INFO - [2025-03-24T22:04:01.241+0800] {workday.py:41} WARNING - Could not import pandas. Holidays will not be considered.
[2025-03-24T22:04:01.249+0800] {logging_mixin.py:190} INFO - [2025-03-24T22:04:01.249+0800] {dag.py:3239} INFO - Sync 1 DAGs
[2025-03-24T22:04:01.254+0800] {logging_mixin.py:190} INFO - [2025-03-24T22:04:01.254+0800] {dag.py:4180} INFO - Setting next_dagrun for example_workday_timetable to 2021-01-01 00:00:00+00:00, run_after=2021-01-02 00:00:00+00:00
[2025-03-24T22:04:01.284+0800] {processor.py:208} INFO - Processing /Users/dionneleow/IS3107/IS3107-group11/backend/venv/lib/python3.12/site-packages/airflow/example_dags/example_workday_timetable.py took 0.079 seconds
[2025-03-24T22:05:10.688+0800] {processor.py:186} INFO - Started process (PID=69119) to work on /Users/dionneleow/IS3107/IS3107-group11/backend/venv/lib/python3.12/site-packages/airflow/example_dags/example_workday_timetable.py
[2025-03-24T22:05:10.689+0800] {processor.py:914} INFO - Processing file /Users/dionneleow/IS3107/IS3107-group11/backend/venv/lib/python3.12/site-packages/airflow/example_dags/example_workday_timetable.py for tasks to queue
[2025-03-24T22:05:10.689+0800] {logging_mixin.py:190} INFO - [2025-03-24T22:05:10.689+0800] {dagbag.py:588} INFO - Filling up the DagBag from /Users/dionneleow/IS3107/IS3107-group11/backend/venv/lib/python3.12/site-packages/airflow/example_dags/example_workday_timetable.py
[2025-03-24T22:05:10.691+0800] {logging_mixin.py:190} INFO - [2025-03-24T22:05:10.691+0800] {workday.py:41} WARNING - Could not import pandas. Holidays will not be considered.
[2025-03-24T22:05:10.693+0800] {processor.py:925} INFO - DAG(s) 'example_workday_timetable' retrieved from /Users/dionneleow/IS3107/IS3107-group11/backend/venv/lib/python3.12/site-packages/airflow/example_dags/example_workday_timetable.py
[2025-03-24T22:05:10.720+0800] {logging_mixin.py:190} INFO - [2025-03-24T22:05:10.720+0800] {workday.py:41} WARNING - Could not import pandas. Holidays will not be considered.
[2025-03-24T22:05:10.727+0800] {logging_mixin.py:190} INFO - [2025-03-24T22:05:10.727+0800] {dag.py:3239} INFO - Sync 1 DAGs
[2025-03-24T22:05:10.733+0800] {logging_mixin.py:190} INFO - [2025-03-24T22:05:10.733+0800] {dag.py:4180} INFO - Setting next_dagrun for example_workday_timetable to 2021-01-01 00:00:00+00:00, run_after=2021-01-02 00:00:00+00:00
[2025-03-24T22:05:10.763+0800] {processor.py:208} INFO - Processing /Users/dionneleow/IS3107/IS3107-group11/backend/venv/lib/python3.12/site-packages/airflow/example_dags/example_workday_timetable.py took 0.076 seconds
[2025-03-24T22:06:18.317+0800] {processor.py:186} INFO - Started process (PID=69447) to work on /Users/dionneleow/IS3107/IS3107-group11/backend/venv/lib/python3.12/site-packages/airflow/example_dags/example_workday_timetable.py
[2025-03-24T22:06:18.318+0800] {processor.py:914} INFO - Processing file /Users/dionneleow/IS3107/IS3107-group11/backend/venv/lib/python3.12/site-packages/airflow/example_dags/example_workday_timetable.py for tasks to queue
[2025-03-24T22:06:18.318+0800] {logging_mixin.py:190} INFO - [2025-03-24T22:06:18.318+0800] {dagbag.py:588} INFO - Filling up the DagBag from /Users/dionneleow/IS3107/IS3107-group11/backend/venv/lib/python3.12/site-packages/airflow/example_dags/example_workday_timetable.py
[2025-03-24T22:06:18.320+0800] {logging_mixin.py:190} INFO - [2025-03-24T22:06:18.320+0800] {workday.py:41} WARNING - Could not import pandas. Holidays will not be considered.
[2025-03-24T22:06:18.321+0800] {processor.py:925} INFO - DAG(s) 'example_workday_timetable' retrieved from /Users/dionneleow/IS3107/IS3107-group11/backend/venv/lib/python3.12/site-packages/airflow/example_dags/example_workday_timetable.py
[2025-03-24T22:06:18.349+0800] {logging_mixin.py:190} INFO - [2025-03-24T22:06:18.349+0800] {workday.py:41} WARNING - Could not import pandas. Holidays will not be considered.
[2025-03-24T22:06:18.356+0800] {logging_mixin.py:190} INFO - [2025-03-24T22:06:18.356+0800] {dag.py:3239} INFO - Sync 1 DAGs
[2025-03-24T22:06:18.362+0800] {logging_mixin.py:190} INFO - [2025-03-24T22:06:18.362+0800] {dag.py:4180} INFO - Setting next_dagrun for example_workday_timetable to 2021-01-01 00:00:00+00:00, run_after=2021-01-02 00:00:00+00:00
[2025-03-24T22:06:18.397+0800] {processor.py:208} INFO - Processing /Users/dionneleow/IS3107/IS3107-group11/backend/venv/lib/python3.12/site-packages/airflow/example_dags/example_workday_timetable.py took 0.081 seconds
[2025-03-24T22:07:28.491+0800] {processor.py:186} INFO - Started process (PID=69835) to work on /Users/dionneleow/IS3107/IS3107-group11/backend/venv/lib/python3.12/site-packages/airflow/example_dags/example_workday_timetable.py
[2025-03-24T22:07:28.491+0800] {processor.py:914} INFO - Processing file /Users/dionneleow/IS3107/IS3107-group11/backend/venv/lib/python3.12/site-packages/airflow/example_dags/example_workday_timetable.py for tasks to queue
[2025-03-24T22:07:28.492+0800] {logging_mixin.py:190} INFO - [2025-03-24T22:07:28.492+0800] {dagbag.py:588} INFO - Filling up the DagBag from /Users/dionneleow/IS3107/IS3107-group11/backend/venv/lib/python3.12/site-packages/airflow/example_dags/example_workday_timetable.py
[2025-03-24T22:07:28.493+0800] {logging_mixin.py:190} INFO - [2025-03-24T22:07:28.493+0800] {workday.py:41} WARNING - Could not import pandas. Holidays will not be considered.
[2025-03-24T22:07:28.495+0800] {processor.py:925} INFO - DAG(s) 'example_workday_timetable' retrieved from /Users/dionneleow/IS3107/IS3107-group11/backend/venv/lib/python3.12/site-packages/airflow/example_dags/example_workday_timetable.py
[2025-03-24T22:07:28.524+0800] {logging_mixin.py:190} INFO - [2025-03-24T22:07:28.524+0800] {workday.py:41} WARNING - Could not import pandas. Holidays will not be considered.
[2025-03-24T22:07:28.532+0800] {logging_mixin.py:190} INFO - [2025-03-24T22:07:28.531+0800] {dag.py:3239} INFO - Sync 1 DAGs
[2025-03-24T22:07:28.537+0800] {logging_mixin.py:190} INFO - [2025-03-24T22:07:28.537+0800] {dag.py:4180} INFO - Setting next_dagrun for example_workday_timetable to 2021-01-01 00:00:00+00:00, run_after=2021-01-02 00:00:00+00:00
[2025-03-24T22:07:28.570+0800] {processor.py:208} INFO - Processing /Users/dionneleow/IS3107/IS3107-group11/backend/venv/lib/python3.12/site-packages/airflow/example_dags/example_workday_timetable.py took 0.081 seconds
[2025-03-24T22:08:40.314+0800] {processor.py:186} INFO - Started process (PID=70237) to work on /Users/dionneleow/IS3107/IS3107-group11/backend/venv/lib/python3.12/site-packages/airflow/example_dags/example_workday_timetable.py
[2025-03-24T22:08:40.316+0800] {processor.py:914} INFO - Processing file /Users/dionneleow/IS3107/IS3107-group11/backend/venv/lib/python3.12/site-packages/airflow/example_dags/example_workday_timetable.py for tasks to queue
[2025-03-24T22:08:40.316+0800] {logging_mixin.py:190} INFO - [2025-03-24T22:08:40.316+0800] {dagbag.py:588} INFO - Filling up the DagBag from /Users/dionneleow/IS3107/IS3107-group11/backend/venv/lib/python3.12/site-packages/airflow/example_dags/example_workday_timetable.py
[2025-03-24T22:08:40.319+0800] {logging_mixin.py:190} INFO - [2025-03-24T22:08:40.319+0800] {workday.py:41} WARNING - Could not import pandas. Holidays will not be considered.
[2025-03-24T22:08:40.321+0800] {processor.py:925} INFO - DAG(s) 'example_workday_timetable' retrieved from /Users/dionneleow/IS3107/IS3107-group11/backend/venv/lib/python3.12/site-packages/airflow/example_dags/example_workday_timetable.py
[2025-03-24T22:08:40.349+0800] {logging_mixin.py:190} INFO - [2025-03-24T22:08:40.349+0800] {workday.py:41} WARNING - Could not import pandas. Holidays will not be considered.
[2025-03-24T22:08:40.356+0800] {logging_mixin.py:190} INFO - [2025-03-24T22:08:40.356+0800] {dag.py:3239} INFO - Sync 1 DAGs
[2025-03-24T22:08:40.362+0800] {logging_mixin.py:190} INFO - [2025-03-24T22:08:40.362+0800] {dag.py:4180} INFO - Setting next_dagrun for example_workday_timetable to 2021-01-01 00:00:00+00:00, run_after=2021-01-02 00:00:00+00:00
[2025-03-24T22:08:40.393+0800] {processor.py:208} INFO - Processing /Users/dionneleow/IS3107/IS3107-group11/backend/venv/lib/python3.12/site-packages/airflow/example_dags/example_workday_timetable.py took 0.081 seconds
