[2025-03-24T21:49:58.822+0800] {processor.py:186} INFO - Started process (PID=63514) to work on /Users/dionneleow/IS3107/IS3107-group11/backend/venv/lib/python3.12/site-packages/airflow/example_dags/example_branch_datetime_operator.py
[2025-03-24T21:49:58.822+0800] {processor.py:914} INFO - Processing file /Users/dionneleow/IS3107/IS3107-group11/backend/venv/lib/python3.12/site-packages/airflow/example_dags/example_branch_datetime_operator.py for tasks to queue
[2025-03-24T21:49:58.822+0800] {logging_mixin.py:190} INFO - [2025-03-24T21:49:58.822+0800] {dagbag.py:588} INFO - Filling up the DagBag from /Users/dionneleow/IS3107/IS3107-group11/backend/venv/lib/python3.12/site-packages/airflow/example_dags/example_branch_datetime_operator.py
[2025-03-24T21:49:58.827+0800] {processor.py:925} INFO - DAG(s) 'example_branch_datetime_operator_2', 'example_branch_datetime_operator', 'example_branch_datetime_operator_3' retrieved from /Users/dionneleow/IS3107/IS3107-group11/backend/venv/lib/python3.12/site-packages/airflow/example_dags/example_branch_datetime_operator.py
[2025-03-24T21:49:58.918+0800] {logging_mixin.py:190} INFO - [2025-03-24T21:49:58.917+0800] {override.py:1912} INFO - Created Permission View: can read on DAG:example_branch_datetime_operator_2
[2025-03-24T21:49:58.921+0800] {logging_mixin.py:190} INFO - [2025-03-24T21:49:58.921+0800] {override.py:1912} INFO - Created Permission View: can delete on DAG:example_branch_datetime_operator_2
[2025-03-24T21:49:58.923+0800] {logging_mixin.py:190} INFO - [2025-03-24T21:49:58.923+0800] {override.py:1912} INFO - Created Permission View: can edit on DAG:example_branch_datetime_operator_2
[2025-03-24T21:49:58.926+0800] {logging_mixin.py:190} INFO - [2025-03-24T21:49:58.926+0800] {override.py:1912} INFO - Created Permission View: can create on DAG Run:example_branch_datetime_operator_2
[2025-03-24T21:49:58.929+0800] {logging_mixin.py:190} INFO - [2025-03-24T21:49:58.929+0800] {override.py:1912} INFO - Created Permission View: menu access on DAG Run:example_branch_datetime_operator_2
[2025-03-24T21:49:58.931+0800] {logging_mixin.py:190} INFO - [2025-03-24T21:49:58.931+0800] {override.py:1912} INFO - Created Permission View: can read on DAG Run:example_branch_datetime_operator_2
[2025-03-24T21:49:58.936+0800] {logging_mixin.py:190} INFO - [2025-03-24T21:49:58.936+0800] {override.py:1912} INFO - Created Permission View: can delete on DAG Run:example_branch_datetime_operator_2
[2025-03-24T21:49:58.940+0800] {logging_mixin.py:190} INFO - [2025-03-24T21:49:58.940+0800] {override.py:1912} INFO - Created Permission View: can read on DAG:example_branch_datetime_operator
[2025-03-24T21:49:58.942+0800] {logging_mixin.py:190} INFO - [2025-03-24T21:49:58.942+0800] {override.py:1912} INFO - Created Permission View: can delete on DAG:example_branch_datetime_operator
[2025-03-24T21:49:58.944+0800] {logging_mixin.py:190} INFO - [2025-03-24T21:49:58.944+0800] {override.py:1912} INFO - Created Permission View: can edit on DAG:example_branch_datetime_operator
[2025-03-24T21:49:58.946+0800] {logging_mixin.py:190} INFO - [2025-03-24T21:49:58.946+0800] {override.py:1912} INFO - Created Permission View: can create on DAG Run:example_branch_datetime_operator
[2025-03-24T21:49:58.948+0800] {logging_mixin.py:190} INFO - [2025-03-24T21:49:58.948+0800] {override.py:1912} INFO - Created Permission View: menu access on DAG Run:example_branch_datetime_operator
[2025-03-24T21:49:58.949+0800] {logging_mixin.py:190} INFO - [2025-03-24T21:49:58.949+0800] {override.py:1912} INFO - Created Permission View: can read on DAG Run:example_branch_datetime_operator
[2025-03-24T21:49:58.951+0800] {logging_mixin.py:190} INFO - [2025-03-24T21:49:58.951+0800] {override.py:1912} INFO - Created Permission View: can delete on DAG Run:example_branch_datetime_operator
[2025-03-24T21:49:58.955+0800] {logging_mixin.py:190} INFO - [2025-03-24T21:49:58.955+0800] {override.py:1912} INFO - Created Permission View: can read on DAG:example_branch_datetime_operator_3
[2025-03-24T21:49:58.957+0800] {logging_mixin.py:190} INFO - [2025-03-24T21:49:58.957+0800] {override.py:1912} INFO - Created Permission View: can delete on DAG:example_branch_datetime_operator_3
[2025-03-24T21:49:58.959+0800] {logging_mixin.py:190} INFO - [2025-03-24T21:49:58.958+0800] {override.py:1912} INFO - Created Permission View: can edit on DAG:example_branch_datetime_operator_3
[2025-03-24T21:49:58.961+0800] {logging_mixin.py:190} INFO - [2025-03-24T21:49:58.961+0800] {override.py:1912} INFO - Created Permission View: can create on DAG Run:example_branch_datetime_operator_3
[2025-03-24T21:49:58.963+0800] {logging_mixin.py:190} INFO - [2025-03-24T21:49:58.963+0800] {override.py:1912} INFO - Created Permission View: menu access on DAG Run:example_branch_datetime_operator_3
[2025-03-24T21:49:58.964+0800] {logging_mixin.py:190} INFO - [2025-03-24T21:49:58.964+0800] {override.py:1912} INFO - Created Permission View: can read on DAG Run:example_branch_datetime_operator_3
[2025-03-24T21:49:58.966+0800] {logging_mixin.py:190} INFO - [2025-03-24T21:49:58.966+0800] {override.py:1912} INFO - Created Permission View: can delete on DAG Run:example_branch_datetime_operator_3
[2025-03-24T21:49:58.966+0800] {logging_mixin.py:190} INFO - [2025-03-24T21:49:58.966+0800] {dag.py:3239} INFO - Sync 3 DAGs
[2025-03-24T21:49:58.971+0800] {logging_mixin.py:190} INFO - [2025-03-24T21:49:58.970+0800] {dag.py:3262} INFO - Creating ORM DAG for example_branch_datetime_operator_2
[2025-03-24T21:49:58.971+0800] {logging_mixin.py:190} INFO - [2025-03-24T21:49:58.971+0800] {dag.py:3262} INFO - Creating ORM DAG for example_branch_datetime_operator_3
[2025-03-24T21:49:58.971+0800] {logging_mixin.py:190} INFO - [2025-03-24T21:49:58.971+0800] {dag.py:3262} INFO - Creating ORM DAG for example_branch_datetime_operator
[2025-03-24T21:49:58.974+0800] {logging_mixin.py:190} INFO - [2025-03-24T21:49:58.974+0800] {dag.py:4180} INFO - Setting next_dagrun for example_branch_datetime_operator to 2025-03-23 00:00:00+00:00, run_after=2025-03-24 00:00:00+00:00
[2025-03-24T21:49:58.974+0800] {logging_mixin.py:190} INFO - [2025-03-24T21:49:58.974+0800] {dag.py:4180} INFO - Setting next_dagrun for example_branch_datetime_operator_2 to 2025-03-23 00:00:00+00:00, run_after=2025-03-24 00:00:00+00:00
[2025-03-24T21:49:58.975+0800] {logging_mixin.py:190} INFO - [2025-03-24T21:49:58.975+0800] {dag.py:4180} INFO - Setting next_dagrun for example_branch_datetime_operator_3 to 2025-03-23 00:00:00+00:00, run_after=2025-03-24 00:00:00+00:00
[2025-03-24T21:49:58.980+0800] {processor.py:208} INFO - Processing /Users/dionneleow/IS3107/IS3107-group11/backend/venv/lib/python3.12/site-packages/airflow/example_dags/example_branch_datetime_operator.py took 0.160 seconds
[2025-03-24T21:52:24.877+0800] {processor.py:186} INFO - Started process (PID=64505) to work on /Users/dionneleow/IS3107/IS3107-group11/backend/venv/lib/python3.12/site-packages/airflow/example_dags/example_branch_datetime_operator.py
[2025-03-24T21:52:24.877+0800] {processor.py:914} INFO - Processing file /Users/dionneleow/IS3107/IS3107-group11/backend/venv/lib/python3.12/site-packages/airflow/example_dags/example_branch_datetime_operator.py for tasks to queue
[2025-03-24T21:52:24.878+0800] {logging_mixin.py:190} INFO - [2025-03-24T21:52:24.878+0800] {dagbag.py:588} INFO - Filling up the DagBag from /Users/dionneleow/IS3107/IS3107-group11/backend/venv/lib/python3.12/site-packages/airflow/example_dags/example_branch_datetime_operator.py
[2025-03-24T21:52:24.882+0800] {processor.py:925} INFO - DAG(s) 'example_branch_datetime_operator_3', 'example_branch_datetime_operator', 'example_branch_datetime_operator_2' retrieved from /Users/dionneleow/IS3107/IS3107-group11/backend/venv/lib/python3.12/site-packages/airflow/example_dags/example_branch_datetime_operator.py
[2025-03-24T21:52:24.918+0800] {logging_mixin.py:190} INFO - [2025-03-24T21:52:24.918+0800] {dag.py:3239} INFO - Sync 3 DAGs
[2025-03-24T21:52:24.925+0800] {logging_mixin.py:190} INFO - [2025-03-24T21:52:24.925+0800] {dag.py:4180} INFO - Setting next_dagrun for example_branch_datetime_operator to 2025-03-23 00:00:00+00:00, run_after=2025-03-24 00:00:00+00:00
[2025-03-24T21:52:24.927+0800] {logging_mixin.py:190} INFO - [2025-03-24T21:52:24.927+0800] {dag.py:4180} INFO - Setting next_dagrun for example_branch_datetime_operator_2 to 2025-03-23 00:00:00+00:00, run_after=2025-03-24 00:00:00+00:00
[2025-03-24T21:52:24.927+0800] {logging_mixin.py:190} INFO - [2025-03-24T21:52:24.927+0800] {dag.py:4180} INFO - Setting next_dagrun for example_branch_datetime_operator_3 to 2025-03-23 00:00:00+00:00, run_after=2025-03-24 00:00:00+00:00
[2025-03-24T21:52:24.959+0800] {processor.py:208} INFO - Processing /Users/dionneleow/IS3107/IS3107-group11/backend/venv/lib/python3.12/site-packages/airflow/example_dags/example_branch_datetime_operator.py took 0.084 seconds
[2025-03-24T21:54:39.875+0800] {processor.py:186} INFO - Started process (PID=65329) to work on /Users/dionneleow/IS3107/IS3107-group11/backend/venv/lib/python3.12/site-packages/airflow/example_dags/example_branch_datetime_operator.py
[2025-03-24T21:54:39.876+0800] {processor.py:914} INFO - Processing file /Users/dionneleow/IS3107/IS3107-group11/backend/venv/lib/python3.12/site-packages/airflow/example_dags/example_branch_datetime_operator.py for tasks to queue
[2025-03-24T21:54:39.877+0800] {logging_mixin.py:190} INFO - [2025-03-24T21:54:39.877+0800] {dagbag.py:588} INFO - Filling up the DagBag from /Users/dionneleow/IS3107/IS3107-group11/backend/venv/lib/python3.12/site-packages/airflow/example_dags/example_branch_datetime_operator.py
[2025-03-24T21:54:39.881+0800] {processor.py:925} INFO - DAG(s) 'example_branch_datetime_operator_2', 'example_branch_datetime_operator', 'example_branch_datetime_operator_3' retrieved from /Users/dionneleow/IS3107/IS3107-group11/backend/venv/lib/python3.12/site-packages/airflow/example_dags/example_branch_datetime_operator.py
[2025-03-24T21:54:39.918+0800] {logging_mixin.py:190} INFO - [2025-03-24T21:54:39.917+0800] {dag.py:3239} INFO - Sync 3 DAGs
[2025-03-24T21:54:39.924+0800] {logging_mixin.py:190} INFO - [2025-03-24T21:54:39.924+0800] {dag.py:4180} INFO - Setting next_dagrun for example_branch_datetime_operator to 2025-03-23 00:00:00+00:00, run_after=2025-03-24 00:00:00+00:00
[2025-03-24T21:54:39.927+0800] {logging_mixin.py:190} INFO - [2025-03-24T21:54:39.927+0800] {dag.py:4180} INFO - Setting next_dagrun for example_branch_datetime_operator_2 to 2025-03-23 00:00:00+00:00, run_after=2025-03-24 00:00:00+00:00
[2025-03-24T21:54:39.927+0800] {logging_mixin.py:190} INFO - [2025-03-24T21:54:39.927+0800] {dag.py:4180} INFO - Setting next_dagrun for example_branch_datetime_operator_3 to 2025-03-23 00:00:00+00:00, run_after=2025-03-24 00:00:00+00:00
[2025-03-24T21:54:39.959+0800] {processor.py:208} INFO - Processing /Users/dionneleow/IS3107/IS3107-group11/backend/venv/lib/python3.12/site-packages/airflow/example_dags/example_branch_datetime_operator.py took 0.086 seconds
[2025-03-24T21:57:00.106+0800] {processor.py:186} INFO - Started process (PID=66210) to work on /Users/dionneleow/IS3107/IS3107-group11/backend/venv/lib/python3.12/site-packages/airflow/example_dags/example_branch_datetime_operator.py
[2025-03-24T21:57:00.107+0800] {processor.py:914} INFO - Processing file /Users/dionneleow/IS3107/IS3107-group11/backend/venv/lib/python3.12/site-packages/airflow/example_dags/example_branch_datetime_operator.py for tasks to queue
[2025-03-24T21:57:00.108+0800] {logging_mixin.py:190} INFO - [2025-03-24T21:57:00.107+0800] {dagbag.py:588} INFO - Filling up the DagBag from /Users/dionneleow/IS3107/IS3107-group11/backend/venv/lib/python3.12/site-packages/airflow/example_dags/example_branch_datetime_operator.py
[2025-03-24T21:57:00.112+0800] {processor.py:925} INFO - DAG(s) 'example_branch_datetime_operator', 'example_branch_datetime_operator_2', 'example_branch_datetime_operator_3' retrieved from /Users/dionneleow/IS3107/IS3107-group11/backend/venv/lib/python3.12/site-packages/airflow/example_dags/example_branch_datetime_operator.py
[2025-03-24T21:57:00.144+0800] {logging_mixin.py:190} INFO - [2025-03-24T21:57:00.144+0800] {dag.py:3239} INFO - Sync 3 DAGs
[2025-03-24T21:57:00.151+0800] {logging_mixin.py:190} INFO - [2025-03-24T21:57:00.151+0800] {dag.py:4180} INFO - Setting next_dagrun for example_branch_datetime_operator to 2025-03-23 00:00:00+00:00, run_after=2025-03-24 00:00:00+00:00
[2025-03-24T21:57:00.153+0800] {logging_mixin.py:190} INFO - [2025-03-24T21:57:00.153+0800] {dag.py:4180} INFO - Setting next_dagrun for example_branch_datetime_operator_2 to 2025-03-23 00:00:00+00:00, run_after=2025-03-24 00:00:00+00:00
[2025-03-24T21:57:00.154+0800] {logging_mixin.py:190} INFO - [2025-03-24T21:57:00.154+0800] {dag.py:4180} INFO - Setting next_dagrun for example_branch_datetime_operator_3 to 2025-03-23 00:00:00+00:00, run_after=2025-03-24 00:00:00+00:00
[2025-03-24T21:57:00.183+0800] {processor.py:208} INFO - Processing /Users/dionneleow/IS3107/IS3107-group11/backend/venv/lib/python3.12/site-packages/airflow/example_dags/example_branch_datetime_operator.py took 0.078 seconds
[2025-03-24T21:59:17.702+0800] {processor.py:186} INFO - Started process (PID=67056) to work on /Users/dionneleow/IS3107/IS3107-group11/backend/venv/lib/python3.12/site-packages/airflow/example_dags/example_branch_datetime_operator.py
[2025-03-24T21:59:17.703+0800] {processor.py:914} INFO - Processing file /Users/dionneleow/IS3107/IS3107-group11/backend/venv/lib/python3.12/site-packages/airflow/example_dags/example_branch_datetime_operator.py for tasks to queue
[2025-03-24T21:59:17.704+0800] {logging_mixin.py:190} INFO - [2025-03-24T21:59:17.703+0800] {dagbag.py:588} INFO - Filling up the DagBag from /Users/dionneleow/IS3107/IS3107-group11/backend/venv/lib/python3.12/site-packages/airflow/example_dags/example_branch_datetime_operator.py
[2025-03-24T21:59:17.708+0800] {processor.py:925} INFO - DAG(s) 'example_branch_datetime_operator', 'example_branch_datetime_operator_3', 'example_branch_datetime_operator_2' retrieved from /Users/dionneleow/IS3107/IS3107-group11/backend/venv/lib/python3.12/site-packages/airflow/example_dags/example_branch_datetime_operator.py
[2025-03-24T21:59:17.741+0800] {logging_mixin.py:190} INFO - [2025-03-24T21:59:17.741+0800] {dag.py:3239} INFO - Sync 3 DAGs
[2025-03-24T21:59:17.748+0800] {logging_mixin.py:190} INFO - [2025-03-24T21:59:17.748+0800] {dag.py:4180} INFO - Setting next_dagrun for example_branch_datetime_operator to 2025-03-23 00:00:00+00:00, run_after=2025-03-24 00:00:00+00:00
[2025-03-24T21:59:17.750+0800] {logging_mixin.py:190} INFO - [2025-03-24T21:59:17.750+0800] {dag.py:4180} INFO - Setting next_dagrun for example_branch_datetime_operator_2 to 2025-03-23 00:00:00+00:00, run_after=2025-03-24 00:00:00+00:00
[2025-03-24T21:59:17.750+0800] {logging_mixin.py:190} INFO - [2025-03-24T21:59:17.750+0800] {dag.py:4180} INFO - Setting next_dagrun for example_branch_datetime_operator_3 to 2025-03-23 00:00:00+00:00, run_after=2025-03-24 00:00:00+00:00
[2025-03-24T21:59:17.779+0800] {processor.py:208} INFO - Processing /Users/dionneleow/IS3107/IS3107-group11/backend/venv/lib/python3.12/site-packages/airflow/example_dags/example_branch_datetime_operator.py took 0.078 seconds
[2025-03-24T22:01:21.578+0800] {processor.py:186} INFO - Started process (PID=67782) to work on /Users/dionneleow/IS3107/IS3107-group11/backend/venv/lib/python3.12/site-packages/airflow/example_dags/example_branch_datetime_operator.py
[2025-03-24T22:01:21.580+0800] {processor.py:914} INFO - Processing file /Users/dionneleow/IS3107/IS3107-group11/backend/venv/lib/python3.12/site-packages/airflow/example_dags/example_branch_datetime_operator.py for tasks to queue
[2025-03-24T22:01:21.580+0800] {logging_mixin.py:190} INFO - [2025-03-24T22:01:21.580+0800] {dagbag.py:588} INFO - Filling up the DagBag from /Users/dionneleow/IS3107/IS3107-group11/backend/venv/lib/python3.12/site-packages/airflow/example_dags/example_branch_datetime_operator.py
[2025-03-24T22:01:21.584+0800] {processor.py:925} INFO - DAG(s) 'example_branch_datetime_operator', 'example_branch_datetime_operator_2', 'example_branch_datetime_operator_3' retrieved from /Users/dionneleow/IS3107/IS3107-group11/backend/venv/lib/python3.12/site-packages/airflow/example_dags/example_branch_datetime_operator.py
[2025-03-24T22:01:21.619+0800] {logging_mixin.py:190} INFO - [2025-03-24T22:01:21.618+0800] {dag.py:3239} INFO - Sync 3 DAGs
[2025-03-24T22:01:21.625+0800] {logging_mixin.py:190} INFO - [2025-03-24T22:01:21.625+0800] {dag.py:4180} INFO - Setting next_dagrun for example_branch_datetime_operator to 2025-03-23 00:00:00+00:00, run_after=2025-03-24 00:00:00+00:00
[2025-03-24T22:01:21.627+0800] {logging_mixin.py:190} INFO - [2025-03-24T22:01:21.627+0800] {dag.py:4180} INFO - Setting next_dagrun for example_branch_datetime_operator_2 to 2025-03-23 00:00:00+00:00, run_after=2025-03-24 00:00:00+00:00
[2025-03-24T22:01:21.627+0800] {logging_mixin.py:190} INFO - [2025-03-24T22:01:21.627+0800] {dag.py:4180} INFO - Setting next_dagrun for example_branch_datetime_operator_3 to 2025-03-23 00:00:00+00:00, run_after=2025-03-24 00:00:00+00:00
[2025-03-24T22:01:21.656+0800] {processor.py:208} INFO - Processing /Users/dionneleow/IS3107/IS3107-group11/backend/venv/lib/python3.12/site-packages/airflow/example_dags/example_branch_datetime_operator.py took 0.079 seconds
[2025-03-24T22:03:36.035+0800] {processor.py:186} INFO - Started process (PID=68596) to work on /Users/dionneleow/IS3107/IS3107-group11/backend/venv/lib/python3.12/site-packages/airflow/example_dags/example_branch_datetime_operator.py
[2025-03-24T22:03:36.035+0800] {processor.py:914} INFO - Processing file /Users/dionneleow/IS3107/IS3107-group11/backend/venv/lib/python3.12/site-packages/airflow/example_dags/example_branch_datetime_operator.py for tasks to queue
[2025-03-24T22:03:36.036+0800] {logging_mixin.py:190} INFO - [2025-03-24T22:03:36.036+0800] {dagbag.py:588} INFO - Filling up the DagBag from /Users/dionneleow/IS3107/IS3107-group11/backend/venv/lib/python3.12/site-packages/airflow/example_dags/example_branch_datetime_operator.py
[2025-03-24T22:03:36.040+0800] {processor.py:925} INFO - DAG(s) 'example_branch_datetime_operator_3', 'example_branch_datetime_operator', 'example_branch_datetime_operator_2' retrieved from /Users/dionneleow/IS3107/IS3107-group11/backend/venv/lib/python3.12/site-packages/airflow/example_dags/example_branch_datetime_operator.py
[2025-03-24T22:03:36.072+0800] {logging_mixin.py:190} INFO - [2025-03-24T22:03:36.072+0800] {dag.py:3239} INFO - Sync 3 DAGs
[2025-03-24T22:03:36.078+0800] {logging_mixin.py:190} INFO - [2025-03-24T22:03:36.078+0800] {dag.py:4180} INFO - Setting next_dagrun for example_branch_datetime_operator to 2025-03-23 00:00:00+00:00, run_after=2025-03-24 00:00:00+00:00
[2025-03-24T22:03:36.080+0800] {logging_mixin.py:190} INFO - [2025-03-24T22:03:36.080+0800] {dag.py:4180} INFO - Setting next_dagrun for example_branch_datetime_operator_2 to 2025-03-23 00:00:00+00:00, run_after=2025-03-24 00:00:00+00:00
[2025-03-24T22:03:36.081+0800] {logging_mixin.py:190} INFO - [2025-03-24T22:03:36.081+0800] {dag.py:4180} INFO - Setting next_dagrun for example_branch_datetime_operator_3 to 2025-03-23 00:00:00+00:00, run_after=2025-03-24 00:00:00+00:00
[2025-03-24T22:03:36.110+0800] {processor.py:208} INFO - Processing /Users/dionneleow/IS3107/IS3107-group11/backend/venv/lib/python3.12/site-packages/airflow/example_dags/example_branch_datetime_operator.py took 0.077 seconds
[2025-03-24T22:05:49.149+0800] {processor.py:186} INFO - Started process (PID=69300) to work on /Users/dionneleow/IS3107/IS3107-group11/backend/venv/lib/python3.12/site-packages/airflow/example_dags/example_branch_datetime_operator.py
[2025-03-24T22:05:49.149+0800] {processor.py:914} INFO - Processing file /Users/dionneleow/IS3107/IS3107-group11/backend/venv/lib/python3.12/site-packages/airflow/example_dags/example_branch_datetime_operator.py for tasks to queue
[2025-03-24T22:05:49.150+0800] {logging_mixin.py:190} INFO - [2025-03-24T22:05:49.150+0800] {dagbag.py:588} INFO - Filling up the DagBag from /Users/dionneleow/IS3107/IS3107-group11/backend/venv/lib/python3.12/site-packages/airflow/example_dags/example_branch_datetime_operator.py
[2025-03-24T22:05:49.154+0800] {processor.py:925} INFO - DAG(s) 'example_branch_datetime_operator_2', 'example_branch_datetime_operator_3', 'example_branch_datetime_operator' retrieved from /Users/dionneleow/IS3107/IS3107-group11/backend/venv/lib/python3.12/site-packages/airflow/example_dags/example_branch_datetime_operator.py
[2025-03-24T22:05:49.189+0800] {logging_mixin.py:190} INFO - [2025-03-24T22:05:49.188+0800] {dag.py:3239} INFO - Sync 3 DAGs
[2025-03-24T22:05:49.194+0800] {logging_mixin.py:190} INFO - [2025-03-24T22:05:49.194+0800] {dag.py:4180} INFO - Setting next_dagrun for example_branch_datetime_operator to 2025-03-23 00:00:00+00:00, run_after=2025-03-24 00:00:00+00:00
[2025-03-24T22:05:49.196+0800] {logging_mixin.py:190} INFO - [2025-03-24T22:05:49.196+0800] {dag.py:4180} INFO - Setting next_dagrun for example_branch_datetime_operator_2 to 2025-03-23 00:00:00+00:00, run_after=2025-03-24 00:00:00+00:00
[2025-03-24T22:05:49.197+0800] {logging_mixin.py:190} INFO - [2025-03-24T22:05:49.197+0800] {dag.py:4180} INFO - Setting next_dagrun for example_branch_datetime_operator_3 to 2025-03-23 00:00:00+00:00, run_after=2025-03-24 00:00:00+00:00
[2025-03-24T22:05:49.225+0800] {processor.py:208} INFO - Processing /Users/dionneleow/IS3107/IS3107-group11/backend/venv/lib/python3.12/site-packages/airflow/example_dags/example_branch_datetime_operator.py took 0.079 seconds
[2025-03-24T22:08:10.630+0800] {processor.py:186} INFO - Started process (PID=70075) to work on /Users/dionneleow/IS3107/IS3107-group11/backend/venv/lib/python3.12/site-packages/airflow/example_dags/example_branch_datetime_operator.py
[2025-03-24T22:08:10.631+0800] {processor.py:914} INFO - Processing file /Users/dionneleow/IS3107/IS3107-group11/backend/venv/lib/python3.12/site-packages/airflow/example_dags/example_branch_datetime_operator.py for tasks to queue
[2025-03-24T22:08:10.631+0800] {logging_mixin.py:190} INFO - [2025-03-24T22:08:10.631+0800] {dagbag.py:588} INFO - Filling up the DagBag from /Users/dionneleow/IS3107/IS3107-group11/backend/venv/lib/python3.12/site-packages/airflow/example_dags/example_branch_datetime_operator.py
[2025-03-24T22:08:10.636+0800] {processor.py:925} INFO - DAG(s) 'example_branch_datetime_operator_2', 'example_branch_datetime_operator', 'example_branch_datetime_operator_3' retrieved from /Users/dionneleow/IS3107/IS3107-group11/backend/venv/lib/python3.12/site-packages/airflow/example_dags/example_branch_datetime_operator.py
[2025-03-24T22:08:10.670+0800] {logging_mixin.py:190} INFO - [2025-03-24T22:08:10.670+0800] {dag.py:3239} INFO - Sync 3 DAGs
[2025-03-24T22:08:10.677+0800] {logging_mixin.py:190} INFO - [2025-03-24T22:08:10.677+0800] {dag.py:4180} INFO - Setting next_dagrun for example_branch_datetime_operator to 2025-03-23 00:00:00+00:00, run_after=2025-03-24 00:00:00+00:00
[2025-03-24T22:08:10.679+0800] {logging_mixin.py:190} INFO - [2025-03-24T22:08:10.679+0800] {dag.py:4180} INFO - Setting next_dagrun for example_branch_datetime_operator_2 to 2025-03-23 00:00:00+00:00, run_after=2025-03-24 00:00:00+00:00
[2025-03-24T22:08:10.680+0800] {logging_mixin.py:190} INFO - [2025-03-24T22:08:10.680+0800] {dag.py:4180} INFO - Setting next_dagrun for example_branch_datetime_operator_3 to 2025-03-23 00:00:00+00:00, run_after=2025-03-24 00:00:00+00:00
[2025-03-24T22:08:10.708+0800] {processor.py:208} INFO - Processing /Users/dionneleow/IS3107/IS3107-group11/backend/venv/lib/python3.12/site-packages/airflow/example_dags/example_branch_datetime_operator.py took 0.079 seconds
