[2025-03-24T21:47:43.709+0800] {processor.py:186} INFO - Started process (PID=62527) to work on /Users/dionneleow/IS3107/IS3107-group11/backend/venv/lib/python3.12/site-packages/airflow/example_dags/example_subdag_operator.py
[2025-03-24T21:47:43.712+0800] {processor.py:914} INFO - Processing file /Users/dionneleow/IS3107/IS3107-group11/backend/venv/lib/python3.12/site-packages/airflow/example_dags/example_subdag_operator.py for tasks to queue
[2025-03-24T21:47:43.713+0800] {logging_mixin.py:190} INFO - [2025-03-24T21:47:43.713+0800] {dagbag.py:588} INFO - Filling up the DagBag from /Users/dionneleow/IS3107/IS3107-group11/backend/venv/lib/python3.12/site-packages/airflow/example_dags/example_subdag_operator.py
[2025-03-24T21:47:43.798+0800] {processor.py:925} INFO - DAG(s) 'example_subdag_operator.section-1', 'example_subdag_operator.section-2', 'example_subdag_operator' retrieved from /Users/dionneleow/IS3107/IS3107-group11/backend/venv/lib/python3.12/site-packages/airflow/example_dags/example_subdag_operator.py
[2025-03-24T21:47:43.838+0800] {logging_mixin.py:190} INFO - [2025-03-24T21:47:43.838+0800] {workday.py:41} WARNING - Could not import pandas. Holidays will not be considered.
[2025-03-24T21:47:44.008+0800] {logging_mixin.py:190} INFO - [2025-03-24T21:47:44.007+0800] {override.py:1912} INFO - Created Permission View: can delete on DAG:example_subdag_operator
[2025-03-24T21:47:44.023+0800] {logging_mixin.py:190} INFO - [2025-03-24T21:47:44.023+0800] {override.py:1912} INFO - Created Permission View: can read on DAG:example_subdag_operator
[2025-03-24T21:47:44.029+0800] {logging_mixin.py:190} INFO - [2025-03-24T21:47:44.029+0800] {override.py:1912} INFO - Created Permission View: can edit on DAG:example_subdag_operator
[2025-03-24T21:47:44.046+0800] {logging_mixin.py:190} INFO - [2025-03-24T21:47:44.046+0800] {override.py:1912} INFO - Created Permission View: can delete on DAG Run:example_subdag_operator
[2025-03-24T21:47:44.055+0800] {logging_mixin.py:190} INFO - [2025-03-24T21:47:44.054+0800] {override.py:1912} INFO - Created Permission View: can create on DAG Run:example_subdag_operator
[2025-03-24T21:47:44.067+0800] {logging_mixin.py:190} INFO - [2025-03-24T21:47:44.066+0800] {override.py:1912} INFO - Created Permission View: menu access on DAG Run:example_subdag_operator
[2025-03-24T21:47:44.076+0800] {logging_mixin.py:190} INFO - [2025-03-24T21:47:44.075+0800] {override.py:1912} INFO - Created Permission View: can read on DAG Run:example_subdag_operator
[2025-03-24T21:47:44.076+0800] {logging_mixin.py:190} INFO - [2025-03-24T21:47:44.076+0800] {dag.py:3239} INFO - Sync 3 DAGs
[2025-03-24T21:47:44.090+0800] {logging_mixin.py:190} INFO - [2025-03-24T21:47:44.089+0800] {dag.py:3262} INFO - Creating ORM DAG for example_subdag_operator
[2025-03-24T21:47:44.090+0800] {logging_mixin.py:190} INFO - [2025-03-24T21:47:44.090+0800] {dag.py:3262} INFO - Creating ORM DAG for example_subdag_operator.section-2
[2025-03-24T21:47:44.091+0800] {logging_mixin.py:190} INFO - [2025-03-24T21:47:44.091+0800] {dag.py:3262} INFO - Creating ORM DAG for example_subdag_operator.section-1
[2025-03-24T21:47:44.098+0800] {logging_mixin.py:190} INFO - [2025-03-24T21:47:44.098+0800] {dag.py:4180} INFO - Setting next_dagrun for example_subdag_operator to 2022-01-01 00:00:00+00:00, run_after=2022-01-01 00:00:00+00:00
[2025-03-24T21:47:44.099+0800] {logging_mixin.py:190} INFO - [2025-03-24T21:47:44.099+0800] {dag.py:4180} INFO - Setting next_dagrun for example_subdag_operator.section-1 to None, run_after=None
[2025-03-24T21:47:44.099+0800] {logging_mixin.py:190} INFO - [2025-03-24T21:47:44.099+0800] {dag.py:4180} INFO - Setting next_dagrun for example_subdag_operator.section-2 to None, run_after=None
[2025-03-24T21:47:44.103+0800] {logging_mixin.py:190} INFO - [2025-03-24T21:47:44.103+0800] {dag.py:3239} INFO - Sync 2 DAGs
[2025-03-24T21:47:44.107+0800] {logging_mixin.py:190} INFO - [2025-03-24T21:47:44.107+0800] {dag.py:4180} INFO - Setting next_dagrun for example_subdag_operator.section-1 to None, run_after=None
[2025-03-24T21:47:44.109+0800] {logging_mixin.py:190} INFO - [2025-03-24T21:47:44.109+0800] {dag.py:4180} INFO - Setting next_dagrun for example_subdag_operator.section-2 to None, run_after=None
[2025-03-24T21:47:44.130+0800] {processor.py:208} INFO - Processing /Users/dionneleow/IS3107/IS3107-group11/backend/venv/lib/python3.12/site-packages/airflow/example_dags/example_subdag_operator.py took 0.424 seconds
[2025-03-24T21:48:49.803+0800] {processor.py:186} INFO - Started process (PID=63032) to work on /Users/dionneleow/IS3107/IS3107-group11/backend/venv/lib/python3.12/site-packages/airflow/example_dags/example_subdag_operator.py
[2025-03-24T21:48:49.804+0800] {processor.py:914} INFO - Processing file /Users/dionneleow/IS3107/IS3107-group11/backend/venv/lib/python3.12/site-packages/airflow/example_dags/example_subdag_operator.py for tasks to queue
[2025-03-24T21:48:49.805+0800] {logging_mixin.py:190} INFO - [2025-03-24T21:48:49.805+0800] {dagbag.py:588} INFO - Filling up the DagBag from /Users/dionneleow/IS3107/IS3107-group11/backend/venv/lib/python3.12/site-packages/airflow/example_dags/example_subdag_operator.py
[2025-03-24T21:48:49.841+0800] {processor.py:925} INFO - DAG(s) 'example_subdag_operator.section-1', 'example_subdag_operator.section-2', 'example_subdag_operator' retrieved from /Users/dionneleow/IS3107/IS3107-group11/backend/venv/lib/python3.12/site-packages/airflow/example_dags/example_subdag_operator.py
[2025-03-24T21:48:49.847+0800] {logging_mixin.py:190} INFO - [2025-03-24T21:48:49.847+0800] {workday.py:41} WARNING - Could not import pandas. Holidays will not be considered.
[2025-03-24T21:48:49.854+0800] {logging_mixin.py:190} INFO - [2025-03-24T21:48:49.854+0800] {dag.py:3239} INFO - Sync 3 DAGs
[2025-03-24T21:48:49.863+0800] {logging_mixin.py:190} INFO - [2025-03-24T21:48:49.863+0800] {dag.py:4180} INFO - Setting next_dagrun for example_subdag_operator to 2022-01-01 00:00:00+00:00, run_after=2022-01-01 00:00:00+00:00
[2025-03-24T21:48:49.892+0800] {logging_mixin.py:190} INFO - [2025-03-24T21:48:49.892+0800] {dag.py:4180} INFO - Setting next_dagrun for example_subdag_operator.section-1 to None, run_after=None
[2025-03-24T21:48:49.892+0800] {logging_mixin.py:190} INFO - [2025-03-24T21:48:49.892+0800] {dag.py:4180} INFO - Setting next_dagrun for example_subdag_operator.section-2 to None, run_after=None
[2025-03-24T21:48:49.895+0800] {logging_mixin.py:190} INFO - [2025-03-24T21:48:49.895+0800] {dag.py:3239} INFO - Sync 2 DAGs
[2025-03-24T21:48:49.896+0800] {logging_mixin.py:190} INFO - [2025-03-24T21:48:49.896+0800] {dag.py:4180} INFO - Setting next_dagrun for example_subdag_operator.section-1 to None, run_after=None
[2025-03-24T21:48:49.896+0800] {logging_mixin.py:190} INFO - [2025-03-24T21:48:49.896+0800] {dag.py:4180} INFO - Setting next_dagrun for example_subdag_operator.section-2 to None, run_after=None
[2025-03-24T21:48:49.901+0800] {processor.py:208} INFO - Processing /Users/dionneleow/IS3107/IS3107-group11/backend/venv/lib/python3.12/site-packages/airflow/example_dags/example_subdag_operator.py took 0.099 seconds
[2025-03-24T21:50:39.660+0800] {processor.py:186} INFO - Started process (PID=63844) to work on /Users/dionneleow/IS3107/IS3107-group11/backend/venv/lib/python3.12/site-packages/airflow/example_dags/example_subdag_operator.py
[2025-03-24T21:50:39.661+0800] {processor.py:914} INFO - Processing file /Users/dionneleow/IS3107/IS3107-group11/backend/venv/lib/python3.12/site-packages/airflow/example_dags/example_subdag_operator.py for tasks to queue
[2025-03-24T21:50:39.662+0800] {logging_mixin.py:190} INFO - [2025-03-24T21:50:39.662+0800] {dagbag.py:588} INFO - Filling up the DagBag from /Users/dionneleow/IS3107/IS3107-group11/backend/venv/lib/python3.12/site-packages/airflow/example_dags/example_subdag_operator.py
[2025-03-24T21:50:39.709+0800] {processor.py:925} INFO - DAG(s) 'example_subdag_operator.section-1', 'example_subdag_operator.section-2', 'example_subdag_operator' retrieved from /Users/dionneleow/IS3107/IS3107-group11/backend/venv/lib/python3.12/site-packages/airflow/example_dags/example_subdag_operator.py
[2025-03-24T21:50:39.716+0800] {logging_mixin.py:190} INFO - [2025-03-24T21:50:39.716+0800] {workday.py:41} WARNING - Could not import pandas. Holidays will not be considered.
[2025-03-24T21:50:39.732+0800] {logging_mixin.py:190} INFO - [2025-03-24T21:50:39.731+0800] {dag.py:3239} INFO - Sync 3 DAGs
[2025-03-24T21:50:39.740+0800] {logging_mixin.py:190} INFO - [2025-03-24T21:50:39.740+0800] {dag.py:4180} INFO - Setting next_dagrun for example_subdag_operator to 2022-01-01 00:00:00+00:00, run_after=2022-01-01 00:00:00+00:00
[2025-03-24T21:50:39.770+0800] {logging_mixin.py:190} INFO - [2025-03-24T21:50:39.770+0800] {dag.py:4180} INFO - Setting next_dagrun for example_subdag_operator.section-1 to None, run_after=None
[2025-03-24T21:50:39.770+0800] {logging_mixin.py:190} INFO - [2025-03-24T21:50:39.770+0800] {dag.py:4180} INFO - Setting next_dagrun for example_subdag_operator.section-2 to None, run_after=None
[2025-03-24T21:50:39.773+0800] {logging_mixin.py:190} INFO - [2025-03-24T21:50:39.773+0800] {dag.py:3239} INFO - Sync 2 DAGs
[2025-03-24T21:50:39.774+0800] {logging_mixin.py:190} INFO - [2025-03-24T21:50:39.774+0800] {dag.py:4180} INFO - Setting next_dagrun for example_subdag_operator.section-1 to None, run_after=None
[2025-03-24T21:50:39.774+0800] {logging_mixin.py:190} INFO - [2025-03-24T21:50:39.774+0800] {dag.py:4180} INFO - Setting next_dagrun for example_subdag_operator.section-2 to None, run_after=None
[2025-03-24T21:50:39.779+0800] {processor.py:208} INFO - Processing /Users/dionneleow/IS3107/IS3107-group11/backend/venv/lib/python3.12/site-packages/airflow/example_dags/example_subdag_operator.py took 0.121 seconds
[2025-03-24T21:51:55.014+0800] {processor.py:186} INFO - Started process (PID=64331) to work on /Users/dionneleow/IS3107/IS3107-group11/backend/venv/lib/python3.12/site-packages/airflow/example_dags/example_subdag_operator.py
[2025-03-24T21:51:55.016+0800] {processor.py:914} INFO - Processing file /Users/dionneleow/IS3107/IS3107-group11/backend/venv/lib/python3.12/site-packages/airflow/example_dags/example_subdag_operator.py for tasks to queue
[2025-03-24T21:51:55.016+0800] {logging_mixin.py:190} INFO - [2025-03-24T21:51:55.016+0800] {dagbag.py:588} INFO - Filling up the DagBag from /Users/dionneleow/IS3107/IS3107-group11/backend/venv/lib/python3.12/site-packages/airflow/example_dags/example_subdag_operator.py
[2025-03-24T21:51:55.055+0800] {processor.py:925} INFO - DAG(s) 'example_subdag_operator.section-1', 'example_subdag_operator.section-2', 'example_subdag_operator' retrieved from /Users/dionneleow/IS3107/IS3107-group11/backend/venv/lib/python3.12/site-packages/airflow/example_dags/example_subdag_operator.py
[2025-03-24T21:51:55.061+0800] {logging_mixin.py:190} INFO - [2025-03-24T21:51:55.061+0800] {workday.py:41} WARNING - Could not import pandas. Holidays will not be considered.
[2025-03-24T21:51:55.067+0800] {logging_mixin.py:190} INFO - [2025-03-24T21:51:55.067+0800] {dag.py:3239} INFO - Sync 3 DAGs
[2025-03-24T21:51:55.076+0800] {logging_mixin.py:190} INFO - [2025-03-24T21:51:55.076+0800] {dag.py:4180} INFO - Setting next_dagrun for example_subdag_operator to 2022-01-01 00:00:00+00:00, run_after=2022-01-01 00:00:00+00:00
[2025-03-24T21:51:55.105+0800] {logging_mixin.py:190} INFO - [2025-03-24T21:51:55.105+0800] {dag.py:4180} INFO - Setting next_dagrun for example_subdag_operator.section-1 to None, run_after=None
[2025-03-24T21:51:55.105+0800] {logging_mixin.py:190} INFO - [2025-03-24T21:51:55.105+0800] {dag.py:4180} INFO - Setting next_dagrun for example_subdag_operator.section-2 to None, run_after=None
[2025-03-24T21:51:55.108+0800] {logging_mixin.py:190} INFO - [2025-03-24T21:51:55.108+0800] {dag.py:3239} INFO - Sync 2 DAGs
[2025-03-24T21:51:55.109+0800] {logging_mixin.py:190} INFO - [2025-03-24T21:51:55.109+0800] {dag.py:4180} INFO - Setting next_dagrun for example_subdag_operator.section-1 to None, run_after=None
[2025-03-24T21:51:55.109+0800] {logging_mixin.py:190} INFO - [2025-03-24T21:51:55.109+0800] {dag.py:4180} INFO - Setting next_dagrun for example_subdag_operator.section-2 to None, run_after=None
[2025-03-24T21:51:55.115+0800] {processor.py:208} INFO - Processing /Users/dionneleow/IS3107/IS3107-group11/backend/venv/lib/python3.12/site-packages/airflow/example_dags/example_subdag_operator.py took 0.102 seconds
[2025-03-24T21:53:05.325+0800] {processor.py:186} INFO - Started process (PID=64756) to work on /Users/dionneleow/IS3107/IS3107-group11/backend/venv/lib/python3.12/site-packages/airflow/example_dags/example_subdag_operator.py
[2025-03-24T21:53:05.326+0800] {processor.py:914} INFO - Processing file /Users/dionneleow/IS3107/IS3107-group11/backend/venv/lib/python3.12/site-packages/airflow/example_dags/example_subdag_operator.py for tasks to queue
[2025-03-24T21:53:05.327+0800] {logging_mixin.py:190} INFO - [2025-03-24T21:53:05.327+0800] {dagbag.py:588} INFO - Filling up the DagBag from /Users/dionneleow/IS3107/IS3107-group11/backend/venv/lib/python3.12/site-packages/airflow/example_dags/example_subdag_operator.py
[2025-03-24T21:53:05.359+0800] {processor.py:925} INFO - DAG(s) 'example_subdag_operator.section-1', 'example_subdag_operator.section-2', 'example_subdag_operator' retrieved from /Users/dionneleow/IS3107/IS3107-group11/backend/venv/lib/python3.12/site-packages/airflow/example_dags/example_subdag_operator.py
[2025-03-24T21:53:05.364+0800] {logging_mixin.py:190} INFO - [2025-03-24T21:53:05.364+0800] {workday.py:41} WARNING - Could not import pandas. Holidays will not be considered.
[2025-03-24T21:53:05.370+0800] {logging_mixin.py:190} INFO - [2025-03-24T21:53:05.370+0800] {dag.py:3239} INFO - Sync 3 DAGs
[2025-03-24T21:53:05.376+0800] {logging_mixin.py:190} INFO - [2025-03-24T21:53:05.376+0800] {dag.py:4180} INFO - Setting next_dagrun for example_subdag_operator to 2022-01-01 00:00:00+00:00, run_after=2022-01-01 00:00:00+00:00
[2025-03-24T21:53:05.408+0800] {logging_mixin.py:190} INFO - [2025-03-24T21:53:05.407+0800] {dag.py:4180} INFO - Setting next_dagrun for example_subdag_operator.section-1 to None, run_after=None
[2025-03-24T21:53:05.408+0800] {logging_mixin.py:190} INFO - [2025-03-24T21:53:05.408+0800] {dag.py:4180} INFO - Setting next_dagrun for example_subdag_operator.section-2 to None, run_after=None
[2025-03-24T21:53:05.411+0800] {logging_mixin.py:190} INFO - [2025-03-24T21:53:05.411+0800] {dag.py:3239} INFO - Sync 2 DAGs
[2025-03-24T21:53:05.412+0800] {logging_mixin.py:190} INFO - [2025-03-24T21:53:05.412+0800] {dag.py:4180} INFO - Setting next_dagrun for example_subdag_operator.section-1 to None, run_after=None
[2025-03-24T21:53:05.412+0800] {logging_mixin.py:190} INFO - [2025-03-24T21:53:05.412+0800] {dag.py:4180} INFO - Setting next_dagrun for example_subdag_operator.section-2 to None, run_after=None
[2025-03-24T21:53:05.416+0800] {processor.py:208} INFO - Processing /Users/dionneleow/IS3107/IS3107-group11/backend/venv/lib/python3.12/site-packages/airflow/example_dags/example_subdag_operator.py took 0.092 seconds
[2025-03-24T21:54:12.489+0800] {processor.py:186} INFO - Started process (PID=65164) to work on /Users/dionneleow/IS3107/IS3107-group11/backend/venv/lib/python3.12/site-packages/airflow/example_dags/example_subdag_operator.py
[2025-03-24T21:54:12.489+0800] {processor.py:914} INFO - Processing file /Users/dionneleow/IS3107/IS3107-group11/backend/venv/lib/python3.12/site-packages/airflow/example_dags/example_subdag_operator.py for tasks to queue
[2025-03-24T21:54:12.490+0800] {logging_mixin.py:190} INFO - [2025-03-24T21:54:12.490+0800] {dagbag.py:588} INFO - Filling up the DagBag from /Users/dionneleow/IS3107/IS3107-group11/backend/venv/lib/python3.12/site-packages/airflow/example_dags/example_subdag_operator.py
[2025-03-24T21:54:12.524+0800] {processor.py:925} INFO - DAG(s) 'example_subdag_operator.section-1', 'example_subdag_operator.section-2', 'example_subdag_operator' retrieved from /Users/dionneleow/IS3107/IS3107-group11/backend/venv/lib/python3.12/site-packages/airflow/example_dags/example_subdag_operator.py
[2025-03-24T21:54:12.529+0800] {logging_mixin.py:190} INFO - [2025-03-24T21:54:12.529+0800] {workday.py:41} WARNING - Could not import pandas. Holidays will not be considered.
[2025-03-24T21:54:12.535+0800] {logging_mixin.py:190} INFO - [2025-03-24T21:54:12.534+0800] {dag.py:3239} INFO - Sync 3 DAGs
[2025-03-24T21:54:12.541+0800] {logging_mixin.py:190} INFO - [2025-03-24T21:54:12.541+0800] {dag.py:4180} INFO - Setting next_dagrun for example_subdag_operator to 2022-01-01 00:00:00+00:00, run_after=2022-01-01 00:00:00+00:00
[2025-03-24T21:54:12.566+0800] {logging_mixin.py:190} INFO - [2025-03-24T21:54:12.566+0800] {dag.py:4180} INFO - Setting next_dagrun for example_subdag_operator.section-1 to None, run_after=None
[2025-03-24T21:54:12.567+0800] {logging_mixin.py:190} INFO - [2025-03-24T21:54:12.567+0800] {dag.py:4180} INFO - Setting next_dagrun for example_subdag_operator.section-2 to None, run_after=None
[2025-03-24T21:54:12.569+0800] {logging_mixin.py:190} INFO - [2025-03-24T21:54:12.569+0800] {dag.py:3239} INFO - Sync 2 DAGs
[2025-03-24T21:54:12.570+0800] {logging_mixin.py:190} INFO - [2025-03-24T21:54:12.570+0800] {dag.py:4180} INFO - Setting next_dagrun for example_subdag_operator.section-1 to None, run_after=None
[2025-03-24T21:54:12.570+0800] {logging_mixin.py:190} INFO - [2025-03-24T21:54:12.570+0800] {dag.py:4180} INFO - Setting next_dagrun for example_subdag_operator.section-2 to None, run_after=None
[2025-03-24T21:54:12.575+0800] {processor.py:208} INFO - Processing /Users/dionneleow/IS3107/IS3107-group11/backend/venv/lib/python3.12/site-packages/airflow/example_dags/example_subdag_operator.py took 0.087 seconds
[2025-03-24T21:55:18.342+0800] {processor.py:186} INFO - Started process (PID=65588) to work on /Users/dionneleow/IS3107/IS3107-group11/backend/venv/lib/python3.12/site-packages/airflow/example_dags/example_subdag_operator.py
[2025-03-24T21:55:18.343+0800] {processor.py:914} INFO - Processing file /Users/dionneleow/IS3107/IS3107-group11/backend/venv/lib/python3.12/site-packages/airflow/example_dags/example_subdag_operator.py for tasks to queue
[2025-03-24T21:55:18.343+0800] {logging_mixin.py:190} INFO - [2025-03-24T21:55:18.343+0800] {dagbag.py:588} INFO - Filling up the DagBag from /Users/dionneleow/IS3107/IS3107-group11/backend/venv/lib/python3.12/site-packages/airflow/example_dags/example_subdag_operator.py
[2025-03-24T21:55:18.381+0800] {processor.py:925} INFO - DAG(s) 'example_subdag_operator.section-1', 'example_subdag_operator.section-2', 'example_subdag_operator' retrieved from /Users/dionneleow/IS3107/IS3107-group11/backend/venv/lib/python3.12/site-packages/airflow/example_dags/example_subdag_operator.py
[2025-03-24T21:55:18.386+0800] {logging_mixin.py:190} INFO - [2025-03-24T21:55:18.386+0800] {workday.py:41} WARNING - Could not import pandas. Holidays will not be considered.
[2025-03-24T21:55:18.392+0800] {logging_mixin.py:190} INFO - [2025-03-24T21:55:18.392+0800] {dag.py:3239} INFO - Sync 3 DAGs
[2025-03-24T21:55:18.398+0800] {logging_mixin.py:190} INFO - [2025-03-24T21:55:18.398+0800] {dag.py:4180} INFO - Setting next_dagrun for example_subdag_operator to 2022-01-01 00:00:00+00:00, run_after=2022-01-01 00:00:00+00:00
[2025-03-24T21:55:18.426+0800] {logging_mixin.py:190} INFO - [2025-03-24T21:55:18.426+0800] {dag.py:4180} INFO - Setting next_dagrun for example_subdag_operator.section-1 to None, run_after=None
[2025-03-24T21:55:18.426+0800] {logging_mixin.py:190} INFO - [2025-03-24T21:55:18.426+0800] {dag.py:4180} INFO - Setting next_dagrun for example_subdag_operator.section-2 to None, run_after=None
[2025-03-24T21:55:18.429+0800] {logging_mixin.py:190} INFO - [2025-03-24T21:55:18.429+0800] {dag.py:3239} INFO - Sync 2 DAGs
[2025-03-24T21:55:18.430+0800] {logging_mixin.py:190} INFO - [2025-03-24T21:55:18.430+0800] {dag.py:4180} INFO - Setting next_dagrun for example_subdag_operator.section-1 to None, run_after=None
[2025-03-24T21:55:18.430+0800] {logging_mixin.py:190} INFO - [2025-03-24T21:55:18.430+0800] {dag.py:4180} INFO - Setting next_dagrun for example_subdag_operator.section-2 to None, run_after=None
[2025-03-24T21:55:18.435+0800] {processor.py:208} INFO - Processing /Users/dionneleow/IS3107/IS3107-group11/backend/venv/lib/python3.12/site-packages/airflow/example_dags/example_subdag_operator.py took 0.096 seconds
[2025-03-24T21:56:29.694+0800] {processor.py:186} INFO - Started process (PID=66029) to work on /Users/dionneleow/IS3107/IS3107-group11/backend/venv/lib/python3.12/site-packages/airflow/example_dags/example_subdag_operator.py
[2025-03-24T21:56:29.695+0800] {processor.py:914} INFO - Processing file /Users/dionneleow/IS3107/IS3107-group11/backend/venv/lib/python3.12/site-packages/airflow/example_dags/example_subdag_operator.py for tasks to queue
[2025-03-24T21:56:29.695+0800] {logging_mixin.py:190} INFO - [2025-03-24T21:56:29.695+0800] {dagbag.py:588} INFO - Filling up the DagBag from /Users/dionneleow/IS3107/IS3107-group11/backend/venv/lib/python3.12/site-packages/airflow/example_dags/example_subdag_operator.py
[2025-03-24T21:56:29.728+0800] {processor.py:925} INFO - DAG(s) 'example_subdag_operator.section-1', 'example_subdag_operator.section-2', 'example_subdag_operator' retrieved from /Users/dionneleow/IS3107/IS3107-group11/backend/venv/lib/python3.12/site-packages/airflow/example_dags/example_subdag_operator.py
[2025-03-24T21:56:29.733+0800] {logging_mixin.py:190} INFO - [2025-03-24T21:56:29.733+0800] {workday.py:41} WARNING - Could not import pandas. Holidays will not be considered.
[2025-03-24T21:56:29.739+0800] {logging_mixin.py:190} INFO - [2025-03-24T21:56:29.739+0800] {dag.py:3239} INFO - Sync 3 DAGs
[2025-03-24T21:56:29.745+0800] {logging_mixin.py:190} INFO - [2025-03-24T21:56:29.744+0800] {dag.py:4180} INFO - Setting next_dagrun for example_subdag_operator to 2022-01-01 00:00:00+00:00, run_after=2022-01-01 00:00:00+00:00
[2025-03-24T21:56:29.769+0800] {logging_mixin.py:190} INFO - [2025-03-24T21:56:29.769+0800] {dag.py:4180} INFO - Setting next_dagrun for example_subdag_operator.section-1 to None, run_after=None
[2025-03-24T21:56:29.770+0800] {logging_mixin.py:190} INFO - [2025-03-24T21:56:29.770+0800] {dag.py:4180} INFO - Setting next_dagrun for example_subdag_operator.section-2 to None, run_after=None
[2025-03-24T21:56:29.772+0800] {logging_mixin.py:190} INFO - [2025-03-24T21:56:29.772+0800] {dag.py:3239} INFO - Sync 2 DAGs
[2025-03-24T21:56:29.773+0800] {logging_mixin.py:190} INFO - [2025-03-24T21:56:29.773+0800] {dag.py:4180} INFO - Setting next_dagrun for example_subdag_operator.section-1 to None, run_after=None
[2025-03-24T21:56:29.773+0800] {logging_mixin.py:190} INFO - [2025-03-24T21:56:29.773+0800] {dag.py:4180} INFO - Setting next_dagrun for example_subdag_operator.section-2 to None, run_after=None
[2025-03-24T21:56:29.778+0800] {processor.py:208} INFO - Processing /Users/dionneleow/IS3107/IS3107-group11/backend/venv/lib/python3.12/site-packages/airflow/example_dags/example_subdag_operator.py took 0.085 seconds
[2025-03-24T21:57:36.864+0800] {processor.py:186} INFO - Started process (PID=66512) to work on /Users/dionneleow/IS3107/IS3107-group11/backend/venv/lib/python3.12/site-packages/airflow/example_dags/example_subdag_operator.py
[2025-03-24T21:57:36.864+0800] {processor.py:914} INFO - Processing file /Users/dionneleow/IS3107/IS3107-group11/backend/venv/lib/python3.12/site-packages/airflow/example_dags/example_subdag_operator.py for tasks to queue
[2025-03-24T21:57:36.864+0800] {logging_mixin.py:190} INFO - [2025-03-24T21:57:36.864+0800] {dagbag.py:588} INFO - Filling up the DagBag from /Users/dionneleow/IS3107/IS3107-group11/backend/venv/lib/python3.12/site-packages/airflow/example_dags/example_subdag_operator.py
[2025-03-24T21:57:36.897+0800] {processor.py:925} INFO - DAG(s) 'example_subdag_operator.section-1', 'example_subdag_operator.section-2', 'example_subdag_operator' retrieved from /Users/dionneleow/IS3107/IS3107-group11/backend/venv/lib/python3.12/site-packages/airflow/example_dags/example_subdag_operator.py
[2025-03-24T21:57:36.902+0800] {logging_mixin.py:190} INFO - [2025-03-24T21:57:36.902+0800] {workday.py:41} WARNING - Could not import pandas. Holidays will not be considered.
[2025-03-24T21:57:36.907+0800] {logging_mixin.py:190} INFO - [2025-03-24T21:57:36.907+0800] {dag.py:3239} INFO - Sync 3 DAGs
[2025-03-24T21:57:36.914+0800] {logging_mixin.py:190} INFO - [2025-03-24T21:57:36.914+0800] {dag.py:4180} INFO - Setting next_dagrun for example_subdag_operator to 2022-01-01 00:00:00+00:00, run_after=2022-01-01 00:00:00+00:00
[2025-03-24T21:57:36.939+0800] {logging_mixin.py:190} INFO - [2025-03-24T21:57:36.939+0800] {dag.py:4180} INFO - Setting next_dagrun for example_subdag_operator.section-1 to None, run_after=None
[2025-03-24T21:57:36.939+0800] {logging_mixin.py:190} INFO - [2025-03-24T21:57:36.939+0800] {dag.py:4180} INFO - Setting next_dagrun for example_subdag_operator.section-2 to None, run_after=None
[2025-03-24T21:57:36.941+0800] {logging_mixin.py:190} INFO - [2025-03-24T21:57:36.941+0800] {dag.py:3239} INFO - Sync 2 DAGs
[2025-03-24T21:57:36.943+0800] {logging_mixin.py:190} INFO - [2025-03-24T21:57:36.943+0800] {dag.py:4180} INFO - Setting next_dagrun for example_subdag_operator.section-1 to None, run_after=None
[2025-03-24T21:57:36.943+0800] {logging_mixin.py:190} INFO - [2025-03-24T21:57:36.943+0800] {dag.py:4180} INFO - Setting next_dagrun for example_subdag_operator.section-2 to None, run_after=None
[2025-03-24T21:57:36.947+0800] {processor.py:208} INFO - Processing /Users/dionneleow/IS3107/IS3107-group11/backend/venv/lib/python3.12/site-packages/airflow/example_dags/example_subdag_operator.py took 0.084 seconds
[2025-03-24T21:58:47.135+0800] {processor.py:186} INFO - Started process (PID=66901) to work on /Users/dionneleow/IS3107/IS3107-group11/backend/venv/lib/python3.12/site-packages/airflow/example_dags/example_subdag_operator.py
[2025-03-24T21:58:47.136+0800] {processor.py:914} INFO - Processing file /Users/dionneleow/IS3107/IS3107-group11/backend/venv/lib/python3.12/site-packages/airflow/example_dags/example_subdag_operator.py for tasks to queue
[2025-03-24T21:58:47.137+0800] {logging_mixin.py:190} INFO - [2025-03-24T21:58:47.137+0800] {dagbag.py:588} INFO - Filling up the DagBag from /Users/dionneleow/IS3107/IS3107-group11/backend/venv/lib/python3.12/site-packages/airflow/example_dags/example_subdag_operator.py
[2025-03-24T21:58:47.169+0800] {processor.py:925} INFO - DAG(s) 'example_subdag_operator.section-1', 'example_subdag_operator.section-2', 'example_subdag_operator' retrieved from /Users/dionneleow/IS3107/IS3107-group11/backend/venv/lib/python3.12/site-packages/airflow/example_dags/example_subdag_operator.py
[2025-03-24T21:58:47.174+0800] {logging_mixin.py:190} INFO - [2025-03-24T21:58:47.174+0800] {workday.py:41} WARNING - Could not import pandas. Holidays will not be considered.
[2025-03-24T21:58:47.180+0800] {logging_mixin.py:190} INFO - [2025-03-24T21:58:47.180+0800] {dag.py:3239} INFO - Sync 3 DAGs
[2025-03-24T21:58:47.186+0800] {logging_mixin.py:190} INFO - [2025-03-24T21:58:47.186+0800] {dag.py:4180} INFO - Setting next_dagrun for example_subdag_operator to 2022-01-01 00:00:00+00:00, run_after=2022-01-01 00:00:00+00:00
[2025-03-24T21:58:47.209+0800] {logging_mixin.py:190} INFO - [2025-03-24T21:58:47.209+0800] {dag.py:4180} INFO - Setting next_dagrun for example_subdag_operator.section-1 to None, run_after=None
[2025-03-24T21:58:47.210+0800] {logging_mixin.py:190} INFO - [2025-03-24T21:58:47.210+0800] {dag.py:4180} INFO - Setting next_dagrun for example_subdag_operator.section-2 to None, run_after=None
[2025-03-24T21:58:47.212+0800] {logging_mixin.py:190} INFO - [2025-03-24T21:58:47.212+0800] {dag.py:3239} INFO - Sync 2 DAGs
[2025-03-24T21:58:47.213+0800] {logging_mixin.py:190} INFO - [2025-03-24T21:58:47.213+0800] {dag.py:4180} INFO - Setting next_dagrun for example_subdag_operator.section-1 to None, run_after=None
[2025-03-24T21:58:47.213+0800] {logging_mixin.py:190} INFO - [2025-03-24T21:58:47.213+0800] {dag.py:4180} INFO - Setting next_dagrun for example_subdag_operator.section-2 to None, run_after=None
[2025-03-24T21:58:47.217+0800] {processor.py:208} INFO - Processing /Users/dionneleow/IS3107/IS3107-group11/backend/venv/lib/python3.12/site-packages/airflow/example_dags/example_subdag_operator.py took 0.084 seconds
[2025-03-24T21:59:50.961+0800] {processor.py:186} INFO - Started process (PID=67225) to work on /Users/dionneleow/IS3107/IS3107-group11/backend/venv/lib/python3.12/site-packages/airflow/example_dags/example_subdag_operator.py
[2025-03-24T21:59:50.962+0800] {processor.py:914} INFO - Processing file /Users/dionneleow/IS3107/IS3107-group11/backend/venv/lib/python3.12/site-packages/airflow/example_dags/example_subdag_operator.py for tasks to queue
[2025-03-24T21:59:50.962+0800] {logging_mixin.py:190} INFO - [2025-03-24T21:59:50.962+0800] {dagbag.py:588} INFO - Filling up the DagBag from /Users/dionneleow/IS3107/IS3107-group11/backend/venv/lib/python3.12/site-packages/airflow/example_dags/example_subdag_operator.py
[2025-03-24T21:59:50.995+0800] {processor.py:925} INFO - DAG(s) 'example_subdag_operator.section-1', 'example_subdag_operator.section-2', 'example_subdag_operator' retrieved from /Users/dionneleow/IS3107/IS3107-group11/backend/venv/lib/python3.12/site-packages/airflow/example_dags/example_subdag_operator.py
[2025-03-24T21:59:51.000+0800] {logging_mixin.py:190} INFO - [2025-03-24T21:59:51.000+0800] {workday.py:41} WARNING - Could not import pandas. Holidays will not be considered.
[2025-03-24T21:59:51.006+0800] {logging_mixin.py:190} INFO - [2025-03-24T21:59:51.006+0800] {dag.py:3239} INFO - Sync 3 DAGs
[2025-03-24T21:59:51.012+0800] {logging_mixin.py:190} INFO - [2025-03-24T21:59:51.012+0800] {dag.py:4180} INFO - Setting next_dagrun for example_subdag_operator to 2022-01-01 00:00:00+00:00, run_after=2022-01-01 00:00:00+00:00
[2025-03-24T21:59:51.037+0800] {logging_mixin.py:190} INFO - [2025-03-24T21:59:51.037+0800] {dag.py:4180} INFO - Setting next_dagrun for example_subdag_operator.section-1 to None, run_after=None
[2025-03-24T21:59:51.037+0800] {logging_mixin.py:190} INFO - [2025-03-24T21:59:51.037+0800] {dag.py:4180} INFO - Setting next_dagrun for example_subdag_operator.section-2 to None, run_after=None
[2025-03-24T21:59:51.040+0800] {logging_mixin.py:190} INFO - [2025-03-24T21:59:51.040+0800] {dag.py:3239} INFO - Sync 2 DAGs
[2025-03-24T21:59:51.042+0800] {logging_mixin.py:190} INFO - [2025-03-24T21:59:51.041+0800] {dag.py:4180} INFO - Setting next_dagrun for example_subdag_operator.section-1 to None, run_after=None
[2025-03-24T21:59:51.042+0800] {logging_mixin.py:190} INFO - [2025-03-24T21:59:51.042+0800] {dag.py:4180} INFO - Setting next_dagrun for example_subdag_operator.section-2 to None, run_after=None
[2025-03-24T21:59:51.046+0800] {processor.py:208} INFO - Processing /Users/dionneleow/IS3107/IS3107-group11/backend/venv/lib/python3.12/site-packages/airflow/example_dags/example_subdag_operator.py took 0.086 seconds
[2025-03-24T22:01:56.104+0800] {processor.py:186} INFO - Started process (PID=67956) to work on /Users/dionneleow/IS3107/IS3107-group11/backend/venv/lib/python3.12/site-packages/airflow/example_dags/example_subdag_operator.py
[2025-03-24T22:01:56.106+0800] {processor.py:914} INFO - Processing file /Users/dionneleow/IS3107/IS3107-group11/backend/venv/lib/python3.12/site-packages/airflow/example_dags/example_subdag_operator.py for tasks to queue
[2025-03-24T22:01:56.108+0800] {logging_mixin.py:190} INFO - [2025-03-24T22:01:56.107+0800] {dagbag.py:588} INFO - Filling up the DagBag from /Users/dionneleow/IS3107/IS3107-group11/backend/venv/lib/python3.12/site-packages/airflow/example_dags/example_subdag_operator.py
[2025-03-24T22:01:56.163+0800] {processor.py:925} INFO - DAG(s) 'example_subdag_operator.section-1', 'example_subdag_operator.section-2', 'example_subdag_operator' retrieved from /Users/dionneleow/IS3107/IS3107-group11/backend/venv/lib/python3.12/site-packages/airflow/example_dags/example_subdag_operator.py
[2025-03-24T22:01:56.171+0800] {logging_mixin.py:190} INFO - [2025-03-24T22:01:56.171+0800] {workday.py:41} WARNING - Could not import pandas. Holidays will not be considered.
[2025-03-24T22:01:56.181+0800] {logging_mixin.py:190} INFO - [2025-03-24T22:01:56.181+0800] {dag.py:3239} INFO - Sync 3 DAGs
[2025-03-24T22:01:56.194+0800] {logging_mixin.py:190} INFO - [2025-03-24T22:01:56.194+0800] {dag.py:4180} INFO - Setting next_dagrun for example_subdag_operator to 2022-01-01 00:00:00+00:00, run_after=2022-01-01 00:00:00+00:00
[2025-03-24T22:01:56.239+0800] {logging_mixin.py:190} INFO - [2025-03-24T22:01:56.239+0800] {dag.py:4180} INFO - Setting next_dagrun for example_subdag_operator.section-1 to None, run_after=None
[2025-03-24T22:01:56.239+0800] {logging_mixin.py:190} INFO - [2025-03-24T22:01:56.239+0800] {dag.py:4180} INFO - Setting next_dagrun for example_subdag_operator.section-2 to None, run_after=None
[2025-03-24T22:01:56.242+0800] {logging_mixin.py:190} INFO - [2025-03-24T22:01:56.242+0800] {dag.py:3239} INFO - Sync 2 DAGs
[2025-03-24T22:01:56.244+0800] {logging_mixin.py:190} INFO - [2025-03-24T22:01:56.244+0800] {dag.py:4180} INFO - Setting next_dagrun for example_subdag_operator.section-1 to None, run_after=None
[2025-03-24T22:01:56.244+0800] {logging_mixin.py:190} INFO - [2025-03-24T22:01:56.244+0800] {dag.py:4180} INFO - Setting next_dagrun for example_subdag_operator.section-2 to None, run_after=None
[2025-03-24T22:01:56.248+0800] {processor.py:208} INFO - Processing /Users/dionneleow/IS3107/IS3107-group11/backend/venv/lib/python3.12/site-packages/airflow/example_dags/example_subdag_operator.py took 0.146 seconds
[2025-03-24T22:03:04.940+0800] {processor.py:186} INFO - Started process (PID=68390) to work on /Users/dionneleow/IS3107/IS3107-group11/backend/venv/lib/python3.12/site-packages/airflow/example_dags/example_subdag_operator.py
[2025-03-24T22:03:04.940+0800] {processor.py:914} INFO - Processing file /Users/dionneleow/IS3107/IS3107-group11/backend/venv/lib/python3.12/site-packages/airflow/example_dags/example_subdag_operator.py for tasks to queue
[2025-03-24T22:03:04.941+0800] {logging_mixin.py:190} INFO - [2025-03-24T22:03:04.941+0800] {dagbag.py:588} INFO - Filling up the DagBag from /Users/dionneleow/IS3107/IS3107-group11/backend/venv/lib/python3.12/site-packages/airflow/example_dags/example_subdag_operator.py
[2025-03-24T22:03:04.974+0800] {processor.py:925} INFO - DAG(s) 'example_subdag_operator.section-1', 'example_subdag_operator.section-2', 'example_subdag_operator' retrieved from /Users/dionneleow/IS3107/IS3107-group11/backend/venv/lib/python3.12/site-packages/airflow/example_dags/example_subdag_operator.py
[2025-03-24T22:03:04.979+0800] {logging_mixin.py:190} INFO - [2025-03-24T22:03:04.979+0800] {workday.py:41} WARNING - Could not import pandas. Holidays will not be considered.
[2025-03-24T22:03:04.985+0800] {logging_mixin.py:190} INFO - [2025-03-24T22:03:04.985+0800] {dag.py:3239} INFO - Sync 3 DAGs
[2025-03-24T22:03:04.991+0800] {logging_mixin.py:190} INFO - [2025-03-24T22:03:04.991+0800] {dag.py:4180} INFO - Setting next_dagrun for example_subdag_operator to 2022-01-01 00:00:00+00:00, run_after=2022-01-01 00:00:00+00:00
[2025-03-24T22:03:05.022+0800] {logging_mixin.py:190} INFO - [2025-03-24T22:03:05.022+0800] {dag.py:4180} INFO - Setting next_dagrun for example_subdag_operator.section-1 to None, run_after=None
[2025-03-24T22:03:05.023+0800] {logging_mixin.py:190} INFO - [2025-03-24T22:03:05.023+0800] {dag.py:4180} INFO - Setting next_dagrun for example_subdag_operator.section-2 to None, run_after=None
[2025-03-24T22:03:05.026+0800] {logging_mixin.py:190} INFO - [2025-03-24T22:03:05.026+0800] {dag.py:3239} INFO - Sync 2 DAGs
[2025-03-24T22:03:05.027+0800] {logging_mixin.py:190} INFO - [2025-03-24T22:03:05.027+0800] {dag.py:4180} INFO - Setting next_dagrun for example_subdag_operator.section-1 to None, run_after=None
[2025-03-24T22:03:05.027+0800] {logging_mixin.py:190} INFO - [2025-03-24T22:03:05.027+0800] {dag.py:4180} INFO - Setting next_dagrun for example_subdag_operator.section-2 to None, run_after=None
[2025-03-24T22:03:05.032+0800] {processor.py:208} INFO - Processing /Users/dionneleow/IS3107/IS3107-group11/backend/venv/lib/python3.12/site-packages/airflow/example_dags/example_subdag_operator.py took 0.094 seconds
[2025-03-24T22:04:10.685+0800] {processor.py:186} INFO - Started process (PID=68801) to work on /Users/dionneleow/IS3107/IS3107-group11/backend/venv/lib/python3.12/site-packages/airflow/example_dags/example_subdag_operator.py
[2025-03-24T22:04:10.686+0800] {processor.py:914} INFO - Processing file /Users/dionneleow/IS3107/IS3107-group11/backend/venv/lib/python3.12/site-packages/airflow/example_dags/example_subdag_operator.py for tasks to queue
[2025-03-24T22:04:10.686+0800] {logging_mixin.py:190} INFO - [2025-03-24T22:04:10.686+0800] {dagbag.py:588} INFO - Filling up the DagBag from /Users/dionneleow/IS3107/IS3107-group11/backend/venv/lib/python3.12/site-packages/airflow/example_dags/example_subdag_operator.py
[2025-03-24T22:04:10.719+0800] {processor.py:925} INFO - DAG(s) 'example_subdag_operator.section-1', 'example_subdag_operator.section-2', 'example_subdag_operator' retrieved from /Users/dionneleow/IS3107/IS3107-group11/backend/venv/lib/python3.12/site-packages/airflow/example_dags/example_subdag_operator.py
[2025-03-24T22:04:10.724+0800] {logging_mixin.py:190} INFO - [2025-03-24T22:04:10.724+0800] {workday.py:41} WARNING - Could not import pandas. Holidays will not be considered.
[2025-03-24T22:04:10.730+0800] {logging_mixin.py:190} INFO - [2025-03-24T22:04:10.730+0800] {dag.py:3239} INFO - Sync 3 DAGs
[2025-03-24T22:04:10.736+0800] {logging_mixin.py:190} INFO - [2025-03-24T22:04:10.736+0800] {dag.py:4180} INFO - Setting next_dagrun for example_subdag_operator to 2022-01-01 00:00:00+00:00, run_after=2022-01-01 00:00:00+00:00
[2025-03-24T22:04:10.762+0800] {logging_mixin.py:190} INFO - [2025-03-24T22:04:10.762+0800] {dag.py:4180} INFO - Setting next_dagrun for example_subdag_operator.section-1 to None, run_after=None
[2025-03-24T22:04:10.764+0800] {logging_mixin.py:190} INFO - [2025-03-24T22:04:10.764+0800] {dag.py:4180} INFO - Setting next_dagrun for example_subdag_operator.section-2 to None, run_after=None
[2025-03-24T22:04:10.766+0800] {logging_mixin.py:190} INFO - [2025-03-24T22:04:10.766+0800] {dag.py:3239} INFO - Sync 2 DAGs
[2025-03-24T22:04:10.767+0800] {logging_mixin.py:190} INFO - [2025-03-24T22:04:10.767+0800] {dag.py:4180} INFO - Setting next_dagrun for example_subdag_operator.section-1 to None, run_after=None
[2025-03-24T22:04:10.767+0800] {logging_mixin.py:190} INFO - [2025-03-24T22:04:10.767+0800] {dag.py:4180} INFO - Setting next_dagrun for example_subdag_operator.section-2 to None, run_after=None
[2025-03-24T22:04:10.771+0800] {processor.py:208} INFO - Processing /Users/dionneleow/IS3107/IS3107-group11/backend/venv/lib/python3.12/site-packages/airflow/example_dags/example_subdag_operator.py took 0.087 seconds
[2025-03-24T22:05:20.282+0800] {processor.py:186} INFO - Started process (PID=69168) to work on /Users/dionneleow/IS3107/IS3107-group11/backend/venv/lib/python3.12/site-packages/airflow/example_dags/example_subdag_operator.py
[2025-03-24T22:05:20.283+0800] {processor.py:914} INFO - Processing file /Users/dionneleow/IS3107/IS3107-group11/backend/venv/lib/python3.12/site-packages/airflow/example_dags/example_subdag_operator.py for tasks to queue
[2025-03-24T22:05:20.283+0800] {logging_mixin.py:190} INFO - [2025-03-24T22:05:20.283+0800] {dagbag.py:588} INFO - Filling up the DagBag from /Users/dionneleow/IS3107/IS3107-group11/backend/venv/lib/python3.12/site-packages/airflow/example_dags/example_subdag_operator.py
[2025-03-24T22:05:20.316+0800] {processor.py:925} INFO - DAG(s) 'example_subdag_operator.section-1', 'example_subdag_operator.section-2', 'example_subdag_operator' retrieved from /Users/dionneleow/IS3107/IS3107-group11/backend/venv/lib/python3.12/site-packages/airflow/example_dags/example_subdag_operator.py
[2025-03-24T22:05:20.321+0800] {logging_mixin.py:190} INFO - [2025-03-24T22:05:20.321+0800] {workday.py:41} WARNING - Could not import pandas. Holidays will not be considered.
[2025-03-24T22:05:20.326+0800] {logging_mixin.py:190} INFO - [2025-03-24T22:05:20.326+0800] {dag.py:3239} INFO - Sync 3 DAGs
[2025-03-24T22:05:20.333+0800] {logging_mixin.py:190} INFO - [2025-03-24T22:05:20.333+0800] {dag.py:4180} INFO - Setting next_dagrun for example_subdag_operator to 2022-01-01 00:00:00+00:00, run_after=2022-01-01 00:00:00+00:00
[2025-03-24T22:05:20.358+0800] {logging_mixin.py:190} INFO - [2025-03-24T22:05:20.358+0800] {dag.py:4180} INFO - Setting next_dagrun for example_subdag_operator.section-1 to None, run_after=None
[2025-03-24T22:05:20.359+0800] {logging_mixin.py:190} INFO - [2025-03-24T22:05:20.359+0800] {dag.py:4180} INFO - Setting next_dagrun for example_subdag_operator.section-2 to None, run_after=None
[2025-03-24T22:05:20.362+0800] {logging_mixin.py:190} INFO - [2025-03-24T22:05:20.362+0800] {dag.py:3239} INFO - Sync 2 DAGs
[2025-03-24T22:05:20.363+0800] {logging_mixin.py:190} INFO - [2025-03-24T22:05:20.363+0800] {dag.py:4180} INFO - Setting next_dagrun for example_subdag_operator.section-1 to None, run_after=None
[2025-03-24T22:05:20.364+0800] {logging_mixin.py:190} INFO - [2025-03-24T22:05:20.363+0800] {dag.py:4180} INFO - Setting next_dagrun for example_subdag_operator.section-2 to None, run_after=None
[2025-03-24T22:05:20.368+0800] {processor.py:208} INFO - Processing /Users/dionneleow/IS3107/IS3107-group11/backend/venv/lib/python3.12/site-packages/airflow/example_dags/example_subdag_operator.py took 0.087 seconds
[2025-03-24T22:06:26.907+0800] {processor.py:186} INFO - Started process (PID=69507) to work on /Users/dionneleow/IS3107/IS3107-group11/backend/venv/lib/python3.12/site-packages/airflow/example_dags/example_subdag_operator.py
[2025-03-24T22:06:26.908+0800] {processor.py:914} INFO - Processing file /Users/dionneleow/IS3107/IS3107-group11/backend/venv/lib/python3.12/site-packages/airflow/example_dags/example_subdag_operator.py for tasks to queue
[2025-03-24T22:06:26.908+0800] {logging_mixin.py:190} INFO - [2025-03-24T22:06:26.908+0800] {dagbag.py:588} INFO - Filling up the DagBag from /Users/dionneleow/IS3107/IS3107-group11/backend/venv/lib/python3.12/site-packages/airflow/example_dags/example_subdag_operator.py
[2025-03-24T22:06:26.944+0800] {processor.py:925} INFO - DAG(s) 'example_subdag_operator.section-1', 'example_subdag_operator.section-2', 'example_subdag_operator' retrieved from /Users/dionneleow/IS3107/IS3107-group11/backend/venv/lib/python3.12/site-packages/airflow/example_dags/example_subdag_operator.py
[2025-03-24T22:06:26.949+0800] {logging_mixin.py:190} INFO - [2025-03-24T22:06:26.949+0800] {workday.py:41} WARNING - Could not import pandas. Holidays will not be considered.
[2025-03-24T22:06:26.955+0800] {logging_mixin.py:190} INFO - [2025-03-24T22:06:26.954+0800] {dag.py:3239} INFO - Sync 3 DAGs
[2025-03-24T22:06:26.961+0800] {logging_mixin.py:190} INFO - [2025-03-24T22:06:26.961+0800] {dag.py:4180} INFO - Setting next_dagrun for example_subdag_operator to 2022-01-01 00:00:00+00:00, run_after=2022-01-01 00:00:00+00:00
[2025-03-24T22:06:26.986+0800] {logging_mixin.py:190} INFO - [2025-03-24T22:06:26.986+0800] {dag.py:4180} INFO - Setting next_dagrun for example_subdag_operator.section-1 to None, run_after=None
[2025-03-24T22:06:26.987+0800] {logging_mixin.py:190} INFO - [2025-03-24T22:06:26.986+0800] {dag.py:4180} INFO - Setting next_dagrun for example_subdag_operator.section-2 to None, run_after=None
[2025-03-24T22:06:26.989+0800] {logging_mixin.py:190} INFO - [2025-03-24T22:06:26.989+0800] {dag.py:3239} INFO - Sync 2 DAGs
[2025-03-24T22:06:26.990+0800] {logging_mixin.py:190} INFO - [2025-03-24T22:06:26.990+0800] {dag.py:4180} INFO - Setting next_dagrun for example_subdag_operator.section-1 to None, run_after=None
[2025-03-24T22:06:26.990+0800] {logging_mixin.py:190} INFO - [2025-03-24T22:06:26.990+0800] {dag.py:4180} INFO - Setting next_dagrun for example_subdag_operator.section-2 to None, run_after=None
[2025-03-24T22:06:26.995+0800] {processor.py:208} INFO - Processing /Users/dionneleow/IS3107/IS3107-group11/backend/venv/lib/python3.12/site-packages/airflow/example_dags/example_subdag_operator.py took 0.089 seconds
[2025-03-24T22:07:39.170+0800] {processor.py:186} INFO - Started process (PID=69898) to work on /Users/dionneleow/IS3107/IS3107-group11/backend/venv/lib/python3.12/site-packages/airflow/example_dags/example_subdag_operator.py
[2025-03-24T22:07:39.171+0800] {processor.py:914} INFO - Processing file /Users/dionneleow/IS3107/IS3107-group11/backend/venv/lib/python3.12/site-packages/airflow/example_dags/example_subdag_operator.py for tasks to queue
[2025-03-24T22:07:39.171+0800] {logging_mixin.py:190} INFO - [2025-03-24T22:07:39.171+0800] {dagbag.py:588} INFO - Filling up the DagBag from /Users/dionneleow/IS3107/IS3107-group11/backend/venv/lib/python3.12/site-packages/airflow/example_dags/example_subdag_operator.py
[2025-03-24T22:07:39.204+0800] {processor.py:925} INFO - DAG(s) 'example_subdag_operator.section-1', 'example_subdag_operator.section-2', 'example_subdag_operator' retrieved from /Users/dionneleow/IS3107/IS3107-group11/backend/venv/lib/python3.12/site-packages/airflow/example_dags/example_subdag_operator.py
[2025-03-24T22:07:39.209+0800] {logging_mixin.py:190} INFO - [2025-03-24T22:07:39.209+0800] {workday.py:41} WARNING - Could not import pandas. Holidays will not be considered.
[2025-03-24T22:07:39.214+0800] {logging_mixin.py:190} INFO - [2025-03-24T22:07:39.214+0800] {dag.py:3239} INFO - Sync 3 DAGs
[2025-03-24T22:07:39.220+0800] {logging_mixin.py:190} INFO - [2025-03-24T22:07:39.220+0800] {dag.py:4180} INFO - Setting next_dagrun for example_subdag_operator to 2022-01-01 00:00:00+00:00, run_after=2022-01-01 00:00:00+00:00
[2025-03-24T22:07:39.244+0800] {logging_mixin.py:190} INFO - [2025-03-24T22:07:39.244+0800] {dag.py:4180} INFO - Setting next_dagrun for example_subdag_operator.section-1 to None, run_after=None
[2025-03-24T22:07:39.245+0800] {logging_mixin.py:190} INFO - [2025-03-24T22:07:39.244+0800] {dag.py:4180} INFO - Setting next_dagrun for example_subdag_operator.section-2 to None, run_after=None
[2025-03-24T22:07:39.247+0800] {logging_mixin.py:190} INFO - [2025-03-24T22:07:39.247+0800] {dag.py:3239} INFO - Sync 2 DAGs
[2025-03-24T22:07:39.248+0800] {logging_mixin.py:190} INFO - [2025-03-24T22:07:39.248+0800] {dag.py:4180} INFO - Setting next_dagrun for example_subdag_operator.section-1 to None, run_after=None
[2025-03-24T22:07:39.248+0800] {logging_mixin.py:190} INFO - [2025-03-24T22:07:39.248+0800] {dag.py:4180} INFO - Setting next_dagrun for example_subdag_operator.section-2 to None, run_after=None
[2025-03-24T22:07:39.252+0800] {processor.py:208} INFO - Processing /Users/dionneleow/IS3107/IS3107-group11/backend/venv/lib/python3.12/site-packages/airflow/example_dags/example_subdag_operator.py took 0.084 seconds
[2025-03-24T22:08:50.622+0800] {processor.py:186} INFO - Started process (PID=70291) to work on /Users/dionneleow/IS3107/IS3107-group11/backend/venv/lib/python3.12/site-packages/airflow/example_dags/example_subdag_operator.py
[2025-03-24T22:08:50.623+0800] {processor.py:914} INFO - Processing file /Users/dionneleow/IS3107/IS3107-group11/backend/venv/lib/python3.12/site-packages/airflow/example_dags/example_subdag_operator.py for tasks to queue
[2025-03-24T22:08:50.623+0800] {logging_mixin.py:190} INFO - [2025-03-24T22:08:50.623+0800] {dagbag.py:588} INFO - Filling up the DagBag from /Users/dionneleow/IS3107/IS3107-group11/backend/venv/lib/python3.12/site-packages/airflow/example_dags/example_subdag_operator.py
[2025-03-24T22:08:50.655+0800] {processor.py:925} INFO - DAG(s) 'example_subdag_operator.section-1', 'example_subdag_operator.section-2', 'example_subdag_operator' retrieved from /Users/dionneleow/IS3107/IS3107-group11/backend/venv/lib/python3.12/site-packages/airflow/example_dags/example_subdag_operator.py
[2025-03-24T22:08:50.660+0800] {logging_mixin.py:190} INFO - [2025-03-24T22:08:50.660+0800] {workday.py:41} WARNING - Could not import pandas. Holidays will not be considered.
[2025-03-24T22:08:50.666+0800] {logging_mixin.py:190} INFO - [2025-03-24T22:08:50.666+0800] {dag.py:3239} INFO - Sync 3 DAGs
[2025-03-24T22:08:50.672+0800] {logging_mixin.py:190} INFO - [2025-03-24T22:08:50.672+0800] {dag.py:4180} INFO - Setting next_dagrun for example_subdag_operator to 2022-01-01 00:00:00+00:00, run_after=2022-01-01 00:00:00+00:00
[2025-03-24T22:08:50.695+0800] {logging_mixin.py:190} INFO - [2025-03-24T22:08:50.695+0800] {dag.py:4180} INFO - Setting next_dagrun for example_subdag_operator.section-1 to None, run_after=None
[2025-03-24T22:08:50.696+0800] {logging_mixin.py:190} INFO - [2025-03-24T22:08:50.696+0800] {dag.py:4180} INFO - Setting next_dagrun for example_subdag_operator.section-2 to None, run_after=None
[2025-03-24T22:08:50.698+0800] {logging_mixin.py:190} INFO - [2025-03-24T22:08:50.698+0800] {dag.py:3239} INFO - Sync 2 DAGs
[2025-03-24T22:08:50.699+0800] {logging_mixin.py:190} INFO - [2025-03-24T22:08:50.699+0800] {dag.py:4180} INFO - Setting next_dagrun for example_subdag_operator.section-1 to None, run_after=None
[2025-03-24T22:08:50.699+0800] {logging_mixin.py:190} INFO - [2025-03-24T22:08:50.699+0800] {dag.py:4180} INFO - Setting next_dagrun for example_subdag_operator.section-2 to None, run_after=None
[2025-03-24T22:08:50.703+0800] {processor.py:208} INFO - Processing /Users/dionneleow/IS3107/IS3107-group11/backend/venv/lib/python3.12/site-packages/airflow/example_dags/example_subdag_operator.py took 0.082 seconds
[2025-03-24T22:10:02.599+0800] {processor.py:186} INFO - Started process (PID=70707) to work on /Users/dionneleow/IS3107/IS3107-group11/backend/venv/lib/python3.12/site-packages/airflow/example_dags/example_subdag_operator.py
[2025-03-24T22:10:02.600+0800] {processor.py:914} INFO - Processing file /Users/dionneleow/IS3107/IS3107-group11/backend/venv/lib/python3.12/site-packages/airflow/example_dags/example_subdag_operator.py for tasks to queue
[2025-03-24T22:10:02.600+0800] {logging_mixin.py:190} INFO - [2025-03-24T22:10:02.600+0800] {dagbag.py:588} INFO - Filling up the DagBag from /Users/dionneleow/IS3107/IS3107-group11/backend/venv/lib/python3.12/site-packages/airflow/example_dags/example_subdag_operator.py
[2025-03-24T22:10:02.633+0800] {processor.py:925} INFO - DAG(s) 'example_subdag_operator.section-1', 'example_subdag_operator.section-2', 'example_subdag_operator' retrieved from /Users/dionneleow/IS3107/IS3107-group11/backend/venv/lib/python3.12/site-packages/airflow/example_dags/example_subdag_operator.py
[2025-03-24T22:10:02.638+0800] {logging_mixin.py:190} INFO - [2025-03-24T22:10:02.637+0800] {workday.py:41} WARNING - Could not import pandas. Holidays will not be considered.
[2025-03-24T22:10:02.643+0800] {logging_mixin.py:190} INFO - [2025-03-24T22:10:02.643+0800] {dag.py:3239} INFO - Sync 3 DAGs
[2025-03-24T22:10:02.649+0800] {logging_mixin.py:190} INFO - [2025-03-24T22:10:02.649+0800] {dag.py:4180} INFO - Setting next_dagrun for example_subdag_operator to 2022-01-01 00:00:00+00:00, run_after=2022-01-01 00:00:00+00:00
[2025-03-24T22:10:02.673+0800] {logging_mixin.py:190} INFO - [2025-03-24T22:10:02.673+0800] {dag.py:4180} INFO - Setting next_dagrun for example_subdag_operator.section-1 to None, run_after=None
[2025-03-24T22:10:02.673+0800] {logging_mixin.py:190} INFO - [2025-03-24T22:10:02.673+0800] {dag.py:4180} INFO - Setting next_dagrun for example_subdag_operator.section-2 to None, run_after=None
[2025-03-24T22:10:02.675+0800] {logging_mixin.py:190} INFO - [2025-03-24T22:10:02.675+0800] {dag.py:3239} INFO - Sync 2 DAGs
[2025-03-24T22:10:02.677+0800] {logging_mixin.py:190} INFO - [2025-03-24T22:10:02.676+0800] {dag.py:4180} INFO - Setting next_dagrun for example_subdag_operator.section-1 to None, run_after=None
[2025-03-24T22:10:02.677+0800] {logging_mixin.py:190} INFO - [2025-03-24T22:10:02.677+0800] {dag.py:4180} INFO - Setting next_dagrun for example_subdag_operator.section-2 to None, run_after=None
[2025-03-24T22:10:02.681+0800] {processor.py:208} INFO - Processing /Users/dionneleow/IS3107/IS3107-group11/backend/venv/lib/python3.12/site-packages/airflow/example_dags/example_subdag_operator.py took 0.083 seconds
[2025-03-24T22:11:12.649+0800] {processor.py:186} INFO - Started process (PID=71106) to work on /Users/dionneleow/IS3107/IS3107-group11/backend/venv/lib/python3.12/site-packages/airflow/example_dags/example_subdag_operator.py
[2025-03-24T22:11:12.649+0800] {processor.py:914} INFO - Processing file /Users/dionneleow/IS3107/IS3107-group11/backend/venv/lib/python3.12/site-packages/airflow/example_dags/example_subdag_operator.py for tasks to queue
[2025-03-24T22:11:12.650+0800] {logging_mixin.py:190} INFO - [2025-03-24T22:11:12.650+0800] {dagbag.py:588} INFO - Filling up the DagBag from /Users/dionneleow/IS3107/IS3107-group11/backend/venv/lib/python3.12/site-packages/airflow/example_dags/example_subdag_operator.py
[2025-03-24T22:11:12.684+0800] {processor.py:925} INFO - DAG(s) 'example_subdag_operator.section-1', 'example_subdag_operator.section-2', 'example_subdag_operator' retrieved from /Users/dionneleow/IS3107/IS3107-group11/backend/venv/lib/python3.12/site-packages/airflow/example_dags/example_subdag_operator.py
[2025-03-24T22:11:12.689+0800] {logging_mixin.py:190} INFO - [2025-03-24T22:11:12.689+0800] {workday.py:41} WARNING - Could not import pandas. Holidays will not be considered.
[2025-03-24T22:11:12.695+0800] {logging_mixin.py:190} INFO - [2025-03-24T22:11:12.695+0800] {dag.py:3239} INFO - Sync 3 DAGs
[2025-03-24T22:11:12.701+0800] {logging_mixin.py:190} INFO - [2025-03-24T22:11:12.701+0800] {dag.py:4180} INFO - Setting next_dagrun for example_subdag_operator to 2022-01-01 00:00:00+00:00, run_after=2022-01-01 00:00:00+00:00
[2025-03-24T22:11:12.727+0800] {logging_mixin.py:190} INFO - [2025-03-24T22:11:12.727+0800] {dag.py:4180} INFO - Setting next_dagrun for example_subdag_operator.section-1 to None, run_after=None
[2025-03-24T22:11:12.727+0800] {logging_mixin.py:190} INFO - [2025-03-24T22:11:12.727+0800] {dag.py:4180} INFO - Setting next_dagrun for example_subdag_operator.section-2 to None, run_after=None
[2025-03-24T22:11:12.730+0800] {logging_mixin.py:190} INFO - [2025-03-24T22:11:12.730+0800] {dag.py:3239} INFO - Sync 2 DAGs
[2025-03-24T22:11:12.731+0800] {logging_mixin.py:190} INFO - [2025-03-24T22:11:12.731+0800] {dag.py:4180} INFO - Setting next_dagrun for example_subdag_operator.section-1 to None, run_after=None
[2025-03-24T22:11:12.731+0800] {logging_mixin.py:190} INFO - [2025-03-24T22:11:12.731+0800] {dag.py:4180} INFO - Setting next_dagrun for example_subdag_operator.section-2 to None, run_after=None
[2025-03-24T22:11:12.736+0800] {processor.py:208} INFO - Processing /Users/dionneleow/IS3107/IS3107-group11/backend/venv/lib/python3.12/site-packages/airflow/example_dags/example_subdag_operator.py took 0.088 seconds
[2025-03-24T22:12:19.647+0800] {processor.py:186} INFO - Started process (PID=71431) to work on /Users/dionneleow/IS3107/IS3107-group11/backend/venv/lib/python3.12/site-packages/airflow/example_dags/example_subdag_operator.py
[2025-03-24T22:12:19.647+0800] {processor.py:914} INFO - Processing file /Users/dionneleow/IS3107/IS3107-group11/backend/venv/lib/python3.12/site-packages/airflow/example_dags/example_subdag_operator.py for tasks to queue
[2025-03-24T22:12:19.648+0800] {logging_mixin.py:190} INFO - [2025-03-24T22:12:19.647+0800] {dagbag.py:588} INFO - Filling up the DagBag from /Users/dionneleow/IS3107/IS3107-group11/backend/venv/lib/python3.12/site-packages/airflow/example_dags/example_subdag_operator.py
[2025-03-24T22:12:19.681+0800] {processor.py:925} INFO - DAG(s) 'example_subdag_operator.section-1', 'example_subdag_operator.section-2', 'example_subdag_operator' retrieved from /Users/dionneleow/IS3107/IS3107-group11/backend/venv/lib/python3.12/site-packages/airflow/example_dags/example_subdag_operator.py
[2025-03-24T22:12:19.686+0800] {logging_mixin.py:190} INFO - [2025-03-24T22:12:19.686+0800] {workday.py:41} WARNING - Could not import pandas. Holidays will not be considered.
[2025-03-24T22:12:19.692+0800] {logging_mixin.py:190} INFO - [2025-03-24T22:12:19.691+0800] {dag.py:3239} INFO - Sync 3 DAGs
[2025-03-24T22:12:19.697+0800] {logging_mixin.py:190} INFO - [2025-03-24T22:12:19.697+0800] {dag.py:4180} INFO - Setting next_dagrun for example_subdag_operator to 2022-01-01 00:00:00+00:00, run_after=2022-01-01 00:00:00+00:00
[2025-03-24T22:12:19.721+0800] {logging_mixin.py:190} INFO - [2025-03-24T22:12:19.721+0800] {dag.py:4180} INFO - Setting next_dagrun for example_subdag_operator.section-1 to None, run_after=None
[2025-03-24T22:12:19.721+0800] {logging_mixin.py:190} INFO - [2025-03-24T22:12:19.721+0800] {dag.py:4180} INFO - Setting next_dagrun for example_subdag_operator.section-2 to None, run_after=None
[2025-03-24T22:12:19.723+0800] {logging_mixin.py:190} INFO - [2025-03-24T22:12:19.723+0800] {dag.py:3239} INFO - Sync 2 DAGs
[2025-03-24T22:12:19.725+0800] {logging_mixin.py:190} INFO - [2025-03-24T22:12:19.725+0800] {dag.py:4180} INFO - Setting next_dagrun for example_subdag_operator.section-1 to None, run_after=None
[2025-03-24T22:12:19.725+0800] {logging_mixin.py:190} INFO - [2025-03-24T22:12:19.725+0800] {dag.py:4180} INFO - Setting next_dagrun for example_subdag_operator.section-2 to None, run_after=None
[2025-03-24T22:12:19.729+0800] {processor.py:208} INFO - Processing /Users/dionneleow/IS3107/IS3107-group11/backend/venv/lib/python3.12/site-packages/airflow/example_dags/example_subdag_operator.py took 0.083 seconds
[2025-03-24T22:13:28.338+0800] {processor.py:186} INFO - Started process (PID=71822) to work on /Users/dionneleow/IS3107/IS3107-group11/backend/venv/lib/python3.12/site-packages/airflow/example_dags/example_subdag_operator.py
[2025-03-24T22:13:28.339+0800] {processor.py:914} INFO - Processing file /Users/dionneleow/IS3107/IS3107-group11/backend/venv/lib/python3.12/site-packages/airflow/example_dags/example_subdag_operator.py for tasks to queue
[2025-03-24T22:13:28.339+0800] {logging_mixin.py:190} INFO - [2025-03-24T22:13:28.339+0800] {dagbag.py:588} INFO - Filling up the DagBag from /Users/dionneleow/IS3107/IS3107-group11/backend/venv/lib/python3.12/site-packages/airflow/example_dags/example_subdag_operator.py
[2025-03-24T22:13:28.374+0800] {processor.py:925} INFO - DAG(s) 'example_subdag_operator.section-1', 'example_subdag_operator.section-2', 'example_subdag_operator' retrieved from /Users/dionneleow/IS3107/IS3107-group11/backend/venv/lib/python3.12/site-packages/airflow/example_dags/example_subdag_operator.py
[2025-03-24T22:13:28.379+0800] {logging_mixin.py:190} INFO - [2025-03-24T22:13:28.379+0800] {workday.py:41} WARNING - Could not import pandas. Holidays will not be considered.
[2025-03-24T22:13:28.384+0800] {logging_mixin.py:190} INFO - [2025-03-24T22:13:28.384+0800] {dag.py:3239} INFO - Sync 3 DAGs
[2025-03-24T22:13:28.391+0800] {logging_mixin.py:190} INFO - [2025-03-24T22:13:28.391+0800] {dag.py:4180} INFO - Setting next_dagrun for example_subdag_operator to 2022-01-01 00:00:00+00:00, run_after=2022-01-01 00:00:00+00:00
[2025-03-24T22:13:28.417+0800] {logging_mixin.py:190} INFO - [2025-03-24T22:13:28.417+0800] {dag.py:4180} INFO - Setting next_dagrun for example_subdag_operator.section-1 to None, run_after=None
[2025-03-24T22:13:28.418+0800] {logging_mixin.py:190} INFO - [2025-03-24T22:13:28.418+0800] {dag.py:4180} INFO - Setting next_dagrun for example_subdag_operator.section-2 to None, run_after=None
[2025-03-24T22:13:28.420+0800] {logging_mixin.py:190} INFO - [2025-03-24T22:13:28.420+0800] {dag.py:3239} INFO - Sync 2 DAGs
[2025-03-24T22:13:28.421+0800] {logging_mixin.py:190} INFO - [2025-03-24T22:13:28.421+0800] {dag.py:4180} INFO - Setting next_dagrun for example_subdag_operator.section-1 to None, run_after=None
[2025-03-24T22:13:28.421+0800] {logging_mixin.py:190} INFO - [2025-03-24T22:13:28.421+0800] {dag.py:4180} INFO - Setting next_dagrun for example_subdag_operator.section-2 to None, run_after=None
[2025-03-24T22:13:28.425+0800] {processor.py:208} INFO - Processing /Users/dionneleow/IS3107/IS3107-group11/backend/venv/lib/python3.12/site-packages/airflow/example_dags/example_subdag_operator.py took 0.088 seconds
[2025-03-24T22:14:39.258+0800] {processor.py:186} INFO - Started process (PID=72254) to work on /Users/dionneleow/IS3107/IS3107-group11/backend/venv/lib/python3.12/site-packages/airflow/example_dags/example_subdag_operator.py
[2025-03-24T22:14:39.259+0800] {processor.py:914} INFO - Processing file /Users/dionneleow/IS3107/IS3107-group11/backend/venv/lib/python3.12/site-packages/airflow/example_dags/example_subdag_operator.py for tasks to queue
[2025-03-24T22:14:39.259+0800] {logging_mixin.py:190} INFO - [2025-03-24T22:14:39.259+0800] {dagbag.py:588} INFO - Filling up the DagBag from /Users/dionneleow/IS3107/IS3107-group11/backend/venv/lib/python3.12/site-packages/airflow/example_dags/example_subdag_operator.py
[2025-03-24T22:14:39.292+0800] {processor.py:925} INFO - DAG(s) 'example_subdag_operator.section-1', 'example_subdag_operator.section-2', 'example_subdag_operator' retrieved from /Users/dionneleow/IS3107/IS3107-group11/backend/venv/lib/python3.12/site-packages/airflow/example_dags/example_subdag_operator.py
[2025-03-24T22:14:39.297+0800] {logging_mixin.py:190} INFO - [2025-03-24T22:14:39.297+0800] {workday.py:41} WARNING - Could not import pandas. Holidays will not be considered.
[2025-03-24T22:14:39.302+0800] {logging_mixin.py:190} INFO - [2025-03-24T22:14:39.302+0800] {dag.py:3239} INFO - Sync 3 DAGs
[2025-03-24T22:14:39.308+0800] {logging_mixin.py:190} INFO - [2025-03-24T22:14:39.308+0800] {dag.py:4180} INFO - Setting next_dagrun for example_subdag_operator to 2022-01-01 00:00:00+00:00, run_after=2022-01-01 00:00:00+00:00
[2025-03-24T22:14:39.333+0800] {logging_mixin.py:190} INFO - [2025-03-24T22:14:39.333+0800] {dag.py:4180} INFO - Setting next_dagrun for example_subdag_operator.section-1 to None, run_after=None
[2025-03-24T22:14:39.333+0800] {logging_mixin.py:190} INFO - [2025-03-24T22:14:39.333+0800] {dag.py:4180} INFO - Setting next_dagrun for example_subdag_operator.section-2 to None, run_after=None
[2025-03-24T22:14:39.335+0800] {logging_mixin.py:190} INFO - [2025-03-24T22:14:39.335+0800] {dag.py:3239} INFO - Sync 2 DAGs
[2025-03-24T22:14:39.336+0800] {logging_mixin.py:190} INFO - [2025-03-24T22:14:39.336+0800] {dag.py:4180} INFO - Setting next_dagrun for example_subdag_operator.section-1 to None, run_after=None
[2025-03-24T22:14:39.337+0800] {logging_mixin.py:190} INFO - [2025-03-24T22:14:39.337+0800] {dag.py:4180} INFO - Setting next_dagrun for example_subdag_operator.section-2 to None, run_after=None
[2025-03-24T22:14:39.341+0800] {processor.py:208} INFO - Processing /Users/dionneleow/IS3107/IS3107-group11/backend/venv/lib/python3.12/site-packages/airflow/example_dags/example_subdag_operator.py took 0.084 seconds
[2025-03-24T22:15:50.946+0800] {processor.py:186} INFO - Started process (PID=72687) to work on /Users/dionneleow/IS3107/IS3107-group11/backend/venv/lib/python3.12/site-packages/airflow/example_dags/example_subdag_operator.py
[2025-03-24T22:15:50.947+0800] {processor.py:914} INFO - Processing file /Users/dionneleow/IS3107/IS3107-group11/backend/venv/lib/python3.12/site-packages/airflow/example_dags/example_subdag_operator.py for tasks to queue
[2025-03-24T22:15:50.947+0800] {logging_mixin.py:190} INFO - [2025-03-24T22:15:50.947+0800] {dagbag.py:588} INFO - Filling up the DagBag from /Users/dionneleow/IS3107/IS3107-group11/backend/venv/lib/python3.12/site-packages/airflow/example_dags/example_subdag_operator.py
[2025-03-24T22:15:50.981+0800] {processor.py:925} INFO - DAG(s) 'example_subdag_operator.section-1', 'example_subdag_operator.section-2', 'example_subdag_operator' retrieved from /Users/dionneleow/IS3107/IS3107-group11/backend/venv/lib/python3.12/site-packages/airflow/example_dags/example_subdag_operator.py
[2025-03-24T22:15:50.986+0800] {logging_mixin.py:190} INFO - [2025-03-24T22:15:50.986+0800] {workday.py:41} WARNING - Could not import pandas. Holidays will not be considered.
[2025-03-24T22:15:50.992+0800] {logging_mixin.py:190} INFO - [2025-03-24T22:15:50.992+0800] {dag.py:3239} INFO - Sync 3 DAGs
[2025-03-24T22:15:50.998+0800] {logging_mixin.py:190} INFO - [2025-03-24T22:15:50.998+0800] {dag.py:4180} INFO - Setting next_dagrun for example_subdag_operator to 2022-01-01 00:00:00+00:00, run_after=2022-01-01 00:00:00+00:00
[2025-03-24T22:15:51.024+0800] {logging_mixin.py:190} INFO - [2025-03-24T22:15:51.024+0800] {dag.py:4180} INFO - Setting next_dagrun for example_subdag_operator.section-1 to None, run_after=None
[2025-03-24T22:15:51.024+0800] {logging_mixin.py:190} INFO - [2025-03-24T22:15:51.024+0800] {dag.py:4180} INFO - Setting next_dagrun for example_subdag_operator.section-2 to None, run_after=None
[2025-03-24T22:15:51.028+0800] {logging_mixin.py:190} INFO - [2025-03-24T22:15:51.028+0800] {dag.py:3239} INFO - Sync 2 DAGs
[2025-03-24T22:15:51.029+0800] {logging_mixin.py:190} INFO - [2025-03-24T22:15:51.029+0800] {dag.py:4180} INFO - Setting next_dagrun for example_subdag_operator.section-1 to None, run_after=None
[2025-03-24T22:15:51.029+0800] {logging_mixin.py:190} INFO - [2025-03-24T22:15:51.029+0800] {dag.py:4180} INFO - Setting next_dagrun for example_subdag_operator.section-2 to None, run_after=None
[2025-03-24T22:15:51.034+0800] {processor.py:208} INFO - Processing /Users/dionneleow/IS3107/IS3107-group11/backend/venv/lib/python3.12/site-packages/airflow/example_dags/example_subdag_operator.py took 0.089 seconds
[2025-03-24T22:17:01.228+0800] {processor.py:186} INFO - Started process (PID=73123) to work on /Users/dionneleow/IS3107/IS3107-group11/backend/venv/lib/python3.12/site-packages/airflow/example_dags/example_subdag_operator.py
[2025-03-24T22:17:01.229+0800] {processor.py:914} INFO - Processing file /Users/dionneleow/IS3107/IS3107-group11/backend/venv/lib/python3.12/site-packages/airflow/example_dags/example_subdag_operator.py for tasks to queue
[2025-03-24T22:17:01.229+0800] {logging_mixin.py:190} INFO - [2025-03-24T22:17:01.229+0800] {dagbag.py:588} INFO - Filling up the DagBag from /Users/dionneleow/IS3107/IS3107-group11/backend/venv/lib/python3.12/site-packages/airflow/example_dags/example_subdag_operator.py
[2025-03-24T22:17:01.263+0800] {processor.py:925} INFO - DAG(s) 'example_subdag_operator.section-1', 'example_subdag_operator.section-2', 'example_subdag_operator' retrieved from /Users/dionneleow/IS3107/IS3107-group11/backend/venv/lib/python3.12/site-packages/airflow/example_dags/example_subdag_operator.py
[2025-03-24T22:17:01.269+0800] {logging_mixin.py:190} INFO - [2025-03-24T22:17:01.269+0800] {workday.py:41} WARNING - Could not import pandas. Holidays will not be considered.
[2025-03-24T22:17:01.275+0800] {logging_mixin.py:190} INFO - [2025-03-24T22:17:01.275+0800] {dag.py:3239} INFO - Sync 3 DAGs
[2025-03-24T22:17:01.281+0800] {logging_mixin.py:190} INFO - [2025-03-24T22:17:01.281+0800] {dag.py:4180} INFO - Setting next_dagrun for example_subdag_operator to 2022-01-01 00:00:00+00:00, run_after=2022-01-01 00:00:00+00:00
[2025-03-24T22:17:01.306+0800] {logging_mixin.py:190} INFO - [2025-03-24T22:17:01.306+0800] {dag.py:4180} INFO - Setting next_dagrun for example_subdag_operator.section-1 to None, run_after=None
[2025-03-24T22:17:01.307+0800] {logging_mixin.py:190} INFO - [2025-03-24T22:17:01.307+0800] {dag.py:4180} INFO - Setting next_dagrun for example_subdag_operator.section-2 to None, run_after=None
[2025-03-24T22:17:01.309+0800] {logging_mixin.py:190} INFO - [2025-03-24T22:17:01.309+0800] {dag.py:3239} INFO - Sync 2 DAGs
[2025-03-24T22:17:01.310+0800] {logging_mixin.py:190} INFO - [2025-03-24T22:17:01.310+0800] {dag.py:4180} INFO - Setting next_dagrun for example_subdag_operator.section-1 to None, run_after=None
[2025-03-24T22:17:01.310+0800] {logging_mixin.py:190} INFO - [2025-03-24T22:17:01.310+0800] {dag.py:4180} INFO - Setting next_dagrun for example_subdag_operator.section-2 to None, run_after=None
[2025-03-24T22:17:01.314+0800] {processor.py:208} INFO - Processing /Users/dionneleow/IS3107/IS3107-group11/backend/venv/lib/python3.12/site-packages/airflow/example_dags/example_subdag_operator.py took 0.087 seconds
[2025-03-24T22:18:13.881+0800] {processor.py:186} INFO - Started process (PID=73495) to work on /Users/dionneleow/IS3107/IS3107-group11/backend/venv/lib/python3.12/site-packages/airflow/example_dags/example_subdag_operator.py
[2025-03-24T22:18:13.882+0800] {processor.py:914} INFO - Processing file /Users/dionneleow/IS3107/IS3107-group11/backend/venv/lib/python3.12/site-packages/airflow/example_dags/example_subdag_operator.py for tasks to queue
[2025-03-24T22:18:13.883+0800] {logging_mixin.py:190} INFO - [2025-03-24T22:18:13.882+0800] {dagbag.py:588} INFO - Filling up the DagBag from /Users/dionneleow/IS3107/IS3107-group11/backend/venv/lib/python3.12/site-packages/airflow/example_dags/example_subdag_operator.py
[2025-03-24T22:18:13.918+0800] {processor.py:925} INFO - DAG(s) 'example_subdag_operator.section-1', 'example_subdag_operator.section-2', 'example_subdag_operator' retrieved from /Users/dionneleow/IS3107/IS3107-group11/backend/venv/lib/python3.12/site-packages/airflow/example_dags/example_subdag_operator.py
[2025-03-24T22:18:13.924+0800] {logging_mixin.py:190} INFO - [2025-03-24T22:18:13.924+0800] {workday.py:41} WARNING - Could not import pandas. Holidays will not be considered.
[2025-03-24T22:18:13.930+0800] {logging_mixin.py:190} INFO - [2025-03-24T22:18:13.930+0800] {dag.py:3239} INFO - Sync 3 DAGs
[2025-03-24T22:18:13.937+0800] {logging_mixin.py:190} INFO - [2025-03-24T22:18:13.937+0800] {dag.py:4180} INFO - Setting next_dagrun for example_subdag_operator to 2022-01-01 00:00:00+00:00, run_after=2022-01-01 00:00:00+00:00
[2025-03-24T22:18:13.964+0800] {logging_mixin.py:190} INFO - [2025-03-24T22:18:13.964+0800] {dag.py:4180} INFO - Setting next_dagrun for example_subdag_operator.section-1 to None, run_after=None
[2025-03-24T22:18:13.964+0800] {logging_mixin.py:190} INFO - [2025-03-24T22:18:13.964+0800] {dag.py:4180} INFO - Setting next_dagrun for example_subdag_operator.section-2 to None, run_after=None
[2025-03-24T22:18:13.967+0800] {logging_mixin.py:190} INFO - [2025-03-24T22:18:13.967+0800] {dag.py:3239} INFO - Sync 2 DAGs
[2025-03-24T22:18:13.968+0800] {logging_mixin.py:190} INFO - [2025-03-24T22:18:13.968+0800] {dag.py:4180} INFO - Setting next_dagrun for example_subdag_operator.section-1 to None, run_after=None
[2025-03-24T22:18:13.968+0800] {logging_mixin.py:190} INFO - [2025-03-24T22:18:13.968+0800] {dag.py:4180} INFO - Setting next_dagrun for example_subdag_operator.section-2 to None, run_after=None
[2025-03-24T22:18:13.973+0800] {processor.py:208} INFO - Processing /Users/dionneleow/IS3107/IS3107-group11/backend/venv/lib/python3.12/site-packages/airflow/example_dags/example_subdag_operator.py took 0.093 seconds
[2025-03-24T22:19:27.188+0800] {processor.py:186} INFO - Started process (PID=73915) to work on /Users/dionneleow/IS3107/IS3107-group11/backend/venv/lib/python3.12/site-packages/airflow/example_dags/example_subdag_operator.py
[2025-03-24T22:19:27.188+0800] {processor.py:914} INFO - Processing file /Users/dionneleow/IS3107/IS3107-group11/backend/venv/lib/python3.12/site-packages/airflow/example_dags/example_subdag_operator.py for tasks to queue
[2025-03-24T22:19:27.189+0800] {logging_mixin.py:190} INFO - [2025-03-24T22:19:27.189+0800] {dagbag.py:588} INFO - Filling up the DagBag from /Users/dionneleow/IS3107/IS3107-group11/backend/venv/lib/python3.12/site-packages/airflow/example_dags/example_subdag_operator.py
[2025-03-24T22:19:27.224+0800] {processor.py:925} INFO - DAG(s) 'example_subdag_operator.section-1', 'example_subdag_operator.section-2', 'example_subdag_operator' retrieved from /Users/dionneleow/IS3107/IS3107-group11/backend/venv/lib/python3.12/site-packages/airflow/example_dags/example_subdag_operator.py
[2025-03-24T22:19:27.229+0800] {logging_mixin.py:190} INFO - [2025-03-24T22:19:27.229+0800] {workday.py:41} WARNING - Could not import pandas. Holidays will not be considered.
[2025-03-24T22:19:27.235+0800] {logging_mixin.py:190} INFO - [2025-03-24T22:19:27.235+0800] {dag.py:3239} INFO - Sync 3 DAGs
[2025-03-24T22:19:27.242+0800] {logging_mixin.py:190} INFO - [2025-03-24T22:19:27.241+0800] {dag.py:4180} INFO - Setting next_dagrun for example_subdag_operator to 2022-01-01 00:00:00+00:00, run_after=2022-01-01 00:00:00+00:00
[2025-03-24T22:19:27.269+0800] {logging_mixin.py:190} INFO - [2025-03-24T22:19:27.269+0800] {dag.py:4180} INFO - Setting next_dagrun for example_subdag_operator.section-1 to None, run_after=None
[2025-03-24T22:19:27.270+0800] {logging_mixin.py:190} INFO - [2025-03-24T22:19:27.269+0800] {dag.py:4180} INFO - Setting next_dagrun for example_subdag_operator.section-2 to None, run_after=None
[2025-03-24T22:19:27.272+0800] {logging_mixin.py:190} INFO - [2025-03-24T22:19:27.272+0800] {dag.py:3239} INFO - Sync 2 DAGs
[2025-03-24T22:19:27.273+0800] {logging_mixin.py:190} INFO - [2025-03-24T22:19:27.273+0800] {dag.py:4180} INFO - Setting next_dagrun for example_subdag_operator.section-1 to None, run_after=None
[2025-03-24T22:19:27.273+0800] {logging_mixin.py:190} INFO - [2025-03-24T22:19:27.273+0800] {dag.py:4180} INFO - Setting next_dagrun for example_subdag_operator.section-2 to None, run_after=None
[2025-03-24T22:19:27.277+0800] {processor.py:208} INFO - Processing /Users/dionneleow/IS3107/IS3107-group11/backend/venv/lib/python3.12/site-packages/airflow/example_dags/example_subdag_operator.py took 0.091 seconds
[2025-03-24T22:20:38.223+0800] {processor.py:186} INFO - Started process (PID=74318) to work on /Users/dionneleow/IS3107/IS3107-group11/backend/venv/lib/python3.12/site-packages/airflow/example_dags/example_subdag_operator.py
[2025-03-24T22:20:38.223+0800] {processor.py:914} INFO - Processing file /Users/dionneleow/IS3107/IS3107-group11/backend/venv/lib/python3.12/site-packages/airflow/example_dags/example_subdag_operator.py for tasks to queue
[2025-03-24T22:20:38.224+0800] {logging_mixin.py:190} INFO - [2025-03-24T22:20:38.224+0800] {dagbag.py:588} INFO - Filling up the DagBag from /Users/dionneleow/IS3107/IS3107-group11/backend/venv/lib/python3.12/site-packages/airflow/example_dags/example_subdag_operator.py
[2025-03-24T22:20:38.256+0800] {processor.py:925} INFO - DAG(s) 'example_subdag_operator.section-1', 'example_subdag_operator.section-2', 'example_subdag_operator' retrieved from /Users/dionneleow/IS3107/IS3107-group11/backend/venv/lib/python3.12/site-packages/airflow/example_dags/example_subdag_operator.py
[2025-03-24T22:20:38.261+0800] {logging_mixin.py:190} INFO - [2025-03-24T22:20:38.261+0800] {workday.py:41} WARNING - Could not import pandas. Holidays will not be considered.
[2025-03-24T22:20:38.267+0800] {logging_mixin.py:190} INFO - [2025-03-24T22:20:38.267+0800] {dag.py:3239} INFO - Sync 3 DAGs
[2025-03-24T22:20:38.273+0800] {logging_mixin.py:190} INFO - [2025-03-24T22:20:38.273+0800] {dag.py:4180} INFO - Setting next_dagrun for example_subdag_operator to 2022-01-01 00:00:00+00:00, run_after=2022-01-01 00:00:00+00:00
[2025-03-24T22:20:38.301+0800] {logging_mixin.py:190} INFO - [2025-03-24T22:20:38.300+0800] {dag.py:4180} INFO - Setting next_dagrun for example_subdag_operator.section-1 to None, run_after=None
[2025-03-24T22:20:38.301+0800] {logging_mixin.py:190} INFO - [2025-03-24T22:20:38.301+0800] {dag.py:4180} INFO - Setting next_dagrun for example_subdag_operator.section-2 to None, run_after=None
[2025-03-24T22:20:38.303+0800] {logging_mixin.py:190} INFO - [2025-03-24T22:20:38.303+0800] {dag.py:3239} INFO - Sync 2 DAGs
[2025-03-24T22:20:38.304+0800] {logging_mixin.py:190} INFO - [2025-03-24T22:20:38.304+0800] {dag.py:4180} INFO - Setting next_dagrun for example_subdag_operator.section-1 to None, run_after=None
[2025-03-24T22:20:38.304+0800] {logging_mixin.py:190} INFO - [2025-03-24T22:20:38.304+0800] {dag.py:4180} INFO - Setting next_dagrun for example_subdag_operator.section-2 to None, run_after=None
[2025-03-24T22:20:38.309+0800] {processor.py:208} INFO - Processing /Users/dionneleow/IS3107/IS3107-group11/backend/venv/lib/python3.12/site-packages/airflow/example_dags/example_subdag_operator.py took 0.087 seconds
