[2025-03-24T21:49:42.736+0800] {processor.py:186} INFO - Started process (PID=63422) to work on /Users/dionneleow/IS3107/IS3107-group11/backend/venv/lib/python3.12/site-packages/airflow/example_dags/example_dataset_alias.py
[2025-03-24T21:49:42.737+0800] {processor.py:914} INFO - Processing file /Users/dionneleow/IS3107/IS3107-group11/backend/venv/lib/python3.12/site-packages/airflow/example_dags/example_dataset_alias.py for tasks to queue
[2025-03-24T21:49:42.737+0800] {logging_mixin.py:190} INFO - [2025-03-24T21:49:42.737+0800] {dagbag.py:588} INFO - Filling up the DagBag from /Users/dionneleow/IS3107/IS3107-group11/backend/venv/lib/python3.12/site-packages/airflow/example_dags/example_dataset_alias.py
[2025-03-24T21:49:42.797+0800] {processor.py:925} INFO - DAG(s) 'dataset_alias_example_alias_consumer', 'dataset_s3_bucket_producer', 'dataset_alias_example_alias_producer', 'dataset_s3_bucket_consumer' retrieved from /Users/dionneleow/IS3107/IS3107-group11/backend/venv/lib/python3.12/site-packages/airflow/example_dags/example_dataset_alias.py
[2025-03-24T21:49:42.867+0800] {logging_mixin.py:190} INFO - [2025-03-24T21:49:42.867+0800] {override.py:1912} INFO - Created Permission View: can read on DAG:dataset_alias_example_alias_consumer
[2025-03-24T21:49:42.870+0800] {logging_mixin.py:190} INFO - [2025-03-24T21:49:42.870+0800] {override.py:1912} INFO - Created Permission View: can delete on DAG:dataset_alias_example_alias_consumer
[2025-03-24T21:49:42.872+0800] {logging_mixin.py:190} INFO - [2025-03-24T21:49:42.872+0800] {override.py:1912} INFO - Created Permission View: can edit on DAG:dataset_alias_example_alias_consumer
[2025-03-24T21:49:42.875+0800] {logging_mixin.py:190} INFO - [2025-03-24T21:49:42.875+0800] {override.py:1912} INFO - Created Permission View: menu access on DAG Run:dataset_alias_example_alias_consumer
[2025-03-24T21:49:42.877+0800] {logging_mixin.py:190} INFO - [2025-03-24T21:49:42.877+0800] {override.py:1912} INFO - Created Permission View: can read on DAG Run:dataset_alias_example_alias_consumer
[2025-03-24T21:49:42.878+0800] {logging_mixin.py:190} INFO - [2025-03-24T21:49:42.878+0800] {override.py:1912} INFO - Created Permission View: can delete on DAG Run:dataset_alias_example_alias_consumer
[2025-03-24T21:49:42.880+0800] {logging_mixin.py:190} INFO - [2025-03-24T21:49:42.880+0800] {override.py:1912} INFO - Created Permission View: can create on DAG Run:dataset_alias_example_alias_consumer
[2025-03-24T21:49:42.884+0800] {logging_mixin.py:190} INFO - [2025-03-24T21:49:42.884+0800] {override.py:1912} INFO - Created Permission View: can read on DAG:dataset_s3_bucket_producer
[2025-03-24T21:49:42.887+0800] {logging_mixin.py:190} INFO - [2025-03-24T21:49:42.886+0800] {override.py:1912} INFO - Created Permission View: can delete on DAG:dataset_s3_bucket_producer
[2025-03-24T21:49:42.888+0800] {logging_mixin.py:190} INFO - [2025-03-24T21:49:42.888+0800] {override.py:1912} INFO - Created Permission View: can edit on DAG:dataset_s3_bucket_producer
[2025-03-24T21:49:42.891+0800] {logging_mixin.py:190} INFO - [2025-03-24T21:49:42.891+0800] {override.py:1912} INFO - Created Permission View: menu access on DAG Run:dataset_s3_bucket_producer
[2025-03-24T21:49:42.892+0800] {logging_mixin.py:190} INFO - [2025-03-24T21:49:42.892+0800] {override.py:1912} INFO - Created Permission View: can read on DAG Run:dataset_s3_bucket_producer
[2025-03-24T21:49:42.894+0800] {logging_mixin.py:190} INFO - [2025-03-24T21:49:42.894+0800] {override.py:1912} INFO - Created Permission View: can delete on DAG Run:dataset_s3_bucket_producer
[2025-03-24T21:49:42.896+0800] {logging_mixin.py:190} INFO - [2025-03-24T21:49:42.896+0800] {override.py:1912} INFO - Created Permission View: can create on DAG Run:dataset_s3_bucket_producer
[2025-03-24T21:49:42.900+0800] {logging_mixin.py:190} INFO - [2025-03-24T21:49:42.900+0800] {override.py:1912} INFO - Created Permission View: can read on DAG:dataset_alias_example_alias_producer
[2025-03-24T21:49:42.902+0800] {logging_mixin.py:190} INFO - [2025-03-24T21:49:42.902+0800] {override.py:1912} INFO - Created Permission View: can delete on DAG:dataset_alias_example_alias_producer
[2025-03-24T21:49:42.904+0800] {logging_mixin.py:190} INFO - [2025-03-24T21:49:42.904+0800] {override.py:1912} INFO - Created Permission View: can edit on DAG:dataset_alias_example_alias_producer
[2025-03-24T21:49:42.906+0800] {logging_mixin.py:190} INFO - [2025-03-24T21:49:42.906+0800] {override.py:1912} INFO - Created Permission View: menu access on DAG Run:dataset_alias_example_alias_producer
[2025-03-24T21:49:42.908+0800] {logging_mixin.py:190} INFO - [2025-03-24T21:49:42.908+0800] {override.py:1912} INFO - Created Permission View: can read on DAG Run:dataset_alias_example_alias_producer
[2025-03-24T21:49:42.910+0800] {logging_mixin.py:190} INFO - [2025-03-24T21:49:42.910+0800] {override.py:1912} INFO - Created Permission View: can delete on DAG Run:dataset_alias_example_alias_producer
[2025-03-24T21:49:42.912+0800] {logging_mixin.py:190} INFO - [2025-03-24T21:49:42.912+0800] {override.py:1912} INFO - Created Permission View: can create on DAG Run:dataset_alias_example_alias_producer
[2025-03-24T21:49:42.915+0800] {logging_mixin.py:190} INFO - [2025-03-24T21:49:42.915+0800] {override.py:1912} INFO - Created Permission View: can read on DAG:dataset_s3_bucket_consumer
[2025-03-24T21:49:42.917+0800] {logging_mixin.py:190} INFO - [2025-03-24T21:49:42.917+0800] {override.py:1912} INFO - Created Permission View: can delete on DAG:dataset_s3_bucket_consumer
[2025-03-24T21:49:42.919+0800] {logging_mixin.py:190} INFO - [2025-03-24T21:49:42.919+0800] {override.py:1912} INFO - Created Permission View: can edit on DAG:dataset_s3_bucket_consumer
[2025-03-24T21:49:42.921+0800] {logging_mixin.py:190} INFO - [2025-03-24T21:49:42.921+0800] {override.py:1912} INFO - Created Permission View: menu access on DAG Run:dataset_s3_bucket_consumer
[2025-03-24T21:49:42.923+0800] {logging_mixin.py:190} INFO - [2025-03-24T21:49:42.923+0800] {override.py:1912} INFO - Created Permission View: can read on DAG Run:dataset_s3_bucket_consumer
[2025-03-24T21:49:42.925+0800] {logging_mixin.py:190} INFO - [2025-03-24T21:49:42.925+0800] {override.py:1912} INFO - Created Permission View: can delete on DAG Run:dataset_s3_bucket_consumer
[2025-03-24T21:49:42.926+0800] {logging_mixin.py:190} INFO - [2025-03-24T21:49:42.926+0800] {override.py:1912} INFO - Created Permission View: can create on DAG Run:dataset_s3_bucket_consumer
[2025-03-24T21:49:42.927+0800] {logging_mixin.py:190} INFO - [2025-03-24T21:49:42.926+0800] {dag.py:3239} INFO - Sync 4 DAGs
[2025-03-24T21:49:42.931+0800] {logging_mixin.py:190} INFO - [2025-03-24T21:49:42.931+0800] {dag.py:3262} INFO - Creating ORM DAG for dataset_s3_bucket_consumer
[2025-03-24T21:49:42.931+0800] {logging_mixin.py:190} INFO - [2025-03-24T21:49:42.931+0800] {dag.py:3262} INFO - Creating ORM DAG for dataset_alias_example_alias_producer
[2025-03-24T21:49:42.931+0800] {logging_mixin.py:190} INFO - [2025-03-24T21:49:42.931+0800] {dag.py:3262} INFO - Creating ORM DAG for dataset_s3_bucket_producer
[2025-03-24T21:49:42.931+0800] {logging_mixin.py:190} INFO - [2025-03-24T21:49:42.931+0800] {dag.py:3262} INFO - Creating ORM DAG for dataset_alias_example_alias_consumer
[2025-03-24T21:49:42.934+0800] {logging_mixin.py:190} INFO - [2025-03-24T21:49:42.934+0800] {dag.py:4180} INFO - Setting next_dagrun for dataset_alias_example_alias_consumer to None, run_after=None
[2025-03-24T21:49:42.934+0800] {logging_mixin.py:190} INFO - [2025-03-24T21:49:42.934+0800] {dag.py:4180} INFO - Setting next_dagrun for dataset_alias_example_alias_producer to None, run_after=None
[2025-03-24T21:49:42.934+0800] {logging_mixin.py:190} INFO - [2025-03-24T21:49:42.934+0800] {dag.py:4180} INFO - Setting next_dagrun for dataset_s3_bucket_consumer to None, run_after=None
[2025-03-24T21:49:42.934+0800] {logging_mixin.py:190} INFO - [2025-03-24T21:49:42.934+0800] {dag.py:4180} INFO - Setting next_dagrun for dataset_s3_bucket_producer to None, run_after=None
[2025-03-24T21:49:42.941+0800] {logging_mixin.py:190} INFO - [2025-03-24T21:49:42.941+0800] {workday.py:41} WARNING - Could not import pandas. Holidays will not be considered.
[2025-03-24T21:49:42.949+0800] {processor.py:208} INFO - Processing /Users/dionneleow/IS3107/IS3107-group11/backend/venv/lib/python3.12/site-packages/airflow/example_dags/example_dataset_alias.py took 0.215 seconds
[2025-03-24T21:52:11.603+0800] {processor.py:186} INFO - Started process (PID=64429) to work on /Users/dionneleow/IS3107/IS3107-group11/backend/venv/lib/python3.12/site-packages/airflow/example_dags/example_dataset_alias.py
[2025-03-24T21:52:11.604+0800] {processor.py:914} INFO - Processing file /Users/dionneleow/IS3107/IS3107-group11/backend/venv/lib/python3.12/site-packages/airflow/example_dags/example_dataset_alias.py for tasks to queue
[2025-03-24T21:52:11.604+0800] {logging_mixin.py:190} INFO - [2025-03-24T21:52:11.604+0800] {dagbag.py:588} INFO - Filling up the DagBag from /Users/dionneleow/IS3107/IS3107-group11/backend/venv/lib/python3.12/site-packages/airflow/example_dags/example_dataset_alias.py
[2025-03-24T21:52:11.682+0800] {processor.py:925} INFO - DAG(s) 'dataset_alias_example_alias_consumer', 'dataset_s3_bucket_consumer', 'dataset_s3_bucket_producer', 'dataset_alias_example_alias_producer' retrieved from /Users/dionneleow/IS3107/IS3107-group11/backend/venv/lib/python3.12/site-packages/airflow/example_dags/example_dataset_alias.py
[2025-03-24T21:52:11.691+0800] {logging_mixin.py:190} INFO - [2025-03-24T21:52:11.691+0800] {dag.py:3239} INFO - Sync 4 DAGs
[2025-03-24T21:52:11.698+0800] {logging_mixin.py:190} INFO - [2025-03-24T21:52:11.698+0800] {dag.py:4180} INFO - Setting next_dagrun for dataset_alias_example_alias_consumer to None, run_after=None
[2025-03-24T21:52:11.699+0800] {logging_mixin.py:190} INFO - [2025-03-24T21:52:11.699+0800] {dag.py:4180} INFO - Setting next_dagrun for dataset_alias_example_alias_producer to None, run_after=None
[2025-03-24T21:52:11.700+0800] {logging_mixin.py:190} INFO - [2025-03-24T21:52:11.700+0800] {dag.py:4180} INFO - Setting next_dagrun for dataset_s3_bucket_consumer to None, run_after=None
[2025-03-24T21:52:11.700+0800] {logging_mixin.py:190} INFO - [2025-03-24T21:52:11.700+0800] {dag.py:4180} INFO - Setting next_dagrun for dataset_s3_bucket_producer to None, run_after=None
[2025-03-24T21:52:11.707+0800] {processor.py:208} INFO - Processing /Users/dionneleow/IS3107/IS3107-group11/backend/venv/lib/python3.12/site-packages/airflow/example_dags/example_dataset_alias.py took 0.106 seconds
[2025-03-24T21:54:26.112+0800] {processor.py:186} INFO - Started process (PID=65248) to work on /Users/dionneleow/IS3107/IS3107-group11/backend/venv/lib/python3.12/site-packages/airflow/example_dags/example_dataset_alias.py
[2025-03-24T21:54:26.113+0800] {processor.py:914} INFO - Processing file /Users/dionneleow/IS3107/IS3107-group11/backend/venv/lib/python3.12/site-packages/airflow/example_dags/example_dataset_alias.py for tasks to queue
[2025-03-24T21:54:26.114+0800] {logging_mixin.py:190} INFO - [2025-03-24T21:54:26.113+0800] {dagbag.py:588} INFO - Filling up the DagBag from /Users/dionneleow/IS3107/IS3107-group11/backend/venv/lib/python3.12/site-packages/airflow/example_dags/example_dataset_alias.py
[2025-03-24T21:54:26.191+0800] {processor.py:925} INFO - DAG(s) 'dataset_s3_bucket_producer', 'dataset_s3_bucket_consumer', 'dataset_alias_example_alias_consumer', 'dataset_alias_example_alias_producer' retrieved from /Users/dionneleow/IS3107/IS3107-group11/backend/venv/lib/python3.12/site-packages/airflow/example_dags/example_dataset_alias.py
[2025-03-24T21:54:26.200+0800] {logging_mixin.py:190} INFO - [2025-03-24T21:54:26.200+0800] {dag.py:3239} INFO - Sync 4 DAGs
[2025-03-24T21:54:26.206+0800] {logging_mixin.py:190} INFO - [2025-03-24T21:54:26.206+0800] {dag.py:4180} INFO - Setting next_dagrun for dataset_alias_example_alias_consumer to None, run_after=None
[2025-03-24T21:54:26.206+0800] {logging_mixin.py:190} INFO - [2025-03-24T21:54:26.206+0800] {dag.py:4180} INFO - Setting next_dagrun for dataset_alias_example_alias_producer to None, run_after=None
[2025-03-24T21:54:26.207+0800] {logging_mixin.py:190} INFO - [2025-03-24T21:54:26.207+0800] {dag.py:4180} INFO - Setting next_dagrun for dataset_s3_bucket_consumer to None, run_after=None
[2025-03-24T21:54:26.207+0800] {logging_mixin.py:190} INFO - [2025-03-24T21:54:26.207+0800] {dag.py:4180} INFO - Setting next_dagrun for dataset_s3_bucket_producer to None, run_after=None
[2025-03-24T21:54:26.215+0800] {processor.py:208} INFO - Processing /Users/dionneleow/IS3107/IS3107-group11/backend/venv/lib/python3.12/site-packages/airflow/example_dags/example_dataset_alias.py took 0.103 seconds
[2025-03-24T21:56:47.018+0800] {processor.py:186} INFO - Started process (PID=66126) to work on /Users/dionneleow/IS3107/IS3107-group11/backend/venv/lib/python3.12/site-packages/airflow/example_dags/example_dataset_alias.py
[2025-03-24T21:56:47.019+0800] {processor.py:914} INFO - Processing file /Users/dionneleow/IS3107/IS3107-group11/backend/venv/lib/python3.12/site-packages/airflow/example_dags/example_dataset_alias.py for tasks to queue
[2025-03-24T21:56:47.019+0800] {logging_mixin.py:190} INFO - [2025-03-24T21:56:47.019+0800] {dagbag.py:588} INFO - Filling up the DagBag from /Users/dionneleow/IS3107/IS3107-group11/backend/venv/lib/python3.12/site-packages/airflow/example_dags/example_dataset_alias.py
[2025-03-24T21:56:47.094+0800] {processor.py:925} INFO - DAG(s) 'dataset_s3_bucket_producer', 'dataset_s3_bucket_consumer', 'dataset_alias_example_alias_producer', 'dataset_alias_example_alias_consumer' retrieved from /Users/dionneleow/IS3107/IS3107-group11/backend/venv/lib/python3.12/site-packages/airflow/example_dags/example_dataset_alias.py
[2025-03-24T21:56:47.102+0800] {logging_mixin.py:190} INFO - [2025-03-24T21:56:47.102+0800] {dag.py:3239} INFO - Sync 4 DAGs
[2025-03-24T21:56:47.108+0800] {logging_mixin.py:190} INFO - [2025-03-24T21:56:47.108+0800] {dag.py:4180} INFO - Setting next_dagrun for dataset_alias_example_alias_consumer to None, run_after=None
[2025-03-24T21:56:47.110+0800] {logging_mixin.py:190} INFO - [2025-03-24T21:56:47.110+0800] {dag.py:4180} INFO - Setting next_dagrun for dataset_alias_example_alias_producer to None, run_after=None
[2025-03-24T21:56:47.110+0800] {logging_mixin.py:190} INFO - [2025-03-24T21:56:47.110+0800] {dag.py:4180} INFO - Setting next_dagrun for dataset_s3_bucket_consumer to None, run_after=None
[2025-03-24T21:56:47.110+0800] {logging_mixin.py:190} INFO - [2025-03-24T21:56:47.110+0800] {dag.py:4180} INFO - Setting next_dagrun for dataset_s3_bucket_producer to None, run_after=None
[2025-03-24T21:56:47.118+0800] {processor.py:208} INFO - Processing /Users/dionneleow/IS3107/IS3107-group11/backend/venv/lib/python3.12/site-packages/airflow/example_dags/example_dataset_alias.py took 0.101 seconds
