[2025-03-24T21:47:16.190+0800] {processor.py:186} INFO - Started process (PID=62311) to work on /Users/dionneleow/IS3107/IS3107-group11/backend/venv/lib/python3.12/site-packages/airflow/example_dags/tutorial_taskflow_api.py
[2025-03-24T21:47:16.191+0800] {processor.py:914} INFO - Processing file /Users/dionneleow/IS3107/IS3107-group11/backend/venv/lib/python3.12/site-packages/airflow/example_dags/tutorial_taskflow_api.py for tasks to queue
[2025-03-24T21:47:16.192+0800] {logging_mixin.py:190} INFO - [2025-03-24T21:47:16.192+0800] {dagbag.py:588} INFO - Filling up the DagBag from /Users/dionneleow/IS3107/IS3107-group11/backend/venv/lib/python3.12/site-packages/airflow/example_dags/tutorial_taskflow_api.py
[2025-03-24T21:47:16.207+0800] {processor.py:925} INFO - DAG(s) 'tutorial_taskflow_api' retrieved from /Users/dionneleow/IS3107/IS3107-group11/backend/venv/lib/python3.12/site-packages/airflow/example_dags/tutorial_taskflow_api.py
[2025-03-24T21:47:16.306+0800] {logging_mixin.py:190} INFO - [2025-03-24T21:47:16.306+0800] {override.py:1912} INFO - Created Permission View: can edit on DAG:tutorial_taskflow_api
[2025-03-24T21:47:16.310+0800] {logging_mixin.py:190} INFO - [2025-03-24T21:47:16.310+0800] {override.py:1912} INFO - Created Permission View: can read on DAG:tutorial_taskflow_api
[2025-03-24T21:47:16.312+0800] {logging_mixin.py:190} INFO - [2025-03-24T21:47:16.312+0800] {override.py:1912} INFO - Created Permission View: can delete on DAG:tutorial_taskflow_api
[2025-03-24T21:47:16.315+0800] {logging_mixin.py:190} INFO - [2025-03-24T21:47:16.315+0800] {override.py:1912} INFO - Created Permission View: menu access on DAG Run:tutorial_taskflow_api
[2025-03-24T21:47:16.317+0800] {logging_mixin.py:190} INFO - [2025-03-24T21:47:16.317+0800] {override.py:1912} INFO - Created Permission View: can create on DAG Run:tutorial_taskflow_api
[2025-03-24T21:47:16.319+0800] {logging_mixin.py:190} INFO - [2025-03-24T21:47:16.319+0800] {override.py:1912} INFO - Created Permission View: can read on DAG Run:tutorial_taskflow_api
[2025-03-24T21:47:16.321+0800] {logging_mixin.py:190} INFO - [2025-03-24T21:47:16.321+0800] {override.py:1912} INFO - Created Permission View: can delete on DAG Run:tutorial_taskflow_api
[2025-03-24T21:47:16.321+0800] {logging_mixin.py:190} INFO - [2025-03-24T21:47:16.321+0800] {dag.py:3239} INFO - Sync 1 DAGs
[2025-03-24T21:47:16.325+0800] {logging_mixin.py:190} INFO - [2025-03-24T21:47:16.325+0800] {dag.py:3262} INFO - Creating ORM DAG for tutorial_taskflow_api
[2025-03-24T21:47:16.325+0800] {logging_mixin.py:190} INFO - [2025-03-24T21:47:16.325+0800] {dag.py:4180} INFO - Setting next_dagrun for tutorial_taskflow_api to None, run_after=None
[2025-03-24T21:47:16.334+0800] {processor.py:208} INFO - Processing /Users/dionneleow/IS3107/IS3107-group11/backend/venv/lib/python3.12/site-packages/airflow/example_dags/tutorial_taskflow_api.py took 0.146 seconds
[2025-03-24T21:48:26.066+0800] {processor.py:186} INFO - Started process (PID=62840) to work on /Users/dionneleow/IS3107/IS3107-group11/backend/venv/lib/python3.12/site-packages/airflow/example_dags/tutorial_taskflow_api.py
[2025-03-24T21:48:26.067+0800] {processor.py:914} INFO - Processing file /Users/dionneleow/IS3107/IS3107-group11/backend/venv/lib/python3.12/site-packages/airflow/example_dags/tutorial_taskflow_api.py for tasks to queue
[2025-03-24T21:48:26.068+0800] {logging_mixin.py:190} INFO - [2025-03-24T21:48:26.067+0800] {dagbag.py:588} INFO - Filling up the DagBag from /Users/dionneleow/IS3107/IS3107-group11/backend/venv/lib/python3.12/site-packages/airflow/example_dags/tutorial_taskflow_api.py
[2025-03-24T21:48:26.089+0800] {processor.py:925} INFO - DAG(s) 'tutorial_taskflow_api' retrieved from /Users/dionneleow/IS3107/IS3107-group11/backend/venv/lib/python3.12/site-packages/airflow/example_dags/tutorial_taskflow_api.py
[2025-03-24T21:48:26.184+0800] {logging_mixin.py:190} INFO - [2025-03-24T21:48:26.184+0800] {dag.py:3239} INFO - Sync 1 DAGs
[2025-03-24T21:48:26.198+0800] {logging_mixin.py:190} INFO - [2025-03-24T21:48:26.198+0800] {dag.py:4180} INFO - Setting next_dagrun for tutorial_taskflow_api to None, run_after=None
[2025-03-24T21:48:26.209+0800] {processor.py:208} INFO - Processing /Users/dionneleow/IS3107/IS3107-group11/backend/venv/lib/python3.12/site-packages/airflow/example_dags/tutorial_taskflow_api.py took 0.146 seconds
[2025-03-24T21:50:16.168+0800] {processor.py:186} INFO - Started process (PID=63660) to work on /Users/dionneleow/IS3107/IS3107-group11/backend/venv/lib/python3.12/site-packages/airflow/example_dags/tutorial_taskflow_api.py
[2025-03-24T21:50:16.169+0800] {processor.py:914} INFO - Processing file /Users/dionneleow/IS3107/IS3107-group11/backend/venv/lib/python3.12/site-packages/airflow/example_dags/tutorial_taskflow_api.py for tasks to queue
[2025-03-24T21:50:16.170+0800] {logging_mixin.py:190} INFO - [2025-03-24T21:50:16.170+0800] {dagbag.py:588} INFO - Filling up the DagBag from /Users/dionneleow/IS3107/IS3107-group11/backend/venv/lib/python3.12/site-packages/airflow/example_dags/tutorial_taskflow_api.py
[2025-03-24T21:50:16.185+0800] {processor.py:925} INFO - DAG(s) 'tutorial_taskflow_api' retrieved from /Users/dionneleow/IS3107/IS3107-group11/backend/venv/lib/python3.12/site-packages/airflow/example_dags/tutorial_taskflow_api.py
[2025-03-24T21:50:16.243+0800] {logging_mixin.py:190} INFO - [2025-03-24T21:50:16.243+0800] {dag.py:3239} INFO - Sync 1 DAGs
[2025-03-24T21:50:16.247+0800] {logging_mixin.py:190} INFO - [2025-03-24T21:50:16.247+0800] {dag.py:4180} INFO - Setting next_dagrun for tutorial_taskflow_api to None, run_after=None
[2025-03-24T21:50:16.253+0800] {processor.py:208} INFO - Processing /Users/dionneleow/IS3107/IS3107-group11/backend/venv/lib/python3.12/site-packages/airflow/example_dags/tutorial_taskflow_api.py took 0.086 seconds
[2025-03-24T21:51:33.677+0800] {processor.py:186} INFO - Started process (PID=64207) to work on /Users/dionneleow/IS3107/IS3107-group11/backend/venv/lib/python3.12/site-packages/airflow/example_dags/tutorial_taskflow_api.py
[2025-03-24T21:51:33.678+0800] {processor.py:914} INFO - Processing file /Users/dionneleow/IS3107/IS3107-group11/backend/venv/lib/python3.12/site-packages/airflow/example_dags/tutorial_taskflow_api.py for tasks to queue
[2025-03-24T21:51:33.679+0800] {logging_mixin.py:190} INFO - [2025-03-24T21:51:33.679+0800] {dagbag.py:588} INFO - Filling up the DagBag from /Users/dionneleow/IS3107/IS3107-group11/backend/venv/lib/python3.12/site-packages/airflow/example_dags/tutorial_taskflow_api.py
[2025-03-24T21:51:33.697+0800] {processor.py:925} INFO - DAG(s) 'tutorial_taskflow_api' retrieved from /Users/dionneleow/IS3107/IS3107-group11/backend/venv/lib/python3.12/site-packages/airflow/example_dags/tutorial_taskflow_api.py
[2025-03-24T21:51:33.795+0800] {logging_mixin.py:190} INFO - [2025-03-24T21:51:33.795+0800] {dag.py:3239} INFO - Sync 1 DAGs
[2025-03-24T21:51:33.803+0800] {logging_mixin.py:190} INFO - [2025-03-24T21:51:33.802+0800] {dag.py:4180} INFO - Setting next_dagrun for tutorial_taskflow_api to None, run_after=None
[2025-03-24T21:51:33.813+0800] {processor.py:208} INFO - Processing /Users/dionneleow/IS3107/IS3107-group11/backend/venv/lib/python3.12/site-packages/airflow/example_dags/tutorial_taskflow_api.py took 0.138 seconds
[2025-03-24T21:52:42.850+0800] {processor.py:186} INFO - Started process (PID=64610) to work on /Users/dionneleow/IS3107/IS3107-group11/backend/venv/lib/python3.12/site-packages/airflow/example_dags/tutorial_taskflow_api.py
[2025-03-24T21:52:42.852+0800] {processor.py:914} INFO - Processing file /Users/dionneleow/IS3107/IS3107-group11/backend/venv/lib/python3.12/site-packages/airflow/example_dags/tutorial_taskflow_api.py for tasks to queue
[2025-03-24T21:52:42.853+0800] {logging_mixin.py:190} INFO - [2025-03-24T21:52:42.853+0800] {dagbag.py:588} INFO - Filling up the DagBag from /Users/dionneleow/IS3107/IS3107-group11/backend/venv/lib/python3.12/site-packages/airflow/example_dags/tutorial_taskflow_api.py
[2025-03-24T21:52:42.867+0800] {processor.py:925} INFO - DAG(s) 'tutorial_taskflow_api' retrieved from /Users/dionneleow/IS3107/IS3107-group11/backend/venv/lib/python3.12/site-packages/airflow/example_dags/tutorial_taskflow_api.py
[2025-03-24T21:52:42.922+0800] {logging_mixin.py:190} INFO - [2025-03-24T21:52:42.921+0800] {dag.py:3239} INFO - Sync 1 DAGs
[2025-03-24T21:52:42.925+0800] {logging_mixin.py:190} INFO - [2025-03-24T21:52:42.925+0800] {dag.py:4180} INFO - Setting next_dagrun for tutorial_taskflow_api to None, run_after=None
[2025-03-24T21:52:42.931+0800] {processor.py:208} INFO - Processing /Users/dionneleow/IS3107/IS3107-group11/backend/venv/lib/python3.12/site-packages/airflow/example_dags/tutorial_taskflow_api.py took 0.082 seconds
[2025-03-24T21:53:52.241+0800] {processor.py:186} INFO - Started process (PID=65032) to work on /Users/dionneleow/IS3107/IS3107-group11/backend/venv/lib/python3.12/site-packages/airflow/example_dags/tutorial_taskflow_api.py
[2025-03-24T21:53:52.243+0800] {processor.py:914} INFO - Processing file /Users/dionneleow/IS3107/IS3107-group11/backend/venv/lib/python3.12/site-packages/airflow/example_dags/tutorial_taskflow_api.py for tasks to queue
[2025-03-24T21:53:52.244+0800] {logging_mixin.py:190} INFO - [2025-03-24T21:53:52.244+0800] {dagbag.py:588} INFO - Filling up the DagBag from /Users/dionneleow/IS3107/IS3107-group11/backend/venv/lib/python3.12/site-packages/airflow/example_dags/tutorial_taskflow_api.py
[2025-03-24T21:53:52.266+0800] {processor.py:925} INFO - DAG(s) 'tutorial_taskflow_api' retrieved from /Users/dionneleow/IS3107/IS3107-group11/backend/venv/lib/python3.12/site-packages/airflow/example_dags/tutorial_taskflow_api.py
[2025-03-24T21:53:52.326+0800] {logging_mixin.py:190} INFO - [2025-03-24T21:53:52.326+0800] {dag.py:3239} INFO - Sync 1 DAGs
[2025-03-24T21:53:52.334+0800] {logging_mixin.py:190} INFO - [2025-03-24T21:53:52.333+0800] {dag.py:4180} INFO - Setting next_dagrun for tutorial_taskflow_api to None, run_after=None
[2025-03-24T21:53:52.346+0800] {processor.py:208} INFO - Processing /Users/dionneleow/IS3107/IS3107-group11/backend/venv/lib/python3.12/site-packages/airflow/example_dags/tutorial_taskflow_api.py took 0.106 seconds
[2025-03-24T21:54:58.332+0800] {processor.py:186} INFO - Started process (PID=65455) to work on /Users/dionneleow/IS3107/IS3107-group11/backend/venv/lib/python3.12/site-packages/airflow/example_dags/tutorial_taskflow_api.py
[2025-03-24T21:54:58.335+0800] {processor.py:914} INFO - Processing file /Users/dionneleow/IS3107/IS3107-group11/backend/venv/lib/python3.12/site-packages/airflow/example_dags/tutorial_taskflow_api.py for tasks to queue
[2025-03-24T21:54:58.336+0800] {logging_mixin.py:190} INFO - [2025-03-24T21:54:58.336+0800] {dagbag.py:588} INFO - Filling up the DagBag from /Users/dionneleow/IS3107/IS3107-group11/backend/venv/lib/python3.12/site-packages/airflow/example_dags/tutorial_taskflow_api.py
[2025-03-24T21:54:58.349+0800] {processor.py:925} INFO - DAG(s) 'tutorial_taskflow_api' retrieved from /Users/dionneleow/IS3107/IS3107-group11/backend/venv/lib/python3.12/site-packages/airflow/example_dags/tutorial_taskflow_api.py
[2025-03-24T21:54:58.404+0800] {logging_mixin.py:190} INFO - [2025-03-24T21:54:58.403+0800] {dag.py:3239} INFO - Sync 1 DAGs
[2025-03-24T21:54:58.407+0800] {logging_mixin.py:190} INFO - [2025-03-24T21:54:58.407+0800] {dag.py:4180} INFO - Setting next_dagrun for tutorial_taskflow_api to None, run_after=None
[2025-03-24T21:54:58.419+0800] {processor.py:208} INFO - Processing /Users/dionneleow/IS3107/IS3107-group11/backend/venv/lib/python3.12/site-packages/airflow/example_dags/tutorial_taskflow_api.py took 0.088 seconds
[2025-03-24T21:56:08.046+0800] {processor.py:186} INFO - Started process (PID=65901) to work on /Users/dionneleow/IS3107/IS3107-group11/backend/venv/lib/python3.12/site-packages/airflow/example_dags/tutorial_taskflow_api.py
[2025-03-24T21:56:08.047+0800] {processor.py:914} INFO - Processing file /Users/dionneleow/IS3107/IS3107-group11/backend/venv/lib/python3.12/site-packages/airflow/example_dags/tutorial_taskflow_api.py for tasks to queue
[2025-03-24T21:56:08.047+0800] {logging_mixin.py:190} INFO - [2025-03-24T21:56:08.047+0800] {dagbag.py:588} INFO - Filling up the DagBag from /Users/dionneleow/IS3107/IS3107-group11/backend/venv/lib/python3.12/site-packages/airflow/example_dags/tutorial_taskflow_api.py
[2025-03-24T21:56:08.060+0800] {processor.py:925} INFO - DAG(s) 'tutorial_taskflow_api' retrieved from /Users/dionneleow/IS3107/IS3107-group11/backend/venv/lib/python3.12/site-packages/airflow/example_dags/tutorial_taskflow_api.py
[2025-03-24T21:56:08.113+0800] {logging_mixin.py:190} INFO - [2025-03-24T21:56:08.112+0800] {dag.py:3239} INFO - Sync 1 DAGs
[2025-03-24T21:56:08.116+0800] {logging_mixin.py:190} INFO - [2025-03-24T21:56:08.116+0800] {dag.py:4180} INFO - Setting next_dagrun for tutorial_taskflow_api to None, run_after=None
[2025-03-24T21:56:08.126+0800] {processor.py:208} INFO - Processing /Users/dionneleow/IS3107/IS3107-group11/backend/venv/lib/python3.12/site-packages/airflow/example_dags/tutorial_taskflow_api.py took 0.081 seconds
[2025-03-24T21:57:16.168+0800] {processor.py:186} INFO - Started process (PID=66339) to work on /Users/dionneleow/IS3107/IS3107-group11/backend/venv/lib/python3.12/site-packages/airflow/example_dags/tutorial_taskflow_api.py
[2025-03-24T21:57:16.169+0800] {processor.py:914} INFO - Processing file /Users/dionneleow/IS3107/IS3107-group11/backend/venv/lib/python3.12/site-packages/airflow/example_dags/tutorial_taskflow_api.py for tasks to queue
[2025-03-24T21:57:16.169+0800] {logging_mixin.py:190} INFO - [2025-03-24T21:57:16.169+0800] {dagbag.py:588} INFO - Filling up the DagBag from /Users/dionneleow/IS3107/IS3107-group11/backend/venv/lib/python3.12/site-packages/airflow/example_dags/tutorial_taskflow_api.py
[2025-03-24T21:57:16.185+0800] {processor.py:925} INFO - DAG(s) 'tutorial_taskflow_api' retrieved from /Users/dionneleow/IS3107/IS3107-group11/backend/venv/lib/python3.12/site-packages/airflow/example_dags/tutorial_taskflow_api.py
[2025-03-24T21:57:16.246+0800] {logging_mixin.py:190} INFO - [2025-03-24T21:57:16.246+0800] {dag.py:3239} INFO - Sync 1 DAGs
[2025-03-24T21:57:16.250+0800] {logging_mixin.py:190} INFO - [2025-03-24T21:57:16.250+0800] {dag.py:4180} INFO - Setting next_dagrun for tutorial_taskflow_api to None, run_after=None
[2025-03-24T21:57:16.260+0800] {processor.py:208} INFO - Processing /Users/dionneleow/IS3107/IS3107-group11/backend/venv/lib/python3.12/site-packages/airflow/example_dags/tutorial_taskflow_api.py took 0.093 seconds
[2025-03-24T21:58:24.790+0800] {processor.py:186} INFO - Started process (PID=66800) to work on /Users/dionneleow/IS3107/IS3107-group11/backend/venv/lib/python3.12/site-packages/airflow/example_dags/tutorial_taskflow_api.py
[2025-03-24T21:58:24.791+0800] {processor.py:914} INFO - Processing file /Users/dionneleow/IS3107/IS3107-group11/backend/venv/lib/python3.12/site-packages/airflow/example_dags/tutorial_taskflow_api.py for tasks to queue
[2025-03-24T21:58:24.791+0800] {logging_mixin.py:190} INFO - [2025-03-24T21:58:24.791+0800] {dagbag.py:588} INFO - Filling up the DagBag from /Users/dionneleow/IS3107/IS3107-group11/backend/venv/lib/python3.12/site-packages/airflow/example_dags/tutorial_taskflow_api.py
[2025-03-24T21:58:24.805+0800] {processor.py:925} INFO - DAG(s) 'tutorial_taskflow_api' retrieved from /Users/dionneleow/IS3107/IS3107-group11/backend/venv/lib/python3.12/site-packages/airflow/example_dags/tutorial_taskflow_api.py
[2025-03-24T21:58:24.857+0800] {logging_mixin.py:190} INFO - [2025-03-24T21:58:24.857+0800] {dag.py:3239} INFO - Sync 1 DAGs
[2025-03-24T21:58:24.861+0800] {logging_mixin.py:190} INFO - [2025-03-24T21:58:24.861+0800] {dag.py:4180} INFO - Setting next_dagrun for tutorial_taskflow_api to None, run_after=None
[2025-03-24T21:58:24.867+0800] {processor.py:208} INFO - Processing /Users/dionneleow/IS3107/IS3107-group11/backend/venv/lib/python3.12/site-packages/airflow/example_dags/tutorial_taskflow_api.py took 0.078 seconds
[2025-03-24T21:59:32.254+0800] {processor.py:186} INFO - Started process (PID=67126) to work on /Users/dionneleow/IS3107/IS3107-group11/backend/venv/lib/python3.12/site-packages/airflow/example_dags/tutorial_taskflow_api.py
[2025-03-24T21:59:32.254+0800] {processor.py:914} INFO - Processing file /Users/dionneleow/IS3107/IS3107-group11/backend/venv/lib/python3.12/site-packages/airflow/example_dags/tutorial_taskflow_api.py for tasks to queue
[2025-03-24T21:59:32.255+0800] {logging_mixin.py:190} INFO - [2025-03-24T21:59:32.255+0800] {dagbag.py:588} INFO - Filling up the DagBag from /Users/dionneleow/IS3107/IS3107-group11/backend/venv/lib/python3.12/site-packages/airflow/example_dags/tutorial_taskflow_api.py
[2025-03-24T21:59:32.268+0800] {processor.py:925} INFO - DAG(s) 'tutorial_taskflow_api' retrieved from /Users/dionneleow/IS3107/IS3107-group11/backend/venv/lib/python3.12/site-packages/airflow/example_dags/tutorial_taskflow_api.py
[2025-03-24T21:59:32.320+0800] {logging_mixin.py:190} INFO - [2025-03-24T21:59:32.320+0800] {dag.py:3239} INFO - Sync 1 DAGs
[2025-03-24T21:59:32.323+0800] {logging_mixin.py:190} INFO - [2025-03-24T21:59:32.323+0800] {dag.py:4180} INFO - Setting next_dagrun for tutorial_taskflow_api to None, run_after=None
[2025-03-24T21:59:32.330+0800] {processor.py:208} INFO - Processing /Users/dionneleow/IS3107/IS3107-group11/backend/venv/lib/python3.12/site-packages/airflow/example_dags/tutorial_taskflow_api.py took 0.077 seconds
[2025-03-24T22:00:34.334+0800] {processor.py:186} INFO - Started process (PID=67487) to work on /Users/dionneleow/IS3107/IS3107-group11/backend/venv/lib/python3.12/site-packages/airflow/example_dags/tutorial_taskflow_api.py
[2025-03-24T22:00:34.334+0800] {processor.py:914} INFO - Processing file /Users/dionneleow/IS3107/IS3107-group11/backend/venv/lib/python3.12/site-packages/airflow/example_dags/tutorial_taskflow_api.py for tasks to queue
[2025-03-24T22:00:34.335+0800] {logging_mixin.py:190} INFO - [2025-03-24T22:00:34.335+0800] {dagbag.py:588} INFO - Filling up the DagBag from /Users/dionneleow/IS3107/IS3107-group11/backend/venv/lib/python3.12/site-packages/airflow/example_dags/tutorial_taskflow_api.py
[2025-03-24T22:00:34.401+0800] {processor.py:925} INFO - DAG(s) 'tutorial_taskflow_api' retrieved from /Users/dionneleow/IS3107/IS3107-group11/backend/venv/lib/python3.12/site-packages/airflow/example_dags/tutorial_taskflow_api.py
[2025-03-24T22:00:34.458+0800] {logging_mixin.py:190} INFO - [2025-03-24T22:00:34.458+0800] {dag.py:3239} INFO - Sync 1 DAGs
[2025-03-24T22:00:34.462+0800] {logging_mixin.py:190} INFO - [2025-03-24T22:00:34.462+0800] {dag.py:4180} INFO - Setting next_dagrun for tutorial_taskflow_api to None, run_after=None
[2025-03-24T22:00:34.469+0800] {processor.py:208} INFO - Processing /Users/dionneleow/IS3107/IS3107-group11/backend/venv/lib/python3.12/site-packages/airflow/example_dags/tutorial_taskflow_api.py took 0.137 seconds
[2025-03-24T22:01:37.531+0800] {processor.py:186} INFO - Started process (PID=67858) to work on /Users/dionneleow/IS3107/IS3107-group11/backend/venv/lib/python3.12/site-packages/airflow/example_dags/tutorial_taskflow_api.py
[2025-03-24T22:01:37.532+0800] {processor.py:914} INFO - Processing file /Users/dionneleow/IS3107/IS3107-group11/backend/venv/lib/python3.12/site-packages/airflow/example_dags/tutorial_taskflow_api.py for tasks to queue
[2025-03-24T22:01:37.532+0800] {logging_mixin.py:190} INFO - [2025-03-24T22:01:37.532+0800] {dagbag.py:588} INFO - Filling up the DagBag from /Users/dionneleow/IS3107/IS3107-group11/backend/venv/lib/python3.12/site-packages/airflow/example_dags/tutorial_taskflow_api.py
[2025-03-24T22:01:37.545+0800] {processor.py:925} INFO - DAG(s) 'tutorial_taskflow_api' retrieved from /Users/dionneleow/IS3107/IS3107-group11/backend/venv/lib/python3.12/site-packages/airflow/example_dags/tutorial_taskflow_api.py
[2025-03-24T22:01:37.600+0800] {logging_mixin.py:190} INFO - [2025-03-24T22:01:37.600+0800] {dag.py:3239} INFO - Sync 1 DAGs
[2025-03-24T22:01:37.603+0800] {logging_mixin.py:190} INFO - [2025-03-24T22:01:37.603+0800] {dag.py:4180} INFO - Setting next_dagrun for tutorial_taskflow_api to None, run_after=None
[2025-03-24T22:01:37.611+0800] {processor.py:208} INFO - Processing /Users/dionneleow/IS3107/IS3107-group11/backend/venv/lib/python3.12/site-packages/airflow/example_dags/tutorial_taskflow_api.py took 0.081 seconds
[2025-03-24T22:02:42.924+0800] {processor.py:186} INFO - Started process (PID=68243) to work on /Users/dionneleow/IS3107/IS3107-group11/backend/venv/lib/python3.12/site-packages/airflow/example_dags/tutorial_taskflow_api.py
[2025-03-24T22:02:42.925+0800] {processor.py:914} INFO - Processing file /Users/dionneleow/IS3107/IS3107-group11/backend/venv/lib/python3.12/site-packages/airflow/example_dags/tutorial_taskflow_api.py for tasks to queue
[2025-03-24T22:02:42.925+0800] {logging_mixin.py:190} INFO - [2025-03-24T22:02:42.925+0800] {dagbag.py:588} INFO - Filling up the DagBag from /Users/dionneleow/IS3107/IS3107-group11/backend/venv/lib/python3.12/site-packages/airflow/example_dags/tutorial_taskflow_api.py
[2025-03-24T22:02:42.941+0800] {processor.py:925} INFO - DAG(s) 'tutorial_taskflow_api' retrieved from /Users/dionneleow/IS3107/IS3107-group11/backend/venv/lib/python3.12/site-packages/airflow/example_dags/tutorial_taskflow_api.py
[2025-03-24T22:02:42.996+0800] {logging_mixin.py:190} INFO - [2025-03-24T22:02:42.996+0800] {dag.py:3239} INFO - Sync 1 DAGs
[2025-03-24T22:02:42.999+0800] {logging_mixin.py:190} INFO - [2025-03-24T22:02:42.999+0800] {dag.py:4180} INFO - Setting next_dagrun for tutorial_taskflow_api to None, run_after=None
[2025-03-24T22:02:43.006+0800] {processor.py:208} INFO - Processing /Users/dionneleow/IS3107/IS3107-group11/backend/venv/lib/python3.12/site-packages/airflow/example_dags/tutorial_taskflow_api.py took 0.083 seconds
[2025-03-24T22:03:51.710+0800] {processor.py:186} INFO - Started process (PID=68687) to work on /Users/dionneleow/IS3107/IS3107-group11/backend/venv/lib/python3.12/site-packages/airflow/example_dags/tutorial_taskflow_api.py
[2025-03-24T22:03:51.711+0800] {processor.py:914} INFO - Processing file /Users/dionneleow/IS3107/IS3107-group11/backend/venv/lib/python3.12/site-packages/airflow/example_dags/tutorial_taskflow_api.py for tasks to queue
[2025-03-24T22:03:51.712+0800] {logging_mixin.py:190} INFO - [2025-03-24T22:03:51.711+0800] {dagbag.py:588} INFO - Filling up the DagBag from /Users/dionneleow/IS3107/IS3107-group11/backend/venv/lib/python3.12/site-packages/airflow/example_dags/tutorial_taskflow_api.py
[2025-03-24T22:03:51.724+0800] {processor.py:925} INFO - DAG(s) 'tutorial_taskflow_api' retrieved from /Users/dionneleow/IS3107/IS3107-group11/backend/venv/lib/python3.12/site-packages/airflow/example_dags/tutorial_taskflow_api.py
[2025-03-24T22:03:51.780+0800] {logging_mixin.py:190} INFO - [2025-03-24T22:03:51.780+0800] {dag.py:3239} INFO - Sync 1 DAGs
[2025-03-24T22:03:51.783+0800] {logging_mixin.py:190} INFO - [2025-03-24T22:03:51.783+0800] {dag.py:4180} INFO - Setting next_dagrun for tutorial_taskflow_api to None, run_after=None
[2025-03-24T22:03:51.789+0800] {processor.py:208} INFO - Processing /Users/dionneleow/IS3107/IS3107-group11/backend/venv/lib/python3.12/site-packages/airflow/example_dags/tutorial_taskflow_api.py took 0.080 seconds
[2025-03-24T22:05:00.406+0800] {processor.py:186} INFO - Started process (PID=69064) to work on /Users/dionneleow/IS3107/IS3107-group11/backend/venv/lib/python3.12/site-packages/airflow/example_dags/tutorial_taskflow_api.py
[2025-03-24T22:05:00.407+0800] {processor.py:914} INFO - Processing file /Users/dionneleow/IS3107/IS3107-group11/backend/venv/lib/python3.12/site-packages/airflow/example_dags/tutorial_taskflow_api.py for tasks to queue
[2025-03-24T22:05:00.407+0800] {logging_mixin.py:190} INFO - [2025-03-24T22:05:00.407+0800] {dagbag.py:588} INFO - Filling up the DagBag from /Users/dionneleow/IS3107/IS3107-group11/backend/venv/lib/python3.12/site-packages/airflow/example_dags/tutorial_taskflow_api.py
[2025-03-24T22:05:00.421+0800] {processor.py:925} INFO - DAG(s) 'tutorial_taskflow_api' retrieved from /Users/dionneleow/IS3107/IS3107-group11/backend/venv/lib/python3.12/site-packages/airflow/example_dags/tutorial_taskflow_api.py
[2025-03-24T22:05:00.474+0800] {logging_mixin.py:190} INFO - [2025-03-24T22:05:00.474+0800] {dag.py:3239} INFO - Sync 1 DAGs
[2025-03-24T22:05:00.478+0800] {logging_mixin.py:190} INFO - [2025-03-24T22:05:00.478+0800] {dag.py:4180} INFO - Setting next_dagrun for tutorial_taskflow_api to None, run_after=None
[2025-03-24T22:05:00.484+0800] {processor.py:208} INFO - Processing /Users/dionneleow/IS3107/IS3107-group11/backend/venv/lib/python3.12/site-packages/airflow/example_dags/tutorial_taskflow_api.py took 0.079 seconds
[2025-03-24T22:06:07.856+0800] {processor.py:186} INFO - Started process (PID=69391) to work on /Users/dionneleow/IS3107/IS3107-group11/backend/venv/lib/python3.12/site-packages/airflow/example_dags/tutorial_taskflow_api.py
[2025-03-24T22:06:07.857+0800] {processor.py:914} INFO - Processing file /Users/dionneleow/IS3107/IS3107-group11/backend/venv/lib/python3.12/site-packages/airflow/example_dags/tutorial_taskflow_api.py for tasks to queue
[2025-03-24T22:06:07.857+0800] {logging_mixin.py:190} INFO - [2025-03-24T22:06:07.857+0800] {dagbag.py:588} INFO - Filling up the DagBag from /Users/dionneleow/IS3107/IS3107-group11/backend/venv/lib/python3.12/site-packages/airflow/example_dags/tutorial_taskflow_api.py
[2025-03-24T22:06:07.870+0800] {processor.py:925} INFO - DAG(s) 'tutorial_taskflow_api' retrieved from /Users/dionneleow/IS3107/IS3107-group11/backend/venv/lib/python3.12/site-packages/airflow/example_dags/tutorial_taskflow_api.py
[2025-03-24T22:06:07.925+0800] {logging_mixin.py:190} INFO - [2025-03-24T22:06:07.925+0800] {dag.py:3239} INFO - Sync 1 DAGs
[2025-03-24T22:06:07.929+0800] {logging_mixin.py:190} INFO - [2025-03-24T22:06:07.929+0800] {dag.py:4180} INFO - Setting next_dagrun for tutorial_taskflow_api to None, run_after=None
[2025-03-24T22:06:07.936+0800] {processor.py:208} INFO - Processing /Users/dionneleow/IS3107/IS3107-group11/backend/venv/lib/python3.12/site-packages/airflow/example_dags/tutorial_taskflow_api.py took 0.081 seconds
[2025-03-24T22:07:17.645+0800] {processor.py:186} INFO - Started process (PID=69779) to work on /Users/dionneleow/IS3107/IS3107-group11/backend/venv/lib/python3.12/site-packages/airflow/example_dags/tutorial_taskflow_api.py
[2025-03-24T22:07:17.645+0800] {processor.py:914} INFO - Processing file /Users/dionneleow/IS3107/IS3107-group11/backend/venv/lib/python3.12/site-packages/airflow/example_dags/tutorial_taskflow_api.py for tasks to queue
[2025-03-24T22:07:17.646+0800] {logging_mixin.py:190} INFO - [2025-03-24T22:07:17.646+0800] {dagbag.py:588} INFO - Filling up the DagBag from /Users/dionneleow/IS3107/IS3107-group11/backend/venv/lib/python3.12/site-packages/airflow/example_dags/tutorial_taskflow_api.py
[2025-03-24T22:07:17.659+0800] {processor.py:925} INFO - DAG(s) 'tutorial_taskflow_api' retrieved from /Users/dionneleow/IS3107/IS3107-group11/backend/venv/lib/python3.12/site-packages/airflow/example_dags/tutorial_taskflow_api.py
[2025-03-24T22:07:17.713+0800] {logging_mixin.py:190} INFO - [2025-03-24T22:07:17.713+0800] {dag.py:3239} INFO - Sync 1 DAGs
[2025-03-24T22:07:17.716+0800] {logging_mixin.py:190} INFO - [2025-03-24T22:07:17.716+0800] {dag.py:4180} INFO - Setting next_dagrun for tutorial_taskflow_api to None, run_after=None
[2025-03-24T22:07:17.724+0800] {processor.py:208} INFO - Processing /Users/dionneleow/IS3107/IS3107-group11/backend/venv/lib/python3.12/site-packages/airflow/example_dags/tutorial_taskflow_api.py took 0.080 seconds
[2025-03-24T22:08:29.333+0800] {processor.py:186} INFO - Started process (PID=70182) to work on /Users/dionneleow/IS3107/IS3107-group11/backend/venv/lib/python3.12/site-packages/airflow/example_dags/tutorial_taskflow_api.py
[2025-03-24T22:08:29.333+0800] {processor.py:914} INFO - Processing file /Users/dionneleow/IS3107/IS3107-group11/backend/venv/lib/python3.12/site-packages/airflow/example_dags/tutorial_taskflow_api.py for tasks to queue
[2025-03-24T22:08:29.334+0800] {logging_mixin.py:190} INFO - [2025-03-24T22:08:29.334+0800] {dagbag.py:588} INFO - Filling up the DagBag from /Users/dionneleow/IS3107/IS3107-group11/backend/venv/lib/python3.12/site-packages/airflow/example_dags/tutorial_taskflow_api.py
[2025-03-24T22:08:29.347+0800] {processor.py:925} INFO - DAG(s) 'tutorial_taskflow_api' retrieved from /Users/dionneleow/IS3107/IS3107-group11/backend/venv/lib/python3.12/site-packages/airflow/example_dags/tutorial_taskflow_api.py
[2025-03-24T22:08:29.399+0800] {logging_mixin.py:190} INFO - [2025-03-24T22:08:29.399+0800] {dag.py:3239} INFO - Sync 1 DAGs
[2025-03-24T22:08:29.402+0800] {logging_mixin.py:190} INFO - [2025-03-24T22:08:29.402+0800] {dag.py:4180} INFO - Setting next_dagrun for tutorial_taskflow_api to None, run_after=None
[2025-03-24T22:08:29.409+0800] {processor.py:208} INFO - Processing /Users/dionneleow/IS3107/IS3107-group11/backend/venv/lib/python3.12/site-packages/airflow/example_dags/tutorial_taskflow_api.py took 0.078 seconds
[2025-03-24T22:09:42.010+0800] {processor.py:186} INFO - Started process (PID=70551) to work on /Users/dionneleow/IS3107/IS3107-group11/backend/venv/lib/python3.12/site-packages/airflow/example_dags/tutorial_taskflow_api.py
[2025-03-24T22:09:42.011+0800] {processor.py:914} INFO - Processing file /Users/dionneleow/IS3107/IS3107-group11/backend/venv/lib/python3.12/site-packages/airflow/example_dags/tutorial_taskflow_api.py for tasks to queue
[2025-03-24T22:09:42.011+0800] {logging_mixin.py:190} INFO - [2025-03-24T22:09:42.011+0800] {dagbag.py:588} INFO - Filling up the DagBag from /Users/dionneleow/IS3107/IS3107-group11/backend/venv/lib/python3.12/site-packages/airflow/example_dags/tutorial_taskflow_api.py
[2025-03-24T22:09:42.024+0800] {processor.py:925} INFO - DAG(s) 'tutorial_taskflow_api' retrieved from /Users/dionneleow/IS3107/IS3107-group11/backend/venv/lib/python3.12/site-packages/airflow/example_dags/tutorial_taskflow_api.py
[2025-03-24T22:09:42.077+0800] {logging_mixin.py:190} INFO - [2025-03-24T22:09:42.077+0800] {dag.py:3239} INFO - Sync 1 DAGs
[2025-03-24T22:09:42.080+0800] {logging_mixin.py:190} INFO - [2025-03-24T22:09:42.080+0800] {dag.py:4180} INFO - Setting next_dagrun for tutorial_taskflow_api to None, run_after=None
[2025-03-24T22:09:42.089+0800] {processor.py:208} INFO - Processing /Users/dionneleow/IS3107/IS3107-group11/backend/venv/lib/python3.12/site-packages/airflow/example_dags/tutorial_taskflow_api.py took 0.081 seconds
[2025-03-24T22:10:52.482+0800] {processor.py:186} INFO - Started process (PID=71012) to work on /Users/dionneleow/IS3107/IS3107-group11/backend/venv/lib/python3.12/site-packages/airflow/example_dags/tutorial_taskflow_api.py
[2025-03-24T22:10:52.482+0800] {processor.py:914} INFO - Processing file /Users/dionneleow/IS3107/IS3107-group11/backend/venv/lib/python3.12/site-packages/airflow/example_dags/tutorial_taskflow_api.py for tasks to queue
[2025-03-24T22:10:52.483+0800] {logging_mixin.py:190} INFO - [2025-03-24T22:10:52.483+0800] {dagbag.py:588} INFO - Filling up the DagBag from /Users/dionneleow/IS3107/IS3107-group11/backend/venv/lib/python3.12/site-packages/airflow/example_dags/tutorial_taskflow_api.py
[2025-03-24T22:10:52.495+0800] {processor.py:925} INFO - DAG(s) 'tutorial_taskflow_api' retrieved from /Users/dionneleow/IS3107/IS3107-group11/backend/venv/lib/python3.12/site-packages/airflow/example_dags/tutorial_taskflow_api.py
[2025-03-24T22:10:52.550+0800] {logging_mixin.py:190} INFO - [2025-03-24T22:10:52.549+0800] {dag.py:3239} INFO - Sync 1 DAGs
[2025-03-24T22:10:52.553+0800] {logging_mixin.py:190} INFO - [2025-03-24T22:10:52.553+0800] {dag.py:4180} INFO - Setting next_dagrun for tutorial_taskflow_api to None, run_after=None
[2025-03-24T22:10:52.560+0800] {processor.py:208} INFO - Processing /Users/dionneleow/IS3107/IS3107-group11/backend/venv/lib/python3.12/site-packages/airflow/example_dags/tutorial_taskflow_api.py took 0.080 seconds
[2025-03-24T22:12:00.046+0800] {processor.py:186} INFO - Started process (PID=71329) to work on /Users/dionneleow/IS3107/IS3107-group11/backend/venv/lib/python3.12/site-packages/airflow/example_dags/tutorial_taskflow_api.py
[2025-03-24T22:12:00.047+0800] {processor.py:914} INFO - Processing file /Users/dionneleow/IS3107/IS3107-group11/backend/venv/lib/python3.12/site-packages/airflow/example_dags/tutorial_taskflow_api.py for tasks to queue
[2025-03-24T22:12:00.047+0800] {logging_mixin.py:190} INFO - [2025-03-24T22:12:00.047+0800] {dagbag.py:588} INFO - Filling up the DagBag from /Users/dionneleow/IS3107/IS3107-group11/backend/venv/lib/python3.12/site-packages/airflow/example_dags/tutorial_taskflow_api.py
[2025-03-24T22:12:00.060+0800] {processor.py:925} INFO - DAG(s) 'tutorial_taskflow_api' retrieved from /Users/dionneleow/IS3107/IS3107-group11/backend/venv/lib/python3.12/site-packages/airflow/example_dags/tutorial_taskflow_api.py
[2025-03-24T22:12:00.114+0800] {logging_mixin.py:190} INFO - [2025-03-24T22:12:00.114+0800] {dag.py:3239} INFO - Sync 1 DAGs
[2025-03-24T22:12:00.118+0800] {logging_mixin.py:190} INFO - [2025-03-24T22:12:00.118+0800] {dag.py:4180} INFO - Setting next_dagrun for tutorial_taskflow_api to None, run_after=None
[2025-03-24T22:12:00.124+0800] {processor.py:208} INFO - Processing /Users/dionneleow/IS3107/IS3107-group11/backend/venv/lib/python3.12/site-packages/airflow/example_dags/tutorial_taskflow_api.py took 0.080 seconds
[2025-03-24T22:13:07.170+0800] {processor.py:186} INFO - Started process (PID=71683) to work on /Users/dionneleow/IS3107/IS3107-group11/backend/venv/lib/python3.12/site-packages/airflow/example_dags/tutorial_taskflow_api.py
[2025-03-24T22:13:07.171+0800] {processor.py:914} INFO - Processing file /Users/dionneleow/IS3107/IS3107-group11/backend/venv/lib/python3.12/site-packages/airflow/example_dags/tutorial_taskflow_api.py for tasks to queue
[2025-03-24T22:13:07.172+0800] {logging_mixin.py:190} INFO - [2025-03-24T22:13:07.171+0800] {dagbag.py:588} INFO - Filling up the DagBag from /Users/dionneleow/IS3107/IS3107-group11/backend/venv/lib/python3.12/site-packages/airflow/example_dags/tutorial_taskflow_api.py
[2025-03-24T22:13:07.191+0800] {processor.py:925} INFO - DAG(s) 'tutorial_taskflow_api' retrieved from /Users/dionneleow/IS3107/IS3107-group11/backend/venv/lib/python3.12/site-packages/airflow/example_dags/tutorial_taskflow_api.py
[2025-03-24T22:13:07.251+0800] {logging_mixin.py:190} INFO - [2025-03-24T22:13:07.251+0800] {dag.py:3239} INFO - Sync 1 DAGs
[2025-03-24T22:13:07.256+0800] {logging_mixin.py:190} INFO - [2025-03-24T22:13:07.255+0800] {dag.py:4180} INFO - Setting next_dagrun for tutorial_taskflow_api to None, run_after=None
[2025-03-24T22:13:07.263+0800] {processor.py:208} INFO - Processing /Users/dionneleow/IS3107/IS3107-group11/backend/venv/lib/python3.12/site-packages/airflow/example_dags/tutorial_taskflow_api.py took 0.096 seconds
[2025-03-24T22:14:17.810+0800] {processor.py:186} INFO - Started process (PID=72135) to work on /Users/dionneleow/IS3107/IS3107-group11/backend/venv/lib/python3.12/site-packages/airflow/example_dags/tutorial_taskflow_api.py
[2025-03-24T22:14:17.811+0800] {processor.py:914} INFO - Processing file /Users/dionneleow/IS3107/IS3107-group11/backend/venv/lib/python3.12/site-packages/airflow/example_dags/tutorial_taskflow_api.py for tasks to queue
[2025-03-24T22:14:17.811+0800] {logging_mixin.py:190} INFO - [2025-03-24T22:14:17.811+0800] {dagbag.py:588} INFO - Filling up the DagBag from /Users/dionneleow/IS3107/IS3107-group11/backend/venv/lib/python3.12/site-packages/airflow/example_dags/tutorial_taskflow_api.py
[2025-03-24T22:14:17.825+0800] {processor.py:925} INFO - DAG(s) 'tutorial_taskflow_api' retrieved from /Users/dionneleow/IS3107/IS3107-group11/backend/venv/lib/python3.12/site-packages/airflow/example_dags/tutorial_taskflow_api.py
[2025-03-24T22:14:17.881+0800] {logging_mixin.py:190} INFO - [2025-03-24T22:14:17.881+0800] {dag.py:3239} INFO - Sync 1 DAGs
[2025-03-24T22:14:17.884+0800] {logging_mixin.py:190} INFO - [2025-03-24T22:14:17.884+0800] {dag.py:4180} INFO - Setting next_dagrun for tutorial_taskflow_api to None, run_after=None
[2025-03-24T22:14:17.891+0800] {processor.py:208} INFO - Processing /Users/dionneleow/IS3107/IS3107-group11/backend/venv/lib/python3.12/site-packages/airflow/example_dags/tutorial_taskflow_api.py took 0.082 seconds
[2025-03-24T22:15:29.593+0800] {processor.py:186} INFO - Started process (PID=72552) to work on /Users/dionneleow/IS3107/IS3107-group11/backend/venv/lib/python3.12/site-packages/airflow/example_dags/tutorial_taskflow_api.py
[2025-03-24T22:15:29.593+0800] {processor.py:914} INFO - Processing file /Users/dionneleow/IS3107/IS3107-group11/backend/venv/lib/python3.12/site-packages/airflow/example_dags/tutorial_taskflow_api.py for tasks to queue
[2025-03-24T22:15:29.594+0800] {logging_mixin.py:190} INFO - [2025-03-24T22:15:29.594+0800] {dagbag.py:588} INFO - Filling up the DagBag from /Users/dionneleow/IS3107/IS3107-group11/backend/venv/lib/python3.12/site-packages/airflow/example_dags/tutorial_taskflow_api.py
[2025-03-24T22:15:29.611+0800] {processor.py:925} INFO - DAG(s) 'tutorial_taskflow_api' retrieved from /Users/dionneleow/IS3107/IS3107-group11/backend/venv/lib/python3.12/site-packages/airflow/example_dags/tutorial_taskflow_api.py
[2025-03-24T22:15:29.700+0800] {logging_mixin.py:190} INFO - [2025-03-24T22:15:29.700+0800] {dag.py:3239} INFO - Sync 1 DAGs
[2025-03-24T22:15:29.704+0800] {logging_mixin.py:190} INFO - [2025-03-24T22:15:29.704+0800] {dag.py:4180} INFO - Setting next_dagrun for tutorial_taskflow_api to None, run_after=None
[2025-03-24T22:15:29.711+0800] {processor.py:208} INFO - Processing /Users/dionneleow/IS3107/IS3107-group11/backend/venv/lib/python3.12/site-packages/airflow/example_dags/tutorial_taskflow_api.py took 0.120 seconds
[2025-03-24T22:16:39.346+0800] {processor.py:186} INFO - Started process (PID=72980) to work on /Users/dionneleow/IS3107/IS3107-group11/backend/venv/lib/python3.12/site-packages/airflow/example_dags/tutorial_taskflow_api.py
[2025-03-24T22:16:39.347+0800] {processor.py:914} INFO - Processing file /Users/dionneleow/IS3107/IS3107-group11/backend/venv/lib/python3.12/site-packages/airflow/example_dags/tutorial_taskflow_api.py for tasks to queue
[2025-03-24T22:16:39.347+0800] {logging_mixin.py:190} INFO - [2025-03-24T22:16:39.347+0800] {dagbag.py:588} INFO - Filling up the DagBag from /Users/dionneleow/IS3107/IS3107-group11/backend/venv/lib/python3.12/site-packages/airflow/example_dags/tutorial_taskflow_api.py
[2025-03-24T22:16:39.361+0800] {processor.py:925} INFO - DAG(s) 'tutorial_taskflow_api' retrieved from /Users/dionneleow/IS3107/IS3107-group11/backend/venv/lib/python3.12/site-packages/airflow/example_dags/tutorial_taskflow_api.py
[2025-03-24T22:16:39.416+0800] {logging_mixin.py:190} INFO - [2025-03-24T22:16:39.416+0800] {dag.py:3239} INFO - Sync 1 DAGs
[2025-03-24T22:16:39.420+0800] {logging_mixin.py:190} INFO - [2025-03-24T22:16:39.420+0800] {dag.py:4180} INFO - Setting next_dagrun for tutorial_taskflow_api to None, run_after=None
[2025-03-24T22:16:39.427+0800] {processor.py:208} INFO - Processing /Users/dionneleow/IS3107/IS3107-group11/backend/venv/lib/python3.12/site-packages/airflow/example_dags/tutorial_taskflow_api.py took 0.082 seconds
[2025-03-24T22:17:52.669+0800] {processor.py:186} INFO - Started process (PID=73391) to work on /Users/dionneleow/IS3107/IS3107-group11/backend/venv/lib/python3.12/site-packages/airflow/example_dags/tutorial_taskflow_api.py
[2025-03-24T22:17:52.671+0800] {processor.py:914} INFO - Processing file /Users/dionneleow/IS3107/IS3107-group11/backend/venv/lib/python3.12/site-packages/airflow/example_dags/tutorial_taskflow_api.py for tasks to queue
[2025-03-24T22:17:52.671+0800] {logging_mixin.py:190} INFO - [2025-03-24T22:17:52.671+0800] {dagbag.py:588} INFO - Filling up the DagBag from /Users/dionneleow/IS3107/IS3107-group11/backend/venv/lib/python3.12/site-packages/airflow/example_dags/tutorial_taskflow_api.py
[2025-03-24T22:17:52.688+0800] {processor.py:925} INFO - DAG(s) 'tutorial_taskflow_api' retrieved from /Users/dionneleow/IS3107/IS3107-group11/backend/venv/lib/python3.12/site-packages/airflow/example_dags/tutorial_taskflow_api.py
[2025-03-24T22:17:52.750+0800] {logging_mixin.py:190} INFO - [2025-03-24T22:17:52.749+0800] {dag.py:3239} INFO - Sync 1 DAGs
[2025-03-24T22:17:52.753+0800] {logging_mixin.py:190} INFO - [2025-03-24T22:17:52.753+0800] {dag.py:4180} INFO - Setting next_dagrun for tutorial_taskflow_api to None, run_after=None
[2025-03-24T22:17:52.762+0800] {processor.py:208} INFO - Processing /Users/dionneleow/IS3107/IS3107-group11/backend/venv/lib/python3.12/site-packages/airflow/example_dags/tutorial_taskflow_api.py took 0.095 seconds
[2025-03-24T22:19:05.738+0800] {processor.py:186} INFO - Started process (PID=73762) to work on /Users/dionneleow/IS3107/IS3107-group11/backend/venv/lib/python3.12/site-packages/airflow/example_dags/tutorial_taskflow_api.py
[2025-03-24T22:19:05.738+0800] {processor.py:914} INFO - Processing file /Users/dionneleow/IS3107/IS3107-group11/backend/venv/lib/python3.12/site-packages/airflow/example_dags/tutorial_taskflow_api.py for tasks to queue
[2025-03-24T22:19:05.739+0800] {logging_mixin.py:190} INFO - [2025-03-24T22:19:05.739+0800] {dagbag.py:588} INFO - Filling up the DagBag from /Users/dionneleow/IS3107/IS3107-group11/backend/venv/lib/python3.12/site-packages/airflow/example_dags/tutorial_taskflow_api.py
[2025-03-24T22:19:05.753+0800] {processor.py:925} INFO - DAG(s) 'tutorial_taskflow_api' retrieved from /Users/dionneleow/IS3107/IS3107-group11/backend/venv/lib/python3.12/site-packages/airflow/example_dags/tutorial_taskflow_api.py
[2025-03-24T22:19:05.811+0800] {logging_mixin.py:190} INFO - [2025-03-24T22:19:05.811+0800] {dag.py:3239} INFO - Sync 1 DAGs
[2025-03-24T22:19:05.815+0800] {logging_mixin.py:190} INFO - [2025-03-24T22:19:05.815+0800] {dag.py:4180} INFO - Setting next_dagrun for tutorial_taskflow_api to None, run_after=None
[2025-03-24T22:19:05.822+0800] {processor.py:208} INFO - Processing /Users/dionneleow/IS3107/IS3107-group11/backend/venv/lib/python3.12/site-packages/airflow/example_dags/tutorial_taskflow_api.py took 0.085 seconds
[2025-03-24T22:20:16.804+0800] {processor.py:186} INFO - Started process (PID=74186) to work on /Users/dionneleow/IS3107/IS3107-group11/backend/venv/lib/python3.12/site-packages/airflow/example_dags/tutorial_taskflow_api.py
[2025-03-24T22:20:16.805+0800] {processor.py:914} INFO - Processing file /Users/dionneleow/IS3107/IS3107-group11/backend/venv/lib/python3.12/site-packages/airflow/example_dags/tutorial_taskflow_api.py for tasks to queue
[2025-03-24T22:20:16.805+0800] {logging_mixin.py:190} INFO - [2025-03-24T22:20:16.805+0800] {dagbag.py:588} INFO - Filling up the DagBag from /Users/dionneleow/IS3107/IS3107-group11/backend/venv/lib/python3.12/site-packages/airflow/example_dags/tutorial_taskflow_api.py
[2025-03-24T22:20:16.818+0800] {processor.py:925} INFO - DAG(s) 'tutorial_taskflow_api' retrieved from /Users/dionneleow/IS3107/IS3107-group11/backend/venv/lib/python3.12/site-packages/airflow/example_dags/tutorial_taskflow_api.py
[2025-03-24T22:20:16.869+0800] {logging_mixin.py:190} INFO - [2025-03-24T22:20:16.869+0800] {dag.py:3239} INFO - Sync 1 DAGs
[2025-03-24T22:20:16.873+0800] {logging_mixin.py:190} INFO - [2025-03-24T22:20:16.873+0800] {dag.py:4180} INFO - Setting next_dagrun for tutorial_taskflow_api to None, run_after=None
[2025-03-24T22:20:16.879+0800] {processor.py:208} INFO - Processing /Users/dionneleow/IS3107/IS3107-group11/backend/venv/lib/python3.12/site-packages/airflow/example_dags/tutorial_taskflow_api.py took 0.076 seconds
