[2025-03-24T21:47:17.756+0800] {processor.py:186} INFO - Started process (PID=62319) to work on /Users/dionneleow/IS3107/IS3107-group11/backend/venv/lib/python3.12/site-packages/airflow/example_dags/tutorial_objectstorage.py
[2025-03-24T21:47:17.757+0800] {processor.py:914} INFO - Processing file /Users/dionneleow/IS3107/IS3107-group11/backend/venv/lib/python3.12/site-packages/airflow/example_dags/tutorial_objectstorage.py for tasks to queue
[2025-03-24T21:47:17.757+0800] {logging_mixin.py:190} INFO - [2025-03-24T21:47:17.757+0800] {dagbag.py:588} INFO - Filling up the DagBag from /Users/dionneleow/IS3107/IS3107-group11/backend/venv/lib/python3.12/site-packages/airflow/example_dags/tutorial_objectstorage.py
[2025-03-24T21:47:17.771+0800] {processor.py:925} INFO - DAG(s) 'tutorial_objectstorage' retrieved from /Users/dionneleow/IS3107/IS3107-group11/backend/venv/lib/python3.12/site-packages/airflow/example_dags/tutorial_objectstorage.py
[2025-03-24T21:47:18.017+0800] {logging_mixin.py:190} INFO - [2025-03-24T21:47:18.016+0800] {override.py:1912} INFO - Created Permission View: can edit on DAG:tutorial_objectstorage
[2025-03-24T21:47:18.021+0800] {logging_mixin.py:190} INFO - [2025-03-24T21:47:18.021+0800] {override.py:1912} INFO - Created Permission View: can read on DAG:tutorial_objectstorage
[2025-03-24T21:47:18.024+0800] {logging_mixin.py:190} INFO - [2025-03-24T21:47:18.024+0800] {override.py:1912} INFO - Created Permission View: can delete on DAG:tutorial_objectstorage
[2025-03-24T21:47:18.029+0800] {logging_mixin.py:190} INFO - [2025-03-24T21:47:18.029+0800] {override.py:1912} INFO - Created Permission View: menu access on DAG Run:tutorial_objectstorage
[2025-03-24T21:47:18.031+0800] {logging_mixin.py:190} INFO - [2025-03-24T21:47:18.031+0800] {override.py:1912} INFO - Created Permission View: can read on DAG Run:tutorial_objectstorage
[2025-03-24T21:47:18.034+0800] {logging_mixin.py:190} INFO - [2025-03-24T21:47:18.033+0800] {override.py:1912} INFO - Created Permission View: can delete on DAG Run:tutorial_objectstorage
[2025-03-24T21:47:18.036+0800] {logging_mixin.py:190} INFO - [2025-03-24T21:47:18.036+0800] {override.py:1912} INFO - Created Permission View: can create on DAG Run:tutorial_objectstorage
[2025-03-24T21:47:18.036+0800] {logging_mixin.py:190} INFO - [2025-03-24T21:47:18.036+0800] {dag.py:3239} INFO - Sync 1 DAGs
[2025-03-24T21:47:18.041+0800] {logging_mixin.py:190} INFO - [2025-03-24T21:47:18.041+0800] {dag.py:3262} INFO - Creating ORM DAG for tutorial_objectstorage
[2025-03-24T21:47:18.041+0800] {logging_mixin.py:190} INFO - [2025-03-24T21:47:18.041+0800] {dag.py:4180} INFO - Setting next_dagrun for tutorial_objectstorage to None, run_after=None
[2025-03-24T21:47:18.056+0800] {processor.py:208} INFO - Processing /Users/dionneleow/IS3107/IS3107-group11/backend/venv/lib/python3.12/site-packages/airflow/example_dags/tutorial_objectstorage.py took 0.301 seconds
[2025-03-24T21:48:27.978+0800] {processor.py:186} INFO - Started process (PID=62852) to work on /Users/dionneleow/IS3107/IS3107-group11/backend/venv/lib/python3.12/site-packages/airflow/example_dags/tutorial_objectstorage.py
[2025-03-24T21:48:27.980+0800] {processor.py:914} INFO - Processing file /Users/dionneleow/IS3107/IS3107-group11/backend/venv/lib/python3.12/site-packages/airflow/example_dags/tutorial_objectstorage.py for tasks to queue
[2025-03-24T21:48:27.980+0800] {logging_mixin.py:190} INFO - [2025-03-24T21:48:27.980+0800] {dagbag.py:588} INFO - Filling up the DagBag from /Users/dionneleow/IS3107/IS3107-group11/backend/venv/lib/python3.12/site-packages/airflow/example_dags/tutorial_objectstorage.py
[2025-03-24T21:48:27.999+0800] {processor.py:925} INFO - DAG(s) 'tutorial_objectstorage' retrieved from /Users/dionneleow/IS3107/IS3107-group11/backend/venv/lib/python3.12/site-packages/airflow/example_dags/tutorial_objectstorage.py
[2025-03-24T21:48:28.057+0800] {logging_mixin.py:190} INFO - [2025-03-24T21:48:28.057+0800] {dag.py:3239} INFO - Sync 1 DAGs
[2025-03-24T21:48:28.063+0800] {logging_mixin.py:190} INFO - [2025-03-24T21:48:28.063+0800] {dag.py:4180} INFO - Setting next_dagrun for tutorial_objectstorage to None, run_after=None
[2025-03-24T21:48:28.073+0800] {processor.py:208} INFO - Processing /Users/dionneleow/IS3107/IS3107-group11/backend/venv/lib/python3.12/site-packages/airflow/example_dags/tutorial_objectstorage.py took 0.096 seconds
[2025-03-24T21:50:18.193+0800] {processor.py:186} INFO - Started process (PID=63672) to work on /Users/dionneleow/IS3107/IS3107-group11/backend/venv/lib/python3.12/site-packages/airflow/example_dags/tutorial_objectstorage.py
[2025-03-24T21:50:18.194+0800] {processor.py:914} INFO - Processing file /Users/dionneleow/IS3107/IS3107-group11/backend/venv/lib/python3.12/site-packages/airflow/example_dags/tutorial_objectstorage.py for tasks to queue
[2025-03-24T21:50:18.195+0800] {logging_mixin.py:190} INFO - [2025-03-24T21:50:18.195+0800] {dagbag.py:588} INFO - Filling up the DagBag from /Users/dionneleow/IS3107/IS3107-group11/backend/venv/lib/python3.12/site-packages/airflow/example_dags/tutorial_objectstorage.py
[2025-03-24T21:50:18.210+0800] {processor.py:925} INFO - DAG(s) 'tutorial_objectstorage' retrieved from /Users/dionneleow/IS3107/IS3107-group11/backend/venv/lib/python3.12/site-packages/airflow/example_dags/tutorial_objectstorage.py
[2025-03-24T21:50:18.271+0800] {logging_mixin.py:190} INFO - [2025-03-24T21:50:18.271+0800] {dag.py:3239} INFO - Sync 1 DAGs
[2025-03-24T21:50:18.277+0800] {logging_mixin.py:190} INFO - [2025-03-24T21:50:18.277+0800] {dag.py:4180} INFO - Setting next_dagrun for tutorial_objectstorage to None, run_after=None
[2025-03-24T21:50:18.288+0800] {processor.py:208} INFO - Processing /Users/dionneleow/IS3107/IS3107-group11/backend/venv/lib/python3.12/site-packages/airflow/example_dags/tutorial_objectstorage.py took 0.096 seconds
[2025-03-24T21:51:35.633+0800] {processor.py:186} INFO - Started process (PID=64216) to work on /Users/dionneleow/IS3107/IS3107-group11/backend/venv/lib/python3.12/site-packages/airflow/example_dags/tutorial_objectstorage.py
[2025-03-24T21:51:35.634+0800] {processor.py:914} INFO - Processing file /Users/dionneleow/IS3107/IS3107-group11/backend/venv/lib/python3.12/site-packages/airflow/example_dags/tutorial_objectstorage.py for tasks to queue
[2025-03-24T21:51:35.634+0800] {logging_mixin.py:190} INFO - [2025-03-24T21:51:35.634+0800] {dagbag.py:588} INFO - Filling up the DagBag from /Users/dionneleow/IS3107/IS3107-group11/backend/venv/lib/python3.12/site-packages/airflow/example_dags/tutorial_objectstorage.py
[2025-03-24T21:51:35.654+0800] {processor.py:925} INFO - DAG(s) 'tutorial_objectstorage' retrieved from /Users/dionneleow/IS3107/IS3107-group11/backend/venv/lib/python3.12/site-packages/airflow/example_dags/tutorial_objectstorage.py
[2025-03-24T21:51:35.712+0800] {logging_mixin.py:190} INFO - [2025-03-24T21:51:35.712+0800] {dag.py:3239} INFO - Sync 1 DAGs
[2025-03-24T21:51:35.717+0800] {logging_mixin.py:190} INFO - [2025-03-24T21:51:35.717+0800] {dag.py:4180} INFO - Setting next_dagrun for tutorial_objectstorage to None, run_after=None
[2025-03-24T21:51:35.724+0800] {processor.py:208} INFO - Processing /Users/dionneleow/IS3107/IS3107-group11/backend/venv/lib/python3.12/site-packages/airflow/example_dags/tutorial_objectstorage.py took 0.093 seconds
[2025-03-24T21:52:44.708+0800] {processor.py:186} INFO - Started process (PID=64619) to work on /Users/dionneleow/IS3107/IS3107-group11/backend/venv/lib/python3.12/site-packages/airflow/example_dags/tutorial_objectstorage.py
[2025-03-24T21:52:44.709+0800] {processor.py:914} INFO - Processing file /Users/dionneleow/IS3107/IS3107-group11/backend/venv/lib/python3.12/site-packages/airflow/example_dags/tutorial_objectstorage.py for tasks to queue
[2025-03-24T21:52:44.709+0800] {logging_mixin.py:190} INFO - [2025-03-24T21:52:44.709+0800] {dagbag.py:588} INFO - Filling up the DagBag from /Users/dionneleow/IS3107/IS3107-group11/backend/venv/lib/python3.12/site-packages/airflow/example_dags/tutorial_objectstorage.py
[2025-03-24T21:52:44.724+0800] {processor.py:925} INFO - DAG(s) 'tutorial_objectstorage' retrieved from /Users/dionneleow/IS3107/IS3107-group11/backend/venv/lib/python3.12/site-packages/airflow/example_dags/tutorial_objectstorage.py
[2025-03-24T21:52:44.783+0800] {logging_mixin.py:190} INFO - [2025-03-24T21:52:44.783+0800] {dag.py:3239} INFO - Sync 1 DAGs
[2025-03-24T21:52:44.787+0800] {logging_mixin.py:190} INFO - [2025-03-24T21:52:44.787+0800] {dag.py:4180} INFO - Setting next_dagrun for tutorial_objectstorage to None, run_after=None
[2025-03-24T21:52:44.796+0800] {processor.py:208} INFO - Processing /Users/dionneleow/IS3107/IS3107-group11/backend/venv/lib/python3.12/site-packages/airflow/example_dags/tutorial_objectstorage.py took 0.089 seconds
[2025-03-24T21:53:54.201+0800] {processor.py:186} INFO - Started process (PID=65045) to work on /Users/dionneleow/IS3107/IS3107-group11/backend/venv/lib/python3.12/site-packages/airflow/example_dags/tutorial_objectstorage.py
[2025-03-24T21:53:54.201+0800] {processor.py:914} INFO - Processing file /Users/dionneleow/IS3107/IS3107-group11/backend/venv/lib/python3.12/site-packages/airflow/example_dags/tutorial_objectstorage.py for tasks to queue
[2025-03-24T21:53:54.202+0800] {logging_mixin.py:190} INFO - [2025-03-24T21:53:54.202+0800] {dagbag.py:588} INFO - Filling up the DagBag from /Users/dionneleow/IS3107/IS3107-group11/backend/venv/lib/python3.12/site-packages/airflow/example_dags/tutorial_objectstorage.py
[2025-03-24T21:53:54.224+0800] {processor.py:925} INFO - DAG(s) 'tutorial_objectstorage' retrieved from /Users/dionneleow/IS3107/IS3107-group11/backend/venv/lib/python3.12/site-packages/airflow/example_dags/tutorial_objectstorage.py
[2025-03-24T21:53:54.281+0800] {logging_mixin.py:190} INFO - [2025-03-24T21:53:54.281+0800] {dag.py:3239} INFO - Sync 1 DAGs
[2025-03-24T21:53:54.285+0800] {logging_mixin.py:190} INFO - [2025-03-24T21:53:54.285+0800] {dag.py:4180} INFO - Setting next_dagrun for tutorial_objectstorage to None, run_after=None
[2025-03-24T21:53:54.291+0800] {processor.py:208} INFO - Processing /Users/dionneleow/IS3107/IS3107-group11/backend/venv/lib/python3.12/site-packages/airflow/example_dags/tutorial_objectstorage.py took 0.092 seconds
[2025-03-24T21:54:59.554+0800] {processor.py:186} INFO - Started process (PID=65459) to work on /Users/dionneleow/IS3107/IS3107-group11/backend/venv/lib/python3.12/site-packages/airflow/example_dags/tutorial_objectstorage.py
[2025-03-24T21:54:59.554+0800] {processor.py:914} INFO - Processing file /Users/dionneleow/IS3107/IS3107-group11/backend/venv/lib/python3.12/site-packages/airflow/example_dags/tutorial_objectstorage.py for tasks to queue
[2025-03-24T21:54:59.555+0800] {logging_mixin.py:190} INFO - [2025-03-24T21:54:59.555+0800] {dagbag.py:588} INFO - Filling up the DagBag from /Users/dionneleow/IS3107/IS3107-group11/backend/venv/lib/python3.12/site-packages/airflow/example_dags/tutorial_objectstorage.py
[2025-03-24T21:54:59.569+0800] {processor.py:925} INFO - DAG(s) 'tutorial_objectstorage' retrieved from /Users/dionneleow/IS3107/IS3107-group11/backend/venv/lib/python3.12/site-packages/airflow/example_dags/tutorial_objectstorage.py
[2025-03-24T21:54:59.639+0800] {logging_mixin.py:190} INFO - [2025-03-24T21:54:59.638+0800] {dag.py:3239} INFO - Sync 1 DAGs
[2025-03-24T21:54:59.642+0800] {logging_mixin.py:190} INFO - [2025-03-24T21:54:59.642+0800] {dag.py:4180} INFO - Setting next_dagrun for tutorial_objectstorage to None, run_after=None
[2025-03-24T21:54:59.649+0800] {processor.py:208} INFO - Processing /Users/dionneleow/IS3107/IS3107-group11/backend/venv/lib/python3.12/site-packages/airflow/example_dags/tutorial_objectstorage.py took 0.096 seconds
[2025-03-24T21:56:09.880+0800] {processor.py:186} INFO - Started process (PID=65910) to work on /Users/dionneleow/IS3107/IS3107-group11/backend/venv/lib/python3.12/site-packages/airflow/example_dags/tutorial_objectstorage.py
[2025-03-24T21:56:09.881+0800] {processor.py:914} INFO - Processing file /Users/dionneleow/IS3107/IS3107-group11/backend/venv/lib/python3.12/site-packages/airflow/example_dags/tutorial_objectstorage.py for tasks to queue
[2025-03-24T21:56:09.881+0800] {logging_mixin.py:190} INFO - [2025-03-24T21:56:09.881+0800] {dagbag.py:588} INFO - Filling up the DagBag from /Users/dionneleow/IS3107/IS3107-group11/backend/venv/lib/python3.12/site-packages/airflow/example_dags/tutorial_objectstorage.py
[2025-03-24T21:56:09.897+0800] {processor.py:925} INFO - DAG(s) 'tutorial_objectstorage' retrieved from /Users/dionneleow/IS3107/IS3107-group11/backend/venv/lib/python3.12/site-packages/airflow/example_dags/tutorial_objectstorage.py
[2025-03-24T21:56:09.951+0800] {logging_mixin.py:190} INFO - [2025-03-24T21:56:09.951+0800] {dag.py:3239} INFO - Sync 1 DAGs
[2025-03-24T21:56:09.954+0800] {logging_mixin.py:190} INFO - [2025-03-24T21:56:09.954+0800] {dag.py:4180} INFO - Setting next_dagrun for tutorial_objectstorage to None, run_after=None
[2025-03-24T21:56:09.962+0800] {processor.py:208} INFO - Processing /Users/dionneleow/IS3107/IS3107-group11/backend/venv/lib/python3.12/site-packages/airflow/example_dags/tutorial_objectstorage.py took 0.083 seconds
[2025-03-24T21:57:17.960+0800] {processor.py:186} INFO - Started process (PID=66366) to work on /Users/dionneleow/IS3107/IS3107-group11/backend/venv/lib/python3.12/site-packages/airflow/example_dags/tutorial_objectstorage.py
[2025-03-24T21:57:17.961+0800] {processor.py:914} INFO - Processing file /Users/dionneleow/IS3107/IS3107-group11/backend/venv/lib/python3.12/site-packages/airflow/example_dags/tutorial_objectstorage.py for tasks to queue
[2025-03-24T21:57:17.961+0800] {logging_mixin.py:190} INFO - [2025-03-24T21:57:17.961+0800] {dagbag.py:588} INFO - Filling up the DagBag from /Users/dionneleow/IS3107/IS3107-group11/backend/venv/lib/python3.12/site-packages/airflow/example_dags/tutorial_objectstorage.py
[2025-03-24T21:57:17.982+0800] {processor.py:925} INFO - DAG(s) 'tutorial_objectstorage' retrieved from /Users/dionneleow/IS3107/IS3107-group11/backend/venv/lib/python3.12/site-packages/airflow/example_dags/tutorial_objectstorage.py
[2025-03-24T21:57:18.045+0800] {logging_mixin.py:190} INFO - [2025-03-24T21:57:18.045+0800] {dag.py:3239} INFO - Sync 1 DAGs
[2025-03-24T21:57:18.049+0800] {logging_mixin.py:190} INFO - [2025-03-24T21:57:18.049+0800] {dag.py:4180} INFO - Setting next_dagrun for tutorial_objectstorage to None, run_after=None
[2025-03-24T21:57:18.055+0800] {processor.py:208} INFO - Processing /Users/dionneleow/IS3107/IS3107-group11/backend/venv/lib/python3.12/site-packages/airflow/example_dags/tutorial_objectstorage.py took 0.097 seconds
[2025-03-24T21:58:26.714+0800] {processor.py:186} INFO - Started process (PID=66809) to work on /Users/dionneleow/IS3107/IS3107-group11/backend/venv/lib/python3.12/site-packages/airflow/example_dags/tutorial_objectstorage.py
[2025-03-24T21:58:26.715+0800] {processor.py:914} INFO - Processing file /Users/dionneleow/IS3107/IS3107-group11/backend/venv/lib/python3.12/site-packages/airflow/example_dags/tutorial_objectstorage.py for tasks to queue
[2025-03-24T21:58:26.715+0800] {logging_mixin.py:190} INFO - [2025-03-24T21:58:26.715+0800] {dagbag.py:588} INFO - Filling up the DagBag from /Users/dionneleow/IS3107/IS3107-group11/backend/venv/lib/python3.12/site-packages/airflow/example_dags/tutorial_objectstorage.py
[2025-03-24T21:58:26.736+0800] {processor.py:925} INFO - DAG(s) 'tutorial_objectstorage' retrieved from /Users/dionneleow/IS3107/IS3107-group11/backend/venv/lib/python3.12/site-packages/airflow/example_dags/tutorial_objectstorage.py
[2025-03-24T21:58:26.795+0800] {logging_mixin.py:190} INFO - [2025-03-24T21:58:26.795+0800] {dag.py:3239} INFO - Sync 1 DAGs
[2025-03-24T21:58:26.799+0800] {logging_mixin.py:190} INFO - [2025-03-24T21:58:26.799+0800] {dag.py:4180} INFO - Setting next_dagrun for tutorial_objectstorage to None, run_after=None
[2025-03-24T21:58:26.806+0800] {processor.py:208} INFO - Processing /Users/dionneleow/IS3107/IS3107-group11/backend/venv/lib/python3.12/site-packages/airflow/example_dags/tutorial_objectstorage.py took 0.094 seconds
[2025-03-24T21:59:34.158+0800] {processor.py:186} INFO - Started process (PID=67141) to work on /Users/dionneleow/IS3107/IS3107-group11/backend/venv/lib/python3.12/site-packages/airflow/example_dags/tutorial_objectstorage.py
[2025-03-24T21:59:34.159+0800] {processor.py:914} INFO - Processing file /Users/dionneleow/IS3107/IS3107-group11/backend/venv/lib/python3.12/site-packages/airflow/example_dags/tutorial_objectstorage.py for tasks to queue
[2025-03-24T21:59:34.160+0800] {logging_mixin.py:190} INFO - [2025-03-24T21:59:34.160+0800] {dagbag.py:588} INFO - Filling up the DagBag from /Users/dionneleow/IS3107/IS3107-group11/backend/venv/lib/python3.12/site-packages/airflow/example_dags/tutorial_objectstorage.py
[2025-03-24T21:59:34.174+0800] {processor.py:925} INFO - DAG(s) 'tutorial_objectstorage' retrieved from /Users/dionneleow/IS3107/IS3107-group11/backend/venv/lib/python3.12/site-packages/airflow/example_dags/tutorial_objectstorage.py
[2025-03-24T21:59:34.229+0800] {logging_mixin.py:190} INFO - [2025-03-24T21:59:34.229+0800] {dag.py:3239} INFO - Sync 1 DAGs
[2025-03-24T21:59:34.233+0800] {logging_mixin.py:190} INFO - [2025-03-24T21:59:34.233+0800] {dag.py:4180} INFO - Setting next_dagrun for tutorial_objectstorage to None, run_after=None
[2025-03-24T21:59:34.240+0800] {processor.py:208} INFO - Processing /Users/dionneleow/IS3107/IS3107-group11/backend/venv/lib/python3.12/site-packages/airflow/example_dags/tutorial_objectstorage.py took 0.083 seconds
[2025-03-24T22:00:36.309+0800] {processor.py:186} INFO - Started process (PID=67500) to work on /Users/dionneleow/IS3107/IS3107-group11/backend/venv/lib/python3.12/site-packages/airflow/example_dags/tutorial_objectstorage.py
[2025-03-24T22:00:36.309+0800] {processor.py:914} INFO - Processing file /Users/dionneleow/IS3107/IS3107-group11/backend/venv/lib/python3.12/site-packages/airflow/example_dags/tutorial_objectstorage.py for tasks to queue
[2025-03-24T22:00:36.310+0800] {logging_mixin.py:190} INFO - [2025-03-24T22:00:36.310+0800] {dagbag.py:588} INFO - Filling up the DagBag from /Users/dionneleow/IS3107/IS3107-group11/backend/venv/lib/python3.12/site-packages/airflow/example_dags/tutorial_objectstorage.py
[2025-03-24T22:00:36.325+0800] {processor.py:925} INFO - DAG(s) 'tutorial_objectstorage' retrieved from /Users/dionneleow/IS3107/IS3107-group11/backend/venv/lib/python3.12/site-packages/airflow/example_dags/tutorial_objectstorage.py
[2025-03-24T22:00:36.380+0800] {logging_mixin.py:190} INFO - [2025-03-24T22:00:36.380+0800] {dag.py:3239} INFO - Sync 1 DAGs
[2025-03-24T22:00:36.384+0800] {logging_mixin.py:190} INFO - [2025-03-24T22:00:36.384+0800] {dag.py:4180} INFO - Setting next_dagrun for tutorial_objectstorage to None, run_after=None
[2025-03-24T22:00:36.390+0800] {processor.py:208} INFO - Processing /Users/dionneleow/IS3107/IS3107-group11/backend/venv/lib/python3.12/site-packages/airflow/example_dags/tutorial_objectstorage.py took 0.083 seconds
[2025-03-24T22:01:38.415+0800] {processor.py:186} INFO - Started process (PID=67860) to work on /Users/dionneleow/IS3107/IS3107-group11/backend/venv/lib/python3.12/site-packages/airflow/example_dags/tutorial_objectstorage.py
[2025-03-24T22:01:38.415+0800] {processor.py:914} INFO - Processing file /Users/dionneleow/IS3107/IS3107-group11/backend/venv/lib/python3.12/site-packages/airflow/example_dags/tutorial_objectstorage.py for tasks to queue
[2025-03-24T22:01:38.416+0800] {logging_mixin.py:190} INFO - [2025-03-24T22:01:38.416+0800] {dagbag.py:588} INFO - Filling up the DagBag from /Users/dionneleow/IS3107/IS3107-group11/backend/venv/lib/python3.12/site-packages/airflow/example_dags/tutorial_objectstorage.py
[2025-03-24T22:01:38.429+0800] {processor.py:925} INFO - DAG(s) 'tutorial_objectstorage' retrieved from /Users/dionneleow/IS3107/IS3107-group11/backend/venv/lib/python3.12/site-packages/airflow/example_dags/tutorial_objectstorage.py
[2025-03-24T22:01:38.483+0800] {logging_mixin.py:190} INFO - [2025-03-24T22:01:38.483+0800] {dag.py:3239} INFO - Sync 1 DAGs
[2025-03-24T22:01:38.486+0800] {logging_mixin.py:190} INFO - [2025-03-24T22:01:38.486+0800] {dag.py:4180} INFO - Setting next_dagrun for tutorial_objectstorage to None, run_after=None
[2025-03-24T22:01:38.493+0800] {processor.py:208} INFO - Processing /Users/dionneleow/IS3107/IS3107-group11/backend/venv/lib/python3.12/site-packages/airflow/example_dags/tutorial_objectstorage.py took 0.080 seconds
[2025-03-24T22:02:44.756+0800] {processor.py:186} INFO - Started process (PID=68252) to work on /Users/dionneleow/IS3107/IS3107-group11/backend/venv/lib/python3.12/site-packages/airflow/example_dags/tutorial_objectstorage.py
[2025-03-24T22:02:44.756+0800] {processor.py:914} INFO - Processing file /Users/dionneleow/IS3107/IS3107-group11/backend/venv/lib/python3.12/site-packages/airflow/example_dags/tutorial_objectstorage.py for tasks to queue
[2025-03-24T22:02:44.757+0800] {logging_mixin.py:190} INFO - [2025-03-24T22:02:44.757+0800] {dagbag.py:588} INFO - Filling up the DagBag from /Users/dionneleow/IS3107/IS3107-group11/backend/venv/lib/python3.12/site-packages/airflow/example_dags/tutorial_objectstorage.py
[2025-03-24T22:02:44.771+0800] {processor.py:925} INFO - DAG(s) 'tutorial_objectstorage' retrieved from /Users/dionneleow/IS3107/IS3107-group11/backend/venv/lib/python3.12/site-packages/airflow/example_dags/tutorial_objectstorage.py
[2025-03-24T22:02:44.863+0800] {logging_mixin.py:190} INFO - [2025-03-24T22:02:44.863+0800] {dag.py:3239} INFO - Sync 1 DAGs
[2025-03-24T22:02:44.883+0800] {logging_mixin.py:190} INFO - [2025-03-24T22:02:44.883+0800] {dag.py:4180} INFO - Setting next_dagrun for tutorial_objectstorage to None, run_after=None
[2025-03-24T22:02:44.962+0800] {processor.py:208} INFO - Processing /Users/dionneleow/IS3107/IS3107-group11/backend/venv/lib/python3.12/site-packages/airflow/example_dags/tutorial_objectstorage.py took 0.207 seconds
[2025-03-24T22:03:52.646+0800] {processor.py:186} INFO - Started process (PID=68700) to work on /Users/dionneleow/IS3107/IS3107-group11/backend/venv/lib/python3.12/site-packages/airflow/example_dags/tutorial_objectstorage.py
[2025-03-24T22:03:52.650+0800] {processor.py:914} INFO - Processing file /Users/dionneleow/IS3107/IS3107-group11/backend/venv/lib/python3.12/site-packages/airflow/example_dags/tutorial_objectstorage.py for tasks to queue
[2025-03-24T22:03:52.650+0800] {logging_mixin.py:190} INFO - [2025-03-24T22:03:52.650+0800] {dagbag.py:588} INFO - Filling up the DagBag from /Users/dionneleow/IS3107/IS3107-group11/backend/venv/lib/python3.12/site-packages/airflow/example_dags/tutorial_objectstorage.py
[2025-03-24T22:03:52.664+0800] {processor.py:925} INFO - DAG(s) 'tutorial_objectstorage' retrieved from /Users/dionneleow/IS3107/IS3107-group11/backend/venv/lib/python3.12/site-packages/airflow/example_dags/tutorial_objectstorage.py
[2025-03-24T22:03:52.717+0800] {logging_mixin.py:190} INFO - [2025-03-24T22:03:52.717+0800] {dag.py:3239} INFO - Sync 1 DAGs
[2025-03-24T22:03:52.721+0800] {logging_mixin.py:190} INFO - [2025-03-24T22:03:52.721+0800] {dag.py:4180} INFO - Setting next_dagrun for tutorial_objectstorage to None, run_after=None
[2025-03-24T22:03:52.727+0800] {processor.py:208} INFO - Processing /Users/dionneleow/IS3107/IS3107-group11/backend/venv/lib/python3.12/site-packages/airflow/example_dags/tutorial_objectstorage.py took 0.082 seconds
[2025-03-24T22:05:02.236+0800] {processor.py:186} INFO - Started process (PID=69073) to work on /Users/dionneleow/IS3107/IS3107-group11/backend/venv/lib/python3.12/site-packages/airflow/example_dags/tutorial_objectstorage.py
[2025-03-24T22:05:02.236+0800] {processor.py:914} INFO - Processing file /Users/dionneleow/IS3107/IS3107-group11/backend/venv/lib/python3.12/site-packages/airflow/example_dags/tutorial_objectstorage.py for tasks to queue
[2025-03-24T22:05:02.237+0800] {logging_mixin.py:190} INFO - [2025-03-24T22:05:02.237+0800] {dagbag.py:588} INFO - Filling up the DagBag from /Users/dionneleow/IS3107/IS3107-group11/backend/venv/lib/python3.12/site-packages/airflow/example_dags/tutorial_objectstorage.py
[2025-03-24T22:05:02.250+0800] {processor.py:925} INFO - DAG(s) 'tutorial_objectstorage' retrieved from /Users/dionneleow/IS3107/IS3107-group11/backend/venv/lib/python3.12/site-packages/airflow/example_dags/tutorial_objectstorage.py
[2025-03-24T22:05:02.302+0800] {logging_mixin.py:190} INFO - [2025-03-24T22:05:02.302+0800] {dag.py:3239} INFO - Sync 1 DAGs
[2025-03-24T22:05:02.307+0800] {logging_mixin.py:190} INFO - [2025-03-24T22:05:02.307+0800] {dag.py:4180} INFO - Setting next_dagrun for tutorial_objectstorage to None, run_after=None
[2025-03-24T22:05:02.316+0800] {processor.py:208} INFO - Processing /Users/dionneleow/IS3107/IS3107-group11/backend/venv/lib/python3.12/site-packages/airflow/example_dags/tutorial_objectstorage.py took 0.081 seconds
[2025-03-24T22:06:09.685+0800] {processor.py:186} INFO - Started process (PID=69401) to work on /Users/dionneleow/IS3107/IS3107-group11/backend/venv/lib/python3.12/site-packages/airflow/example_dags/tutorial_objectstorage.py
[2025-03-24T22:06:09.686+0800] {processor.py:914} INFO - Processing file /Users/dionneleow/IS3107/IS3107-group11/backend/venv/lib/python3.12/site-packages/airflow/example_dags/tutorial_objectstorage.py for tasks to queue
[2025-03-24T22:06:09.687+0800] {logging_mixin.py:190} INFO - [2025-03-24T22:06:09.687+0800] {dagbag.py:588} INFO - Filling up the DagBag from /Users/dionneleow/IS3107/IS3107-group11/backend/venv/lib/python3.12/site-packages/airflow/example_dags/tutorial_objectstorage.py
[2025-03-24T22:06:09.700+0800] {processor.py:925} INFO - DAG(s) 'tutorial_objectstorage' retrieved from /Users/dionneleow/IS3107/IS3107-group11/backend/venv/lib/python3.12/site-packages/airflow/example_dags/tutorial_objectstorage.py
[2025-03-24T22:06:09.752+0800] {logging_mixin.py:190} INFO - [2025-03-24T22:06:09.752+0800] {dag.py:3239} INFO - Sync 1 DAGs
[2025-03-24T22:06:09.755+0800] {logging_mixin.py:190} INFO - [2025-03-24T22:06:09.755+0800] {dag.py:4180} INFO - Setting next_dagrun for tutorial_objectstorage to None, run_after=None
[2025-03-24T22:06:09.763+0800] {processor.py:208} INFO - Processing /Users/dionneleow/IS3107/IS3107-group11/backend/venv/lib/python3.12/site-packages/airflow/example_dags/tutorial_objectstorage.py took 0.079 seconds
[2025-03-24T22:07:19.420+0800] {processor.py:186} INFO - Started process (PID=69788) to work on /Users/dionneleow/IS3107/IS3107-group11/backend/venv/lib/python3.12/site-packages/airflow/example_dags/tutorial_objectstorage.py
[2025-03-24T22:07:19.421+0800] {processor.py:914} INFO - Processing file /Users/dionneleow/IS3107/IS3107-group11/backend/venv/lib/python3.12/site-packages/airflow/example_dags/tutorial_objectstorage.py for tasks to queue
[2025-03-24T22:07:19.421+0800] {logging_mixin.py:190} INFO - [2025-03-24T22:07:19.421+0800] {dagbag.py:588} INFO - Filling up the DagBag from /Users/dionneleow/IS3107/IS3107-group11/backend/venv/lib/python3.12/site-packages/airflow/example_dags/tutorial_objectstorage.py
[2025-03-24T22:07:19.434+0800] {processor.py:925} INFO - DAG(s) 'tutorial_objectstorage' retrieved from /Users/dionneleow/IS3107/IS3107-group11/backend/venv/lib/python3.12/site-packages/airflow/example_dags/tutorial_objectstorage.py
[2025-03-24T22:07:19.485+0800] {logging_mixin.py:190} INFO - [2025-03-24T22:07:19.485+0800] {dag.py:3239} INFO - Sync 1 DAGs
[2025-03-24T22:07:19.488+0800] {logging_mixin.py:190} INFO - [2025-03-24T22:07:19.488+0800] {dag.py:4180} INFO - Setting next_dagrun for tutorial_objectstorage to None, run_after=None
[2025-03-24T22:07:19.495+0800] {processor.py:208} INFO - Processing /Users/dionneleow/IS3107/IS3107-group11/backend/venv/lib/python3.12/site-packages/airflow/example_dags/tutorial_objectstorage.py took 0.076 seconds
[2025-03-24T22:08:31.132+0800] {processor.py:186} INFO - Started process (PID=70191) to work on /Users/dionneleow/IS3107/IS3107-group11/backend/venv/lib/python3.12/site-packages/airflow/example_dags/tutorial_objectstorage.py
[2025-03-24T22:08:31.133+0800] {processor.py:914} INFO - Processing file /Users/dionneleow/IS3107/IS3107-group11/backend/venv/lib/python3.12/site-packages/airflow/example_dags/tutorial_objectstorage.py for tasks to queue
[2025-03-24T22:08:31.133+0800] {logging_mixin.py:190} INFO - [2025-03-24T22:08:31.133+0800] {dagbag.py:588} INFO - Filling up the DagBag from /Users/dionneleow/IS3107/IS3107-group11/backend/venv/lib/python3.12/site-packages/airflow/example_dags/tutorial_objectstorage.py
[2025-03-24T22:08:31.147+0800] {processor.py:925} INFO - DAG(s) 'tutorial_objectstorage' retrieved from /Users/dionneleow/IS3107/IS3107-group11/backend/venv/lib/python3.12/site-packages/airflow/example_dags/tutorial_objectstorage.py
[2025-03-24T22:08:31.199+0800] {logging_mixin.py:190} INFO - [2025-03-24T22:08:31.198+0800] {dag.py:3239} INFO - Sync 1 DAGs
[2025-03-24T22:08:31.202+0800] {logging_mixin.py:190} INFO - [2025-03-24T22:08:31.202+0800] {dag.py:4180} INFO - Setting next_dagrun for tutorial_objectstorage to None, run_after=None
[2025-03-24T22:08:31.208+0800] {processor.py:208} INFO - Processing /Users/dionneleow/IS3107/IS3107-group11/backend/venv/lib/python3.12/site-packages/airflow/example_dags/tutorial_objectstorage.py took 0.077 seconds
[2025-03-24T22:09:43.895+0800] {processor.py:186} INFO - Started process (PID=70565) to work on /Users/dionneleow/IS3107/IS3107-group11/backend/venv/lib/python3.12/site-packages/airflow/example_dags/tutorial_objectstorage.py
[2025-03-24T22:09:43.896+0800] {processor.py:914} INFO - Processing file /Users/dionneleow/IS3107/IS3107-group11/backend/venv/lib/python3.12/site-packages/airflow/example_dags/tutorial_objectstorage.py for tasks to queue
[2025-03-24T22:09:43.896+0800] {logging_mixin.py:190} INFO - [2025-03-24T22:09:43.896+0800] {dagbag.py:588} INFO - Filling up the DagBag from /Users/dionneleow/IS3107/IS3107-group11/backend/venv/lib/python3.12/site-packages/airflow/example_dags/tutorial_objectstorage.py
[2025-03-24T22:09:43.910+0800] {processor.py:925} INFO - DAG(s) 'tutorial_objectstorage' retrieved from /Users/dionneleow/IS3107/IS3107-group11/backend/venv/lib/python3.12/site-packages/airflow/example_dags/tutorial_objectstorage.py
[2025-03-24T22:09:43.963+0800] {logging_mixin.py:190} INFO - [2025-03-24T22:09:43.963+0800] {dag.py:3239} INFO - Sync 1 DAGs
[2025-03-24T22:09:43.967+0800] {logging_mixin.py:190} INFO - [2025-03-24T22:09:43.967+0800] {dag.py:4180} INFO - Setting next_dagrun for tutorial_objectstorage to None, run_after=None
[2025-03-24T22:09:43.973+0800] {processor.py:208} INFO - Processing /Users/dionneleow/IS3107/IS3107-group11/backend/venv/lib/python3.12/site-packages/airflow/example_dags/tutorial_objectstorage.py took 0.080 seconds
