[2025-03-24T21:47:22.370+0800] {processor.py:186} INFO - Started process (PID=62367) to work on /Users/dionneleow/IS3107/IS3107-group11/backend/venv/lib/python3.12/site-packages/airflow/example_dags/tutorial.py
[2025-03-24T21:47:22.371+0800] {processor.py:914} INFO - Processing file /Users/dionneleow/IS3107/IS3107-group11/backend/venv/lib/python3.12/site-packages/airflow/example_dags/tutorial.py for tasks to queue
[2025-03-24T21:47:22.371+0800] {logging_mixin.py:190} INFO - [2025-03-24T21:47:22.371+0800] {dagbag.py:588} INFO - Filling up the DagBag from /Users/dionneleow/IS3107/IS3107-group11/backend/venv/lib/python3.12/site-packages/airflow/example_dags/tutorial.py
[2025-03-24T21:47:22.374+0800] {processor.py:925} INFO - DAG(s) 'tutorial' retrieved from /Users/dionneleow/IS3107/IS3107-group11/backend/venv/lib/python3.12/site-packages/airflow/example_dags/tutorial.py
[2025-03-24T21:47:22.469+0800] {logging_mixin.py:190} INFO - [2025-03-24T21:47:22.469+0800] {override.py:1912} INFO - Created Permission View: can read on DAG:tutorial
[2025-03-24T21:47:22.473+0800] {logging_mixin.py:190} INFO - [2025-03-24T21:47:22.472+0800] {override.py:1912} INFO - Created Permission View: can delete on DAG:tutorial
[2025-03-24T21:47:22.475+0800] {logging_mixin.py:190} INFO - [2025-03-24T21:47:22.475+0800] {override.py:1912} INFO - Created Permission View: can edit on DAG:tutorial
[2025-03-24T21:47:22.477+0800] {logging_mixin.py:190} INFO - [2025-03-24T21:47:22.477+0800] {override.py:1912} INFO - Created Permission View: can read on DAG Run:tutorial
[2025-03-24T21:47:22.479+0800] {logging_mixin.py:190} INFO - [2025-03-24T21:47:22.479+0800] {override.py:1912} INFO - Created Permission View: can delete on DAG Run:tutorial
[2025-03-24T21:47:22.481+0800] {logging_mixin.py:190} INFO - [2025-03-24T21:47:22.481+0800] {override.py:1912} INFO - Created Permission View: menu access on DAG Run:tutorial
[2025-03-24T21:47:22.483+0800] {logging_mixin.py:190} INFO - [2025-03-24T21:47:22.483+0800] {override.py:1912} INFO - Created Permission View: can create on DAG Run:tutorial
[2025-03-24T21:47:22.483+0800] {logging_mixin.py:190} INFO - [2025-03-24T21:47:22.483+0800] {dag.py:3239} INFO - Sync 1 DAGs
[2025-03-24T21:47:22.487+0800] {logging_mixin.py:190} INFO - [2025-03-24T21:47:22.487+0800] {dag.py:3262} INFO - Creating ORM DAG for tutorial
[2025-03-24T21:47:22.490+0800] {logging_mixin.py:190} INFO - [2025-03-24T21:47:22.490+0800] {dag.py:4180} INFO - Setting next_dagrun for tutorial to 2025-03-23 00:00:00+00:00, run_after=2025-03-24 00:00:00+00:00
[2025-03-24T21:47:22.495+0800] {processor.py:208} INFO - Processing /Users/dionneleow/IS3107/IS3107-group11/backend/venv/lib/python3.12/site-packages/airflow/example_dags/tutorial.py took 0.127 seconds
[2025-03-24T21:48:31.489+0800] {processor.py:186} INFO - Started process (PID=62872) to work on /Users/dionneleow/IS3107/IS3107-group11/backend/venv/lib/python3.12/site-packages/airflow/example_dags/tutorial.py
[2025-03-24T21:48:31.490+0800] {processor.py:914} INFO - Processing file /Users/dionneleow/IS3107/IS3107-group11/backend/venv/lib/python3.12/site-packages/airflow/example_dags/tutorial.py for tasks to queue
[2025-03-24T21:48:31.490+0800] {logging_mixin.py:190} INFO - [2025-03-24T21:48:31.490+0800] {dagbag.py:588} INFO - Filling up the DagBag from /Users/dionneleow/IS3107/IS3107-group11/backend/venv/lib/python3.12/site-packages/airflow/example_dags/tutorial.py
[2025-03-24T21:48:31.494+0800] {processor.py:925} INFO - DAG(s) 'tutorial' retrieved from /Users/dionneleow/IS3107/IS3107-group11/backend/venv/lib/python3.12/site-packages/airflow/example_dags/tutorial.py
[2025-03-24T21:48:31.539+0800] {logging_mixin.py:190} INFO - [2025-03-24T21:48:31.538+0800] {dag.py:3239} INFO - Sync 1 DAGs
[2025-03-24T21:48:31.549+0800] {logging_mixin.py:190} INFO - [2025-03-24T21:48:31.548+0800] {dag.py:4180} INFO - Setting next_dagrun for tutorial to 2025-03-23 00:00:00+00:00, run_after=2025-03-24 00:00:00+00:00
[2025-03-24T21:48:31.600+0800] {processor.py:208} INFO - Processing /Users/dionneleow/IS3107/IS3107-group11/backend/venv/lib/python3.12/site-packages/airflow/example_dags/tutorial.py took 0.112 seconds
[2025-03-24T21:50:22.810+0800] {processor.py:186} INFO - Started process (PID=63707) to work on /Users/dionneleow/IS3107/IS3107-group11/backend/venv/lib/python3.12/site-packages/airflow/example_dags/tutorial.py
[2025-03-24T21:50:22.811+0800] {processor.py:914} INFO - Processing file /Users/dionneleow/IS3107/IS3107-group11/backend/venv/lib/python3.12/site-packages/airflow/example_dags/tutorial.py for tasks to queue
[2025-03-24T21:50:22.811+0800] {logging_mixin.py:190} INFO - [2025-03-24T21:50:22.811+0800] {dagbag.py:588} INFO - Filling up the DagBag from /Users/dionneleow/IS3107/IS3107-group11/backend/venv/lib/python3.12/site-packages/airflow/example_dags/tutorial.py
[2025-03-24T21:50:22.814+0800] {processor.py:925} INFO - DAG(s) 'tutorial' retrieved from /Users/dionneleow/IS3107/IS3107-group11/backend/venv/lib/python3.12/site-packages/airflow/example_dags/tutorial.py
[2025-03-24T21:50:22.848+0800] {logging_mixin.py:190} INFO - [2025-03-24T21:50:22.848+0800] {dag.py:3239} INFO - Sync 1 DAGs
[2025-03-24T21:50:22.856+0800] {logging_mixin.py:190} INFO - [2025-03-24T21:50:22.856+0800] {dag.py:4180} INFO - Setting next_dagrun for tutorial to 2025-03-23 00:00:00+00:00, run_after=2025-03-24 00:00:00+00:00
[2025-03-24T21:50:22.891+0800] {processor.py:208} INFO - Processing /Users/dionneleow/IS3107/IS3107-group11/backend/venv/lib/python3.12/site-packages/airflow/example_dags/tutorial.py took 0.083 seconds
[2025-03-24T21:51:39.525+0800] {processor.py:186} INFO - Started process (PID=64241) to work on /Users/dionneleow/IS3107/IS3107-group11/backend/venv/lib/python3.12/site-packages/airflow/example_dags/tutorial.py
[2025-03-24T21:51:39.526+0800] {processor.py:914} INFO - Processing file /Users/dionneleow/IS3107/IS3107-group11/backend/venv/lib/python3.12/site-packages/airflow/example_dags/tutorial.py for tasks to queue
[2025-03-24T21:51:39.526+0800] {logging_mixin.py:190} INFO - [2025-03-24T21:51:39.526+0800] {dagbag.py:588} INFO - Filling up the DagBag from /Users/dionneleow/IS3107/IS3107-group11/backend/venv/lib/python3.12/site-packages/airflow/example_dags/tutorial.py
[2025-03-24T21:51:39.529+0800] {processor.py:925} INFO - DAG(s) 'tutorial' retrieved from /Users/dionneleow/IS3107/IS3107-group11/backend/venv/lib/python3.12/site-packages/airflow/example_dags/tutorial.py
[2025-03-24T21:51:39.562+0800] {logging_mixin.py:190} INFO - [2025-03-24T21:51:39.562+0800] {dag.py:3239} INFO - Sync 1 DAGs
[2025-03-24T21:51:39.569+0800] {logging_mixin.py:190} INFO - [2025-03-24T21:51:39.568+0800] {dag.py:4180} INFO - Setting next_dagrun for tutorial to 2025-03-23 00:00:00+00:00, run_after=2025-03-24 00:00:00+00:00
[2025-03-24T21:51:39.605+0800] {processor.py:208} INFO - Processing /Users/dionneleow/IS3107/IS3107-group11/backend/venv/lib/python3.12/site-packages/airflow/example_dags/tutorial.py took 0.082 seconds
[2025-03-24T21:52:48.369+0800] {processor.py:186} INFO - Started process (PID=64637) to work on /Users/dionneleow/IS3107/IS3107-group11/backend/venv/lib/python3.12/site-packages/airflow/example_dags/tutorial.py
[2025-03-24T21:52:48.370+0800] {processor.py:914} INFO - Processing file /Users/dionneleow/IS3107/IS3107-group11/backend/venv/lib/python3.12/site-packages/airflow/example_dags/tutorial.py for tasks to queue
[2025-03-24T21:52:48.370+0800] {logging_mixin.py:190} INFO - [2025-03-24T21:52:48.370+0800] {dagbag.py:588} INFO - Filling up the DagBag from /Users/dionneleow/IS3107/IS3107-group11/backend/venv/lib/python3.12/site-packages/airflow/example_dags/tutorial.py
[2025-03-24T21:52:48.373+0800] {processor.py:925} INFO - DAG(s) 'tutorial' retrieved from /Users/dionneleow/IS3107/IS3107-group11/backend/venv/lib/python3.12/site-packages/airflow/example_dags/tutorial.py
[2025-03-24T21:52:48.404+0800] {logging_mixin.py:190} INFO - [2025-03-24T21:52:48.404+0800] {dag.py:3239} INFO - Sync 1 DAGs
[2025-03-24T21:52:48.410+0800] {logging_mixin.py:190} INFO - [2025-03-24T21:52:48.410+0800] {dag.py:4180} INFO - Setting next_dagrun for tutorial to 2025-03-23 00:00:00+00:00, run_after=2025-03-24 00:00:00+00:00
[2025-03-24T21:52:48.440+0800] {processor.py:208} INFO - Processing /Users/dionneleow/IS3107/IS3107-group11/backend/venv/lib/python3.12/site-packages/airflow/example_dags/tutorial.py took 0.072 seconds
[2025-03-24T21:53:57.070+0800] {processor.py:186} INFO - Started process (PID=65064) to work on /Users/dionneleow/IS3107/IS3107-group11/backend/venv/lib/python3.12/site-packages/airflow/example_dags/tutorial.py
[2025-03-24T21:53:57.071+0800] {processor.py:914} INFO - Processing file /Users/dionneleow/IS3107/IS3107-group11/backend/venv/lib/python3.12/site-packages/airflow/example_dags/tutorial.py for tasks to queue
[2025-03-24T21:53:57.071+0800] {logging_mixin.py:190} INFO - [2025-03-24T21:53:57.071+0800] {dagbag.py:588} INFO - Filling up the DagBag from /Users/dionneleow/IS3107/IS3107-group11/backend/venv/lib/python3.12/site-packages/airflow/example_dags/tutorial.py
[2025-03-24T21:53:57.074+0800] {processor.py:925} INFO - DAG(s) 'tutorial' retrieved from /Users/dionneleow/IS3107/IS3107-group11/backend/venv/lib/python3.12/site-packages/airflow/example_dags/tutorial.py
[2025-03-24T21:53:57.108+0800] {logging_mixin.py:190} INFO - [2025-03-24T21:53:57.108+0800] {dag.py:3239} INFO - Sync 1 DAGs
[2025-03-24T21:53:57.114+0800] {logging_mixin.py:190} INFO - [2025-03-24T21:53:57.114+0800] {dag.py:4180} INFO - Setting next_dagrun for tutorial to 2025-03-23 00:00:00+00:00, run_after=2025-03-24 00:00:00+00:00
[2025-03-24T21:53:57.144+0800] {processor.py:208} INFO - Processing /Users/dionneleow/IS3107/IS3107-group11/backend/venv/lib/python3.12/site-packages/airflow/example_dags/tutorial.py took 0.076 seconds
[2025-03-24T21:55:02.314+0800] {processor.py:186} INFO - Started process (PID=65489) to work on /Users/dionneleow/IS3107/IS3107-group11/backend/venv/lib/python3.12/site-packages/airflow/example_dags/tutorial.py
[2025-03-24T21:55:02.315+0800] {processor.py:914} INFO - Processing file /Users/dionneleow/IS3107/IS3107-group11/backend/venv/lib/python3.12/site-packages/airflow/example_dags/tutorial.py for tasks to queue
[2025-03-24T21:55:02.316+0800] {logging_mixin.py:190} INFO - [2025-03-24T21:55:02.316+0800] {dagbag.py:588} INFO - Filling up the DagBag from /Users/dionneleow/IS3107/IS3107-group11/backend/venv/lib/python3.12/site-packages/airflow/example_dags/tutorial.py
[2025-03-24T21:55:02.318+0800] {processor.py:925} INFO - DAG(s) 'tutorial' retrieved from /Users/dionneleow/IS3107/IS3107-group11/backend/venv/lib/python3.12/site-packages/airflow/example_dags/tutorial.py
[2025-03-24T21:55:02.351+0800] {logging_mixin.py:190} INFO - [2025-03-24T21:55:02.351+0800] {dag.py:3239} INFO - Sync 1 DAGs
[2025-03-24T21:55:02.358+0800] {logging_mixin.py:190} INFO - [2025-03-24T21:55:02.358+0800] {dag.py:4180} INFO - Setting next_dagrun for tutorial to 2025-03-23 00:00:00+00:00, run_after=2025-03-24 00:00:00+00:00
[2025-03-24T21:55:02.388+0800] {processor.py:208} INFO - Processing /Users/dionneleow/IS3107/IS3107-group11/backend/venv/lib/python3.12/site-packages/airflow/example_dags/tutorial.py took 0.075 seconds
[2025-03-24T21:56:13.343+0800] {processor.py:186} INFO - Started process (PID=65934) to work on /Users/dionneleow/IS3107/IS3107-group11/backend/venv/lib/python3.12/site-packages/airflow/example_dags/tutorial.py
[2025-03-24T21:56:13.343+0800] {processor.py:914} INFO - Processing file /Users/dionneleow/IS3107/IS3107-group11/backend/venv/lib/python3.12/site-packages/airflow/example_dags/tutorial.py for tasks to queue
[2025-03-24T21:56:13.344+0800] {logging_mixin.py:190} INFO - [2025-03-24T21:56:13.344+0800] {dagbag.py:588} INFO - Filling up the DagBag from /Users/dionneleow/IS3107/IS3107-group11/backend/venv/lib/python3.12/site-packages/airflow/example_dags/tutorial.py
[2025-03-24T21:56:13.347+0800] {processor.py:925} INFO - DAG(s) 'tutorial' retrieved from /Users/dionneleow/IS3107/IS3107-group11/backend/venv/lib/python3.12/site-packages/airflow/example_dags/tutorial.py
[2025-03-24T21:56:13.377+0800] {logging_mixin.py:190} INFO - [2025-03-24T21:56:13.377+0800] {dag.py:3239} INFO - Sync 1 DAGs
[2025-03-24T21:56:13.383+0800] {logging_mixin.py:190} INFO - [2025-03-24T21:56:13.383+0800] {dag.py:4180} INFO - Setting next_dagrun for tutorial to 2025-03-23 00:00:00+00:00, run_after=2025-03-24 00:00:00+00:00
[2025-03-24T21:56:13.412+0800] {processor.py:208} INFO - Processing /Users/dionneleow/IS3107/IS3107-group11/backend/venv/lib/python3.12/site-packages/airflow/example_dags/tutorial.py took 0.071 seconds
[2025-03-24T21:57:21.068+0800] {processor.py:186} INFO - Started process (PID=66388) to work on /Users/dionneleow/IS3107/IS3107-group11/backend/venv/lib/python3.12/site-packages/airflow/example_dags/tutorial.py
[2025-03-24T21:57:21.069+0800] {processor.py:914} INFO - Processing file /Users/dionneleow/IS3107/IS3107-group11/backend/venv/lib/python3.12/site-packages/airflow/example_dags/tutorial.py for tasks to queue
[2025-03-24T21:57:21.069+0800] {logging_mixin.py:190} INFO - [2025-03-24T21:57:21.069+0800] {dagbag.py:588} INFO - Filling up the DagBag from /Users/dionneleow/IS3107/IS3107-group11/backend/venv/lib/python3.12/site-packages/airflow/example_dags/tutorial.py
[2025-03-24T21:57:21.072+0800] {processor.py:925} INFO - DAG(s) 'tutorial' retrieved from /Users/dionneleow/IS3107/IS3107-group11/backend/venv/lib/python3.12/site-packages/airflow/example_dags/tutorial.py
[2025-03-24T21:57:21.106+0800] {logging_mixin.py:190} INFO - [2025-03-24T21:57:21.106+0800] {dag.py:3239} INFO - Sync 1 DAGs
[2025-03-24T21:57:21.112+0800] {logging_mixin.py:190} INFO - [2025-03-24T21:57:21.112+0800] {dag.py:4180} INFO - Setting next_dagrun for tutorial to 2025-03-23 00:00:00+00:00, run_after=2025-03-24 00:00:00+00:00
[2025-03-24T21:57:21.156+0800] {processor.py:208} INFO - Processing /Users/dionneleow/IS3107/IS3107-group11/backend/venv/lib/python3.12/site-packages/airflow/example_dags/tutorial.py took 0.089 seconds
[2025-03-24T21:58:30.862+0800] {processor.py:186} INFO - Started process (PID=66827) to work on /Users/dionneleow/IS3107/IS3107-group11/backend/venv/lib/python3.12/site-packages/airflow/example_dags/tutorial.py
[2025-03-24T21:58:30.862+0800] {processor.py:914} INFO - Processing file /Users/dionneleow/IS3107/IS3107-group11/backend/venv/lib/python3.12/site-packages/airflow/example_dags/tutorial.py for tasks to queue
[2025-03-24T21:58:30.863+0800] {logging_mixin.py:190} INFO - [2025-03-24T21:58:30.863+0800] {dagbag.py:588} INFO - Filling up the DagBag from /Users/dionneleow/IS3107/IS3107-group11/backend/venv/lib/python3.12/site-packages/airflow/example_dags/tutorial.py
[2025-03-24T21:58:30.866+0800] {processor.py:925} INFO - DAG(s) 'tutorial' retrieved from /Users/dionneleow/IS3107/IS3107-group11/backend/venv/lib/python3.12/site-packages/airflow/example_dags/tutorial.py
[2025-03-24T21:58:30.896+0800] {logging_mixin.py:190} INFO - [2025-03-24T21:58:30.896+0800] {dag.py:3239} INFO - Sync 1 DAGs
[2025-03-24T21:58:30.902+0800] {logging_mixin.py:190} INFO - [2025-03-24T21:58:30.902+0800] {dag.py:4180} INFO - Setting next_dagrun for tutorial to 2025-03-23 00:00:00+00:00, run_after=2025-03-24 00:00:00+00:00
[2025-03-24T21:58:30.932+0800] {processor.py:208} INFO - Processing /Users/dionneleow/IS3107/IS3107-group11/backend/venv/lib/python3.12/site-packages/airflow/example_dags/tutorial.py took 0.071 seconds
[2025-03-24T21:59:36.226+0800] {processor.py:186} INFO - Started process (PID=67156) to work on /Users/dionneleow/IS3107/IS3107-group11/backend/venv/lib/python3.12/site-packages/airflow/example_dags/tutorial.py
[2025-03-24T21:59:36.227+0800] {processor.py:914} INFO - Processing file /Users/dionneleow/IS3107/IS3107-group11/backend/venv/lib/python3.12/site-packages/airflow/example_dags/tutorial.py for tasks to queue
[2025-03-24T21:59:36.227+0800] {logging_mixin.py:190} INFO - [2025-03-24T21:59:36.227+0800] {dagbag.py:588} INFO - Filling up the DagBag from /Users/dionneleow/IS3107/IS3107-group11/backend/venv/lib/python3.12/site-packages/airflow/example_dags/tutorial.py
[2025-03-24T21:59:36.230+0800] {processor.py:925} INFO - DAG(s) 'tutorial' retrieved from /Users/dionneleow/IS3107/IS3107-group11/backend/venv/lib/python3.12/site-packages/airflow/example_dags/tutorial.py
[2025-03-24T21:59:36.262+0800] {logging_mixin.py:190} INFO - [2025-03-24T21:59:36.262+0800] {dag.py:3239} INFO - Sync 1 DAGs
[2025-03-24T21:59:36.268+0800] {logging_mixin.py:190} INFO - [2025-03-24T21:59:36.268+0800] {dag.py:4180} INFO - Setting next_dagrun for tutorial to 2025-03-23 00:00:00+00:00, run_after=2025-03-24 00:00:00+00:00
[2025-03-24T21:59:36.297+0800] {processor.py:208} INFO - Processing /Users/dionneleow/IS3107/IS3107-group11/backend/venv/lib/python3.12/site-packages/airflow/example_dags/tutorial.py took 0.072 seconds
[2025-03-24T22:00:39.493+0800] {processor.py:186} INFO - Started process (PID=67512) to work on /Users/dionneleow/IS3107/IS3107-group11/backend/venv/lib/python3.12/site-packages/airflow/example_dags/tutorial.py
[2025-03-24T22:00:39.493+0800] {processor.py:914} INFO - Processing file /Users/dionneleow/IS3107/IS3107-group11/backend/venv/lib/python3.12/site-packages/airflow/example_dags/tutorial.py for tasks to queue
[2025-03-24T22:00:39.494+0800] {logging_mixin.py:190} INFO - [2025-03-24T22:00:39.494+0800] {dagbag.py:588} INFO - Filling up the DagBag from /Users/dionneleow/IS3107/IS3107-group11/backend/venv/lib/python3.12/site-packages/airflow/example_dags/tutorial.py
[2025-03-24T22:00:39.497+0800] {processor.py:925} INFO - DAG(s) 'tutorial' retrieved from /Users/dionneleow/IS3107/IS3107-group11/backend/venv/lib/python3.12/site-packages/airflow/example_dags/tutorial.py
[2025-03-24T22:00:39.528+0800] {logging_mixin.py:190} INFO - [2025-03-24T22:00:39.528+0800] {dag.py:3239} INFO - Sync 1 DAGs
[2025-03-24T22:00:39.534+0800] {logging_mixin.py:190} INFO - [2025-03-24T22:00:39.534+0800] {dag.py:4180} INFO - Setting next_dagrun for tutorial to 2025-03-23 00:00:00+00:00, run_after=2025-03-24 00:00:00+00:00
[2025-03-24T22:00:39.567+0800] {processor.py:208} INFO - Processing /Users/dionneleow/IS3107/IS3107-group11/backend/venv/lib/python3.12/site-packages/airflow/example_dags/tutorial.py took 0.076 seconds
[2025-03-24T22:01:42.109+0800] {processor.py:186} INFO - Started process (PID=67879) to work on /Users/dionneleow/IS3107/IS3107-group11/backend/venv/lib/python3.12/site-packages/airflow/example_dags/tutorial.py
[2025-03-24T22:01:42.110+0800] {processor.py:914} INFO - Processing file /Users/dionneleow/IS3107/IS3107-group11/backend/venv/lib/python3.12/site-packages/airflow/example_dags/tutorial.py for tasks to queue
[2025-03-24T22:01:42.110+0800] {logging_mixin.py:190} INFO - [2025-03-24T22:01:42.110+0800] {dagbag.py:588} INFO - Filling up the DagBag from /Users/dionneleow/IS3107/IS3107-group11/backend/venv/lib/python3.12/site-packages/airflow/example_dags/tutorial.py
[2025-03-24T22:01:42.113+0800] {processor.py:925} INFO - DAG(s) 'tutorial' retrieved from /Users/dionneleow/IS3107/IS3107-group11/backend/venv/lib/python3.12/site-packages/airflow/example_dags/tutorial.py
[2025-03-24T22:01:42.147+0800] {logging_mixin.py:190} INFO - [2025-03-24T22:01:42.147+0800] {dag.py:3239} INFO - Sync 1 DAGs
[2025-03-24T22:01:42.153+0800] {logging_mixin.py:190} INFO - [2025-03-24T22:01:42.153+0800] {dag.py:4180} INFO - Setting next_dagrun for tutorial to 2025-03-23 00:00:00+00:00, run_after=2025-03-24 00:00:00+00:00
[2025-03-24T22:01:42.185+0800] {processor.py:208} INFO - Processing /Users/dionneleow/IS3107/IS3107-group11/backend/venv/lib/python3.12/site-packages/airflow/example_dags/tutorial.py took 0.077 seconds
[2025-03-24T22:02:48.166+0800] {processor.py:186} INFO - Started process (PID=68286) to work on /Users/dionneleow/IS3107/IS3107-group11/backend/venv/lib/python3.12/site-packages/airflow/example_dags/tutorial.py
[2025-03-24T22:02:48.167+0800] {processor.py:914} INFO - Processing file /Users/dionneleow/IS3107/IS3107-group11/backend/venv/lib/python3.12/site-packages/airflow/example_dags/tutorial.py for tasks to queue
[2025-03-24T22:02:48.167+0800] {logging_mixin.py:190} INFO - [2025-03-24T22:02:48.167+0800] {dagbag.py:588} INFO - Filling up the DagBag from /Users/dionneleow/IS3107/IS3107-group11/backend/venv/lib/python3.12/site-packages/airflow/example_dags/tutorial.py
[2025-03-24T22:02:48.170+0800] {processor.py:925} INFO - DAG(s) 'tutorial' retrieved from /Users/dionneleow/IS3107/IS3107-group11/backend/venv/lib/python3.12/site-packages/airflow/example_dags/tutorial.py
[2025-03-24T22:02:48.201+0800] {logging_mixin.py:190} INFO - [2025-03-24T22:02:48.201+0800] {dag.py:3239} INFO - Sync 1 DAGs
[2025-03-24T22:02:48.207+0800] {logging_mixin.py:190} INFO - [2025-03-24T22:02:48.207+0800] {dag.py:4180} INFO - Setting next_dagrun for tutorial to 2025-03-23 00:00:00+00:00, run_after=2025-03-24 00:00:00+00:00
[2025-03-24T22:02:48.323+0800] {processor.py:208} INFO - Processing /Users/dionneleow/IS3107/IS3107-group11/backend/venv/lib/python3.12/site-packages/airflow/example_dags/tutorial.py took 0.158 seconds
[2025-03-24T22:03:55.697+0800] {processor.py:186} INFO - Started process (PID=68711) to work on /Users/dionneleow/IS3107/IS3107-group11/backend/venv/lib/python3.12/site-packages/airflow/example_dags/tutorial.py
[2025-03-24T22:03:55.700+0800] {processor.py:914} INFO - Processing file /Users/dionneleow/IS3107/IS3107-group11/backend/venv/lib/python3.12/site-packages/airflow/example_dags/tutorial.py for tasks to queue
[2025-03-24T22:03:55.700+0800] {logging_mixin.py:190} INFO - [2025-03-24T22:03:55.700+0800] {dagbag.py:588} INFO - Filling up the DagBag from /Users/dionneleow/IS3107/IS3107-group11/backend/venv/lib/python3.12/site-packages/airflow/example_dags/tutorial.py
[2025-03-24T22:03:55.705+0800] {processor.py:925} INFO - DAG(s) 'tutorial' retrieved from /Users/dionneleow/IS3107/IS3107-group11/backend/venv/lib/python3.12/site-packages/airflow/example_dags/tutorial.py
[2025-03-24T22:03:55.737+0800] {logging_mixin.py:190} INFO - [2025-03-24T22:03:55.737+0800] {dag.py:3239} INFO - Sync 1 DAGs
[2025-03-24T22:03:55.743+0800] {logging_mixin.py:190} INFO - [2025-03-24T22:03:55.743+0800] {dag.py:4180} INFO - Setting next_dagrun for tutorial to 2025-03-23 00:00:00+00:00, run_after=2025-03-24 00:00:00+00:00
[2025-03-24T22:03:55.775+0800] {processor.py:208} INFO - Processing /Users/dionneleow/IS3107/IS3107-group11/backend/venv/lib/python3.12/site-packages/airflow/example_dags/tutorial.py took 0.080 seconds
[2025-03-24T22:05:05.885+0800] {processor.py:186} INFO - Started process (PID=69091) to work on /Users/dionneleow/IS3107/IS3107-group11/backend/venv/lib/python3.12/site-packages/airflow/example_dags/tutorial.py
[2025-03-24T22:05:05.886+0800] {processor.py:914} INFO - Processing file /Users/dionneleow/IS3107/IS3107-group11/backend/venv/lib/python3.12/site-packages/airflow/example_dags/tutorial.py for tasks to queue
[2025-03-24T22:05:05.886+0800] {logging_mixin.py:190} INFO - [2025-03-24T22:05:05.886+0800] {dagbag.py:588} INFO - Filling up the DagBag from /Users/dionneleow/IS3107/IS3107-group11/backend/venv/lib/python3.12/site-packages/airflow/example_dags/tutorial.py
[2025-03-24T22:05:05.889+0800] {processor.py:925} INFO - DAG(s) 'tutorial' retrieved from /Users/dionneleow/IS3107/IS3107-group11/backend/venv/lib/python3.12/site-packages/airflow/example_dags/tutorial.py
[2025-03-24T22:05:05.927+0800] {logging_mixin.py:190} INFO - [2025-03-24T22:05:05.927+0800] {dag.py:3239} INFO - Sync 1 DAGs
[2025-03-24T22:05:05.934+0800] {logging_mixin.py:190} INFO - [2025-03-24T22:05:05.934+0800] {dag.py:4180} INFO - Setting next_dagrun for tutorial to 2025-03-23 00:00:00+00:00, run_after=2025-03-24 00:00:00+00:00
[2025-03-24T22:05:05.965+0800] {processor.py:208} INFO - Processing /Users/dionneleow/IS3107/IS3107-group11/backend/venv/lib/python3.12/site-packages/airflow/example_dags/tutorial.py took 0.081 seconds
[2025-03-24T22:06:13.383+0800] {processor.py:186} INFO - Started process (PID=69425) to work on /Users/dionneleow/IS3107/IS3107-group11/backend/venv/lib/python3.12/site-packages/airflow/example_dags/tutorial.py
[2025-03-24T22:06:13.383+0800] {processor.py:914} INFO - Processing file /Users/dionneleow/IS3107/IS3107-group11/backend/venv/lib/python3.12/site-packages/airflow/example_dags/tutorial.py for tasks to queue
[2025-03-24T22:06:13.384+0800] {logging_mixin.py:190} INFO - [2025-03-24T22:06:13.384+0800] {dagbag.py:588} INFO - Filling up the DagBag from /Users/dionneleow/IS3107/IS3107-group11/backend/venv/lib/python3.12/site-packages/airflow/example_dags/tutorial.py
[2025-03-24T22:06:13.387+0800] {processor.py:925} INFO - DAG(s) 'tutorial' retrieved from /Users/dionneleow/IS3107/IS3107-group11/backend/venv/lib/python3.12/site-packages/airflow/example_dags/tutorial.py
[2025-03-24T22:06:13.451+0800] {logging_mixin.py:190} INFO - [2025-03-24T22:06:13.451+0800] {dag.py:3239} INFO - Sync 1 DAGs
[2025-03-24T22:06:13.458+0800] {logging_mixin.py:190} INFO - [2025-03-24T22:06:13.458+0800] {dag.py:4180} INFO - Setting next_dagrun for tutorial to 2025-03-23 00:00:00+00:00, run_after=2025-03-24 00:00:00+00:00
[2025-03-24T22:06:13.507+0800] {processor.py:208} INFO - Processing /Users/dionneleow/IS3107/IS3107-group11/backend/venv/lib/python3.12/site-packages/airflow/example_dags/tutorial.py took 0.126 seconds
[2025-03-24T22:07:23.333+0800] {processor.py:186} INFO - Started process (PID=69803) to work on /Users/dionneleow/IS3107/IS3107-group11/backend/venv/lib/python3.12/site-packages/airflow/example_dags/tutorial.py
[2025-03-24T22:07:23.334+0800] {processor.py:914} INFO - Processing file /Users/dionneleow/IS3107/IS3107-group11/backend/venv/lib/python3.12/site-packages/airflow/example_dags/tutorial.py for tasks to queue
[2025-03-24T22:07:23.334+0800] {logging_mixin.py:190} INFO - [2025-03-24T22:07:23.334+0800] {dagbag.py:588} INFO - Filling up the DagBag from /Users/dionneleow/IS3107/IS3107-group11/backend/venv/lib/python3.12/site-packages/airflow/example_dags/tutorial.py
[2025-03-24T22:07:23.339+0800] {processor.py:925} INFO - DAG(s) 'tutorial' retrieved from /Users/dionneleow/IS3107/IS3107-group11/backend/venv/lib/python3.12/site-packages/airflow/example_dags/tutorial.py
[2025-03-24T22:07:23.374+0800] {logging_mixin.py:190} INFO - [2025-03-24T22:07:23.374+0800] {dag.py:3239} INFO - Sync 1 DAGs
[2025-03-24T22:07:23.381+0800] {logging_mixin.py:190} INFO - [2025-03-24T22:07:23.381+0800] {dag.py:4180} INFO - Setting next_dagrun for tutorial to 2025-03-23 00:00:00+00:00, run_after=2025-03-24 00:00:00+00:00
[2025-03-24T22:07:23.416+0800] {processor.py:208} INFO - Processing /Users/dionneleow/IS3107/IS3107-group11/backend/venv/lib/python3.12/site-packages/airflow/example_dags/tutorial.py took 0.092 seconds
[2025-03-24T22:08:34.796+0800] {processor.py:186} INFO - Started process (PID=70213) to work on /Users/dionneleow/IS3107/IS3107-group11/backend/venv/lib/python3.12/site-packages/airflow/example_dags/tutorial.py
[2025-03-24T22:08:34.802+0800] {processor.py:914} INFO - Processing file /Users/dionneleow/IS3107/IS3107-group11/backend/venv/lib/python3.12/site-packages/airflow/example_dags/tutorial.py for tasks to queue
[2025-03-24T22:08:34.802+0800] {logging_mixin.py:190} INFO - [2025-03-24T22:08:34.802+0800] {dagbag.py:588} INFO - Filling up the DagBag from /Users/dionneleow/IS3107/IS3107-group11/backend/venv/lib/python3.12/site-packages/airflow/example_dags/tutorial.py
[2025-03-24T22:08:34.809+0800] {processor.py:925} INFO - DAG(s) 'tutorial' retrieved from /Users/dionneleow/IS3107/IS3107-group11/backend/venv/lib/python3.12/site-packages/airflow/example_dags/tutorial.py
[2025-03-24T22:08:34.844+0800] {logging_mixin.py:190} INFO - [2025-03-24T22:08:34.844+0800] {dag.py:3239} INFO - Sync 1 DAGs
[2025-03-24T22:08:34.861+0800] {logging_mixin.py:190} INFO - [2025-03-24T22:08:34.861+0800] {dag.py:4180} INFO - Setting next_dagrun for tutorial to 2025-03-23 00:00:00+00:00, run_after=2025-03-24 00:00:00+00:00
[2025-03-24T22:08:34.891+0800] {processor.py:208} INFO - Processing /Users/dionneleow/IS3107/IS3107-group11/backend/venv/lib/python3.12/site-packages/airflow/example_dags/tutorial.py took 0.097 seconds
[2025-03-24T22:09:47.557+0800] {processor.py:186} INFO - Started process (PID=70583) to work on /Users/dionneleow/IS3107/IS3107-group11/backend/venv/lib/python3.12/site-packages/airflow/example_dags/tutorial.py
[2025-03-24T22:09:47.558+0800] {processor.py:914} INFO - Processing file /Users/dionneleow/IS3107/IS3107-group11/backend/venv/lib/python3.12/site-packages/airflow/example_dags/tutorial.py for tasks to queue
[2025-03-24T22:09:47.558+0800] {logging_mixin.py:190} INFO - [2025-03-24T22:09:47.558+0800] {dagbag.py:588} INFO - Filling up the DagBag from /Users/dionneleow/IS3107/IS3107-group11/backend/venv/lib/python3.12/site-packages/airflow/example_dags/tutorial.py
[2025-03-24T22:09:47.562+0800] {processor.py:925} INFO - DAG(s) 'tutorial' retrieved from /Users/dionneleow/IS3107/IS3107-group11/backend/venv/lib/python3.12/site-packages/airflow/example_dags/tutorial.py
[2025-03-24T22:09:47.594+0800] {logging_mixin.py:190} INFO - [2025-03-24T22:09:47.594+0800] {dag.py:3239} INFO - Sync 1 DAGs
[2025-03-24T22:09:47.600+0800] {logging_mixin.py:190} INFO - [2025-03-24T22:09:47.600+0800] {dag.py:4180} INFO - Setting next_dagrun for tutorial to 2025-03-23 00:00:00+00:00, run_after=2025-03-24 00:00:00+00:00
[2025-03-24T22:09:47.633+0800] {processor.py:208} INFO - Processing /Users/dionneleow/IS3107/IS3107-group11/backend/venv/lib/python3.12/site-packages/airflow/example_dags/tutorial.py took 0.077 seconds
[2025-03-24T22:10:57.243+0800] {processor.py:186} INFO - Started process (PID=71032) to work on /Users/dionneleow/IS3107/IS3107-group11/backend/venv/lib/python3.12/site-packages/airflow/example_dags/tutorial.py
[2025-03-24T22:10:57.244+0800] {processor.py:914} INFO - Processing file /Users/dionneleow/IS3107/IS3107-group11/backend/venv/lib/python3.12/site-packages/airflow/example_dags/tutorial.py for tasks to queue
[2025-03-24T22:10:57.244+0800] {logging_mixin.py:190} INFO - [2025-03-24T22:10:57.244+0800] {dagbag.py:588} INFO - Filling up the DagBag from /Users/dionneleow/IS3107/IS3107-group11/backend/venv/lib/python3.12/site-packages/airflow/example_dags/tutorial.py
[2025-03-24T22:10:57.247+0800] {processor.py:925} INFO - DAG(s) 'tutorial' retrieved from /Users/dionneleow/IS3107/IS3107-group11/backend/venv/lib/python3.12/site-packages/airflow/example_dags/tutorial.py
[2025-03-24T22:10:57.278+0800] {logging_mixin.py:190} INFO - [2025-03-24T22:10:57.278+0800] {dag.py:3239} INFO - Sync 1 DAGs
[2025-03-24T22:10:57.284+0800] {logging_mixin.py:190} INFO - [2025-03-24T22:10:57.283+0800] {dag.py:4180} INFO - Setting next_dagrun for tutorial to 2025-03-23 00:00:00+00:00, run_after=2025-03-24 00:00:00+00:00
[2025-03-24T22:10:57.312+0800] {processor.py:208} INFO - Processing /Users/dionneleow/IS3107/IS3107-group11/backend/venv/lib/python3.12/site-packages/airflow/example_dags/tutorial.py took 0.071 seconds
[2025-03-24T22:12:04.635+0800] {processor.py:186} INFO - Started process (PID=71354) to work on /Users/dionneleow/IS3107/IS3107-group11/backend/venv/lib/python3.12/site-packages/airflow/example_dags/tutorial.py
[2025-03-24T22:12:04.635+0800] {processor.py:914} INFO - Processing file /Users/dionneleow/IS3107/IS3107-group11/backend/venv/lib/python3.12/site-packages/airflow/example_dags/tutorial.py for tasks to queue
[2025-03-24T22:12:04.636+0800] {logging_mixin.py:190} INFO - [2025-03-24T22:12:04.636+0800] {dagbag.py:588} INFO - Filling up the DagBag from /Users/dionneleow/IS3107/IS3107-group11/backend/venv/lib/python3.12/site-packages/airflow/example_dags/tutorial.py
[2025-03-24T22:12:04.639+0800] {processor.py:925} INFO - DAG(s) 'tutorial' retrieved from /Users/dionneleow/IS3107/IS3107-group11/backend/venv/lib/python3.12/site-packages/airflow/example_dags/tutorial.py
[2025-03-24T22:12:04.670+0800] {logging_mixin.py:190} INFO - [2025-03-24T22:12:04.670+0800] {dag.py:3239} INFO - Sync 1 DAGs
[2025-03-24T22:12:04.676+0800] {logging_mixin.py:190} INFO - [2025-03-24T22:12:04.676+0800] {dag.py:4180} INFO - Setting next_dagrun for tutorial to 2025-03-23 00:00:00+00:00, run_after=2025-03-24 00:00:00+00:00
[2025-03-24T22:12:04.708+0800] {processor.py:208} INFO - Processing /Users/dionneleow/IS3107/IS3107-group11/backend/venv/lib/python3.12/site-packages/airflow/example_dags/tutorial.py took 0.075 seconds
[2025-03-24T22:13:13.052+0800] {processor.py:186} INFO - Started process (PID=71728) to work on /Users/dionneleow/IS3107/IS3107-group11/backend/venv/lib/python3.12/site-packages/airflow/example_dags/tutorial.py
[2025-03-24T22:13:13.053+0800] {processor.py:914} INFO - Processing file /Users/dionneleow/IS3107/IS3107-group11/backend/venv/lib/python3.12/site-packages/airflow/example_dags/tutorial.py for tasks to queue
[2025-03-24T22:13:13.054+0800] {logging_mixin.py:190} INFO - [2025-03-24T22:13:13.054+0800] {dagbag.py:588} INFO - Filling up the DagBag from /Users/dionneleow/IS3107/IS3107-group11/backend/venv/lib/python3.12/site-packages/airflow/example_dags/tutorial.py
[2025-03-24T22:13:13.057+0800] {processor.py:925} INFO - DAG(s) 'tutorial' retrieved from /Users/dionneleow/IS3107/IS3107-group11/backend/venv/lib/python3.12/site-packages/airflow/example_dags/tutorial.py
[2025-03-24T22:13:13.089+0800] {logging_mixin.py:190} INFO - [2025-03-24T22:13:13.089+0800] {dag.py:3239} INFO - Sync 1 DAGs
[2025-03-24T22:13:13.094+0800] {logging_mixin.py:190} INFO - [2025-03-24T22:13:13.094+0800] {dag.py:4180} INFO - Setting next_dagrun for tutorial to 2025-03-23 00:00:00+00:00, run_after=2025-03-24 00:00:00+00:00
[2025-03-24T22:13:13.127+0800] {processor.py:208} INFO - Processing /Users/dionneleow/IS3107/IS3107-group11/backend/venv/lib/python3.12/site-packages/airflow/example_dags/tutorial.py took 0.076 seconds
[2025-03-24T22:14:23.294+0800] {processor.py:186} INFO - Started process (PID=72168) to work on /Users/dionneleow/IS3107/IS3107-group11/backend/venv/lib/python3.12/site-packages/airflow/example_dags/tutorial.py
[2025-03-24T22:14:23.295+0800] {processor.py:914} INFO - Processing file /Users/dionneleow/IS3107/IS3107-group11/backend/venv/lib/python3.12/site-packages/airflow/example_dags/tutorial.py for tasks to queue
[2025-03-24T22:14:23.295+0800] {logging_mixin.py:190} INFO - [2025-03-24T22:14:23.295+0800] {dagbag.py:588} INFO - Filling up the DagBag from /Users/dionneleow/IS3107/IS3107-group11/backend/venv/lib/python3.12/site-packages/airflow/example_dags/tutorial.py
[2025-03-24T22:14:23.298+0800] {processor.py:925} INFO - DAG(s) 'tutorial' retrieved from /Users/dionneleow/IS3107/IS3107-group11/backend/venv/lib/python3.12/site-packages/airflow/example_dags/tutorial.py
[2025-03-24T22:14:23.328+0800] {logging_mixin.py:190} INFO - [2025-03-24T22:14:23.328+0800] {dag.py:3239} INFO - Sync 1 DAGs
[2025-03-24T22:14:23.334+0800] {logging_mixin.py:190} INFO - [2025-03-24T22:14:23.334+0800] {dag.py:4180} INFO - Setting next_dagrun for tutorial to 2025-03-23 00:00:00+00:00, run_after=2025-03-24 00:00:00+00:00
[2025-03-24T22:14:23.366+0800] {processor.py:208} INFO - Processing /Users/dionneleow/IS3107/IS3107-group11/backend/venv/lib/python3.12/site-packages/airflow/example_dags/tutorial.py took 0.072 seconds
[2025-03-24T22:15:34.030+0800] {processor.py:186} INFO - Started process (PID=72588) to work on /Users/dionneleow/IS3107/IS3107-group11/backend/venv/lib/python3.12/site-packages/airflow/example_dags/tutorial.py
[2025-03-24T22:15:34.031+0800] {processor.py:914} INFO - Processing file /Users/dionneleow/IS3107/IS3107-group11/backend/venv/lib/python3.12/site-packages/airflow/example_dags/tutorial.py for tasks to queue
[2025-03-24T22:15:34.031+0800] {logging_mixin.py:190} INFO - [2025-03-24T22:15:34.031+0800] {dagbag.py:588} INFO - Filling up the DagBag from /Users/dionneleow/IS3107/IS3107-group11/backend/venv/lib/python3.12/site-packages/airflow/example_dags/tutorial.py
[2025-03-24T22:15:34.035+0800] {processor.py:925} INFO - DAG(s) 'tutorial' retrieved from /Users/dionneleow/IS3107/IS3107-group11/backend/venv/lib/python3.12/site-packages/airflow/example_dags/tutorial.py
[2025-03-24T22:15:34.070+0800] {logging_mixin.py:190} INFO - [2025-03-24T22:15:34.069+0800] {dag.py:3239} INFO - Sync 1 DAGs
[2025-03-24T22:15:34.077+0800] {logging_mixin.py:190} INFO - [2025-03-24T22:15:34.077+0800] {dag.py:4180} INFO - Setting next_dagrun for tutorial to 2025-03-23 00:00:00+00:00, run_after=2025-03-24 00:00:00+00:00
[2025-03-24T22:15:34.118+0800] {processor.py:208} INFO - Processing /Users/dionneleow/IS3107/IS3107-group11/backend/venv/lib/python3.12/site-packages/airflow/example_dags/tutorial.py took 0.090 seconds
[2025-03-24T22:16:44.984+0800] {processor.py:186} INFO - Started process (PID=73022) to work on /Users/dionneleow/IS3107/IS3107-group11/backend/venv/lib/python3.12/site-packages/airflow/example_dags/tutorial.py
[2025-03-24T22:16:44.985+0800] {processor.py:914} INFO - Processing file /Users/dionneleow/IS3107/IS3107-group11/backend/venv/lib/python3.12/site-packages/airflow/example_dags/tutorial.py for tasks to queue
[2025-03-24T22:16:44.985+0800] {logging_mixin.py:190} INFO - [2025-03-24T22:16:44.985+0800] {dagbag.py:588} INFO - Filling up the DagBag from /Users/dionneleow/IS3107/IS3107-group11/backend/venv/lib/python3.12/site-packages/airflow/example_dags/tutorial.py
[2025-03-24T22:16:44.989+0800] {processor.py:925} INFO - DAG(s) 'tutorial' retrieved from /Users/dionneleow/IS3107/IS3107-group11/backend/venv/lib/python3.12/site-packages/airflow/example_dags/tutorial.py
[2025-03-24T22:16:45.022+0800] {logging_mixin.py:190} INFO - [2025-03-24T22:16:45.022+0800] {dag.py:3239} INFO - Sync 1 DAGs
[2025-03-24T22:16:45.028+0800] {logging_mixin.py:190} INFO - [2025-03-24T22:16:45.028+0800] {dag.py:4180} INFO - Setting next_dagrun for tutorial to 2025-03-23 00:00:00+00:00, run_after=2025-03-24 00:00:00+00:00
[2025-03-24T22:16:45.060+0800] {processor.py:208} INFO - Processing /Users/dionneleow/IS3107/IS3107-group11/backend/venv/lib/python3.12/site-packages/airflow/example_dags/tutorial.py took 0.077 seconds
[2025-03-24T22:17:57.464+0800] {processor.py:186} INFO - Started process (PID=73413) to work on /Users/dionneleow/IS3107/IS3107-group11/backend/venv/lib/python3.12/site-packages/airflow/example_dags/tutorial.py
[2025-03-24T22:17:57.465+0800] {processor.py:914} INFO - Processing file /Users/dionneleow/IS3107/IS3107-group11/backend/venv/lib/python3.12/site-packages/airflow/example_dags/tutorial.py for tasks to queue
[2025-03-24T22:17:57.466+0800] {logging_mixin.py:190} INFO - [2025-03-24T22:17:57.466+0800] {dagbag.py:588} INFO - Filling up the DagBag from /Users/dionneleow/IS3107/IS3107-group11/backend/venv/lib/python3.12/site-packages/airflow/example_dags/tutorial.py
[2025-03-24T22:17:57.469+0800] {processor.py:925} INFO - DAG(s) 'tutorial' retrieved from /Users/dionneleow/IS3107/IS3107-group11/backend/venv/lib/python3.12/site-packages/airflow/example_dags/tutorial.py
[2025-03-24T22:17:57.502+0800] {logging_mixin.py:190} INFO - [2025-03-24T22:17:57.502+0800] {dag.py:3239} INFO - Sync 1 DAGs
[2025-03-24T22:17:57.523+0800] {logging_mixin.py:190} INFO - [2025-03-24T22:17:57.523+0800] {dag.py:4180} INFO - Setting next_dagrun for tutorial to 2025-03-23 00:00:00+00:00, run_after=2025-03-24 00:00:00+00:00
[2025-03-24T22:17:57.557+0800] {processor.py:208} INFO - Processing /Users/dionneleow/IS3107/IS3107-group11/backend/venv/lib/python3.12/site-packages/airflow/example_dags/tutorial.py took 0.095 seconds
[2025-03-24T22:19:11.811+0800] {processor.py:186} INFO - Started process (PID=73806) to work on /Users/dionneleow/IS3107/IS3107-group11/backend/venv/lib/python3.12/site-packages/airflow/example_dags/tutorial.py
[2025-03-24T22:19:11.812+0800] {processor.py:914} INFO - Processing file /Users/dionneleow/IS3107/IS3107-group11/backend/venv/lib/python3.12/site-packages/airflow/example_dags/tutorial.py for tasks to queue
[2025-03-24T22:19:11.812+0800] {logging_mixin.py:190} INFO - [2025-03-24T22:19:11.812+0800] {dagbag.py:588} INFO - Filling up the DagBag from /Users/dionneleow/IS3107/IS3107-group11/backend/venv/lib/python3.12/site-packages/airflow/example_dags/tutorial.py
[2025-03-24T22:19:11.815+0800] {processor.py:925} INFO - DAG(s) 'tutorial' retrieved from /Users/dionneleow/IS3107/IS3107-group11/backend/venv/lib/python3.12/site-packages/airflow/example_dags/tutorial.py
[2025-03-24T22:19:11.856+0800] {logging_mixin.py:190} INFO - [2025-03-24T22:19:11.856+0800] {dag.py:3239} INFO - Sync 1 DAGs
[2025-03-24T22:19:11.869+0800] {logging_mixin.py:190} INFO - [2025-03-24T22:19:11.869+0800] {dag.py:4180} INFO - Setting next_dagrun for tutorial to 2025-03-23 00:00:00+00:00, run_after=2025-03-24 00:00:00+00:00
[2025-03-24T22:19:11.910+0800] {processor.py:208} INFO - Processing /Users/dionneleow/IS3107/IS3107-group11/backend/venv/lib/python3.12/site-packages/airflow/example_dags/tutorial.py took 0.101 seconds
[2025-03-24T22:20:21.987+0800] {processor.py:186} INFO - Started process (PID=74213) to work on /Users/dionneleow/IS3107/IS3107-group11/backend/venv/lib/python3.12/site-packages/airflow/example_dags/tutorial.py
[2025-03-24T22:20:21.988+0800] {processor.py:914} INFO - Processing file /Users/dionneleow/IS3107/IS3107-group11/backend/venv/lib/python3.12/site-packages/airflow/example_dags/tutorial.py for tasks to queue
[2025-03-24T22:20:21.988+0800] {logging_mixin.py:190} INFO - [2025-03-24T22:20:21.988+0800] {dagbag.py:588} INFO - Filling up the DagBag from /Users/dionneleow/IS3107/IS3107-group11/backend/venv/lib/python3.12/site-packages/airflow/example_dags/tutorial.py
[2025-03-24T22:20:21.992+0800] {processor.py:925} INFO - DAG(s) 'tutorial' retrieved from /Users/dionneleow/IS3107/IS3107-group11/backend/venv/lib/python3.12/site-packages/airflow/example_dags/tutorial.py
[2025-03-24T22:20:22.023+0800] {logging_mixin.py:190} INFO - [2025-03-24T22:20:22.023+0800] {dag.py:3239} INFO - Sync 1 DAGs
[2025-03-24T22:20:22.029+0800] {logging_mixin.py:190} INFO - [2025-03-24T22:20:22.029+0800] {dag.py:4180} INFO - Setting next_dagrun for tutorial to 2025-03-23 00:00:00+00:00, run_after=2025-03-24 00:00:00+00:00
[2025-03-24T22:20:22.060+0800] {processor.py:208} INFO - Processing /Users/dionneleow/IS3107/IS3107-group11/backend/venv/lib/python3.12/site-packages/airflow/example_dags/tutorial.py took 0.074 seconds
