[2025-03-24T21:47:11.778+0800] {processor.py:186} INFO - Started process (PID=62267) to work on /Users/dionneleow/IS3107/IS3107-group11/backend/venv/lib/python3.12/site-packages/airflow/example_dags/tutorial_taskflow_templates.py
[2025-03-24T21:47:11.779+0800] {processor.py:914} INFO - Processing file /Users/dionneleow/IS3107/IS3107-group11/backend/venv/lib/python3.12/site-packages/airflow/example_dags/tutorial_taskflow_templates.py for tasks to queue
[2025-03-24T21:47:11.780+0800] {logging_mixin.py:190} INFO - [2025-03-24T21:47:11.780+0800] {dagbag.py:588} INFO - Filling up the DagBag from /Users/dionneleow/IS3107/IS3107-group11/backend/venv/lib/python3.12/site-packages/airflow/example_dags/tutorial_taskflow_templates.py
[2025-03-24T21:47:11.798+0800] {processor.py:925} INFO - DAG(s) 'tutorial_taskflow_templates' retrieved from /Users/dionneleow/IS3107/IS3107-group11/backend/venv/lib/python3.12/site-packages/airflow/example_dags/tutorial_taskflow_templates.py
[2025-03-24T21:47:11.917+0800] {logging_mixin.py:190} INFO - [2025-03-24T21:47:11.917+0800] {override.py:1912} INFO - Created Permission View: can edit on DAG:tutorial_taskflow_templates
[2025-03-24T21:47:11.920+0800] {logging_mixin.py:190} INFO - [2025-03-24T21:47:11.920+0800] {override.py:1912} INFO - Created Permission View: can delete on DAG:tutorial_taskflow_templates
[2025-03-24T21:47:11.922+0800] {logging_mixin.py:190} INFO - [2025-03-24T21:47:11.922+0800] {override.py:1912} INFO - Created Permission View: can read on DAG:tutorial_taskflow_templates
[2025-03-24T21:47:11.924+0800] {logging_mixin.py:190} INFO - [2025-03-24T21:47:11.924+0800] {override.py:1912} INFO - Created Permission View: menu access on DAG Run:tutorial_taskflow_templates
[2025-03-24T21:47:11.926+0800] {logging_mixin.py:190} INFO - [2025-03-24T21:47:11.926+0800] {override.py:1912} INFO - Created Permission View: can delete on DAG Run:tutorial_taskflow_templates
[2025-03-24T21:47:11.928+0800] {logging_mixin.py:190} INFO - [2025-03-24T21:47:11.928+0800] {override.py:1912} INFO - Created Permission View: can create on DAG Run:tutorial_taskflow_templates
[2025-03-24T21:47:11.930+0800] {logging_mixin.py:190} INFO - [2025-03-24T21:47:11.930+0800] {override.py:1912} INFO - Created Permission View: can read on DAG Run:tutorial_taskflow_templates
[2025-03-24T21:47:11.930+0800] {logging_mixin.py:190} INFO - [2025-03-24T21:47:11.930+0800] {dag.py:3239} INFO - Sync 1 DAGs
[2025-03-24T21:47:11.933+0800] {logging_mixin.py:190} INFO - [2025-03-24T21:47:11.933+0800] {dag.py:3262} INFO - Creating ORM DAG for tutorial_taskflow_templates
[2025-03-24T21:47:11.936+0800] {logging_mixin.py:190} INFO - [2025-03-24T21:47:11.936+0800] {dag.py:4180} INFO - Setting next_dagrun for tutorial_taskflow_templates to 2025-03-23 00:00:00+00:00, run_after=2025-03-24 00:00:00+00:00
[2025-03-24T21:47:11.942+0800] {processor.py:208} INFO - Processing /Users/dionneleow/IS3107/IS3107-group11/backend/venv/lib/python3.12/site-packages/airflow/example_dags/tutorial_taskflow_templates.py took 0.165 seconds
[2025-03-24T21:48:21.929+0800] {processor.py:186} INFO - Started process (PID=62816) to work on /Users/dionneleow/IS3107/IS3107-group11/backend/venv/lib/python3.12/site-packages/airflow/example_dags/tutorial_taskflow_templates.py
[2025-03-24T21:48:21.930+0800] {processor.py:914} INFO - Processing file /Users/dionneleow/IS3107/IS3107-group11/backend/venv/lib/python3.12/site-packages/airflow/example_dags/tutorial_taskflow_templates.py for tasks to queue
[2025-03-24T21:48:21.930+0800] {logging_mixin.py:190} INFO - [2025-03-24T21:48:21.930+0800] {dagbag.py:588} INFO - Filling up the DagBag from /Users/dionneleow/IS3107/IS3107-group11/backend/venv/lib/python3.12/site-packages/airflow/example_dags/tutorial_taskflow_templates.py
[2025-03-24T21:48:21.951+0800] {processor.py:925} INFO - DAG(s) 'tutorial_taskflow_templates' retrieved from /Users/dionneleow/IS3107/IS3107-group11/backend/venv/lib/python3.12/site-packages/airflow/example_dags/tutorial_taskflow_templates.py
[2025-03-24T21:48:22.031+0800] {logging_mixin.py:190} INFO - [2025-03-24T21:48:22.030+0800] {dag.py:3239} INFO - Sync 1 DAGs
[2025-03-24T21:48:22.040+0800] {logging_mixin.py:190} INFO - [2025-03-24T21:48:22.040+0800] {dag.py:4180} INFO - Setting next_dagrun for tutorial_taskflow_templates to 2025-03-23 00:00:00+00:00, run_after=2025-03-24 00:00:00+00:00
[2025-03-24T21:48:22.049+0800] {processor.py:208} INFO - Processing /Users/dionneleow/IS3107/IS3107-group11/backend/venv/lib/python3.12/site-packages/airflow/example_dags/tutorial_taskflow_templates.py took 0.121 seconds
[2025-03-24T21:50:12.034+0800] {processor.py:186} INFO - Started process (PID=63631) to work on /Users/dionneleow/IS3107/IS3107-group11/backend/venv/lib/python3.12/site-packages/airflow/example_dags/tutorial_taskflow_templates.py
[2025-03-24T21:50:12.036+0800] {processor.py:914} INFO - Processing file /Users/dionneleow/IS3107/IS3107-group11/backend/venv/lib/python3.12/site-packages/airflow/example_dags/tutorial_taskflow_templates.py for tasks to queue
[2025-03-24T21:50:12.037+0800] {logging_mixin.py:190} INFO - [2025-03-24T21:50:12.036+0800] {dagbag.py:588} INFO - Filling up the DagBag from /Users/dionneleow/IS3107/IS3107-group11/backend/venv/lib/python3.12/site-packages/airflow/example_dags/tutorial_taskflow_templates.py
[2025-03-24T21:50:12.056+0800] {processor.py:925} INFO - DAG(s) 'tutorial_taskflow_templates' retrieved from /Users/dionneleow/IS3107/IS3107-group11/backend/venv/lib/python3.12/site-packages/airflow/example_dags/tutorial_taskflow_templates.py
[2025-03-24T21:50:12.118+0800] {logging_mixin.py:190} INFO - [2025-03-24T21:50:12.118+0800] {dag.py:3239} INFO - Sync 1 DAGs
[2025-03-24T21:50:12.126+0800] {logging_mixin.py:190} INFO - [2025-03-24T21:50:12.126+0800] {dag.py:4180} INFO - Setting next_dagrun for tutorial_taskflow_templates to 2025-03-23 00:00:00+00:00, run_after=2025-03-24 00:00:00+00:00
[2025-03-24T21:50:12.133+0800] {processor.py:208} INFO - Processing /Users/dionneleow/IS3107/IS3107-group11/backend/venv/lib/python3.12/site-packages/airflow/example_dags/tutorial_taskflow_templates.py took 0.100 seconds
[2025-03-24T21:51:29.879+0800] {processor.py:186} INFO - Started process (PID=64183) to work on /Users/dionneleow/IS3107/IS3107-group11/backend/venv/lib/python3.12/site-packages/airflow/example_dags/tutorial_taskflow_templates.py
[2025-03-24T21:51:29.880+0800] {processor.py:914} INFO - Processing file /Users/dionneleow/IS3107/IS3107-group11/backend/venv/lib/python3.12/site-packages/airflow/example_dags/tutorial_taskflow_templates.py for tasks to queue
[2025-03-24T21:51:29.881+0800] {logging_mixin.py:190} INFO - [2025-03-24T21:51:29.880+0800] {dagbag.py:588} INFO - Filling up the DagBag from /Users/dionneleow/IS3107/IS3107-group11/backend/venv/lib/python3.12/site-packages/airflow/example_dags/tutorial_taskflow_templates.py
[2025-03-24T21:51:29.898+0800] {processor.py:925} INFO - DAG(s) 'tutorial_taskflow_templates' retrieved from /Users/dionneleow/IS3107/IS3107-group11/backend/venv/lib/python3.12/site-packages/airflow/example_dags/tutorial_taskflow_templates.py
[2025-03-24T21:51:29.959+0800] {logging_mixin.py:190} INFO - [2025-03-24T21:51:29.959+0800] {dag.py:3239} INFO - Sync 1 DAGs
[2025-03-24T21:51:29.966+0800] {logging_mixin.py:190} INFO - [2025-03-24T21:51:29.966+0800] {dag.py:4180} INFO - Setting next_dagrun for tutorial_taskflow_templates to 2025-03-23 00:00:00+00:00, run_after=2025-03-24 00:00:00+00:00
[2025-03-24T21:51:29.976+0800] {processor.py:208} INFO - Processing /Users/dionneleow/IS3107/IS3107-group11/backend/venv/lib/python3.12/site-packages/airflow/example_dags/tutorial_taskflow_templates.py took 0.098 seconds
[2025-03-24T21:52:38.892+0800] {processor.py:186} INFO - Started process (PID=64596) to work on /Users/dionneleow/IS3107/IS3107-group11/backend/venv/lib/python3.12/site-packages/airflow/example_dags/tutorial_taskflow_templates.py
[2025-03-24T21:52:38.893+0800] {processor.py:914} INFO - Processing file /Users/dionneleow/IS3107/IS3107-group11/backend/venv/lib/python3.12/site-packages/airflow/example_dags/tutorial_taskflow_templates.py for tasks to queue
[2025-03-24T21:52:38.893+0800] {logging_mixin.py:190} INFO - [2025-03-24T21:52:38.893+0800] {dagbag.py:588} INFO - Filling up the DagBag from /Users/dionneleow/IS3107/IS3107-group11/backend/venv/lib/python3.12/site-packages/airflow/example_dags/tutorial_taskflow_templates.py
[2025-03-24T21:52:38.911+0800] {processor.py:925} INFO - DAG(s) 'tutorial_taskflow_templates' retrieved from /Users/dionneleow/IS3107/IS3107-group11/backend/venv/lib/python3.12/site-packages/airflow/example_dags/tutorial_taskflow_templates.py
[2025-03-24T21:52:38.969+0800] {logging_mixin.py:190} INFO - [2025-03-24T21:52:38.969+0800] {dag.py:3239} INFO - Sync 1 DAGs
[2025-03-24T21:52:38.976+0800] {logging_mixin.py:190} INFO - [2025-03-24T21:52:38.976+0800] {dag.py:4180} INFO - Setting next_dagrun for tutorial_taskflow_templates to 2025-03-23 00:00:00+00:00, run_after=2025-03-24 00:00:00+00:00
[2025-03-24T21:52:38.986+0800] {processor.py:208} INFO - Processing /Users/dionneleow/IS3107/IS3107-group11/backend/venv/lib/python3.12/site-packages/airflow/example_dags/tutorial_taskflow_templates.py took 0.095 seconds
[2025-03-24T21:53:46.897+0800] {processor.py:186} INFO - Started process (PID=65013) to work on /Users/dionneleow/IS3107/IS3107-group11/backend/venv/lib/python3.12/site-packages/airflow/example_dags/tutorial_taskflow_templates.py
[2025-03-24T21:53:46.898+0800] {processor.py:914} INFO - Processing file /Users/dionneleow/IS3107/IS3107-group11/backend/venv/lib/python3.12/site-packages/airflow/example_dags/tutorial_taskflow_templates.py for tasks to queue
[2025-03-24T21:53:46.898+0800] {logging_mixin.py:190} INFO - [2025-03-24T21:53:46.898+0800] {dagbag.py:588} INFO - Filling up the DagBag from /Users/dionneleow/IS3107/IS3107-group11/backend/venv/lib/python3.12/site-packages/airflow/example_dags/tutorial_taskflow_templates.py
[2025-03-24T21:53:46.917+0800] {processor.py:925} INFO - DAG(s) 'tutorial_taskflow_templates' retrieved from /Users/dionneleow/IS3107/IS3107-group11/backend/venv/lib/python3.12/site-packages/airflow/example_dags/tutorial_taskflow_templates.py
[2025-03-24T21:53:46.978+0800] {logging_mixin.py:190} INFO - [2025-03-24T21:53:46.978+0800] {dag.py:3239} INFO - Sync 1 DAGs
[2025-03-24T21:53:46.987+0800] {logging_mixin.py:190} INFO - [2025-03-24T21:53:46.987+0800] {dag.py:4180} INFO - Setting next_dagrun for tutorial_taskflow_templates to 2025-03-23 00:00:00+00:00, run_after=2025-03-24 00:00:00+00:00
[2025-03-24T21:53:46.998+0800] {processor.py:208} INFO - Processing /Users/dionneleow/IS3107/IS3107-group11/backend/venv/lib/python3.12/site-packages/airflow/example_dags/tutorial_taskflow_templates.py took 0.102 seconds
[2025-03-24T21:54:54.844+0800] {processor.py:186} INFO - Started process (PID=65431) to work on /Users/dionneleow/IS3107/IS3107-group11/backend/venv/lib/python3.12/site-packages/airflow/example_dags/tutorial_taskflow_templates.py
[2025-03-24T21:54:54.845+0800] {processor.py:914} INFO - Processing file /Users/dionneleow/IS3107/IS3107-group11/backend/venv/lib/python3.12/site-packages/airflow/example_dags/tutorial_taskflow_templates.py for tasks to queue
[2025-03-24T21:54:54.845+0800] {logging_mixin.py:190} INFO - [2025-03-24T21:54:54.845+0800] {dagbag.py:588} INFO - Filling up the DagBag from /Users/dionneleow/IS3107/IS3107-group11/backend/venv/lib/python3.12/site-packages/airflow/example_dags/tutorial_taskflow_templates.py
[2025-03-24T21:54:54.862+0800] {processor.py:925} INFO - DAG(s) 'tutorial_taskflow_templates' retrieved from /Users/dionneleow/IS3107/IS3107-group11/backend/venv/lib/python3.12/site-packages/airflow/example_dags/tutorial_taskflow_templates.py
[2025-03-24T21:54:54.922+0800] {logging_mixin.py:190} INFO - [2025-03-24T21:54:54.922+0800] {dag.py:3239} INFO - Sync 1 DAGs
[2025-03-24T21:54:54.928+0800] {logging_mixin.py:190} INFO - [2025-03-24T21:54:54.928+0800] {dag.py:4180} INFO - Setting next_dagrun for tutorial_taskflow_templates to 2025-03-23 00:00:00+00:00, run_after=2025-03-24 00:00:00+00:00
[2025-03-24T21:54:54.936+0800] {processor.py:208} INFO - Processing /Users/dionneleow/IS3107/IS3107-group11/backend/venv/lib/python3.12/site-packages/airflow/example_dags/tutorial_taskflow_templates.py took 0.093 seconds
[2025-03-24T21:56:04.321+0800] {processor.py:186} INFO - Started process (PID=65877) to work on /Users/dionneleow/IS3107/IS3107-group11/backend/venv/lib/python3.12/site-packages/airflow/example_dags/tutorial_taskflow_templates.py
[2025-03-24T21:56:04.322+0800] {processor.py:914} INFO - Processing file /Users/dionneleow/IS3107/IS3107-group11/backend/venv/lib/python3.12/site-packages/airflow/example_dags/tutorial_taskflow_templates.py for tasks to queue
[2025-03-24T21:56:04.323+0800] {logging_mixin.py:190} INFO - [2025-03-24T21:56:04.322+0800] {dagbag.py:588} INFO - Filling up the DagBag from /Users/dionneleow/IS3107/IS3107-group11/backend/venv/lib/python3.12/site-packages/airflow/example_dags/tutorial_taskflow_templates.py
[2025-03-24T21:56:04.339+0800] {processor.py:925} INFO - DAG(s) 'tutorial_taskflow_templates' retrieved from /Users/dionneleow/IS3107/IS3107-group11/backend/venv/lib/python3.12/site-packages/airflow/example_dags/tutorial_taskflow_templates.py
[2025-03-24T21:56:04.395+0800] {logging_mixin.py:190} INFO - [2025-03-24T21:56:04.394+0800] {dag.py:3239} INFO - Sync 1 DAGs
[2025-03-24T21:56:04.401+0800] {logging_mixin.py:190} INFO - [2025-03-24T21:56:04.401+0800] {dag.py:4180} INFO - Setting next_dagrun for tutorial_taskflow_templates to 2025-03-23 00:00:00+00:00, run_after=2025-03-24 00:00:00+00:00
[2025-03-24T21:56:04.409+0800] {processor.py:208} INFO - Processing /Users/dionneleow/IS3107/IS3107-group11/backend/venv/lib/python3.12/site-packages/airflow/example_dags/tutorial_taskflow_templates.py took 0.088 seconds
[2025-03-24T21:57:13.276+0800] {processor.py:186} INFO - Started process (PID=66313) to work on /Users/dionneleow/IS3107/IS3107-group11/backend/venv/lib/python3.12/site-packages/airflow/example_dags/tutorial_taskflow_templates.py
[2025-03-24T21:57:13.277+0800] {processor.py:914} INFO - Processing file /Users/dionneleow/IS3107/IS3107-group11/backend/venv/lib/python3.12/site-packages/airflow/example_dags/tutorial_taskflow_templates.py for tasks to queue
[2025-03-24T21:57:13.277+0800] {logging_mixin.py:190} INFO - [2025-03-24T21:57:13.277+0800] {dagbag.py:588} INFO - Filling up the DagBag from /Users/dionneleow/IS3107/IS3107-group11/backend/venv/lib/python3.12/site-packages/airflow/example_dags/tutorial_taskflow_templates.py
[2025-03-24T21:57:13.294+0800] {processor.py:925} INFO - DAG(s) 'tutorial_taskflow_templates' retrieved from /Users/dionneleow/IS3107/IS3107-group11/backend/venv/lib/python3.12/site-packages/airflow/example_dags/tutorial_taskflow_templates.py
[2025-03-24T21:57:13.349+0800] {logging_mixin.py:190} INFO - [2025-03-24T21:57:13.349+0800] {dag.py:3239} INFO - Sync 1 DAGs
[2025-03-24T21:57:13.356+0800] {logging_mixin.py:190} INFO - [2025-03-24T21:57:13.356+0800] {dag.py:4180} INFO - Setting next_dagrun for tutorial_taskflow_templates to 2025-03-23 00:00:00+00:00, run_after=2025-03-24 00:00:00+00:00
[2025-03-24T21:57:13.365+0800] {processor.py:208} INFO - Processing /Users/dionneleow/IS3107/IS3107-group11/backend/venv/lib/python3.12/site-packages/airflow/example_dags/tutorial_taskflow_templates.py took 0.090 seconds
[2025-03-24T21:58:22.031+0800] {processor.py:186} INFO - Started process (PID=66782) to work on /Users/dionneleow/IS3107/IS3107-group11/backend/venv/lib/python3.12/site-packages/airflow/example_dags/tutorial_taskflow_templates.py
[2025-03-24T21:58:22.031+0800] {processor.py:914} INFO - Processing file /Users/dionneleow/IS3107/IS3107-group11/backend/venv/lib/python3.12/site-packages/airflow/example_dags/tutorial_taskflow_templates.py for tasks to queue
[2025-03-24T21:58:22.032+0800] {logging_mixin.py:190} INFO - [2025-03-24T21:58:22.032+0800] {dagbag.py:588} INFO - Filling up the DagBag from /Users/dionneleow/IS3107/IS3107-group11/backend/venv/lib/python3.12/site-packages/airflow/example_dags/tutorial_taskflow_templates.py
[2025-03-24T21:58:22.050+0800] {processor.py:925} INFO - DAG(s) 'tutorial_taskflow_templates' retrieved from /Users/dionneleow/IS3107/IS3107-group11/backend/venv/lib/python3.12/site-packages/airflow/example_dags/tutorial_taskflow_templates.py
[2025-03-24T21:58:22.104+0800] {logging_mixin.py:190} INFO - [2025-03-24T21:58:22.104+0800] {dag.py:3239} INFO - Sync 1 DAGs
[2025-03-24T21:58:22.110+0800] {logging_mixin.py:190} INFO - [2025-03-24T21:58:22.110+0800] {dag.py:4180} INFO - Setting next_dagrun for tutorial_taskflow_templates to 2025-03-23 00:00:00+00:00, run_after=2025-03-24 00:00:00+00:00
[2025-03-24T21:58:22.116+0800] {processor.py:208} INFO - Processing /Users/dionneleow/IS3107/IS3107-group11/backend/venv/lib/python3.12/site-packages/airflow/example_dags/tutorial_taskflow_templates.py took 0.087 seconds
[2025-03-24T21:59:29.277+0800] {processor.py:186} INFO - Started process (PID=67108) to work on /Users/dionneleow/IS3107/IS3107-group11/backend/venv/lib/python3.12/site-packages/airflow/example_dags/tutorial_taskflow_templates.py
[2025-03-24T21:59:29.277+0800] {processor.py:914} INFO - Processing file /Users/dionneleow/IS3107/IS3107-group11/backend/venv/lib/python3.12/site-packages/airflow/example_dags/tutorial_taskflow_templates.py for tasks to queue
[2025-03-24T21:59:29.278+0800] {logging_mixin.py:190} INFO - [2025-03-24T21:59:29.278+0800] {dagbag.py:588} INFO - Filling up the DagBag from /Users/dionneleow/IS3107/IS3107-group11/backend/venv/lib/python3.12/site-packages/airflow/example_dags/tutorial_taskflow_templates.py
[2025-03-24T21:59:29.299+0800] {processor.py:925} INFO - DAG(s) 'tutorial_taskflow_templates' retrieved from /Users/dionneleow/IS3107/IS3107-group11/backend/venv/lib/python3.12/site-packages/airflow/example_dags/tutorial_taskflow_templates.py
[2025-03-24T21:59:29.353+0800] {logging_mixin.py:190} INFO - [2025-03-24T21:59:29.353+0800] {dag.py:3239} INFO - Sync 1 DAGs
[2025-03-24T21:59:29.360+0800] {logging_mixin.py:190} INFO - [2025-03-24T21:59:29.359+0800] {dag.py:4180} INFO - Setting next_dagrun for tutorial_taskflow_templates to 2025-03-23 00:00:00+00:00, run_after=2025-03-24 00:00:00+00:00
[2025-03-24T21:59:29.368+0800] {processor.py:208} INFO - Processing /Users/dionneleow/IS3107/IS3107-group11/backend/venv/lib/python3.12/site-packages/airflow/example_dags/tutorial_taskflow_templates.py took 0.093 seconds
[2025-03-24T22:00:30.435+0800] {processor.py:186} INFO - Started process (PID=67465) to work on /Users/dionneleow/IS3107/IS3107-group11/backend/venv/lib/python3.12/site-packages/airflow/example_dags/tutorial_taskflow_templates.py
[2025-03-24T22:00:30.435+0800] {processor.py:914} INFO - Processing file /Users/dionneleow/IS3107/IS3107-group11/backend/venv/lib/python3.12/site-packages/airflow/example_dags/tutorial_taskflow_templates.py for tasks to queue
[2025-03-24T22:00:30.436+0800] {logging_mixin.py:190} INFO - [2025-03-24T22:00:30.436+0800] {dagbag.py:588} INFO - Filling up the DagBag from /Users/dionneleow/IS3107/IS3107-group11/backend/venv/lib/python3.12/site-packages/airflow/example_dags/tutorial_taskflow_templates.py
[2025-03-24T22:00:30.456+0800] {processor.py:925} INFO - DAG(s) 'tutorial_taskflow_templates' retrieved from /Users/dionneleow/IS3107/IS3107-group11/backend/venv/lib/python3.12/site-packages/airflow/example_dags/tutorial_taskflow_templates.py
[2025-03-24T22:00:30.512+0800] {logging_mixin.py:190} INFO - [2025-03-24T22:00:30.512+0800] {dag.py:3239} INFO - Sync 1 DAGs
[2025-03-24T22:00:30.518+0800] {logging_mixin.py:190} INFO - [2025-03-24T22:00:30.518+0800] {dag.py:4180} INFO - Setting next_dagrun for tutorial_taskflow_templates to 2025-03-23 00:00:00+00:00, run_after=2025-03-24 00:00:00+00:00
[2025-03-24T22:00:30.525+0800] {processor.py:208} INFO - Processing /Users/dionneleow/IS3107/IS3107-group11/backend/venv/lib/python3.12/site-packages/airflow/example_dags/tutorial_taskflow_templates.py took 0.091 seconds
[2025-03-24T22:01:33.727+0800] {processor.py:186} INFO - Started process (PID=67840) to work on /Users/dionneleow/IS3107/IS3107-group11/backend/venv/lib/python3.12/site-packages/airflow/example_dags/tutorial_taskflow_templates.py
[2025-03-24T22:01:33.728+0800] {processor.py:914} INFO - Processing file /Users/dionneleow/IS3107/IS3107-group11/backend/venv/lib/python3.12/site-packages/airflow/example_dags/tutorial_taskflow_templates.py for tasks to queue
[2025-03-24T22:01:33.728+0800] {logging_mixin.py:190} INFO - [2025-03-24T22:01:33.728+0800] {dagbag.py:588} INFO - Filling up the DagBag from /Users/dionneleow/IS3107/IS3107-group11/backend/venv/lib/python3.12/site-packages/airflow/example_dags/tutorial_taskflow_templates.py
[2025-03-24T22:01:33.744+0800] {processor.py:925} INFO - DAG(s) 'tutorial_taskflow_templates' retrieved from /Users/dionneleow/IS3107/IS3107-group11/backend/venv/lib/python3.12/site-packages/airflow/example_dags/tutorial_taskflow_templates.py
[2025-03-24T22:01:33.820+0800] {logging_mixin.py:190} INFO - [2025-03-24T22:01:33.820+0800] {dag.py:3239} INFO - Sync 1 DAGs
[2025-03-24T22:01:33.828+0800] {logging_mixin.py:190} INFO - [2025-03-24T22:01:33.828+0800] {dag.py:4180} INFO - Setting next_dagrun for tutorial_taskflow_templates to 2025-03-23 00:00:00+00:00, run_after=2025-03-24 00:00:00+00:00
[2025-03-24T22:01:33.837+0800] {processor.py:208} INFO - Processing /Users/dionneleow/IS3107/IS3107-group11/backend/venv/lib/python3.12/site-packages/airflow/example_dags/tutorial_taskflow_templates.py took 0.112 seconds
[2025-03-24T22:02:39.145+0800] {processor.py:186} INFO - Started process (PID=68221) to work on /Users/dionneleow/IS3107/IS3107-group11/backend/venv/lib/python3.12/site-packages/airflow/example_dags/tutorial_taskflow_templates.py
[2025-03-24T22:02:39.146+0800] {processor.py:914} INFO - Processing file /Users/dionneleow/IS3107/IS3107-group11/backend/venv/lib/python3.12/site-packages/airflow/example_dags/tutorial_taskflow_templates.py for tasks to queue
[2025-03-24T22:02:39.146+0800] {logging_mixin.py:190} INFO - [2025-03-24T22:02:39.146+0800] {dagbag.py:588} INFO - Filling up the DagBag from /Users/dionneleow/IS3107/IS3107-group11/backend/venv/lib/python3.12/site-packages/airflow/example_dags/tutorial_taskflow_templates.py
[2025-03-24T22:02:39.168+0800] {processor.py:925} INFO - DAG(s) 'tutorial_taskflow_templates' retrieved from /Users/dionneleow/IS3107/IS3107-group11/backend/venv/lib/python3.12/site-packages/airflow/example_dags/tutorial_taskflow_templates.py
[2025-03-24T22:02:39.225+0800] {logging_mixin.py:190} INFO - [2025-03-24T22:02:39.225+0800] {dag.py:3239} INFO - Sync 1 DAGs
[2025-03-24T22:02:39.231+0800] {logging_mixin.py:190} INFO - [2025-03-24T22:02:39.231+0800] {dag.py:4180} INFO - Setting next_dagrun for tutorial_taskflow_templates to 2025-03-23 00:00:00+00:00, run_after=2025-03-24 00:00:00+00:00
[2025-03-24T22:02:39.237+0800] {processor.py:208} INFO - Processing /Users/dionneleow/IS3107/IS3107-group11/backend/venv/lib/python3.12/site-packages/airflow/example_dags/tutorial_taskflow_templates.py took 0.093 seconds
[2025-03-24T22:03:48.002+0800] {processor.py:186} INFO - Started process (PID=68669) to work on /Users/dionneleow/IS3107/IS3107-group11/backend/venv/lib/python3.12/site-packages/airflow/example_dags/tutorial_taskflow_templates.py
[2025-03-24T22:03:48.002+0800] {processor.py:914} INFO - Processing file /Users/dionneleow/IS3107/IS3107-group11/backend/venv/lib/python3.12/site-packages/airflow/example_dags/tutorial_taskflow_templates.py for tasks to queue
[2025-03-24T22:03:48.003+0800] {logging_mixin.py:190} INFO - [2025-03-24T22:03:48.003+0800] {dagbag.py:588} INFO - Filling up the DagBag from /Users/dionneleow/IS3107/IS3107-group11/backend/venv/lib/python3.12/site-packages/airflow/example_dags/tutorial_taskflow_templates.py
[2025-03-24T22:03:48.019+0800] {processor.py:925} INFO - DAG(s) 'tutorial_taskflow_templates' retrieved from /Users/dionneleow/IS3107/IS3107-group11/backend/venv/lib/python3.12/site-packages/airflow/example_dags/tutorial_taskflow_templates.py
[2025-03-24T22:03:48.072+0800] {logging_mixin.py:190} INFO - [2025-03-24T22:03:48.072+0800] {dag.py:3239} INFO - Sync 1 DAGs
[2025-03-24T22:03:48.078+0800] {logging_mixin.py:190} INFO - [2025-03-24T22:03:48.078+0800] {dag.py:4180} INFO - Setting next_dagrun for tutorial_taskflow_templates to 2025-03-23 00:00:00+00:00, run_after=2025-03-24 00:00:00+00:00
[2025-03-24T22:03:48.085+0800] {processor.py:208} INFO - Processing /Users/dionneleow/IS3107/IS3107-group11/backend/venv/lib/python3.12/site-packages/airflow/example_dags/tutorial_taskflow_templates.py took 0.084 seconds
[2025-03-24T22:04:56.693+0800] {processor.py:186} INFO - Started process (PID=69044) to work on /Users/dionneleow/IS3107/IS3107-group11/backend/venv/lib/python3.12/site-packages/airflow/example_dags/tutorial_taskflow_templates.py
[2025-03-24T22:04:56.694+0800] {processor.py:914} INFO - Processing file /Users/dionneleow/IS3107/IS3107-group11/backend/venv/lib/python3.12/site-packages/airflow/example_dags/tutorial_taskflow_templates.py for tasks to queue
[2025-03-24T22:04:56.694+0800] {logging_mixin.py:190} INFO - [2025-03-24T22:04:56.694+0800] {dagbag.py:588} INFO - Filling up the DagBag from /Users/dionneleow/IS3107/IS3107-group11/backend/venv/lib/python3.12/site-packages/airflow/example_dags/tutorial_taskflow_templates.py
[2025-03-24T22:04:56.719+0800] {processor.py:925} INFO - DAG(s) 'tutorial_taskflow_templates' retrieved from /Users/dionneleow/IS3107/IS3107-group11/backend/venv/lib/python3.12/site-packages/airflow/example_dags/tutorial_taskflow_templates.py
[2025-03-24T22:04:56.774+0800] {logging_mixin.py:190} INFO - [2025-03-24T22:04:56.774+0800] {dag.py:3239} INFO - Sync 1 DAGs
[2025-03-24T22:04:56.782+0800] {logging_mixin.py:190} INFO - [2025-03-24T22:04:56.782+0800] {dag.py:4180} INFO - Setting next_dagrun for tutorial_taskflow_templates to 2025-03-23 00:00:00+00:00, run_after=2025-03-24 00:00:00+00:00
[2025-03-24T22:04:56.791+0800] {processor.py:208} INFO - Processing /Users/dionneleow/IS3107/IS3107-group11/backend/venv/lib/python3.12/site-packages/airflow/example_dags/tutorial_taskflow_templates.py took 0.099 seconds
[2025-03-24T22:06:04.087+0800] {processor.py:186} INFO - Started process (PID=69371) to work on /Users/dionneleow/IS3107/IS3107-group11/backend/venv/lib/python3.12/site-packages/airflow/example_dags/tutorial_taskflow_templates.py
[2025-03-24T22:06:04.088+0800] {processor.py:914} INFO - Processing file /Users/dionneleow/IS3107/IS3107-group11/backend/venv/lib/python3.12/site-packages/airflow/example_dags/tutorial_taskflow_templates.py for tasks to queue
[2025-03-24T22:06:04.088+0800] {logging_mixin.py:190} INFO - [2025-03-24T22:06:04.088+0800] {dagbag.py:588} INFO - Filling up the DagBag from /Users/dionneleow/IS3107/IS3107-group11/backend/venv/lib/python3.12/site-packages/airflow/example_dags/tutorial_taskflow_templates.py
[2025-03-24T22:06:04.111+0800] {processor.py:925} INFO - DAG(s) 'tutorial_taskflow_templates' retrieved from /Users/dionneleow/IS3107/IS3107-group11/backend/venv/lib/python3.12/site-packages/airflow/example_dags/tutorial_taskflow_templates.py
[2025-03-24T22:06:04.167+0800] {logging_mixin.py:190} INFO - [2025-03-24T22:06:04.166+0800] {dag.py:3239} INFO - Sync 1 DAGs
[2025-03-24T22:06:04.173+0800] {logging_mixin.py:190} INFO - [2025-03-24T22:06:04.172+0800] {dag.py:4180} INFO - Setting next_dagrun for tutorial_taskflow_templates to 2025-03-23 00:00:00+00:00, run_after=2025-03-24 00:00:00+00:00
[2025-03-24T22:06:04.180+0800] {processor.py:208} INFO - Processing /Users/dionneleow/IS3107/IS3107-group11/backend/venv/lib/python3.12/site-packages/airflow/example_dags/tutorial_taskflow_templates.py took 0.094 seconds
[2025-03-24T22:07:13.919+0800] {processor.py:186} INFO - Started process (PID=69761) to work on /Users/dionneleow/IS3107/IS3107-group11/backend/venv/lib/python3.12/site-packages/airflow/example_dags/tutorial_taskflow_templates.py
[2025-03-24T22:07:13.921+0800] {processor.py:914} INFO - Processing file /Users/dionneleow/IS3107/IS3107-group11/backend/venv/lib/python3.12/site-packages/airflow/example_dags/tutorial_taskflow_templates.py for tasks to queue
[2025-03-24T22:07:13.921+0800] {logging_mixin.py:190} INFO - [2025-03-24T22:07:13.921+0800] {dagbag.py:588} INFO - Filling up the DagBag from /Users/dionneleow/IS3107/IS3107-group11/backend/venv/lib/python3.12/site-packages/airflow/example_dags/tutorial_taskflow_templates.py
[2025-03-24T22:07:13.943+0800] {processor.py:925} INFO - DAG(s) 'tutorial_taskflow_templates' retrieved from /Users/dionneleow/IS3107/IS3107-group11/backend/venv/lib/python3.12/site-packages/airflow/example_dags/tutorial_taskflow_templates.py
[2025-03-24T22:07:13.998+0800] {logging_mixin.py:190} INFO - [2025-03-24T22:07:13.998+0800] {dag.py:3239} INFO - Sync 1 DAGs
[2025-03-24T22:07:14.006+0800] {logging_mixin.py:190} INFO - [2025-03-24T22:07:14.006+0800] {dag.py:4180} INFO - Setting next_dagrun for tutorial_taskflow_templates to 2025-03-23 00:00:00+00:00, run_after=2025-03-24 00:00:00+00:00
[2025-03-24T22:07:14.014+0800] {processor.py:208} INFO - Processing /Users/dionneleow/IS3107/IS3107-group11/backend/venv/lib/python3.12/site-packages/airflow/example_dags/tutorial_taskflow_templates.py took 0.097 seconds
[2025-03-24T22:08:25.571+0800] {processor.py:186} INFO - Started process (PID=70160) to work on /Users/dionneleow/IS3107/IS3107-group11/backend/venv/lib/python3.12/site-packages/airflow/example_dags/tutorial_taskflow_templates.py
[2025-03-24T22:08:25.573+0800] {processor.py:914} INFO - Processing file /Users/dionneleow/IS3107/IS3107-group11/backend/venv/lib/python3.12/site-packages/airflow/example_dags/tutorial_taskflow_templates.py for tasks to queue
[2025-03-24T22:08:25.573+0800] {logging_mixin.py:190} INFO - [2025-03-24T22:08:25.573+0800] {dagbag.py:588} INFO - Filling up the DagBag from /Users/dionneleow/IS3107/IS3107-group11/backend/venv/lib/python3.12/site-packages/airflow/example_dags/tutorial_taskflow_templates.py
[2025-03-24T22:08:25.596+0800] {processor.py:925} INFO - DAG(s) 'tutorial_taskflow_templates' retrieved from /Users/dionneleow/IS3107/IS3107-group11/backend/venv/lib/python3.12/site-packages/airflow/example_dags/tutorial_taskflow_templates.py
[2025-03-24T22:08:25.653+0800] {logging_mixin.py:190} INFO - [2025-03-24T22:08:25.653+0800] {dag.py:3239} INFO - Sync 1 DAGs
[2025-03-24T22:08:25.660+0800] {logging_mixin.py:190} INFO - [2025-03-24T22:08:25.660+0800] {dag.py:4180} INFO - Setting next_dagrun for tutorial_taskflow_templates to 2025-03-23 00:00:00+00:00, run_after=2025-03-24 00:00:00+00:00
[2025-03-24T22:08:25.667+0800] {processor.py:208} INFO - Processing /Users/dionneleow/IS3107/IS3107-group11/backend/venv/lib/python3.12/site-packages/airflow/example_dags/tutorial_taskflow_templates.py took 0.097 seconds
[2025-03-24T22:09:38.249+0800] {processor.py:186} INFO - Started process (PID=70533) to work on /Users/dionneleow/IS3107/IS3107-group11/backend/venv/lib/python3.12/site-packages/airflow/example_dags/tutorial_taskflow_templates.py
[2025-03-24T22:09:38.250+0800] {processor.py:914} INFO - Processing file /Users/dionneleow/IS3107/IS3107-group11/backend/venv/lib/python3.12/site-packages/airflow/example_dags/tutorial_taskflow_templates.py for tasks to queue
[2025-03-24T22:09:38.250+0800] {logging_mixin.py:190} INFO - [2025-03-24T22:09:38.250+0800] {dagbag.py:588} INFO - Filling up the DagBag from /Users/dionneleow/IS3107/IS3107-group11/backend/venv/lib/python3.12/site-packages/airflow/example_dags/tutorial_taskflow_templates.py
[2025-03-24T22:09:38.273+0800] {processor.py:925} INFO - DAG(s) 'tutorial_taskflow_templates' retrieved from /Users/dionneleow/IS3107/IS3107-group11/backend/venv/lib/python3.12/site-packages/airflow/example_dags/tutorial_taskflow_templates.py
[2025-03-24T22:09:38.332+0800] {logging_mixin.py:190} INFO - [2025-03-24T22:09:38.332+0800] {dag.py:3239} INFO - Sync 1 DAGs
[2025-03-24T22:09:38.340+0800] {logging_mixin.py:190} INFO - [2025-03-24T22:09:38.340+0800] {dag.py:4180} INFO - Setting next_dagrun for tutorial_taskflow_templates to 2025-03-23 00:00:00+00:00, run_after=2025-03-24 00:00:00+00:00
[2025-03-24T22:09:38.348+0800] {processor.py:208} INFO - Processing /Users/dionneleow/IS3107/IS3107-group11/backend/venv/lib/python3.12/site-packages/airflow/example_dags/tutorial_taskflow_templates.py took 0.101 seconds
