[2025-03-24T21:47:13.882+0800] {processor.py:186} INFO - Started process (PID=62286) to work on /Users/dionneleow/IS3107/IS3107-group11/backend/venv/lib/python3.12/site-packages/airflow/example_dags/tutorial_taskflow_api_virtualenv.py
[2025-03-24T21:47:13.883+0800] {processor.py:914} INFO - Processing file /Users/dionneleow/IS3107/IS3107-group11/backend/venv/lib/python3.12/site-packages/airflow/example_dags/tutorial_taskflow_api_virtualenv.py for tasks to queue
[2025-03-24T21:47:13.883+0800] {logging_mixin.py:190} INFO - [2025-03-24T21:47:13.883+0800] {dagbag.py:588} INFO - Filling up the DagBag from /Users/dionneleow/IS3107/IS3107-group11/backend/venv/lib/python3.12/site-packages/airflow/example_dags/tutorial_taskflow_api_virtualenv.py
[2025-03-24T21:47:13.909+0800] {processor.py:925} INFO - DAG(s) 'tutorial_taskflow_api_virtualenv' retrieved from /Users/dionneleow/IS3107/IS3107-group11/backend/venv/lib/python3.12/site-packages/airflow/example_dags/tutorial_taskflow_api_virtualenv.py
[2025-03-24T21:47:14.041+0800] {logging_mixin.py:190} INFO - [2025-03-24T21:47:14.040+0800] {override.py:1912} INFO - Created Permission View: can delete on DAG:tutorial_taskflow_api_virtualenv
[2025-03-24T21:47:14.047+0800] {logging_mixin.py:190} INFO - [2025-03-24T21:47:14.046+0800] {override.py:1912} INFO - Created Permission View: can edit on DAG:tutorial_taskflow_api_virtualenv
[2025-03-24T21:47:14.052+0800] {logging_mixin.py:190} INFO - [2025-03-24T21:47:14.052+0800] {override.py:1912} INFO - Created Permission View: can read on DAG:tutorial_taskflow_api_virtualenv
[2025-03-24T21:47:14.056+0800] {logging_mixin.py:190} INFO - [2025-03-24T21:47:14.056+0800] {override.py:1912} INFO - Created Permission View: can delete on DAG Run:tutorial_taskflow_api_virtualenv
[2025-03-24T21:47:14.059+0800] {logging_mixin.py:190} INFO - [2025-03-24T21:47:14.059+0800] {override.py:1912} INFO - Created Permission View: can create on DAG Run:tutorial_taskflow_api_virtualenv
[2025-03-24T21:47:14.061+0800] {logging_mixin.py:190} INFO - [2025-03-24T21:47:14.061+0800] {override.py:1912} INFO - Created Permission View: menu access on DAG Run:tutorial_taskflow_api_virtualenv
[2025-03-24T21:47:14.063+0800] {logging_mixin.py:190} INFO - [2025-03-24T21:47:14.063+0800] {override.py:1912} INFO - Created Permission View: can read on DAG Run:tutorial_taskflow_api_virtualenv
[2025-03-24T21:47:14.064+0800] {logging_mixin.py:190} INFO - [2025-03-24T21:47:14.064+0800] {dag.py:3239} INFO - Sync 1 DAGs
[2025-03-24T21:47:14.069+0800] {logging_mixin.py:190} INFO - [2025-03-24T21:47:14.069+0800] {dag.py:3262} INFO - Creating ORM DAG for tutorial_taskflow_api_virtualenv
[2025-03-24T21:47:14.070+0800] {logging_mixin.py:190} INFO - [2025-03-24T21:47:14.070+0800] {dag.py:4180} INFO - Setting next_dagrun for tutorial_taskflow_api_virtualenv to None, run_after=None
[2025-03-24T21:47:14.080+0800] {processor.py:208} INFO - Processing /Users/dionneleow/IS3107/IS3107-group11/backend/venv/lib/python3.12/site-packages/airflow/example_dags/tutorial_taskflow_api_virtualenv.py took 0.200 seconds
[2025-03-24T21:48:23.976+0800] {processor.py:186} INFO - Started process (PID=62827) to work on /Users/dionneleow/IS3107/IS3107-group11/backend/venv/lib/python3.12/site-packages/airflow/example_dags/tutorial_taskflow_api_virtualenv.py
[2025-03-24T21:48:23.977+0800] {processor.py:914} INFO - Processing file /Users/dionneleow/IS3107/IS3107-group11/backend/venv/lib/python3.12/site-packages/airflow/example_dags/tutorial_taskflow_api_virtualenv.py for tasks to queue
[2025-03-24T21:48:23.977+0800] {logging_mixin.py:190} INFO - [2025-03-24T21:48:23.977+0800] {dagbag.py:588} INFO - Filling up the DagBag from /Users/dionneleow/IS3107/IS3107-group11/backend/venv/lib/python3.12/site-packages/airflow/example_dags/tutorial_taskflow_api_virtualenv.py
[2025-03-24T21:48:23.993+0800] {processor.py:925} INFO - DAG(s) 'tutorial_taskflow_api_virtualenv' retrieved from /Users/dionneleow/IS3107/IS3107-group11/backend/venv/lib/python3.12/site-packages/airflow/example_dags/tutorial_taskflow_api_virtualenv.py
[2025-03-24T21:48:24.131+0800] {logging_mixin.py:190} INFO - [2025-03-24T21:48:24.131+0800] {dag.py:3239} INFO - Sync 1 DAGs
[2025-03-24T21:48:24.138+0800] {logging_mixin.py:190} INFO - [2025-03-24T21:48:24.137+0800] {dag.py:4180} INFO - Setting next_dagrun for tutorial_taskflow_api_virtualenv to None, run_after=None
[2025-03-24T21:48:24.151+0800] {processor.py:208} INFO - Processing /Users/dionneleow/IS3107/IS3107-group11/backend/venv/lib/python3.12/site-packages/airflow/example_dags/tutorial_taskflow_api_virtualenv.py took 0.178 seconds
[2025-03-24T21:50:14.025+0800] {processor.py:186} INFO - Started process (PID=63650) to work on /Users/dionneleow/IS3107/IS3107-group11/backend/venv/lib/python3.12/site-packages/airflow/example_dags/tutorial_taskflow_api_virtualenv.py
[2025-03-24T21:50:14.026+0800] {processor.py:914} INFO - Processing file /Users/dionneleow/IS3107/IS3107-group11/backend/venv/lib/python3.12/site-packages/airflow/example_dags/tutorial_taskflow_api_virtualenv.py for tasks to queue
[2025-03-24T21:50:14.027+0800] {logging_mixin.py:190} INFO - [2025-03-24T21:50:14.027+0800] {dagbag.py:588} INFO - Filling up the DagBag from /Users/dionneleow/IS3107/IS3107-group11/backend/venv/lib/python3.12/site-packages/airflow/example_dags/tutorial_taskflow_api_virtualenv.py
[2025-03-24T21:50:14.044+0800] {processor.py:925} INFO - DAG(s) 'tutorial_taskflow_api_virtualenv' retrieved from /Users/dionneleow/IS3107/IS3107-group11/backend/venv/lib/python3.12/site-packages/airflow/example_dags/tutorial_taskflow_api_virtualenv.py
[2025-03-24T21:50:14.235+0800] {logging_mixin.py:190} INFO - [2025-03-24T21:50:14.235+0800] {dag.py:3239} INFO - Sync 1 DAGs
[2025-03-24T21:50:14.241+0800] {logging_mixin.py:190} INFO - [2025-03-24T21:50:14.241+0800] {dag.py:4180} INFO - Setting next_dagrun for tutorial_taskflow_api_virtualenv to None, run_after=None
[2025-03-24T21:50:14.249+0800] {processor.py:208} INFO - Processing /Users/dionneleow/IS3107/IS3107-group11/backend/venv/lib/python3.12/site-packages/airflow/example_dags/tutorial_taskflow_api_virtualenv.py took 0.225 seconds
[2025-03-24T21:51:31.520+0800] {processor.py:186} INFO - Started process (PID=64193) to work on /Users/dionneleow/IS3107/IS3107-group11/backend/venv/lib/python3.12/site-packages/airflow/example_dags/tutorial_taskflow_api_virtualenv.py
[2025-03-24T21:51:31.522+0800] {processor.py:914} INFO - Processing file /Users/dionneleow/IS3107/IS3107-group11/backend/venv/lib/python3.12/site-packages/airflow/example_dags/tutorial_taskflow_api_virtualenv.py for tasks to queue
[2025-03-24T21:51:31.522+0800] {logging_mixin.py:190} INFO - [2025-03-24T21:51:31.522+0800] {dagbag.py:588} INFO - Filling up the DagBag from /Users/dionneleow/IS3107/IS3107-group11/backend/venv/lib/python3.12/site-packages/airflow/example_dags/tutorial_taskflow_api_virtualenv.py
[2025-03-24T21:51:31.538+0800] {processor.py:925} INFO - DAG(s) 'tutorial_taskflow_api_virtualenv' retrieved from /Users/dionneleow/IS3107/IS3107-group11/backend/venv/lib/python3.12/site-packages/airflow/example_dags/tutorial_taskflow_api_virtualenv.py
[2025-03-24T21:51:31.665+0800] {logging_mixin.py:190} INFO - [2025-03-24T21:51:31.665+0800] {dag.py:3239} INFO - Sync 1 DAGs
[2025-03-24T21:51:31.668+0800] {logging_mixin.py:190} INFO - [2025-03-24T21:51:31.668+0800] {dag.py:4180} INFO - Setting next_dagrun for tutorial_taskflow_api_virtualenv to None, run_after=None
[2025-03-24T21:51:31.676+0800] {processor.py:208} INFO - Processing /Users/dionneleow/IS3107/IS3107-group11/backend/venv/lib/python3.12/site-packages/airflow/example_dags/tutorial_taskflow_api_virtualenv.py took 0.158 seconds
[2025-03-24T21:52:40.791+0800] {processor.py:186} INFO - Started process (PID=64601) to work on /Users/dionneleow/IS3107/IS3107-group11/backend/venv/lib/python3.12/site-packages/airflow/example_dags/tutorial_taskflow_api_virtualenv.py
[2025-03-24T21:52:40.794+0800] {processor.py:914} INFO - Processing file /Users/dionneleow/IS3107/IS3107-group11/backend/venv/lib/python3.12/site-packages/airflow/example_dags/tutorial_taskflow_api_virtualenv.py for tasks to queue
[2025-03-24T21:52:40.795+0800] {logging_mixin.py:190} INFO - [2025-03-24T21:52:40.795+0800] {dagbag.py:588} INFO - Filling up the DagBag from /Users/dionneleow/IS3107/IS3107-group11/backend/venv/lib/python3.12/site-packages/airflow/example_dags/tutorial_taskflow_api_virtualenv.py
[2025-03-24T21:52:40.812+0800] {processor.py:925} INFO - DAG(s) 'tutorial_taskflow_api_virtualenv' retrieved from /Users/dionneleow/IS3107/IS3107-group11/backend/venv/lib/python3.12/site-packages/airflow/example_dags/tutorial_taskflow_api_virtualenv.py
[2025-03-24T21:52:41.027+0800] {logging_mixin.py:190} INFO - [2025-03-24T21:52:41.027+0800] {dag.py:3239} INFO - Sync 1 DAGs
[2025-03-24T21:52:41.034+0800] {logging_mixin.py:190} INFO - [2025-03-24T21:52:41.034+0800] {dag.py:4180} INFO - Setting next_dagrun for tutorial_taskflow_api_virtualenv to None, run_after=None
[2025-03-24T21:52:41.043+0800] {processor.py:208} INFO - Processing /Users/dionneleow/IS3107/IS3107-group11/backend/venv/lib/python3.12/site-packages/airflow/example_dags/tutorial_taskflow_api_virtualenv.py took 0.254 seconds
[2025-03-24T21:53:48.866+0800] {processor.py:186} INFO - Started process (PID=65023) to work on /Users/dionneleow/IS3107/IS3107-group11/backend/venv/lib/python3.12/site-packages/airflow/example_dags/tutorial_taskflow_api_virtualenv.py
[2025-03-24T21:53:48.867+0800] {processor.py:914} INFO - Processing file /Users/dionneleow/IS3107/IS3107-group11/backend/venv/lib/python3.12/site-packages/airflow/example_dags/tutorial_taskflow_api_virtualenv.py for tasks to queue
[2025-03-24T21:53:48.867+0800] {logging_mixin.py:190} INFO - [2025-03-24T21:53:48.867+0800] {dagbag.py:588} INFO - Filling up the DagBag from /Users/dionneleow/IS3107/IS3107-group11/backend/venv/lib/python3.12/site-packages/airflow/example_dags/tutorial_taskflow_api_virtualenv.py
[2025-03-24T21:53:48.882+0800] {processor.py:925} INFO - DAG(s) 'tutorial_taskflow_api_virtualenv' retrieved from /Users/dionneleow/IS3107/IS3107-group11/backend/venv/lib/python3.12/site-packages/airflow/example_dags/tutorial_taskflow_api_virtualenv.py
[2025-03-24T21:53:48.992+0800] {logging_mixin.py:190} INFO - [2025-03-24T21:53:48.992+0800] {dag.py:3239} INFO - Sync 1 DAGs
[2025-03-24T21:53:48.995+0800] {logging_mixin.py:190} INFO - [2025-03-24T21:53:48.995+0800] {dag.py:4180} INFO - Setting next_dagrun for tutorial_taskflow_api_virtualenv to None, run_after=None
[2025-03-24T21:53:49.002+0800] {processor.py:208} INFO - Processing /Users/dionneleow/IS3107/IS3107-group11/backend/venv/lib/python3.12/site-packages/airflow/example_dags/tutorial_taskflow_api_virtualenv.py took 0.137 seconds
[2025-03-24T21:54:56.376+0800] {processor.py:186} INFO - Started process (PID=65441) to work on /Users/dionneleow/IS3107/IS3107-group11/backend/venv/lib/python3.12/site-packages/airflow/example_dags/tutorial_taskflow_api_virtualenv.py
[2025-03-24T21:54:56.377+0800] {processor.py:914} INFO - Processing file /Users/dionneleow/IS3107/IS3107-group11/backend/venv/lib/python3.12/site-packages/airflow/example_dags/tutorial_taskflow_api_virtualenv.py for tasks to queue
[2025-03-24T21:54:56.377+0800] {logging_mixin.py:190} INFO - [2025-03-24T21:54:56.377+0800] {dagbag.py:588} INFO - Filling up the DagBag from /Users/dionneleow/IS3107/IS3107-group11/backend/venv/lib/python3.12/site-packages/airflow/example_dags/tutorial_taskflow_api_virtualenv.py
[2025-03-24T21:54:56.392+0800] {processor.py:925} INFO - DAG(s) 'tutorial_taskflow_api_virtualenv' retrieved from /Users/dionneleow/IS3107/IS3107-group11/backend/venv/lib/python3.12/site-packages/airflow/example_dags/tutorial_taskflow_api_virtualenv.py
[2025-03-24T21:54:56.502+0800] {logging_mixin.py:190} INFO - [2025-03-24T21:54:56.502+0800] {dag.py:3239} INFO - Sync 1 DAGs
[2025-03-24T21:54:56.505+0800] {logging_mixin.py:190} INFO - [2025-03-24T21:54:56.505+0800] {dag.py:4180} INFO - Setting next_dagrun for tutorial_taskflow_api_virtualenv to None, run_after=None
[2025-03-24T21:54:56.512+0800] {processor.py:208} INFO - Processing /Users/dionneleow/IS3107/IS3107-group11/backend/venv/lib/python3.12/site-packages/airflow/example_dags/tutorial_taskflow_api_virtualenv.py took 0.137 seconds
[2025-03-24T21:56:06.176+0800] {processor.py:186} INFO - Started process (PID=65886) to work on /Users/dionneleow/IS3107/IS3107-group11/backend/venv/lib/python3.12/site-packages/airflow/example_dags/tutorial_taskflow_api_virtualenv.py
[2025-03-24T21:56:06.177+0800] {processor.py:914} INFO - Processing file /Users/dionneleow/IS3107/IS3107-group11/backend/venv/lib/python3.12/site-packages/airflow/example_dags/tutorial_taskflow_api_virtualenv.py for tasks to queue
[2025-03-24T21:56:06.177+0800] {logging_mixin.py:190} INFO - [2025-03-24T21:56:06.177+0800] {dagbag.py:588} INFO - Filling up the DagBag from /Users/dionneleow/IS3107/IS3107-group11/backend/venv/lib/python3.12/site-packages/airflow/example_dags/tutorial_taskflow_api_virtualenv.py
[2025-03-24T21:56:06.191+0800] {processor.py:925} INFO - DAG(s) 'tutorial_taskflow_api_virtualenv' retrieved from /Users/dionneleow/IS3107/IS3107-group11/backend/venv/lib/python3.12/site-packages/airflow/example_dags/tutorial_taskflow_api_virtualenv.py
[2025-03-24T21:56:06.296+0800] {logging_mixin.py:190} INFO - [2025-03-24T21:56:06.296+0800] {dag.py:3239} INFO - Sync 1 DAGs
[2025-03-24T21:56:06.299+0800] {logging_mixin.py:190} INFO - [2025-03-24T21:56:06.299+0800] {dag.py:4180} INFO - Setting next_dagrun for tutorial_taskflow_api_virtualenv to None, run_after=None
[2025-03-24T21:56:06.306+0800] {processor.py:208} INFO - Processing /Users/dionneleow/IS3107/IS3107-group11/backend/venv/lib/python3.12/site-packages/airflow/example_dags/tutorial_taskflow_api_virtualenv.py took 0.131 seconds
[2025-03-24T21:57:15.134+0800] {processor.py:186} INFO - Started process (PID=66326) to work on /Users/dionneleow/IS3107/IS3107-group11/backend/venv/lib/python3.12/site-packages/airflow/example_dags/tutorial_taskflow_api_virtualenv.py
[2025-03-24T21:57:15.134+0800] {processor.py:914} INFO - Processing file /Users/dionneleow/IS3107/IS3107-group11/backend/venv/lib/python3.12/site-packages/airflow/example_dags/tutorial_taskflow_api_virtualenv.py for tasks to queue
[2025-03-24T21:57:15.135+0800] {logging_mixin.py:190} INFO - [2025-03-24T21:57:15.135+0800] {dagbag.py:588} INFO - Filling up the DagBag from /Users/dionneleow/IS3107/IS3107-group11/backend/venv/lib/python3.12/site-packages/airflow/example_dags/tutorial_taskflow_api_virtualenv.py
[2025-03-24T21:57:15.150+0800] {processor.py:925} INFO - DAG(s) 'tutorial_taskflow_api_virtualenv' retrieved from /Users/dionneleow/IS3107/IS3107-group11/backend/venv/lib/python3.12/site-packages/airflow/example_dags/tutorial_taskflow_api_virtualenv.py
[2025-03-24T21:57:15.258+0800] {logging_mixin.py:190} INFO - [2025-03-24T21:57:15.258+0800] {dag.py:3239} INFO - Sync 1 DAGs
[2025-03-24T21:57:15.262+0800] {logging_mixin.py:190} INFO - [2025-03-24T21:57:15.262+0800] {dag.py:4180} INFO - Setting next_dagrun for tutorial_taskflow_api_virtualenv to None, run_after=None
[2025-03-24T21:57:15.270+0800] {processor.py:208} INFO - Processing /Users/dionneleow/IS3107/IS3107-group11/backend/venv/lib/python3.12/site-packages/airflow/example_dags/tutorial_taskflow_api_virtualenv.py took 0.137 seconds
