[2025-03-24T22:03:13.850+0800] {processor.py:186} INFO - Started process (PID=68471) to work on /Users/dionneleow/IS3107/IS3107-group11/backend/airflow/dags/update_hawker_data.py
[2025-03-24T22:03:13.851+0800] {processor.py:914} INFO - Processing file /Users/dionneleow/IS3107/IS3107-group11/backend/airflow/dags/update_hawker_data.py for tasks to queue
[2025-03-24T22:03:13.852+0800] {logging_mixin.py:190} INFO - [2025-03-24T22:03:13.852+0800] {dagbag.py:588} INFO - Filling up the DagBag from /Users/dionneleow/IS3107/IS3107-group11/backend/airflow/dags/update_hawker_data.py
[2025-03-24T22:03:13.852+0800] {processor.py:927} WARNING - No viable dags retrieved from /Users/dionneleow/IS3107/IS3107-group11/backend/airflow/dags/update_hawker_data.py
[2025-03-24T22:03:13.881+0800] {processor.py:208} INFO - Processing /Users/dionneleow/IS3107/IS3107-group11/backend/airflow/dags/update_hawker_data.py took 0.032 seconds
[2025-03-24T22:04:46.273+0800] {processor.py:186} INFO - Started process (PID=68996) to work on /Users/dionneleow/IS3107/IS3107-group11/backend/airflow/dags/update_hawker_data.py
[2025-03-24T22:04:46.273+0800] {processor.py:914} INFO - Processing file /Users/dionneleow/IS3107/IS3107-group11/backend/airflow/dags/update_hawker_data.py for tasks to queue
[2025-03-24T22:04:46.274+0800] {logging_mixin.py:190} INFO - [2025-03-24T22:04:46.274+0800] {dagbag.py:588} INFO - Filling up the DagBag from /Users/dionneleow/IS3107/IS3107-group11/backend/airflow/dags/update_hawker_data.py
[2025-03-24T22:04:46.274+0800] {processor.py:927} WARNING - No viable dags retrieved from /Users/dionneleow/IS3107/IS3107-group11/backend/airflow/dags/update_hawker_data.py
[2025-03-24T22:04:46.304+0800] {processor.py:208} INFO - Processing /Users/dionneleow/IS3107/IS3107-group11/backend/airflow/dags/update_hawker_data.py took 0.033 seconds
[2025-03-24T22:05:54.684+0800] {processor.py:186} INFO - Started process (PID=69327) to work on /Users/dionneleow/IS3107/IS3107-group11/backend/airflow/dags/update_hawker_data.py
[2025-03-24T22:05:54.685+0800] {processor.py:914} INFO - Processing file /Users/dionneleow/IS3107/IS3107-group11/backend/airflow/dags/update_hawker_data.py for tasks to queue
[2025-03-24T22:05:54.686+0800] {logging_mixin.py:190} INFO - [2025-03-24T22:05:54.686+0800] {dagbag.py:588} INFO - Filling up the DagBag from /Users/dionneleow/IS3107/IS3107-group11/backend/airflow/dags/update_hawker_data.py
[2025-03-24T22:05:54.687+0800] {processor.py:927} WARNING - No viable dags retrieved from /Users/dionneleow/IS3107/IS3107-group11/backend/airflow/dags/update_hawker_data.py
[2025-03-24T22:05:54.725+0800] {processor.py:208} INFO - Processing /Users/dionneleow/IS3107/IS3107-group11/backend/airflow/dags/update_hawker_data.py took 0.046 seconds
[2025-03-24T22:07:04.058+0800] {processor.py:186} INFO - Started process (PID=69712) to work on /Users/dionneleow/IS3107/IS3107-group11/backend/airflow/dags/update_hawker_data.py
[2025-03-24T22:07:04.059+0800] {processor.py:914} INFO - Processing file /Users/dionneleow/IS3107/IS3107-group11/backend/airflow/dags/update_hawker_data.py for tasks to queue
[2025-03-24T22:07:04.060+0800] {logging_mixin.py:190} INFO - [2025-03-24T22:07:04.060+0800] {dagbag.py:588} INFO - Filling up the DagBag from /Users/dionneleow/IS3107/IS3107-group11/backend/airflow/dags/update_hawker_data.py
[2025-03-24T22:07:04.060+0800] {processor.py:927} WARNING - No viable dags retrieved from /Users/dionneleow/IS3107/IS3107-group11/backend/airflow/dags/update_hawker_data.py
[2025-03-24T22:07:04.088+0800] {processor.py:208} INFO - Processing /Users/dionneleow/IS3107/IS3107-group11/backend/airflow/dags/update_hawker_data.py took 0.031 seconds
[2025-03-24T22:08:16.173+0800] {processor.py:186} INFO - Started process (PID=70109) to work on /Users/dionneleow/IS3107/IS3107-group11/backend/airflow/dags/update_hawker_data.py
[2025-03-24T22:08:16.174+0800] {processor.py:914} INFO - Processing file /Users/dionneleow/IS3107/IS3107-group11/backend/airflow/dags/update_hawker_data.py for tasks to queue
[2025-03-24T22:08:16.174+0800] {logging_mixin.py:190} INFO - [2025-03-24T22:08:16.174+0800] {dagbag.py:588} INFO - Filling up the DagBag from /Users/dionneleow/IS3107/IS3107-group11/backend/airflow/dags/update_hawker_data.py
[2025-03-24T22:08:16.175+0800] {processor.py:927} WARNING - No viable dags retrieved from /Users/dionneleow/IS3107/IS3107-group11/backend/airflow/dags/update_hawker_data.py
[2025-03-24T22:08:16.203+0800] {processor.py:208} INFO - Processing /Users/dionneleow/IS3107/IS3107-group11/backend/airflow/dags/update_hawker_data.py took 0.031 seconds
[2025-03-24T22:09:27.837+0800] {processor.py:186} INFO - Started process (PID=70486) to work on /Users/dionneleow/IS3107/IS3107-group11/backend/airflow/dags/update_hawker_data.py
[2025-03-24T22:09:27.838+0800] {processor.py:914} INFO - Processing file /Users/dionneleow/IS3107/IS3107-group11/backend/airflow/dags/update_hawker_data.py for tasks to queue
[2025-03-24T22:09:27.838+0800] {logging_mixin.py:190} INFO - [2025-03-24T22:09:27.838+0800] {dagbag.py:588} INFO - Filling up the DagBag from /Users/dionneleow/IS3107/IS3107-group11/backend/airflow/dags/update_hawker_data.py
[2025-03-24T22:09:27.839+0800] {processor.py:927} WARNING - No viable dags retrieved from /Users/dionneleow/IS3107/IS3107-group11/backend/airflow/dags/update_hawker_data.py
[2025-03-24T22:09:27.866+0800] {processor.py:208} INFO - Processing /Users/dionneleow/IS3107/IS3107-group11/backend/airflow/dags/update_hawker_data.py took 0.030 seconds
