[2025-03-24T21:47:02.705+0800] {processor.py:186} INFO - Started process (PID=62165) to work on /Users/dionneleow/IS3107/IS3107-group11/backend/venv/lib/python3.12/site-packages/airflow/example_dags/subdags/subdag.py
[2025-03-24T21:47:02.705+0800] {processor.py:914} INFO - Processing file /Users/dionneleow/IS3107/IS3107-group11/backend/venv/lib/python3.12/site-packages/airflow/example_dags/subdags/subdag.py for tasks to queue
[2025-03-24T21:47:02.706+0800] {logging_mixin.py:190} INFO - [2025-03-24T21:47:02.705+0800] {dagbag.py:588} INFO - Filling up the DagBag from /Users/dionneleow/IS3107/IS3107-group11/backend/venv/lib/python3.12/site-packages/airflow/example_dags/subdags/subdag.py
[2025-03-24T21:47:02.707+0800] {processor.py:927} WARNING - No viable dags retrieved from /Users/dionneleow/IS3107/IS3107-group11/backend/venv/lib/python3.12/site-packages/airflow/example_dags/subdags/subdag.py
[2025-03-24T21:47:02.740+0800] {processor.py:208} INFO - Processing /Users/dionneleow/IS3107/IS3107-group11/backend/venv/lib/python3.12/site-packages/airflow/example_dags/subdags/subdag.py took 0.037 seconds
[2025-03-24T21:48:12.156+0800] {processor.py:186} INFO - Started process (PID=62739) to work on /Users/dionneleow/IS3107/IS3107-group11/backend/venv/lib/python3.12/site-packages/airflow/example_dags/subdags/subdag.py
[2025-03-24T21:48:12.157+0800] {processor.py:914} INFO - Processing file /Users/dionneleow/IS3107/IS3107-group11/backend/venv/lib/python3.12/site-packages/airflow/example_dags/subdags/subdag.py for tasks to queue
[2025-03-24T21:48:12.158+0800] {logging_mixin.py:190} INFO - [2025-03-24T21:48:12.157+0800] {dagbag.py:588} INFO - Filling up the DagBag from /Users/dionneleow/IS3107/IS3107-group11/backend/venv/lib/python3.12/site-packages/airflow/example_dags/subdags/subdag.py
[2025-03-24T21:48:12.158+0800] {processor.py:927} WARNING - No viable dags retrieved from /Users/dionneleow/IS3107/IS3107-group11/backend/venv/lib/python3.12/site-packages/airflow/example_dags/subdags/subdag.py
[2025-03-24T21:48:12.206+0800] {processor.py:208} INFO - Processing /Users/dionneleow/IS3107/IS3107-group11/backend/venv/lib/python3.12/site-packages/airflow/example_dags/subdags/subdag.py took 0.051 seconds
[2025-03-24T21:50:04.771+0800] {processor.py:186} INFO - Started process (PID=63542) to work on /Users/dionneleow/IS3107/IS3107-group11/backend/venv/lib/python3.12/site-packages/airflow/example_dags/subdags/subdag.py
[2025-03-24T21:50:04.772+0800] {processor.py:914} INFO - Processing file /Users/dionneleow/IS3107/IS3107-group11/backend/venv/lib/python3.12/site-packages/airflow/example_dags/subdags/subdag.py for tasks to queue
[2025-03-24T21:50:04.772+0800] {logging_mixin.py:190} INFO - [2025-03-24T21:50:04.772+0800] {dagbag.py:588} INFO - Filling up the DagBag from /Users/dionneleow/IS3107/IS3107-group11/backend/venv/lib/python3.12/site-packages/airflow/example_dags/subdags/subdag.py
[2025-03-24T21:50:04.773+0800] {processor.py:927} WARNING - No viable dags retrieved from /Users/dionneleow/IS3107/IS3107-group11/backend/venv/lib/python3.12/site-packages/airflow/example_dags/subdags/subdag.py
[2025-03-24T21:50:04.806+0800] {processor.py:208} INFO - Processing /Users/dionneleow/IS3107/IS3107-group11/backend/venv/lib/python3.12/site-packages/airflow/example_dags/subdags/subdag.py took 0.037 seconds
[2025-03-24T21:51:20.618+0800] {processor.py:186} INFO - Started process (PID=64132) to work on /Users/dionneleow/IS3107/IS3107-group11/backend/venv/lib/python3.12/site-packages/airflow/example_dags/subdags/subdag.py
[2025-03-24T21:51:20.619+0800] {processor.py:914} INFO - Processing file /Users/dionneleow/IS3107/IS3107-group11/backend/venv/lib/python3.12/site-packages/airflow/example_dags/subdags/subdag.py for tasks to queue
[2025-03-24T21:51:20.620+0800] {logging_mixin.py:190} INFO - [2025-03-24T21:51:20.620+0800] {dagbag.py:588} INFO - Filling up the DagBag from /Users/dionneleow/IS3107/IS3107-group11/backend/venv/lib/python3.12/site-packages/airflow/example_dags/subdags/subdag.py
[2025-03-24T21:51:20.620+0800] {processor.py:927} WARNING - No viable dags retrieved from /Users/dionneleow/IS3107/IS3107-group11/backend/venv/lib/python3.12/site-packages/airflow/example_dags/subdags/subdag.py
[2025-03-24T21:51:20.650+0800] {processor.py:208} INFO - Processing /Users/dionneleow/IS3107/IS3107-group11/backend/venv/lib/python3.12/site-packages/airflow/example_dags/subdags/subdag.py took 0.033 seconds
[2025-03-24T21:52:30.738+0800] {processor.py:186} INFO - Started process (PID=64545) to work on /Users/dionneleow/IS3107/IS3107-group11/backend/venv/lib/python3.12/site-packages/airflow/example_dags/subdags/subdag.py
[2025-03-24T21:52:30.738+0800] {processor.py:914} INFO - Processing file /Users/dionneleow/IS3107/IS3107-group11/backend/venv/lib/python3.12/site-packages/airflow/example_dags/subdags/subdag.py for tasks to queue
[2025-03-24T21:52:30.739+0800] {logging_mixin.py:190} INFO - [2025-03-24T21:52:30.739+0800] {dagbag.py:588} INFO - Filling up the DagBag from /Users/dionneleow/IS3107/IS3107-group11/backend/venv/lib/python3.12/site-packages/airflow/example_dags/subdags/subdag.py
[2025-03-24T21:52:30.739+0800] {processor.py:927} WARNING - No viable dags retrieved from /Users/dionneleow/IS3107/IS3107-group11/backend/venv/lib/python3.12/site-packages/airflow/example_dags/subdags/subdag.py
[2025-03-24T21:52:30.772+0800] {processor.py:208} INFO - Processing /Users/dionneleow/IS3107/IS3107-group11/backend/venv/lib/python3.12/site-packages/airflow/example_dags/subdags/subdag.py took 0.035 seconds
[2025-03-24T21:53:38.009+0800] {processor.py:186} INFO - Started process (PID=64952) to work on /Users/dionneleow/IS3107/IS3107-group11/backend/venv/lib/python3.12/site-packages/airflow/example_dags/subdags/subdag.py
[2025-03-24T21:53:38.009+0800] {processor.py:914} INFO - Processing file /Users/dionneleow/IS3107/IS3107-group11/backend/venv/lib/python3.12/site-packages/airflow/example_dags/subdags/subdag.py for tasks to queue
[2025-03-24T21:53:38.010+0800] {logging_mixin.py:190} INFO - [2025-03-24T21:53:38.010+0800] {dagbag.py:588} INFO - Filling up the DagBag from /Users/dionneleow/IS3107/IS3107-group11/backend/venv/lib/python3.12/site-packages/airflow/example_dags/subdags/subdag.py
[2025-03-24T21:53:38.011+0800] {processor.py:927} WARNING - No viable dags retrieved from /Users/dionneleow/IS3107/IS3107-group11/backend/venv/lib/python3.12/site-packages/airflow/example_dags/subdags/subdag.py
[2025-03-24T21:53:38.042+0800] {processor.py:208} INFO - Processing /Users/dionneleow/IS3107/IS3107-group11/backend/venv/lib/python3.12/site-packages/airflow/example_dags/subdags/subdag.py took 0.036 seconds
[2025-03-24T21:54:45.531+0800] {processor.py:186} INFO - Started process (PID=65367) to work on /Users/dionneleow/IS3107/IS3107-group11/backend/venv/lib/python3.12/site-packages/airflow/example_dags/subdags/subdag.py
[2025-03-24T21:54:45.532+0800] {processor.py:914} INFO - Processing file /Users/dionneleow/IS3107/IS3107-group11/backend/venv/lib/python3.12/site-packages/airflow/example_dags/subdags/subdag.py for tasks to queue
[2025-03-24T21:54:45.532+0800] {logging_mixin.py:190} INFO - [2025-03-24T21:54:45.532+0800] {dagbag.py:588} INFO - Filling up the DagBag from /Users/dionneleow/IS3107/IS3107-group11/backend/venv/lib/python3.12/site-packages/airflow/example_dags/subdags/subdag.py
[2025-03-24T21:54:45.533+0800] {processor.py:927} WARNING - No viable dags retrieved from /Users/dionneleow/IS3107/IS3107-group11/backend/venv/lib/python3.12/site-packages/airflow/example_dags/subdags/subdag.py
[2025-03-24T21:54:45.563+0800] {processor.py:208} INFO - Processing /Users/dionneleow/IS3107/IS3107-group11/backend/venv/lib/python3.12/site-packages/airflow/example_dags/subdags/subdag.py took 0.033 seconds
[2025-03-24T21:55:55.421+0800] {processor.py:186} INFO - Started process (PID=65822) to work on /Users/dionneleow/IS3107/IS3107-group11/backend/venv/lib/python3.12/site-packages/airflow/example_dags/subdags/subdag.py
[2025-03-24T21:55:55.421+0800] {processor.py:914} INFO - Processing file /Users/dionneleow/IS3107/IS3107-group11/backend/venv/lib/python3.12/site-packages/airflow/example_dags/subdags/subdag.py for tasks to queue
[2025-03-24T21:55:55.422+0800] {logging_mixin.py:190} INFO - [2025-03-24T21:55:55.422+0800] {dagbag.py:588} INFO - Filling up the DagBag from /Users/dionneleow/IS3107/IS3107-group11/backend/venv/lib/python3.12/site-packages/airflow/example_dags/subdags/subdag.py
[2025-03-24T21:55:55.423+0800] {processor.py:927} WARNING - No viable dags retrieved from /Users/dionneleow/IS3107/IS3107-group11/backend/venv/lib/python3.12/site-packages/airflow/example_dags/subdags/subdag.py
[2025-03-24T21:55:55.452+0800] {processor.py:208} INFO - Processing /Users/dionneleow/IS3107/IS3107-group11/backend/venv/lib/python3.12/site-packages/airflow/example_dags/subdags/subdag.py took 0.032 seconds
[2025-03-24T21:57:05.240+0800] {processor.py:186} INFO - Started process (PID=66247) to work on /Users/dionneleow/IS3107/IS3107-group11/backend/venv/lib/python3.12/site-packages/airflow/example_dags/subdags/subdag.py
[2025-03-24T21:57:05.241+0800] {processor.py:914} INFO - Processing file /Users/dionneleow/IS3107/IS3107-group11/backend/venv/lib/python3.12/site-packages/airflow/example_dags/subdags/subdag.py for tasks to queue
[2025-03-24T21:57:05.241+0800] {logging_mixin.py:190} INFO - [2025-03-24T21:57:05.241+0800] {dagbag.py:588} INFO - Filling up the DagBag from /Users/dionneleow/IS3107/IS3107-group11/backend/venv/lib/python3.12/site-packages/airflow/example_dags/subdags/subdag.py
[2025-03-24T21:57:05.242+0800] {processor.py:927} WARNING - No viable dags retrieved from /Users/dionneleow/IS3107/IS3107-group11/backend/venv/lib/python3.12/site-packages/airflow/example_dags/subdags/subdag.py
[2025-03-24T21:57:05.271+0800] {processor.py:208} INFO - Processing /Users/dionneleow/IS3107/IS3107-group11/backend/venv/lib/python3.12/site-packages/airflow/example_dags/subdags/subdag.py took 0.032 seconds
